Durchlauf 1 von 510, nutze Token T42qodXoUIf4pfEws7qOjhNhb5Ebe1i7xEWxagrm. Statuscode 200
Durchlauf 2 von 510, nutze Token Sht4ukr89P5jsYj4D8Fi6Hh2aE0PEoxmVHZ8xCz0. Statuscode 200
Durchlauf 3 von 510, nutze Token hsA0ihxR9FCaDBL42vYxf8dfktgVpDLZJeYENrLb. Statuscode 200
Durchlauf 4 von 510, nutze Token 2wdFRd8RBIqV5u4ZRm1j37izMKd8hDkusiB8deLI. Statuscode 200
Durchlauf 5 von 510, nutze Token kjhpErmNGabNm9h0oLnuF9SmMkBeDvszBMFJleEd. Statuscode 200
Durchlauf 6 von 510, nutze Token KX5b9rj3Su76seyWzstPeo8q4RSjfwO8zxnoihWW. Statuscode 200
Durchlauf 7 von 510, nutze Token FjtnpoU8g3KH6LQycW08DtiicoPk5KzIrTqHGETI. Statuscode 200
Durchlauf 8 von 510, nutze Token yHmYexHjMJxofE2Q3UIqdhjkP78FilRodfgLGEH3. Statuscode 200
Durchlauf 9 von 510, nutze Token AL42pqhWzTA1f8ydEbE3Ft8cP79Ji31BF0Jg7oLh. Statuscode 200
Durchlauf 10 von 510, nutze Token PqXUZ86Z24dvqyUtAC3WuoiEL9LMwibD7puVxOxE. Statuscode 200
Durchlauf 11 von 510, nutze Token kOe9rDBizm1KNRLhb29KYY1vhw7Md2P4xPqoFUC1. Statuscode 200
Durchlauf 12 von 510, nutze Token jl8beF3PSoh13vpmxhIVIaF32R59kr79sIR4OHTm. Statuscode 200
Durchlauf 13 von 510, nutze Token VkICjDXLfF2W4GbB2LtkH4gck9m0sl9PxTxeTfG7. Statuscode 200
Durchlauf 14 von 510, nutze Token TNObLBC0dg4a0LX39CcVx9MIISG4bglbs3RiWFr1. Statuscode 200
Durchlauf 15 von 510, nutze Token bWHtUTuBMRQx4wIqVZz6nEEzGjkOtJwgJsY1Bhy5. Statuscode 200
Durchlauf 16 von 510, nutze Token DKvW63LuiMoezRFcUrOou272Y8VzuXIThSvkH5vF. Statuscode 200
Durchlauf 17 von 510, nutze Token ubnX18mY831cUMkhy1eUFFif0JRckFWqDNmGwwzp. Statuscode 200
Durchlauf 18 von 510, nutze Token zlSeYmEN0fCBCbVoujgcxJ4PXEytHW2fTD2Zxa2O. Statuscode 200
Durchlauf 19 von 510, nutze Token 1lGlAkr9aA9IZsLqbk5R0bDlwKQ9Sua4TsEDdNQ7. Statuscode 200
Durchlauf 20 von 510, nutze Token TSKCtjtPxLRVlMaWu0LC769bPJYE1dWE6NNz1WhR. Statuscode 200
Durchlauf 21 von 510, nutze Token mrmqDNFchM3w0nKGceP7X3CsKnVIWP6p8CSRFibh. Statuscode 200
Durchlauf 22 von 510, nutze Token z7eRH4M7NwnXf2JKPFoUCzxjIhNRFHX1DjG6okJu. Statuscode 200
Durchlauf 23 von 510, nutze Token dyRFcvHslkLqoEFQGyCMVXkTuqUvWexVCFYNGekd. Statuscode 200
Durchlauf 24 von 510, nutze Token Ezh0qIEYz8fmRbRSlPWV9tTOznhPDCgVQsG9e9pF. Statuscode 200
Durchlauf 25 von 510, nutze Token XhLJHB4q5TIUS3Bf10P3KEuSClulKMufxmyv4PMO. Statuscode 200
Durchlauf 26 von 510, nutze Token Hj49QD4rX4NDN8PYEetpmlsC6qJbBVGm0Hh97vGb. Statuscode 200
Durchlauf 27 von 510, nutze Token kzmvuxhC3lV6082AeCvJiYNo4AxFVXFBTl9S0y7q. Statuscode 200
Durchlauf 28 von 510, nutze Token PPtpWrWsvniIY0C0HRIG590ixwFUqavhc35qyqw7. Statuscode 200
Durchlauf 29 von 510, nutze Token C8rpLrNdF7HHfXQ4LvMmt1BKLaGOwRem1M0mLytE. Statuscode 200
Durchlauf 30 von 510, nutze Token Y7leiuf4m76O6gPlZ45sepyLmG6Mr4EpKrW1Qaar. Statuscode 200
Durchlauf 31 von 510, nutze Token v2mbbkVPQKGmhvwQPvQJgEYfXPWG9u0ACln30h6q. Statuscode 200
Durchlauf 32 von 510, nutze Token wtBQXxBrBGxltjXiw5se2ebpAEUEo5YJXMLnGqX6. Statuscode 200
Durchlauf 33 von 510, nutze Token dMiPsGknCtazma8rfoASAAcVubrLqzhPtyPfBEIb. Statuscode 200
Durchlauf 34 von 510, nutze Token T1FHwsMy4DJIzyN9S14FtuNXpmkFIOIB6dZycX3O. Statuscode 200
Durchlauf 35 von 510, nutze Token 7Q82TFlKEfNoA2Ram2tZTwk9VfnWueZ8HWzUlUlx. Statuscode 200
Durchlauf 36 von 510, nutze Token qIvEtd3UdB2kX6Z9d0mGkjfScpo83VSCXuLBDzg2. Statuscode 200
Durchlauf 37 von 510, nutze Token 8lswMQDRA47gFrwb3TjKkyhE3zGfgT1WEslAuSy4. Statuscode 200
Durchlauf 38 von 510, nutze Token rgug9WooHiQcYKlLNC4ZxH5x8OqDDzhNBvHRfjHK. Statuscode 200
Durchlauf 39 von 510, nutze Token mSTB0DVbQy7K4ZgxcBkwdkifSXpUwWPAnuw2Jy8X. Statuscode 200
Durchlauf 40 von 510, nutze Token rZruvuK0biNRyuOHfep05KK7RaUcpERfJQBpULYa. Statuscode 200
Durchlauf 41 von 510, nutze Token 45omYpiKKf9841oU83iv2XEmS13P4W1CnkI1pc3B. Statuscode 200
Durchlauf 42 von 510, nutze Token JpoWV1ftcVhOhA7jP5Ordy12BnYeiNti5Ol6whDV. Statuscode 200
Durchlauf 43 von 510, nutze Token GKct6bdVkblRU7xejO72oP9GRdi02f4VVPN5nBZw. Statuscode 200
Durchlauf 44 von 510, nutze Token u06hIzzccrETZKSaFHypIRvIRTIN6yAFYg2NTUco. Statuscode 200
Durchlauf 45 von 510, nutze Token oZgrVwq6L4OXGppLerE97PZdhJMhCtlOATl8v399. Statuscode 200
Durchlauf 46 von 510, nutze Token mP5sWsOgjnfzEOQ5xRfgcPtoCijeTCO8wxzkiTah. Statuscode 200
Durchlauf 47 von 510, nutze Token 141HIF49vwueuH2Xq8IyigWM4ewtTpZwVFIK61OH. Statuscode 200
Durchlauf 48 von 510, nutze Token nWmMVPeUb7FySaZSA01a24q42JvTLWV12FoDoHGA. Statuscode 200
Durchlauf 49 von 510, nutze Token rkvj78mXMIEaqXHraAVKCNPgqSnTwfPMfCwle0Ec. Statuscode 200
Durchlauf 50 von 510, nutze Token fhjrKOqKKKC8Z9RlCbD0UOfSg54qKnrwUpsu2yYX. Statuscode 200
Durchlauf 51 von 510, nutze Token L4bAbZYZFVJ1cBXnwWQi44NKlah2M6KCuETJT087. Statuscode 200
Durchlauf 52 von 510, nutze Token yOMla49WkRvVzJeEqDXhIAifDQNybDf1AQ6RBGOs. Statuscode 200
Durchlauf 53 von 510, nutze Token K4eIknCxYEVxzSSEEZV83U8iExlr60U0WIon2Xdt. Statuscode 200
Durchlauf 54 von 510, nutze Token jzskCgm6iAthOfdduD5qOEptH5WlxsfPFMlOu2Er. Statuscode 200
Durchlauf 55 von 510, nutze Token 7kNT30QBsDz1U7uxdd8xODOU78XE9b0yTfYWDOrZ. Statuscode 200
Durchlauf 56 von 510, nutze Token 6jrRyHi1WevpfVxVYyCybr7DbCIaUFyfgOo2Wog4. Statuscode 200
Durchlauf 57 von 510, nutze Token 5l2aazot3i3bJiSWyxOHAvT9mD2NsGgIpMpYDva7. Statuscode 200
Durchlauf 58 von 510, nutze Token Nnmnp0xOhmZMpKGHCtAy6QxtfvPqHinrvI1Xbxmm. Statuscode 200
Durchlauf 59 von 510, nutze Token ZhpQHZ5J1RcKEEDf0HNqnsNuMKFXIDnzLDoibdFT. Statuscode 200
Durchlauf 60 von 510, nutze Token mBOTNUCHpYwXPpZ8OwTnb0Rn5rDN4gndxO1ZCF4m. Statuscode 200
Durchlauf 61 von 510, nutze Token XQLgNcacaegImg6bAadNXG8I6d3HHeRnoOdJSRCW. Statuscode 200
Durchlauf 62 von 510, nutze Token 68oAxeQ7kV5YkavHYnTfs7MgOUhxccTtbgjgFyri. Statuscode 200
Durchlauf 63 von 510, nutze Token DaAyrlDTAga4UyAK3IZ3PFrXySzzvkRowEnOFiBY. Statuscode 200
Durchlauf 64 von 510, nutze Token fQ4S0hRcMISFx5rLAkxH6J007x7JzyUWkPNd9BBQ. Statuscode 200
Durchlauf 65 von 510, nutze Token WPaCav3WYMa71DhUrUC9qG2yjafuQh8kF62di6jE. Statuscode 200
Durchlauf 66 von 510, nutze Token XIioWPJx0Bm7xZl1McOuSYl2TYrlhQhz7iQWI6Ha. Statuscode 200
Durchlauf 67 von 510, nutze Token p6R4qPuhgWaEsXZP6hgOZvuDxt1UEOdfCJOR24WA. Statuscode 200
Durchlauf 68 von 510, nutze Token KLzC1vCFIdxxeW68U3DuH8rIvhaxggSU0H2BfBnw. Statuscode 200
Durchlauf 69 von 510, nutze Token woncnJnHfdrwvqHYwNo8tb6alLqmZU0YSYwPDfdM. Statuscode 200
Durchlauf 70 von 510, nutze Token 7rY6UKSiqVYiaHK3bIDGqSTYF0x9EJXUxYqQjjrX. Statuscode 200
Durchlauf 71 von 510, nutze Token eRU058iSfFF7Cji74CQ65Unmzmn3bcGsVayrDHTl. Statuscode 200
Durchlauf 72 von 510, nutze Token 1wYVnfhQDQBYFMaePo32qIpTbdLAurYBkv2CdSAZ. Statuscode 200
Durchlauf 73 von 510, nutze Token Gla0IwZNi7ahzzrd6dEq7CtUajiBAiDZDFA84v2R. Statuscode 200
Durchlauf 74 von 510, nutze Token vuTz8fRHrbnaMAHpoaLQndB46GEEBsONW0kHYWEE. Statuscode 200
Durchlauf 75 von 510, nutze Token RH8crAGj6Ru0AIJ2YWQvq5rXSKdzj6EuKohbOxUu. Statuscode 200
Durchlauf 76 von 510, nutze Token pie0KQtpPnWo3YZQ8listmFG7RWBjhj0gwRrfUvY. Statuscode 200
Durchlauf 77 von 510, nutze Token OIFablMF41K3di6eCTG9sMU3mBs5l7vB8Bu7zXug. Statuscode 200
Durchlauf 78 von 510, nutze Token jfvyTeUWmZYJbwEFs6XHenidB5KKeSbFkgOOAyGT. Statuscode 200
Durchlauf 79 von 510, nutze Token 4HBFa8PnLIFUKQgkYhOuH5iWW6czo3St1BeQ9TaP. Statuscode 200
Durchlauf 80 von 510, nutze Token jStfoQc1ULY4yYVUdPdddXHRSaa3VN0tMy8i2pO3. Statuscode 200
Durchlauf 81 von 510, nutze Token OIr8OuZ23D8nZtO0EHSHJYBM5xDhxS0BIw4FWch5. Statuscode 200
Durchlauf 82 von 510, nutze Token kfmCSlNanrj2zCFJJIs3Vg76FCiLmpSxOKeFSAqG. Statuscode 200
Durchlauf 83 von 510, nutze Token L2osKmODwuuOoPcAZiEYlYVdL8EINo5JqEU4PmwH. Statuscode 200
Durchlauf 84 von 510, nutze Token XosXiACEu5nzwLCIkV2N3ewOxmr1Ucpp2rCot2Nz. Statuscode 200
Durchlauf 85 von 510, nutze Token fjILGaTsYZd8PgVaUysVeLXhmCL7d49jh34uUFab. Statuscode 200
Durchlauf 86 von 510, nutze Token J1fZJ63zWswre5C65ceG3bIu16XY1SvtMzCj91pD. Statuscode 200
Durchlauf 87 von 510, nutze Token 0equHFEXv5DWckk8K7l8Mkx5GROmr7U98GazXGRP. Statuscode 200
Durchlauf 88 von 510, nutze Token 2ShqtM9KUEaTOVvXISOp7tuufK2WZe7K3owZ46Qh. Statuscode 200
Durchlauf 89 von 510, nutze Token jeRKnvJrwcrrNQOXdkY0ySFBb2pPypnxREz9fRwb. Statuscode 200
Durchlauf 90 von 510, nutze Token 1CWLXORDqes1noLc2diToeblrFQzJDS3yqmCAhCE. Statuscode 200
Durchlauf 91 von 510, nutze Token 7tZx4F3Z99slHE3m1xLzH2dey5QuWddjNml2Exb1. Statuscode 200
Durchlauf 92 von 510, nutze Token ytRZQf4OPIlJqhjw5V4fVmsAx4g1yrhAJE7Qhw05. Statuscode 200
Durchlauf 93 von 510, nutze Token I3Yz7MG7GtLPnMcrKXsU7mflS5KhZ7f1NItdfM7f. Statuscode 200
Durchlauf 94 von 510, nutze Token 2tH4qZOJfuE6Jto6HF1HdYa1BEo8ptH3hCRSdnfR. Statuscode 200
Durchlauf 95 von 510, nutze Token jfkVcZmnf59zWCMJ9JdCC88FehuxcCyp01HCUExZ. Statuscode 200
Durchlauf 96 von 510, nutze Token LG38VK3b1qQdvLDMGkoSXJ0lRKokKSZCAh6cNAn3. Statuscode 200
Durchlauf 97 von 510, nutze Token fW3vp6LRTzuUUNnTuMkeKpE8tK0CKTzuffIMAxWe. Statuscode 200
Durchlauf 98 von 510, nutze Token js6tZbEOTz2XKEygvTIvJwHps3EePEnTFdXf6QEV. Statuscode 200
Durchlauf 99 von 510, nutze Token d8Sr8fA1qYhvSjTDA0wOgEssTi1ChiFQwSurxYof. Statuscode 200
Durchlauf 100 von 510, nutze Token hgZLXUEXOXbL86fFC0UMPeWyTkL9hcNHU1a2UDAx. Statuscode 200
Durchlauf 101 von 510, nutze Token jNV1GoqrAErwjuAQMcmQDd6WHd70dTccFouAhfvB. Statuscode 200
Durchlauf 102 von 510, nutze Token tX5hitnso5Mym8r99i0TpNODJIi6U1lSxaPLKILO. Statuscode 200
Durchlauf 103 von 510, nutze Token KOR7DN4fZBzOD0hBXyndP58zTXJhmBiYN9f6nSU8. Statuscode 200
Durchlauf 104 von 510, nutze Token A9NDIQRZCumT6zQayVPpZlE7wUVr70AB0lhmx517. Statuscode 200
Durchlauf 105 von 510, nutze Token eaqGZVfFOaYKvfdKb11e3rvKkSHf69OoXOG6yUku. Statuscode 200
Durchlauf 106 von 510, nutze Token 7WX4HLrJ3jzBG6kTfii56fXX6rd9yGVG4VabynpO. Statuscode 200
Durchlauf 107 von 510, nutze Token 8QwefCO8g3MXQBhzcfNIcypRS0B2e0FgXHdmCZhV. Statuscode 200
Durchlauf 108 von 510, nutze Token 0M7qAwbomvQ7HeaUnbK5lLIEaMxWNnM1fHcWcDp8. Statuscode 200
Durchlauf 109 von 510, nutze Token G3jntyWSsTb3NrCyYo4Ikb0swVvJX1ePf8nbdSLP. Statuscode 200
Durchlauf 110 von 510, nutze Token 9QN5MYD4E9tfXgMMCpZdTyyaLj4YJAJd7HTRl26X. Statuscode 200
Durchlauf 111 von 510, nutze Token ohyd5te6r1f2pXQK1NHpFJy0QOfEOYRIuzqDuXJE. Statuscode 200
Durchlauf 112 von 510, nutze Token Uyzck21FFaYVQxYNnC74dNIWxSqzwICdGK16JI5w. Statuscode 200
Durchlauf 113 von 510, nutze Token gfo60bC4ae4Ur1GQh3jqRBcoUXznBGoVRhYmGCpr. Statuscode 200
Durchlauf 114 von 510, nutze Token BqaK91ZlCDtGSvisLfZiNqi0dHpQVKqKifEKl2b8. Statuscode 200
Durchlauf 115 von 510, nutze Token wY7OuF3Ku63oJCv0WN8AlupBAKU6ZpW72Whn0bra. Statuscode 200
Durchlauf 116 von 510, nutze Token j2PUjL73NlluIRfVSBDV9M3anrVNUvu4vOXjdOo1. Statuscode 200
Durchlauf 117 von 510, nutze Token wlzz2bRVVe6RdVSZGy6tj7NbF6sbsVXvnUBKlzBm. Statuscode 200
Durchlauf 118 von 510, nutze Token IK8YsF2rFxPV2vvXrEZS6gpMGMuCyBrotGm1d7r5. Statuscode 200
Durchlauf 119 von 510, nutze Token ZKiS5JKGyEZMuGYl1kU0RjmeslCd8ohU0ZNldxkV. Statuscode 200
Durchlauf 120 von 510, nutze Token dwDwzh3j1fswj380SPZl97sSFseJ5ek4j53eicLP. Statuscode 200
Durchlauf 121 von 510, nutze Token Hp0C9Vx14n22DAiPuZxPwdfWcoS9ybqXBUzVKOK4. Statuscode 200
Durchlauf 122 von 510, nutze Token Y0WzcqowelNmLpw2n8OSvUIYKg1eXdped5mcOzih. Statuscode 200
Durchlauf 123 von 510, nutze Token V47nhDOUGUkokVX2thVXGpg8H6Q4mpy0SCRzSxW0. Statuscode 200
Durchlauf 124 von 510, nutze Token Q15fpFTCtT2Zo1fQKPKpYeiGhjbLl4IBmEOtxY1j. Statuscode 200
Durchlauf 125 von 510, nutze Token VcTsOWL3BVG3BxrxK7pvGW7AGPWG4qXKJzH9HKnC. Statuscode 200
Durchlauf 126 von 510, nutze Token 2B1MfB1RSnLzSWhkhNoijJdvmyajTs7NQWSCEbnL. Statuscode 200
Durchlauf 127 von 510, nutze Token gkMXKjY2UOPYrvPhlBnOQbZ9OqStnDJ7QLQgjP0E. Statuscode 200
Durchlauf 128 von 510, nutze Token tRpWiA8O1l5VRZqnfUYHHUg9ho2Ge3PAbLTpD4U5. Statuscode 200
Durchlauf 129 von 510, nutze Token rqs0Eem4DpqkO6egtpwedPiOIwrK6Tg9ap97IsZe. Statuscode 200
Durchlauf 130 von 510, nutze Token scTiY1zJ8L3jPfq9oFLSwq2E69oRU2HiC7A5vuhY. Statuscode 200
Durchlauf 131 von 510, nutze Token 8ntFHrRiyXPETPX87XPGVy5Q3nhNzlIHQh9RPogT. Statuscode 200
Durchlauf 132 von 510, nutze Token 0pbZ9iA1F0SSRYLd5V06APKr70iPnGUZ1ZLupTbW. Statuscode 200
Durchlauf 133 von 510, nutze Token YudrLy389r1rvhrfvVKaPOURGZcufcSNWbnlZ9Vc. Statuscode 200
Durchlauf 134 von 510, nutze Token Mg2KN87TvcwlDyrGJfuErxIcEXBZbrwVQKQ5K4eb. Statuscode 200
Durchlauf 135 von 510, nutze Token O89MXG03RfaxZcZ3AdwVAqqDvNmjExbgAB59LrJE. Statuscode 200
Durchlauf 136 von 510, nutze Token t9p7IolQkcO1N6fM8kPkjM60Dap9JSepNC2iMwxL. Statuscode 200
Durchlauf 137 von 510, nutze Token B4h3a7FyOCo4YTysYn9knNwpK6RIseMptxisfY05. Statuscode 200
Durchlauf 138 von 510, nutze Token Bh130ZWqlfbTI0ZGHZsUehxSqb9kDfyBDs5CvzRq. Statuscode 200
Durchlauf 139 von 510, nutze Token dSuvYZ4fafIcInqq9I6EVqvf2dYJ5yBqltMA52PD. Statuscode 200
Durchlauf 140 von 510, nutze Token BgytVmQbPXBRJsPiTVUIYJjXD5DdQeygo1H8qMBV. Statuscode 200
Durchlauf 141 von 510, nutze Token dSRFVQceIdObxTMDKDm8hCjdeQckdbKVZS4apWcT. Statuscode 200
Durchlauf 142 von 510, nutze Token NAudxN183muunEV5mtAWs62Ac0AzBUBHxVSfak1g. Statuscode 200
Durchlauf 143 von 510, nutze Token Pg9RgxBN8jr5VAT8zmQA0iEzylMIix4bnsBMc4Np. Statuscode 200
Durchlauf 144 von 510, nutze Token AgUZq98UiYOD2uYFD6wKs0LfZBc8EP1IhHLMT43j. Statuscode 200
Durchlauf 145 von 510, nutze Token kYZBfZSoKM8OjPfpjNWtq6DfjW78vXRK7YWXwFhC. Statuscode 200
Durchlauf 146 von 510, nutze Token ClYN91BqStP9zcSXGMtNyJDpGo9t1gSD1vv7dk0z. Statuscode 200
Durchlauf 147 von 510, nutze Token yhgAlQX1cPHfrACHxuKBoXngAfifBCbIMdXuIU5j. Statuscode 200
Durchlauf 148 von 510, nutze Token Il3OFKa8YaowYU84TNqrvIRJJwLNZodKnMN8S6yZ. Statuscode 200
Durchlauf 149 von 510, nutze Token OkOML3smAPDGU2K9aaRpAZwm83xHMHjgVC3Iudos. Statuscode 200
Durchlauf 150 von 510, nutze Token rGEKuJU7CZuoSrZlvKe0n1SRGkvuxGbIFMbop7t0. Statuscode 200
Durchlauf 151 von 510, nutze Token 07okD77qIMrH1r165t9FzLSYJTSLM5vbNhutQ9lp. Statuscode 200
Durchlauf 152 von 510, nutze Token ti4kw0GNPxOffFdeP4VHAKmT0HEA1f5rauFwWU0v. Statuscode 200
Durchlauf 153 von 510, nutze Token wX0xLfW7ZZ4WtTTpHeuObPRpXc1Ykc0HjYQ8ArGZ. Statuscode 200
Durchlauf 154 von 510, nutze Token FQnLTMPf3TQOYYJFIv2DF2wz776g8cKDKX9Fv2n8. Statuscode 200
Durchlauf 155 von 510, nutze Token ewWjmmaiMjG7SUjHrdRQERdM47sIiYoCkzkjuTEK. Statuscode 200
Durchlauf 156 von 510, nutze Token pW8IVJvjkzurrRceOk4yikbVCWDV98JKXZdgICf7. Statuscode 200
Durchlauf 157 von 510, nutze Token XU3w6TeU85zDOFOy4VXL6XRxBf9HJxUke9fEYsrb. Statuscode 200
Durchlauf 158 von 510, nutze Token SJK4hDzWpVcusNehe1VlUTCd9369Wb1AoQgwXZQA. Statuscode 200
Durchlauf 159 von 510, nutze Token TVFFuG6y1ofeBHoAUI2O4AISbKBzFNSKoRKE5dh8. Statuscode 200
Durchlauf 160 von 510, nutze Token VNJzVl7xNxn1P4uKK6FGqCgdZpTjjY7TgdZimG8i. Statuscode 200
Durchlauf 161 von 510, nutze Token PVcFFyI4GmdfFhGPrnlbsuNG0vD3ahuZ7dEK7XKa. Statuscode 200
Durchlauf 162 von 510, nutze Token 3Yr5INsj8TjAKF5ZTMK4oL31oCY1QBjbg9TOl4J0. Statuscode 200
Durchlauf 163 von 510, nutze Token fMKPpMjWgoWDe7GQdYolMRGgB0Ues1ZZAC3yZJSN. Statuscode 200
Durchlauf 164 von 510, nutze Token UewJmB2mpmVHWU1OAVjFvzZWcCdtZeNChoaJhEk0. Statuscode 200
Durchlauf 165 von 510, nutze Token Y8iOi4k6BnynEYz6y1gAWptjTCKY9oXF01cZGbN3. Statuscode 200
Durchlauf 166 von 510, nutze Token BKZQ2MD33my7Q1Ljxc2CaVbPr9YaNjNgIzzby2Sx. Statuscode 200
Durchlauf 167 von 510, nutze Token Vz8jT5WoHkqeyXhfqCk1KzqcXynzUoOBPrTHr2YZ. Statuscode 200
Durchlauf 168 von 510, nutze Token ihm2CHjxL1C9v3UQceTs3YBWOSn4zanVTqpHqBr0. Statuscode 200
Durchlauf 169 von 510, nutze Token kinDEsTZCtAqUVTXRq81Llf5635Qsl28l8Ez00K5. Statuscode 200
Durchlauf 170 von 510, nutze Token Z5O6F2bUp6mbueuizvm68g8ZP7vZYfTOewzM0nea. Statuscode 200
Durchlauf 171 von 510, nutze Token Mp0NgVVMUQCPJf8b34qYju3HB0rbtyulpT0lcIVH. Statuscode 200
Durchlauf 172 von 510, nutze Token HkPnW44wBrv6eYOJqDDgDKV2ohTDxKDUtUqW6Mpm. Statuscode 200
Durchlauf 173 von 510, nutze Token X29JqwRXXo7CYF3UhwmJrh8lbyAmetRqJnSvaAdq. Statuscode 200
Durchlauf 174 von 510, nutze Token TEqWs5rata3hy5GE00tHnVTYSM2lNmsu4rtmXAFy. Statuscode 200
Durchlauf 175 von 510, nutze Token zkdENY7RZaApCqYe1uH58TDW6PgPDKdPNGKIn86x. Statuscode 200
Durchlauf 176 von 510, nutze Token 09PUzc9P59zrqnTHKQlHf7mK2npw7DFHevdot4RR. Statuscode 200
Durchlauf 177 von 510, nutze Token WePexi3Mi26aLJbp8hxDvpLE6tb6PFbnYNkjLr1P. Statuscode 200
Durchlauf 178 von 510, nutze Token dEBo0hjr4hEpkNwWrB6h7UFXcCcv87UAUlvY0ODo. Statuscode 200
Durchlauf 179 von 510, nutze Token SUwht7EGJsWYcW8NcVRgHBVJt7ulIW6ZQKC4rbDQ. Statuscode 200
Durchlauf 180 von 510, nutze Token AEiHrjSKqT8BmB3AgnLCKODfqZxfUPPtMhGzjlpd. Statuscode 200
Durchlauf 181 von 510, nutze Token DAOyXzhPMfeLEyV8Zi8Trk3mGX2DPoUs5m8QZz2h. Statuscode 200
Durchlauf 182 von 510, nutze Token lP8QNPOyVzDzW7Gz3vH3DqrbB7aXhfDxymQYfpJK. Statuscode 200
Durchlauf 183 von 510, nutze Token fi8FCyRx6ywRmZzxMZr5SZnw9UAtIZnDY5bkJyHF. Statuscode 200
Durchlauf 184 von 510, nutze Token Zfh3oX2rH0bQmo5xmgIllU0sNOzMMiO7OY0m6u11. Statuscode 200
Durchlauf 185 von 510, nutze Token drKgGbgHOTWmHg0KWNDF9WAsh1eUIkFP9JWOALjM. Statuscode 200
Durchlauf 186 von 510, nutze Token M2KFt1l0a4Ait8WlCLWUYKlOx1slIJkXXryDRB0o. Statuscode 200
Durchlauf 187 von 510, nutze Token AUddUGhkJZCGYQOV7BQnL3UI99qa22BMSy5PyVyn. Statuscode 200
Durchlauf 188 von 510, nutze Token PsgMmnKTwMvpDQ9Z9CLDrE6L2TWTHGA9NJVk9DYa. Statuscode 200
Durchlauf 189 von 510, nutze Token zbk5vF70usSqxZqenDUDDUreW6D5666gUfMhpdnh. Statuscode 200
Durchlauf 190 von 510, nutze Token MS0Fo9t0ISlerzj3IX5W41NvEYZ9h4ttuIsQcGKd. Statuscode 200
Durchlauf 191 von 510, nutze Token 2mU2SS4HbY6LEMHJYEc5YGulNOOlGbq7dPDopFRC. Statuscode 200
Durchlauf 192 von 510, nutze Token QhNv56JJfnjV5wS65EW5zdAq8K33u6MBvCkjbRHh. Statuscode 200
Durchlauf 193 von 510, nutze Token Dn2wdJT3oL7z4l7YRUNnolzgb7WKc6pBqHRSukr2. Statuscode 200
Durchlauf 194 von 510, nutze Token difMqztHlMm0a2tv9hlJ9sVBUv0y99XYJnMz24gn. Statuscode 200
Durchlauf 195 von 510, nutze Token VC8ap6aE4EBszJncclnRSOW85GQagJLRffp0ocRU. Statuscode 200
Durchlauf 196 von 510, nutze Token wQo7D99SkyJzcEC8p5Ps3nsloLTCnZJRx2YniaNG. Statuscode 200
Durchlauf 197 von 510, nutze Token oXi9zuCYzTzMbhD0X8iBqoiGSXn7C9Q3Q6JAgrBS. Statuscode 200
Durchlauf 198 von 510, nutze Token NgzpKAhVxcve3tp1Xqskgb0CPZQhGgvb19QRlCVj. Statuscode 200
Durchlauf 199 von 510, nutze Token UdMCjIYimoe6U8sMtiSGLTUTlMtQ0zzemqS0ouZx. Statuscode 200
Durchlauf 200 von 510, nutze Token Wc5z2DteFHJmQSSd5mS4AXd3yLjMBaXjg6PMxPks. Statuscode 200
Durchlauf 201 von 510, nutze Token aWS4xEXllhXEASzR6nc9uAECgPkWI6XOduFwsd4L. Statuscode 200
Durchlauf 202 von 510, nutze Token Xp4H4KPjNjnGSL1wT0ycJgRLF1EZSajRxOTgOJNb. Statuscode 200
Durchlauf 203 von 510, nutze Token zSE6TN7kC4VGr17Iz53EnABGeuCD9u4F5UZyLK3j. Statuscode 200
Durchlauf 204 von 510, nutze Token JXd3UZrjF16EvwI09ye9VYe4OHGx4lFGvwkdV70n. Statuscode 200
Durchlauf 205 von 510, nutze Token XxP9EB5MlhSQgHf8kj5B4LOOAf3x6aj4hkEhUwUu. Statuscode 200
Durchlauf 206 von 510, nutze Token aypa9Vg9KAWSquheZFORS4KXXlvlXSZNnUXWVxYy. Statuscode 200
Durchlauf 207 von 510, nutze Token NQKwOMEQCRAWHIClDYun2NbGFGWDoEoq0gw9M2d8. Statuscode 200
Durchlauf 208 von 510, nutze Token hn0bmx1JWAF4tddwLnVCcEBw9Z3LxPn9Q6GKQjbK. Statuscode 200
Durchlauf 209 von 510, nutze Token 0FWFUc8Nnywcfj9e2h9NdBCzxPdqoI9XtLnQHVqT. Statuscode 200
Durchlauf 210 von 510, nutze Token p2box9PaDMNNkDkX1444fOFFwcVszNiQhPbz1CCr. Statuscode 200
Durchlauf 211 von 510, nutze Token W7lIxYqe1rQE65qlMsWd4IKyJhr0e0SyK5JvJGmP. Statuscode 200
Durchlauf 212 von 510, nutze Token GeT2jZ9iWdcSXMAO7qPGzCj9NaWSI720K7ViW7Jq. Statuscode 200
Durchlauf 213 von 510, nutze Token cRIr8U3u0q0urHVzW1qQcziqfUJVUiWN5Q5RVBB4. Statuscode 200
Durchlauf 214 von 510, nutze Token hFfUiDM9TT9jXCIDck8K3tLQbwQVLPoyy8jKJyUk. Statuscode 200
Durchlauf 215 von 510, nutze Token WRFv7OXzqheCQLrgtDVHfNNSggjQqdAxBHCACz8J. Statuscode 200
Durchlauf 216 von 510, nutze Token hkXrbXAGBFVuzhCTMINKiNRkhv2TJnOeiyGpoBuW. Statuscode 200
Durchlauf 217 von 510, nutze Token lsdWD0TzV2T8dhJErNjDyXY6mjOKnyJIJ0EPwUl9. Statuscode 200
Durchlauf 218 von 510, nutze Token pONIhJkdAZUYDPM3fmkp7QchVtstckIecZX42nDL. Statuscode 200
Durchlauf 219 von 510, nutze Token eEmIej2XxrHcjLvJcIpE0IiYMrNZNKpTHjhPNlwT. Statuscode 200
Durchlauf 220 von 510, nutze Token zRpVIBkixfDrmVYg3EPK97tIgZLwmo9Whck8hoxb. Statuscode 200
Durchlauf 221 von 510, nutze Token Pfz2LEwxWdPL8mSUUxlVi4n2ZZi8ZSWMaSOcsVjF. Statuscode 200
Durchlauf 222 von 510, nutze Token bVWrpkcfzJBaaZYAlfonlGCe9MTJjOtJBcCfKOfg. Statuscode 200
Durchlauf 223 von 510, nutze Token 02h2G8441uMLVumzphkk2wAMpa0dcRi3qdZYeBwK. Statuscode 200
Durchlauf 224 von 510, nutze Token s9beVUHnABQsYbLrVQoIds7Qo7Z6gJU8RglOWQ8B. Statuscode 200
Durchlauf 225 von 510, nutze Token 6SSDudFYpxjxcC0O29DcmK1K5LfpKGXUPYisxvpD. Statuscode 200
Durchlauf 226 von 510, nutze Token hZ1tzeqFEBDhum9HvWSRWD7F2BNfO2sJBcreimLI. Statuscode 200
Durchlauf 227 von 510, nutze Token Ce7OJiFJLw8hk898d2YHLSA30zEyQhKIVTxhplds. Statuscode 200
Durchlauf 228 von 510, nutze Token 1wBEOShqSBc5DMqpcr0VC6BVnoflPfbZZ5xqckzP. Statuscode 200
Durchlauf 229 von 510, nutze Token z6n1CF1TmqTP5M8Cc6Y2dliWDIS0fdH6E3fxBq8t. Statuscode 200
Durchlauf 230 von 510, nutze Token eDF8bsPq7HJ9AKrUlOopduxl4Ij3ljxYPjg229iu. Statuscode 200
Durchlauf 231 von 510, nutze Token RN6CJBeMFzsBx32R0IZxpWH7GnxqOqwa2jNZB48W. Statuscode 200
Durchlauf 232 von 510, nutze Token L9QaCCIp95eR1nXao945vx1i1LoDR9sWncJ3N2L8. Statuscode 200
Durchlauf 233 von 510, nutze Token pp6FbCctwtSRLlebwgsauPXN4EF4TNYbpMCKj40y. Statuscode 200
Durchlauf 234 von 510, nutze Token 83dVsah85ECnXTjp45JJ7IMK6URq932Oz4I4Z8zX. Statuscode 200
Durchlauf 235 von 510, nutze Token 772LSrUmKsCmQgeCeBqMjMG3WCDAROmk3AhTur3U. Statuscode 200
Durchlauf 236 von 510, nutze Token fV1tdfJGnJljIXsiMPBLDItibIqCm1K5dwf8fKEY. Statuscode 200
Durchlauf 237 von 510, nutze Token ppi3SJdFlWQNYwjHWAJYv7RZDXy8XQcAtEfYAisa. Statuscode 200
Durchlauf 238 von 510, nutze Token J98Xeoq9vdS04SPpc0zHH97N4YnVlrcuOnNeWEKC. Statuscode 200
Durchlauf 239 von 510, nutze Token gUllw1r3uPN1uS5sv0GFQoVnQat2kdhrJvvMIKbd. Statuscode 200
Durchlauf 240 von 510, nutze Token XSQ8620hQ1NeisxJUy8weAZdfj4YjKgzNrN0DVvG. Statuscode 200
Durchlauf 241 von 510, nutze Token FK1nJ1lVNfvpkB0Q1rldOTfxbE7Po5f0rxBq3j1z. Statuscode 200
Durchlauf 242 von 510, nutze Token kKKj8BzGDylqUWKUjArodSUxgKaUwXRWMtXD4Wyk. Statuscode 200
Durchlauf 243 von 510, nutze Token tcNrrYlFkLWSjVBNDIKb70pmEQEUpSVM5Nm2JLMF. Statuscode 200
Durchlauf 244 von 510, nutze Token F4uLA65zaMEfzY2g40rJzyMwv30QxyhGyiEsvfqy. Statuscode 200
Durchlauf 245 von 510, nutze Token uaxYajvuw218Jxm3WGgA3RjYfsjvuSbRLIx8TqNj. Statuscode 200
Durchlauf 246 von 510, nutze Token b7QMIdN3iI36Pequ0niye9SCKBURhqee9YQiU17U. Statuscode 200
Durchlauf 247 von 510, nutze Token ohOvhLOtgt1RwBCuYQ1nD9GSohzb2ZTKPmtJwbKI. Statuscode 200
Durchlauf 248 von 510, nutze Token dqmeQJKG6quOd1e3kj1UnV6QeeICLx9iPTBqee65. Statuscode 200
Durchlauf 249 von 510, nutze Token MHB4d0QOBUadEalF5e5IapriwFlIVCS8ZVk0keyP. Statuscode 200
Durchlauf 250 von 510, nutze Token Rx6RmVcaEaaNsqJH59PN3kl51JilXM3tgSdNlxXQ. Statuscode 200
Durchlauf 251 von 510, nutze Token VwbfWJqcpy3bZOJfQkRqS09THNsxGbZeGBiprQ4s. Statuscode 200
Durchlauf 252 von 510, nutze Token Y2sMZLQ9CjDHDaXoS8B8TkdaYzAzeRKaLF60Na5M. Statuscode 200
Durchlauf 253 von 510, nutze Token mz7nDO14G0pGnvGo1YUrRIuFDJ9YMbVmRY7LtxAg. Statuscode 200
Durchlauf 254 von 510, nutze Token jcS3iU8D38MOjOXSLCw9jUlpKOG2BAy4aO9vzt3c. Statuscode 200
Durchlauf 255 von 510, nutze Token tFKisYT0pD23SvBzTNmQ5Obpv87FffdPiv6PworS. Statuscode 200
Durchlauf 256 von 510, nutze Token 9nTSFPXA26CU7NjVEvEh6xcVDnNzjwG4XqNK4uBD. Statuscode 200
Durchlauf 257 von 510, nutze Token W3qU9tLpgPuedVy45jJKvVbjAqz0bX1ZyKm4spZE. Statuscode 200
Durchlauf 258 von 510, nutze Token 8DTSZ56zMNzVVi9byf3OKZZkjNdLwxCkh2MBIaqp. Statuscode 200
Durchlauf 259 von 510, nutze Token lzwgcHMneNDMsppcYx4tICQ7F4B94VzIuxPdFsFH. Statuscode 200
Durchlauf 260 von 510, nutze Token JFYAFHjNK9mUSB36Vaf9ojuIsdyFrakCs6AZcWom. Statuscode 200
Durchlauf 261 von 510, nutze Token qjeREIac507hHdifwolQA3HyDDSR9KcM9tTVqLUE. Statuscode 200
Durchlauf 262 von 510, nutze Token jat12ymeyizM2z2f7trsa9oi6IHldw4KWyeDx1rY. Statuscode 200
Durchlauf 263 von 510, nutze Token EwW6uYram9CzF9tR1lBhFrDcPeg4XzEDyid3BlV0. Statuscode 200
Durchlauf 264 von 510, nutze Token pwMNL3viV79GMdZ7J4bGxvi4bkUk8UDg1rocomp3. Statuscode 200
Durchlauf 265 von 510, nutze Token TeNdvcYkwQiG9rVpYKYauxVn2TPAeOYBIKaO5DZv. Statuscode 200
Durchlauf 266 von 510, nutze Token SVrENnkUDZUkINjby9oLlproqiz85U9UdpQTM0Xc. Statuscode 200
Durchlauf 267 von 510, nutze Token i5Pddu9PLp7R5JtD6obWncSZPGura2LSHHidIp8w. Statuscode 200
Durchlauf 268 von 510, nutze Token FbAbRPSecXXbsHKLfUw23uV76ufSfGHkOUVTTuzO. Statuscode 200
Durchlauf 269 von 510, nutze Token 7OpZQPgEm8DKZvvdAmMnTzlHnMkDQR9gfFuTampo. Statuscode 200
Durchlauf 270 von 510, nutze Token Yswym2uuFi0VUdQVXymPNyesOD6d986MROjPr4YW. Statuscode 200
Durchlauf 271 von 510, nutze Token C4TvdibqY8onHcpjIz3h5rZTtwbXxs0uanlrH6TK. Statuscode 200
Durchlauf 272 von 510, nutze Token oYYvG5lpGpdaMAGkn4ViZLR1qdwVV0PxJRcdAlfc. Statuscode 200
Durchlauf 273 von 510, nutze Token oGfWDOzr0RUQm4zNYP8wKSUYFvkvOvJkmiBaCXZK. Statuscode 200
Durchlauf 274 von 510, nutze Token UCmBckCHotffIln9uLUH9InsPrxNpCRhi9ItCNl5. Statuscode 200
Durchlauf 275 von 510, nutze Token bFdA6kNgLrZSs8oYBl5MWJ53BU2Lf2A0ihXCTCK9. Statuscode 200
Durchlauf 276 von 510, nutze Token EBQOqA7zDOVG86E0bZSfT1rVC11GbmSTbNvVbAJP. Statuscode 200
Durchlauf 277 von 510, nutze Token 0Kgr7mo5pic0JsRTjHLnbZkLkZqy3xCCPrv8CjL9. Statuscode 200
Durchlauf 278 von 510, nutze Token EmBrQPDALZ9K2ganizB9nEg57nQN2v74h7BCa4Ya. Statuscode 200
Durchlauf 279 von 510, nutze Token Q4cFYqHk7EiZbZqEUq507ThzLZQa46RiK5ZVY80f. Statuscode 200
Durchlauf 280 von 510, nutze Token 3LPBWTDeLSnGW7vffzYw9pNTbsuTahdtG4teQiHQ. Statuscode 200
Durchlauf 281 von 510, nutze Token p6DnfYSTZgm0CEhCEJA9IXw1AszDePBSKnVoEern. Statuscode 200
Durchlauf 282 von 510, nutze Token wW61dce8Mev7t3iq3N1tZ5qLYSMgDEEVVbVef8rH. Statuscode 200
Durchlauf 283 von 510, nutze Token s8Hkg3ovo6gPLzdUCWqYwAWdJjGtpEdjCW9AEKNr. Statuscode 200
Durchlauf 284 von 510, nutze Token rx1yfRIdeFzQXoFNtM4bVNWJHfscMdD49c360fjn. Statuscode 200
Durchlauf 285 von 510, nutze Token YkYtQlzJkYWCydkG64G40uXtzokOxXnKBOQfP3G8. Statuscode 200
Durchlauf 286 von 510, nutze Token 1EsN4yqF4LWwTwdqgwnRmz5Q3QbVBCwdq6JmuDpX. Statuscode 200
Durchlauf 287 von 510, nutze Token dtRx4zfGZ8X9pvxjLWcD2oA4KpGrVJxNkP0dlixS. Statuscode 200
Durchlauf 288 von 510, nutze Token dFod4eAyyOusSqB970IvcMctAIrUc3JPYCObRHyT. Statuscode 200
Durchlauf 289 von 510, nutze Token igEjpgW5ieGnhlbJVutKKko2ucQEPRroM4mkJWP3. Statuscode 200
Durchlauf 290 von 510, nutze Token eCkZnrMQc3lpSgLhWG2fxjJr84QAIOdcHfNusIck. Statuscode 200
Durchlauf 291 von 510, nutze Token Ub7i1IM01eYxGH6DsUSIUuF9O39lnWfoJalRdrF8. Statuscode 200
Durchlauf 292 von 510, nutze Token CGldVZa18KwXzJX9WgnRR2q1irID5inO90irDEAM. Statuscode 200
Durchlauf 293 von 510, nutze Token CtKwG4PaeIiMgyossIm9RGWU1EWyTAViuX3Ql6lb. Statuscode 200
Durchlauf 294 von 510, nutze Token zD0Knov9TRCs3u1NgK0cABwzRRt0QmNwjTnHpobS. Statuscode 200
Durchlauf 295 von 510, nutze Token cxiorogopluTi6FiiuL1VTDqc2vptIYN5forqbAX. Statuscode 200
Durchlauf 296 von 510, nutze Token jMtcGRzUj3FRIbu0rz5n7OSGW8ldktoUqfTeIL8A. Statuscode 200
Durchlauf 297 von 510, nutze Token LVb5bmT3tXHvLO0cM7dS2aherUCRj1uqRRodUrZw. Statuscode 200
Durchlauf 298 von 510, nutze Token zTQaUvIeqtaUNeCxihFjYf3J0kw3yCOXqkNhi8So. Statuscode 200
Durchlauf 299 von 510, nutze Token dfzjbZZuobUpysukGtjptx1xQDwoPM8rzfGt9bp8. Statuscode 200
Durchlauf 300 von 510, nutze Token ZEmSfUFEXckeW6Qqd59fpvrJqCFqDRhqefsVSOtt. Statuscode 200
Durchlauf 301 von 510, nutze Token af5Dgj1b1q6nG7FxJxvYfHAE6CpDslMzW1NbivQA. Statuscode 200
Durchlauf 302 von 510, nutze Token hgBJPQsklsH6I9cFccLc3dtzaYQS9cXGLy9ZtGFe. Statuscode 200
Durchlauf 303 von 510, nutze Token PTCID3Gws6G6hfAuRri5CtHQgKVUsrR8DFxOI2yf. Statuscode 200
Durchlauf 304 von 510, nutze Token ISf7LLn2XDnkaCEcZMYQi0HdMDWtcHKqXK1qYCwo. Statuscode 200
Durchlauf 305 von 510, nutze Token M9XX8tMdrPqn4HJHY84CCiyHGdjEsRLBrqHG4lBt. Statuscode 200
Durchlauf 306 von 510, nutze Token 2SGon4V9XQZTRreqRnK2Y9Bv6EVzLFOuc1WQvNqT. Statuscode 200
Durchlauf 307 von 510, nutze Token Oxw4wgNJUTINJFjMIomG3fNvj5cqdpIwtK2YGaJc. Statuscode 200
Durchlauf 308 von 510, nutze Token kak4IML0B0Yca1hsSOpZdG2Jx8jVBjQTM6puyXvx. Statuscode 200
Durchlauf 309 von 510, nutze Token 7IVunr3JLYX9l2VKZvsC0HomHtVJIcADpfOG2WGi. Statuscode 200
Durchlauf 310 von 510, nutze Token fW0fxoBWD42Xsuj7yS3hOCDaScMJwJkjFcEJNOMO. Statuscode 200
Durchlauf 311 von 510, nutze Token RLgUZJYyt22GmuMDjoLrfXyRDNAuybPGHnqNu6cy. Statuscode 200
Durchlauf 312 von 510, nutze Token oJ9jgEqpRcpmpf6zlXd54rFkEWRKFSUvtyePXn0Y. Statuscode 200
Durchlauf 313 von 510, nutze Token vCOsSHT88BGIJ6TouVD6O4FqMZZ9k0fabL6ikhg1. Statuscode 200
Durchlauf 314 von 510, nutze Token 6ECrtBpZcdllwRPIbkKim9Xm0SpiUDWFARW6zwqL. Statuscode 200
Durchlauf 315 von 510, nutze Token Ouupzx22bUEV4rqpMCvPs0IGx0lfVcdudlVkWnHA. Statuscode 200
Durchlauf 316 von 510, nutze Token 9gMP3yyc2m3sF4a0Ug1NUqK6qcPvHx27sJCIS1R9. Statuscode 200
Durchlauf 317 von 510, nutze Token c7P9PVkPyCNMGQLftsih81aYdSCiznp1yL9bUK4v. Statuscode 200
Durchlauf 318 von 510, nutze Token DVaVruQpn72guliTSNRLwtHeJhGt2Puz4PB6FeDI. Statuscode 200
Durchlauf 319 von 510, nutze Token 9xRfMwPWf1OhA540m1ZeFt0sSQ8PmCZ66iUHUN9c. Statuscode 200
Durchlauf 320 von 510, nutze Token M6cOfHkSEFuAERP3dprubUEIgAksTQKoXs6FpxXg. Statuscode 200
Durchlauf 321 von 510, nutze Token 3QoNsCmNLVEYwEdV1MiaamJmKLTJ649kv68nvFse. Statuscode 200
Durchlauf 322 von 510, nutze Token ezBtaVy9YcBtmkwBwPnvjhMmw720ncuukYAQrQH4. Statuscode 200
Durchlauf 323 von 510, nutze Token s6LV5VdCFDYN760fP4O5uMGJhUjxg82ydAb5uHDL. Statuscode 200
Durchlauf 324 von 510, nutze Token Tn8I2aib1JrpDeCj4Z0oO13Pjxkw3K3Tjl0egJmW. Statuscode 200
Durchlauf 325 von 510, nutze Token 6OsDrFk9mDMdv5hd9FDQfMUbsBxYmAhnSTEtJHQq. Statuscode 200
Durchlauf 326 von 510, nutze Token V1hTu3tSVTYDcwIhGFVaexV1Ri3wPddARJPkN8MN. Statuscode 200
Durchlauf 327 von 510, nutze Token yV2TfR3FsE6kaLu9vcCpEAt01BTPPiKzA6wS0wxb. Statuscode 200
Durchlauf 328 von 510, nutze Token Si9nJ5dkrefgDmiyQwEbkfbC3HOzc1SyVqfkXqkC. Statuscode 200
Durchlauf 329 von 510, nutze Token R2EnAqtKrxmpZhxnC15NKPVn4pdn2nURiXwkXR61. Statuscode 200
Durchlauf 330 von 510, nutze Token ufL89Die9X91zHW1oGE43lYtpQj9tcbq9AwMhzeO. Statuscode 200
Durchlauf 331 von 510, nutze Token TWDPvBzcpjPNbVcRBAKoDLcZCp81yfhuUA6kRQ7H. Statuscode 200
Durchlauf 332 von 510, nutze Token EJXVorZbAO80GkdnD329QierLnXZMjsFAd3Ga2Oo. Statuscode 200
Durchlauf 333 von 510, nutze Token focUX0mx7VlTwVehs4tt4FzNjgH1FKdrUkDE3WQQ. Statuscode 200
Durchlauf 334 von 510, nutze Token ld4kUv4seEAU7BPTXPdIg52GyiQPbZkjaOpglT7U. Statuscode 200
Durchlauf 335 von 510, nutze Token E6ek2iWCFblY83kBikWTFnbMhzeA5YxJM6bbijPx. Statuscode 200
Durchlauf 336 von 510, nutze Token uQMyfM1xlczxGezoQGZNmvgcOY3bZ8mIm2SM7j9r. Statuscode 200
Durchlauf 337 von 510, nutze Token sBW2nVd3JUdNPPt5Xhq5L5GQrxjEwONSUzmbomGM. Statuscode 200
Durchlauf 338 von 510, nutze Token Zas90jnJEvfGdSEmA0zgGpCgdXSNyuAAT93DQVa8. Statuscode 200
Durchlauf 339 von 510, nutze Token IAHZP6QKIiyvEhrSaHGSniNxI7ZdiUOoIaaTfAVX. Statuscode 200
Durchlauf 340 von 510, nutze Token 76rdBBjpxN8ZPlqFUGMgJfuE8y99frixjUwoteEq. Statuscode 200
Durchlauf 341 von 510, nutze Token eI6lleVsnsHgltKeH1iENfzNVKp0wksyFqEaLefo. Statuscode 200
Durchlauf 342 von 510, nutze Token xpXTHDhNa6CKCUo7u0xqQNYQGIlMn5HTePMS0ZSh. Statuscode 200
Durchlauf 343 von 510, nutze Token RkgEq84p1x6edoFKg14gfZGADl68RSwAFX4Xf64z. Statuscode 200
Durchlauf 344 von 510, nutze Token svbV1y9ERqs1kAAu8aaxCKCp8L3bUO6LmqrV5tFc. Statuscode 200
Durchlauf 345 von 510, nutze Token swygK6okg4tZbewJsXyReGkE4C0uuWY4bscXEo2C. Statuscode 200
Durchlauf 346 von 510, nutze Token Q8uJ4Hzwdmp3HeCHQgYVmlsSrSTAA82qjuyXeACL. Statuscode 200
Durchlauf 347 von 510, nutze Token bsIQEMD7rjKUzEYZutSNnGm6hK1ONqv5Ya6PYm86. Statuscode 200
Durchlauf 348 von 510, nutze Token O54u8Rwvr60iPZvuzqTw9uOmglZuZ5ZpRs9uh7lw. Statuscode 200
Durchlauf 349 von 510, nutze Token 4zDQwSgCFaLm03SZ3iQHSQiTIaE7zLdDO4ohsAdX. Statuscode 200
Durchlauf 350 von 510, nutze Token 1KVPcd4zuxTX60bggivwAhYs5zS7mc096DYE4LZz. Statuscode 200
Durchlauf 351 von 510, nutze Token kEpHWpkQw3gMqlzDOWhjLQkq9GU8DvNrP5eKMQ9b. Statuscode 200
Durchlauf 352 von 510, nutze Token Qv8qFmGjetTAM7Hlaycwl2TCW4ZaKv2En6cSKvFM. Statuscode 200
Durchlauf 353 von 510, nutze Token 03cluJeG8Gk8pZ7dU9os4pD0n57VIpiXx11wOHco. Statuscode 200
Durchlauf 354 von 510, nutze Token 1PyzSPBhZL72rB9nUVPnCPNiiAZu5Bg9jPtImFT0. Statuscode 200
Durchlauf 355 von 510, nutze Token 36bNcExFjWSLNuwbSUP9ibLPIc3YXCLC1inwWKcQ. Statuscode 200
Durchlauf 356 von 510, nutze Token Qrdg708V2L4awxKlqfp4oQ46g2P7hvjR7Ujl4vbC. Statuscode 200
Durchlauf 357 von 510, nutze Token L5IhsPQFaiiYC3pIevL5dW3iIaoxgIGl3mczryS4. Statuscode 200
Durchlauf 358 von 510, nutze Token QTLSTdiBhxlP1tkQsScxvIjIdryDnG1hhSmlECCv. Statuscode 200
Durchlauf 359 von 510, nutze Token le10SYGvure6Fd4WcSBYCiGTF7UheiRC6GQrNWjn. Statuscode 200
Durchlauf 360 von 510, nutze Token ua3h1YNanP90NYETQTWrmri8qtoS8wHr7qPMLkNN. Statuscode 200
Durchlauf 361 von 510, nutze Token h7vbwoU3lCITTFjN3RwqAU8jdsuIX7r6PWOL3XHq. Statuscode 200
Durchlauf 362 von 510, nutze Token lcQBAxxvbOrOOcfIfyXKctqt84QQTxvstdgHV6aa. Statuscode 200
Durchlauf 363 von 510, nutze Token Qqdzvtw6TxW4HCnkCWIgukq678nWx8nuncu559HE. Statuscode 200
Durchlauf 364 von 510, nutze Token h38HTf7IUxj39NB0zTzZC4cA4RqC7hwzqj0XprD7. Statuscode 200
Durchlauf 365 von 510, nutze Token 8P3UEnL81G50xGLGci7CiCKwAzljNdGhebaEbpHG. Statuscode 200
Durchlauf 366 von 510, nutze Token W2dTvSNWpthk2Q9p0yhoqY3Stu43oVK4kTMLo4cn. Statuscode 200
Durchlauf 367 von 510, nutze Token F3IrvrA4kk6XKH70jkfi1rv3I2DZYxo64kr9DMop. Statuscode 200
Durchlauf 368 von 510, nutze Token Va5nC7U8b8LBUIyzH6y4N7fcJ6bbgztx3mTEoH5q. Statuscode 200
Durchlauf 369 von 510, nutze Token VfJEWlJm6qVMsbiFZk7hEtBc3QzZ5AquDAp8VfG1. Statuscode 200
Durchlauf 370 von 510, nutze Token yEzii5MF4RwgpZgGsunQCo35Lp1FS0EuW8040enL. Statuscode 200
Durchlauf 371 von 510, nutze Token DCtFZBEP3akeubiyDVUHOSLDPVZl3mY2amo9iTcu. Statuscode 200
Durchlauf 372 von 510, nutze Token PwuM6JwtmFL3e1ouU40uHDd73SJ8uP3AVIvWx9hS. Statuscode 200
Durchlauf 373 von 510, nutze Token Tsf5pZ2bBZX0ESgEPIjt6OTGNAFCZNYAWHwpzhoA. Statuscode 200
Durchlauf 374 von 510, nutze Token rYUxngarn2hF1VHmxbqPOHSOMWVyoOTThGIPaQF9. Statuscode 200
Durchlauf 375 von 510, nutze Token bLQLU826sJ2H20FyP0OUgSIlY1ZSOBMG1q9vq4PL. Statuscode 200
Durchlauf 376 von 510, nutze Token EoOzAiSIbz4ZgNLFYa8fjCV3ve32qIGD0J3UfANL. Statuscode 200
Durchlauf 377 von 510, nutze Token wlFykJte6Zeg2iUT5rp3EbTsZXYS6TuFEEsstgFo. Statuscode 200
Durchlauf 378 von 510, nutze Token 5ithOd7ekpcMj1Rx7nv6J72Vx2TP5cILnXjOjcXb. Statuscode 200
Durchlauf 379 von 510, nutze Token 3vhnEjqB3BYAz3hQdXSm4eO6SYXfvFytB5eAzgUZ. Statuscode 200
Durchlauf 380 von 510, nutze Token DRaH5OmJmYxzZSu3pJkMaPirRpxDsnv7YLS0lXdC. Statuscode 200
Durchlauf 381 von 510, nutze Token BuyoNGYRFYfcVYPr1P0klJmZxMFumhVJcR7f53K3. Statuscode 200
Durchlauf 382 von 510, nutze Token VzRAqyYEtfZPyOpORQ4sODoX8bXSJwVFVPjetYIB. Statuscode 200
Durchlauf 383 von 510, nutze Token QmsD6jtzA0OW9rdzYcMVABjkZ7l76DH7OGrWoLne. Statuscode 200
Durchlauf 384 von 510, nutze Token hU6GUeASHILopAL38hmYK1VAkhLmUvDywc63BQ6e. Statuscode 200
Durchlauf 385 von 510, nutze Token 1vA2NvIJh1ZdvFdPOUp7n5xk3dXIuQpCKMs6qZuo. Statuscode 200
Durchlauf 386 von 510, nutze Token rXdV652CZxCF5dHhyRdbwILSZFZlAEOV2bXOhAFN. Statuscode 200
Durchlauf 387 von 510, nutze Token 92WzUiGo77v9u9nuRPqaJyTsBe0DYv9uWN5Bas4Q. Statuscode 200
Durchlauf 388 von 510, nutze Token 8t6qAOD8Fhxfexo7A1whedTUs7eStM0IDZeoGTTB. Statuscode 200
Durchlauf 389 von 510, nutze Token gFNIDLRT95T3K4knERQ6qVVOJ2gYhIpoIrUL4SRr. Statuscode 200
Durchlauf 390 von 510, nutze Token 9GlsnDfklkQb6lM1J4u2XfYl6nlO7gwUcLBSu676. Statuscode 200
Durchlauf 391 von 510, nutze Token iJh0ISvjwXqEPo1npZfpxpDqylbr4BrtS8eesC3u. Statuscode 200
Durchlauf 392 von 510, nutze Token gX34Ys5Rb918xulYSenvioHH83OsMr8WWFLz6EFw. Statuscode 200
Durchlauf 393 von 510, nutze Token 2vkK3VCvNQDTP6KNdGb4BZJixQDJWnc5fqSxU3Oc. Statuscode 200
Durchlauf 394 von 510, nutze Token krJOvFuqooj3u4IakUfEBdCXlvFe8oftgN0RFmWU. Statuscode 200
Durchlauf 395 von 510, nutze Token 0X6dYjCesuJ7bwlrYhOb6aHeBqNbuNM1bujP7x3u. Statuscode 200
Durchlauf 396 von 510, nutze Token VNPyxQ74dA7plHGsFlpIM8oMHwJstoviKkzo9UmQ. Statuscode 200
Durchlauf 397 von 510, nutze Token FuSgnTZzyb4Fdo8Qav54t4KKN9lrjyMFDaU0UjqB. Statuscode 200
Durchlauf 398 von 510, nutze Token rAyPG3Am9oz28GiCQv5DVTXUni408jexMGzDqJY4. Statuscode 200
Durchlauf 399 von 510, nutze Token xnqmLIlVRFrgPoXZyNfcpXj5hz09O5Qwb8zHApWA. Statuscode 200
Durchlauf 400 von 510, nutze Token sZCkcbdoSkfAuvMGHWvZFtFFRvOVTAfelOvj6UbH. Statuscode 200
Durchlauf 401 von 510, nutze Token cwbTXDoKGBet8aSJ2aBCpyjOhjEIH3ffVFJsKnaK. Statuscode 200
Durchlauf 402 von 510, nutze Token 3SOuhzTve1uVJJ71YiiokvHwZpRJlckhxDekdVCL. Statuscode 200
Durchlauf 403 von 510, nutze Token Ywy1GXiaJyeA01G6O5hDRbTPTcoyjcp7vxdl8LBS. Statuscode 200
Durchlauf 404 von 510, nutze Token sOrJpIftuagtzDDDR7ssLPmq2NpN1H2eaXgWNos2. Statuscode 200
Durchlauf 405 von 510, nutze Token FS8P2p5HAVKnLza8YYKzCv9k1qUJ8PPdN2qLB7rE. Statuscode 200
Durchlauf 406 von 510, nutze Token ves2FuTsui4MM2HzHvYqF5EIo3f4pUEImk6cxp8S. Statuscode 200
Durchlauf 407 von 510, nutze Token 85VrzCO0Cpan7nExvSN3E9eAxFYSfWzXs7uL6piC. Statuscode 200
Durchlauf 408 von 510, nutze Token T6BWypyz8HdET5bWyE3AjWIvMYnfOdTjATtgAUyt. Statuscode 200
Durchlauf 409 von 510, nutze Token 4z98wyBWVJRyPRg3jdndc25yAw45wBCJxipRLURA. Statuscode 200
Durchlauf 410 von 510, nutze Token ANGxGIZ21MxHJe4KFawm8aXU5sxUKqHc2zXkhCbc. Statuscode 200
Durchlauf 411 von 510, nutze Token 14MWaIfIEn8fZNWJucrpJ29D9noOae3Q7jewtUTk. Statuscode 200
Durchlauf 412 von 510, nutze Token qBTszirAe9iqcQULZvbMNzOjbM6zdK82P5NdnFKc. Statuscode 200
Durchlauf 413 von 510, nutze Token YL2MX0uEixcf6bQ4MdoOvJ7tiFjaDXYKxLChxYhO. Statuscode 200
Durchlauf 414 von 510, nutze Token jAmSed336G3ph0zk1DXTTTYdmZgDKRSTq6SJ4xIb. Statuscode 200
Durchlauf 415 von 510, nutze Token idvGTZfCL4EZlND63FwYvyfKL4d3svIQyfrmZcIU. Statuscode 200
Durchlauf 416 von 510, nutze Token nymeIxvTfEJlIIPcxvmTd6ib5c1DIj8TbtdvzDtu. Statuscode 200
Durchlauf 417 von 510, nutze Token OKiAhRxOeiDrMKzmvaopvMoRzybHHejlqDXoMQxf. Statuscode 200
Durchlauf 418 von 510, nutze Token yoqUoSdjH9t3TyZ2C5tl6tSbqq1H4UUYXUawvOot. Statuscode 200
Durchlauf 419 von 510, nutze Token 2bslXUsfwkgp0PPhdeexawpfzOc2Tm8K6D81XrDe. Statuscode 200
Durchlauf 420 von 510, nutze Token f3HJyu0vw1S2xjsfDp7p9Ok7tSFEoJGKDZvumE28. Statuscode 200
Durchlauf 421 von 510, nutze Token JqjhfAVeD2WRF9UijOxU1VsLIVHBVqQT291fwtQX. Statuscode 200
Durchlauf 422 von 510, nutze Token E6AzizGnRv5jk220iH5S4RXK0WSH9jfSOq3KgaKD. Statuscode 200
Durchlauf 423 von 510, nutze Token Wd0WAFsMvlaV7W9wntCzrLZFGYd0tn2ubhWIhqGY. Statuscode 200
Durchlauf 424 von 510, nutze Token nLnfjxLRpODNAvJEscY6sOV1jBbplHhUSwtfreeC. Statuscode 200
Durchlauf 425 von 510, nutze Token WaFZBQDc12dZfs1vNJxe0m3xYVmW3dAgwmFcFAmf. Statuscode 200
Durchlauf 426 von 510, nutze Token Aq7xHO2yKT1cU5WGJ5oUwqEOset93ZmZiO8VtfOs. Statuscode 200
Durchlauf 427 von 510, nutze Token M3Gv5HyJDpDlr1xkiKr7PrEHETobkNNzAZPHhQRR. Statuscode 200
Durchlauf 428 von 510, nutze Token tMwiibOz4I7Nr3AbDFvz3PLfvTIk46WrWVpZNxlX. Statuscode 200
Durchlauf 429 von 510, nutze Token ifcVkyP7Ao5skTmmbXaL6yVm3sCwcOOmBsjONBLF. Statuscode 200
Durchlauf 430 von 510, nutze Token bkK0QldriQiK9qw9zWYBs1tnRzhpPhzW62JUYVzQ. Statuscode 200
Durchlauf 431 von 510, nutze Token lh2Df0T8C3xxkR9pL5P3FNSoIYpp0EEcugK7Elgb. Statuscode 200
Durchlauf 432 von 510, nutze Token bUHFY4DYcDoJ7fgczYIVelWpaZyQOWqN67cQ5QzT. Statuscode 200
Durchlauf 433 von 510, nutze Token vAsSgaTar1Sqh3oJpS3rD1TeVVabiGT0KvwYwT9U. Statuscode 200
Durchlauf 434 von 510, nutze Token 5B2rAxuAelfL02LppdmN4vHpBU63wyRj3vdEMg2z. Statuscode 200
Durchlauf 435 von 510, nutze Token KOLf9bAB7pmgwlZidwxTLBCPSQJiR3uYryhVtHgO. Statuscode 200
Durchlauf 436 von 510, nutze Token vzpKvsx5YcEMsxKScahU6ISxc8At3QAZyE2lCCiz. Statuscode 200
Durchlauf 437 von 510, nutze Token yG8lYui5xVxZ8CkajegKL2cMEf4gR7YABzcSL0aw. Statuscode 200
Durchlauf 438 von 510, nutze Token T9lIxtZaSjUAoinsES0nMrVbTGJRtXIt4cElQbgC. Statuscode 200
Durchlauf 439 von 510, nutze Token qAqG3facUopcc65fEW9CCYCE0fN8KbMBFd7tTjYc. Statuscode 200
Durchlauf 440 von 510, nutze Token VXJ2Z5mi2dzhM1vhp8OjKsLlPsPc96NOaLJ5Dgl6. Statuscode 200
Durchlauf 441 von 510, nutze Token 1oVvONaD1D4UDBlYl7qsjlLwZ6H4cZeo5gFRNT01. Statuscode 200
Durchlauf 442 von 510, nutze Token nBfMeBeGhsTH6N7OWUYHnvutTW7lFRBsnunqrYzE. Statuscode 200
Durchlauf 443 von 510, nutze Token sV0AFXSozh1gbni3tkWLSOeVqi5QJIBzloI0UT28. Statuscode 200
Durchlauf 444 von 510, nutze Token pLSHjxAn1JzbYE2SQRJGEKsvFuerPgaxK5YQqVaE. Statuscode 200
Durchlauf 445 von 510, nutze Token WrtrtuRaV0oj6G4jQUIqAMYGCquHCJxq9jNxJkNV. Statuscode 200
Durchlauf 446 von 510, nutze Token BpLtPzBzFfTinM2z7dzh59saNxIuL0qJ200IVPxm. Statuscode 200
Durchlauf 447 von 510, nutze Token eEKmGkgTaXNLJtXqyFDzz8ATBS0kMCUYYcXb8KAG. Statuscode 200
Durchlauf 448 von 510, nutze Token H3skM1SWeS2ObOCvNQEqLo8x2KaAGVLgvQqiwBLX. Statuscode 200
Durchlauf 449 von 510, nutze Token SH1lNRhj83pQzTzTaLSjxJ70ni3Ok5kZFk4wWngG. Statuscode 200
Durchlauf 450 von 510, nutze Token SFnlncx0DBzVlfzpqWdDwL0oxOwxJ3uLn1Q3v9Xe. Statuscode 200
Durchlauf 451 von 510, nutze Token MnwHQrQzEhZQEko1bSMOIcpI1OusslYA1I2BVCN2. Statuscode 200
Durchlauf 452 von 510, nutze Token TGrXsirJHDgaOakCk2wWGgBfrwpd1qqusYxZz7Wa. Statuscode 200
Durchlauf 453 von 510, nutze Token oyGVaiHwKNlKnYWpfCRR27VxfJX2yFyVbEBV0Md4. Statuscode 200
Durchlauf 454 von 510, nutze Token 8Xbl7X3Rvo7kTqACBlNN34gzZXg1r8VOmYMW4zAz. Statuscode 200
Durchlauf 455 von 510, nutze Token YHlrBTvTpYgsnsXtm01oJtF0wmzEDLMrgaOQfV8U. Statuscode 200
Durchlauf 456 von 510, nutze Token U3kDJEwrPB0Brk1M51uT7citFOyYUQXCo97B3mhO. Statuscode 200
Durchlauf 457 von 510, nutze Token ezsvrmgJOZ0UGIRKVpP5FMQT948v3YZPb60hDEz1. Statuscode 200
Durchlauf 458 von 510, nutze Token Ko784mJqRigpytKJ6hn3oeADDyND3XDbfDlNqsTv. Statuscode 200
Durchlauf 459 von 510, nutze Token f87CDEPbfIsBHZBZGQmYKDIotYchhA2rrRQ9yigx. Statuscode 200
Durchlauf 460 von 510, nutze Token 4WXOHtWegc5bBIaunMXFWW0MMZxedG82NPwE9rGT. Statuscode 200
Durchlauf 461 von 510, nutze Token XqeZst9RFLi7Rcdipvd0BItd1VdRgArvUowIapVt. Statuscode 200
Durchlauf 462 von 510, nutze Token 3HSd9MyL7iEaSIOOAHyMnrvrAsDY8MtQVDie6har. Statuscode 200
Durchlauf 463 von 510, nutze Token L5RtXemyTGfSk0I6GlfyBSTHsp7iwlHniMPln9Wf. Statuscode 200
Durchlauf 464 von 510, nutze Token 6HKpFVDFCVHvklbsh6pHgzVgiY4DclKID8jWUejS. Statuscode 200
Durchlauf 465 von 510, nutze Token YORmNiCN1DZZHst5fwdAVMDv2nc6DgTOrEuFzVqu. Statuscode 200
Durchlauf 466 von 510, nutze Token xi69ntxaATPqD5fdzkeOlBCPXfuqWoE3GT5EMoCl. Statuscode 200
Durchlauf 467 von 510, nutze Token H76isINjFy5fmtyOSF9WVLrIJWTROKUakYVKjij6. Statuscode 200
Durchlauf 468 von 510, nutze Token A1u7pgeTqU37QsfK9axn0OO6HtG0JQ65ZfQaLWfQ. Statuscode 200
Durchlauf 469 von 510, nutze Token xvUj4aVSdJr3KU1XGcLI9RAHYHhzpCZXQVbdurTr. Statuscode 200
Durchlauf 470 von 510, nutze Token e0GOvnilyhEhXq3iD5GwzSUETpyDbsTbIXtPuVIw. Statuscode 200
Durchlauf 471 von 510, nutze Token 63MmaQfJL9NQ1SjIj46jqsXnZzY1opMYEvFz9rx5. Statuscode 200
Durchlauf 472 von 510, nutze Token DOtRPeqNcg3gJu5Bynk08rhUSmwZF3mc6tTUr4Sk. Statuscode 200
Durchlauf 473 von 510, nutze Token dwQAZAzOmUMs94iR0sHo36tYWZLskNoS3g87G8Rv. Statuscode 200
Durchlauf 474 von 510, nutze Token j0mTc7xvxTe2mcS5rhX5g3wlMxR6LLEXRLIWmyCy. Statuscode 200
Durchlauf 475 von 510, nutze Token II72ajOZObHCVgpTqGzeHwGi6QgtyGJOq9SiGoMk. Statuscode 200
Durchlauf 476 von 510, nutze Token 1llrIzdHQi0nVKmZSIPemU0aJmurzJc9v4b6eGf8. Statuscode 200
Durchlauf 477 von 510, nutze Token twolrCHDObM2a3KsdCKp7F7nyvPWJOKwudNLBqX9. Statuscode 200
Durchlauf 478 von 510, nutze Token Tg4dyCvb6LDhDn80Ag2YscZwy240LOKvr6zDBOAq. Statuscode 200
Durchlauf 479 von 510, nutze Token tkmiQBz78dYjUxwQHdNGMzVAfejK9fJnkMg3XuAo. Statuscode 200
Durchlauf 480 von 510, nutze Token ffLExWffJ017y92YmQWIJmO6ghnGRTneGTDJO7c3. Statuscode 200
Durchlauf 481 von 510, nutze Token dgck9n448wB9wF8bxeq8iJCSQymA3wH2bplNCKlM. Statuscode 200
Durchlauf 482 von 510, nutze Token wuQgoKHrsu4pOTLTJsBs6omtmgvUM4Naum8AauZP. Statuscode 200
Durchlauf 483 von 510, nutze Token OQR4Enwu4AhxvCp5qeaqZewRr4NPfemZcnWciNtd. Statuscode 200
Durchlauf 484 von 510, nutze Token tHybLP5oOUcK79GTnorcSh8zeXAm0b4lB6OL71KK. Statuscode 200
Durchlauf 485 von 510, nutze Token VhubSlH6IYn0BkgdTxyS82j4acfrypTukb7dIVRv. Statuscode 200
Durchlauf 486 von 510, nutze Token 7tK7FkwnctCYqUE8K71iusp6p01fDzfhsgaw3FpN. Statuscode 200
Durchlauf 487 von 510, nutze Token ukWLhgiLTR6MmfSmsZKzFIbk6qJcjFZly4UHQAlH. Statuscode 200
Durchlauf 488 von 510, nutze Token 4o5zP8b1hLe8BkmgYnHN0a1ED1viFrKjiL4kmZG5. Statuscode 200
Durchlauf 489 von 510, nutze Token cdMntQp8d9Ol5gDRxmvtQQfW0dW4qsCsBu2hKzMN. Statuscode 200
Durchlauf 490 von 510, nutze Token a1o5FFqYUBu35AAD4j5u5gjqrFZHaUrhLUzb8E3y. Statuscode 200
Durchlauf 491 von 510, nutze Token dQT5edGo2wpsIVECrNq0goRbfOK02pMxxcRe8q5i. Statuscode 200
Durchlauf 492 von 510, nutze Token euaD5rAP87szr6xdZPrKRnQMRqOJfQmD7aZeTJzY. Statuscode 200
Durchlauf 493 von 510, nutze Token W2x5x5X2ZEMkHoYlZC66V6X8mO9viQbODc5qk53e. Statuscode 200
Durchlauf 494 von 510, nutze Token zpF7Qb8qrNtz6MJ5EobiMJ3e8Ixe8mdHiwMB36fc. Statuscode 200
Durchlauf 495 von 510, nutze Token BApCLezKLqDYbt1vOlvNZ8bbDZ664FHZHs8Ko1iU. Statuscode 200
Durchlauf 496 von 510, nutze Token g9Fnm20U0Wq4Vnvrso95aoWSIzED1zUDYmhHogha. Statuscode 200
Durchlauf 497 von 510, nutze Token 0LobiAFcP91NzZYOVqy6m5QJMvGIVqSrHcC8LCKs. Statuscode 200
Durchlauf 498 von 510, nutze Token YvIxaPribPGY5uvF79CpeW7yoVlgD4JcfKKu20pt. Statuscode 200
Durchlauf 499 von 510, nutze Token uEmyF84drrOW6F6NE6AWkN883yCQRdRoqhytYXOk. Statuscode 200
Durchlauf 500 von 510, nutze Token 90JrGJLnjoXgWFkfmbMcQpqcE1sYehCHr9906W8V. Statuscode 200
Durchlauf 501 von 510, nutze Token 7oJTQ7onM2X6Iuun7vkEQQkgaltHGQptXlqYkpSB. Statuscode 200
Durchlauf 502 von 510, nutze Token 63CJUbApqdtJi5XzBW49C4q4ghcb1gOFldAzrncs. Statuscode 200
Durchlauf 503 von 510, nutze Token HtG2Ye6PESYeZAmmBm0EgOuKkJWASNIhKDLxEt8c. Statuscode 200
Durchlauf 504 von 510, nutze Token dlfM9XVUzASd8Cq4Nzl8pjGOAceOBNJM87w10J69. Statuscode 200
Durchlauf 505 von 510, nutze Token NlICjEq41qg3Va95kFZVy2wlETPvtR9QCyJso02b. Statuscode 200
Durchlauf 506 von 510, nutze Token r6CIVHqvGZjLNxSoqzrZA86Mtp6CQonToGfMZrif. Statuscode 200
Durchlauf 507 von 510, nutze Token z2noeu7OBLLNy0FT6XL7hCcH1LeliCdP5TeFmVRA. Statuscode 200
Durchlauf 508 von 510, nutze Token Jn2KiAXefphdac8seNDrIc3bCXLAEcYNltVy74tS. Statuscode 200
Durchlauf 509 von 510, nutze Token g6wDLHHDJwyiD8ze6c3YAyKJJYXUZc5YgRlHdcFD. Statuscode 200
Durchlauf 510 von 510, nutze Token ADgjcmMRmkTH51AeQpmK17YbjsKINsZyssvTW0od. Statuscode 200
