Durchlauf 1 von 510, nutze Token rJEoWPnBlkJvqZQzCcqTVqXeXwGdZk1JDpYvrkwH. Statuscode 200
Durchlauf 2 von 510, nutze Token pAgRP1cNYtuGDa1ROYCy8qIDPISaUam3o4PO0095. Statuscode 200
Durchlauf 3 von 510, nutze Token y6yX6vahcJOP4LmpS7HarrhGNt0ovSNsKiv0cASN. Statuscode 200
Durchlauf 4 von 510, nutze Token oaJh9F9KGZvQ23mcLNw3amBcrrM5HNFrYQH9zwlN. Statuscode 200
Durchlauf 5 von 510, nutze Token ks9cg149IETid2wfc4VrkI9Ss0ciWIufI2i0fchq. Statuscode 200
Durchlauf 6 von 510, nutze Token 7qszRXoDiWQukgkpq95pAE5NjUDevd5WtbEtK8rT. Statuscode 200
Durchlauf 7 von 510, nutze Token bwZxmMFT3g7DirSKzWP9J9XxPt8LoqyHu43M1Fek. Statuscode 200
Durchlauf 8 von 510, nutze Token tnRjYUtXwTRLfLtbiJz0aVrJNRsr4wjyrpqYI0Dc. Statuscode 200
Durchlauf 9 von 510, nutze Token A06mVnLeBD52oNOJjkBWSKr9MKtqmMCxTMjhszsu. Statuscode 200
Durchlauf 10 von 510, nutze Token 7n1pHdUYuXB8phCqWnzVo21gbpZ9FSgY0nlfplci. Statuscode 200
Durchlauf 11 von 510, nutze Token kLk0cBYK2dQeKf2ypynI2Lqz3n9AMHIZnsNBWoZX. Statuscode 200
Durchlauf 12 von 510, nutze Token eK9KxfKHnr4wg8zVE8Hh7zG6OOVlsF5c6QDfcxoT. Statuscode 200
Durchlauf 13 von 510, nutze Token VcEwKoorUk1mWc4utXwskHdpUofIHr6akUlCFulk. Statuscode 200
Durchlauf 14 von 510, nutze Token oOt5yLdaUtdr8P4jHwRDESkiMySrMGkD813cdP3A. Statuscode 200
Durchlauf 15 von 510, nutze Token DsJ9jTDHR4iQOrgnH1QDtlav6WEBZdMmfgs0mQFE. Statuscode 200
Durchlauf 16 von 510, nutze Token uXiZd7scwXNPIdX0qv2uzkhAthtsM7ICi5PF19TH. Statuscode 200
Durchlauf 17 von 510, nutze Token X6c1zQT6i6YIv0yjZmYrBf7Pifo8Tfk2xM1OFGFL. Statuscode 200
Durchlauf 18 von 510, nutze Token RGbAO3LFQ6BkPjG0oPPYjeqVaLFGX3AfMQaOYL4K. Statuscode 200
Durchlauf 19 von 510, nutze Token 9c1LDPrtItueEw3fOymdJguHLid8oNoTJm1QBscN. Statuscode 200
Durchlauf 20 von 510, nutze Token xAe24cbfxznHoSYju09ju29dXdNRya6MuwIKCQKE. Statuscode 200
Durchlauf 21 von 510, nutze Token WsisOkVY84AquKIuq7eXLj9s8y0L2RhExwVwXxC7. Statuscode 200
Durchlauf 22 von 510, nutze Token CVmAYYzne1sD04WscS24PYUyBvpk6Me6IJE7bwIb. Statuscode 200
Durchlauf 23 von 510, nutze Token vOYctZofdfGj3NFCUy18iP6ecygc8xZuA2j4ZwHK. Statuscode 200
Durchlauf 24 von 510, nutze Token wANeKWM6IFASvcc5PK3rr9Z24rdHgJTTDlouqJfA. Statuscode 200
Durchlauf 25 von 510, nutze Token ikRrghbL3cFyfcOdcOiCgGt9dFWJvn48P0lWpDgQ. Statuscode 200
Durchlauf 26 von 510, nutze Token q4pgZDfnEWQLN7mGggYwonEjTpsEk0OguHryviYj. Statuscode 200
Durchlauf 27 von 510, nutze Token Vl3KAAknudJCBBlj9hD8RjJYznzLEvjD26lxnqHp. Statuscode 200
Durchlauf 28 von 510, nutze Token RJ0tZDB1ElSaKU9nm3pJDDwc3lFlDO30sxxiCIpX. Statuscode 200
Durchlauf 29 von 510, nutze Token yDbn1LrLdm2L9r27edPJA7da8x5YuVCmPo2tZF0p. Statuscode 200
Durchlauf 30 von 510, nutze Token J03CADm2olabiEpqLYNcvRUIyf3qgK6YWxZiJoDB. Statuscode 200
Durchlauf 31 von 510, nutze Token 0PP5ZKMNeYFQCXp5iUi4hWuAuxEutA1dJ4LO0jI8. Statuscode 200
Durchlauf 32 von 510, nutze Token aYsODxn7VCEminjLoolFH6I4CYxmXs2ZEalbAi5u. Statuscode 200
Durchlauf 33 von 510, nutze Token ng46A5w3J1PNm22OiY1NkRBMe6htpSvqmPWxpzWi. Statuscode 200
Durchlauf 34 von 510, nutze Token WtqQsQYcWCqUG9uTPX2A5KmGTcwl2eZvehcVX3n6. Statuscode 200
Durchlauf 35 von 510, nutze Token 5rU2LFH5FucNsYruzrIz7DTxVU2zDcD1bHkfzhso. Statuscode 200
Durchlauf 36 von 510, nutze Token Ke9UCYqQY9ylFTI8y59WDz2agkbRk3iN1mj4oxPW. Statuscode 200
Durchlauf 37 von 510, nutze Token 1y3uKQHaIXYbodcDlVynVbXbrrDhIOELB1oWt6fj. Statuscode 200
Durchlauf 38 von 510, nutze Token B8aOOO76QRuPUZGZIphycFKZIPiGUbZU5lDVZ0ni. Statuscode 200
Durchlauf 39 von 510, nutze Token K57CCyehjtWAYe8x7clUcsCswRHrb3TIq1gLve2R. Statuscode 200
Durchlauf 40 von 510, nutze Token t3onj7ufoSZlmlDT5gReDE8BX2Q6r6LQTO2oXAjl. Statuscode 200
Durchlauf 41 von 510, nutze Token OYCSlmLJUjSoKoofmIlr2UUp3ELw25CCugBZ2bEx. Statuscode 200
Durchlauf 42 von 510, nutze Token Gp53BC1TXOgc8JBwWOvsaB5FNYBvdu3PHP8ROOYM. Statuscode 200
Durchlauf 43 von 510, nutze Token nJVOtlX8iuWqwpZup3QXGAOBnc4br24MlLaKmTp2. Statuscode 200
Durchlauf 44 von 510, nutze Token HPjP3Wk6ubdBwF7As3zQFL9LiI6qGfLpLAorwr9z. Statuscode 200
Durchlauf 45 von 510, nutze Token 0y9fXO4yittY72hK39MwgqXTuexl2XlTHUBqHQsb. Statuscode 200
Durchlauf 46 von 510, nutze Token ADfaPcayfsJxoiBr3YKRNqsHqAGbaFb7XLAcQUMn. Statuscode 200
Durchlauf 47 von 510, nutze Token KTbGoNgZZAhwQjm1lJpyQVYPtGjr3AaFufUhfpvs. Statuscode 200
Durchlauf 48 von 510, nutze Token 8zj5H2xiOLq197rjomLPPVQSsFeE4S9YAs5gO4aC. Statuscode 200
Durchlauf 49 von 510, nutze Token G3LcZvSJNIEGiqSfeOl47zRg2OxpVxByDkuUazjp. Statuscode 200
Durchlauf 50 von 510, nutze Token rsSZ5O9g6Gj2Si3HB3dwUoqouZx05ReVjyAW2liW. Statuscode 200
Durchlauf 51 von 510, nutze Token E3lmqry7Aagu6ubut2GKTu5D1LIf0D0PSZXhHpD5. Statuscode 200
Durchlauf 52 von 510, nutze Token UMwsBPrq8McgWODfUzTdbxve9vNZ5bPASbjzTADR. Statuscode 200
Durchlauf 53 von 510, nutze Token yuIh3E80XvdOJ0F0fImebiJYPW2KFzkfrvMmjaMx. Statuscode 200
Durchlauf 54 von 510, nutze Token RyEZJ49reUmDtwbkRcWHrZwdKZ1jzE4ZF83SEAJZ. Statuscode 200
Durchlauf 55 von 510, nutze Token TfBwpl89L1HpdliQ3A7rjeBLnwT3SN2kgtXDaM6R. Statuscode 200
Durchlauf 56 von 510, nutze Token zhW15CBbGoMW8xoC48qRtOI0zKgeGKjwzK8TFyyR. Statuscode 200
Durchlauf 57 von 510, nutze Token 2rNUK9kSTaxX9gA1ACrqW6wTMEMJEdrDdZPB43k1. Statuscode 200
Durchlauf 58 von 510, nutze Token mL6C45cueblQlfI29jTEQDX9o18R8UchqOQyCapJ. Statuscode 200
Durchlauf 59 von 510, nutze Token NDIsK5UZBxbhbdjIOlKDR4CJfHtVXDU3PgaRHS3B. Statuscode 200
Durchlauf 60 von 510, nutze Token ume6EA0GhLm4ZfFpL4d1uBeD8MSVRU1oxxiz7l5L. Statuscode 200
Durchlauf 61 von 510, nutze Token IwsJbOzZxbI4aCdO2STU7V48sBvb3ebcZbUm5AHG. Statuscode 200
Durchlauf 62 von 510, nutze Token FW6lffuMrojgDqC0FHvHxthrERAEdO7i9bBX1k8K. Statuscode 200
Durchlauf 63 von 510, nutze Token 9aAM4Hf46p493gY2AQjOWUFS0e5flhqtRAEHFwqI. Statuscode 200
Durchlauf 64 von 510, nutze Token FvgAPA8dNBflMlYm4kLFICa4tVeZ0bAQZ70NfEY3. Statuscode 200
Durchlauf 65 von 510, nutze Token pJRUkmy7YIej11za3zMIZ42aP7NKX8EzMynQzLaO. Statuscode 200
Durchlauf 66 von 510, nutze Token Iy4Z64STxsmuRGGd1MR6J98hzJrwZLGgcaL4DqEJ. Statuscode 200
Durchlauf 67 von 510, nutze Token urtsflLfXDhig7JwLAGG5ByewdMRi1ID7W4f4G9O. Statuscode 200
Durchlauf 68 von 510, nutze Token ccw5N0ZcTHtaesO8sekC8K5qXB3VDIzcsGnusD1R. Statuscode 200
Durchlauf 69 von 510, nutze Token G84qIIIcLxOOmmvtEHumGaShDPFKIECt3P05RbKf. Statuscode 200
Durchlauf 70 von 510, nutze Token CoXqVxF16Pt8NdHAGaHwOQ8RDn3OQw0Xk9MqF3sO. Statuscode 200
Durchlauf 71 von 510, nutze Token QPGxkjp5KPl1NoenGsxV4fNTeDW3ZJZozcDbYu4M. Statuscode 200
Durchlauf 72 von 510, nutze Token qssvjB9INPoRrWGwDdc3zuTuZzoP71pNzoaxScMu. Statuscode 200
Durchlauf 73 von 510, nutze Token CLEXSYJWGbsF8s6w8JFP4QPsZCshAJe1h4j8jkRH. Statuscode 200
Durchlauf 74 von 510, nutze Token M7sCl2dfvq8Fbb3jE386b6OloFN3I9FaIu0AdRM9. Statuscode 200
Durchlauf 75 von 510, nutze Token 85pphxW2mcNsPrw5jzpsMAD34xChfwvwl6y1RqXG. Statuscode 200
Durchlauf 76 von 510, nutze Token SO6RlmYxDqGaqussr7KEyDMeCiujMpVMhTv3r9fN. Statuscode 200
Durchlauf 77 von 510, nutze Token R59KaLKG9tbUgQyIsxolEjCeRQPdMPPtKtsKF0Jk. Statuscode 200
Durchlauf 78 von 510, nutze Token wTx7Be622WjRNWl0ViOr4V1GuPZUws9oR1Vg3QK0. Statuscode 200
Durchlauf 79 von 510, nutze Token v1AcM6HVH1OhqLMi1Oej2wPp5FzOgii5E7e9bYuR. Statuscode 200
Durchlauf 80 von 510, nutze Token AfXtAk0cli1JimPussDPwr0fSQCIqlgGrILqiHpD. Statuscode 200
Durchlauf 81 von 510, nutze Token W5XVze04zZVgwV50nPADANtbvCRGnKBOkX77MsYn. Statuscode 200
Durchlauf 82 von 510, nutze Token hSFTVrPCpmUCUVUDAAx3BkWUtHdq8lQSOBBVZ0VP. Statuscode 200
Durchlauf 83 von 510, nutze Token 9PsVQ1IqsSxTPnBxGhZ8gwUErbKuLWtkEbyYYPoz. Statuscode 200
Durchlauf 84 von 510, nutze Token BkWkHEEesYPlNAdmh9nW8MX2qz26DiFlaySzZERJ. Statuscode 200
Durchlauf 85 von 510, nutze Token dtWvMSre5v0Lz9TsagsOmaG8YtYzGUHT7SWyXwXB. Statuscode 200
Durchlauf 86 von 510, nutze Token KpjGVC43466QNPMM1PNsjVmfUBNVAZysxZx7fmyM. Statuscode 200
Durchlauf 87 von 510, nutze Token poUUBST6TixbOtor9bIUdwIqkmTjX0Wu8UDVX037. Statuscode 200
Durchlauf 88 von 510, nutze Token nStj3zvejDR6TAC2z6a1ILYlxcr79DmkaV2OnpDl. Statuscode 200
Durchlauf 89 von 510, nutze Token VGa7pn0Y8FBpwcm5yCvJAFwgfq1IZpDHO5vdFg5D. Statuscode 200
Durchlauf 90 von 510, nutze Token 6ctv5wuA6jBfz4ilTSqm7xGkockXC74AmkLI1hHS. Statuscode 200
Durchlauf 91 von 510, nutze Token 6EyBQoip8n35rICfKzEt5MjYJZrLWGz8TrzeZ4S6. Statuscode 200
Durchlauf 92 von 510, nutze Token 90qceiDjuJXtVoiAebLxoZi7SzEV64ziLP0U3sx5. Statuscode 200
Durchlauf 93 von 510, nutze Token NMq75Yyp86gDZ2vtJTGNTV0KWZ3oHgzbWUUjRjGQ. Statuscode 200
Durchlauf 94 von 510, nutze Token YIaTHpnFmPRI7xCnx0nSp4k0huRnbdfmLWUty9Yt. Statuscode 200
Durchlauf 95 von 510, nutze Token P62bavIcDZlDJGs8d47Owm3qRyR1NEbBinEb9HiT. Statuscode 200
Durchlauf 96 von 510, nutze Token P3XDoFZf9VDjajhNnGEoG0cHXsVRZqnSiqEwX3f6. Statuscode 200
Durchlauf 97 von 510, nutze Token mZOQKLRfTQ3eMZ2eSv8PKucTc7KnTTEZDxKAibNv. Statuscode 200
Durchlauf 98 von 510, nutze Token BrpZhkCOzzQteB8di3LtyEpAR4EedGiV29uqyX96. Statuscode 200
Durchlauf 99 von 510, nutze Token uLYYw895ufjXwlUQP1YvgxAd2qPrAjPVntAWrcON. Statuscode 200
Durchlauf 100 von 510, nutze Token bBgLejzgASOkucmDBjn0FX4uCXKJYFv9K9to71mm. Statuscode 200
Durchlauf 101 von 510, nutze Token gDMSODdULPbHCLxxAlafWIL6vaJgJ2KdhT0SwUeU. Statuscode 200
Durchlauf 102 von 510, nutze Token 9w26Ut7sGsFfjLBzrC84ds4hYAjwFoY0XqRDIzbT. Statuscode 200
Durchlauf 103 von 510, nutze Token zP3Hmtft1Q4E3IU4yRsCsctsmuE3m1iPXTwMnCxC. Statuscode 200
Durchlauf 104 von 510, nutze Token JiUfqq3OMXEb8kTb5QYrPSW3I0X1zSeVhjKQCXb1. Statuscode 200
Durchlauf 105 von 510, nutze Token TR9QcAZDWA0Wj4ny0cePsOHOKDw5UWUermfarr8U. Statuscode 200
Durchlauf 106 von 510, nutze Token 2cQdTulnFkZAcp7EIjLb6B4CE915HoAgHEWecgPm. Statuscode 200
Durchlauf 107 von 510, nutze Token 5vKF1cwNptG1o2aGkcBsqUecNpuBuvIvdLjc4u2S. Statuscode 200
Durchlauf 108 von 510, nutze Token DbkLKArfNqS7IDj94U9Wx8hByHA2L9E8ULSS1ygB. Statuscode 200
Durchlauf 109 von 510, nutze Token mhTBnioaF5sol7deXMcWdoXFm2OKvOmDXMpKWFME. Statuscode 200
Durchlauf 110 von 510, nutze Token hYPNa5KOuAZIMSZavhOITQ1Zv98LGb7LGf5gLyLl. Statuscode 200
Durchlauf 111 von 510, nutze Token nWmlu8CNuTCWvtSk3xlRXbh0mOgT56bNWN7WUBVH. Statuscode 200
Durchlauf 112 von 510, nutze Token IMmgS8IzrbzKmJfZaVers8yHf2pelqkWQbZTDz95. Statuscode 200
Durchlauf 113 von 510, nutze Token 2PkXQX2HzDNjkSkYXWgLMUcp4srx9CGoSLWcbkU9. Statuscode 200
Durchlauf 114 von 510, nutze Token 3mgKP1dmcZ32ZT8HkHMFuIP66OODoTRaYY0EDogz. Statuscode 200
Durchlauf 115 von 510, nutze Token WIX8AWRkd5TyDGBJ9sx90ILwbrrgMoDgXoJNYAKp. Statuscode 200
Durchlauf 116 von 510, nutze Token nxDTiHHmM6MSNF1zceNEKa5wPDbQHj0Geznq9mg2. Statuscode 200
Durchlauf 117 von 510, nutze Token vuYR4wXR5tx8yOT2OreCtEnA55w8q7zDdehQrNou. Statuscode 200
Durchlauf 118 von 510, nutze Token YF8QjEYOe3goFvXg1kMk299eIo7CLFnaJwkXH8DH. Statuscode 200
Durchlauf 119 von 510, nutze Token SeGS8aj3jLh3OLkp5kXwBQzJtcCZl6ER9q12wBeU. Statuscode 200
Durchlauf 120 von 510, nutze Token iCLDLH3yQdSxv1v0wv9tXx29D5W6MMWHfsOj52xt. Statuscode 200
Durchlauf 121 von 510, nutze Token Sj5Veeinju5blypHbYQ5Fk2VhZCpD3dkcY6HGLhI. Statuscode 200
Durchlauf 122 von 510, nutze Token m8a1bR9ubSziFiHjmV6FUKjI5JU30Qlk6lMOSZe6. Statuscode 200
Durchlauf 123 von 510, nutze Token GGIyEU2DZZegtLfn14ac3fZVz5Rgv0GhLW40kk4F. Statuscode 200
Durchlauf 124 von 510, nutze Token BEfuFUFtYo0NmwXtnPpZYbeLXeYd1XGTYYggghA1. Statuscode 200
Durchlauf 125 von 510, nutze Token 8FRBA5FryI6XSzavIFNrfnh5QWsrcNBfTZOYc8cN. Statuscode 200
Durchlauf 126 von 510, nutze Token 0B8tI87LEQy1o5ZcajGhyWGGJmmNFfKsyjCKlLLk. Statuscode 200
Durchlauf 127 von 510, nutze Token e16vzYHwFLNaemOJRUQ80Bm0yUxHR47NKTlAGOd5. Statuscode 200
Durchlauf 128 von 510, nutze Token nSDqluVpz2kZ3KaY7s2er0uLwEd3TapTYdx5VBDh. Statuscode 200
Durchlauf 129 von 510, nutze Token G5Y1TBcksG1eTRSXxxWfQemGW2ARp2vBndPWuaFe. Statuscode 200
Durchlauf 130 von 510, nutze Token U6iIfgqPIcUtSigYUacLZ3nhlLYOjJRpl5kiLWXa. Statuscode 200
Durchlauf 131 von 510, nutze Token lo2xugGVpj6pehE5lsPt6deh1xXqeNpbdqwBZKrp. Statuscode 200
Durchlauf 132 von 510, nutze Token iecX2mzE3YZMTAKLfFAYWz0guwEoYq8ZdQcJjVjO. Statuscode 200
Durchlauf 133 von 510, nutze Token yOOzySZ9JJlFH8Oofssq7PHcaFqk6P1sHqC6xsE7. Statuscode 200
Durchlauf 134 von 510, nutze Token qnJ18nOl9qYTjfbGEz2fZGL8hXAyOwpZXxRGZaFC. Statuscode 200
Durchlauf 135 von 510, nutze Token rwFPIPB5HcOnEPl3TbHkq0wrI9WPQYbvrEkFyyJ0. Statuscode 200
Durchlauf 136 von 510, nutze Token 5heBB1SxYOgUNR2hIdv6478eSbhN3QFwZiL5KoOh. Statuscode 200
Durchlauf 137 von 510, nutze Token 3KE0XhpLPLkSzyI8uYxHzPXIxwsMvzEZ1H9aYxI6. Statuscode 200
Durchlauf 138 von 510, nutze Token 3XVm9i9f317CGvVdzWkMmOx9yR3B4Tq1aUQIgF8c. Statuscode 200
Durchlauf 139 von 510, nutze Token 6NjVZZs5yW5qZx6grSyFGfKpReGcS7WmvJ60CVBn. Statuscode 200
Durchlauf 140 von 510, nutze Token k5CdrWhfO1RkRPU1QjzO662rgLofbo0TZFkUUwqa. Statuscode 200
Durchlauf 141 von 510, nutze Token nWPOaIDIa55YD8m37RHBuB3jtlw3KdmrDBlNg4C1. Statuscode 200
Durchlauf 142 von 510, nutze Token DQnJAXYAw3n6nbBYBnhSFYaMBGDJnabeXiKm4tEZ. Statuscode 200
Durchlauf 143 von 510, nutze Token BBJyHcOsDHqg7UNTfFDaBWA9YGUazbyngMVu9oIU. Statuscode 200
Durchlauf 144 von 510, nutze Token GmHeI3hhTxcVhvzGwRuJu35JfOPjNtAAwZpcQfL5. Statuscode 200
Durchlauf 145 von 510, nutze Token EmlGLq61k1bGiY1Q02oaIvW4siwAnOh8BwP5J42I. Statuscode 200
Durchlauf 146 von 510, nutze Token hFUcrNDUbuUPMj9uVSzLscQSmTyyRqJuRGyn57zw. Statuscode 200
Durchlauf 147 von 510, nutze Token sPi7gQclUeVDMrNTUv8CaJ8hHR1ZiPxdbAPwkKG8. Statuscode 200
Durchlauf 148 von 510, nutze Token lMsztz5FgzjPjaXrtTMKHruS0AbNujAFATzAqeEr. Statuscode 200
Durchlauf 149 von 510, nutze Token 2hchC9Ox34NnhwSzjxl282EpnSQuDk7b8HzGRu6d. Statuscode 200
Durchlauf 150 von 510, nutze Token onqSKUj5PILJrrjrHRiz2x9NM4aSQX8ibn2VCjkp. Statuscode 200
Durchlauf 151 von 510, nutze Token F0xP6oB5F41bIdQGFxeSVDrYGKoVPilasNB5x6lW. Statuscode 200
Durchlauf 152 von 510, nutze Token Lcehs1W6WXKIUymCeGlhuCMEEyfqIlc12HuRINcX. Statuscode 200
Durchlauf 153 von 510, nutze Token 6UcQGjLKcm1ohwL6pmkU2ozsGBD7fKDzW8P3CyRW. Statuscode 200
Durchlauf 154 von 510, nutze Token HXwSezsEukx2XwIvbo3BGJOpxEfkHAFbSSfo2nsk. Statuscode 200
Durchlauf 155 von 510, nutze Token xnNPsPOBBTPqX1AbgztRBzUxzNHIbh5P1UdaOns6. Statuscode 200
Durchlauf 156 von 510, nutze Token QJkW9N8wMCfcBdv5IG016TW756aiYoPXKgfQetXk. Statuscode 200
Durchlauf 157 von 510, nutze Token HoEDuYYBr62Rd5iCElLZ7SJl5lq5jzpySZyk0U1o. Statuscode 200
Durchlauf 158 von 510, nutze Token iIEGEt1XhrBkOW68b17EAaqtkAGSi8XpslQfU1oh. Statuscode 200
Durchlauf 159 von 510, nutze Token R2Q20zNHjkGwkD1qYCYNbPCyw86KS39n4LNDXQ7P. Statuscode 200
Durchlauf 160 von 510, nutze Token JlvOsOVBvrIOissUFVulAra8nWqIxXbzlQIDz1JD. Statuscode 200
Durchlauf 161 von 510, nutze Token edVh91M5au9k8IXNBkAoYqwV7na5xMUW2YRkTP6C. Statuscode 200
Durchlauf 162 von 510, nutze Token UI93J8J92ffamzGKRHJ8J94h8l7gKZBAW2r3M6Xm. Statuscode 200
Durchlauf 163 von 510, nutze Token xocNa8l93iqrqTYkPBWe8uXOCRTtjGHlxCFkbgTO. Statuscode 200
Durchlauf 164 von 510, nutze Token 0X7N8UwG29OuIKCFjBolwSKIGivGjdKCQ9f7Vyd1. Statuscode 200
Durchlauf 165 von 510, nutze Token MaycmUWXTeMU72RJN0SAtZZNQffLNUW9k257F1EL. Statuscode 200
Durchlauf 166 von 510, nutze Token oREOaI11xQaaNeuPwKTqji5yqTJit54mGdKo36jH. Statuscode 200
Durchlauf 167 von 510, nutze Token IRIX0okmy0RjyCkJ3ep0CoGsOLEnkN1y6XmaKtyQ. Statuscode 200
Durchlauf 168 von 510, nutze Token Axtk6I9GytSBRfrSO4CxMY4v8zpu35Lb5iO39yDX. Statuscode 200
Durchlauf 169 von 510, nutze Token 5lhLj4yUT5iTDUn2N0fpvcGTJdLk5iCnd0TXWzuG. Statuscode 200
Durchlauf 170 von 510, nutze Token MrMJm9tXBT1djupIdkikFHyGar7b5JVmSmQ7LLnd. Statuscode 200
Durchlauf 171 von 510, nutze Token yKslNzvBgMhobiCfBZBzugKrZXWiQ2eDcaeclP89. Statuscode 200
Durchlauf 172 von 510, nutze Token cCC6H1MHY0a46IonprxGSIEnNoofuXSx94dXm4gZ. Statuscode 200
Durchlauf 173 von 510, nutze Token f7PVusB2ercAaj3tAo6CcZlr56g5rB0PyBUCKCCC. Statuscode 200
Durchlauf 174 von 510, nutze Token rNjD06IKvlGM7eGNaP4RNMkLokTZ69kMnYCWLApj. Statuscode 200
Durchlauf 175 von 510, nutze Token Uscfgt5kUWZEobsFTvcZVGFs4lA5c0yqfvTkeduX. Statuscode 200
Durchlauf 176 von 510, nutze Token FdIA0RCjValU23f3dGktRTym0tWxNvAiwAPFcqps. Statuscode 200
Durchlauf 177 von 510, nutze Token qQou8nnsdkaruDdnrtIzI2VQzxlOLvARww2ycBhF. Statuscode 200
Durchlauf 178 von 510, nutze Token SvhL09hIqFVFfyxx8ucV6g2AhyCse7F7odvjWR55. Statuscode 200
Durchlauf 179 von 510, nutze Token vxHrzqumDFrn7yRLAsjVnx9xymrpCN0IQzXKhGjn. Statuscode 200
Durchlauf 180 von 510, nutze Token WghwuicMGR65gq9pA8J324ntDHH7rOTfBSvEKHpM. Statuscode 200
Durchlauf 181 von 510, nutze Token 7kuKFcQ6unNywuwTfkIHfkyQR28H6G7NiUhbNu3P. Statuscode 200
Durchlauf 182 von 510, nutze Token 6hshlfKErYtTNcvz9u7Jq8VGIbVqmbvAutuSllUT. Statuscode 200
Durchlauf 183 von 510, nutze Token TZNDvdYaQsMWpFMwwCgNkXfOspkB0wdgmma3Xjis. Statuscode 200
Durchlauf 184 von 510, nutze Token HmkRCrKnG6Qx1u20qfUNa5Oe8m7exAVmE3Nf1MzU. Statuscode 200
Durchlauf 185 von 510, nutze Token OhaXkf7SqNR6aqAYeATQ5pb43u9nOzG1XxiPPghH. Statuscode 200
Durchlauf 186 von 510, nutze Token sO3jAV9squk7bMWenG90xkErtjRW5e5pMSZ0KYZY. Statuscode 200
Durchlauf 187 von 510, nutze Token llpVWxE2nV4xx6NcPfqoeSfcuKt9Wn1wvWGL1atm. Statuscode 200
Durchlauf 188 von 510, nutze Token bi1uvnxfDkBmOGebiH3khzU6RP69h0sQ2rj5gCCh. Statuscode 200
Durchlauf 189 von 510, nutze Token KsmLbzsVzOYIkAxYmzILUu5rjSEa6xa8WFOllm5y. Statuscode 200
Durchlauf 190 von 510, nutze Token MlYKMyOBrTLfe5H6RYFwIJoaRGvc80mnNkqHBsE5. Statuscode 200
Durchlauf 191 von 510, nutze Token w4vPcQg5SfKbQ1F0MheSHbJjKV0A3q1C9gMpGrgH. Statuscode 200
Durchlauf 192 von 510, nutze Token oRvLELObRDVsZx8yqjxw9y30EUw40zKXJlXx8sRf. Statuscode 200
Durchlauf 193 von 510, nutze Token zsMNOm0TxKv92QYAj4xtRnVhA5WoaMz5nJnYnFd0. Statuscode 200
Durchlauf 194 von 510, nutze Token vbbzi5ZozWuOV47yPsoSQCRBrllFHUIo17arXe29. Statuscode 200
Durchlauf 195 von 510, nutze Token 1fxL2vZWY1pehdfw3JjQ9M4bhXOrtY1X1w1YeCPF. Statuscode 200
Durchlauf 196 von 510, nutze Token WPA34kJYBTcd9dmZOmIStmDXwpRTdcSkfSfInOx5. Statuscode 200
Durchlauf 197 von 510, nutze Token 9eScvCaIgWverSlvjYh6N7FDJNZDWfft2kRxlOG0. Statuscode 200
Durchlauf 198 von 510, nutze Token SKyAdzcwyMPgRoM4gfUSHdoACAR8dvvFW8lkbnMx. Statuscode 200
Durchlauf 199 von 510, nutze Token SQsrID0RgxM2z4qnEQsAd2vd356dXYDIMOmbNa6k. Statuscode 200
Durchlauf 200 von 510, nutze Token 2HhanrgvbmIuWhXzMssvvdmNhf5S9ENYfHq5vJfu. Statuscode 200
Durchlauf 201 von 510, nutze Token xvgsOlCtVeuub8dNZVzrYKUyuiEmKWeR18hYPCih. Statuscode 200
Durchlauf 202 von 510, nutze Token 2z7GWAnIY6WrZQXIrohLSwFnbWefg0MWMueJm7qH. Statuscode 200
Durchlauf 203 von 510, nutze Token WXXHD9flJgaqlddIjn39YZWwHdFxNmYed9pARrt9. Statuscode 200
Durchlauf 204 von 510, nutze Token Srzk35yrA6VCshsFAd66dhEH4sYLo3EfVU8neHED. Statuscode 200
Durchlauf 205 von 510, nutze Token yBiUlo01kdAc6WBIyFe95zGfpRWUFxwkMMe27meH. Statuscode 200
Durchlauf 206 von 510, nutze Token pWP5RAFvH7Z2wCbQEbbgq24EzbdFktTkhuNb7HBj. Statuscode 200
Durchlauf 207 von 510, nutze Token gvO75yIxcZgASCRZ2s93a8NN8wAFJcw5ThXlERuj. Statuscode 200
Durchlauf 208 von 510, nutze Token Afv6ENbEwV63M1OjLr0Xh9MWkBWIdIyAlofngbEu. Statuscode 200
Durchlauf 209 von 510, nutze Token ZtEaH946VlG0PHHQxYIj3z1GnrUHlhWbnZjRGloc. Statuscode 200
Durchlauf 210 von 510, nutze Token Z575a5DpP4yhnITUS8KokyFSqmfSzel8zvpPEO6N. Statuscode 200
Durchlauf 211 von 510, nutze Token yCXWgMfr9qSkLIjxgWhKdZAnUo3l7TIjtvnE1bwO. Statuscode 200
Durchlauf 212 von 510, nutze Token ZrMGjeA6Dbfjs7RCSgNq92jB2lQDZpSmNIhMMbzs. Statuscode 200
Durchlauf 213 von 510, nutze Token aW5tdWNol5qoooZuUJOEZfEHoR6liGdtCLzgGdKS. Statuscode 200
Durchlauf 214 von 510, nutze Token fLPZNL1ESerPB8e1yMxryNKg4i9KV28b6PLN7ZRK. Statuscode 200
Durchlauf 215 von 510, nutze Token vorNh9Yeg0bvbNTU6L2NUp0TXkMuyIxArQMfZbsa. Statuscode 200
Durchlauf 216 von 510, nutze Token yRIL4XbBbn1x4000M0ixdGClD3QiymkNKP2YaT22. Statuscode 200
Durchlauf 217 von 510, nutze Token I6uTCy3tx6z0Yy5aoXNTSJbsTrlZ3pOBJeEgqcGC. Statuscode 200
Durchlauf 218 von 510, nutze Token vcMWwbXeuej1NbmeakotMynHZQkgibpg0zjPjWYr. Statuscode 200
Durchlauf 219 von 510, nutze Token PnWbs2dzP22eUoUeOzIonnbPu5kN4sYoBA1rnWVV. Statuscode 200
Durchlauf 220 von 510, nutze Token RUJpGP6Mhc7LlLnXNPC6aFesg1LR07ilidqN8zxi. Statuscode 200
Durchlauf 221 von 510, nutze Token lcbjjIr0vvKOQMmwnU0C3x2jiWF6r4Pw6QFaB2lk. Statuscode 200
Durchlauf 222 von 510, nutze Token HqDXgzJat6qOKN2yiDb8Xyta08niQ4dQSopuuUZY. Statuscode 200
Durchlauf 223 von 510, nutze Token BYfpdAQtckCsA6GhEhUGHsjM65Cy667sVBOK4vCa. Statuscode 200
Durchlauf 224 von 510, nutze Token 74nbIHuQXyibPZQuOtbHFFS0jgSwLn1jPHaBJ8yt. Statuscode 200
Durchlauf 225 von 510, nutze Token E14wXpTLGVhMz92TxfCCqwTSddPuQ7of51hN7VWK. Statuscode 200
Durchlauf 226 von 510, nutze Token 7vtRu2mislk1bhAkycUXDqPBs2iVWOgJnXGuRr71. Statuscode 200
Durchlauf 227 von 510, nutze Token tQ1gB5c4MxhpQIl13nDb0y0Mmq3QtlEnNmQQcSIT. Statuscode 200
Durchlauf 228 von 510, nutze Token yzJEdCnovX9DSJtx93uVHvM7hRXJyi7gQRQNRlvs. Statuscode 200
Durchlauf 229 von 510, nutze Token Jf2TtOVL0X3JW7xIvmULNoPfDkQdOVqYikSCJnLo. Statuscode 200
Durchlauf 230 von 510, nutze Token 1IbV1d85r9UyYtcNSaohsGXlOm9EYAfES5rVg035. Statuscode 200
Durchlauf 231 von 510, nutze Token GQzDXiHkXNwJ8dgPzoqa35pvz1ho7Al20nU1L3Tn. Statuscode 200
Durchlauf 232 von 510, nutze Token 6HVeNOayoA3mcjDswIGf0QG3WmhiRPYI2d1TyD2B. Statuscode 200
Durchlauf 233 von 510, nutze Token VsnzqmxWj9nSfZW9mWsodKuWWAvJUrkWl54PIvnu. Statuscode 200
Durchlauf 234 von 510, nutze Token eITUGH3Fm2iMfUdsq8LAgHGI8PtZVi5NpoBvngBw. Statuscode 200
Durchlauf 235 von 510, nutze Token ro5GGfhNfWQ235imk1Gsqu7PQFI06IZoSaNxAWzq. Statuscode 200
Durchlauf 236 von 510, nutze Token kanGzSLqSJFyiqUxcueIaxmtumEswOHdkQ2RlZu8. Statuscode 200
Durchlauf 237 von 510, nutze Token xKhPLXzarT1n3e8tzuFlWI5DbBYwgcJQJKIxDrow. Statuscode 200
Durchlauf 238 von 510, nutze Token wyZanyTLokZW4hxOWEq5KVhUyfTOzwxcuSByEebt. Statuscode 200
Durchlauf 239 von 510, nutze Token MZdM0qodGL5yfjg40E75mQrN0iku4v8gBQSMjExZ. Statuscode 200
Durchlauf 240 von 510, nutze Token MwqIjldXwVA3bluo7AxVfLexqSi3lBh1y3QiBNCi. Statuscode 200
Durchlauf 241 von 510, nutze Token ENHjtdqHxsZEzLAzm40vCIIRaoh1DSkY9eHMmMcf. Statuscode 200
Durchlauf 242 von 510, nutze Token AZWVAT7fkMlVr1yUMyF1TClzPujcArYB0okHTRy4. Statuscode 200
Durchlauf 243 von 510, nutze Token mUDg8tw4GNIMRe96gyHG7LjQuLyOyYAzKGST7ZOS. Statuscode 200
Durchlauf 244 von 510, nutze Token DvnRLyTrEqAJrN9ap5q0Ma9N0H0voW4u5rUPUWKF. Statuscode 200
Durchlauf 245 von 510, nutze Token fRFQ5qSJU3KfpXg6QsBYu4zsw0bcmLyKc8pukbcO. Statuscode 200
Durchlauf 246 von 510, nutze Token mE5rKGzF0uMMWmmfN8T2H72J81d5LMq1n4vqZqax. Statuscode 200
Durchlauf 247 von 510, nutze Token TnwFOj8zUn3o1cyQ8BP0wopbv1yz7VIj0uCzUcxl. Statuscode 200
Durchlauf 248 von 510, nutze Token g2NAQ3EH8aacgijKQNA0rlELruBNraTs9u2mXQt6. Statuscode 200
Durchlauf 249 von 510, nutze Token 35vlNtBO4cZIPI0lNA6U4Fxah8bFNRbLNv1NMQfz. Statuscode 200
Durchlauf 250 von 510, nutze Token IhNJOj6yY4h38obdyOIJxP9sCDPVjMft9rDmCJoc. Statuscode 200
Durchlauf 251 von 510, nutze Token 30wVY5NW7OwG7ZJ25UBW40iw4D0vtFGew6cOrF1F. Statuscode 200
Durchlauf 252 von 510, nutze Token PjTWXOyCgFn5cWU5yxLUaPCWhumPqe3zFWvzY2ag. Statuscode 200
Durchlauf 253 von 510, nutze Token 7sqgcQcL40EUxaEzjKQoQX0GFhlTau4cbV1Am7hO. Statuscode 200
Durchlauf 254 von 510, nutze Token 9rT7i6GbOJkv0fR252VoeiDuDS1SgXXusJVButJ5. Statuscode 200
Durchlauf 255 von 510, nutze Token sZkoLdGf2wbjffFd3JQUfb3MhkbE5P5mJmKxew0e. Statuscode 200
Durchlauf 256 von 510, nutze Token 9p1H1ef91rnctzldw4IRFivK1DFtuxL7Zinm7aiT. Statuscode 200
Durchlauf 257 von 510, nutze Token OuSC72QQkZdqx1LZWzqxnlUsiXZnDxCfkTr3yOpo. Statuscode 200
Durchlauf 258 von 510, nutze Token hVW75WATuELnoMrgs4YDJToKl06WUbsAFftkyYjo. Statuscode 200
Durchlauf 259 von 510, nutze Token wxmaNee7ATqbusO86dxTmFDs2BSMEqQLTrXzukbp. Statuscode 200
Durchlauf 260 von 510, nutze Token vL3RaiRv1TJROWH7mz0Y9XCf6wZYsV7ljCuuMToR. Statuscode 200
Durchlauf 261 von 510, nutze Token OogX71V7cPPVhDEW6Ms7CPXhKa5Zd08Y04bkMr6l. Statuscode 200
Durchlauf 262 von 510, nutze Token 8uaCFtVlT3dDbTMjYgamFJ0D3wiQH3wMsElmwqWK. Statuscode 200
Durchlauf 263 von 510, nutze Token 5OZ5VokYCs6Mte5yRb3pn7yq8e6fqGWoPBePC7ql. Statuscode 200
Durchlauf 264 von 510, nutze Token tBSqTtpnu3ElWrv1QyZnsfmnezQ8gm9LU406TxJc. Statuscode 200
Durchlauf 265 von 510, nutze Token Ymi3X3tpw6YGfEWrah9UUl9gx7sIkEZPj3oA2jvz. Statuscode 200
Durchlauf 266 von 510, nutze Token ZjA6Glze5yE8XcsyCEOhusdXu1dNfOjpOEwzxafQ. Statuscode 200
Durchlauf 267 von 510, nutze Token kQxBtE9v6hMtflFXPWx5PwDJIWHqOQN5h5ma0PMz. Statuscode 200
Durchlauf 268 von 510, nutze Token anHPc85NsUkbECPU0LJgKg1RpM8tWw7JtgV1vgVT. Statuscode 200
Durchlauf 269 von 510, nutze Token V30f8086SOlbQEoadbj13TDIXBoNg4MBEkBMxd5h. Statuscode 200
Durchlauf 270 von 510, nutze Token FWAf4nulzHmY3PHr00GHi2B4vqvniH8BPXMbwAPD. Statuscode 200
Durchlauf 271 von 510, nutze Token CzlvDTfNFYxqY8HWrCB87ywp3QARoDRX6Y73067y. Statuscode 200
Durchlauf 272 von 510, nutze Token w09B4Mca0hXodKywLywHwn2qmUecz6TxK2eoVtxV. Statuscode 200
Durchlauf 273 von 510, nutze Token 1ufJyWhovM1BeL5LqOX860UYROUfvA9zJbynZLe2. Statuscode 200
Durchlauf 274 von 510, nutze Token mQLLpNiHHwS3ZVp7UHNLhjTw07sIutoRTKvIEB9L. Statuscode 200
Durchlauf 275 von 510, nutze Token Srq3vjiyoPeJaaHzzSa7Vwx4Xvw6xDyCyV1KFVf0. Statuscode 200
Durchlauf 276 von 510, nutze Token HC7j9aS1nIzaafOVxJNnvFnEfWotcNaAaA9MNkck. Statuscode 200
Durchlauf 277 von 510, nutze Token 245QzUY2QoQmMi05eucOZcZoDlpq4RxR1E8R2OAG. Statuscode 200
Durchlauf 278 von 510, nutze Token Gka50XSDRZ5MZJ2Wqwv7xS6yyHQmAn2oRSC8wKQg. Statuscode 200
Durchlauf 279 von 510, nutze Token AbuL4DMcyM6w2Ib9cJFCVnRpaBkbeSccHFszpbD0. Statuscode 200
Durchlauf 280 von 510, nutze Token RLVrZ0FzTFeG5LEbfDwc9c8IArgBWWjQMwGsBgnJ. Statuscode 200
Durchlauf 281 von 510, nutze Token UrOK1HlkJHo0FUW0jzrN5DsYf4yQYbSQxtxhISWC. Statuscode 200
Durchlauf 282 von 510, nutze Token hbZwV0kG2MKERUgNdjj8yxGk1ZbJP1de39EPoSTm. Statuscode 200
Durchlauf 283 von 510, nutze Token cvTqpnlwuJU5IxPCRUZiBHLY43qzwccL4ooKHyrH. Statuscode 200
Durchlauf 284 von 510, nutze Token hvP1bB44Y8PEt4S4MYV3vKWzSWXiNqO4Gb1zM02e. Statuscode 200
Durchlauf 285 von 510, nutze Token QqrlbovBEKwA4kXU1hwt1HFGX5QRUSDNQrRJXUut. Statuscode 200
Durchlauf 286 von 510, nutze Token SpZh04RYVNUuMRtMyX3aHIGoNkJXFlRzM97MaK9I. Statuscode 200
Durchlauf 287 von 510, nutze Token ymxc27zisb561o80ON3HjxvkHsdtBwC8MgYT7vpw. Statuscode 200
Durchlauf 288 von 510, nutze Token SRtE994IYzHiwbKV8eyWX5XPxvygfhzFwW2eUi4Z. Statuscode 200
Durchlauf 289 von 510, nutze Token GwPMALCf1FVFonjA0P4V55OgUxJpUiIp62Lrp7zg. Statuscode 200
Durchlauf 290 von 510, nutze Token vQQmmiNHAdk00x7B35MndaSE4PVeD8diaN9kb9Xc. Statuscode 200
Durchlauf 291 von 510, nutze Token FivNiHbtT6fUbsToOPlWYDKQh2Y1RCoWwKDUc0IM. Statuscode 200
Durchlauf 292 von 510, nutze Token PicY9ML8Tzjxj0BhwBnPDKjm1CR8DMRMR4W7KAky. Statuscode 200
Durchlauf 293 von 510, nutze Token svzBGp5vaayCSoV3Sf15rLY93QB05h3J2ie85QMb. Statuscode 200
Durchlauf 294 von 510, nutze Token 9XXMJc3yqrNsglRr9aElKmReNMWgEWhLW5u3P5g9. Statuscode 200
Durchlauf 295 von 510, nutze Token ykkviNy8xJHNOysqNf6aJPxfe78QLCd0EBULuNdV. Statuscode 200
Durchlauf 296 von 510, nutze Token xpGix8j81C3Giil10p9b8uV8Fe3yuMiWyTEPH5iW. Statuscode 200
Durchlauf 297 von 510, nutze Token gnk6tC7qW9hse0MK7fjndq4Ea4RB8MczfXi73UP3. Statuscode 200
Durchlauf 298 von 510, nutze Token gM5BcbsxJzeAvm4pECmk33A3bxhAunuQnH1bFV7Z. Statuscode 200
Durchlauf 299 von 510, nutze Token YH4cA4qNAE2si5vbl1aNhEI6eM0s3DyN2ZHPTrEx. Statuscode 200
Durchlauf 300 von 510, nutze Token 7Vul41bmmIdxAbQbGLCCp0I7K9390p4WEM0wyRqF. Statuscode 200
Durchlauf 301 von 510, nutze Token mr1td1cY6GcMGKlfBBcKxywseurLquYQHsnatiZN. Statuscode 200
Durchlauf 302 von 510, nutze Token LyI1MpGBBuJltltCRmUA3rZe3xPHbhgSwyTeFU81. Statuscode 200
Durchlauf 303 von 510, nutze Token PzMQgJmGK7WHkucRag4TnbpVQTNGKn7SJvPhBBhH. Statuscode 200
Durchlauf 304 von 510, nutze Token fEcQorFYuWhPrZRn4t8MB9S7ygTnyi0kY5aSUi7b. Statuscode 200
Durchlauf 305 von 510, nutze Token SMk92lyvVIL4GNGxvq4kcvkq7CYqWsb78vtl4B72. Statuscode 200
Durchlauf 306 von 510, nutze Token ImvrZ2AYqriBGnduWMrIyrJz2ofQ567AesfRuHFY. Statuscode 200
Durchlauf 307 von 510, nutze Token CCwOeBNNQLogVGFbC6Rq3FBzcbmsZJadVXkuk6rs. Statuscode 200
Durchlauf 308 von 510, nutze Token tSPb2r2CSx5v6ygd22lxOXqqPbU7cpaUkuMs2bb1. Statuscode 200
Durchlauf 309 von 510, nutze Token IrUZjbDicD360y9D99RHIac2PsGx98htV2IcMbLk. Statuscode 200
Durchlauf 310 von 510, nutze Token eQ0VMG36MezEOjzypHaR4c1hWVqYFq7DJmxNDqKH. Statuscode 200
Durchlauf 311 von 510, nutze Token ZHP1qEvDDSNllvlH8wj7Jn929IQNnHJ2rVEnXTgp. Statuscode 200
Durchlauf 312 von 510, nutze Token DRSsw2VVWzYRpT3jU0AKtZPnGv5ZQb9BRGDcZGFg. Statuscode 200
Durchlauf 313 von 510, nutze Token 4wrThakz30wjmwC3cHzcR7C6EeddjEymBs2cJ1Hv. Statuscode 200
Durchlauf 314 von 510, nutze Token aYiv46rgSCHKUwHkw8Q9T5mcLAqP3bUAekjigfbc. Statuscode 200
Durchlauf 315 von 510, nutze Token FdgQEkfV0wWeIm3zXAot7Sk2AlUJo8FSGSTwqITw. Statuscode 200
Durchlauf 316 von 510, nutze Token yU4xxWUtQkibcl68QXleZDhqJGgCzEnJINoJGCRx. Statuscode 200
Durchlauf 317 von 510, nutze Token NNu5NYsaZbaghic10nh7kVWYKAf1TugPPQ176ybN. Statuscode 200
Durchlauf 318 von 510, nutze Token 7xWkbpJtpl4yWR2nl3ZpTdmnY08dvJb4FR2qzQls. Statuscode 200
Durchlauf 319 von 510, nutze Token uny6uqEB0bXbKbJkYZx9Uv8xOANMDn8OKOpyIUgF. Statuscode 200
Durchlauf 320 von 510, nutze Token 3lMt53I2mTK285cNlY4uZrOQwVCK9I5pH7uTxJG6. Statuscode 200
Durchlauf 321 von 510, nutze Token gZCrpLrE25xGI6v7X4dmA6DU7x4iz9qJV0HkOk2S. Statuscode 200
Durchlauf 322 von 510, nutze Token KZLSjzReBiDoqfhkyw3pa3lstUXYfz7kJxTso9JP. Statuscode 200
Durchlauf 323 von 510, nutze Token gcgRAK8A9oiRmCksTCyphE7qGc7FVmDRQ4ku0ThS. Statuscode 200
Durchlauf 324 von 510, nutze Token Zdp3k9R32s2g1dPr3VVVAaMU5Dd2llU43BNxRboc. Statuscode 200
Durchlauf 325 von 510, nutze Token s6MDyP6DidsX7ThTeztaE1ZDwaZaTASYtKXmCtxh. Statuscode 200
Durchlauf 326 von 510, nutze Token Nazewvpe7l0rrK6XtC5VnqfoyjrnyKe3NWdvpJi1. Statuscode 200
Durchlauf 327 von 510, nutze Token dnrLZcPhXhazkkOfgon7IKVQqLFkRxDB9OEGOcFP. Statuscode 200
Durchlauf 328 von 510, nutze Token EbVjg1WARcos8vtjoY448jIVRXei3oC9gYHcKn7G. Statuscode 200
Durchlauf 329 von 510, nutze Token 5WqJw87YG1SADx9CvxgoHaWNgK00zwCv5TbQUSJK. Statuscode 200
Durchlauf 330 von 510, nutze Token 2dhrlO1CudmPUMibbLkyyGlRv4diq3FnNFunyF6p. Statuscode 200
Durchlauf 331 von 510, nutze Token rSWbRE0pNfyv5ulYKBz1B370vfBIpvGCLBru8Eao. Statuscode 200
Durchlauf 332 von 510, nutze Token uXsrvZ1yPB709CP9X5J2DZeRhgnFGhUTFRq1fB4X. Statuscode 200
Durchlauf 333 von 510, nutze Token v3tzOMACc0daDBhPdzGeTMGLUoAC7obMLAWkxJ3p. Statuscode 200
Durchlauf 334 von 510, nutze Token 4jvP5Y6p3cA5NeoS5BgTT9InOxfpovsaKqS8GDSL. Statuscode 200
Durchlauf 335 von 510, nutze Token ZxLdUYPCh7PdN4LyzotkRCVAMkU5UV5iXv8S36OC. Statuscode 200
Durchlauf 336 von 510, nutze Token HSSrh6Xomku6df9ClROIaIJBb7fwmMYUUR9AmhK4. Statuscode 200
Durchlauf 337 von 510, nutze Token rZJZTb9njpaqNjmKfWoPxpMBhORHWres7nQCPdSy. Statuscode 200
Durchlauf 338 von 510, nutze Token aSawnScnhgGpKyGxdecEhUBpmAJQTymCfqnOAxC8. Statuscode 200
Durchlauf 339 von 510, nutze Token BDCwJ4kQbpBeNFFMGd9iaKhnREpV5pksv50sf3wD. Statuscode 200
Durchlauf 340 von 510, nutze Token Xhr609SYEbaXwHH2cpJBv4Px1MblKedbepvDb1FG. Statuscode 200
Durchlauf 341 von 510, nutze Token 1zZ90jMqsC6p2JTTJwGb7F3oUm3BoF13tNtQOaQj. Statuscode 200
Durchlauf 342 von 510, nutze Token ROdDj1pdGjYC7IW4DVc4fiphKOzAczwIC9as2kTd. Statuscode 200
Durchlauf 343 von 510, nutze Token MlkRYZwZjRzEdZ63mwgPSCP8KKjh5ZmQ5RgLQ4v8. Statuscode 200
Durchlauf 344 von 510, nutze Token cinhCgaiPSRXwiRhNyl082zOCxS3sPdZrRvE6AvZ. Statuscode 200
Durchlauf 345 von 510, nutze Token sFH1UkYtgPpiBfWevAJqjRrNa89wGkOrvhy7qUQP. Statuscode 200
Durchlauf 346 von 510, nutze Token DMhd5ylM2qF1AEFVU3q7Ch0Dhz3MDoeY8YrYAxSK. Statuscode 200
Durchlauf 347 von 510, nutze Token JSRRbuWUzHoSyFN7vZ2ViiQ5TgJoCt3zg9pK5PRO. Statuscode 200
Durchlauf 348 von 510, nutze Token UMJfIZGXyGGeZlIRjIZGvvm7my1UOFtoZkOsuKGa. Statuscode 200
Durchlauf 349 von 510, nutze Token eti8FC67UNCSdfqbdYoQ4rT3kvvl4MIv9uG1Jzts. Statuscode 200
Durchlauf 350 von 510, nutze Token 4J3TLdo9A5FkpN8WyrXIztLKYJZJ8dSowIYo6OKQ. Statuscode 200
Durchlauf 351 von 510, nutze Token xkLob9o5NzWBzmgspuldoSWCkSTSKoQynLmRzKbL. Statuscode 200
Durchlauf 352 von 510, nutze Token rfWu0dnGpTB3VbKIIfIncDuS1R6GrLxp2ftdHiue. Statuscode 200
Durchlauf 353 von 510, nutze Token MK53b04ycPvJTe9TuwBI4Mhu1y1H2yO9wwCESVRf. Statuscode 200
Durchlauf 354 von 510, nutze Token CB3W6tIPHDTMwxz9L0FuUvJsMY0caNLcB2pUxwJ0. Statuscode 200
Durchlauf 355 von 510, nutze Token RYCHGViVrTkd21D2Z6o9JzfJwiSKyuXKaF43rqVV. Statuscode 200
Durchlauf 356 von 510, nutze Token fcgZlcVQhvWYY5Wo36VENHmWNOxBjRWccmPEF5IS. Statuscode 200
Durchlauf 357 von 510, nutze Token kCVe2oZivN6P2OaPU4icU5XHaszzabyzAbPWAy97. Statuscode 200
Durchlauf 358 von 510, nutze Token 5qY76WvnOcgP5S8RhK9xKyyYviUOziqCzlnGao0r. Statuscode 200
Durchlauf 359 von 510, nutze Token HNGBMFhXWIuhEDHcq5elY1FgXExujv7cgIiQCisa. Statuscode 200
Durchlauf 360 von 510, nutze Token 0OxnfJXZeyQixxPNhk8FmHsBrxIinkz7n7v9ZLmK. Statuscode 200
Durchlauf 361 von 510, nutze Token 2m6xnHZR10SkYWAUrluFIocfqOsPzoeGw28sQmmn. Statuscode 200
Durchlauf 362 von 510, nutze Token waPYgY2uPlMEcwZvNj1TugXoK8m5oQ254dtRZjM6. Statuscode 200
Durchlauf 363 von 510, nutze Token 4RrXPzNw83iqazK1BKCRqeFkbrGA2bNGB9Nrric0. Statuscode 200
Durchlauf 364 von 510, nutze Token sbNWYLHtA5ftREs13Hu0IHFJVd4vBrX4TAw89ekG. Statuscode 200
Durchlauf 365 von 510, nutze Token FObsiPYeqfsXCgYThyy6CDU2Mz0gshMIW36hKMEQ. Statuscode 200
Durchlauf 366 von 510, nutze Token ObdFbUjVpyFVYDWACFwvG2UE6ugAk73XSowZYqt3. Statuscode 200
Durchlauf 367 von 510, nutze Token eeGjm2wmXROZHcNtmqRcedyHhzTfiO8BAsJNfVws. Statuscode 200
Durchlauf 368 von 510, nutze Token 1dfEKLqlpnEYgarAMQnDyMuotgbtqOkvCYe9KDml. Statuscode 200
Durchlauf 369 von 510, nutze Token yXs6QcAfqt9O7FCyYwlms2sjjcWqn0SH87RGWCIc. Statuscode 200
Durchlauf 370 von 510, nutze Token q7yXrWHAnuCz3Z7QGPWa59vkewPkPDYa7oqBoOBj. Statuscode 200
Durchlauf 371 von 510, nutze Token jArWmQcApeF90XRAME6Afyz0vef0y6YvzCjn0g0l. Statuscode 200
Durchlauf 372 von 510, nutze Token 8Pio1srZobYcLWpp0mA4zhuzl2L1T6j8mvk1okXW. Statuscode 200
Durchlauf 373 von 510, nutze Token A6t1FL0R3J789iERxKZfLQFpoyJ20rHX2voU25LY. Statuscode 200
Durchlauf 374 von 510, nutze Token 03JLzuB9ZI0B8ATsqgnELQ3hRI71OWwkC2roR44h. Statuscode 200
Durchlauf 375 von 510, nutze Token EVOvTOU3HMtIoViO4MktudT2G83Q1evITkq3BuGl. Statuscode 200
Durchlauf 376 von 510, nutze Token kmYoVRDJDtxJoJw7jPNQM7W7goEZ4qVcyd8SNBdF. Statuscode 200
Durchlauf 377 von 510, nutze Token l1Njc3foCb1kijjuzj3nmneI4NfxqfcdvabtVvUS. Statuscode 200
Durchlauf 378 von 510, nutze Token Jxzmyo0iZDBzeDGsBlbN1hvYlcQdI2e78V3YdSJJ. Statuscode 200
Durchlauf 379 von 510, nutze Token joLut3u35j3FSGM65byY7kpLmSomHsevDoZZsfOA. Statuscode 200
Durchlauf 380 von 510, nutze Token E9qhDGS3iGMLRhok9m7IXKoz7ZgsYv2RfOZtBRqB. Statuscode 200
Durchlauf 381 von 510, nutze Token 6Um1vmg0PG1c7yYXRqvzBSZGkk3A7NgPpzLDnmKO. Statuscode 200
Durchlauf 382 von 510, nutze Token WJbozH63dbXFFGD8F2qmqwwtYXfA5zwIfEotAsao. Statuscode 200
Durchlauf 383 von 510, nutze Token oGfIyaFSsTe9xA7y5IuYaLR7X1xC2p1Q1H2L8DV5. Statuscode 200
Durchlauf 384 von 510, nutze Token B7QEFUavG0Uj3WuR373nMVg1dgAEmUu9zrKdBskX. Statuscode 200
Durchlauf 385 von 510, nutze Token oRzWDqkAX25R90HJsGHJST82LVv0Apn63OTEJkSy. Statuscode 200
Durchlauf 386 von 510, nutze Token LHCW4qhOLcxHmcwrcxb3zbNtRiWhxALkYRzYHIsm. Statuscode 200
Durchlauf 387 von 510, nutze Token eOsy4D1vdho8KgjF0Iw6yWqB2VCrvDYw3VPKOrnK. Statuscode 200
Durchlauf 388 von 510, nutze Token 5okzEsEenuzoqVwgR3QUkuGpmj0YWh0i5t86tIIL. Statuscode 200
Durchlauf 389 von 510, nutze Token zl4BQmJDb8IPrLA31TheltF2YkuoKyOHUhV62HOH. Statuscode 200
Durchlauf 390 von 510, nutze Token ua03aZU8Nag2r82U6SzcHmm1YnhF5ubE5X8u4rHe. Statuscode 200
Durchlauf 391 von 510, nutze Token mq8BAr2lJ5LbAY5XKalzop0YhgUfj7U3DV00JJ6V. Statuscode 200
Durchlauf 392 von 510, nutze Token VqFdsFA2FSJYQMiE2jGYywRd1NuMYGJrc6Q6iiYd. Statuscode 200
Durchlauf 393 von 510, nutze Token kiyroydk7EnlxgDSGGci4y4zb5E8maMpf96NF0Wm. Statuscode 200
Durchlauf 394 von 510, nutze Token PoSo2Fvi8PbYMwk9RQMseqzgaF8XDH22pbVlKr2C. Statuscode 200
Durchlauf 395 von 510, nutze Token 8xeiYzWOWWvS2CIVP6SFhG8vyBil5kqq9teZeTey. Statuscode 200
Durchlauf 396 von 510, nutze Token SIvyFZxXhztc0UzQWjTY0tNLSg7zeTkL4OttU8Hv. Statuscode 200
Durchlauf 397 von 510, nutze Token H9yH9lbWGpbvEwIsNkS6YxsaXGPy3HuBGu7Xwexf. Statuscode 200
Durchlauf 398 von 510, nutze Token 9a87aIJJpnxvbrZ3C3dM2WgGC9F4t346Kwju6GhY. Statuscode 200
Durchlauf 399 von 510, nutze Token 8iZpTRMmRvM8xQEPk5TOD5P2K1Fl84fWc1jGrRCO. Statuscode 200
Durchlauf 400 von 510, nutze Token Opoxp8pIU0EAYKrwy88XURS0Ht37z0VSazaYaFP9. Statuscode 200
Durchlauf 401 von 510, nutze Token R45VfsLYRJ7rpauecVyHdcASXw146nYifwrATr74. Statuscode 200
Durchlauf 402 von 510, nutze Token s77cTJfOZjv2crGVNeQIRlqwYhGYD8LUwqk3950r. Statuscode 200
Durchlauf 403 von 510, nutze Token zW4Fj5dVHcbUfhfrJVUjZn2K4PcAGgKvwhPPm2VX. Statuscode 200
Durchlauf 404 von 510, nutze Token d0JFGKsAA3hHxWiMdHgzLKDqA8sW84G4nAuIxNiR. Statuscode 200
Durchlauf 405 von 510, nutze Token TRIIGLyzmz7KdJ0sGOUNVA5XEURBCMF7b4HA6TGl. Statuscode 200
Durchlauf 406 von 510, nutze Token Yjp1UdM8lSPayT0nUyjUPIxO1J7ZQuDZ1u4dc03E. Statuscode 200
Durchlauf 407 von 510, nutze Token SjJtUJhA1lGxMTlAwmt3xqQAMEQakjE61Ff6gWQ8. Statuscode 200
Durchlauf 408 von 510, nutze Token wLo6uHJmAZI8cONklKe78RNvSD2lCFksWyffYuM3. Statuscode 200
Durchlauf 409 von 510, nutze Token Gy6Q4ypfCsyK1F2eqrLkHKNottIkxjEsQegZiiLQ. Statuscode 200
Durchlauf 410 von 510, nutze Token p1MlffzKFrsFtH5eUAZ6ivXgi6DRiGwp90A83dRp. Statuscode 200
Durchlauf 411 von 510, nutze Token YROsEZdccpd9UJ0eLvw3LKiUzJuJGfuHv1xOuXT3. Statuscode 200
Durchlauf 412 von 510, nutze Token q8wcsRkoDjNfxY0jE0xvm48B4yF33huJ3aXzeTw3. Statuscode 200
Durchlauf 413 von 510, nutze Token KJdG5LSssN9SRWBQ2pkg7KHfSQbX533OMhr878W8. Statuscode 200
Durchlauf 414 von 510, nutze Token hkJXUgpW4nGWU5IYENEMnFVN2rcIUkuLDEpde2hO. Statuscode 200
Durchlauf 415 von 510, nutze Token NEb0MNmgKwMhjtQAiZER2hIEjcRpi2k2YV5u5nkI. Statuscode 200
Durchlauf 416 von 510, nutze Token zzcNwL5pbsekXZ2cOrUp783LfClFHeiq6NhobGL2. Statuscode 200
Durchlauf 417 von 510, nutze Token 2QyREG9SKqs5Bd0za44N5LjAd9iLashSGZd9xOXO. Statuscode 200
Durchlauf 418 von 510, nutze Token HTgvG6K5EKmfGY0bi7FCeHXw4ysvOtUy6BDAIfbn. Statuscode 200
Durchlauf 419 von 510, nutze Token s5aS0kjYqkAIPXUf5dFaqlAfBlWFzDF6ymHIUnpP. Statuscode 200
Durchlauf 420 von 510, nutze Token MGVeH4wltaiwUBEcH1y1mGRBfw2sKcpyQFUbRS21. Statuscode 200
Durchlauf 421 von 510, nutze Token lUxWMNGogWvwVyxUcRWD2S6yjFrvBoWHBkKZEO1S. Statuscode 200
Durchlauf 422 von 510, nutze Token ATf2d49rJOWgqQL1OpZC7qzYXvlMbM3muxrNxRMQ. Statuscode 200
Durchlauf 423 von 510, nutze Token 91vRfT0bfq7N1I8R3wJHILv217nQuIalmspxCdEX. Statuscode 200
Durchlauf 424 von 510, nutze Token BIkwB4i1GeM08QTtBTI7gIXaAkXEtYDPXNhRYca7. Statuscode 200
Durchlauf 425 von 510, nutze Token RegMrRIKpCWRgOtknIVGSXUcj9T8OqjlH3hJr4O2. Statuscode 200
Durchlauf 426 von 510, nutze Token g42VgzAVxAz7lC4MH6ClcKKbWvjk0BIw71xz0S67. Statuscode 200
Durchlauf 427 von 510, nutze Token RMgUw2bBbWxImGrnEApBjVZG9Q5wEyOVO0wBehFF. Statuscode 200
Durchlauf 428 von 510, nutze Token QR3atJ8kOgxC99kpbccOnBXPRthsVM3bNlJgcvvv. Statuscode 200
Durchlauf 429 von 510, nutze Token LKZUkRGrIhvLhNNb6uLgV2BTnF8bC4WBs51ic5Km. Statuscode 200
Durchlauf 430 von 510, nutze Token dxyERWCvyuMDzJITML608JecCeyULlehZ0xwmbF4. Statuscode 200
Durchlauf 431 von 510, nutze Token q4YsZX1ZXZGQNGVSl3OietgDW9Sa2JwCsURlC9rB. Statuscode 200
Durchlauf 432 von 510, nutze Token Ny6kQWcvUxpTvCYZmidMrFL9pS121L972fnc4SpS. Statuscode 200
Durchlauf 433 von 510, nutze Token Cs9ejnQkUXU76O2pXG7VX0zvQ4cllaPu92J1DoCR. Statuscode 200
Durchlauf 434 von 510, nutze Token jB5a6dxZuZ4Chcc1kJ1xu7Egfr6ikGYOvfizfMEt. Statuscode 200
Durchlauf 435 von 510, nutze Token XSR25j8fCK0rTC8tED9uHKU7B9jkrCe3GS3D3DMK. Statuscode 200
Durchlauf 436 von 510, nutze Token ChC5OdtnlqkQh57s9baIOvwR3P7yCPwVDw5wjELq. Statuscode 200
Durchlauf 437 von 510, nutze Token yVbWkpNXC8ZYwapdUPX5izYcYKcx82rTydqSjH2J. Statuscode 200
Durchlauf 438 von 510, nutze Token qNSM6y5smd03k6Ck40Y31gkGwO70iAZrgkIww6Uu. Statuscode 200
Durchlauf 439 von 510, nutze Token y8nZ8YkVNHtt6gI5Bs9zYpmpnbJTfxFdqXYr841E. Statuscode 200
Durchlauf 440 von 510, nutze Token TfVydx7m7jVx0zJ4SRuAxWSXRiSl56qvTt39v0vg. Statuscode 200
Durchlauf 441 von 510, nutze Token 0ShbNWQHpUZ8OWHcuwrrI59qHUc2bpMVt4AmXMVr. Statuscode 200
Durchlauf 442 von 510, nutze Token OD9vMAxaj330ZU4EVIWAPhfsF73VXUiWm4QR6wbL. Statuscode 200
Durchlauf 443 von 510, nutze Token DpqWTcKzDmDiJXL6qYeTp3ODJwf6ImG66evmMmT3. Statuscode 200
Durchlauf 444 von 510, nutze Token cfDVPdlfp1XoeRNSj1YsqyMLmLhYcTmce3i3A1hM. Statuscode 200
Durchlauf 445 von 510, nutze Token pkHSAUxiKRGghGtK7qmy4Q4Gtp8X8E7bKkKEnhbo. Statuscode 200
Durchlauf 446 von 510, nutze Token y6RPmVtJXidYNr3NA8VciVPQmIok9wsVq1wmmc7r. Statuscode 200
Durchlauf 447 von 510, nutze Token eMyJgvpYfX653aEkj4WDphZC8afduQpAcpS18mdo. Statuscode 200
Durchlauf 448 von 510, nutze Token NC9qvVbMB997306yw1dGKOoT7SKv1OuNloP8ZXvp. Statuscode 200
Durchlauf 449 von 510, nutze Token 7OJOXXqjERKvO99FOqjLxVocRk8SDRz319WDnKrV. Statuscode 200
Durchlauf 450 von 510, nutze Token QKIeUHKGa366dgYw1B4wSi9zDThVfngrCmO4yHRh. Statuscode 200
Durchlauf 451 von 510, nutze Token 8uk99UIBRXEjX27U7HjfHwNRwx2LHrVmAXzNnjJ1. Statuscode 200
Durchlauf 452 von 510, nutze Token 3BC4B6rUsGyiKl3f7RHSpfMJBlAFnBvOZyIWq1uE. Statuscode 200
Durchlauf 453 von 510, nutze Token oJVyOqD0YGI3RkG9y8olHHu0rbuIkvIEa6JpTH7y. Statuscode 200
Durchlauf 454 von 510, nutze Token sfdB05BNKKZNPSvOoEfk6JeInsNCMJE8q0g6aLAF. Statuscode 200
Durchlauf 455 von 510, nutze Token 0Hz8GCuSRip4t2taxVT8Dp6Y9Ds7VIAk785ozf75. Statuscode 200
Durchlauf 456 von 510, nutze Token umeFYr2LU2tA9ATZh7qgWsa35LxEThnHx5n8UhSc. Statuscode 200
Durchlauf 457 von 510, nutze Token QoTEn2oXMTnoAGL9MiDYRxqrwEKjwYPTZd2HAepM. Statuscode 200
Durchlauf 458 von 510, nutze Token ZIgyD5lE2tqZe64hk3lhMdG2h1XGFHUED3VGeIo3. Statuscode 200
Durchlauf 459 von 510, nutze Token ErEXLnHGDokpxGPqNCBrCzxO0fWJaIkS0fKS0TbM. Statuscode 200
Durchlauf 460 von 510, nutze Token tpdY7NR6C8RKm6xKwVOlPsp3qWWKJCjyO7hg1QNR. Statuscode 200
Durchlauf 461 von 510, nutze Token zGx4cj9J4vRy6UEby3uJKi5rDOThykQobUJYb6wB. Statuscode 200
Durchlauf 462 von 510, nutze Token ZUbA5IssIgdRvIglAl2dAQ39pumpbC4TLtqCxBzc. Statuscode 200
Durchlauf 463 von 510, nutze Token WLqTFkPEMXsJdp9csQTP1xz42DL3AKlTlHLbJzZG. Statuscode 200
Durchlauf 464 von 510, nutze Token 5SBhPKTV1Uyqd9EtUTNEwtMOr6J4hj25KBGcOoZI. Statuscode 200
Durchlauf 465 von 510, nutze Token djaUTZDiyj7cWwmHh8CK01kvdpwWlT4efP8KgrSP. Statuscode 200
Durchlauf 466 von 510, nutze Token E9ouC6y59XxljANSss3mHgqvhFAKc1YA0Y1iOA9P. Statuscode 200
Durchlauf 467 von 510, nutze Token 4udOiaSoaWbqVhAQ79PTimV52TrIeJuNxA3XULjN. Statuscode 200
Durchlauf 468 von 510, nutze Token fmkzOC9Q2FoyhMIcgXG7vKHpbNX1nzo2ngOtwOaR. Statuscode 200
Durchlauf 469 von 510, nutze Token uXskqJKGW9skxopSI5VlEgWRwH5MNWsm4M53nrmf. Statuscode 200
Durchlauf 470 von 510, nutze Token caAMJcTufAz0ZfKukGEIIPNtg4tsP5o2qnalzsKb. Statuscode 200
Durchlauf 471 von 510, nutze Token 0Q1Pvl3QdfIesVBbBUAn0sLoHfwXBIHWdgxmNamc. Statuscode 200
Durchlauf 472 von 510, nutze Token NjqClKMvxYhl2lZnL4cGvIXCyEt2VHxBA5Y9NDPD. Statuscode 200
Durchlauf 473 von 510, nutze Token rtl7w1gQFBuIPAHspQgVEK3uTXA1kJmc7QfYdv6w. Statuscode 200
Durchlauf 474 von 510, nutze Token P1buxbxSZKCriVr4cQT69Wy4l6SfZI4LRHSTUyth. Statuscode 200
Durchlauf 475 von 510, nutze Token V3vnKugyv5Sh6WKLMYhWWacqoid69M7qC14KYrqv. Statuscode 200
Durchlauf 476 von 510, nutze Token t25HkCBLXvcuiiGa34HDyzg5aOCaovFAwKyCrHWU. Statuscode 200
Durchlauf 477 von 510, nutze Token JSNgFMT1cmdC5ziEPE6ZDYHV98phukswytaMcEbF. Statuscode 200
Durchlauf 478 von 510, nutze Token 9IWRbBLXvDcaqYHAob8xa2JwHHtbkluV5xW8DXkO. Statuscode 200
Durchlauf 479 von 510, nutze Token GbrbJNdqkkOjAfSTtgeXlysuMTPFuQfxDC5YoQ4b. Statuscode 200
Durchlauf 480 von 510, nutze Token PYCeVOeawUehCs4bFmHiIfG2zDcXZKxJEUB6vyv1. Statuscode 200
Durchlauf 481 von 510, nutze Token UpPvd9UROjZOZEb1w8PbJ7xaWC8lpmxEjxAspTri. Statuscode 200
Durchlauf 482 von 510, nutze Token 04pwlZixWKu1cz3FCPgc2Bxod3O1ZYPeqKmA8RnI. Statuscode 200
Durchlauf 483 von 510, nutze Token kKldeZZSncq2Zy9YUDU86lRhKAdE09Yk5DOJuXTC. Statuscode 200
Durchlauf 484 von 510, nutze Token 722u6hzPltsoHMbhv9qvslryCViCOjhI95zr04XV. Statuscode 200
Durchlauf 485 von 510, nutze Token wlaDdnOupsjdXiqPLMfHHQkPfPeThVeBOnrUp2PV. Statuscode 200
Durchlauf 486 von 510, nutze Token nStGSP0jkYqqeNJgEleFeUMqLjOrqoYSQWBf829f. Statuscode 200
Durchlauf 487 von 510, nutze Token yLKpB8xCCVD3LnX1q7yl184sS6FCvUdTRObeOTHX. Statuscode 200
Durchlauf 488 von 510, nutze Token KpZbEWaXIpiab6knIsv9qGbtt9CqoTzolU5hQkiL. Statuscode 200
Durchlauf 489 von 510, nutze Token nbzPrCfcWl5nrkMEvi4a9BgyZGwVPRkDIeH3lRyq. Statuscode 200
Durchlauf 490 von 510, nutze Token 63TDfF77EHhs1tHljlFSdGwpHOdm8BMuvJIlBhj2. Statuscode 200
Durchlauf 491 von 510, nutze Token 9HYnq9B9eDpk9QHc1fAOxOJQ1S790jzboc6QYW9j. Statuscode 200
Durchlauf 492 von 510, nutze Token PEu4wuzTrddlArVtJyvyqHl5iFKCkfXaS5XCeXLM. Statuscode 200
Durchlauf 493 von 510, nutze Token lbIfmfdCduivDv80bbRdU3qEVEHhJUYCNppVEU3w. Statuscode 200
Durchlauf 494 von 510, nutze Token zr3JXAS1IE8055AqH7jBYoswrUpxmt5TDAEa9uwI. Statuscode 200
Durchlauf 495 von 510, nutze Token kUgqQ8MTC5xeSsoIHQ9luJuVO12hYgKy5Igo1Tdm. Statuscode 200
Durchlauf 496 von 510, nutze Token GwfPYbNDfiXrq7NvciWYT0jK11ifGgEymVe2VBBD. Statuscode 200
Durchlauf 497 von 510, nutze Token s6btH3LFsjbB6JgYOROp0t2b1wjz1jBR5nJ9fcFs. Statuscode 200
Durchlauf 498 von 510, nutze Token bwUQS1ZMPdflGjlgfwjtGTckl7tRzwIS8YHJhCwe. Statuscode 200
Durchlauf 499 von 510, nutze Token tlMfPMRNwtrYaPiq8KeNVii2HdhHgiBhYpzWWEO5. Statuscode 200
Durchlauf 500 von 510, nutze Token SYEueJph2eyYDaTs2pSWNdx5A710qz3gd8fD5mhf. Statuscode 200
Durchlauf 501 von 510, nutze Token gAkz1FsCpMoQFZqERGOY2tShQsOywtRfAwptYsgw. Statuscode 200
Durchlauf 502 von 510, nutze Token QQ4KFNhDJEjmxIO4UUmEjoSv5XAunn6dZcxXxL94. Statuscode 200
Durchlauf 503 von 510, nutze Token 9cCl0iHHLHRm1plaCVc2XMzlFboRzvLwjmFid6oT. Statuscode 200
Durchlauf 504 von 510, nutze Token thMRPfQp6GrrW9zzdqSJjEEaJapDG34576DxwSqk. Statuscode 200
Durchlauf 505 von 510, nutze Token qxMi8lf4mrSNuVR1FDlxqMzZA5Qc8HDRtpDEOH7g. Statuscode 200
Durchlauf 506 von 510, nutze Token YU1u0sBmsj6DmhdKvuWOnTSojhnZh4aNUeROJ2FJ. Statuscode 200
Durchlauf 507 von 510, nutze Token GqLcpXK6JjwdJq4uC8jR9CKu2xfxoXesvQ1IbKbt. Statuscode 200
Durchlauf 508 von 510, nutze Token BUfA2rcDdJhIY9fN7w2duyiW9Gsp7vlyqorXc5Cw. Statuscode 200
Durchlauf 509 von 510, nutze Token ONO2Jbeq47Un2gGZZjNgR4HQWA6EDUM1JmskZbIB. Statuscode 200
Durchlauf 510 von 510, nutze Token RbpR1ira43oB7hL1vwhVNIaDbmJOeY77vgjnfaJ2. Statuscode 200
