Durchlauf 1 von 810, nutze Token wNWGtQ6m4pBVRRjuv5uTrxmlQwLmn9EDwIBDqDlq. Statuscode 200
Durchlauf 2 von 810, nutze Token tTwk19db75Srp7TFsZBcuRys22i1iAaaEE0uONY3. Statuscode 200
Durchlauf 3 von 810, nutze Token wY33StX6FQHT5CF4tlj3Wnum4meG4dKABAO3HAMS. Statuscode 200
Durchlauf 4 von 810, nutze Token 4Ca06F0sAEoIPhJ0WuK8xLTaeBYXcOvWzweOmmZe. Statuscode 200
Durchlauf 5 von 810, nutze Token JANFdp7lWyw9lSW9gOoy6CmqAqYhhOLARKGCmQmj. Statuscode 200
Durchlauf 6 von 810, nutze Token YnNngQmkfrwDNNZdkoWWq1aMqGWKcjjsjF161fd8. Statuscode 200
Durchlauf 7 von 810, nutze Token qWRlEM68cWjgX2ohwg5dTl6JNnpZzBbVJimSw5fA. Statuscode 200
Durchlauf 8 von 810, nutze Token JIA1e5IzrYhfkoWc7619elj1YlyKVI33q0cbklpJ. Statuscode 200
Durchlauf 9 von 810, nutze Token bfqdyzcUzJJEJJwMxgBo3OwHQsUUq82Snf0oYRpP. Statuscode 200
Durchlauf 10 von 810, nutze Token zQOCAQjkaQDagD1gj7Y4dZlMFpseA4WHcYYlrYEg. Statuscode 200
Durchlauf 11 von 810, nutze Token 16i2VP6WPOB0Eob5ApvBtzPuNxqiJGLBLtzH9Abr. Statuscode 200
Durchlauf 12 von 810, nutze Token dNd0iveHt6iAP6ngqUZ0Q76f35IRFUZaH70BOy9s. Statuscode 200
Durchlauf 13 von 810, nutze Token 510YwHEamwfYSF8IfCYjf15J7KczqKcaFLeijc9U. Statuscode 200
Durchlauf 14 von 810, nutze Token WvM7WsMJ5NGkySmZEl4vjw1XpdGj9omSAkW9YXLx. Statuscode 200
Durchlauf 15 von 810, nutze Token R0VbB7zFdAiz6AjwehNI72cWKEPADXKZFxssThOb. Statuscode 200
Durchlauf 16 von 810, nutze Token aTol5RngVvRkJmqfXdulpOUAd6ENtnHU0ueyTqNp. Statuscode 200
Durchlauf 17 von 810, nutze Token JUER47rirdkF3ORW17oPdjtkI7oci23dF2k33neb. Statuscode 200
Durchlauf 18 von 810, nutze Token hCcZaxeVMuKLmIO92fJQQdmtfopEqG4BJ5LCTXqe. Statuscode 200
Durchlauf 19 von 810, nutze Token cat1f7WQjeAKzPI4WESyjExQSAEPWt8RTGjKyAyl. Statuscode 200
Durchlauf 20 von 810, nutze Token bEASUa3fTouLEn8j5A03pvMZolGuQghbJqp36Q1v. Statuscode 200
Durchlauf 21 von 810, nutze Token e2gke3E1GzGo3fRbZDGKsk3ECOPq8xLqdfLhhXpN. Statuscode 200
Durchlauf 22 von 810, nutze Token Bf5c8Yj32T6jV16VnozwM4v7zE7m1gaBBFixOKKM. Statuscode 200
Durchlauf 23 von 810, nutze Token GI46z2K88I2R299Q0P0NmXwXulXgAlG0jTBCN9ah. Statuscode 200
Durchlauf 24 von 810, nutze Token lKpF4D66Ul1nyAYYVJok5VTuAWTcgHQIUj8oxSYJ. Statuscode 200
Durchlauf 25 von 810, nutze Token Ezbr6onhvGiOqLBSnTREMZLX4d9a3wJXlTivt70g. Statuscode 200
Durchlauf 26 von 810, nutze Token N8OMEZAj7p4wwHInxi5dhsnjzVl36dt2udICFdxo. Statuscode 200
Durchlauf 27 von 810, nutze Token pE0J9gSKvjPs1bNEXxEz0qXpMBkAMqo3jOLCblS0. Statuscode 200
Durchlauf 28 von 810, nutze Token zjArOL9guKxfty2w9Ykb7jgTMyFQ5NUREO3SowLU. Statuscode 200
Durchlauf 29 von 810, nutze Token qapkcQGF6SvJVZoZBvLvI4NBBRI41sB3u3Gr9GnC. Statuscode 200
Durchlauf 30 von 810, nutze Token yWlh9DQRZ7QTveaxwU24LWnkWrlD6zpZ1vQvcosj. Statuscode 200
Durchlauf 31 von 810, nutze Token YV5xIOPmiB7EUaQMYYF7Cha0TaTICCpQeAhJIHdN. Statuscode 200
Durchlauf 32 von 810, nutze Token tiCiAGfbnbBwD6HAU0Tv0HOfM5TN3Xccg39LWjva. Statuscode 200
Durchlauf 33 von 810, nutze Token 8MZCYubbL0xWBmafaJGlVUMatcjAYBRrrKCs8B2U. Statuscode 200
Durchlauf 34 von 810, nutze Token 4iPZKLu2YssxIvzqjnl4r97U3KIzkEFPt2vdLaEN. Statuscode 200
Durchlauf 35 von 810, nutze Token GnyCPLw7cYVjHTEUzuGhOMAQH8sA5z9IETnLc6op. Statuscode 200
Durchlauf 36 von 810, nutze Token jmpoumzzncS778djdD75zhtEGWK8vYApOMUcmhdL. Statuscode 200
Durchlauf 37 von 810, nutze Token 6YC9blQKoZ0ZjeAfDeJACGX77jz7id0zdEebVQ01. Statuscode 200
Durchlauf 38 von 810, nutze Token jYcgTDdZSFiF0WSPOn9QzyMLayxtBsjdUjE8uQTr. Statuscode 200
Durchlauf 39 von 810, nutze Token v8veIXlISHdOoNwFs3J1eWDK7nnqNtd2RB795duH. Statuscode 200
Durchlauf 40 von 810, nutze Token K2QZW7GSX8KZDknuzd1VaEqIcwslDcBJEtOWSSIp. Statuscode 200
Durchlauf 41 von 810, nutze Token 5zRqYrVpA5b36akkUCGZV0j44xEWDI74qWMERc9h. Statuscode 200
Durchlauf 42 von 810, nutze Token wnhzLi36xwTyWmsPUh69QKD9TjghsNNLz8WChwDQ. Statuscode 200
Durchlauf 43 von 810, nutze Token cYOTr0NJgDwcaLVoMARtfBc82Xn7HEEwZCMRDtJS. Statuscode 200
Durchlauf 44 von 810, nutze Token ogJizrSmsZWL0HYaEw1ytHcFDybpCqzOw2yvQaBX. Statuscode 200
Durchlauf 45 von 810, nutze Token G4zDsy472eLeI79hZtZANlXGD2ySejPn8JT7sHaB. Statuscode 200
Durchlauf 46 von 810, nutze Token VKfVgLArTWozmsN5gJJsyl2l9PlhfUl7cwdyfpp6. Statuscode 200
Durchlauf 47 von 810, nutze Token RSFqqRL2epDyYuueaIhxFa3Ckx7iRDWjX3CMKzhT. Statuscode 200
Durchlauf 48 von 810, nutze Token 0dESYXGHFhlGFh3riK1RW4DfrxYYA3rgfKFfvUKq. Statuscode 200
Durchlauf 49 von 810, nutze Token oSbXW6UCDT1DrCymrVKkVQWXAU43Ib6ZuieQWTsD. Statuscode 200
Durchlauf 50 von 810, nutze Token x8bwnl9XmcmKWDx6KTCIYyf6Ai8X13y0SSJb4VUQ. Statuscode 200
Durchlauf 51 von 810, nutze Token eBGrE14oHxFm3BVqCPoM0MgdBVXE5bNvPGnt7osi. Statuscode 200
Durchlauf 52 von 810, nutze Token eYXCiduZgxI9OpdsJKTKYO38t518XbhSBBbETXMa. Statuscode 200
Durchlauf 53 von 810, nutze Token ALWdSqVMgmpKawgnmMaUuhNRdetBnmtKIa8Uo0bx. Statuscode 200
Durchlauf 54 von 810, nutze Token dtbyuAnzz0xZw05W30mVLCPM4CoV1ZRZSHCVuZJC. Statuscode 200
Durchlauf 55 von 810, nutze Token fC0gXHjIoz2QL7A30R5T9ocN9hbQQoMG0kh62guj. Statuscode 200
Durchlauf 56 von 810, nutze Token QFYwoCZqZqGWagGohgk0CNzhPWXprNiTn3dz6MgQ. Statuscode 200
Durchlauf 57 von 810, nutze Token 1U2rcz5WFUL9RoBaL1yZOe0jhLoTz9wWlOJ9T2EF. Statuscode 200
Durchlauf 58 von 810, nutze Token e4GeOyjYosUno5xTeKbYiRQDJZ0xF8oBFhhYEtR9. Statuscode 200
Durchlauf 59 von 810, nutze Token kr1xXO9jKKjkM2yIPDDOSLMowAHcNmrlOMUjjESR. Statuscode 200
Durchlauf 60 von 810, nutze Token HuKbG4rZERcCo2gacDBfxpi36vTo3lxAx60OvLPG. Statuscode 200
Durchlauf 61 von 810, nutze Token d6SQbPk7iCuO16icIXf9zPjlRrYAHGtRZ2lKd6uI. Statuscode 200
Durchlauf 62 von 810, nutze Token nddhb7mw4SLZKgek6mGcJ9wYTM8Ezu8NvhP6O1C4. Statuscode 200
Durchlauf 63 von 810, nutze Token SdgWrvj3IJ2QbeZ3SL7sFsamIOhibSLNxPf0MHEq. Statuscode 200
Durchlauf 64 von 810, nutze Token QOHDPdWAo0R2oKo7zrJaX7z8JGYf4vcaujCRfVlD. Statuscode 200
Durchlauf 65 von 810, nutze Token 5d6p1qBRBeV0m6BdgWCWFr6hhH8cXw9GAxaaBAeZ. Statuscode 200
Durchlauf 66 von 810, nutze Token geMPojLYdxpOUuUVxW71lcDY312dBXKp9mwHiOPt. Statuscode 200
Durchlauf 67 von 810, nutze Token NJKucRyIVsm4kZy7qhLruVRmgWPUlyjLpl0Wuk5Q. Statuscode 200
Durchlauf 68 von 810, nutze Token vXTITR71ZT0YeLukZPxsigNSrEzT02ynlNPmg3V8. Statuscode 200
Durchlauf 69 von 810, nutze Token NL1OL3varwWAxG2h9TlNqP3YySGNnChy7E0LcxRr. Statuscode 200
Durchlauf 70 von 810, nutze Token IomiMrdrZQQBnyipBCKiW6DMN2oiE6wJI5OSRU9w. Statuscode 200
Durchlauf 71 von 810, nutze Token Of99urQZqrTAppT6C3gPMpIFrfvvz57JRZVT38XZ. Statuscode 200
Durchlauf 72 von 810, nutze Token 4dqzKcr8wQCT4wqjJwb6SpyNuEodff5Y7ttPLjJw. Statuscode 200
Durchlauf 73 von 810, nutze Token dsggtpQ6WyDwQh8xLfcTr5tqDraCOCpOzuq95Opo. Statuscode 200
Durchlauf 74 von 810, nutze Token f6SvtUuyK3lDAbhNU3H2wc9kYUpkYa11lWiafJpF. Statuscode 200
Durchlauf 75 von 810, nutze Token sPCgsQNY6sFiUjB9OI3j5U53NakW6lwR0YwVKY7k. Statuscode 200
Durchlauf 76 von 810, nutze Token Ui2f4GzDZn2jGSMZ9Wx26eEFKVUI1N7XBbEEfKrk. Statuscode 200
Durchlauf 77 von 810, nutze Token 4OHARxTkSTVyLfpmmPtYuxrhMaNHj0x9TBIlmKvm. Statuscode 200
Durchlauf 78 von 810, nutze Token OE9zIjb60oQ2Kjkb6RJeXvXGM28nyrmVUXjboWzY. Statuscode 200
Durchlauf 79 von 810, nutze Token tTKQgC5ssdMGDchTY3dP7GovZuxQtGu5eQVl0TGq. Statuscode 200
Durchlauf 80 von 810, nutze Token aeVabym7fWGHqrYsjlJyOG7iq8lSFCOSCbzObssa. Statuscode 200
Durchlauf 81 von 810, nutze Token WUdXcaKfp9B9A32D40tax6poBW508fFNEa1TXNNl. Statuscode 200
Durchlauf 82 von 810, nutze Token AU2YIXy2PdmxLz0xSy8mXABbNKTP28QWvWoXeCpJ. Statuscode 200
Durchlauf 83 von 810, nutze Token WwYYb9nqkCPfafFAtbjtZd0c7UpVCRwop6v2MI6m. Statuscode 200
Durchlauf 84 von 810, nutze Token hEcsJcQmEYObeiU22u3wSOsV6eGGvuFlp1MU7ZHP. Statuscode 200
Durchlauf 85 von 810, nutze Token uxfFKuInbBa4MPDQAiCWvui7YcxR9RRLcbzew1ax. Statuscode 200
Durchlauf 86 von 810, nutze Token WlQj69W2iuDVnaJPTKudwtFgvvPVCSm1Tn0tXL77. Statuscode 200
Durchlauf 87 von 810, nutze Token LPjjCKj8h3cKPE9u7NmpuVuEkcBhXGnh0YxTUruZ. Statuscode 200
Durchlauf 88 von 810, nutze Token w1mkI0Gi7Sd8QbxIi3UjHZbntz1ol11bx6ZapouD. Statuscode 200
Durchlauf 89 von 810, nutze Token 6iglyfUF4OzltLEqt2ghttQnJHvb1lg7Kb9nLekJ. Statuscode 200
Durchlauf 90 von 810, nutze Token Jos9hz0Oz6jHxYsk7LhRQgDBstxIbZwtB9laLj1o. Statuscode 200
Durchlauf 91 von 810, nutze Token z8mKXhvBtgvVz3zxzcv0bP71vbvpFK1bZZ1Amd6n. Statuscode 200
Durchlauf 92 von 810, nutze Token lCcxLyudrXcUqnFeih1FWyN8n5GOhLuh0hrDCGtF. Statuscode 200
Durchlauf 93 von 810, nutze Token yGYuIGR2UAYsDYS8ilVW8LfrbFmTdusJGyhyQRcv. Statuscode 200
Durchlauf 94 von 810, nutze Token YQyK9D8anvfWkBSlMMYuXk2jyQXhMmwcqU8BEmLO. Statuscode 200
Durchlauf 95 von 810, nutze Token iFP8kPLra1dLWzKBk578UfyAATDqupizgPM5DqR4. Statuscode 200
Durchlauf 96 von 810, nutze Token KhUgZi5SPVPYPoBvWwOc0gGGmNazFYziWW2va1iH. Statuscode 200
Durchlauf 97 von 810, nutze Token fWGxnoZb4Aao62YN4gEQRj5iKjE8HZdHMXUFDyfL. Statuscode 200
Durchlauf 98 von 810, nutze Token 0SRg6ecIoprMZfav73fbPYYnquNBJX5icDl9qAkV. Statuscode 200
Durchlauf 99 von 810, nutze Token D5V8CTWJ53FdClGu9w82HLEVLK283xoSe1YWoe4n. Statuscode 200
Durchlauf 100 von 810, nutze Token IzjysyThiA2RDClVlxvXRyfXkKg2xTsQn778jqFm. Statuscode 200
Durchlauf 101 von 810, nutze Token zN710rmWcXzsJJH33axB1irlxN1vcdgIkriVNZMP. Statuscode 200
Durchlauf 102 von 810, nutze Token zLHS7Fhqnk6vIditZK02Vy0TgxHRLwE9VA2DnPLR. Statuscode 200
Durchlauf 103 von 810, nutze Token bURjRVXvPfBmCcV90VSF8K8AWE7uAFYOJbVlqnGl. Statuscode 200
Durchlauf 104 von 810, nutze Token T5TBPPbdVLX87C8jWG20GjARdzWF9Sl4bQGIQYPb. Statuscode 200
Durchlauf 105 von 810, nutze Token iKXZWRq3yE5mz4ied3gFBA0dSs1r6RBQmWcjxNeb. Statuscode 200
Durchlauf 106 von 810, nutze Token UPyO0E1rW5ufmk5zujEuhYipwO7Gg1Zo8YRWiKT1. Statuscode 200
Durchlauf 107 von 810, nutze Token py034cuVdo2h9pjhbYbaURM6l9AgyO9Dt0oqcAKz. Statuscode 200
Durchlauf 108 von 810, nutze Token j1NVsaHngsmhou0iZQLkRjFbN67XSfrSmQlwIvlH. Statuscode 200
Durchlauf 109 von 810, nutze Token 3ZoJtZiwNq360wikKLOOjcgQBiOZC0CAYfwg6mb8. Statuscode 200
Durchlauf 110 von 810, nutze Token 1SzWSq4EkqgEWJBA0ZxUqxSrIwznbUMsdJNacwXO. Statuscode 200
Durchlauf 111 von 810, nutze Token 0qypy2EABUgeQqcR7zTRMQyDYWl7Z9T8KHynpOEP. Statuscode 200
Durchlauf 112 von 810, nutze Token a1POXe7oayqcar7mIwZvbUbfI78DJVSGGH1K61k6. Statuscode 200
Durchlauf 113 von 810, nutze Token 2cRmrWuaNVsKJtzsLLsyVO71LpM9pByhoVUbjeLH. Statuscode 200
Durchlauf 114 von 810, nutze Token 2Mt0k0N9dT8BT6P0PCDwh9Q2yu4nkfrfMwhqTFwq. Statuscode 200
Durchlauf 115 von 810, nutze Token G21Sn78Mqe56xMwnIB171uOoJ9uvOuRcFjrpxryM. Statuscode 200
Durchlauf 116 von 810, nutze Token 1dpW9xgdorwrs1Qq6ZPGwd4bQQzGMvvbEgX40wQT. Statuscode 200
Durchlauf 117 von 810, nutze Token YSNWS2pB3fZhI8oNm9CdMMOZCz2FJV1KVCinmc0Q. Statuscode 200
Durchlauf 118 von 810, nutze Token rvHD93SRVNWBHn4HPZbIuP6kg7ypgHAQxZwwi1xf. Statuscode 200
Durchlauf 119 von 810, nutze Token Hv9DUq7iF3qbxZxpeSCxnrH1IlhvyAf76CKTyuTU. Statuscode 200
Durchlauf 120 von 810, nutze Token eEjhxu737a5yg42I3ndSmtOxN9zKm5hE4VCk45JZ. Statuscode 200
Durchlauf 121 von 810, nutze Token wknZHOftpq8k4AjN85M4TQYkYftB6hGDAjAKuASj. Statuscode 200
Durchlauf 122 von 810, nutze Token 7gJkQADEA400zvvoskDf44b0EZ74mAw4ahN6wPF2. Statuscode 200
Durchlauf 123 von 810, nutze Token iLbnhtHaEVzTSh9Ktn45zIALPjIkE0wgbBsXl2Rz. Statuscode 200
Durchlauf 124 von 810, nutze Token Dvnka2YOxtlmbPEAgNFwSKrUNQY89yqOcJvmxhw0. Statuscode 200
Durchlauf 125 von 810, nutze Token OVcfUgSU5shoahJLiZPSwo82Y1fgvKuxz1iB5YSl. Statuscode 200
Durchlauf 126 von 810, nutze Token H4zEeB2KI9YqscYyIXCXl4DBFwdYx9vsi8x87g8v. Statuscode 200
Durchlauf 127 von 810, nutze Token PhbfnZwxWXJ6gfryw4geZsp4bjX1ivKgg2xCcDDF. Statuscode 200
Durchlauf 128 von 810, nutze Token 7Z6BCt77ZlfW5DNb8So9p8yuz29ubvFlFrfA3Wy5. Statuscode 200
Durchlauf 129 von 810, nutze Token SNJoouNWfrAyorvJt276pymDzVVIUYWs7ImGI1qv. Statuscode 200
Durchlauf 130 von 810, nutze Token w9R3UO7MYtuwR8sGEkta8XRh6G1bgPg81mUsCFA7. Statuscode 200
Durchlauf 131 von 810, nutze Token URuqIv25L4k10sIRC55e5uXpK8UF2atDwzsQRY4t. Statuscode 200
Durchlauf 132 von 810, nutze Token 01g11brtnr8wJJzk7okScBHI9oIwifyA96FvpBvD. Statuscode 200
Durchlauf 133 von 810, nutze Token T8jpxy9rcXtKPSvrcXqzGOoosYZtlKxY7sxDp7jx. Statuscode 200
Durchlauf 134 von 810, nutze Token OrDYfdOYqltn9msjdiriD9qX0j18zJY4Zekt0HHK. Statuscode 200
Durchlauf 135 von 810, nutze Token TzmAMP7MY4dBivQBVoK5YbEVfoZBhT6Y025dm1jA. Statuscode 200
Durchlauf 136 von 810, nutze Token tTWrlj8YTlSM5YVmHJcZB0wIzV7MFC4MzHs36cvB. Statuscode 200
Durchlauf 137 von 810, nutze Token UOvf4s6gpDqQ98gX0d32QBqY5ZBs5e4bJMqMUGI7. Statuscode 200
Durchlauf 138 von 810, nutze Token VNrjcPlHhicPDZ67Wnk8d14fSaQMOjSle3uK99Hy. Statuscode 200
Durchlauf 139 von 810, nutze Token HgGQgbEidUhSY6UQD4ihAfs9Znggxr9UAcRY5Ja3. Statuscode 200
Durchlauf 140 von 810, nutze Token DQZbFipxkP23aSBLMj3bp6Yz6emYYpE726aTJmFn. Statuscode 200
Durchlauf 141 von 810, nutze Token gEWwDhrovNeUaC5HSnyuRdp1lXNLoRilh8DOBi7W. Statuscode 200
Durchlauf 142 von 810, nutze Token tn1BdlqbzhVXgKPTSwO9Zn95Q6uHh5K6VYqaZk0L. Statuscode 200
Durchlauf 143 von 810, nutze Token 6NQvb3NMvbDFXiRJ39zIdOyP87HSNSQiPDcY86mg. Statuscode 200
Durchlauf 144 von 810, nutze Token vLQ599T4VWHldtLezskcA1KRlh5Oc3NN4Rd187eA. Statuscode 200
Durchlauf 145 von 810, nutze Token 5rgyCYVbvmtsxWQ0lxsPkSGMAVNyJ2gg52jaYveS. Statuscode 200
Durchlauf 146 von 810, nutze Token nJkUdji1Ja1vqR09EBFi0LymFNblzEARIT4rR2X4. Statuscode 200
Durchlauf 147 von 810, nutze Token 5Po8DyCzRoB1sug790owt6MIjPNy8WDRqW4AHR3f. Statuscode 200
Durchlauf 148 von 810, nutze Token YSm5v79xhsuKZIutShVkvAMd7GIlFCWffvZdtDMU. Statuscode 200
Durchlauf 149 von 810, nutze Token OP0f1ELzoCN2UEaKCFb4kEE5reGNgdGLiV2zWiNT. Statuscode 200
Durchlauf 150 von 810, nutze Token gUio4o4zHQBpuViElaovZQXIO4wB1vQxHBKlmocS. Statuscode 200
Durchlauf 151 von 810, nutze Token 5vXiJBhNnkG55Z0PWpOyjfjWy0YDOD0xIPXjTFjm. Statuscode 200
Durchlauf 152 von 810, nutze Token knV32lRQwsr40ADZvlYZ22NBJAW31ZGjgZn5KARx. Statuscode 200
Durchlauf 153 von 810, nutze Token CzRA6rCnUjxVGK4Zo67Hhrw3G3uM1111TKc0owtX. Statuscode 200
Durchlauf 154 von 810, nutze Token Yj3MneV2V0fOXUpfUSp58iN2rU9rKmXSZ4DDxrmt. Statuscode 200
Durchlauf 155 von 810, nutze Token wsJGWlcF16jOQfzDhIQ8Up92tRhdq0FxySQf4Ies. Statuscode 200
Durchlauf 156 von 810, nutze Token 5t6yazA2rlp0tIOZk8PBHrVe6WacMh3eSm2A8v4Q. Statuscode 200
Durchlauf 157 von 810, nutze Token y7zrlmMgIRaxg3qdqAoccLqsSFKEjcUq2yqIJLqZ. Statuscode 200
Durchlauf 158 von 810, nutze Token Im7D4LBtjC2gS25e3JVVCeTs0CkRq79lzzvsw4ir. Statuscode 200
Durchlauf 159 von 810, nutze Token QEHVutyJQorIRtrVLJFMjVlTxUPTkz6Zfs5LJYtD. Statuscode 200
Durchlauf 160 von 810, nutze Token aapb3T7xho3TgxCrozwgBBwlpfSN19FLPPqrards. Statuscode 200
Durchlauf 161 von 810, nutze Token LcYTGRDU01GhbPYCT8wHpLe55DHgShTL60kPvSQn. Statuscode 200
Durchlauf 162 von 810, nutze Token AuQU8daXjK0MtDCoccE5VVsUjfp0PJQp3cCsXctH. Statuscode 200
Durchlauf 163 von 810, nutze Token MaRWcBe8eg8nnkYWhV2e07P2YJzJ3au7ES7TnrnO. Statuscode 200
Durchlauf 164 von 810, nutze Token RAEHx3dmmpd1C9vtGc3yZgRbiaG45mplQFFMzt1X. Statuscode 200
Durchlauf 165 von 810, nutze Token 7qq5sbjavTrpZ5XTkmFmVZQ3JrNijk6JuVdGbpBf. Statuscode 200
Durchlauf 166 von 810, nutze Token h5QsY4Ls5hEtoVFo48Sud5SpqtEwDwgaHnMzaZ0O. Statuscode 200
Durchlauf 167 von 810, nutze Token mp0j6K5rED42T8wguU33gSAhY58fqd6PTSNm7VPS. Statuscode 200
Durchlauf 168 von 810, nutze Token eVD5nMYkzbqekkJ21HNrEbAnUtII6D6DJ7WOFTl4. Statuscode 200
Durchlauf 169 von 810, nutze Token NhNoxqqbrk350tYF4VyHzhECx1HsjJM5oAOUifj3. Statuscode 200
Durchlauf 170 von 810, nutze Token x5fKXlnJeux5DjZNanfG4QQBpFUNlF7ulFhyHoau. Statuscode 200
Durchlauf 171 von 810, nutze Token l7waMBPABoZ2sXettGQBS9YmRSyxgm1wIxjap0gS. Statuscode 200
Durchlauf 172 von 810, nutze Token d44PnwDQSptMy9jfWRD9imAwUOrrb6vWMp408t5B. Statuscode 200
Durchlauf 173 von 810, nutze Token Didef99Q2IDP5bLFW7XzMdZm3ZqUT0zYrFxGSYnV. Statuscode 200
Durchlauf 174 von 810, nutze Token OsiN6w8csJtQ7DR3AqfshZ6FkbtjchULSRWIedmS. Statuscode 200
Durchlauf 175 von 810, nutze Token hDX4ZqRQ6r7Cg23BnoZLDavxOasLb11BKdCVZqHo. Statuscode 200
Durchlauf 176 von 810, nutze Token RK9oNPDqiGTSfKWIuzmFdvA2rxKRVpCIXvSZO5DZ. Statuscode 200
Durchlauf 177 von 810, nutze Token CVJowKL7PWcDiuEfdRscoJlxePsKzFcGSTuzkz9j. Statuscode 200
Durchlauf 178 von 810, nutze Token 1Pt9jkr5FtkqrZz8CPSRvnDUHUsdUrzcTOB0syAY. Statuscode 200
Durchlauf 179 von 810, nutze Token TxuKS4mEmiGBZHbDcOcZqWpy4IS4hMYokA3wxxmP. Statuscode 200
Durchlauf 180 von 810, nutze Token tbvAsTYXOY1mV2IDsCGM5qXgmaR2U6U37cJF1F29. Statuscode 200
Durchlauf 181 von 810, nutze Token upvUXIBZiOKpZfM67i0X8QbO2LzOlbzMWoRFYIQT. Statuscode 200
Durchlauf 182 von 810, nutze Token NaLGzWOFnezYmx0PyRvXaPaqRdOEsEWvNytVlPkv. Statuscode 200
Durchlauf 183 von 810, nutze Token n5QeydvzTmZXHolJGCFWHPZH4Ann057HQYVrHT46. Statuscode 200
Durchlauf 184 von 810, nutze Token a17fYRoML9FhV3Sx4IKtYS4sSavn7O2Edffb1gJb. Statuscode 200
Durchlauf 185 von 810, nutze Token Rw9Z8nwMdR5P8DeaZZoRTW5LSb0KbZIZzCife4Cz. Statuscode 200
Durchlauf 186 von 810, nutze Token FgVPksY2RSwXF2rn3dU8PIyVhyn2ODVWBYdR7kGd. Statuscode 200
Durchlauf 187 von 810, nutze Token aeRlRyLDGSEUwXOEHJOaCLYvou6ERUFKK4GDXaxQ. Statuscode 200
Durchlauf 188 von 810, nutze Token vNCEfjGa2C4dZN3ykk1gpNid9DCyYs5We6szYfPW. Statuscode 200
Durchlauf 189 von 810, nutze Token o3T0bIlyvyQCOCKZQql19wAeJsRXdPQFamSNsx8o. Statuscode 200
Durchlauf 190 von 810, nutze Token eeWjtdV9YyzsFTqF3sIV2GydHAiG1q1RVmS50YNA. Statuscode 200
Durchlauf 191 von 810, nutze Token xd2Dl5gp7qUWoh3oiTkTijmGnJY7TGRe2BbriqBR. Statuscode 200
Durchlauf 192 von 810, nutze Token vbcXJl4j4R1HbcnDKZvJ2gslzh55NKDkcRrqc2kN. Statuscode 200
Durchlauf 193 von 810, nutze Token TC3QjZAGmy2gonj5PVlRoEYrv5Yx3SydIUCqZae4. Statuscode 200
Durchlauf 194 von 810, nutze Token ltEMT1EbtbOt16obRaeh5fY5zlr0xeM2Z1HsgSvL. Statuscode 200
Durchlauf 195 von 810, nutze Token OskEeAoi6UaUHtRoTfQnqbYUJrYyuv7XpxsV8pxo. Statuscode 200
Durchlauf 196 von 810, nutze Token FxsKIY8iNI9AzezQHpSAdMFJlvwxdJykdRpiMmnb. Statuscode 200
Durchlauf 197 von 810, nutze Token r51O1Be0FQcCV69H1AAQYMJEbIseLowgaUZdKJDP. Statuscode 200
Durchlauf 198 von 810, nutze Token yTpT5Rm0V8veVYBMhwkwvc8LvK7fm56pUE6Ii1mr. Statuscode 200
Durchlauf 199 von 810, nutze Token l5NivWKPDFObpEE8XkhFPLLTVFE7olPB5MWhV5tR. Statuscode 200
Durchlauf 200 von 810, nutze Token MKyRU1glsmVSIU70XY5WpM4UhfGI2AX0i6or3XaJ. Statuscode 200
Durchlauf 201 von 810, nutze Token lNckVhcMO9NmHGRKfcrQ1YSLWpNxNM3ahi8plXma. Statuscode 200
Durchlauf 202 von 810, nutze Token wfqAdNvlhTI8hGm6AI2EVINHsZoXghGtPPyMKdq5. Statuscode 200
Durchlauf 203 von 810, nutze Token sgwQPgh69ANISt0ZkdOElmh8gagMLEJAGkxYFXUm. Statuscode 200
Durchlauf 204 von 810, nutze Token OVSCpfawRGS2qt4ANE2aiV65iyxaPQaIj2Eo4dNz. Statuscode 200
Durchlauf 205 von 810, nutze Token Eua3CDYENSIaCxbGBIePbYaZFZUz06HJkpOGLiL7. Statuscode 200
Durchlauf 206 von 810, nutze Token 86uaBbsTnuBbsDLhXt7BH86QKEaQroKJQFcUSwLp. Statuscode 200
Durchlauf 207 von 810, nutze Token Y0MYksbsU4jedbYl5meqMF2fqlpkPwd5y5qiHII8. Statuscode 200
Durchlauf 208 von 810, nutze Token KMMECdxjCVKCi0wp7xqYC9hy22gCkMsoFDn1g34T. Statuscode 200
Durchlauf 209 von 810, nutze Token Cpm5GYtMBJzAwT8wqYdvbQ4twtTqctyyX5pfJZR4. Statuscode 200
Durchlauf 210 von 810, nutze Token Tsis3aVpQIrLgmMdjxqRNhlxHkdRrQd61RhMpFj8. Statuscode 200
Durchlauf 211 von 810, nutze Token D7ninndgH1x9RYWA8u8X8Ng23eu0yBcBHzpfHuO0. Statuscode 200
Durchlauf 212 von 810, nutze Token tTON4XeWfq679wE53YMk0CXZatu2tOnbeckvLPrK. Statuscode 200
Durchlauf 213 von 810, nutze Token VsM8VjqqGDKeNq8hnjflGz0U7HzdILAX5h6641k9. Statuscode 200
Durchlauf 214 von 810, nutze Token gUvpAtBZ6dVPxZJsmIQLdXWYes4Yn9AVXTtjendM. Statuscode 200
Durchlauf 215 von 810, nutze Token 39ddYfTputTBhTmxxR6Ggk8YqKLL0qWMQjTqID9c. Statuscode 200
Durchlauf 216 von 810, nutze Token jGZhRblavqbIBYJLGaSNguBDSTFLSPrxBqvVXLf7. Statuscode 200
Durchlauf 217 von 810, nutze Token YYG8OtLVBYrw91KkfqKzYpOsxh5OOextFdVhzMFC. Statuscode 200
Durchlauf 218 von 810, nutze Token VW0qIxmsinNqoYadlAJysEC44a3FoDKnbTO2Ntxp. Statuscode 200
Durchlauf 219 von 810, nutze Token o2FnVovXcB772dSXinVbADVWxDR3MGMeeG0AXnjF. Statuscode 200
Durchlauf 220 von 810, nutze Token J5c7YrTohsROk6TzfjRVuITYUGMeTlJZujiphjLk. Statuscode 200
Durchlauf 221 von 810, nutze Token SHb6610krBQ4hbRI85y9O5J8QHC3iuZDRBTfuT0T. Statuscode 200
Durchlauf 222 von 810, nutze Token ppQ7dbQMqDw0oAq0G5wXSR2usdhZOCbc01Ay51A8. Statuscode 200
Durchlauf 223 von 810, nutze Token KxqINxK9YexWZu6qjA6q3fbD1FOqZ7U8o1CskiQp. Statuscode 200
Durchlauf 224 von 810, nutze Token CGdeEXj6HWnj5P7N5uhPkHx3VcZMa22aGb1UTjfw. Statuscode 200
Durchlauf 225 von 810, nutze Token Ai553Lb8lAI7iAIUswPYQDZCdpGQatyHerb7mrNc. Statuscode 200
Durchlauf 226 von 810, nutze Token CawDY0jqpksvOkS4pYUkM35Vq9VD4W3NAFT3IoHP. Statuscode 200
Durchlauf 227 von 810, nutze Token eQ8S8wne029S73IyT0c0FABC71ssIHsKPtEuz1va. Statuscode 200
Durchlauf 228 von 810, nutze Token AvoPeXLlGY1JQes20TkSErtufxVdDCm7cpofw8g4. Statuscode 200
Durchlauf 229 von 810, nutze Token lqfRM4zP7yxm0If1b6DgLT3HAVW9bTOEx4naOLoF. Statuscode 200
Durchlauf 230 von 810, nutze Token kxjoCHUTclcBRVRJ2cQJPr7UJzIY2q5RBx5fiI1Z. Statuscode 200
Durchlauf 231 von 810, nutze Token uqMhKq0itIUDXRcb1MsxtY5wzfsHGBz42Kb1gZJ6. Statuscode 200
Durchlauf 232 von 810, nutze Token TiSDI9WBohqz3eXxW1N7POkTw8oa7iaCkvPVdGDP. Statuscode 200
Durchlauf 233 von 810, nutze Token 7287VHOZo25OLSsjm1mJjQQVkXRpfJ0TgTbgNavp. Statuscode 200
Durchlauf 234 von 810, nutze Token MnBqo2YsU4ovl4mABXPSKU9kpDVdhCGMXmJdUJgx. Statuscode 200
Durchlauf 235 von 810, nutze Token HvJkAR7A59b4Pbq65pW7Q43zn3PJ5xifJm7Fw77H. Statuscode 200
Durchlauf 236 von 810, nutze Token yhyWoC4dlYtWcUAzCQAKkGbuVDIaR3EFdMO3ICrC. Statuscode 200
Durchlauf 237 von 810, nutze Token wJIMCGauzczd9P5E8oBqWfynTd338Vozk0N5A5m6. Statuscode 200
Durchlauf 238 von 810, nutze Token xxLEEmCT8Hprx9tPvgvHGOaVTXsFBcu0FgX3hh46. Statuscode 200
Durchlauf 239 von 810, nutze Token uyXAPjqyjO7B1vfZM7UsT4LrBeYfdSKJFw9eqAUm. Statuscode 200
Durchlauf 240 von 810, nutze Token pJrMPEbU4sk0GNP2KI1V2Zny6WDPpdy4DDq79GWX. Statuscode 200
Durchlauf 241 von 810, nutze Token 4LhZXP3RfgxM1iqOcdO0GznC2uM0Gu8colwDZkZm. Statuscode 200
Durchlauf 242 von 810, nutze Token kl9QzP0szPQKUlWjuqv4Fon0ES6qftXMBlKP2T1I. Statuscode 200
Durchlauf 243 von 810, nutze Token BM9hc8JNnDER6AnEXeIpsGn7yGHRPpq4fsGqq3Ss. Statuscode 200
Durchlauf 244 von 810, nutze Token Igijqv7LobSuJVy2udQkYD7G4u14KVQZa3Z7kNxw. Statuscode 200
Durchlauf 245 von 810, nutze Token q26sqot1pJh8XOIUgLLi2ZdeuqlU3MUyFdab6UXB. Statuscode 200
Durchlauf 246 von 810, nutze Token IX749WwdIpuxcE6jXqoFYiccFZq8jCJjFu2E9WOu. Statuscode 200
Durchlauf 247 von 810, nutze Token PtTry4xAxXCk6WCuXa3nHsANmrV4DG2OY7FNLDEp. Statuscode 200
Durchlauf 248 von 810, nutze Token Uv09pAmrX6cOAXL0PwEfsrYlHJqmzAdT9nCHnmfq. Statuscode 200
Durchlauf 249 von 810, nutze Token smC1eZ1Q0tz0E8PGtePL1nO9ZmmOzVrwfFoyHtGc. Statuscode 200
Durchlauf 250 von 810, nutze Token DAWSIfAZQUUIcSrdpdfzB2RHlWhb2XoOr8qgiB0u. Statuscode 200
Durchlauf 251 von 810, nutze Token Qt8hZFSOeIBwBQhP7afuLfVq8KhQz7qIHTJZaCXv. Statuscode 200
Durchlauf 252 von 810, nutze Token SW235CFxEhxtDYPC38O0hBBX5nOwrvCenUW5uyfY. Statuscode 200
Durchlauf 253 von 810, nutze Token noTEwJHu46E1bf9bEGhH514Elt2tMlEmQhgVfKoL. Statuscode 200
Durchlauf 254 von 810, nutze Token tUgx20AexDopWnqY1ckKNxqtuHErNXqB8RJqbDD9. Statuscode 200
Durchlauf 255 von 810, nutze Token H6zHLLdE53dRRRuKprVbEB0jCMtoHqVMWfBEhkdH. Statuscode 200
Durchlauf 256 von 810, nutze Token 8D6HSPdxGUNJfseRbplUScQVuI9SHu2MCpF9YFA5. Statuscode 200
Durchlauf 257 von 810, nutze Token 3uxgjSBrKRSWGkkOMA6j8pMnxWbUQMvGrzVdnZAt. Statuscode 200
Durchlauf 258 von 810, nutze Token uzfzmum8vb0UO4TDa6bcJI0CAxqKEP3W0dnz3DFe. Statuscode 200
Durchlauf 259 von 810, nutze Token ZqlWj8LVGjMRB5ax0ZOSWWAdCnDb0vRDmt0UlYay. Statuscode 200
Durchlauf 260 von 810, nutze Token b3xQ8cHPEfJ2F6pcIc5FKl51vR5njwYzqg3DwVD2. Statuscode 200
Durchlauf 261 von 810, nutze Token yhlnIld84zDIwbJuHGgZK5QFjB9SZY6znp2OxZZg. Statuscode 200
Durchlauf 262 von 810, nutze Token ECPdPY1bU0ZMcyWVg9J4kOpHOkZVDa1DGCWQ0s21. Statuscode 200
Durchlauf 263 von 810, nutze Token 2SK2G76YbiqqgukxVGEVOhmz1dbJc2usc9oucL8M. Statuscode 200
Durchlauf 264 von 810, nutze Token npcGri7ZM8vBLTz3TXC8bqUQixcpc6NraGWga7Xq. Statuscode 200
Durchlauf 265 von 810, nutze Token osyJkBRHINvPdmn5N2bcKvWYiQ7WjxQ8WjvIRiW6. Statuscode 200
Durchlauf 266 von 810, nutze Token dq3oVEviENNMw3uh6r5jGlvw5I2NvjjSYZU9ynyY. Statuscode 200
Durchlauf 267 von 810, nutze Token qfUvFE9WuqfgsfzWPITWJPtkCgkZDzbt7U825Udo. Statuscode 200
Durchlauf 268 von 810, nutze Token HDcBX17QE4xYY8UOBTrP6LKK0y7Go9HUg9MHhWLA. Statuscode 200
Durchlauf 269 von 810, nutze Token FrsgvhLdPoDgTbpVUixnIfdIrzIfuh7VPQQHOySU. Statuscode 200
Durchlauf 270 von 810, nutze Token DzGp5zIWFlnpQOtPG0wh6HBZO3th0xw2pKyCfZLc. Statuscode 200
Durchlauf 271 von 810, nutze Token ic7uSBXIDvGdUuKx1HlQJTV4gnUF3tTtJYiRn74H. Statuscode 200
Durchlauf 272 von 810, nutze Token Z6SAuC0jvKKlkCWLKxJpbKV3T5csWMycyzddSniI. Statuscode 200
Durchlauf 273 von 810, nutze Token DNDRUlIrxQmwEkfnS2a8Ej2MJnLCJ6cMNvp4NXBb. Statuscode 200
Durchlauf 274 von 810, nutze Token ALM4talo178lorHFqEnnsyPh95FkEEkB2OMsdikN. Statuscode 200
Durchlauf 275 von 810, nutze Token ZG2M7tfHVp4DLxMa8gAM6tg6nJvX1z8KjLZmgxb4. Statuscode 200
Durchlauf 276 von 810, nutze Token WMEGujL36xrUz3h5310EZ27FVPwL1kSPDRd8n6Qj. Statuscode 200
Durchlauf 277 von 810, nutze Token rFdSmVQGLOrclsapeUaicDHBw2oDXOD0p9e8htwk. Statuscode 200
Durchlauf 278 von 810, nutze Token cDuhOITokfHFrJXbWv8jU0opqQcv53Hx44gvYjxR. Statuscode 200
Durchlauf 279 von 810, nutze Token h9LCsgYx6HqmPCB1gliw96IOYune8KnpUfJZedJo. Statuscode 200
Durchlauf 280 von 810, nutze Token N3wJs6oVz2FopVd9TYUzqzTEHzIGRcqW2LuVnptS. Statuscode 200
Durchlauf 281 von 810, nutze Token 2fLVPhBAFLv1G9Sl8UpeHK1amtX33LGYxp381FFU. Statuscode 200
Durchlauf 282 von 810, nutze Token dcpYLKUXykr9LtSQtqQNt38oFeqBKaxjWfR1lNlS. Statuscode 200
Durchlauf 283 von 810, nutze Token onmdvuc2Agk8SqjshsYA7TejvmKpp2rYr0wWO6w9. Statuscode 200
Durchlauf 284 von 810, nutze Token UG3KMVsqfRXj90q9KRHyE1w3yqyH7OAvobaRyRLz. Statuscode 200
Durchlauf 285 von 810, nutze Token Hj4a5vQroPCFFGmFIMx7RTO2UKZc4uhNpYXs0XXv. Statuscode 200
Durchlauf 286 von 810, nutze Token f1nRflqoXm30tiSKCOMg8MrJeBCQ6bIguWAhPHZP. Statuscode 200
Durchlauf 287 von 810, nutze Token ftIS9BRnsz5LGf8hNa89k4eE5iE4RGHblVUTVphZ. Statuscode 200
Durchlauf 288 von 810, nutze Token QKKhE0GSLppckeamcBuOwFIUMswDgZR3Qmi3Atox. Statuscode 200
Durchlauf 289 von 810, nutze Token DmAXcoFEzZYqmWUZNkEj9PWnCySVRD11WvWGFf8y. Statuscode 200
Durchlauf 290 von 810, nutze Token tsc9x6lI6BuylsEXCqH3YMD7DmTgOkQXajyjmbPB. Statuscode 200
Durchlauf 291 von 810, nutze Token lPvY2K8SRJEwxbleKAg8PS6fYGDpZ0Zkj7QO7uW3. Statuscode 200
Durchlauf 292 von 810, nutze Token OmmwHhBdKvIIjPje1umBUh9H2HCoB55AsBECBab3. Statuscode 200
Durchlauf 293 von 810, nutze Token Ida1FKPvg81FOwtLvso3vdZCp9bybI5gAFMj0wVt. Statuscode 200
Durchlauf 294 von 810, nutze Token 0zdL0DE7JA5tzkUOGNhnTNuv2AJ51FugirZanXCz. Statuscode 200
Durchlauf 295 von 810, nutze Token NFw2vw1G3O6JgAepQS25A3VnJbR08SmmVxyDZVoB. Statuscode 200
Durchlauf 296 von 810, nutze Token v4tK3rphzIiXwHAZkejW3OPIy4RiK9NIgHlm03D6. Statuscode 200
Durchlauf 297 von 810, nutze Token kcOMV1p5ZlMNjLxzyAvNocNjSRkd2oxEzk9rUVQo. Statuscode 200
Durchlauf 298 von 810, nutze Token Km5B2w0GrbeVvGBosscG9J31hbwm0Sj1GCoaU0rn. Statuscode 200
Durchlauf 299 von 810, nutze Token FkkeIMUHPaD7dFVPzt1aokvLL7tpTleHfbsZmnUi. Statuscode 200
Durchlauf 300 von 810, nutze Token wkQmZT5VanC5d2XXYsgs9ni6BWqm7QrcMppEAhlK. Statuscode 200
Durchlauf 301 von 810, nutze Token Nk8ev7NXVpVhJ9mkG1z5CMflKNu031zbFzJxpksK. Statuscode 200
Durchlauf 302 von 810, nutze Token Kp5P0qOfGNVri6NZk6hTU0qw3tn6ctDIfYEyu1nM. Statuscode 200
Durchlauf 303 von 810, nutze Token oIEwtJFX1agrp1b0oEIth1q9a9EdQGm6KXLN6XMI. Statuscode 200
Durchlauf 304 von 810, nutze Token vJmzXruYvhWKN11yYtswZIhFr6iaQ0iTEkByBQ7m. Statuscode 200
Durchlauf 305 von 810, nutze Token DsUXwiM6evEzh6vIJQQP9Dvh0pNjdcrmi5z4KufS. Statuscode 200
Durchlauf 306 von 810, nutze Token o7VQYKBcAEYp6Z8OWmZ8xA7OizBNFyNwkK4oxOUO. Statuscode 200
Durchlauf 307 von 810, nutze Token wVo5DPGatF2MA8idqbyJiQ6FJ0zrg8nlDKe65JsT. Statuscode 200
Durchlauf 308 von 810, nutze Token BNg4E2M6tAAnUSskSsfuUWEj7yXkuspyH9DAYeD2. Statuscode 200
Durchlauf 309 von 810, nutze Token hjuSg9em3rs9128Zs3EKrj6b3ZWbx2s6EHmMSRLb. Statuscode 200
Durchlauf 310 von 810, nutze Token yvrEyWOwANRGhciqtTnR3znUjv6ke1SAy1H0D5Ed. Statuscode 200
Durchlauf 311 von 810, nutze Token 4C6mRcKIMxuauZEo3JohR2tHmSEe5bQNU6ybwsA8. Statuscode 200
Durchlauf 312 von 810, nutze Token rAxIzpNGN7jxQH5QWW6GJuCMcwJ5y71M7nRpqCd9. Statuscode 200
Durchlauf 313 von 810, nutze Token xPc42BCeHhm2z6juR38fm2QcFAWByL8QH2tt3InD. Statuscode 200
Durchlauf 314 von 810, nutze Token NSGe5L3i7sBS6hNTO7lsWl9sNavzp5os9WYLu9yP. Statuscode 200
Durchlauf 315 von 810, nutze Token zcduSqLdGMLM5GCKhcWujMfJNs5ZuYvC0RGQl8Uw. Statuscode 200
Durchlauf 316 von 810, nutze Token 95ZycRjAChYe2fFThy8t6ReHRON08QqxAjIeu4BJ. Statuscode 200
Durchlauf 317 von 810, nutze Token 9t2hjyrhd78J7B4DpaW9H84VAYZjWxkj41IUvdvV. Statuscode 200
Durchlauf 318 von 810, nutze Token BCKmrqB1mMid5PhhYbGuxevDrYfNRGb8JNVt3y1w. Statuscode 200
Durchlauf 319 von 810, nutze Token 8fs7ZKzJBxtSdTV75hWOnEgte6xcfdBJGuUX2yrh. Statuscode 200
Durchlauf 320 von 810, nutze Token Y57xF9txGyM9qREhFcMXo1dj0y83hGOiEwehMQcW. Statuscode 200
Durchlauf 321 von 810, nutze Token N3RLQxmQPmw4uIFM57mvlhwPSArO2JE1peNnnq5q. Statuscode 200
Durchlauf 322 von 810, nutze Token q6PW4mqS9llK10h9LtO3KVspWxLN4EMQCpvsU650. Statuscode 200
Durchlauf 323 von 810, nutze Token qyZtqXCig0BAaiy4euFq1llPKZNlk5MLf1I3NLij. Statuscode 200
Durchlauf 324 von 810, nutze Token Czj78RpOlQ9hsHK8ra4IL35P4nIlP3j9D0x8ju32. Statuscode 200
Durchlauf 325 von 810, nutze Token 6pnK1550woQ3LkmVvz4SplTHNDxXkX9OYRtNAWo9. Statuscode 200
Durchlauf 326 von 810, nutze Token UwPJ6QbeR4p5cOKJOVLGgSKKL3upTcnaIWVg6bVR. Statuscode 200
Durchlauf 327 von 810, nutze Token nPALMJAOdZF3NLIeJUhGnUvRXLE4xATLYvX2flFF. Statuscode 200
Durchlauf 328 von 810, nutze Token 2reh3M9dP3oKbWCkl1g9wW4hA7hHc9vyrjrOkoSc. Statuscode 200
Durchlauf 329 von 810, nutze Token ds8LJQdMJtLsw6eBtIOE1hT6O2xiDVm0NWFCVaAv. Statuscode 200
Durchlauf 330 von 810, nutze Token ye2LfP5qTvIHFUOhmUctCKL98HTSs49bTBoL3C23. Statuscode 200
Durchlauf 331 von 810, nutze Token FPm1Pbx054k6YTcFHWoq1bY0rLURfw7tnXqhlIA3. Statuscode 200
Durchlauf 332 von 810, nutze Token 6P1gKq7q2UBqFqZfaIW752i4gEoFMprOyPuH03iT. Statuscode 200
Durchlauf 333 von 810, nutze Token gDEc78C8W5Jtv5D1R1UnhQxQAs3ObWfwM8gFd3Eq. Statuscode 200
Durchlauf 334 von 810, nutze Token MIMfuIiPFwsffuUfqTEJE30WVaEbKUj5U1YLAY3R. Statuscode 200
Durchlauf 335 von 810, nutze Token vn1TyoGbkI261Aa1gQtkOmOrYsVqrk3hamuGQEOG. Statuscode 200
Durchlauf 336 von 810, nutze Token qYpkwhuUWV5sYG5m9iVyIT6JJnf5prJXdusYdieJ. Statuscode 200
Durchlauf 337 von 810, nutze Token 8y6JzFYEHPtBDOJ2omt6QU8Ls9WnXBBblQWt8Y8G. Statuscode 200
Durchlauf 338 von 810, nutze Token qAfyqqyRehdNEztRhrOzugxPr4pPjZPTz6zo27ja. Statuscode 200
Durchlauf 339 von 810, nutze Token Il9MpIjWVOnpgKjGfKqVBtKKvw5dxCSlDG8HntyC. Statuscode 200
Durchlauf 340 von 810, nutze Token qx3DyDW6H4eua829C4C9aueAcI4ZsIbwZYhKsqrt. Statuscode 200
Durchlauf 341 von 810, nutze Token wXYCfIjNYyrZ8zsznRffMuiGQYY2zM1CWI4bUEnk. Statuscode 200
Durchlauf 342 von 810, nutze Token SaDwHQGasl0Aa5nEY2wMOObiEtqG8on19v3023LK. Statuscode 200
Durchlauf 343 von 810, nutze Token hGei3fXNoWLFYybIcxkB7k7uCh6u5VEIJi5Y3KVY. Statuscode 200
Durchlauf 344 von 810, nutze Token kXpZxaUEGtqKn71GEpbYRk8DYwDSqPkHRnXasIbc. Statuscode 200
Durchlauf 345 von 810, nutze Token 4hA4sqZvSm64biIpIORBu0jk93oNTkgA1USVmWz4. Statuscode 200
Durchlauf 346 von 810, nutze Token tRLvDMQfiYYKfBLjJX8NTaB3MZtwUSzG5oHffIG1. Statuscode 200
Durchlauf 347 von 810, nutze Token HRQVM763gBspI364hruLOuzX35QcpCBTyegAhZD2. Statuscode 200
Durchlauf 348 von 810, nutze Token HXpQ0Gld3e28XxIoaWW3vPOXTDcJKbxva0uY8Xwl. Statuscode 200
Durchlauf 349 von 810, nutze Token Q96hunx6DcBGLrrqssDJAJBe1CdGIbsajv4Usuu6. Statuscode 200
Durchlauf 350 von 810, nutze Token blKBE4mLpDvE9FZHDUM2u7zFwuJqynEP8bB7rmlW. Statuscode 200
Durchlauf 351 von 810, nutze Token 8lbVHsBfT0elyRV0BOCGpYyPNpSFy7YAShkf3NUZ. Statuscode 200
Durchlauf 352 von 810, nutze Token pmLOzZMOqoeJLVW5WaP24le6iqktzHqz6w6dNHmQ. Statuscode 200
Durchlauf 353 von 810, nutze Token TqZaJZsVyytMaQQ2QXWEItdFhcU893dmVMHcv6GP. Statuscode 200
Durchlauf 354 von 810, nutze Token KmvJGArL3VEYsRjul6FqHmBDHapWPejroBF4ZvDB. Statuscode 200
Durchlauf 355 von 810, nutze Token RKqSCrB6P1XzEmHxAObZ3VuM4DNfb8M527itdqKc. Statuscode 200
Durchlauf 356 von 810, nutze Token SgPmnVXuyihw1XwUXAaCoURBBhsYmpZO0vMDbFNj. Statuscode 200
Durchlauf 357 von 810, nutze Token sBxMHiBBbS0CT6YkRHMzlBiFVm0qVhZP6VOrkf1M. Statuscode 200
Durchlauf 358 von 810, nutze Token J0AgCXJqTaP763PrG1QqFS2nzS0GMGoOr2NHu07v. Statuscode 200
Durchlauf 359 von 810, nutze Token 6kY1IjpkvYwYzvUYust3kpi6BYsDCmbFFgGvNMNR. Statuscode 200
Durchlauf 360 von 810, nutze Token 2j8qDvJP23f7X4eyEaUStUp2kM6MJZ1PyJqrLhmV. Statuscode 200
Durchlauf 361 von 810, nutze Token WpurrfZ7S3HtogXTdXwpH2K0vzkS7aFrNIQAmNtO. Statuscode 200
Durchlauf 362 von 810, nutze Token QeBbs2ySuHrn72gAcPRDYyrtneTP5bnJM3gq70EJ. Statuscode 200
Durchlauf 363 von 810, nutze Token FYS3JloeZ1m2fRo5Immv3YR7pQOC9xMnMkiLwPfz. Statuscode 200
Durchlauf 364 von 810, nutze Token p1znRqWQZ1ueh5RHgw69JSWY6kOMEk0JmmUIdh6b. Statuscode 200
Durchlauf 365 von 810, nutze Token In4bIgwhhBugMWGfNlG48AHhOeI8KFXa0MffDkIl. Statuscode 200
Durchlauf 366 von 810, nutze Token 3Q4BfTPPmrVhmjd7K9AoEAnpEjf0aP3JXVlqhFjc. Statuscode 200
Durchlauf 367 von 810, nutze Token jb18H2sJ8M3XdmR3vBPhTBHmPDxy3BKEmA0SEuqO. Statuscode 200
Durchlauf 368 von 810, nutze Token DnoiQ7IyKBD5i5gnKghW4PFCiIK2S8MbVeRGp3ez. Statuscode 200
Durchlauf 369 von 810, nutze Token tI7yzuLicAp54N3KLWHKkvVhoG5bqHdvtd3h2kkh. Statuscode 200
Durchlauf 370 von 810, nutze Token 8Tt8nWXnAUiNHF4kqkW77S5QoY3XVEg1sB9FppJs. Statuscode 200
Durchlauf 371 von 810, nutze Token DPDfweBOSSCRQxFa5MWmlP3pSch5UH4ch6aJnLic. Statuscode 200
Durchlauf 372 von 810, nutze Token EoEmjYxU7cFeO8F8cppU7lOhZPlKb3S7zsMb3Ukf. Statuscode 200
Durchlauf 373 von 810, nutze Token vNcTEJbtGpM20F8e0CgyyGdhIH9juKTDcokH7anw. Statuscode 200
Durchlauf 374 von 810, nutze Token xZwEIPN89Va27hKO5iBEeO7CeehUKGYSf7YjHzMW. Statuscode 200
Durchlauf 375 von 810, nutze Token bqhTjdQ88FQNziLVICIpREokxKaDjejV7eGIvmcW. Statuscode 200
Durchlauf 376 von 810, nutze Token 579HDjMme7KhTBXCIaQy0u3TWofhbOdnNf62yCpX. Statuscode 200
Durchlauf 377 von 810, nutze Token fF8PPVzmXQZC4B6HK12lmRGpVglHwBWypFPFKSNT. Statuscode 200
Durchlauf 378 von 810, nutze Token k78E90xBCs842whgexStTq0IUy6DvuvpmQy3afnU. Statuscode 200
Durchlauf 379 von 810, nutze Token RWVQPKYuUA1T7Zp1wZ3V6gJwzmsavvFBvr2xLGvs. Statuscode 200
Durchlauf 380 von 810, nutze Token 4S4DPFC0I65i3uWBkFshzfNJwqS8Z9vmJAzTesn3. Statuscode 200
Durchlauf 381 von 810, nutze Token 6L0li4P5YJlU06qKFIKq5h0JBhg6oZoNGXnnvVpz. Statuscode 200
Durchlauf 382 von 810, nutze Token 7IGJB2w27C0LKLWhvtzkE0GpR4oQDbyW1XBemfXY. Statuscode 200
Durchlauf 383 von 810, nutze Token Xu66YQGxTj3PCdGB0w1A6BmFJkq9yOwQ6oSlyexf. Statuscode 200
Durchlauf 384 von 810, nutze Token oF8DN3JhBOODl0VX0pSnXU0pVqTmkhCetD2DDYfz. Statuscode 200
Durchlauf 385 von 810, nutze Token MA5azmy83I7skfcc1xsPzROaP5ng8yNo2pYGeDDC. Statuscode 200
Durchlauf 386 von 810, nutze Token Xiwk0VDi4ivAmNqxrhuHiDQgdQVv5thKwg8fBnoD. Statuscode 200
Durchlauf 387 von 810, nutze Token kB87UatNepsEFG54oNPT8jJWrpcfwYXOOCMKBaKI. Statuscode 200
Durchlauf 388 von 810, nutze Token qk0M99Hoy5DvrSUYwOC9xeRtKAFkNPz8t1BzxTzZ. Statuscode 200
Durchlauf 389 von 810, nutze Token e0t282jytYk46WPS2DFF8zVyxDsQG8jukI0fKJAa. Statuscode 200
Durchlauf 390 von 810, nutze Token ZnSs4dhxRVLYoxlWxwoISOZgFqxrufDExFUX706g. Statuscode 200
Durchlauf 391 von 810, nutze Token U4mSLHCXfdAnitnJZuzxpuECZE9FVU9w1vs0HJw2. Statuscode 200
Durchlauf 392 von 810, nutze Token ZZYkwm5z0s2Gf76kwgZE7GbfrCxIWL7p5EI0cScb. Statuscode 200
Durchlauf 393 von 810, nutze Token de8zZiDPx7QgNA0bynY1ci2sW2c8Zv5tOxG8z9Fs. Statuscode 200
Durchlauf 394 von 810, nutze Token 4N2dwFKqSCh3T7IVhADb2EChuZtJ00jROOppnIR6. Statuscode 200
Durchlauf 395 von 810, nutze Token yFtZ3WVJSLSzY6sFXUCIgoZpBON7r3uQ0xMoI6vJ. Statuscode 200
Durchlauf 396 von 810, nutze Token lCduEnoIxFoGHrCBNE2Pu2J8tGil0oVau96Zyxvu. Statuscode 200
Durchlauf 397 von 810, nutze Token 8Guhpk9jnt2ayWj4d6jn3BoKcgaMI1qlbKMPCKWy. Statuscode 200
Durchlauf 398 von 810, nutze Token S7yEPxKVq0NHIYdUHWknr3GAtriEgBBeUC1JXcV9. Statuscode 200
Durchlauf 399 von 810, nutze Token 4P8CsZzXlsd3LTyI3ID17WwtQeC86aTcbdsBLdPT. Statuscode 200
Durchlauf 400 von 810, nutze Token 3yVyd7WU8Hiy4F0VcsDi6ccWUtGLGYTZgepBc1G0. Statuscode 200
Durchlauf 401 von 810, nutze Token DuEGtvF5ZNX4XJLrccdLBBIYvMqcCRgWclConbs5. Statuscode 200
Durchlauf 402 von 810, nutze Token RTqSe9Ft3GFctS8YAPySCR8B10DqeqHZ8Jet75nF. Statuscode 200
Durchlauf 403 von 810, nutze Token Yp5BMCGX7p4RIV13amUryUUycmg1zH9mk0c8Zo0X. Statuscode 200
Durchlauf 404 von 810, nutze Token YaKZhm0gGmB6Ipy5pIqMkdwgGHUSqaoYJHZ74oK0. Statuscode 200
Durchlauf 405 von 810, nutze Token ABNRt9fb0dsDAoOm5wQxzYrisfmPgvti5sPtK7io. Statuscode 200
Durchlauf 406 von 810, nutze Token 3uBry7On2tDEQz7FBgCpt32cXpGowjqlhDQYBiAq. Statuscode 200
Durchlauf 407 von 810, nutze Token MZkyGcdOOXOaPOUDsiROeKnELu2268fS7iPmQX3C. Statuscode 200
Durchlauf 408 von 810, nutze Token 2OnPX2v6JGvUbrB3g4ul4j1fQdqbCadx3iITIrQZ. Statuscode 200
Durchlauf 409 von 810, nutze Token NE5L54NPEZwEzOLL9Ai7ixt5GE402Ap666lLRS2V. Statuscode 200
Durchlauf 410 von 810, nutze Token eMjEYVVu7X0wpthUaXUlyfm9Y8YYHmh2CKoUH02e. Statuscode 200
Durchlauf 411 von 810, nutze Token x0HeCjRxa7JS9Xa0ilhP3ohhqHvwTz21bAtPj6mE. Statuscode 200
Durchlauf 412 von 810, nutze Token 1dd8dcmWgWczBpSG6XLmQZoQxBgz6qQKsAcyJonT. Statuscode 200
Durchlauf 413 von 810, nutze Token xywvTTPlHHM2raZnnVytTCW2YOQdw7uNa0uKdDFB. Statuscode 200
Durchlauf 414 von 810, nutze Token W5vkALBUyEu9VQwplWkuHDtnw7wT7RJz4fzU93fU. Statuscode 200
Durchlauf 415 von 810, nutze Token QXlgKc9CUfmbP4fXF0qPBlcBlZkTIVymLf7boGXW. Statuscode 200
Durchlauf 416 von 810, nutze Token ORb5ZPJ6icYBDRJGPdILJKw0vyvhw5FmMN0sf5K3. Statuscode 200
Durchlauf 417 von 810, nutze Token sHJvloZHoZToqdCyWQDL2IXlE8vZbmaLOZZXSZfx. Statuscode 200
Durchlauf 418 von 810, nutze Token gPgPFF8Xh7LthGHcRGtmhn9OBhXrfvCv35LTx1kP. Statuscode 200
Durchlauf 419 von 810, nutze Token tmcYAeHovqXRaIICF7Iavz572FrrkaHEhov3O9Qq. Statuscode 200
Durchlauf 420 von 810, nutze Token F2uovHfkwpGBpn8cASjQgknVsfrmcFsCMXY1xxGB. Statuscode 200
Durchlauf 421 von 810, nutze Token IR5YPggQqceturi4sDkNrsMCTlWJgYKBhB9etz8t. Statuscode 200
Durchlauf 422 von 810, nutze Token 48bDR6gLBXMuPXhmpowgU1PyLRupR37iUhBMie53. Statuscode 200
Durchlauf 423 von 810, nutze Token Q3Es7z5B0k6hK0qV7rNVYJNEnM4MQFMM0JC0ftSp. Statuscode 200
Durchlauf 424 von 810, nutze Token spjr9RlEce46PBVnZ86aTDLgZr8FPSOlYMW1YpVt. Statuscode 200
Durchlauf 425 von 810, nutze Token 2nZLN5Rp0py14IRTeT0WgQB8rUmSqFmenjgb8DcZ. Statuscode 200
Durchlauf 426 von 810, nutze Token Hr0yXk47ORQvQHI1o8zGutq8AvPvMO5jaqQce1n8. Statuscode 200
Durchlauf 427 von 810, nutze Token WcBuq9fO5R1LsPBEbNav76f5u0riyBtJlRlp0VBD. Statuscode 200
Durchlauf 428 von 810, nutze Token 4U34CGhglSaTFELIgbhQ5EoLqOZnT6h5QR6Escut. Statuscode 200
Durchlauf 429 von 810, nutze Token jLC4KqJIZBfd7wodhcXDxCR7CSXvkU7jbczHVAcW. Statuscode 200
Durchlauf 430 von 810, nutze Token RUzlARgAik9aFBHn4DvirqcUSWebkbWX8s02jq5p. Statuscode 200
Durchlauf 431 von 810, nutze Token mjc3WG3C2G3SG6JqQdRk7ljF0m6X54EY3fQ3mPIc. Statuscode 200
Durchlauf 432 von 810, nutze Token uvMyUrR6OFPgbDKs4RNmjPTHISYiuDAtdjyeocQr. Statuscode 200
Durchlauf 433 von 810, nutze Token dVHJg6pc4wb6U9z9waNBbyGh81bde2WOVDKdALTq. Statuscode 200
Durchlauf 434 von 810, nutze Token BJssnkc6TqoJTj5Pv61ivTyh2k7ZwpJQcvcmyf4x. Statuscode 200
Durchlauf 435 von 810, nutze Token CTrMhXM8YduV08rqC2Qmts6Kb4RwHsyVDtwf7q0R. Statuscode 200
Durchlauf 436 von 810, nutze Token zsnXAOcfiU2p4KFugUvomyQei21aPIMij4nJy62o. Statuscode 200
Durchlauf 437 von 810, nutze Token i4jUGoiFKK06hazzaLJFhoS8Xm1c3icopVeQ7RMW. Statuscode 200
Durchlauf 438 von 810, nutze Token QRJKribAnjgcjze26eyeqeZRFcqEzSqKr98Gr9ql. Statuscode 200
Durchlauf 439 von 810, nutze Token fwGiukhQSsKg7mynZHiSl7dBO4ym3fnMcKrwZLsn. Statuscode 200
Durchlauf 440 von 810, nutze Token NAx6mnvqRa6HqwvEQZxdKbqfuXSDENvTcCibWhrS. Statuscode 200
Durchlauf 441 von 810, nutze Token hMehweKhgT3MDNnRbREunh2uTSHXgAwtMyjbFjks. Statuscode 200
Durchlauf 442 von 810, nutze Token tKuXCWyPuY8rbwcWw9aoVqF1SuXap1WZhQN4W2G2. Statuscode 200
Durchlauf 443 von 810, nutze Token erg68OpsLQPvtGsIZpalLX5xGxmRpBZUqgMDo6Rt. Statuscode 200
Durchlauf 444 von 810, nutze Token UpGBIYUt2cjo1owWPBQ9LLNZ2ynlxxbUPG6C7nyB. Statuscode 200
Durchlauf 445 von 810, nutze Token 88zq6FWa2zrDNyv32kf5pPAI1hKzSaOfnmJ68Z3a. Statuscode 200
Durchlauf 446 von 810, nutze Token Q8y8D1KnycZs8nVjW4BWthBrpEhLpEDT4C9YAzWo. Statuscode 200
Durchlauf 447 von 810, nutze Token Y79WIVHlqNugYZOYUCfGZaFRdhNM4MEhfMj4upNt. Statuscode 200
Durchlauf 448 von 810, nutze Token s92mQKD2sGl7W3VpvgOJ9ta5QL6q7Ccys6j75c8T. Statuscode 200
Durchlauf 449 von 810, nutze Token b2aSbp11GIbLaM0Ec0LnOpXHEhu1jzwp5nDeIxbx. Statuscode 200
Durchlauf 450 von 810, nutze Token Ae0BZq0YI89ftHZm97GS1fLEUMLBHmIu9eEiFnPE. Statuscode 200
Durchlauf 451 von 810, nutze Token znORDZW9z8onf1AXQRQFHNjsFiOuNJBITzOGR1HR. Statuscode 200
Durchlauf 452 von 810, nutze Token acljLCpHASFWjm472e4EOhNLQ1FlFCL6Cm1vuj62. Statuscode 200
Durchlauf 453 von 810, nutze Token 6S13oZ0MpsvaDINMWJnQbhJKw4ooz8aUMeTQi8sN. Statuscode 200
Durchlauf 454 von 810, nutze Token mD4L444rr6n47J8uxzZOPFoASbui0Ixovn2gs6l0. Statuscode 200
Durchlauf 455 von 810, nutze Token u7fuJeZOpZDUpwUh0zRKS7RSli6kWMt688t8O6sM. Statuscode 200
Durchlauf 456 von 810, nutze Token ruM1sQ7PYGh5r7foB07VfRt0D9GTrtISjAGA2D2o. Statuscode 200
Durchlauf 457 von 810, nutze Token QMxZcU0jOkHBMFWAJdZHz65AcHgtbcHCC9XM3IIa. Statuscode 200
Durchlauf 458 von 810, nutze Token x01xY6YXYia1G1kLyVK3FYbDKXpwY1m6BW2xIWZ0. Statuscode 200
Durchlauf 459 von 810, nutze Token IU2vkak2Ktcawiy9o8tgwScqzqReWM2QnC4H8TFB. Statuscode 200
Durchlauf 460 von 810, nutze Token ZqRkUgqJ8P5kRtqWBzCj8CVbFNK1nhljz2vFMpam. Statuscode 200
Durchlauf 461 von 810, nutze Token e8fy73yp4BqG7BWaw4Rr2tUWDj7tsP4mWHjy9zbA. Statuscode 200
Durchlauf 462 von 810, nutze Token Jj9H2hQRE7Y4RtW2hY6TdK5TQJkTcIqCsxuhFefE. Statuscode 200
Durchlauf 463 von 810, nutze Token YJq4aYhJbfvbB3wFYkzEmeyW1xhibW0LU4FkC3BQ. Statuscode 200
Durchlauf 464 von 810, nutze Token zgc0qKkdXi3MNtQWi00GqJl2NTunPtF7YhwllGOX. Statuscode 200
Durchlauf 465 von 810, nutze Token Qw5XJ6gJ9tL7vEhEYSRAhz9DYOtJiqRQE2BmapYo. Statuscode 200
Durchlauf 466 von 810, nutze Token t2ffTrDkcGfI3oy3PNWFDG4IDK9Jse3OPjXYmtP3. Statuscode 200
Durchlauf 467 von 810, nutze Token xItUyTtVJMKvytRLZpLswxkjgXKmzLpZWYYBgGyT. Statuscode 200
Durchlauf 468 von 810, nutze Token xJIZDrCZEOPR4gwSLvblZK8xiIahe1lzmvGStbol. Statuscode 200
Durchlauf 469 von 810, nutze Token CHo0Rsi8T3QRwQpg2cceII6HnzkwTrC5iuYpnWQR. Statuscode 200
Durchlauf 470 von 810, nutze Token Nd12W81oO4XoQJgzWRfDwIxUagHBkdYg0qcCbPCq. Statuscode 200
Durchlauf 471 von 810, nutze Token g6neX3SYD9Lb7cP2AQEWMaztMd0YDmEp5zqz5FsU. Statuscode 200
Durchlauf 472 von 810, nutze Token GQMGR3RvgfzYsnBzrZszt8bJvutqZGBlbPjTcE6f. Statuscode 200
Durchlauf 473 von 810, nutze Token gmDIHvdfNXSSHVAAbjFwiW2OifHcxRcD9rRID9A6. Statuscode 200
Durchlauf 474 von 810, nutze Token nPGGFBC1uPnsmJUiJO4I78Hb011I2bUJZm9iejtY. Statuscode 200
Durchlauf 475 von 810, nutze Token nsFNvSHoVeiQ6eX0cSXz1x8aWUmWyWIQxuybBgqz. Statuscode 200
Durchlauf 476 von 810, nutze Token 40UMq9027t8niI6aSKwdNL1Q5uexiTWowfSZLuMg. Statuscode 200
Durchlauf 477 von 810, nutze Token 9AGjUHv7Kiq3oTkbnXlFDkr0f0sw7LnucrYEdHnl. Statuscode 200
Durchlauf 478 von 810, nutze Token H7MzVINfmbK1VbUgnCKL5hvKXCsPLXSTuzSDiNEF. Statuscode 200
Durchlauf 479 von 810, nutze Token jQGVJetZlw9DNwf8ltBdr3UrO45Hxq0NAnPJXNss. Statuscode 200
Durchlauf 480 von 810, nutze Token YzMFI7VacWhNzXvaQ3x72sD9x36dUip483WvXUnI. Statuscode 200
Durchlauf 481 von 810, nutze Token x71TmbN8CccJkSdlDp3zoGihAq8uYzj5cEPnekoG. Statuscode 200
Durchlauf 482 von 810, nutze Token w7yoPlBgv4VBYpvngIjqNGtcDTwZsABobKK0olbJ. Statuscode 200
Durchlauf 483 von 810, nutze Token KjiMZwA8ahM5iljnIDQxRISP7e1cNxbZHeUhgzi8. Statuscode 200
Durchlauf 484 von 810, nutze Token ita3TLZUfy930FnIn4mhtE0mhvmSuzp6uM06xvWx. Statuscode 200
Durchlauf 485 von 810, nutze Token AJXHxlUR6dSc1FVQolKQcXocDiC86SUAgNyB8VXm. Statuscode 200
Durchlauf 486 von 810, nutze Token h2fyZC2uuVpqqyvQJXp93Cbs05myzQgdNlmI1PPb. Statuscode 200
Durchlauf 487 von 810, nutze Token gk7kV6UwW6YhEQLqvJAXRnIX6ykvU10vNxitacs5. Statuscode 200
Durchlauf 488 von 810, nutze Token wvIeAmJ8UIJwaWdjUgZKz3DJJ4QTdsCGansxB9L1. Statuscode 200
Durchlauf 489 von 810, nutze Token YAEedvoGQopaBzY5xnfszya0GffUXTN1YxK0cD6j. Statuscode 200
Durchlauf 490 von 810, nutze Token 6riN8NQNgTlqaaf3YsqIZaUJ2vownCi4qOeGu5GA. Statuscode 200
Durchlauf 491 von 810, nutze Token btX1hlXsa7r25EpT9dMC6GY0p2sCZDYJbb3qE6UE. Statuscode 200
Durchlauf 492 von 810, nutze Token Kne7exGNDPMuvo3Mv9buLXArb4VcimHfgHQxnSR9. Statuscode 200
Durchlauf 493 von 810, nutze Token CVnotbDbsEDH9TWOFs6ICrChOjXp5d6SdjTAhgwr. Statuscode 200
Durchlauf 494 von 810, nutze Token 5iKusyZYdyBPH9xSOsebbJCSj2xR4vJPVpyMdt8O. Statuscode 200
Durchlauf 495 von 810, nutze Token lnFENPqkK64VtnsHhXEf1Rzn3oAWCtMsNnWsuogu. Statuscode 200
Durchlauf 496 von 810, nutze Token G8ShEXkdCxx576qFHD1yi8b1Mb32SBGM1Lm3RBys. Statuscode 200
Durchlauf 497 von 810, nutze Token 47ZYcHMB3L0YLVNN3VLKJUPDoomsfiDYbGgGHouL. Statuscode 200
Durchlauf 498 von 810, nutze Token X6j9Ft4tSjxvmgEuItpx1UedH5Ei7BwMQaTVTitu. Statuscode 200
Durchlauf 499 von 810, nutze Token ekby7hkFR5lb1tMeRpvBTx7nPKllxgHZPZv2aL6b. Statuscode 200
Durchlauf 500 von 810, nutze Token gaqAKTrhH3d2GK6JaqV0uHF8iKRAF8c6LASPiEAO. Statuscode 200
Durchlauf 501 von 810, nutze Token 2JmhaFYGV5RlrqNAQMoRjsh8mzd5e8iEgOC4KoWs. Statuscode 200
Durchlauf 502 von 810, nutze Token Yz3QihjsFkNEXXoweEZoVn1fmwzaPcb4syzvMKuq. Statuscode 200
Durchlauf 503 von 810, nutze Token Gw4B7CirmsbxphCr9O2hMnZp5kIiX8GoyZquosXJ. Statuscode 200
Durchlauf 504 von 810, nutze Token m2VGl0MUZRagOmwGh33H9UOXBckvz5XTZ4ODYNlP. Statuscode 200
Durchlauf 505 von 810, nutze Token cqwaNBrwS0VtpXQmLOwfMrzEbUwClIkpsTtOpFvd. Statuscode 200
Durchlauf 506 von 810, nutze Token j8oy4HUm1bvDEVmhHIu0USv0scbcIhJ2yugQ1ykQ. Statuscode 200
Durchlauf 507 von 810, nutze Token i37SeN9N3l3Yeh55tGEo9uKmdjQr4SNOUy6WRDEv. Statuscode 200
Durchlauf 508 von 810, nutze Token 0gZGc1WTiGgNFTTxVOsG0HPlaQOvk04UyqgrzpwD. Statuscode 200
Durchlauf 509 von 810, nutze Token Sr9sas7SOJ2snjwr6zuXgnvwzOWtT0RojfarZURA. Statuscode 200
Durchlauf 510 von 810, nutze Token tGwAGQgPrpdqkxej6B5bb1D0OzstzH7pagcIiIYc. Statuscode 200
Durchlauf 511 von 810, nutze Token kQ5B9czKdtnsnzhwN0cs9pBSR2EYESNqjjFrNVbG. Statuscode 200
Durchlauf 512 von 810, nutze Token DAKk4vaDWplG9ONErvZseRjiMV9dktyYuEJp47YE. Statuscode 200
Durchlauf 513 von 810, nutze Token GCDLiYHqSqzdjXrnTkiljDXH6mi3NHgP5EaVIEzg. Statuscode 200
Durchlauf 514 von 810, nutze Token NN5zGWK2f4PmpxHH9iwAUd08mOJ5SqmX71m5PGIB. Statuscode 200
Durchlauf 515 von 810, nutze Token 0wPe75ASfYH8IydQgkW8x8PfbV6FnIQ84thx70f0. Statuscode 200
Durchlauf 516 von 810, nutze Token u6woUjS3TCdTmvBFmfecxa23qq2LwdS9DssjFcMe. Statuscode 200
Durchlauf 517 von 810, nutze Token 6RX9OP7AuTh9gTB428rXH6H2sTQmd1vcbbX8Zx4x. Statuscode 200
Durchlauf 518 von 810, nutze Token Kcg3ZSR0d28AgWpXuraSvqnx14aiGBvRy3tOP9Ov. Statuscode 200
Durchlauf 519 von 810, nutze Token uQy1gn157cSytSNP0UXY4doOi5QjV3M29H7z49SJ. Statuscode 200
Durchlauf 520 von 810, nutze Token oatH3ucCgPkRDMNH5PkPqDu7sJ6uSjifcwIMHRfk. Statuscode 200
Durchlauf 521 von 810, nutze Token SBQqY7kBXLPFIJKCV1nMYrXutcounEi8myuCb4ru. Statuscode 200
Durchlauf 522 von 810, nutze Token RuL9ASyaWL8HFGGrFOHmLOWgbqNvXe7ZPYBCph0Y. Statuscode 200
Durchlauf 523 von 810, nutze Token 9dgMvhnoBDEelj0AdAQvUL2dJFrAWWOos2D8B5Yo. Statuscode 200
Durchlauf 524 von 810, nutze Token amYVKMVntNisYux3fgQHJXHo9mYznwSfbsADMaco. Statuscode 200
Durchlauf 525 von 810, nutze Token ynJbo3cNEjuj2bghSzpzJAeZrvQbkNonMWAqDsry. Statuscode 200
Durchlauf 526 von 810, nutze Token 36ZKE9UgQwM0giiYw62tRTNSSprMnSi1Vt5q8pFA. Statuscode 200
Durchlauf 527 von 810, nutze Token BNM9kDBMKTAknfi450cijw8NUYZeHp5r04L1rIZI. Statuscode 200
Durchlauf 528 von 810, nutze Token wyBU8EG4jXc5ZfRxV0di6CtWTFeXsKS8O55HAI0q. Statuscode 200
Durchlauf 529 von 810, nutze Token z56N6DJc8zwWTHYnbSrqqXJVhY9Kz4Kjv2UVIreh. Statuscode 200
Durchlauf 530 von 810, nutze Token aBKZ2lZMNqDJf9r1CIJG0XjFLtEa2uU7cDv8eIv1. Statuscode 200
Durchlauf 531 von 810, nutze Token fKKPM8XCjg3eTpnqToeeketou8VzgDfg94FQs1ky. Statuscode 200
Durchlauf 532 von 810, nutze Token EkjQoGEHTGHeADbX5IrpRcB7DadDHlJW9Y6rJQ87. Statuscode 200
Durchlauf 533 von 810, nutze Token sJVysOKDTjNZw5DshujbTR62FnCd1PxFShKZo1ca. Statuscode 200
Durchlauf 534 von 810, nutze Token PIQCIh4dtrAYjDhB5o3OJVjjxryBit5FPzNLZvFU. Statuscode 200
Durchlauf 535 von 810, nutze Token FrDVC3XLrrLzAu5MyjC9mwV0EzYaECWAEdP3ayKd. Statuscode 200
Durchlauf 536 von 810, nutze Token bSPegNiUltcg0xSwXz4hN1gxR0CnNemmIK8p6jvz. Statuscode 200
Durchlauf 537 von 810, nutze Token hW6shAhKT0XikgntiFDpj8rEV4c8UmzgB5gHTGAv. Statuscode 200
Durchlauf 538 von 810, nutze Token Q5P840oRCBOg1AJ8sNs8n3HnAChAe93i3SDjEusD. Statuscode 200
Durchlauf 539 von 810, nutze Token ELcT9if9Go6msaPqdtINdZXS6eJxBkAelNzYMFOD. Statuscode 200
Durchlauf 540 von 810, nutze Token 84ZHQ9eNbNwjQpnZitiEPCKcdQifMQIxxdqlC8o7. Statuscode 200
Durchlauf 541 von 810, nutze Token OPFr0pjEwNDkyqSkOkPtVVxQP6R5hCAbASHwxwky. Statuscode 200
Durchlauf 542 von 810, nutze Token uUoxjoeFH9aRnhHtXoVrGSp0BJ4qfOPQJo6EVcAR. Statuscode 200
Durchlauf 543 von 810, nutze Token WvKdvPEODUAxc6sFacko5syT2boLjXmhKwm8xDSi. Statuscode 200
Durchlauf 544 von 810, nutze Token LiUfFK4IxSFPQABMc4QzTfOpif1sZgyrLSviYKvS. Statuscode 200
Durchlauf 545 von 810, nutze Token KOsNVa73t9Z7yIcm8I8Ik6x83hs2xePYotw8rn5j. Statuscode 200
Durchlauf 546 von 810, nutze Token AaR3jKKMCxCSzS8BYW9DIEcHpE1PcJ5LFGN58tCf. Statuscode 200
Durchlauf 547 von 810, nutze Token FqgGiRO6up5tc8nt13IUUJq1VtZOo7AbuvfmuEEB. Statuscode 200
Durchlauf 548 von 810, nutze Token iXKN3Zk9Qc13g18pnQ3zJlSv1hhpGRAqHaWiZjPl. Statuscode 200
Durchlauf 549 von 810, nutze Token YaY2YDuAIEMcOcPkuVDCTjFA2rEdGSlmVprfal0t. Statuscode 200
Durchlauf 550 von 810, nutze Token wfMq9LfQ8FH8qgxjscB5lZt8Q2WKYqlAC2ZOhkqn. Statuscode 200
Durchlauf 551 von 810, nutze Token rD3t5ASd2ccT76Ey5rlTdthBg7wZeW9LxuVGTsr5. Statuscode 200
Durchlauf 552 von 810, nutze Token tnwnHC9PSxwVsuySzWH77HXIOLQ4vLOAcgnUvZd2. Statuscode 200
Durchlauf 553 von 810, nutze Token RnhF2AQZdoQSO2WQFUkuheM9yfsO7yGnLIydhfTf. Statuscode 200
Durchlauf 554 von 810, nutze Token aSlLF6XzA7TzMkCfIilV0PbDm9Z5LzzRQKyQj4Ci. Statuscode 200
Durchlauf 555 von 810, nutze Token pcPXrltm3FTCn6fQxvMCmTFcMDGPoRaVA7C9bZ77. Statuscode 200
Durchlauf 556 von 810, nutze Token 1V3mGrmSnupdNtrjU6keQCFJzHXXSrSRSwVnYF36. Statuscode 200
Durchlauf 557 von 810, nutze Token 7qR8qN9nvmenAhPHluG0ioRaeYySnZfMQ8y8EWG5. Statuscode 200
Durchlauf 558 von 810, nutze Token WTZsaW6nIiZ7f2O0tTrq8sn7wuu586kw4Xl8j92T. Statuscode 200
Durchlauf 559 von 810, nutze Token KoARGapLynUAZXIeNVv1WQGuozu5qJudtQikA2oa. Statuscode 200
Durchlauf 560 von 810, nutze Token ps6T57aT8J4P6wN28Bo1IxMaOINfDGPmptQmspiK. Statuscode 200
Durchlauf 561 von 810, nutze Token diXdCvBQt03lC6BAD2sOPXay67ousKRwC0jHSmmJ. Statuscode 200
Durchlauf 562 von 810, nutze Token aPJOOlq7IocaXfZ71yOV6r5v0pEyQ2yPlDgSkj2W. Statuscode 200
Durchlauf 563 von 810, nutze Token pBJRBCY9Swmn4WPG3m1hLIKNiOPnv8PNe0UEJzxY. Statuscode 200
Durchlauf 564 von 810, nutze Token z32GlQlil3xXfbfBR93ah9A6O5Ww8mLvkRzWxI7m. Statuscode 200
Durchlauf 565 von 810, nutze Token MwXRIFvoX2mTVmRKyKAIOqadnm0RzIRuzuUbN5H4. Statuscode 200
Durchlauf 566 von 810, nutze Token zEhLJGTYvHYcdjHmbAljskohOQMXh17iC6UqMp9H. Statuscode 200
Durchlauf 567 von 810, nutze Token 2bSG5r9jlkmtaqLvLMJ05Wkc9nwP49dGYg8hR6qd. Statuscode 200
Durchlauf 568 von 810, nutze Token Jok1kTjrxsVRWRH64uXn0mEgBqxZOc4ojjtWwzFM. Statuscode 200
Durchlauf 569 von 810, nutze Token LdrXbokQaDe7TY8kkVyxD1wCTU1m09f7uP8m3ZXk. Statuscode 200
Durchlauf 570 von 810, nutze Token DudKdZH8gAsZ9DgzMPoXQPwv8qnGATPd7BPA0Pd4. Statuscode 200
Durchlauf 571 von 810, nutze Token 9ZlqpGY0iANq3NuKQQYouVFJqWfjKWYeqRtONkbX. Statuscode 200
Durchlauf 572 von 810, nutze Token n6ue44VKspiQltJuIXYs0JQjR8vNI4gR5Kn2QBGn. Statuscode 200
Durchlauf 573 von 810, nutze Token VrioYeG0jUi3OAuHvWZ3pnULUoezKN9mkziFyIul. Statuscode 200
Durchlauf 574 von 810, nutze Token ULxxOqp3ZNfAmjyaVGonHfNYgu9Ne6mYPjKGERus. Statuscode 200
Durchlauf 575 von 810, nutze Token Hm2BxJ5CWYNl50iUXP14D0ZcGaQTjusEydlneY3u. Statuscode 200
Durchlauf 576 von 810, nutze Token yOsz5fOQ97g4SfZEN7280RCISGne4yw7TKB8ACFy. Statuscode 200
Durchlauf 577 von 810, nutze Token FfAOoSw57as1IA5Ji9kgssIBnpaxjfYx3jvYfh8G. Statuscode 200
Durchlauf 578 von 810, nutze Token T0KSFN9bvDPMGsWp4Uo7FETsiwdRpawkGDeuxBR0. Statuscode 200
Durchlauf 579 von 810, nutze Token euiyjN2LwxopB52QeT0kAfDGZF8PTPqDaPJjmwNW. Statuscode 200
Durchlauf 580 von 810, nutze Token pPBC2IGsnRm5EO4kW6waJhvpK2kIxNV03K3EJf8B. Statuscode 200
Durchlauf 581 von 810, nutze Token f3YrDs13HbS6PKaQZlK6dkZaoPS8QHpb3EEDaeI7. Statuscode 200
Durchlauf 582 von 810, nutze Token 4PkyFx9QTryUlUvcBXiIFT87uSVWh1QoLGQKnlxf. Statuscode 200
Durchlauf 583 von 810, nutze Token ZKHoJC89awSQynL9guGtDabWS7DbTEpGTBMeI56v. Statuscode 200
Durchlauf 584 von 810, nutze Token cBMKDglBksYvoTADAUueuEKqEorIm8ot0EC1BGpK. Statuscode 200
Durchlauf 585 von 810, nutze Token QVY4LORAIGYarANRRYcAlYUDrAHUaqG7FZ0vubFj. Statuscode 200
Durchlauf 586 von 810, nutze Token ns5bLBexm3Zujsn5MZkBUcgU4zidnedp300SiWlG. Statuscode 200
Durchlauf 587 von 810, nutze Token tKiPsoNReJ89726DnP2TbVuVagDAL8z6XPgA7Qej. Statuscode 200
Durchlauf 588 von 810, nutze Token PzPtYZlNBrxrNI3NirU8JPs6j36nScNQZXsJYH76. Statuscode 200
Durchlauf 589 von 810, nutze Token DugqdexKOWfiJTXoXW6vCIVRjGKyIip3HxC3vbm1. Statuscode 200
Durchlauf 590 von 810, nutze Token 8SKm1BJp8VVEnDlUeupDSeZANCw1LcXDnNFBLAe7. Statuscode 200
Durchlauf 591 von 810, nutze Token vrg3Cdo8dHjOmv30kvzakTemIGIslDepIvNOa6Tn. Statuscode 200
Durchlauf 592 von 810, nutze Token k2ERK3x9H735Nd8EpLOSRaVdkE6f7Cj2FkvKiodU. Statuscode 200
Durchlauf 593 von 810, nutze Token PB9jnAvF9itpXK5tIMEVfpNMlKo5fxtuZ71YVl8O. Statuscode 200
Durchlauf 594 von 810, nutze Token OH01tVtcsiTMF9YFBDKD0urmFCgq30Q8FBn6t8aF. Statuscode 200
Durchlauf 595 von 810, nutze Token akSbOobttBAUejmdrkVQ2sBwRoYEf9GOl9txiQs7. Statuscode 200
Durchlauf 596 von 810, nutze Token e7Laow5v1oTQ91ksqnsBKBAmgs9pIprs0sdgf5Vn. Statuscode 200
Durchlauf 597 von 810, nutze Token 55Fz5nWw3yBrqDhWqUo8T2lmMUBQMuoS2IPurMF9. Statuscode 200
Durchlauf 598 von 810, nutze Token 4M5hbb4KtgYBBm6iBmCIRZqh4lvTsbeLyX1iDRJz. Statuscode 200
Durchlauf 599 von 810, nutze Token ZAFc3Bz9s36cC1jfpvGdrq72bzAee3UsdXccHZBN. Statuscode 200
Durchlauf 600 von 810, nutze Token IvQ2jSjUDYAMMIcDTfUem6vIus4VbCUKmws9RLRa. Statuscode 200
Durchlauf 601 von 810, nutze Token ZIDVgWTO40sXKm6GyuZbgc7odiHnGF7T1eeiYfO2. Statuscode 200
Durchlauf 602 von 810, nutze Token qkGf7IppOgywY7G35zjfdzCcJXLw8kE3G65tHJmc. Statuscode 200
Durchlauf 603 von 810, nutze Token RjlmsNv2y3EtoJqgfM2bUNz7BP1RQRXGXIDVRUgF. Statuscode 200
Durchlauf 604 von 810, nutze Token Ia5l8uwRNz2UC9IUibEudK98DSSBP5l4cy0NUNDm. Statuscode 200
Durchlauf 605 von 810, nutze Token KNpO4paaYtcxQDS7wkucBzbjoEcTvwI86ebjQ5DF. Statuscode 200
Durchlauf 606 von 810, nutze Token zYuL8kgoRxM7hjhNbCws0gSQPIr8x7QspqnTmyKA. Statuscode 200
Durchlauf 607 von 810, nutze Token KuOC05fr9jyiWDXk7UKx26AWHWuXTnBFfggGz6TL. Statuscode 200
Durchlauf 608 von 810, nutze Token NZeO16KH2i7VkxR1zDof50Cme5R0EAPMzLIBoqrR. Statuscode 200
Durchlauf 609 von 810, nutze Token fYmi8ca24Q05XF4TBxTNDQw60Nqyj4cKV8Ve6d16. Statuscode 200
Durchlauf 610 von 810, nutze Token fHQwJUtxKRwYOyLTqBHGuq7qKQCWscrOU6COkRBX. Statuscode 200
Durchlauf 611 von 810, nutze Token YaOWD524HXLgVE88bLJxV5a4sJHtxiIrOIBLmEMQ. Statuscode 200
Durchlauf 612 von 810, nutze Token uw0QLXmC6h6nLtWZyao41cRsZPbuqqREz7dBplxo. Statuscode 200
Durchlauf 613 von 810, nutze Token TDk2rZK27VWN41dfBNiO21KWjl9y2hQKWcfJAmSu. Statuscode 200
Durchlauf 614 von 810, nutze Token u7YjrifgIjGh1xd7yNhFOH3UTQ37BZb72QtFeKuR. Statuscode 200
Durchlauf 615 von 810, nutze Token QBSboHwmpKtcOxiJ3bu7ofl5UrXvvV95QmdmTVQM. Statuscode 200
Durchlauf 616 von 810, nutze Token caQifBaaQrBSAacQUhrJKzFQ1Cm36gSGLTeTl0xv. Statuscode 200
Durchlauf 617 von 810, nutze Token 1F6iz7tl9s5ZooZiirvRYpc8lgdEczvwS1H92OHb. Statuscode 200
Durchlauf 618 von 810, nutze Token E030349usv7gpFwYWPOiIAZTdHdQHVbQkPs0whOA. Statuscode 200
Durchlauf 619 von 810, nutze Token iK5XMXgNNkNIAJArcb2vdI7RJVXvUqOAKo74HMyl. Statuscode 200
Durchlauf 620 von 810, nutze Token hfVxqrflaZNTqVk5jjyuWEKvgpZ1AJCvIhfSxpsg. Statuscode 200
Durchlauf 621 von 810, nutze Token QTqWqcG2uMObQMtw1QKxmqEUCq0VMflh6DqrJB2d. Statuscode 200
Durchlauf 622 von 810, nutze Token UnSn3ENqCN8vYRcrBlbzIj1KVLbqsPCt3tRoMbzQ. Statuscode 200
Durchlauf 623 von 810, nutze Token pDo0BKYaP7YR2pKGdSxFJAXXJjt5In9cGZPkOu8S. Statuscode 200
Durchlauf 624 von 810, nutze Token mtz9tsIhwiT3HxzlY0pR1tB8D6ZhCCtOM3AoTGYx. Statuscode 200
Durchlauf 625 von 810, nutze Token xzlzF1MWOjnLlHc9fwctXjExO1XlaNmkw0xsSAgK. Statuscode 200
Durchlauf 626 von 810, nutze Token 51SwcOORMZMqZlzd0X9rQ7OapabxflpcEZ0DDbeL. Statuscode 200
Durchlauf 627 von 810, nutze Token kw5IhggJtPk02utMOeCb34mp3CSX61VEEl4xfgeU. Statuscode 200
Durchlauf 628 von 810, nutze Token cDtD48J19myXsAZ37XyvawBChiYjHZuLpg5lTHhN. Statuscode 200
Durchlauf 629 von 810, nutze Token TH4aT2OQaxuF5JtuMOBt0cXHvVlaXpasaphYfA15. Statuscode 200
Durchlauf 630 von 810, nutze Token wsrPRyj6dvFeWTdGB2AnYYTzQKR7cI4Kg6T6ljSf. Statuscode 200
Durchlauf 631 von 810, nutze Token KNGKoL52aNxb26OZuQTd0112csdzjvB9c6ssPZPt. Statuscode 200
Durchlauf 632 von 810, nutze Token coNpHk4R4VbNFM70OWlf3rVbgcWJqkNu7JrI33fE. Statuscode 200
Durchlauf 633 von 810, nutze Token bek9EeV85aHNsnpg45wMkBNGASOGMu2Rs4oyGUS5. Statuscode 200
Durchlauf 634 von 810, nutze Token 2kqENoBJj1qgHwlhdDLSRDMexMcY7IbACRomb7Kd. Statuscode 200
Durchlauf 635 von 810, nutze Token rgm3fFyEOsmDClBTKXfbHB0HLZzyyM6M8O7LnQVx. Statuscode 200
Durchlauf 636 von 810, nutze Token k21kJ25rKgkIwqmhZ4ugjuj8A8POlaGkbrlt7KHP. Statuscode 200
Durchlauf 637 von 810, nutze Token FKvImXLkeFD92wX48ZVKq7I2ijX5T4AS70qvp1Mc. Statuscode 200
Durchlauf 638 von 810, nutze Token Uy0l7j889q5aSLGNAY09Yjg0eQeVgvFYDk2ttCQ6. Statuscode 200
Durchlauf 639 von 810, nutze Token jlAytC43kle3fW9Jiv3BgT5VhSwcQicdB2QSx74k. Statuscode 200
Durchlauf 640 von 810, nutze Token kwRFPgdxKL3iZhMfaAXZNDv7TE7clSLTjA22z3ZA. Statuscode 200
Durchlauf 641 von 810, nutze Token ehwKmCcyFNqVApJVTmXTsiFYmpnNRFrEkM7gxbGz. Statuscode 200
Durchlauf 642 von 810, nutze Token v3f18fPtFlRTF4tm8Wmp3gwOFjh8igQpp7vyBrKf. Statuscode 200
Durchlauf 643 von 810, nutze Token YvvYaVjG3LEpqFYvOE4mEkWugS4G9Tr7qEp0tTDJ. Statuscode 200
Durchlauf 644 von 810, nutze Token tt3TwkjYrcfvg0qJzJwRDcp2Is3H7DP4ckTJRcG6. Statuscode 200
Durchlauf 645 von 810, nutze Token evBDssjb1PZNTg8hScmV8BwWe5FYtNWxvYqerGoN. Statuscode 200
Durchlauf 646 von 810, nutze Token vG4fvKuc8HS59Az1zY8i738lelkkJ9LERtbI84TQ. Statuscode 200
Durchlauf 647 von 810, nutze Token rZF9T97sp3pkw7Cv7RNPsl8ULqptBayVuuUSgj8d. Statuscode 200
Durchlauf 648 von 810, nutze Token MYYyFMaK73b13mO7ZxQvvRi6UFW3qO7vIDcpnH9Q. Statuscode 200
Durchlauf 649 von 810, nutze Token WdRp8VPVNtkP0xvwCQugrSEuZxVNlKTMq2TLEyHG. Statuscode 200
Durchlauf 650 von 810, nutze Token UQsNGgmrJdsRVyt9GdSYvFQqcKKZc3uwYsimQbFF. Statuscode 200
Durchlauf 651 von 810, nutze Token DVzRrOcFg0tyCnDnFbdpolmLaPn9oNwyr9mARxX3. Statuscode 200
Durchlauf 652 von 810, nutze Token 23PF9K8xHrGOsYjZb6xat4VU6gJd9ZUzjfxWMPEE. Statuscode 200
Durchlauf 653 von 810, nutze Token 3Q4T4hLChelaoF51VHqTGWb5C0KmqLwVQ1MtaJqI. Statuscode 200
Durchlauf 654 von 810, nutze Token oC9cejqyxo4HO5tKAfrtNa7PeiLAkoIoPiHi0gEE. Statuscode 200
Durchlauf 655 von 810, nutze Token jZnpKiDXAK80eEKANFG1PgUfBxnWDGeSBLM0pyjW. Statuscode 200
Durchlauf 656 von 810, nutze Token 4uyK3RrNmTuRVdExnMyiSF4V4IvwN4An6rd0UGIS. Statuscode 200
Durchlauf 657 von 810, nutze Token GZXfkl7wOB7FGsj42FTY9dKm2JfbABBfpDW3k8uG. Statuscode 200
Durchlauf 658 von 810, nutze Token AWKXJJpJIqp1yRZ8TwpEiE3RL0WWtHzSKfzPvZuu. Statuscode 200
Durchlauf 659 von 810, nutze Token 5qMiXJvhPXZ67CUtS7sPQT6bv3mlM26tVa4Ih70r. Statuscode 200
Durchlauf 660 von 810, nutze Token ijVHztd31NhoVOpSFNAnMxdwZiwDqhHS5TOy9bIS. Statuscode 200
Durchlauf 661 von 810, nutze Token ElnJftHHqPE0xgGRqQvnC81KC1ohd2gRHULrBSwU. Statuscode 200
Durchlauf 662 von 810, nutze Token 7OlR9fSIPk9a79Mxy65JW362vBXKwT2Nl3GE62wk. Statuscode 200
Durchlauf 663 von 810, nutze Token eil5vC6m20MkXBr9y6yLUXPXNuFg4pxdJKJvsc1w. Statuscode 200
Durchlauf 664 von 810, nutze Token ht8uWqaAqXjDqTw32jERolPfnXdZPdAqJsT8WRuw. Statuscode 200
Durchlauf 665 von 810, nutze Token PTgZj61V5f1stAQhIhqIrCGzCMVB2WKsqKK4lZJm. Statuscode 200
Durchlauf 666 von 810, nutze Token 1Pq2OVkB3hGXApM3c7cPYBmbOOXtV4yAgXlR0M7m. Statuscode 200
Durchlauf 667 von 810, nutze Token y0e8rZcxussoB3ci2SWAGxgV9YucdE7rapPXgTky. Statuscode 200
Durchlauf 668 von 810, nutze Token Pzab41SI7jcIyEdIkN7D31A5gPupVraPp92sSzlU. Statuscode 200
Durchlauf 669 von 810, nutze Token YgAunz9EYz1IrpeNb3ozyEk5O1rXQbAtMGtkoj7N. Statuscode 200
Durchlauf 670 von 810, nutze Token rpJM2StoqUCbsC6BKtbYSss8bwxfqIQuz32HirHd. Statuscode 200
Durchlauf 671 von 810, nutze Token 7G5MzFhPduACOTGgIeWfchQbum3rh7nG1haQRKvp. Statuscode 200
Durchlauf 672 von 810, nutze Token 6WYDMdZp0P0g4FSNGEv7MmpP5gtZAGwAM7KI8W3H. Statuscode 200
Durchlauf 673 von 810, nutze Token Mw8LBtx1HDK2WQ7ULF82VmWIOOtPFPv00xGjWnYK. Statuscode 200
Durchlauf 674 von 810, nutze Token OasTTP5QL83HZp4kmlxi2g2XhbwCMgK8vUvuIcIU. Statuscode 200
Durchlauf 675 von 810, nutze Token f7rg61X0QU8naXQ25lzNhnIkaNeZgbC3YT9GdkO1. Statuscode 200
Durchlauf 676 von 810, nutze Token b50HDkUb7vryWjGKfinF90dP4u0YE74bcl8e4mGy. Statuscode 200
Durchlauf 677 von 810, nutze Token Zxfrwkg6ZoXwc4s2w27TpNSdfE8mNmhsFwDF8089. Statuscode 200
Durchlauf 678 von 810, nutze Token XCjgtd7DUBj7ZZ24QyEQs0fKpLpKiUramrWgAJlC. Statuscode 200
Durchlauf 679 von 810, nutze Token tvc8yTFTKG4eN2kkXSL9MOAjGjsEAW52znZnyP8V. Statuscode 200
Durchlauf 680 von 810, nutze Token RPQpjTU5979pZIUSIM31eAlOiZdAQKRbQrOInSyA. Statuscode 200
Durchlauf 681 von 810, nutze Token UQkeFL1YvlIPs8yIU4A7AjXCWpGzwFlWjC3PtTIF. Statuscode 200
Durchlauf 682 von 810, nutze Token OTsZqc65z1WvGJesiZDP7CZL3UmH83Sj08BfRjjo. Statuscode 200
Durchlauf 683 von 810, nutze Token 769hZaZhCMBxhaVwqlJHUp986TmmclXws2RU5HJk. Statuscode 200
Durchlauf 684 von 810, nutze Token EUtLDc9vL4KWxJsggbzJsPnGQYRBuLOLM3l27UR0. Statuscode 200
Durchlauf 685 von 810, nutze Token YgChQXrnVPQJDnQCjydXdhxvdukfzW35H3VwQq4X. Statuscode 200
Durchlauf 686 von 810, nutze Token YnZHXj7lGUt1eaa8W2E9ZotF9cR4Nt5JtGY0nes7. Statuscode 200
Durchlauf 687 von 810, nutze Token OtFGsRXz2S9i5hkg524yOFpjKd29jhxeWsYfqXSn. Statuscode 200
Durchlauf 688 von 810, nutze Token Q3hxPIuiPQ4Ia7C9EIDnm7g6PylA0yurOs7PcjBH. Statuscode 200
Durchlauf 689 von 810, nutze Token CAC1xY24Jdg24dArs84H7W2lEgX7SZ1qhXZ8pCLL. Statuscode 200
Durchlauf 690 von 810, nutze Token lKNtrzLSQdo76jsZvPe8aU2HI9AVRN569MiYVRGj. Statuscode 200
Durchlauf 691 von 810, nutze Token GUCFZlEa5XSYSmOwtc337N2RMggXJzHagfs8M0y2. Statuscode 200
Durchlauf 692 von 810, nutze Token tq7qqWsKLOwabl88x71FizVOVbYTIwJR7FijpSJM. Statuscode 200
Durchlauf 693 von 810, nutze Token wK1yyWEcEzFdOF4rY1WpYOqQIaVX1lwzPIrFLQPw. Statuscode 200
Durchlauf 694 von 810, nutze Token Yvj61WgNmHrreduPKUzh1JjgaC2AZEUIo7xfJZMz. Statuscode 200
Durchlauf 695 von 810, nutze Token uHgLTBV9BSkj7HZ0RHVCN3Q2LRc1nMVnuH7RaifN. Statuscode 200
Durchlauf 696 von 810, nutze Token 4kE4AckIo3tri4eWXTijyPcUdALDEvxSRzHqgyON. Statuscode 200
Durchlauf 697 von 810, nutze Token KAOwkHNrCigs1GWESHHqDb7dW0gmuw8uOVoQ71PN. Statuscode 200
Durchlauf 698 von 810, nutze Token i4j3qX1lgl2VXM4W835wYXj5Jucn6BiFra89tQAx. Statuscode 200
Durchlauf 699 von 810, nutze Token Ez2qQ409o62FIjhzKdXCMLiaMGrL1UwB182XCjVI. Statuscode 200
Durchlauf 700 von 810, nutze Token nBYbFCcNrhdiaXHUtdvEfGhBSclcqTTnLL2AJdii. Statuscode 200
Durchlauf 701 von 810, nutze Token nbl7fVWzpbn1I9AomiJuKj1WYL2riDdsywRpzaKf. Statuscode 200
Durchlauf 702 von 810, nutze Token x9m6q5dItliwPeRI1UlArvGyHBU98oESZJaq5MDN. Statuscode 200
Durchlauf 703 von 810, nutze Token DqRH4dFyufvH1aLfWctFEW6wByyxoYufsUWCGjDS. Statuscode 200
Durchlauf 704 von 810, nutze Token jmIH9OTPwnFDcBn9a5UOqza5z9GtJ1y8fCVMUrFu. Statuscode 200
Durchlauf 705 von 810, nutze Token WBW7iYvx2Vc46kwUp4HeUN0PNBsTjjJ2OZrlrcyZ. Statuscode 200
Durchlauf 706 von 810, nutze Token nLCdaeBCitcNFXGvRe9snJAK4kS7L0iYPAGDg4QE. Statuscode 200
Durchlauf 707 von 810, nutze Token fVJZO7OdwiaOvuJez2MUPPifSToLuZeRoyHcug43. Statuscode 200
Durchlauf 708 von 810, nutze Token WWXwCKAIz1YLwNEdt7be5CDGKaCyVIoaCv9aJVtu. Statuscode 200
Durchlauf 709 von 810, nutze Token wTqGOx4JyyRagSvS1zu6cuOx30pjSGqTUyFXVQ8m. Statuscode 200
Durchlauf 710 von 810, nutze Token TIyMk6wdUeZ4an5RuMXtktsTFcXKgO0EHY35taTx. Statuscode 200
Durchlauf 711 von 810, nutze Token VEunZ55exZ7rGKmmrmvfR6X7zVw9gfl3BnLeT5fc. Statuscode 200
Durchlauf 712 von 810, nutze Token UdPbaKN06M8cMTy0pBxz1TYDXeFulFIceob24CzZ. Statuscode 200
Durchlauf 713 von 810, nutze Token UE4KeokMQiZssTKGGCDh14rew1VBP1TvmYB5Vc6m. Statuscode 200
Durchlauf 714 von 810, nutze Token 8IrqBlqdAmkRIG7ha938P9rmFgIziWwdF7xCF0Dn. Statuscode 200
Durchlauf 715 von 810, nutze Token gz24aGRU6glR6ci7EfhCsDYvyHDoqXd7uJCIOLk2. Statuscode 200
Durchlauf 716 von 810, nutze Token 9jmddiAFmDd6JcWG5GV8wTKloJGTK5q3QcBbpbeB. Statuscode 200
Durchlauf 717 von 810, nutze Token ryrFjBMTD1MkfOkUFp6P2MO0GZDVwy2B5s8bwJkd. Statuscode 200
Durchlauf 718 von 810, nutze Token naIkyRgz3DIOj1uGttN8NtYBi7Hn9SGWa2cBcpxm. Statuscode 200
Durchlauf 719 von 810, nutze Token EGmSfGlS4DFiDRpuBlGBnDWp6i43mjs3CBgmhfMw. Statuscode 200
Durchlauf 720 von 810, nutze Token gAgPZM08xaOYuv3oTSA4kk5PpIYKHRYZEez4Si5i. Statuscode 200
Durchlauf 721 von 810, nutze Token Q9jN6JmPAM64NCeyTtdmKzZQgvqBUs7fBsgGRrDE. Statuscode 200
Durchlauf 722 von 810, nutze Token 9nPKlD3xibGWVEIC5fvsNmlCjpx5RHAHJ5a1FiFJ. Statuscode 200
Durchlauf 723 von 810, nutze Token s86AFeBK2zHluEQeqtHWTOc3JikKFATi9sunH0Po. Statuscode 200
Durchlauf 724 von 810, nutze Token iAdGcVS1oNQx5zq5rWoMNh5JM99ZswivExKu6T6s. Statuscode 200
Durchlauf 725 von 810, nutze Token DmcKZZFEEAN3ORUk92nvOusan06D8IplbXDOeQKq. Statuscode 200
Durchlauf 726 von 810, nutze Token HhjzZfjKTyNsMM1OBC3XAhf43xUs9D7WzpAQsLk4. Statuscode 200
Durchlauf 727 von 810, nutze Token ePwOMn4cqHsLMu1Ycuxz63tQVTJcMq2yn3F4YcOf. Statuscode 200
Durchlauf 728 von 810, nutze Token rFh9QWSYkGbGDrnriNBOKRE5leu6OMzzVNvnU984. Statuscode 200
Durchlauf 729 von 810, nutze Token HmcXVxhR3lgIsOlMCdFKZl2SxEcYh2f0J2ZAvNmC. Statuscode 200
Durchlauf 730 von 810, nutze Token X1EhJnxxfI8M8yIFT7sQDeYk8kk1Lrk2rib49CVg. Statuscode 200
Durchlauf 731 von 810, nutze Token ws2I1jbo6CWm2cs7GfxWCtH4ES9BJrIXm0wzCPbs. Statuscode 200
Durchlauf 732 von 810, nutze Token nisSYDm9mEDj9gy4wd8l1KSPyBXYPJt5NCzfo8qM. Statuscode 200
Durchlauf 733 von 810, nutze Token sUYN7OwWDtgKJmf2Wh3ziakfvZT1KlgQgLnGvPI6. Statuscode 200
Durchlauf 734 von 810, nutze Token G7mE75YcIlCKNVUQrln5eQUYissBb54FJw41UrK3. Statuscode 200
Durchlauf 735 von 810, nutze Token czK1eo72vu3NzD007oWnLAYkPrcEIFiZws1yLtsb. Statuscode 200
Durchlauf 736 von 810, nutze Token TB0B8bXPGtjRCo0Teqj9v8pj9IhLEpGmAo88I1G7. Statuscode 200
Durchlauf 737 von 810, nutze Token hlBCwzAd1A0PyH5pUPBGaBDqE0tYHrrpSOmzbfBU. Statuscode 200
Durchlauf 738 von 810, nutze Token 9Qlg5nJrtYgV1gaGnl6yLk6Ar2mZqlqB4xgOoPQj. Statuscode 200
Durchlauf 739 von 810, nutze Token KiWOw7AMPWtZapO1wYPhrCa3uBMjIkeBt934tpMk. Statuscode 200
Durchlauf 740 von 810, nutze Token gLdQXaVQZ8afXDLFi7wdpmHqvzRD2bNmCVp1KX9P. Statuscode 200
Durchlauf 741 von 810, nutze Token AIueRXG6g2c0y5oew5GpJF2W8rkPBTRdkHRfCp5m. Statuscode 200
Durchlauf 742 von 810, nutze Token Xkwdcy9Evy8SQ4WeUj7lMfx0wtXyRuauLlAFgrg1. Statuscode 200
Durchlauf 743 von 810, nutze Token lnbtFgKN6tj3bZoQgOgbNv2BEs79tLtfYZJLKHDx. Statuscode 200
Durchlauf 744 von 810, nutze Token cMaNuGhQLsueHaMyLxnm78pxJy2dJrQUi2ouv58e. Statuscode 200
Durchlauf 745 von 810, nutze Token o0DlsNs4vpfPrQBoeL75vtZ1CD4eTS3GHbiIjj9J. Statuscode 200
Durchlauf 746 von 810, nutze Token NRHDvz8H5I5Y9y4oFiYnZGOY90VgUxYqRMCvPNjM. Statuscode 200
Durchlauf 747 von 810, nutze Token NxJOujqTXDPSsdU4N8DvWVcJT3UVujnk59ok30wM. Statuscode 200
Durchlauf 748 von 810, nutze Token LC6ScCrf5nNE4dnYkQlJlKxdfyKQN6wyhhyS0cl4. Statuscode 200
Durchlauf 749 von 810, nutze Token nmBT869OI8Mtp2DbulrYoMO3arPvk0GbkBRxiQIA. Statuscode 200
Durchlauf 750 von 810, nutze Token 6jQ9Q1pcpOwcXW1vYFGp40Ya605eM7V2uzdLQ93w. Statuscode 200
Durchlauf 751 von 810, nutze Token A0gdMpbRyqjElNsmRSvwD2GRNaDlG76qPfxiYh3h. Statuscode 200
Durchlauf 752 von 810, nutze Token W3jFOekTOW045fvnzBpbUCNfso2hSCeadx3RWcMs. Statuscode 200
Durchlauf 753 von 810, nutze Token 6BnAcQDP88NGqRJD1a7VotQ2VWaA8DkDpybUWFDK. Statuscode 200
Durchlauf 754 von 810, nutze Token n13zkYWLbraBMmkcyZGKMZfENPTDP3CEBtwoJuHA. Statuscode 200
Durchlauf 755 von 810, nutze Token KDV4Cr3SCkTTtB9YgdQiOlT3kZEfkoICEmoa9DY2. Statuscode 200
Durchlauf 756 von 810, nutze Token 9OqSXgc51qeyg9JvzbPQoEtiHvX1iGZ4b9mUAVKa. Statuscode 200
Durchlauf 757 von 810, nutze Token 4HXpB4mHxSfhDCzagNd0Kr4QRYCNi4YjmRksrx08. Statuscode 200
Durchlauf 758 von 810, nutze Token buA5f2DCy7iK8S0cDJb4TQSvOhIH6gm40f2epdV0. Statuscode 200
Durchlauf 759 von 810, nutze Token nUTmRoZNtoTVE5wxIQCe7RlS8xE4ystYzEZI6Maw. Statuscode 200
Durchlauf 760 von 810, nutze Token cczeng3Yh8lYF58IHtSIOqjuiaa0SMtAqQTtioVy. Statuscode 200
Durchlauf 761 von 810, nutze Token sHNjokNbHByepGndPclxLkhoGMaUROh17Q9uGch5. Statuscode 200
Durchlauf 762 von 810, nutze Token nTEk3OrxaZmWmE4mSZIetuIAtdaBwGlT3fk2J6Rf. Statuscode 200
Durchlauf 763 von 810, nutze Token HF23pP7pwNcnJ3lElQAlnlW1oLomxD85TN0WZhQj. Statuscode 200
Durchlauf 764 von 810, nutze Token rgXYY5DNT1Hm21BQ93M13OLn4zt304cHpCsX5dfq. Statuscode 200
Durchlauf 765 von 810, nutze Token MtfzMG3bka3NflwSkga4FYTQx3iyd9TRuwKFUUU1. Statuscode 200
Durchlauf 766 von 810, nutze Token E7oTONFRfGJkAkW0msrpOJeTvJ1lSHqkfHdkKR05. Statuscode 200
Durchlauf 767 von 810, nutze Token H6jej14xMYn6Ix5YxR0XDN13y8jeqF5QmSB519FM. Statuscode 200
Durchlauf 768 von 810, nutze Token MIRU6ZZuECe6HEjyzPTQKU1XdnJDTdR5rDMZ6JXY. Statuscode 200
Durchlauf 769 von 810, nutze Token jqjPzgzF3NsE67zxaqnIO8hCXchguFYySAfSv63a. Statuscode 200
Durchlauf 770 von 810, nutze Token JgGY4UPQsGra7rdPzsj5zEN9xMOSqFV6WxfBgsBG. Statuscode 200
Durchlauf 771 von 810, nutze Token 4PrmaPO2QKKYgx82YJxXqi1Uht0LB7HZX3PzX7Bg. Statuscode 200
Durchlauf 772 von 810, nutze Token etYrp3SnJAScyyRkOHL8sBaCL0qYWATCc4CExjtR. Statuscode 200
Durchlauf 773 von 810, nutze Token ORb53B7GlP0PDcDnsAA3QJ8KrjClaaXzBds1QvRJ. Statuscode 200
Durchlauf 774 von 810, nutze Token 2BIN24TFxRjKSLBERgXAugqToQla0I9AHqaa6aIu. Statuscode 200
Durchlauf 775 von 810, nutze Token kBFXKVrSnBbtuMEyUWDzATXZueqt69AKZbs16iFg. Statuscode 200
Durchlauf 776 von 810, nutze Token x5Dy7iMpWAlyUchPbLeXLgVkiusGI4ivPiuWVz87. Statuscode 200
Durchlauf 777 von 810, nutze Token K6zcbVKSRz9hM8UVjn63MuDXfJpIcj1opGpF8ixL. Statuscode 200
Durchlauf 778 von 810, nutze Token NUgcRKVlvzwUTVX1drlxRM2QvGw4FDKpVjBriP8k. Statuscode 200
Durchlauf 779 von 810, nutze Token 3ToWVuvsFCt24Zznah0w5L6CNSAZ3ThQbmZ1HJgb. Statuscode 200
Durchlauf 780 von 810, nutze Token z1OKAVn0VgnNkWDFRIGDFX8NQrkunWLxnA9QKRMY. Statuscode 200
Durchlauf 781 von 810, nutze Token yeM6cnPlV1tb2kNERrUZnXpulFOuPvS2yTrsXb1d. Statuscode 200
Durchlauf 782 von 810, nutze Token VeAuQYk91xw372dNKEj6pj5VTlkP4T1AGp4sCs8l. Statuscode 200
Durchlauf 783 von 810, nutze Token ivRbn4p3GE0hOAZXk2POqwTSy5f5OEK62XmPCquL. Statuscode 200
Durchlauf 784 von 810, nutze Token b9kVB79m7lpJ15aKOoDxJfJMLIpYD2k9nMv8jpVH. Statuscode 200
Durchlauf 785 von 810, nutze Token eoGoMOTLT3fcFScvwLy2UweWxePiDDr8ip2MXpan. Statuscode 200
