Durchlauf 1 von 510, nutze Token IfZLJ6I82SkiWkaPOm3Sf22OzhCDvWZ7sTBvaEdr. Statuscode 200
Durchlauf 2 von 510, nutze Token zyxHwBKUmV0BJvZBN2t5SvJZVbwwavohfD8rTCtN. Statuscode 200
Durchlauf 3 von 510, nutze Token w6I2WUt17j7VVX5S5u8cyC88ex8gKUhP3uhEewOH. Statuscode 200
Durchlauf 4 von 510, nutze Token os3k9vzrSPbsra1GOTPDhj9aEr6IN3V6RXRQQUET. Statuscode 200
Durchlauf 5 von 510, nutze Token Twe0dBedYYBrDseipTSeXI3vBBx95nNXT6AnAdOj. Statuscode 200
Durchlauf 6 von 510, nutze Token 64kX7Wm3MPnmfJiVTKQyeL5ofsVtfdqKua6qfqe5. Statuscode 200
Durchlauf 7 von 510, nutze Token wt2IDOoCe29erYKcTawF9A2m6HRq5aUdFX4WVvIr. Statuscode 200
Durchlauf 8 von 510, nutze Token LW0Lztbk6m6Dyy7xMfebcpYBtiPCApCcVIVIy4aA. Statuscode 200
Durchlauf 9 von 510, nutze Token 5MsebPNG4L6up8ku6O2I3k4k3QyADrlKX8Lfzx0M. Statuscode 200
Durchlauf 10 von 510, nutze Token y2wiOpTWBmgTLGICbN6gxhm6UaEYLf7WovTvPzMO. Statuscode 200
Durchlauf 11 von 510, nutze Token uexXVQOToiXa2DEunfGSQogLJqClAZFUpgr05fbz. Statuscode 200
Durchlauf 12 von 510, nutze Token Uxwg7uvjvqMPn2yp2wV0Ya9EWSWQzykRGcXr1MqE. Statuscode 200
Durchlauf 13 von 510, nutze Token gKzBc15yKb4zVfkCZYH6DwI98oUBL8qi1Km4b38i. Statuscode 200
Durchlauf 14 von 510, nutze Token QFrBp4cCuksNjr9tZZMjAQnbKeBKyVSwdNkrAYVN. Statuscode 200
Durchlauf 15 von 510, nutze Token lZJDO1F2gHXZhLhsOT0ibcjJUDWsNxE3i6p5s0N0. Statuscode 200
Durchlauf 16 von 510, nutze Token 0pHbgyv7Pu3pUvGRaW2u1qyLt6VYL8cP9k2fPjCU. Statuscode 200
Durchlauf 17 von 510, nutze Token jDW5MP9S7yfgW7u0Gm1GWxodNWRL0PB4QMSmLPot. Statuscode 200
Durchlauf 18 von 510, nutze Token d3Ei9zo5GQ3NSXyqPjRJEgXTPGMUGQw56ibCGoYi. Statuscode 200
Durchlauf 19 von 510, nutze Token Naft17vCaRNEmQnkewDU8YtJs3fGG8VUkL6qdSLH. Statuscode 200
Durchlauf 20 von 510, nutze Token SOavXteRdvlw6agUMznTINwmmNOLAOevqsB17qJH. Statuscode 200
Durchlauf 21 von 510, nutze Token C6CSmgsf9thPpaoXlDhhGQQl6ifuUpIbP6BfHMJx. Statuscode 200
Durchlauf 22 von 510, nutze Token UD09vYWAu6PGIlWiOtKOafClC47FClZKmQXjtvUy. Statuscode 200
Durchlauf 23 von 510, nutze Token yXFBPpEiNmbj2I1LDg37h2HN1ZMEpNhzc4Cgui7G. Statuscode 200
Durchlauf 24 von 510, nutze Token JCvlIUa5N5eaNhrme8jweXAe1hPOpwgxiOtczpm3. Statuscode 200
Durchlauf 25 von 510, nutze Token YeXENNJc7mSkY6oviajfL23ioRU9IuAol9mH8FJ2. Statuscode 200
Durchlauf 26 von 510, nutze Token WRbE5ITRBYsGmurP5PZQ7LSwYSFOBAFNWjfpV54K. Statuscode 200
Durchlauf 27 von 510, nutze Token 9U6LjJXD7Ig8IVpoyZzWfvQDfHqnKWutFuwwYUlJ. Statuscode 200
Durchlauf 28 von 510, nutze Token 643c42GCwHwzpssXPFjflc9FIh5gTJfoPmW45cS7. Statuscode 200
Durchlauf 29 von 510, nutze Token dQifZ2IUvYkMf7IXDYxuqHf84rilHGq3d4nL9lLv. Statuscode 200
Durchlauf 30 von 510, nutze Token wDf9ESHVQndbU4nxhS1qH6HEhRelqwPHKXksqNST. Statuscode 200
Durchlauf 31 von 510, nutze Token RkJ1neg4dYlRqePk60grY5DpMagXEPBSMrBnnScs. Statuscode 200
Durchlauf 32 von 510, nutze Token sMPVC8sY4peZgJ9Ksq5OuPYQvGGabU0s5a1ibQ6r. Statuscode 200
Durchlauf 33 von 510, nutze Token OnkePfxyVn0aJOIeMbQXjVMh9E4BGdj2xkvWVaDC. Statuscode 200
Durchlauf 34 von 510, nutze Token qKGeXOVGtGqhabNfwbrh3yAURUl7D4NdB4K1zAaH. Statuscode 200
Durchlauf 35 von 510, nutze Token k2NJtQyd2HYtJchpVJx8QzctmIt5pNPlaiK63g2N. Statuscode 200
Durchlauf 36 von 510, nutze Token 1aZbIt7LgC7SHnOBTM58yCcPmhu15u9pKdYr8bFo. Statuscode 200
Durchlauf 37 von 510, nutze Token QUDE1pjChhvEhehOF9G3uavMEzurHcXwEF57GQO2. Statuscode 200
Durchlauf 38 von 510, nutze Token mpokfPd7ioCz27MP6HbI3REjejC6XHjCqa7ze6us. Statuscode 200
Durchlauf 39 von 510, nutze Token uxsbfxzE7aTsbWZEDlb0DP6bFcIIqDy11i0ptLih. Statuscode 200
Durchlauf 40 von 510, nutze Token 03Qx0VsaFJDzYfindUJCC4PmPHaYPJdPfveFDYld. Statuscode 200
Durchlauf 41 von 510, nutze Token wubznaqvgnzIy6rTsGl2fWIWalNXvJ0MUk0vBeYU. Statuscode 200
Durchlauf 42 von 510, nutze Token MTTPFxVbAQpSJRk0TOkzl0IIxhm44sG3OorDgRK7. Statuscode 200
Durchlauf 43 von 510, nutze Token bbDa31NHN9TtliKmyjMlaO8vqBNlngi5aGplDuaK. Statuscode 200
Durchlauf 44 von 510, nutze Token llTBDWT8Te34h8mjvaLPIv9b6e80wvrFxIQBbtbc. Statuscode 200
Durchlauf 45 von 510, nutze Token AbbodKt8eeVpp73LM9gozaNH2C7am3Jbd717ORu0. Statuscode 200
Durchlauf 46 von 510, nutze Token 0LFPghMStx0y1FjtdfiEWNis49GX7miGcmccIoBQ. Statuscode 200
Durchlauf 47 von 510, nutze Token 9tKLFrGg0a6mvzF9P6FsjwYZhNZMZK5BpZxgFeqr. Statuscode 200
Durchlauf 48 von 510, nutze Token on2Mz6W5KG6Y4BsbQEZxNBtyp5r3nMBZZ9yuuTtZ. Statuscode 200
Durchlauf 49 von 510, nutze Token N10alGuUdFqV2eA1ziblj3J4K8ZSwnwWWSUjcGCN. Statuscode 200
Durchlauf 50 von 510, nutze Token WUj0FuePxyijTQAVpCGymf10jd00WpfOwtIyAsIN. Statuscode 200
Durchlauf 51 von 510, nutze Token UKg7sf1rI8TbK6bUYqIquz2o9mlCxhRP6Z2jRvh4. Statuscode 200
Durchlauf 52 von 510, nutze Token VgWIKYrmRf3JnZqHnEKj3ucpwNQmskjZmvhiMqzN. Statuscode 200
Durchlauf 53 von 510, nutze Token 8UFPfnavfbz0rT2kwkJyt66pdltSmvM01CHPLoP6. Statuscode 200
Durchlauf 54 von 510, nutze Token gn1HCQ5mahwdTFwxGviDn1f9vwvDHzthWr8yogAI. Statuscode 200
Durchlauf 55 von 510, nutze Token XPg7tFL7iucBF7W86fu5TjkkGpwdLgbQpPeJq4cG. Statuscode 200
Durchlauf 56 von 510, nutze Token yQYQEIoV9s0ciwMeeQtRhARLvuSOuy26wnZsp1mJ. Statuscode 200
Durchlauf 57 von 510, nutze Token XnAnPAyZC3mn5t1o6cor7NuV18xRutlp7VUyZFNP. Statuscode 200
Durchlauf 58 von 510, nutze Token mFXXhZnb6Cay7CqGRaxiufq3Emd3ZawyvtHvLCln. Statuscode 200
Durchlauf 59 von 510, nutze Token VdExX5MUTy65DQTrTq7caHppCauyEJU2FAtlPNlo. Statuscode 200
Durchlauf 60 von 510, nutze Token szn4qSMLlXziCY5TU8wyR9iCOrNMZ6HukFp4UAl8. Statuscode 200
Durchlauf 61 von 510, nutze Token 4BnhVg4jAiGQYj1xSW9dJr3TBm4LQmeRAtZLEPvo. Statuscode 200
Durchlauf 62 von 510, nutze Token NgsobPkK0PTP5FdepghihebpBltLbQqncZTsmUiz. Statuscode 200
Durchlauf 63 von 510, nutze Token De4TIa6nYGGfsZ9AUHJKga9cL0Z30lJhQSIWTMu6. Statuscode 200
Durchlauf 64 von 510, nutze Token xofNkYVYe6rxZmohSlEfQQdCie3c5JkLrLKG1xkN. Statuscode 200
Durchlauf 65 von 510, nutze Token xnEXHXkhFMbd7Xlf42u1t91rp6dW27bFcBAqAUor. Statuscode 200
Durchlauf 66 von 510, nutze Token ndgagLWTOAsufuOa8RuAqQKMW3HUMxB4ev5vUyhQ. Statuscode 200
Durchlauf 67 von 510, nutze Token 0lxRir0DFCarcYqDSPEIohYF05CPBxo8eZGvktJu. Statuscode 200
Durchlauf 68 von 510, nutze Token v3X6bfvJ0pJdxEmEdUXJPu0UezsuFXNaxvPTUpdx. Statuscode 200
Durchlauf 69 von 510, nutze Token JThSVsZeZqcp0aStGz1djRcJyWc7DDbDWXOL78RU. Statuscode 200
Durchlauf 70 von 510, nutze Token 13UJpCGseNuusVBApxSJcU7S8I6uAL0rSReAni2J. Statuscode 200
Durchlauf 71 von 510, nutze Token mZJbtwXrPbcuRd8PTaHUBvUGlgnkyCMI6DvBkduW. Statuscode 200
Durchlauf 72 von 510, nutze Token hGRNlAUQkDQ3hnQMMYVLdtDZPMpN3eGur0eacKKM. Statuscode 200
Durchlauf 73 von 510, nutze Token XpiAqkLD4k81JnzSqM1CpsXCwoc90vIyqUIA23oT. Statuscode 200
Durchlauf 74 von 510, nutze Token XcFiuG6frsJL2vTPDjt3gTIEqrGykDhnMhn0boci. Statuscode 200
Durchlauf 75 von 510, nutze Token 73gCZVLlcAsmAo7Wv2C1YgN2EgDtzhKs1ClBP5mv. Statuscode 200
Durchlauf 76 von 510, nutze Token clE4Wc4ZmZVq0WLF8aYKOs21yJuLmjJNLza52CBF. Statuscode 200
Durchlauf 77 von 510, nutze Token Y3FwS3CBev3SA7HXZnVVwt41E8DgWjSMVj8ujz9k. Statuscode 200
Durchlauf 78 von 510, nutze Token u3DqrtZ30ClcunAU6sFxtC7DIQKYnhG3LJm8P9Z7. Statuscode 200
Durchlauf 79 von 510, nutze Token GkwZxoR3IX39kclPMjWy7lMaWkccqQVbuO2w5IxD. Statuscode 200
Durchlauf 80 von 510, nutze Token hkwJkT68UIDEYqL9PwM2ccMBwfUapPcA7xzGGcu8. Statuscode 200
Durchlauf 81 von 510, nutze Token QaqOtIeFqo2R1VKfb9ZiWuA42J7cdRJABEQISzsK. Statuscode 200
Durchlauf 82 von 510, nutze Token nunWGJKr1KHVhdIFu7rjLl7YpgEJ1wBS9vB20wrW. Statuscode 200
Durchlauf 83 von 510, nutze Token 0UWSQkWugD49E0FjWZKOb0HrVDZpmPukWptX0asi. Statuscode 200
Durchlauf 84 von 510, nutze Token SGdN8AUUXhVsx2zdqdhWTMaHJT64mtEhLvk6dNfK. Statuscode 200
Durchlauf 85 von 510, nutze Token 8K0atpHep5FL39mCgSPHzXiEM0iqZZ8HwyKmr9ca. Statuscode 200
Durchlauf 86 von 510, nutze Token oG128oyYFUE9Sd7pWHvQzyDFwtWU09VgWWDAs23j. Statuscode 200
Durchlauf 87 von 510, nutze Token pYqipqT2w1KI0m00H8XnHWXAkiMslxVvmZDqmrjV. Statuscode 200
Durchlauf 88 von 510, nutze Token qITyUjhR81654536PouEPJqlpl20sa4ofdusmwFp. Statuscode 200
Durchlauf 89 von 510, nutze Token FLWZ88If8a3nxs560ifeeqXpcJbCjObwP0T8vgzs. Statuscode 200
Durchlauf 90 von 510, nutze Token WcnjitAWu2v2xylimIEG0ItLrt3Cw8nSstU30hNg. Statuscode 200
Durchlauf 91 von 510, nutze Token L4UWNdb7OZZY9bqa9Eb1s6siIDfiOxmTj1nltgPt. Statuscode 200
Durchlauf 92 von 510, nutze Token rVTgPHqOY9yOM44i6gdWLtxWueXRU2NVwZr08Q7g. Statuscode 200
Durchlauf 93 von 510, nutze Token MmN44EucAxvpkpAhueOqvpbBQCxzm8Bptq8Wtogd. Statuscode 200
Durchlauf 94 von 510, nutze Token cTNEF1cdsUJnzvybqfBPQQjOD4FFrbXgvHoJzFnn. Statuscode 200
Durchlauf 95 von 510, nutze Token JfsLcSlQu0eLtQ6IGw1QB4ep7ZHMFv6FX6YMxhwp. Statuscode 200
Durchlauf 96 von 510, nutze Token 9HmMNzjTlVxqcGbaRdlVQ0MMMOvzPwETgygq0oh7. Statuscode 200
Durchlauf 97 von 510, nutze Token oNXeBKvcKtpip7J7qRMyJuWRp5PKsX0q2Vv2YsRw. Statuscode 200
Durchlauf 98 von 510, nutze Token IIXwhsbOSmLYzJPa9yCWBwm58nNzNCf9FGt7RtfU. Statuscode 200
Durchlauf 99 von 510, nutze Token BOHNYllqxTEbWAYFi2n8LN85aOOJVvLx1m2ddE33. Statuscode 200
Durchlauf 100 von 510, nutze Token hSoJKALClcIbXuIkfj8MMm1bmqp2VTV9xpobzOqO. Statuscode 200
Durchlauf 101 von 510, nutze Token MLkXIyqZtTpxRey5425aCji6S2ADG0kuQkyEFYp6. Statuscode 200
Durchlauf 102 von 510, nutze Token 7PhbZZB5T5ksEX4boTBnO69lCrFIMZfmu1tBYkmx. Statuscode 200
Durchlauf 103 von 510, nutze Token PKaXjoYjl1tbLsEjYuU5pNS1NoBztWoJeSeCJgzg. Statuscode 200
Durchlauf 104 von 510, nutze Token ocl8xKMg1hosgR6o8QW3Ldb3ZadxileToaHp6mJa. Statuscode 200
Durchlauf 105 von 510, nutze Token CV1dScAHldgMeoEgmeuPMn5NNcWRZBVxxBRIpEdP. Statuscode 200
Durchlauf 106 von 510, nutze Token 2kbMVqSvJy9u80o3ttFBrHUsIpPHslFbPXV5SZNl. Statuscode 200
Durchlauf 107 von 510, nutze Token HkRaUwv6z64Jr4EnEbqYc4FTGz0iIzMj465UGDgE. Statuscode 200
Durchlauf 108 von 510, nutze Token LaQYdXYTYHhQwJ7CXc7yLupi7ZfDyZ1p5e87S5wH. Statuscode 200
Durchlauf 109 von 510, nutze Token 60FZufRRWeWzSAmPlT8LzodXCVhc1RgDod4EVYt7. Statuscode 200
Durchlauf 110 von 510, nutze Token k1fVaS4HRqzlwHOGvv5YlpZDOHtMWM4BiZfMnJ7Y. Statuscode 200
Durchlauf 111 von 510, nutze Token 7kpm2tQqo8gv0L9BXhLotJScHflDsQivWXvD5grN. Statuscode 200
Durchlauf 112 von 510, nutze Token pm9M2Qqq6yL9HirCRKqajbgImWb71JI4Het7xQRk. Statuscode 200
Durchlauf 113 von 510, nutze Token jPeYidDVro2VCGSa39NFx0dxYNNXmNWmdTOgrwuF. Statuscode 200
Durchlauf 114 von 510, nutze Token t4IHLdE58XGg5VIAUJXyspiuj1o7yc15M0kDEYoE. Statuscode 200
Durchlauf 115 von 510, nutze Token S28Tud1zFweYF9fPhIcpGPsGiyabHvGSlOgIkXBN. Statuscode 200
Durchlauf 116 von 510, nutze Token jUbCldc5Zkubvcys65XhXhm3LsNrzeFTrXgzM16f. Statuscode 200
Durchlauf 117 von 510, nutze Token oW3RDZJRK7R61fj3uN2wVx8MA33UmSiCHZahHvIs. Statuscode 200
Durchlauf 118 von 510, nutze Token 5HSPN3x1zQgp8ObSLsdmdExApRRpra0tHF7FxAP1. Statuscode 200
Durchlauf 119 von 510, nutze Token fcLrIn5T4nsECKNV86eEr4tMae7dAJ7rZgb5YnRI. Statuscode 200
Durchlauf 120 von 510, nutze Token gxHxIkSQS1RpKCYS6fTfBvQm142PdolRLSIcsZjK. Statuscode 200
Durchlauf 121 von 510, nutze Token r1pGTXOz9ztXsYsyDTgIUz5wtx9bJlcp528xTdnn. Statuscode 200
Durchlauf 122 von 510, nutze Token DABOmmUpSwE9Gvy6pXIWkeNJKrz76L0fHPOl1BmQ. Statuscode 200
Durchlauf 123 von 510, nutze Token p9X5Klo09zx5Ftk0PWYGW0Nw69Z08r54CVLq8yv8. Statuscode 200
Durchlauf 124 von 510, nutze Token asHtbC6Nfx7OP7J4YtaFq9ygFANJH8NOT5zQ31OG. Statuscode 200
Durchlauf 125 von 510, nutze Token ArLHTLwwrqmcWLiBTDJqOobMdWO2r4aBVJVCYMeH. Statuscode 200
Durchlauf 126 von 510, nutze Token 5neyfbRN1d16LJoyeVKfNpGS3UH9REGZ7YdKUma1. Statuscode 200
Durchlauf 127 von 510, nutze Token 2fXNHHbpK5HCD0D1J401RzMitkR2H1qQnXE6PdFZ. Statuscode 200
Durchlauf 128 von 510, nutze Token t76whenJCQDuyIS1AKknh6EQRa6YTfJGwfchecfv. Statuscode 200
Durchlauf 129 von 510, nutze Token V6D6t2hpLz0PVY0LvdBzqsXfdTyIMB1Yg1v3wrxe. Statuscode 200
Durchlauf 130 von 510, nutze Token AUEaGUoZKyf3jG4UGqwV4z2UInXWBP2BWC7Gw2Q3. Statuscode 200
Durchlauf 131 von 510, nutze Token vYpnMdgWBQK0DX6ki5pQChPMDhg5DmPMgqznrlaL. Statuscode 200
Durchlauf 132 von 510, nutze Token nZafGGanBq85XhdfioRbFJKVdZxPCjZh58gbJLIl. Statuscode 200
Durchlauf 133 von 510, nutze Token H7hu4yif2xX5eMJ0gHSYCagmpnkH7J9ZS0xZHWuX. Statuscode 200
Durchlauf 134 von 510, nutze Token TVvAArBBB8oI4DgBp37v7NNwn892ufT7jrmHCazi. Statuscode 200
Durchlauf 135 von 510, nutze Token zLsb2l00mN92TOMErKv0MWS22T3qFXB34PbaBH5Q. Statuscode 200
Durchlauf 136 von 510, nutze Token etHgrBIiTo31QY2JwgAAYrtktqAOcTzL8NEkxvjN. Statuscode 200
Durchlauf 137 von 510, nutze Token MiVMc32W7wIZqVGg7XBP1HQNLYIEPbAcpyGm6TYd. Statuscode 200
Durchlauf 138 von 510, nutze Token bL65SJzLMUwSq9KsdSmu2LyTRGmeK4GuUP3eCRhd. Statuscode 200
Durchlauf 139 von 510, nutze Token lXwthvc3LInxx8xoCE3QFmmrOvpATnPki7JPFVTf. Statuscode 200
Durchlauf 140 von 510, nutze Token 49kciCEq1YRREqvTvpEzx1c3Hu1Z9LEQImw6JYhu. Statuscode 200
Durchlauf 141 von 510, nutze Token SbzW2TQHxQL8EryEsku8po8MvAlNAu9oUTo9FCKf. Statuscode 200
Durchlauf 142 von 510, nutze Token FOuD7UCKP0UL1hFZBzAh9CfGddWQjhurvDEKXjSG. Statuscode 200
Durchlauf 143 von 510, nutze Token H1Lk0bsOQQajlqjblVne6DKJg48QmVhw9Mn2s4ME. Statuscode 200
Durchlauf 144 von 510, nutze Token 7fwJVExD1iZlb8A10ZT842pmvmSVPHMgcNugxNpA. Statuscode 200
Durchlauf 145 von 510, nutze Token FGcYzMMuPPllXu4NTK4kZ4hF6kmAo20SbMdCSWVN. Statuscode 200
Durchlauf 146 von 510, nutze Token X21CO4qFaH4WA56NbA7ovwmIXjGUJxPW7oLts4D6. Statuscode 200
Durchlauf 147 von 510, nutze Token jW5dTAsIaFxRaus5WYRZJhvB0t9gg7BLZTiLYFA8. Statuscode 200
Durchlauf 148 von 510, nutze Token d7DKeWLFohw24nhu8U2qbvEqd7ss3NSYyRB6uktx. Statuscode 200
Durchlauf 149 von 510, nutze Token aGYEe7okG0kFBVUPk98J7McYfR5jsFh4lq66IlII. Statuscode 200
Durchlauf 150 von 510, nutze Token Gf8SFPei7et4hlsqKNFVOxX3sYHNPZuL7wXi1bqE. Statuscode 200
Durchlauf 151 von 510, nutze Token kqSNbsSvk7kFSmdehgFOdKmdLdaigNJavF1p5pDK. Statuscode 200
Durchlauf 152 von 510, nutze Token omrOENLYc20PAJCET3yAPyNHY2XYaIxwLFW7sHha. Statuscode 200
Durchlauf 153 von 510, nutze Token DSfZl8Q1wdSeZETjHSQp0Ql9WrXltPevjRCYwaT5. Statuscode 200
Durchlauf 154 von 510, nutze Token GIuRWECM3ZWntkExUMf1Pirfy4YbuWd0uYlqGtio. Statuscode 200
Durchlauf 155 von 510, nutze Token mmmknqGBKSQPWtrdbXvvS6HXAl6rb1PrxSqJmOn6. Statuscode 200
Durchlauf 156 von 510, nutze Token Ms0myzOUldGI0iP3aFydlXoUyj45ZTKISBal5ZTa. Statuscode 200
Durchlauf 157 von 510, nutze Token 7QGgRQdolnmegY8EYZFvOw3YPj0gXY6tJnQSJjjT. Statuscode 200
Durchlauf 158 von 510, nutze Token b4MY6VUSHH55KXIgCWAoGixAi3IjnqkzyTgUH11w. Statuscode 200
Durchlauf 159 von 510, nutze Token JJ3YUJhLfTH9feXQQjCjoM4r8rtX9hn3aPcBBbNW. Statuscode 200
Durchlauf 160 von 510, nutze Token sddxwACFJUxPBtvTB730PZ3uho2NzYA0P4RH33Uf. Statuscode 200
Durchlauf 161 von 510, nutze Token 9eqrRg2Or44YkWVNROz5EQbv4gkUuS0ff03DYy25. Statuscode 200
Durchlauf 162 von 510, nutze Token A6YpXWJLuPyFZZ8bIPikCJdAW6nYUZfv8EdwM0fT. Statuscode 200
Durchlauf 163 von 510, nutze Token NaKFKjRQM9yWxgg73pmFkNLaFIIiR51OR5GEaORy. Statuscode 200
Durchlauf 164 von 510, nutze Token F772SD6xbqOpQCoh2HDKEpLeHVenTfSdIjBG4Msh. Statuscode 200
Durchlauf 165 von 510, nutze Token 8f4hcPJSlmRdkDKS6SH5hgbHEGGOj8bTnlnjYxaj. Statuscode 200
Durchlauf 166 von 510, nutze Token YSifWkECPZhbG2N8MZKYLdcJQ3JuMNJ4K6nRub9t. Statuscode 200
Durchlauf 167 von 510, nutze Token oGV2iBQyPf1E7o1099JWLeFlLjf3xGehAY8AKkxM. Statuscode 200
Durchlauf 168 von 510, nutze Token q7uKqZJ5cg4qL9RY6O0f12WBHkxFmcQ7VUxzos3G. Statuscode 200
Durchlauf 169 von 510, nutze Token iD75k1HOBUozB5maeki4cEHDQcP0YJG08zy9UoLz. Statuscode 200
Durchlauf 170 von 510, nutze Token lzdFN3nBrC2xHzDpT6e4VoEfffCmZ3yhjj3QIBFd. Statuscode 200
Durchlauf 171 von 510, nutze Token Gdj9rGaFNAsZyO8J8E0C0NpySR4ZlMpv9jE8LBqB. Statuscode 200
Durchlauf 172 von 510, nutze Token PDWUppXq3oSV9zYVgoy2uG0zeJ0tQaYECKWxe6fi. Statuscode 200
Durchlauf 173 von 510, nutze Token OWsYiSHUmszFU2xjRm5Dsx3scsVfi54Bogbg147v. Statuscode 200
Durchlauf 174 von 510, nutze Token VThyBYiEN5QLs1QEg38vWfDryCxLzHNzVcfAelM8. Statuscode 200
Durchlauf 175 von 510, nutze Token HOxZW6IHfSU6vt002ywPAz2b3rjX6AxLlK8ajuxD. Statuscode 200
Durchlauf 176 von 510, nutze Token gSD58ok9NAs2v70QgwG5zWK2u8UbOqOtdXltDAGG. Statuscode 200
Durchlauf 177 von 510, nutze Token O6kM6xaaoDqy7UsggohyEWTfNC7J2LUpIj2y9yiu. Statuscode 200
Durchlauf 178 von 510, nutze Token phEblR1WjrlmHRl9237GainPAhrscWqmrJWWEOmq. Statuscode 200
Durchlauf 179 von 510, nutze Token 3AZ1oOmXk6LqzuPRo7Sh68DjnV18Ud5I6cXsNnqY. Statuscode 200
Durchlauf 180 von 510, nutze Token FybK08JnnfnTEpayVfVFPX5AX8xxK8T3hEO54pF6. Statuscode 200
Durchlauf 181 von 510, nutze Token EdcqbgbUFbgv6DygCD0QPi6FQlzMT0SxmCWCHO4m. Statuscode 200
Durchlauf 182 von 510, nutze Token 9krWmoPX7iis7nvVMkfggCSG0NvWmDyPHx4IhANZ. Statuscode 200
Durchlauf 183 von 510, nutze Token VaAl3fEVHU8nmPEluWYNzjXXSFH1HOzGSQZY2hmH. Statuscode 200
Durchlauf 184 von 510, nutze Token 7E2UVIPkdr88J17ohxMGlgxyI1dGYDvzYCj9wKXK. Statuscode 200
Durchlauf 185 von 510, nutze Token WlIutPnwD5ERjPVMwBEIrUX595bdR8q6RQVwLnps. Statuscode 200
Durchlauf 186 von 510, nutze Token qhWg39volWOm6EuJmTZx0Gc1Ix1n16LmCr50tHQo. Statuscode 200
Durchlauf 187 von 510, nutze Token ghHglk0bWueMWCChwFRcaUMjHpNtIuMmFilR3w3t. Statuscode 200
Durchlauf 188 von 510, nutze Token XlVMPH47wU1Ka7Dx7z9VQUhrjIpqos0caH67zOGx. Statuscode 200
Durchlauf 189 von 510, nutze Token PpWB2TK3XXzWg7REnJzGyXQunc6wRfT1wMpEMLby. Statuscode 200
Durchlauf 190 von 510, nutze Token gvfjOVMSgHQ3kjGRmrGSxUlziWyanJ0C92r5P95T. Statuscode 200
Durchlauf 191 von 510, nutze Token eC6qabew1fQyQJoDL74oKPxwz5KttsKI3X5Yws72. Statuscode 200
Durchlauf 192 von 510, nutze Token CXkLoPOrVqrCP8PZGqWq0WQcXpcwQ81cb7rxKgu3. Statuscode 200
Durchlauf 193 von 510, nutze Token o9VJrEvxv7GjKKgeH3QGItdBYA5wPJC43fBlriSF. Statuscode 200
Durchlauf 194 von 510, nutze Token hOZE4i1gdutCsZjub6mYyAA3U9Wv7HAhIP2CmnXi. Statuscode 200
Durchlauf 195 von 510, nutze Token VyQOhb3gjSZOP1s3psbMujQVwsJYgB774JDORYom. Statuscode 200
Durchlauf 196 von 510, nutze Token e4unetbS8DAU5ONlNhhCPPaNXWRipJkrzWsJKOzu. Statuscode 200
Durchlauf 197 von 510, nutze Token atOVbkMT6DTeCMGaCv9zikXv9yL4sYl5LvjfGVPG. Statuscode 200
Durchlauf 198 von 510, nutze Token EBKbkcqNyzVJWlrHOIwhpl7eeZANDMqJQ83S7Z6A. Statuscode 200
Durchlauf 199 von 510, nutze Token qcVb9ufoKV8NEgY4OSBtrm2jEhJH89oQxboXAk0r. Statuscode 200
Durchlauf 200 von 510, nutze Token JQyijVM7uv3RNsaBQPF8yBKLxdtNYYxMJHr8LT5L. Statuscode 200
Durchlauf 201 von 510, nutze Token 4jsLXGf2PujJPCwXmoRU8yueBCQqdH1Mg1Br9tp0. Statuscode 200
Durchlauf 202 von 510, nutze Token q04qWNYDqxkM9H7pleDEitLjwaOaJ4Vwv1OjFQSZ. Statuscode 200
Durchlauf 203 von 510, nutze Token EAv3Hrqf2MezZcBviX1aILNK3BQCvCreUoHvGR74. Statuscode 200
Durchlauf 204 von 510, nutze Token mCnkH6ZW7VaDaPzOTkfMZhozHV9EicpeN7x7rZo0. Statuscode 200
Durchlauf 205 von 510, nutze Token M5PzhiCqu8px6elroY4YTYtyJnCLJvEmdb7rJPvV. Statuscode 200
Durchlauf 206 von 510, nutze Token JwmztX5jITNBaA8DiVrb8OBtIivpwrEw4RFdwGAQ. Statuscode 200
Durchlauf 207 von 510, nutze Token hfSViBNVLmcgSFKSK4eNwm6ahfnh0JSFm2XiRNaf. Statuscode 200
Durchlauf 208 von 510, nutze Token JWmyqL9yVmGHR6e41E0mxm56Usd6ypFb5tUI04cF. Statuscode 200
Durchlauf 209 von 510, nutze Token CaNqpjG6BA5iETZKo6seuMI4UyMdmhGeNIyyZ2dg. Statuscode 200
Durchlauf 210 von 510, nutze Token g52fJHDGzafCNtTlKA9mlOxSGY2QgapOW1Eb46qI. Statuscode 200
Durchlauf 211 von 510, nutze Token ko23dZGonSAZJlkqMAaIhvrrKvQmP9F3bvlFJu8w. Statuscode 200
Durchlauf 212 von 510, nutze Token yksa4WLXjs5SwAbSnbtM45J4ocnqKzjiNQhvAgun. Statuscode 200
Durchlauf 213 von 510, nutze Token FddYKkCGp2r6wCddNdJEl0XdxPY8UmMJlPiemXGU. Statuscode 200
Durchlauf 214 von 510, nutze Token b2vYD6VmmKyP2vQTYrbk2IpyxAWCMwCWrr5j4p1G. Statuscode 200
Durchlauf 215 von 510, nutze Token iKHrzUMzIwFoWmWhWmidnnECSFAvGSKFDWqED1gr. Statuscode 200
Durchlauf 216 von 510, nutze Token BXBnSUvUPknqjgX0bg0rcS5JmHVOLHQmdnx5uXkv. Statuscode 200
Durchlauf 217 von 510, nutze Token 4LY0PAPIO45QZ9rzvI0HCoXNphKgS8t2lScG7a8p. Statuscode 200
Durchlauf 218 von 510, nutze Token GmjsIB3OXC73TcxAmyKfz1pzWybtyLto11lb5uFo. Statuscode 200
Durchlauf 219 von 510, nutze Token LjaBTgWpafKJFKaJglwjGs5WH75deTy81jkoSs5p. Statuscode 200
Durchlauf 220 von 510, nutze Token JeXN1wZgU7crBbtop3nq0u9MqRUTIcPIBANEUj47. Statuscode 200
Durchlauf 221 von 510, nutze Token zy7zh5ZYy0HjDyXJmG6yqPkkfy9EOAzVR4BW0G2l. Statuscode 200
Durchlauf 222 von 510, nutze Token fWKlugtFoZewSNyI0sXNbFjHatZQu2aYYVXM29JR. Statuscode 200
Durchlauf 223 von 510, nutze Token 4ePwW2QWAWzKNifAguqFoEhewc0FEDm89XWNlZaL. Statuscode 200
Durchlauf 224 von 510, nutze Token e6EkcahRfRsJKKDGPYcBit2RytNHSs9IHp20TRym. Statuscode 200
Durchlauf 225 von 510, nutze Token BUKUDVqDrbN8ZsPGQUpuv2NQ3Asz2xQHlfnKyP0n. Statuscode 200
Durchlauf 226 von 510, nutze Token U4eO7jqsFtzj0SXeb9YdHYCL7DAawLrXYynXQKMI. Statuscode 200
Durchlauf 227 von 510, nutze Token jYqk27CJIjrn7UwsLQmaLRiT7FeA3IxpRZqJaCOi. Statuscode 200
Durchlauf 228 von 510, nutze Token LJUkjpw38FazgblKVnma2WCLz6NrdBiRBtp3xmOe. Statuscode 200
Durchlauf 229 von 510, nutze Token Q1zMk4xa16QmZJww7j7rPL9DR6r9UkiH4KdYqnwb. Statuscode 200
Durchlauf 230 von 510, nutze Token epoCwCyMNCCYKzK6PjTF4fDw5I1hPRQkfLtC4HaT. Statuscode 200
Durchlauf 231 von 510, nutze Token br6b8BqIlmd88WaqZUpJEuiGcLs777CW37CopCxo. Statuscode 200
Durchlauf 232 von 510, nutze Token tSWIhL8BR1LUP76uhp3RXH0D7zy8KYvzcswsyHwz. Statuscode 200
Durchlauf 233 von 510, nutze Token 1G7KwxsBG8O1HyyX4TEpNRGJQy1dQBqeh8eSTXGz. Statuscode 200
Durchlauf 234 von 510, nutze Token CHXvp83r72JLI9KJ8PelsCPqbgCXiPGhpzYMUuoc. Statuscode 200
Durchlauf 235 von 510, nutze Token psOp2majHoVrbsFbChAUkcvuQ5rE6i7BZOuO0IHl. Statuscode 200
Durchlauf 236 von 510, nutze Token EVHhkCeYvQzRLGYFLSw8xkNVGJVCXPXF8xJyX2s4. Statuscode 200
Durchlauf 237 von 510, nutze Token zfhXodPIuaw7kaPpDGyj5IWWKlsYPUv5c9dtTYfx. Statuscode 200
Durchlauf 238 von 510, nutze Token Vbt6pNd5e861k9ANva3F3X9ITqtg2le3LSYfhZDb. Statuscode 200
Durchlauf 239 von 510, nutze Token lUhezoHXfuHRGpsqqjXiAM3KIBrDd28OgBN5bFUT. Statuscode 200
Durchlauf 240 von 510, nutze Token JectqdKgeC6DdMqGn3SqPrsfJzosLvSNrs9ULFrr. Statuscode 200
Durchlauf 241 von 510, nutze Token MGnGcVVtO8EEgEA9dlfWqyJY4axP2OsQ7ZIKbqXO. Statuscode 200
Durchlauf 242 von 510, nutze Token Kup5egivwkowyZzF7wCBZ6yhJSoeCC5dpgZkadGH. Statuscode 200
Durchlauf 243 von 510, nutze Token 4ekv2Pxo7ZottLj8KYj9AIYiPkHL7xRoeL86RSCc. Statuscode 200
Durchlauf 244 von 510, nutze Token AQsOmDMBfFMvlONqyXtXe1XzdJcEKZ8tZuZMRSda. Statuscode 200
Durchlauf 245 von 510, nutze Token KnkDY3NNTVzyC1PDXvqWONqSqqbj9XykouO6Djt1. Statuscode 200
Durchlauf 246 von 510, nutze Token 1L8OCCm6ysDzZeKe70ToQjgZqhGmXsRGqGt9lbmZ. Statuscode 200
Durchlauf 247 von 510, nutze Token W7jA86CqBzjKYRrzqiFnLRMudb6moHuSirPbPs7K. Statuscode 200
Durchlauf 248 von 510, nutze Token DiVrM44Gp1nqjj8MU4vaCvIwMrmfgm7odAUg8nrB. Statuscode 200
Durchlauf 249 von 510, nutze Token pa6DNl5Hf4iL8Mby29s6lEXMErxXoSYIbd7BCt5H. Statuscode 200
Durchlauf 250 von 510, nutze Token mxtefAvD1Q9TH77CA44XhH9CDmIMWoRcVhPV9cDU. Statuscode 200
Durchlauf 251 von 510, nutze Token 8r4eBJEslaICT9KuvehTQT3VKA6y2gna85FDziuJ. Statuscode 200
Durchlauf 252 von 510, nutze Token opDbdi2Io0gM0qVYwi8GQy9M1OrmAJUv05J0e0FV. Statuscode 200
Durchlauf 253 von 510, nutze Token PWaVObp4r2nAa43tdiUxXWC6yHCVcykUOdEfVwSG. Statuscode 200
Durchlauf 254 von 510, nutze Token J1yj8qqf1UpIC5mcYXS0vh1HindogfXMCiwPtaNJ. Statuscode 200
Durchlauf 255 von 510, nutze Token gppxHx4iqoqPs62FPaSZXHSET9OFFGkmsn68b6Az. Statuscode 200
Durchlauf 256 von 510, nutze Token 0rBJHSGhZ9l3gU3pMigdeaKaCdHyh9X5tvORfKFJ. Statuscode 200
Durchlauf 257 von 510, nutze Token oVR7glcQruu902UQyGZtAiMoD114BXAplSHmm7wC. Statuscode 200
Durchlauf 258 von 510, nutze Token 8d1tzPg0xN2GKyz8ovRbbYVT10rVluKanVkkwwi2. Statuscode 200
Durchlauf 259 von 510, nutze Token YfW0PqBkVgCgDClr3l6HXIvCRgkmzdObR11q5iwd. Statuscode 200
Durchlauf 260 von 510, nutze Token 9nI0UeWBPxXgsmCoJ8IG54Ok1HNNz85PNEN9USpf. Statuscode 200
Durchlauf 261 von 510, nutze Token 1jXkf2hvCzp9FQyvOGOiZWh5JhJ4cLzKykEny8jG. Statuscode 200
Durchlauf 262 von 510, nutze Token rZWAIbT8TKucjVDNcKNSvo95OdF4ABj0fQEoUy9r. Statuscode 200
Durchlauf 263 von 510, nutze Token mjTbjJlGaiJbr1hN86UZPVRuBxG0NVn95UeurzMC. Statuscode 200
Durchlauf 264 von 510, nutze Token p0GkMBCxOA4A6WOHAOmQIQi3DWYAWi5NwSwWt647. Statuscode 200
Durchlauf 265 von 510, nutze Token D6w4IAexAJBJKjJY3ilzMMimcZMj3HejmJG8t5K7. Statuscode 200
Durchlauf 266 von 510, nutze Token m8QXGbwej67rFjZYktRzt3RMvFyEsktWBg0seYoI. Statuscode 200
Durchlauf 267 von 510, nutze Token ll7dkaKvjf875h0GAhhcVR7u59Kk6Jsri6QgMmgg. Statuscode 200
Durchlauf 268 von 510, nutze Token P10i1dYA4XAbtUWnvyYTjNgJfEPxTMco0dAlSM1N. Statuscode 200
Durchlauf 269 von 510, nutze Token wdxGkdIzErfVe51xuzXH7rmRg7cW9zqS3BUWcxxI. Statuscode 200
Durchlauf 270 von 510, nutze Token w0I3ziQs3k5iELXWMfdDu0V3D1MXcad2AYC6Xpkk. Statuscode 200
Durchlauf 271 von 510, nutze Token ilveqCelHScG7g19LY7cNHAT0fuMe4eEHdwug0T2. Statuscode 200
Durchlauf 272 von 510, nutze Token w2KSmaazNQInrrpL1okiXfB15YyXTqpONGRrCVpV. Statuscode 200
Durchlauf 273 von 510, nutze Token vPUSluA8M1YXXXJmOjxXrV1VgGJfA2LD0YsP6UV5. Statuscode 200
Durchlauf 274 von 510, nutze Token zKv5sjHXKYxwFmVwmQrTJuVbDdDXYf3P7shT6nRS. Statuscode 200
Durchlauf 275 von 510, nutze Token ZgyHmwY0jCkSLkadIBcBwf35u0DvHhPx3GXGemDb. Statuscode 200
Durchlauf 276 von 510, nutze Token f6vKXybhNG9alYdLdmC0dxYHGmeCO5zYWEAAxvsw. Statuscode 200
Durchlauf 277 von 510, nutze Token GWqGffzFCS3MUTn46sQ2997zhuFMIyTpaYsuEdU4. Statuscode 200
Durchlauf 278 von 510, nutze Token I47u1UyGgoH0vQJBeuOiQDKA9GAKrBc1q529W9Dp. Statuscode 200
Durchlauf 279 von 510, nutze Token 1LnrUfXjiBjn1gtczmP5xks6PdykpSTM3ylPgxO4. Statuscode 200
Durchlauf 280 von 510, nutze Token EDYy6wNNvgQY7oRTPxc40spvSELDYa229ReXFxnM. Statuscode 200
Durchlauf 281 von 510, nutze Token fMTJkIPHsMY0ui8TmTlRs2RDwdlk5pMvW8ndcl8H. Statuscode 200
Durchlauf 282 von 510, nutze Token 5jJW1sLcoYwbtazk8Z5PjlgvSOk12xtU3NriJGBQ. Statuscode 200
Durchlauf 283 von 510, nutze Token cY6sQBTRO3VAmymDvr1Ki0TZ7tDIKEuh1ovZhu7h. Statuscode 200
Durchlauf 284 von 510, nutze Token zfvRvknJwHsS2PgpnPIcRhoGQw0CpE8PYWIQE0HN. Statuscode 200
Durchlauf 285 von 510, nutze Token jgopQ4x7ElKJbsNtDB0bV3DXBktGe79GMBJFJaU6. Statuscode 200
Durchlauf 286 von 510, nutze Token Il9GkQFBD0LEYyzUue7JrfBmaqXGZqS24iSPBrr1. Statuscode 200
Durchlauf 287 von 510, nutze Token hmpMeUY1mHJNRA4ZDMEGpOp036VwcAUEItLaldmF. Statuscode 200
Durchlauf 288 von 510, nutze Token fBhf1TL5py1fg5tHQn7T6GyXh5VnX26zXOwHkyLJ. Statuscode 200
Durchlauf 289 von 510, nutze Token yX8iu2qzWoHmjvloPsSNGh4IZE6K4DrJiH1VNRmR. Statuscode 200
Durchlauf 290 von 510, nutze Token 3Y7qZz28BZZGGIZeWnBlcfdD1wrgbTNIrX5YhaRu. Statuscode 200
Durchlauf 291 von 510, nutze Token 4bHsVIdIE6yihO5TvEkORUZQsivgrCn81bK4EzpF. Statuscode 200
Durchlauf 292 von 510, nutze Token ptilIMisgY0eMZdPzV95eqzmtPx4gpMljYkS3nNq. Statuscode 200
Durchlauf 293 von 510, nutze Token SiJ06K7FExywZNLHw3pJbOoqJf9lLgDqolFid0pF. Statuscode 200
Durchlauf 294 von 510, nutze Token vyv3n8GWngV4LWRVOcgztby8BjO506BnM5aDMTcK. Statuscode 200
Durchlauf 295 von 510, nutze Token MhVFSYLppPu9fLMzD8oAGlz20b6gp3fCPjM5EeKw. Statuscode 200
Durchlauf 296 von 510, nutze Token 09uMcTHo5GK42sJIei701IzzORqbJEjm9f9yEeFF. Statuscode 200
Durchlauf 297 von 510, nutze Token 6YeQdLHChfjmeRryjHoBzt9QCpsHyGnS4VMXKR7q. Statuscode 200
Durchlauf 298 von 510, nutze Token iYGquO2iVUx6cdq2dztllkfSezWR0JKFrohdSk9v. Statuscode 200
Durchlauf 299 von 510, nutze Token j8lgPLGtuCuOccJZfV2tgK0RnvTDt6itpbddDTKq. Statuscode 200
Durchlauf 300 von 510, nutze Token jBQdmLKBsKXRpjX12tb8yxMwFzwSzYjsg4DF9BTz. Statuscode 200
Durchlauf 301 von 510, nutze Token LGYHumPzi0wkGmBw0h7oNOf8RyvPjbWcPa4iVRZP. Statuscode 200
Durchlauf 302 von 510, nutze Token nEa8mrGnregCw3deTPdMF07aqOk57xsDB4w56aoz. Statuscode 200
Durchlauf 303 von 510, nutze Token PuaCVABo8D5V05nzRPocQAQB6QxjlK2O2gfYi89s. Statuscode 200
Durchlauf 304 von 510, nutze Token 7M8OI5xDP6ORu8T2GmNkb2EukBjQ16dSrygNP5F8. Statuscode 200
Durchlauf 305 von 510, nutze Token yhNcOHCQcYvCNGVoq759EU9eY1U61OHyjGh9XXGt. Statuscode 200
Durchlauf 306 von 510, nutze Token PhCjhxSGESbOB2ahHHoxMILhrskYOF3HZbN7k6xH. Statuscode 200
Durchlauf 307 von 510, nutze Token 8og1ZRNs2q9YDGnzmLwd4dIrSCLoDNfSdRv0J59s. Statuscode 200
Durchlauf 308 von 510, nutze Token A8fivHUk3KP7drHLeGxChALmTQzJbeXavNZpaYYs. Statuscode 200
Durchlauf 309 von 510, nutze Token SVEkIdYIR96fs7PjhpoiduiTbAexZ8oZB3Qwnkup. Statuscode 200
Durchlauf 310 von 510, nutze Token 3TPrPuDlUatNVRtvqQrpfJikLkCrahfS73U8cXrI. Statuscode 200
Durchlauf 311 von 510, nutze Token cFxF55P3zIJOGgxP18oc0P3zrw7UQkjanVYyUWtQ. Statuscode 200
Durchlauf 312 von 510, nutze Token j1tJqaV9blMUHl7kVOpKJD0qqYSBCYBMI7E96hKM. Statuscode 200
Durchlauf 313 von 510, nutze Token WNb0JCvg7nE0Lxtdfy500mhujpM4Us8EI224sPrN. Statuscode 200
Durchlauf 314 von 510, nutze Token ggC5VcFNXKZ6vcJEuZxYnrapoQf0VFavGY2l4I1m. Statuscode 200
Durchlauf 315 von 510, nutze Token 6NL07C7sTvvd5dRWAZkuQ6CLv5HaMBcyPSIUMlKs. Statuscode 200
Durchlauf 316 von 510, nutze Token ggPmgVDcMbwxHSfVTeyOMnq0hMdrjJXaQIyvCxXy. Statuscode 200
Durchlauf 317 von 510, nutze Token BNr6mn8t0j6wCS2mRkwWGeWu5sQx4RjKslMdPrNu. Statuscode 200
Durchlauf 318 von 510, nutze Token j8KFqW69caP1AzV6dhTy2O5oN802F8aBzFq4Mxy6. Statuscode 200
Durchlauf 319 von 510, nutze Token Rsq2gqRxIxiYLEjb71jeKCPHiInHchVDTySfqKXg. Statuscode 200
Durchlauf 320 von 510, nutze Token Wtn6pJllYQeyiA47QVg8b5O4mw5uYLuxKdfUj6zU. Statuscode 200
Durchlauf 321 von 510, nutze Token w5BJNELJXjs17zDRFnZSuIWgxRuqkDQ1HABsO0rN. Statuscode 200
Durchlauf 322 von 510, nutze Token 71gYLfWttX3mVsHkAQFrqh8IFXvqobVAmsDHXIVz. Statuscode 200
Durchlauf 323 von 510, nutze Token 525GEogDwsFwrVNau6QNsy7nd9ULyZZJWYypl9KT. Statuscode 200
Durchlauf 324 von 510, nutze Token XSQZePbld2CH4VDyaRGYv28hAtnGO44YAwZhOYBf. Statuscode 200
Durchlauf 325 von 510, nutze Token dEnQTr4kpwdPsyXVnuoLfFfSSC2rSc1g28vNkGJU. Statuscode 200
Durchlauf 326 von 510, nutze Token rOfWTNmqHcWSVDcQ9ICkmLtvDGBfytWN1OSSODvY. Statuscode 200
Durchlauf 327 von 510, nutze Token q2rZlGsOguIxqxbnbgPLeVk907Kimy06k3VmOtCa. Statuscode 200
Durchlauf 328 von 510, nutze Token TjyEx3Z0zPLjU6f6JigdEtM7jsrcF6jy1n4xPlwS. Statuscode 200
Durchlauf 329 von 510, nutze Token nixmN2ibXPDxzddJSDOMDfU9ejhKmsJ59ZyHE8w2. Statuscode 200
Durchlauf 330 von 510, nutze Token PVNDgV9oQ7okXK39cn6rHXYN4iJ2Vtj2YmWiY69e. Statuscode 200
Durchlauf 331 von 510, nutze Token DWjutmfB83qlMIHlyGH9x52svbHVEvLgbmY0gly5. Statuscode 200
Durchlauf 332 von 510, nutze Token 8FsSelyo1zp3FI2wLD1JOCFURGUwkFpD9Do6zV5M. Statuscode 200
Durchlauf 333 von 510, nutze Token r1Ds2jezouzMDP5A4D6txaEqvmOUW94Zbe4VqjNZ. Statuscode 200
Durchlauf 334 von 510, nutze Token foX7eHePR0nG8CDNV4Ewc1SBKDJuauEKIclZDwr6. Statuscode 200
Durchlauf 335 von 510, nutze Token 8qRaszoLUW1cBuW5IXurPHfG44cjkrSAWdWAJ5H4. Statuscode 200
Durchlauf 336 von 510, nutze Token AEVcgKlnYPKMUgr0ofbio3MVKnhIsp5ScUe4wqCH. Statuscode 200
Durchlauf 337 von 510, nutze Token AyU9YfVVk3QpQv6So4z0dqV7c2PnsuMFha5q91Lv. Statuscode 200
Durchlauf 338 von 510, nutze Token 5NR4FuDhPS1WRsCQ4GbcvZONnHhIuiunOIDO3aGO. Statuscode 200
Durchlauf 339 von 510, nutze Token UAJXYNDJw9ZO7DS7qHUoO5qjKkIMvXP2iYh2OdZX. Statuscode 200
Durchlauf 340 von 510, nutze Token jPypkBk38korphaqLHOKfTTn23GoaxrSJQGwEShQ. Statuscode 200
Durchlauf 341 von 510, nutze Token 8n1plz5a6H2VEojQpnQkjRx1fQTFKy5fiFqfCtAy. Statuscode 200
Durchlauf 342 von 510, nutze Token UAVJ9tt4f0gYcstiSuZqQWCitzBniDmzI9XNhYep. Statuscode 200
Durchlauf 343 von 510, nutze Token hb5HZjiDxejV0Kq8vWgjawpNl87ynu9ZutqSw9Z1. Statuscode 200
Durchlauf 344 von 510, nutze Token 3Jws0Uwdl6othMmBVt3OGrCHzSZzRiYKPG1cREJc. Statuscode 200
Durchlauf 345 von 510, nutze Token oT6FMTsNSa0YjBQJM1JxQcDRRxDriSPI1K48ZV68. Statuscode 200
Durchlauf 346 von 510, nutze Token KJDlvgK5cB4VFyYSEVYOg4rFsHvvDZl42AV9P47B. Statuscode 200
Durchlauf 347 von 510, nutze Token oSwT6LNJA3dS17t2MMcfywydWbeITG2ICP3OqKAy. Statuscode 200
Durchlauf 348 von 510, nutze Token CC3Qc8D7iVB7t2RsNiVXl2biRHU3ZXnpGDXyzTtY. Statuscode 200
Durchlauf 349 von 510, nutze Token K2waxGdvu0Ui3OzSpkOFglUwS2eyHk2LxJ6J9vmJ. Statuscode 200
Durchlauf 350 von 510, nutze Token ziTohO0iGhFLZWjvd6C67cJkeECzyOvI80rfXzIH. Statuscode 200
Durchlauf 351 von 510, nutze Token DycxUmsDxOeqajedFuht05wye3DxBbjcEVvx40V3. Statuscode 200
Durchlauf 352 von 510, nutze Token 8p0Z7C8PLYxishCb1ePQ2mn7dEqtbCdel3VTcu9p. Statuscode 200
Durchlauf 353 von 510, nutze Token uC8Poi4td074TUZSw24cZTuPvCnD2G40QacEvdgK. Statuscode 200
Durchlauf 354 von 510, nutze Token nDjLzCxGiyuvK5j0ByhGmq9D2f5mJ2aR7JeLatcu. Statuscode 200
Durchlauf 355 von 510, nutze Token eQnhQ2YNCecypqBNXSOMdxkPe1FkR3Kn3n7xFZzx. Statuscode 200
Durchlauf 356 von 510, nutze Token VEwZRF7v2O3YeZHRcKBEJ9MwI7hwMFZwIfWonXB3. Statuscode 200
Durchlauf 357 von 510, nutze Token J9JvNkmYaybGTfZVDZJQ9yJn1AxPOyLoNQrGpL3r. Statuscode 200
Durchlauf 358 von 510, nutze Token ba7u9hP6kwfPGhB6D2SNNwsqcvMHemqhlHDHaGlq. Statuscode 200
Durchlauf 359 von 510, nutze Token n0m1uGiaLK1FhmUOZhVLfQeihH8uOgQ2JZJGhtLy. Statuscode 200
Durchlauf 360 von 510, nutze Token RZrxLkrJ4GyjtXz94sTA8JfCSDmsPjXx6x0hIAZh. Statuscode 200
Durchlauf 361 von 510, nutze Token euSg2syfVWArmQqdMdx2H1RUJz2F277Xd4eWgxET. Statuscode 200
Durchlauf 362 von 510, nutze Token 7ZkDAWiuwzjEb8dZ51Ol5NZNsqLEkKUCeJ7ZS9TI. Statuscode 200
Durchlauf 363 von 510, nutze Token Z5wLS59ALSpz9r1KzKCsmGjuiEGvg3Qa7a9MFI6D. Statuscode 200
Durchlauf 364 von 510, nutze Token oI8hPJV9V4pMg6AzpYmXzhH0lZb8tq0cqDz8jUpr. Statuscode 200
Durchlauf 365 von 510, nutze Token AT8SaOM3X2cqHbNTgzOuyMRa9iaoXZBzXdupjL4T. Statuscode 200
Durchlauf 366 von 510, nutze Token zjn5zWDIr8zPcq39W6vRySXm9gGnksGcr0XRoIFv. Statuscode 200
Durchlauf 367 von 510, nutze Token 5dVWhfSQ1rw1Qys0YnNsR0pqS0wCRAD6obyT2Qyq. Statuscode 200
Durchlauf 368 von 510, nutze Token 8C0UMJsj3y3nnHB4tBHBIy7S5LJsmIOQc3cffTVS. Statuscode 200
Durchlauf 369 von 510, nutze Token P650JCfWR0lJ6RXDcl1xfBLPvU9hwSwguF8w3Qz9. Statuscode 200
Durchlauf 370 von 510, nutze Token YI9iQ3VZ1K0x7Cdl7AoFDOmGATntuVDkb4khJXnD. Statuscode 200
Durchlauf 371 von 510, nutze Token NSpGdTAA7apSAhkhmMvZQaX8sfjk3SqTWRyU3dQ3. Statuscode 200
Durchlauf 372 von 510, nutze Token u6UXLTXsiYX2b7JCt7QBBs4qxqVqErbMexx8jAc6. Statuscode 200
Durchlauf 373 von 510, nutze Token 9yHiYaUXUYs1k4q7jpitTzCbhjedo8LPVnbve2VE. Statuscode 200
Durchlauf 374 von 510, nutze Token VWTQZyXbj2kjSpPL8niXAIJK4VQ54EyQ6y98iZIy. Statuscode 200
Durchlauf 375 von 510, nutze Token Kmbu6XKQHYu2BpighDKnal4h0iU0jC2DcLCR7PEi. Statuscode 200
Durchlauf 376 von 510, nutze Token DYUFaIT51XztbQM4c6z9BBSVhgmHQz3vE2v9KDDi. Statuscode 200
Durchlauf 377 von 510, nutze Token 2tSCwO3jt4FEVhWIL4TkRyun4FawMhiGOyp2A9sR. Statuscode 200
Durchlauf 378 von 510, nutze Token SG0fBUCOSXOIwDmlANEisyWOjbo5GOdkwaSnjTrr. Statuscode 200
Durchlauf 379 von 510, nutze Token mepbOeFQQxN9uCjSsF0sRNO8s2yJt1CNcIiV5L7r. Statuscode 200
Durchlauf 380 von 510, nutze Token ptdQURmjkwd2j75a1wrSR4J4dAcaeGv1XijyaCtr. Statuscode 200
Durchlauf 381 von 510, nutze Token ERbUo6gu2ACTnaN9g4yxeIXLNfwpm3nJ92DYRdqu. Statuscode 200
Durchlauf 382 von 510, nutze Token TZBc3NDcBJu8JtV9kIDRJZ54uUZz6T7Hwb0Gnosz. Statuscode 200
Durchlauf 383 von 510, nutze Token 7WLQ5AfISdUbXS99akjKBwiJiMCmiPhOlpt2ueKo. Statuscode 200
Durchlauf 384 von 510, nutze Token LcjFWiNxHW61aHf35KQHRhZaMkcos9T2AB6GT9TI. Statuscode 200
Durchlauf 385 von 510, nutze Token 67OqCSuOTKayof4CmEAQuuq62ovWFEJLCq60IkBI. Statuscode 200
Durchlauf 386 von 510, nutze Token tTZxkYWxr0R60V5poSC5y5a3hGANV1nvlrBnnA0k. Statuscode 200
Durchlauf 387 von 510, nutze Token nWRXOmEMHHUKjVTzf1UAM4WK0D3brZnwytGJxWYC. Statuscode 200
Durchlauf 388 von 510, nutze Token 1oDfcy5M0knkjX5QR5pmpxlkkFMLOxYxVUy3eCB2. Statuscode 200
Durchlauf 389 von 510, nutze Token KJ0ADCd1nupWcMnvKkEAbIoRVn2Ng2s8CZ6iJX7o. Statuscode 200
Durchlauf 390 von 510, nutze Token L0gmvMtq4yh0AMWriKePHhXitzd0t2lPKxIOEYXf. Statuscode 200
Durchlauf 391 von 510, nutze Token GlPk8mnzAAuqKpqButtpagppYFED8SeUEWcVr7UD. Statuscode 200
Durchlauf 392 von 510, nutze Token JWOV1iwo4oU23S84kyXdl3a55oaoKZWsrR5l4dN7. Statuscode 200
Durchlauf 393 von 510, nutze Token DfpaPmGDeAwDYYtVXMCJRi759buuAWcdYaIvYUnz. Statuscode 200
Durchlauf 394 von 510, nutze Token FzXM8MYalaxN6EBB19Ljsna6VIteG8vPPZre8Dcv. Statuscode 200
Durchlauf 395 von 510, nutze Token JFQk3bZByw5J7H99k7H6CK0ylcVYOAjezqG0X9wa. Statuscode 200
Durchlauf 396 von 510, nutze Token h2SnpNF2SRTte0DWl8nQwzsXw67dZAPVs9AW0rvv. Statuscode 200
Durchlauf 397 von 510, nutze Token LW9OlqPtXLN023t4FQAEsp3e4vLaT8eJJoFZaQmY. Statuscode 200
Durchlauf 398 von 510, nutze Token jdVNVh3wdHUXhsJJes3BbrYu47fZMQRqJKodrJec. Statuscode 200
Durchlauf 399 von 510, nutze Token JHKQUzMPtG8cMjQyeHVahQlGCHd7AG0pdLsLuMq3. Statuscode 200
Durchlauf 400 von 510, nutze Token bXEiXBKEZLwlYWjOL5HBr3k63pqOGBAvoUf9uSen. Statuscode 200
Durchlauf 401 von 510, nutze Token FTnD5eoshvvihYJV3wBH5rgbTl06AOQytvuXovWp. Statuscode 200
Durchlauf 402 von 510, nutze Token lvHniSK0FKMv018ZDANgKbHcUCvBBVETLqPDu9Dd. Statuscode 200
Durchlauf 403 von 510, nutze Token 77XFlfP4AHLbrKIGE2um6NKWbpLQd42Cw7X3ArPn. Statuscode 200
Durchlauf 404 von 510, nutze Token tfNm8LTEQHrWRf5Z1Zk60bA7DwvBDVY8Ruwg78Y4. Statuscode 200
Durchlauf 405 von 510, nutze Token uem9HGEzXjK4PlKOJeWfnENbAO6GL7eAHoCbl6iW. Statuscode 200
Durchlauf 406 von 510, nutze Token ITaHm0SxpZlACpdf9m9zHB1yYVvRXvcVThLUn2Mg. Statuscode 200
Durchlauf 407 von 510, nutze Token Ba9DMFI1EwTNDKD27pu9RWSje7sQb6aREBYY0vZv. Statuscode 200
Durchlauf 408 von 510, nutze Token SexiQ6RlgWUZ3UoCw92wVLNqmgll3lWbUit9mcEl. Statuscode 200
Durchlauf 409 von 510, nutze Token aOPQ9xwckoxKOCAysxcseUaCkhZ55E0UCGHnVv44. Statuscode 200
Durchlauf 410 von 510, nutze Token 7rt55QXcBJWBhk9xvY3KDnv20guFi480jPUQhl45. Statuscode 200
Durchlauf 411 von 510, nutze Token nkP8hgeASnOsWYH8TYmmNC5plCBwwbzq1pSSFBUe. Statuscode 200
Durchlauf 412 von 510, nutze Token cKiRunFY1KxNwqG8jmMegDQKwlf47X0EXdNVhX4B. Statuscode 200
Durchlauf 413 von 510, nutze Token 0vbbLN4tZMOdw73ZBvalB6bOk3x2Fia2q7zdLhpv. Statuscode 200
Durchlauf 414 von 510, nutze Token dDaPnpcnBKMJ8vqicg598Nnhn5yQ9C2UNIifKkSd. Statuscode 200
Durchlauf 415 von 510, nutze Token hKJD7g0pnIUhSQbDaqedB6O8H1T23fzRiA9BKM7U. Statuscode 200
Durchlauf 416 von 510, nutze Token N4x8MKkbhbzPY98O4p7yJ9LxhzlE5Iat4IlsxSNm. Statuscode 200
Durchlauf 417 von 510, nutze Token fQlgZzA1MWjzKolwdzbuzmrZHW0mWeN5kiVK6kFG. Statuscode 200
Durchlauf 418 von 510, nutze Token UMf2QvhZE7XbGrirUY1PfQIBotQzA3l2Ms8f0MB5. Statuscode 200
Durchlauf 419 von 510, nutze Token fVVGhjQqOXelH76RZdHyCeGb3BG0w4UaMhYNwHY4. Statuscode 200
Durchlauf 420 von 510, nutze Token gKz6sf9EJbCoDnSYDQqJH6qoaqNq7UrUdCMDVxZz. Statuscode 200
Durchlauf 421 von 510, nutze Token 6MMevA7pi44bsZHYthhPpjE8VSMTDxkQksPmenep. Statuscode 200
Durchlauf 422 von 510, nutze Token xC5cOrUrLWxzt6QOzkxKGdLZCzo2RxK7pAcmjVBB. Statuscode 200
Durchlauf 423 von 510, nutze Token BfLTYajSQoraO08HO7Y8aMbargszrV5xHR0OtM7S. Statuscode 200
Durchlauf 424 von 510, nutze Token od4PoVpqWQ12Sd0iaUvPfhlM0oOJiwpM1uycEwC1. Statuscode 200
Durchlauf 425 von 510, nutze Token zy1oMT3BLus2aaeHCoh4ovKf4CNTNCAbYrFOKvU1. Statuscode 200
Durchlauf 426 von 510, nutze Token 0DfWWLCTqfQe5FDUpthV7VJXFxwWnlPn4YNiBiVu. Statuscode 200
Durchlauf 427 von 510, nutze Token vkLEFzwbFRCN4laAPUH9zSB1ylSLkY1jV4FCaXSv. Statuscode 200
Durchlauf 428 von 510, nutze Token iqbJrckBKUra5xiDpJSH8hdLwy5PgR3yrxM0huNK. Statuscode 200
Durchlauf 429 von 510, nutze Token jk4L47O0xrEeoYfQNfiWbmByytms2aaqRQfOpU21. Statuscode 200
Durchlauf 430 von 510, nutze Token XZl33NJe6l5vgQgdGuOZrIISOkIad5mPeRifzpji. Statuscode 200
Durchlauf 431 von 510, nutze Token mFWfGVhZegYKUtLwkHdDBhziOAjlO74ZiUKv8OTG. Statuscode 200
Durchlauf 432 von 510, nutze Token QuRHk1gNC0tErROEPDYt3ifTjRq8vE7XytlycVgU. Statuscode 200
Durchlauf 433 von 510, nutze Token toBXhxjWBB6KZsKBlaWDgJrKpYgJiUc0uQUUDKYn. Statuscode 200
Durchlauf 434 von 510, nutze Token YojblayGOWy0ujtEcbXGx5tsX075H1F8aSZcjGAw. Statuscode 200
Durchlauf 435 von 510, nutze Token xzxiYs94Rh7KZ6CQhh6RpRItUPonoubQAHBYe5Op. Statuscode 200
Durchlauf 436 von 510, nutze Token Pw7PrBCVShLwrbny2l2ESILcASnWoUvGsB61ugQ6. Statuscode 200
Durchlauf 437 von 510, nutze Token JiDJjOHWla5sJyRPUkLGsbe3m3P2XsLzZb6O3AGv. Statuscode 200
Durchlauf 438 von 510, nutze Token BSj6wTiDiAy9TFMXnCjea4zRMtL1uGp7eFoJzsbw. Statuscode 200
Durchlauf 439 von 510, nutze Token S7YIeJyCgSWOFcNSvhKGOYtSWI2l501b2LHCdDPk. Statuscode 200
Durchlauf 440 von 510, nutze Token ftSI5oNVemgMUb5fnzkHTRjmWps0hA1PLUIAbh9v. Statuscode 200
Durchlauf 441 von 510, nutze Token HcOBw87o3DHdPdE0ru5nOOTtn51e6h18jYABA93X. Statuscode 200
Durchlauf 442 von 510, nutze Token HIt9OFmLoe10QWt2ANU4jrxqcf9il8LviPUDZTAA. Statuscode 200
Durchlauf 443 von 510, nutze Token T8bsLxSW37y171NkEwOb8EtRdDC3WOBehdOpzmpF. Statuscode 200
Durchlauf 444 von 510, nutze Token 1K00cX3vwql7WjbepI6SOrEPU0uPGZlSNiJ86tOM. Statuscode 200
Durchlauf 445 von 510, nutze Token 9noR1VGfUggldc3FrFW3BSlxMQHwEct8VognoD5U. Statuscode 200
Durchlauf 446 von 510, nutze Token TDEEynDlqATbgkZ3dGgpoMcoqtjUlvEqif5cQWSG. Statuscode 200
Durchlauf 447 von 510, nutze Token cm3y0tO16oqFaYheunx3GNIplotSs1jSi42LUNv6. Statuscode 200
Durchlauf 448 von 510, nutze Token Jc1cWBYoF7HUNcBjFSfKWdalJKkEl0nhZw5S0IHM. Statuscode 200
Durchlauf 449 von 510, nutze Token EzyfdWMS6chwXetVCju5cS7g92Ko7POACcA4JNdd. Statuscode 200
Durchlauf 450 von 510, nutze Token HK47eggPtgSEoRFhy3Ul8DBzFsSsjNmXKDUJ4Rbc. Statuscode 200
Durchlauf 451 von 510, nutze Token J9GUPoMPvSg723knwJ0uCfOU672gLIurridA3Bfp. Statuscode 200
Durchlauf 452 von 510, nutze Token kkS9F0ZCDZbtyzj5Mq0QamYL1sLIxzZu4SMQki2N. Statuscode 200
Durchlauf 453 von 510, nutze Token tcnpVIRMGsju7Mlji9vu42eNuBaoUZIEnJItU676. Statuscode 200
Durchlauf 454 von 510, nutze Token f8I1HEdiTJKVAdE4iRMEcmPuksRSC0cpDQSbtu5w. Statuscode 200
Durchlauf 455 von 510, nutze Token Dz24ckMlEXSyeRYoqyyVOlLsW6yRZX43KUHBUds3. Statuscode 200
Durchlauf 456 von 510, nutze Token Gb9XF1rSkogNGpBLYJtHoNa8omdQoJxY8ZqFlYUr. Statuscode 200
Durchlauf 457 von 510, nutze Token lWzVTZWHSWDfvn1vZKU5ttiboP0sIxINK0qVgijJ. Statuscode 200
Durchlauf 458 von 510, nutze Token DUNdKSx51cy03E7UkIYGlfMdgXJnmHeabloEvWfg. Statuscode 200
Durchlauf 459 von 510, nutze Token mCzdwG4RrfSmIBAqw0V9RrZDwukRsMVzIZfcvfJk. Statuscode 200
Durchlauf 460 von 510, nutze Token BbJ1NEF0BPsoKD8OZaadYG4GCgjsTqZQnEBTvwJD. Statuscode 200
Durchlauf 461 von 510, nutze Token 2VKImYTKBtzULGwuHrlik6TEmeLQmEOaUmGTRf8f. Statuscode 200
Durchlauf 462 von 510, nutze Token AhODutIvP6EfxxQRs44nRsX7dwzynKNdBvuzoraj. Statuscode 200
Durchlauf 463 von 510, nutze Token IjZhBFi08miTvxHHl0J7tjQNrKAnms8N29AusOhH. Statuscode 200
Durchlauf 464 von 510, nutze Token P9qPbVxzrA8qmqChgQfzITOC0XGOPYSo3gHArOZU. Statuscode 200
Durchlauf 465 von 510, nutze Token QMueeJIc4JMuvHJQJKO39iQWFlCffLwBAGf1Vypt. Statuscode 200
Durchlauf 466 von 510, nutze Token AH12zNTx77Gt3I3iz3Z0WgNgEUgAEu2UTJbxGME9. Statuscode 200
Durchlauf 467 von 510, nutze Token qolRxQdfuGCHX9aNamgcwAdHlOcQ6uGDNJ0Y6PjF. Statuscode 200
Durchlauf 468 von 510, nutze Token rbER12Mf2K9KNMDOyIsyTN8XLc92hoegdkg9XbS1. Statuscode 200
Durchlauf 469 von 510, nutze Token 5mmcGnOvroMLLj6RA4WOmWdfLkhgQtjcL0e2ceX6. Statuscode 200
Durchlauf 470 von 510, nutze Token 5gpl3SJAVG4vIV95OMK7ZuhNBRE8i6zXC1Oln6aD. Statuscode 200
Durchlauf 471 von 510, nutze Token xj6rQI1jra4HNECkjTdvEQaDwponR5NkC7Ov8sLw. Statuscode 200
Durchlauf 472 von 510, nutze Token 3inydozyKweV1jp8TWFUsiRkrnxgGOkEK3GWEAs6. Statuscode 200
Durchlauf 473 von 510, nutze Token SvNlzO330VmDtqiKslO2S2ax2AYjw8wxyhKrcnRy. Statuscode 200
Durchlauf 474 von 510, nutze Token J28v39CUnWCysKTk69JUS6R1PN0e6waw0V5HpJss. Statuscode 200
Durchlauf 475 von 510, nutze Token Z6aB2tP5KCMcxwOG0peXd2NwlVvLfnJsa6OdHVzg. Statuscode 200
Durchlauf 476 von 510, nutze Token G7ElU5tmm70RnSiuj4qyO6qg9Lta0yKo7t9HCcY2. Statuscode 200
Durchlauf 477 von 510, nutze Token tJexMcDb0pitcBS6ReHad8CXEC2tLr490Rld8oyk. Statuscode 200
Durchlauf 478 von 510, nutze Token s0YfWDDSi5Z2q5g8ktNyg0Wa8XZiHhJv51XfsgK4. Statuscode 200
Durchlauf 479 von 510, nutze Token JUPKAdi1KTS5UJgY9uv3pJABQ2XZQbAGRvu5BTS2. Statuscode 200
Durchlauf 480 von 510, nutze Token 3siynVA1zYosaaqgjsTghTIOky93eunMhIcV2LVu. Statuscode 200
Durchlauf 481 von 510, nutze Token 0sycphyFht7kqMSUZUdyC12pGJfOm7UR7969IuDW. Statuscode 200
Durchlauf 482 von 510, nutze Token 77yDMYQ2X4xwQj373lDIIKOyJEDADeHbQvBDtLgF. Statuscode 200
Durchlauf 483 von 510, nutze Token aybMkiGEJUaZepHgT6hGn4RFTAcxi6W68ukMeKVf. Statuscode 200
Durchlauf 484 von 510, nutze Token 0hAn0n7a31k4YszZHDrSMnHBndIV6qMy0XxmO3c0. Statuscode 200
Durchlauf 485 von 510, nutze Token 4gwTO4P4GkM8kGF0prneh338ZoXc6zZ4N5NwZ2zi. Statuscode 200
Durchlauf 486 von 510, nutze Token c97QifjBmMR6w9gecdlEecSu109jHUIJLO0O7Od7. Statuscode 200
Durchlauf 487 von 510, nutze Token D5JdqGAN3W1JgwepiRSXSJewfIaqs73g35z7KmBM. Statuscode 200
Durchlauf 488 von 510, nutze Token 20bMwUYyyUC6YHqh7R6Jm4qoNXzOdFRUIXl8JZPm. Statuscode 200
Durchlauf 489 von 510, nutze Token d6aqO0CTKcGgDP4a5QIhDY1b9vdCYJYgrUNncdAX. Statuscode 200
Durchlauf 490 von 510, nutze Token HZEXX7XH5d3Cjna71lLzZvuTKhumaT6BfjN7YYOJ. Statuscode 200
Durchlauf 491 von 510, nutze Token nGmR0zk7sucxqxKjMdpRUXRy8PVcdP8DL7RRyhbX. Statuscode 200
Durchlauf 492 von 510, nutze Token PwidmqRN87LIvXPBUzRY8oAahuNs7fbRul66mvua. Statuscode 200
Durchlauf 493 von 510, nutze Token wwkAT0RmMXaH73KBfxiRaMzh3lL74wXfvNDZoIXE. Statuscode 200
Durchlauf 494 von 510, nutze Token W7FvGtiRMooUtComqUvINL28FQLkZ0EvSKI6FxTa. Statuscode 200
Durchlauf 495 von 510, nutze Token 4adJBtLO8UE0F0PhC9fu85hStls16whXg9ggvnx3. Statuscode 200
Durchlauf 496 von 510, nutze Token wmVvxvrbPmzendBiPahxZkrQvaKP9r3GIAgEM2bX. Statuscode 200
Durchlauf 497 von 510, nutze Token zUwwbqQT8B8ePcrJlkqSC2ULcyyXVbemXTebY4aD. Statuscode 200
Durchlauf 498 von 510, nutze Token a02kpdGG3PrzOdzeUIPlmYxz3UphQRwuWWbVft0S. Statuscode 200
Durchlauf 499 von 510, nutze Token moy72fIBLedRskoLzPhkE31KW7cL7R2DHi9h1g04. Statuscode 200
Durchlauf 500 von 510, nutze Token bbR6c2QWc06aZMi0uPXSUT9EyAzoUlUElsUR661Z. Statuscode 200
Durchlauf 501 von 510, nutze Token S8ETFzHZl3Tji5u858gvx37tWntTe1N1RtRb4L51. Statuscode 200
Durchlauf 502 von 510, nutze Token 9hhdrVFJ5HE4SQpeNdYLJ0PTkOetKirKbyvp1ypb. Statuscode 200
Durchlauf 503 von 510, nutze Token yGSROfUeJbIbX2I6tHS1xFKF2IFVURKn8PdpwDMo. Statuscode 200
Durchlauf 504 von 510, nutze Token 1HB1RCbd73UFloEKI1eGvRUk1ekhVoFQHpe8i687. Statuscode 200
Durchlauf 505 von 510, nutze Token bXuXLrdlHzyHxfHVKImIyKaRiNiFuDjDmD1Hdv8v. Statuscode 200
Durchlauf 506 von 510, nutze Token 5xRkfG38DFam1O9FbcvewCh3lKxtIe3n4KJ65WxE. Statuscode 200
Durchlauf 507 von 510, nutze Token ZxcR060YRaUcBuZvIZLi8U9Vi6npVMm2KPm2po79. Statuscode 200
Durchlauf 508 von 510, nutze Token KolaS9uVgksvyQmnupRVyyHKQTblg3IX6QosUAe4. Statuscode 200
Durchlauf 509 von 510, nutze Token eNWAjnDEYQJp2ahSn2bBAImmU2rUvjDSALvjpWRI. Statuscode 200
Durchlauf 510 von 510, nutze Token pOAgzgFXZufYPAdH3rtRwfuGVx4CjbJJ0Y1YUXY0. Statuscode 200
