Durchlauf 1 von 810, nutze Token 1q84kVeZMLbafNRQLntxIg8MYSi1FXh6nZ2twafL. Statuscode 200
Durchlauf 2 von 810, nutze Token F99bT40BOz5NV26iMe6l20z8TF2zdd57dSyA9cEP. Statuscode 200
Durchlauf 3 von 810, nutze Token cFU8VfjRQeZia0At4Y4VKCWcrMLFZ6jh9i5uhu3T. Statuscode 200
Durchlauf 4 von 810, nutze Token DGuGzRYPWjrN2TKSLOFhw25yLDomGvSQhHazlfVH. Statuscode 200
Durchlauf 5 von 810, nutze Token QxKpaVxWXzRVEw7p0nxz0oKSxn2QezQ7h38tl0fv. Statuscode 200
Durchlauf 6 von 810, nutze Token x80AndZ6skHjx4Yx4FX8IEWJoEtlnYeuBfeY7Z34. Statuscode 200
Durchlauf 7 von 810, nutze Token K3zmOlLHidDfDeDjiINDHDT5lEQRaei89VqxwgAQ. Statuscode 200
Durchlauf 8 von 810, nutze Token dtX6frPTzNvPI7msjuSc8PG5xYVkg71EJBcma9ML. Statuscode 200
Durchlauf 9 von 810, nutze Token PoIDFd4PkYFse3Su1LSv2EQVod54PUkPjgUR8g1x. Statuscode 200
Durchlauf 10 von 810, nutze Token HSZ6hzImqYIoguhez3LcXAC1QSCTDnlgO7tGyHW2. Statuscode 200
Durchlauf 11 von 810, nutze Token ecXxhP0kf101fruZ42nac47lGmWhvpgytsUS3Ger. Statuscode 200
Durchlauf 12 von 810, nutze Token GtCYPX15nvsKdQ5URSJoupiG6YJDK2rkAUhqr27v. Statuscode 200
Durchlauf 13 von 810, nutze Token B3T7PUo7Q2H1QTMtcNZlZWupHhEVtC5Zs4baR6F8. Statuscode 200
Durchlauf 14 von 810, nutze Token 00oflAmYVwYRNIFS7CMGjssWiGT5A2s3Ik1dh2GY. Statuscode 200
Durchlauf 15 von 810, nutze Token fceuEYbTOvupXTnYmHqnGmHtCh7ZN4l543RhEnxu. Statuscode 200
Durchlauf 16 von 810, nutze Token dOXhYKoyqlHmMeckMTgyefyLRZeXPbjX7kNcG7L1. Statuscode 200
Durchlauf 17 von 810, nutze Token EAwJpZn8TW8aBBaEkxnEBYDZ34TPWaCHiJyJQAml. Statuscode 200
Durchlauf 18 von 810, nutze Token 3XaE8SaJtD2pVypwSa4dR6NHpwusvHem8E8jrv8d. Statuscode 200
Durchlauf 19 von 810, nutze Token sLffssckeVeN2ur3whio22cma7lJ883T9dy0k1rz. Statuscode 200
Durchlauf 20 von 810, nutze Token J64EVAEqVwFuz2pKcSZZ4wL6hmt6QXtL3HKIgXMn. Statuscode 200
Durchlauf 21 von 810, nutze Token nRuCwh4Us3DlgoL9vgSvSBXSslW8tOqO6za9ZDPe. Statuscode 200
Durchlauf 22 von 810, nutze Token jgyVPpl4WaVeic7bcHuGlnx7luUEcsjezOgk7EQW. Statuscode 200
Durchlauf 23 von 810, nutze Token J2ax8NKM3RTJYY4tchdU6zvrkIOAUy8ho3a2w31J. Statuscode 200
Durchlauf 24 von 810, nutze Token OWpzppM7jzJlfrJfBpcvzcuyYJU0xa3PNH5dSO5a. Statuscode 200
Durchlauf 25 von 810, nutze Token aQeQVHof22UJHlO3jEPzGwycdonsoTrisEyudnhw. Statuscode 200
Durchlauf 26 von 810, nutze Token 8jz48ncoK5psdYCYf2NNeP1GzVGwOgZsX98Y5ZxR. Statuscode 200
Durchlauf 27 von 810, nutze Token y6s0oZqX5Kx5BHr43lCmHGYEJUU9cvji9gH9GmkE. Statuscode 200
Durchlauf 28 von 810, nutze Token MoxibOm9H2lzX5iQMlRgX0J2ZbdYmmR1GKpmHr8g. Statuscode 200
Durchlauf 29 von 810, nutze Token IEYoKu6ewBmYDvOjYH177Sj2EQqLhSYH7Gt4NpcI. Statuscode 200
Durchlauf 30 von 810, nutze Token 06fmWljD1XaU7emiSeyL2amVjknmAr93fyMr4TFE. Statuscode 200
Durchlauf 31 von 810, nutze Token hm09GY3WSXALzwi1BRtpskPlMQNhiZ3xKipTCEBd. Statuscode 200
Durchlauf 32 von 810, nutze Token nqqvgdTF83NoUM9K7YfEZkMzcyMqX6iKigbm24nQ. Statuscode 200
Durchlauf 33 von 810, nutze Token ywtucbXbUTVrdUBewjAzXSZZO1z18DNzHQTe140B. Statuscode 200
Durchlauf 34 von 810, nutze Token pwfSpDC0ajICvwJuMRA1xqnU3ycoernHTVgtc9AT. Statuscode 200
Durchlauf 35 von 810, nutze Token XkBl4Y5DfCsZE4WQ4DjapOvU4nyZMIw1NoY27t4q. Statuscode 200
Durchlauf 36 von 810, nutze Token rpCBYM78qWYjSVjgroh8h1O7HTwiVKhZOLdLFpHQ. Statuscode 200
Durchlauf 37 von 810, nutze Token TMo54ZMevkIoU79GxTbX5im8cHSPCNzt9iXtPh6k. Statuscode 200
Durchlauf 38 von 810, nutze Token iJ44RUhlD3RMb5dG0ms2nx4svnLFn3RRJEOuZGyz. Statuscode 200
Durchlauf 39 von 810, nutze Token IQH5Zz9V4wcogrOKW6i33k7C6Itqfv2X9coIQJ5m. Statuscode 200
Durchlauf 40 von 810, nutze Token RXn4YLeIIHUoRUAs1hKYmaNejRt7U8PE1L9jBpyT. Statuscode 200
Durchlauf 41 von 810, nutze Token 73fZAWDQrpr1pXGgMRmtFRHhiFXJqjZ5tOPu9gfV. Statuscode 200
Durchlauf 42 von 810, nutze Token NmagCLhetf4yujPj4EdKhODCJX7AE8npQQxxBbaA. Statuscode 200
Durchlauf 43 von 810, nutze Token eWJJTO5tftEjQMgAnRdgEOQO0v8ahdFX36Ruvxmt. Statuscode 200
Durchlauf 44 von 810, nutze Token L56bXUl62OZSPUpTMRBsFywExM0X7yB184BO0xdl. Statuscode 200
Durchlauf 45 von 810, nutze Token 5aHIAe1r949E1VrZzOgEtNPt28L028BpFvdJkjSG. Statuscode 200
Durchlauf 46 von 810, nutze Token zJL8MW3bBdQEvfVd0N90rqPLqJPA9S2oUGDiyguJ. Statuscode 200
Durchlauf 47 von 810, nutze Token 4YMR7GVTIZ2jYs9k3OPN3A73YklMA0TjUvzlY8sy. Statuscode 200
Durchlauf 48 von 810, nutze Token 32VfbczghjJQhIl2erR0ivWEIVfGP1hxoMcJ9Ojh. Statuscode 200
Durchlauf 49 von 810, nutze Token pOvySb07CAtsjJ76V4CY8luUFvevp0I6SX6NTjau. Statuscode 200
Durchlauf 50 von 810, nutze Token tyWtzTZjFRv0cBfkdKpWrJQRoxU0Xtu0gtNDLC2R. Statuscode 200
Durchlauf 51 von 810, nutze Token W1b08kPPs7v2SBcgjHS3GnOd5UzQh7t1w6RDcCGY. Statuscode 200
Durchlauf 52 von 810, nutze Token rIDtB1GkbEKKqWxL3s3zZdjbxXj998FlZ3JTWKrQ. Statuscode 200
Durchlauf 53 von 810, nutze Token pNz6dxHPa6jssBg4cg18UDppNZAZENEPtB3xpH9m. Statuscode 200
Durchlauf 54 von 810, nutze Token m9JCNtm6Z8h4GohC2hWKTRS6ZfI4ItWDNnRGLox0. Statuscode 200
Durchlauf 55 von 810, nutze Token OD8sXCOtdeP0Mf6iWk5eBhcXc1mk3zWotbnVAuWz. Statuscode 200
Durchlauf 56 von 810, nutze Token tiPasKN5vEHrok9Tn8VXodEpMnJaqrviaKGih3kJ. Statuscode 200
Durchlauf 57 von 810, nutze Token lgfGkpZWzIGh1jPdDktDhdupEM9J8KxWSUly06GI. Statuscode 200
Durchlauf 58 von 810, nutze Token dTrwSsoHUb2mImW5Pmi6AeLEALopujGTkiQpzxYw. Statuscode 200
Durchlauf 59 von 810, nutze Token qUe95c8AbhwFzv3NbTKGTjvL0gtSNIjbC9VgZ3dB. Statuscode 200
Durchlauf 60 von 810, nutze Token a99zyZDsvtyyijEtBYAJIhVcrLpSB8YQewjepKa6. Statuscode 200
Durchlauf 61 von 810, nutze Token 9uECHQD33HSvEAJBHoVsomekcXyENjcN5BpyoSGi. Statuscode 200
Durchlauf 62 von 810, nutze Token usAbgnFLNXWDav3hWVONpdxM75zeLsvMqiSLTGQG. Statuscode 200
Durchlauf 63 von 810, nutze Token kzabYxcLJKlxsXbITd3uSHIvv6UPrHgV1QTcSTRs. Statuscode 200
Durchlauf 64 von 810, nutze Token GDF9g61QBYfaFTOIRMqn8V6O6NwVD8NZKah2KHh5. Statuscode 200
Durchlauf 65 von 810, nutze Token 19aSx7BTJrkfpRrizgqkgl6AcIRzaWdWxHJcLurz. Statuscode 200
Durchlauf 66 von 810, nutze Token BQseUnnctRt3ITBLYopZGDx27nwmq28E6QXUZeQU. Statuscode 200
Durchlauf 67 von 810, nutze Token BehYtggmQy9AeQ8V7OLyQwOYi20ULe4RAgw0nPVz. Statuscode 200
Durchlauf 68 von 810, nutze Token GhpkPObum5B2RAMROOGSWGjCcXWPcsbMrxqw2WSv. Statuscode 200
Durchlauf 69 von 810, nutze Token Psa3PYnir7elslQbDTi3PE6VfMUoWJmC7atmXf95. Statuscode 200
Durchlauf 70 von 810, nutze Token dKQXDZsXIedR3BcJwkFg5MU17gvEivcujzZvorEd. Statuscode 200
Durchlauf 71 von 810, nutze Token bjW50qVbpGgQGclmPTni0O0UspV7U2UupeGlEj0I. Statuscode 200
Durchlauf 72 von 810, nutze Token Cp2tQV8kOSmnVrxySfZOmicywvJdqC5rMdxoDFU2. Statuscode 200
Durchlauf 73 von 810, nutze Token KZRdxK4pODSeLCEuO6ZBWwgNhFTFxrxwwkoyMtij. Statuscode 200
Durchlauf 74 von 810, nutze Token AyRVxxS47NHY9dUQcD0tNIVjyCoYzJ4v26nkANle. Statuscode 200
Durchlauf 75 von 810, nutze Token QhugaDQqYetvxojzmGgsXaT0uPlPBL4nVkpqbHqC. Statuscode 200
Durchlauf 76 von 810, nutze Token 3DiZOcb5rOxWZiB7mg13cZvXvTapK02AbMpSZhPA. Statuscode 200
Durchlauf 77 von 810, nutze Token Tulmrqrqh7sc38e6p23JyVCqmCuPMARAB13120MU. Statuscode 200
Durchlauf 78 von 810, nutze Token pg7I8Js02dcGoufTKFQvOFb8YXBJgzqvEf2hSaqC. Statuscode 200
Durchlauf 79 von 810, nutze Token 8tpmOlVopT3ZfAwQaAsILrqzfu92iRBl0HgK6q8E. Statuscode 200
Durchlauf 80 von 810, nutze Token jbyjNrd2mf38XTPIxFFh92Tqo4dql6cNGXQd7hyn. Statuscode 200
Durchlauf 81 von 810, nutze Token HmMzQcT4D5mtYa0q1rqm83M21NorHmDTpwjFRbpJ. Statuscode 200
Durchlauf 82 von 810, nutze Token 3zlBXGZinUUV3sWnrdXb5QIxD62uv8DIUmEvZQO5. Statuscode 200
Durchlauf 83 von 810, nutze Token w5MTxTo0yL7xp6FAlsPUsicoZs7lNfzEVljQ0VAC. Statuscode 200
Durchlauf 84 von 810, nutze Token RTv2uK7iFwt884WZAOqMAKezWwEmlmFQhmzvoWjg. Statuscode 200
Durchlauf 85 von 810, nutze Token cdehke3aOC2BxLt6dYuuHC64AmrFvwka1gaDlnJb. Statuscode 200
Durchlauf 86 von 810, nutze Token hRzcxZNxiZ9c1I8gKx7olyMr2g29MsdRmvA5FZVH. Statuscode 200
Durchlauf 87 von 810, nutze Token NPvIe8mz6A26aq3JXpj6cDotSGRG6NBNPJEF9Dg1. Statuscode 200
Durchlauf 88 von 810, nutze Token DoOIQbA2pqo0p1BbwxTgxbWn2eSNW78jDOUAlC5l. Statuscode 200
Durchlauf 89 von 810, nutze Token qyRbFdaF3QpN3Q48pgC17ej4RXBjMIUN8viBlCKR. Statuscode 200
Durchlauf 90 von 810, nutze Token 2PanFL9MJuaBpnXJNtIkmkcteDVhRgGPusuafTkj. Statuscode 200
Durchlauf 91 von 810, nutze Token rv7iOV4uMloUIhJz9y7nAYnXZhZzCynDbJUhJomK. Statuscode 200
Durchlauf 92 von 810, nutze Token eEGBpP0DMNxw101wdDdDlGrKhVa3ThiG9cAvxaMn. Statuscode 200
Durchlauf 93 von 810, nutze Token cEuYeZp96SvUFZlIrYkOB5Ng7j3bFmRE8CnlSVpg. Statuscode 200
Durchlauf 94 von 810, nutze Token yJXWn2JYDjiuyFHnpNWAsGiJKwWiWTEpKqgTY0nQ. Statuscode 200
Durchlauf 95 von 810, nutze Token 1ggReV3lu4I665Xa3EvubycNJHpj6g5XU86kcsZb. Statuscode 200
Durchlauf 96 von 810, nutze Token wE0apybIG7UbiO8vq34pLJqu2sDzvfeeemfsMpPj. Statuscode 200
Durchlauf 97 von 810, nutze Token Fdb7DtTdopVqZK2jsgQf6W6de3wQfKQPUlO9occv. Statuscode 200
Durchlauf 98 von 810, nutze Token 8xBAfHyCW4RJyX9zIVRNU19Nlvkqpp6dAQnhlBL1. Statuscode 200
Durchlauf 99 von 810, nutze Token eoW4K4D4r3DcYGOcnCxDbpS8x4NW6Y42phx07qJ6. Statuscode 200
Durchlauf 100 von 810, nutze Token CsdsJKLtlJElfgZAUAE1r1BlfVDfNy94pPIX9N0B. Statuscode 200
Durchlauf 101 von 810, nutze Token FaPTXJeWBUCWDnALestTbGNy7UXOhyjpPLIafqH1. Statuscode 200
Durchlauf 102 von 810, nutze Token QQzQD5TYzfYlDqnjEn9F60wg9Ix6bh59xfFQ6j75. Statuscode 200
Durchlauf 103 von 810, nutze Token Dn7rNgyQbTrX1TCqExWmQw4BTGqnLPPpcHq2OEZ5. Statuscode 200
Durchlauf 104 von 810, nutze Token JJQn5O230lTVPv5LQ4bEaTwWiXpO2S2uysnSc5Al. Statuscode 200
Durchlauf 105 von 810, nutze Token v4yNbmtqjpAHJa5NvftoBIuPVoWBwJljIVCIYUNK. Statuscode 200
Durchlauf 106 von 810, nutze Token CmHaBQpQcwZzVnGj0JHhZbw3aZsLKArfJaLwtxJe. Statuscode 200
Durchlauf 107 von 810, nutze Token D2fMIhHVeQNWQbJufpq1ZGABHXmGWUCbzuHlX57i. Statuscode 200
Durchlauf 108 von 810, nutze Token G7NsgmMvpssYJ0MgeVr9hNcin7Kpdc091SvpxnVB. Statuscode 200
Durchlauf 109 von 810, nutze Token x6UViIUEUU1WZM1ODUfFQwMyeOeEFaJWZ5wWBjzR. Statuscode 200
Durchlauf 110 von 810, nutze Token IBAeD7WULj4xD0apBW3SZKHTGfjYo7ZCR6L47VPY. Statuscode 200
Durchlauf 111 von 810, nutze Token YlBfuTMR7hjff6aJQ8zeNZXSFDyH7c9ZhMgM7A1Z. Statuscode 200
Durchlauf 112 von 810, nutze Token UAdFkBXhLYGKz5MOaYBlw6xdWs3gv2ayBTxYQARY. Statuscode 200
Durchlauf 113 von 810, nutze Token zS33xALYe8VnANA7gd6P0BRxbpaVGM915kQcKZLh. Statuscode 200
Durchlauf 114 von 810, nutze Token CvCMbcFlFCwPoBGcNNHwU2kWT6KZfDt2hcpwSQJI. Statuscode 200
Durchlauf 115 von 810, nutze Token nfyQYvVB9KMmu10n6ufI9J5J2UNFpPQA5xUYeopq. Statuscode 200
Durchlauf 116 von 810, nutze Token UKcgL844oX8ZVqQcj8K1Ast6cGEEs3iuerpjYrZj. Statuscode 200
Durchlauf 117 von 810, nutze Token pGItPrEqp4eXcCKWbr9iKcEHKIyvxTEeYRXSSCBS. Statuscode 200
Durchlauf 118 von 810, nutze Token tI0Sq2eHHOrLthZGpdSrxmKcyYtYkYw2o0VggkwH. Statuscode 200
Durchlauf 119 von 810, nutze Token xwdc7wwkl5ACxqrBXAj5qAkF1w4nhTwDqsEBTAp9. Statuscode 200
Durchlauf 120 von 810, nutze Token Zx3NURiyaSq199KzrxNyBhXbYydc8Br3s2kAMKYH. Statuscode 200
Durchlauf 121 von 810, nutze Token 0myo1ataF854k6FDERVNtIdkvFOVCAXFrNElfN8n. Statuscode 200
Durchlauf 122 von 810, nutze Token 31EZUtiRd1V1I3Y12fKqGsChjyluIJBTj25ngkj2. Statuscode 200
Durchlauf 123 von 810, nutze Token ZsBUZw1FnppENxL6QpTKKjXMulF8RrHW8CNoJosP. Statuscode 200
Durchlauf 124 von 810, nutze Token 5Kh5I3Xt0qFYxeQhp1PzTSd4LXyzOXQ2TxVh9Atk. Statuscode 200
Durchlauf 125 von 810, nutze Token YscgshhZAo8FibFtRAuzWcimXKFiAyyo0FJiaF2d. Statuscode 200
Durchlauf 126 von 810, nutze Token H5dF2MfokBHFIbv25ehSSxYOJnGh5Q3qUzy7BklO. Statuscode 200
Durchlauf 127 von 810, nutze Token WHpkOARwZNVUPz9vl5HVwXqTStHiGwgKR6KVm2QV. Statuscode 200
Durchlauf 128 von 810, nutze Token NpnacKoFNfH3bPv1NpahNAz7QLWlJZFz3GoZlrKP. Statuscode 200
Durchlauf 129 von 810, nutze Token zzP3k2jOrWspE1umILAYTI8T1XZEqmsnzDgldQkd. Statuscode 200
Durchlauf 130 von 810, nutze Token hhD9aQ3QIlbTbFuh6lhY7e7AhuEN1CgZ4ib1dLHv. Statuscode 200
Durchlauf 131 von 810, nutze Token 5h9q2rmipWQ4sVBLdvhJFzCLFq4VrQUCtEn4kzlg. Statuscode 200
Durchlauf 132 von 810, nutze Token MdflvKHpGtSOinnbtpOynxgYIk24Vxpuy7gRXFgj. Statuscode 200
Durchlauf 133 von 810, nutze Token epiQBZ0hjZmX0NVmHo5nH0aOEw4sKQ8M0qBj9BSn. Statuscode 200
Durchlauf 134 von 810, nutze Token 4HY1Xu8mASpZCMlL2jtUrySgu6p5U94vgQev9jf1. Statuscode 200
Durchlauf 135 von 810, nutze Token Z7m1r07utOw0J0Dt8lH8EoVT2padbtnvUuoI8qWl. Statuscode 200
Durchlauf 136 von 810, nutze Token 8xcO4pFwSYclyPE0R019ODVefm8hXmejNHm0Ia6z. Statuscode 200
Durchlauf 137 von 810, nutze Token jexIJOOykMsiMfVQNNN2EaVuTSZIz8PpHyDb9MU0. Statuscode 200
Durchlauf 138 von 810, nutze Token N1uMixt96zoLPu5dgYYmJvlJuZlrX8LpZIMV2zFU. Statuscode 200
Durchlauf 139 von 810, nutze Token vwCL5AdChD2OuJoi9an8ZaIXqS6ONpwx8Eo4sLcs. Statuscode 200
Durchlauf 140 von 810, nutze Token v5Epmmq3Q5gajfVrY5Ygz8R6wYbMwjnJMwkAZckt. Statuscode 200
Durchlauf 141 von 810, nutze Token 6rZZ3w3hgKAQdsFkN56IChxoyAqrNU3WgL4h0RZg. Statuscode 200
Durchlauf 142 von 810, nutze Token YTZXLfTXqF2rtX1GbdAosz3vfUlNrl7uUDxUf3DQ. Statuscode 200
Durchlauf 143 von 810, nutze Token I51YAASTpL9ohOH7xvmmObh41eWWkavpUveisG7S. Statuscode 200
Durchlauf 144 von 810, nutze Token 9Ft7PBLxAfT0anrmKwLt3PXzFottQqtN4TmFtdPN. Statuscode 200
Durchlauf 145 von 810, nutze Token bRyFZ34xdyOTvTHsmUE6pO6GM00rPFeCWjvgfiA2. Statuscode 200
Durchlauf 146 von 810, nutze Token PE2gbwjcDO8e5UveZhMTU3ojhGxeZxpPy4rMvPO7. Statuscode 200
Durchlauf 147 von 810, nutze Token YCRWZOzbPDyQiZaNghKB7zyd1TggLjx8qX8Km3AK. Statuscode 200
Durchlauf 148 von 810, nutze Token 0rQPsaRzXghqHHcN0yojs4660x1qYv6NNTPlTF5c. Statuscode 200
Durchlauf 149 von 810, nutze Token ZqPFYJ8QoIKSjHR2I80bVOFe4OQr9MnuIOc5Yv0P. Statuscode 200
Durchlauf 150 von 810, nutze Token 7CZocEe5ywNHhh7afnnTdo4ckuzZzq408Hxxb6nG. Statuscode 200
Durchlauf 151 von 810, nutze Token DM8SDTn0KpBwAdbGKH4Azwrucqi2R13vUqEcKC7i. Statuscode 200
Durchlauf 152 von 810, nutze Token AOJguSUGx1dpn1d7IU61ZWmRKC5Oh8fZFCYU8zVn. Statuscode 200
Durchlauf 153 von 810, nutze Token 5W1kBgZdB0Uus0X2yQSF794pR00NOhR5U7MsxH1x. Statuscode 200
Durchlauf 154 von 810, nutze Token RSMGGR0Uc5eepI1X2TKvACMduibzCSWZ6xiq77rL. Statuscode 200
Durchlauf 155 von 810, nutze Token rJifhlRv49SUm3xNFBpa0ib5KLMq6jjIE1dObL2E. Statuscode 200
Durchlauf 156 von 810, nutze Token 7jB1L7uHHKIrUw4V7JYwgAdI8xghyxb46JZxsdmr. Statuscode 200
Durchlauf 157 von 810, nutze Token 9AIvdbKDoh2uw1kuXpnYfVyXfNKE1pBzPwaMK3WV. Statuscode 200
Durchlauf 158 von 810, nutze Token 0NrvxySXaInqzqJNJZEmrp4sh4eJDadvNvkDz9Vn. Statuscode 200
Durchlauf 159 von 810, nutze Token wamTSZGgnzQytNvWg198Rx46gecMVyD3yi9ele5f. Statuscode 200
Durchlauf 160 von 810, nutze Token az9Af8gBkXmCyrHes00LGTFEgjpxgYTPWszHLyII. Statuscode 200
Durchlauf 161 von 810, nutze Token MUdsVYXLwpOnjibdZY4WCCWZL48Mbv0hFAe51sXs. Statuscode 200
Durchlauf 162 von 810, nutze Token 4S6kSPhcZrtYSkwiVL3zLNAYZgicZhUJhJHOPlh7. Statuscode 200
Durchlauf 163 von 810, nutze Token UFdc3J3FApahkF9cGZ7fC2hdriU8UvVVb9dd6pqA. Statuscode 200
Durchlauf 164 von 810, nutze Token CcUoTab6SRhPvsYmN2dguJqk7rLBIl9JyUyMXTvL. Statuscode 200
Durchlauf 165 von 810, nutze Token BTL03V2hxNJWQjtBcKKsF3AKJe42GAXrNRt9oWfJ. Statuscode 200
Durchlauf 166 von 810, nutze Token 7xWKMHQLJMkVT1XVeyI8UybPCQdiIkamZvOVdUes. Statuscode 200
Durchlauf 167 von 810, nutze Token LNfD9KGnGIQHUpeETuudUTnQuG5A0ZLr31Xp9lUE. Statuscode 200
Durchlauf 168 von 810, nutze Token IifWQH4HmkyNu9IQMriOs4Ymag5u4F841g0uf0ME. Statuscode 200
Durchlauf 169 von 810, nutze Token PLpOWBib7Ga2PJsWfmZXPpPlKagrIXI6iKezrhzL. Statuscode 200
Durchlauf 170 von 810, nutze Token 14dyyumBdpFFMMyS9qGx31uyOMEkt8qnwzuDkIHu. Statuscode 200
Durchlauf 171 von 810, nutze Token OMtmWozDYHoS5HYcba1PPhQkPHpqI4N4GeH1FQJU. Statuscode 200
Durchlauf 172 von 810, nutze Token ve3eyQ5uCrHiI4lQx4m7tQQas2UUa5Yf8IfZdT3T. Statuscode 200
Durchlauf 173 von 810, nutze Token cW2NFVO0Ai7sStmFl49zFVH34ZFwmQPxLNW9Kz9l. Statuscode 200
Durchlauf 174 von 810, nutze Token B4TYz3Ku9TBbrOgXPt047lHMMMPALDj0KUfEvyB8. Statuscode 200
Durchlauf 175 von 810, nutze Token IJ7Aii4sHNOucMU9zDlWuMU2w3zIWN8lDf8OtcZL. Statuscode 200
Durchlauf 176 von 810, nutze Token wpyyZs8fhqYZoOUmS2kP4SuclNdkgloBWqItMAc5. Statuscode 200
Durchlauf 177 von 810, nutze Token xgznQ71YmseDAR4uncAz3eXpNruUijYX3HZZW9IO. Statuscode 200
Durchlauf 178 von 810, nutze Token 67vjB0BF4X3rjWaJTdkiBQe5XXQbJfJ6DembSUZg. Statuscode 200
Durchlauf 179 von 810, nutze Token lqbido1mLJgNDSl5HD0RjVOuf6mx6oKYFF3l10pc. Statuscode 200
Durchlauf 180 von 810, nutze Token 3c2uEXzbJncwT3Ffv5gY3S7nVFBs0GD0R3dSTweo. Statuscode 200
Durchlauf 181 von 810, nutze Token v3coXwaaoHq9L4GcLTPAWkkkLa2w0ohGJVYWxcXx. Statuscode 200
Durchlauf 182 von 810, nutze Token lpz4Q2w3pR6iCOHUmeQmLm18t0qSkAJgDKTbTF8l. Statuscode 200
Durchlauf 183 von 810, nutze Token yasV7VScmj4hdXwdGDKB048Jw0iTFqDVzNutO1px. Statuscode 200
Durchlauf 184 von 810, nutze Token fDvvrOi9lqbLCk87lf8YwN7u4DdAcsSI9xs2R1e9. Statuscode 200
Durchlauf 185 von 810, nutze Token 32J3gOEatkfXgmRLnBNNaIg9pW4oxWxWijfnsjTe. Statuscode 200
Durchlauf 186 von 810, nutze Token GaNzUm6b956eZEjgD1iVbo4NHmyzRe8HiUeEDuOW. Statuscode 200
Durchlauf 187 von 810, nutze Token wlPWX59dMPElIwFQmVWvtXu0z8c6nOfG0O9Uc7sX. Statuscode 200
Durchlauf 188 von 810, nutze Token Niir5S2MQKDTWBAXO42IEYXJk4g8hAEeOfFruOrL. Statuscode 200
Durchlauf 189 von 810, nutze Token et7d22jc83SRNN46uBMuOO6fffs8akB7OOVASk7e. Statuscode 200
Durchlauf 190 von 810, nutze Token ucEzQECtJN9RiAVxTU2UjHGImu3adzSR5jXHghcI. Statuscode 200
Durchlauf 191 von 810, nutze Token CcjhV7w8sgWQMjB8MeAJIiZRbb6DKVc6H9qTzMaF. Statuscode 200
Durchlauf 192 von 810, nutze Token MPkTQ5yW0c1AHljv4Lq3JapNkzSTFjG15x3X2WCa. Statuscode 200
Durchlauf 193 von 810, nutze Token gEwU6nRHmkILmQsVozxvrWiRoQYY3Bu8np5xFBow. Statuscode 200
Durchlauf 194 von 810, nutze Token lGkoQOIJl8j8moWGUcVh1LFArB18pLLSkwFfOeAK. Statuscode 200
Durchlauf 195 von 810, nutze Token h1Ks6fTybgB4IKUtEcE5wluMpVHeTCvs2gSeL0cz. Statuscode 200
Durchlauf 196 von 810, nutze Token melrz3ENYIZfdzoIXHuLYPhkaktxtxhJYaR5kOwR. Statuscode 200
Durchlauf 197 von 810, nutze Token 5mnsm2wAIXQAotbB5GbpABwtDuqzKTgQ1tEErCK7. Statuscode 200
Durchlauf 198 von 810, nutze Token 6q1T85cwpUnKDptJDroPiEG8MAyv9Sz5ASRihIt4. Statuscode 200
Durchlauf 199 von 810, nutze Token B76RwAQgGebOLsQ4SwqirS84Or3V0LTeYabJ7bMF. Statuscode 200
Durchlauf 200 von 810, nutze Token eeKskkGKT3jZYrB1d6lWkTmtI9pyzhjmjjARS66p. Statuscode 200
Durchlauf 201 von 810, nutze Token iQX7zS5qPNKqLdfOqq4dOAZpWlOEp7NH0wffRvPb. Statuscode 200
Durchlauf 202 von 810, nutze Token K7CQzvuHAq4vK8s7ovsAHbC3pXbXs2eWKxLqBIH9. Statuscode 200
Durchlauf 203 von 810, nutze Token ifqqJGzkO7Eh15Xp3BmidmoEOpT0ERgFCIKKPL88. Statuscode 200
Durchlauf 204 von 810, nutze Token TqphuQ7GPVW9iarHCf3S5xgX8TppkP7TNbszF07N. Statuscode 200
Durchlauf 205 von 810, nutze Token 5LyE0mToo7tj3rOiTI2vlGSGqOydjRrz0f3SpBwA. Statuscode 200
Durchlauf 206 von 810, nutze Token DTp0VYLpa1CniaJbdim8HMzTBUBoJ0CaoUD51is3. Statuscode 200
Durchlauf 207 von 810, nutze Token JisLXUSkALKWczXM2D3NUukTwVtJq43yuIgUzEmy. Statuscode 200
Durchlauf 208 von 810, nutze Token Mx1tmArIKap0m1r0cDWombo8Df01OUKqLR0ptzQF. Statuscode 200
Durchlauf 209 von 810, nutze Token UsPrPIhMkDgUUhuvCdz8JGgVrv2xTcPYoXwBr0Xz. Statuscode 200
Durchlauf 210 von 810, nutze Token dBxwAfv7o7LRNJQ9T62Z7AmYapikp6jD63QopITN. Statuscode 200
Durchlauf 211 von 810, nutze Token Tu52PBwHyHgZjtSSYUj6ENah5VBAOvk3qotl8dpZ. Statuscode 200
Durchlauf 212 von 810, nutze Token MMIj2bQLWXs3K7uROodgeHXQUKRTuiDweWQCGFvV. Statuscode 200
Durchlauf 213 von 810, nutze Token cHijOZuBnh94sOZRWkbIZLUZbELJRR9bz6hZ0Zr1. Statuscode 200
Durchlauf 214 von 810, nutze Token DimRe16ZdivlZ4dzp96rZX3pJ3clh42tmp0tKZuF. Statuscode 200
Durchlauf 215 von 810, nutze Token 5LId12VWQ0d1Sbd7BtRV6eR8thwspXitMOq1bc2i. Statuscode 200
Durchlauf 216 von 810, nutze Token r7ndaroE0eQsyo1tDubehZb1ZG9AIYp07mJSEwgK. Statuscode 200
Durchlauf 217 von 810, nutze Token LmAGrMdYnJvGea98X2Ucjw9dtplq51KSuPsFZ1zF. Statuscode 200
Durchlauf 218 von 810, nutze Token 692x5TEsaNBcEDzDCJ3xK85pPAp1QBjLt59LhqiE. Statuscode 200
Durchlauf 219 von 810, nutze Token Zap0zoceUo65xckHbAgjlwdHDw3v4H5EDrO6cviP. Statuscode 200
Durchlauf 220 von 810, nutze Token NNkpt0vHlhd2ObqXgh8LjpjkdszwWI2XixKWwpjK. Statuscode 200
Durchlauf 221 von 810, nutze Token TFHLotKsPJo84TGEVxNv0ZXtHfSfugyCdMTRNgyi. Statuscode 200
Durchlauf 222 von 810, nutze Token wsv55VslDNx5S1MkBZ2EAmUbIe3mmEbH1wbnvDBP. Statuscode 200
Durchlauf 223 von 810, nutze Token scquKkT8r6daGg6iU1ChBLjSegG5oKMB0eOC7ukK. Statuscode 200
Durchlauf 224 von 810, nutze Token 9N9WJVtYbAbeRxK8WeeWlztAN2fFErYK8E3499Ma. Statuscode 200
Durchlauf 225 von 810, nutze Token inHpO2phqV7oar0t9TDfglyWnLhhGZ9szsNHZYJh. Statuscode 200
Durchlauf 226 von 810, nutze Token L73YkHRiWZmFBN1tlTwZR4DNBBfmo7gzAKfGUPG6. Statuscode 200
Durchlauf 227 von 810, nutze Token vB6YTeSpjT1opi1H8zOikjjQnCf2ta7WP2jlY9t2. Statuscode 200
Durchlauf 228 von 810, nutze Token UT73C7Mnxw7KHYAOSapfLPfrCFEWvRxPeeDlyT3G. Statuscode 200
Durchlauf 229 von 810, nutze Token rObHvkHCJ15U0xhylpG6QgqoGWSYsows7lmd0MTt. Statuscode 200
Durchlauf 230 von 810, nutze Token o4UpSaRaKEgR5hcQeVuhRGbyXRtVWCuh7GnZpHJd. Statuscode 200
Durchlauf 231 von 810, nutze Token R2snVKF26jfvQSvQII9c0VnL3uOC1zseBjOqDxix. Statuscode 200
Durchlauf 232 von 810, nutze Token x4NAcvPUuSaALysokZ8P9hIA5Luq8Lb2F1qQ9e5w. Statuscode 200
Durchlauf 233 von 810, nutze Token U4sAi3dg1nQcFbXwhcjHyv0801kvoolEmOvhiAhU. Statuscode 200
Durchlauf 234 von 810, nutze Token 0tDWQQiE8ZSXCVCdN2m3rpz3QzPkE01B75EKs0Pu. Statuscode 200
Durchlauf 235 von 810, nutze Token eJGGRafASWQr12eWV4neEiQhWFdHO0r2ZBEyrbPo. Statuscode 200
Durchlauf 236 von 810, nutze Token JARG3ecWb63zy0n4Bg6gQExuEgEFdf4TVHxNkVRh. Statuscode 200
Durchlauf 237 von 810, nutze Token Rs7qHhS6wK5krKmmq7u7OBWfbh8196hTHj7X01nq. Statuscode 200
Durchlauf 238 von 810, nutze Token 8aCmrnRO68vTF4hNI3dVm2qRPbl8rfXdGlr00l0U. Statuscode 200
Durchlauf 239 von 810, nutze Token TzdVmET7QssXA7CIJbhNbrAZnNCvqLihFLDKzCFP. Statuscode 200
Durchlauf 240 von 810, nutze Token s2hglQFAt4N7zaotM8QVnTkIfu7uVEIbI3TmaoZA. Statuscode 200
Durchlauf 241 von 810, nutze Token zyIklm9fxwHNg5Lblc6CFoloNJ7t3P7ALKqgHOtO. Statuscode 200
Durchlauf 242 von 810, nutze Token Be6k5yN3n1NV9PLEx43asDJEjZ5hLcrn4U1lai5y. Statuscode 200
Durchlauf 243 von 810, nutze Token 5ej6dGG6yI85hXGbVTEwM8dGsbv4XDTZo5yuPJwd. Statuscode 200
Durchlauf 244 von 810, nutze Token A6h44RNn6v7u3F0ZaKLyDyXiYSt6XhwTePtxAUrm. Statuscode 200
Durchlauf 245 von 810, nutze Token yEESYHZi01qIdL351Frhnx5PunnzEZlwi8Iwy7re. Statuscode 200
Durchlauf 246 von 810, nutze Token AtB7xTXi4ADL6lGAkcKWmZlHqBkkp7Ak184YTcwm. Statuscode 200
Durchlauf 247 von 810, nutze Token DPPy8ScOMKeZZHh49WZVL0cK1MhtIcVMY4x6oQDn. Statuscode 200
Durchlauf 248 von 810, nutze Token Kky3Fk8hVC0rNDdxQ4Vh7LOYnqNIuFXGkUd5sD9K. Statuscode 200
Durchlauf 249 von 810, nutze Token C3nvFdq2jGOqbEwiqFQsuMsGcP2sVrGbYQRwoBG7. Statuscode 200
Durchlauf 250 von 810, nutze Token 9rGJs0S6FQvuQkrR16VpzAh1qwEjSEyHzgQihj9i. Statuscode 200
Durchlauf 251 von 810, nutze Token IiCpJQMh6S6JeUkQltisX24fsQlTeZBPtYggywyf. Statuscode 200
Durchlauf 252 von 810, nutze Token ZdSeakr75nzeaItAGpSoo7BHpKIm6DyRGBpu0Bq4. Statuscode 200
Durchlauf 253 von 810, nutze Token hIcgqCqAUaUk6GWNzDFDUoSHD1WPhcdGpZRtr6pL. Statuscode 200
Durchlauf 254 von 810, nutze Token qC8Vulhj6Sdrzt3Czcf8lbxl9hiSxSDTkYYAkSjl. Statuscode 200
Durchlauf 255 von 810, nutze Token eCXbtnrsr8rfpFDi4ITSaICtIt3OKws6sP3SYcFC. Statuscode 200
Durchlauf 256 von 810, nutze Token fr95Wq7w9HaNd4g8Bnqm8Rr2jAuveRwbbNk2Jmnf. Statuscode 200
Durchlauf 257 von 810, nutze Token 4oEvjlzSnACjk1RtRuVtlWEbE5cqm4RcRwYQKOlj. Statuscode 200
Durchlauf 258 von 810, nutze Token xN2Za0yq1pkiU0BinzeYNvTcNG87rABaOTZCR7DP. Statuscode 200
Durchlauf 259 von 810, nutze Token JNqA639OywfVgwmNIF5HCn64TJDdMG4FB2l5LN7A. Statuscode 200
Durchlauf 260 von 810, nutze Token RzTSFz6hDoBlreep3TWz3tyW59S1MtCv0XzxLIds. Statuscode 200
Durchlauf 261 von 810, nutze Token Mol5FDqJNF5EdpcaF0oKN7NPsDy1pLtPefdxjp1E. Statuscode 200
Durchlauf 262 von 810, nutze Token NLxtFMRG0X3JabgMcE7WUlwRSKgkjVZIFXsOZtgb. Statuscode 200
Durchlauf 263 von 810, nutze Token pAC26NBhLQLbQ4ISOcit5evmtPBYaSD27SRoLZvM. Statuscode 200
Durchlauf 264 von 810, nutze Token i2ZqPrIHDR0InzXtfJvnczu24qHceTt2aKGK79tb. Statuscode 200
Durchlauf 265 von 810, nutze Token NvZVYjj52hL4O2Smv8FxPlm9GqmXJ3oADOdJF5px. Statuscode 200
Durchlauf 266 von 810, nutze Token gjU7quU3G2gBPQDtGYdTUcieGoYRwxvBpk6wlXxg. Statuscode 200
Durchlauf 267 von 810, nutze Token 3uqk4xyZFz7FeVVV8yO90eafFmefnUpMkEkwhvTV. Statuscode 200
Durchlauf 268 von 810, nutze Token gJODO15vKJOu9uUYK8alGknF8e2HP4NEjRVR6fqZ. Statuscode 200
Durchlauf 269 von 810, nutze Token mPH9K9C8JaUQ8GSnXWb2a3XlCryGJUvNFKK0Nh9G. Statuscode 200
Durchlauf 270 von 810, nutze Token IGG4mjEn4e8vg5IPcYPx0HcF6a9RLtT5SJW3CAjX. Statuscode 200
Durchlauf 271 von 810, nutze Token 4tRXHBqSeJhPyBcsPzl9DIduuoVlaaSMqxJfslXc. Statuscode 200
Durchlauf 272 von 810, nutze Token VFdlUOlQuoqAYZpEmLhlCy91oWiBf7ELjVsg74kq. Statuscode 200
Durchlauf 273 von 810, nutze Token YaWT6qg4HimUG6EHUcCh8YCRz6OBZSmt7dWP5g5v. Statuscode 200
Durchlauf 274 von 810, nutze Token AosVHAjLwYHGXNDp2bACjnJ5NxpVOOlRNXSNUmLn. Statuscode 200
Durchlauf 275 von 810, nutze Token cbeOfgWKsUB0K8NJ8PXTx40NCVnc12Lq8H6NYD6E. Statuscode 200
Durchlauf 276 von 810, nutze Token d3CNhA0nuGRUpzOXTycFo8YJdaxLxx4ioDINB0xA. Statuscode 200
Durchlauf 277 von 810, nutze Token AUovSGp9GvKWIJ6xYOusg9QyjaK5vDcJTBoujZVn. Statuscode 200
Durchlauf 278 von 810, nutze Token S7JsDU3I8MeVD3GYOSlgbLd37cvNpLpyLn5hagEh. Statuscode 200
Durchlauf 279 von 810, nutze Token FfY6f0uwUYwDWk6s0zFwLJQ1ICe66ZJBuhXZMSNi. Statuscode 200
Durchlauf 280 von 810, nutze Token C1YQivi16YoZbibUhGC4ejMdZMmQZvO3aT7eJdzV. Statuscode 200
Durchlauf 281 von 810, nutze Token COoIPg5Nu4JehM3AcfQy8pyQ2Ejl47GHAS7vrhPT. Statuscode 200
Durchlauf 282 von 810, nutze Token bUR0hantYuix7tYMuqAeqDUdjrQiFKsNBt4C1ZY2. Statuscode 200
Durchlauf 283 von 810, nutze Token XghWx8htzG0iAlweUeaJYnuNGQj8wPheGTiJaatM. Statuscode 200
Durchlauf 284 von 810, nutze Token KPFkRJVhT7vdUqypLp7hNaiX6NfJdkGPBQeyr0tn. Statuscode 200
Durchlauf 285 von 810, nutze Token zgNoOJAJV1MqHJnLqHrhJ93KrgqpE48VUOYG6nZu. Statuscode 200
Durchlauf 286 von 810, nutze Token eyHMncfKKHMxKDaP17qs0K2nI6wef9wleLwHRqW3. Statuscode 200
Durchlauf 287 von 810, nutze Token ddChSzF2u4WctwgKJWpLSOn1zHINj6I3mvWUeQjK. Statuscode 200
Durchlauf 288 von 810, nutze Token 8lsBIq6sjnfA1O3ys3bCyRdZgOE3oKfA0fvic1pV. Statuscode 200
Durchlauf 289 von 810, nutze Token 37GwJenGZlNfGIHk0EwO4910tpyYi7hzcFKGLsYk. Statuscode 200
Durchlauf 290 von 810, nutze Token WApnjwAW9S6ACCPlwtkYTx846WUaeEYJJTmeWElt. Statuscode 200
Durchlauf 291 von 810, nutze Token d1uxwGrqYKjND61Vxd8noHYTNnVkutE5TNsu46mi. Statuscode 200
Durchlauf 292 von 810, nutze Token EWLWWRFgJ137VVpgidrmcQRza0yYkMhCczBRfEri. Statuscode 200
Durchlauf 293 von 810, nutze Token CuSGZzdFgWjWtk2C5tCQgmwkf4CuA1a7dm8veHhO. Statuscode 200
Durchlauf 294 von 810, nutze Token ZCN7AOV4CGXNk8KpGubtPZ9YHnNK1nyqwduxelXy. Statuscode 200
Durchlauf 295 von 810, nutze Token LVrG0z4m499EYthLocEsPZLxfRg3E1DqEAf3jKAX. Statuscode 200
Durchlauf 296 von 810, nutze Token LyJaGwlfHJffuJMm3FtdTt3mPlwl5buPlfPo5A99. Statuscode 200
Durchlauf 297 von 810, nutze Token tsoK9L9GSRdUzbrZUpn1XtO2ERObDEUmP6oGUtVK. Statuscode 200
Durchlauf 298 von 810, nutze Token cr7axnPZsrmDyqWmQ0RaXvZbSNEdviHKh65NONG1. Statuscode 200
Durchlauf 299 von 810, nutze Token qGhwXEDi3hPOmkh0344MrN0fjkN32G2Yux7yRbl1. Statuscode 200
Durchlauf 300 von 810, nutze Token IU96LYBIj6euo5jCHlFPa6qPye8hzr0AzcyRrFOX. Statuscode 200
Durchlauf 301 von 810, nutze Token Otsmpp85j5ZZOrufgtpUUHxHgdbmqN3ybtXStjO8. Statuscode 200
Durchlauf 302 von 810, nutze Token mPfEQHsvXOqf0mc5ipqpxU8OFca4eWNbGhVafi3b. Statuscode 200
Durchlauf 303 von 810, nutze Token e3TnoWdDUy3MOboVZKFyNaqmjMkVIn6pnuc9hSMQ. Statuscode 200
Durchlauf 304 von 810, nutze Token cJgEMMEWIY14MndzlVFi2osEezZFubP2qCn736aG. Statuscode 200
Durchlauf 305 von 810, nutze Token R8pvbT2Ajipi0l2XKyaVkLOgHkiWZm5Tg14whyXo. Statuscode 200
Durchlauf 306 von 810, nutze Token kPZz7bqnZ9qE9hp5G83ADdpnmw5IWwtkf9Hr8TxB. Statuscode 200
Durchlauf 307 von 810, nutze Token bQivxE5JZkEdMYpvDJRR6812NuqFrkhVyNYqxY4i. Statuscode 200
Durchlauf 308 von 810, nutze Token 9Uoi522msngamfKM2WQ7CxbwRKmg4fEhUxhjOQmx. Statuscode 200
Durchlauf 309 von 810, nutze Token 7HLQQUvhh3gd2Jbdii8mHTq0FiaNaodu3GIuH8gM. Statuscode 200
Durchlauf 310 von 810, nutze Token lpAuJtqY2KNoqI0XxeFbr7mIT2GQOOLyUyx9QWkZ. Statuscode 200
Durchlauf 311 von 810, nutze Token eQO15GgsGcsJqMzDU6eJ9mYMa2AnVFZ4aEPZazVN. Statuscode 200
Durchlauf 312 von 810, nutze Token 4YKVVgpcdQmFWxgF6EsIeOyDeBEb7E4bh129bona. Statuscode 200
Durchlauf 313 von 810, nutze Token T06E2dbnXL42HpfM1SAoX97NJCJPrvQ0Lob4MOHE. Statuscode 200
Durchlauf 314 von 810, nutze Token v29XMvcoqMiY5uZa0wfmFcKoNSpMWQkTvXMBjL1z. Statuscode 200
Durchlauf 315 von 810, nutze Token 3bom50ZoSHhxCxS6GGEihclBWwv4MXcfbGSREpn9. Statuscode 200
Durchlauf 316 von 810, nutze Token 64ZFsyQVEaTOCfdR1WPp866jH74Cm9rt2rj5kfFt. Statuscode 200
Durchlauf 317 von 810, nutze Token imAJxtBPjvdGS8affbfz6wbU4fSVIJ98bpzMXed8. Statuscode 200
Durchlauf 318 von 810, nutze Token UGix4sbG2eJ6PC5HgDYL7t4MsuUe9BX1w3cBOaVG. Statuscode 200
Durchlauf 319 von 810, nutze Token FM7W6jBvrFn0CItXMm8fdbXmEvizm16VYp5Hq2iT. Statuscode 200
Durchlauf 320 von 810, nutze Token tHLuL4j7H18tmFOfG5jUBqUNARtKh3frUCQtW3nM. Statuscode 200
Durchlauf 321 von 810, nutze Token bMSHe3J7ueGLQtnxTTMlapfJjc9KE8IPFTpIeyQ9. Statuscode 200
Durchlauf 322 von 810, nutze Token E0ptUJ1QcL7JLjFhARgrlDQiNN54zwemcoRXlsmJ. Statuscode 200
Durchlauf 323 von 810, nutze Token 8eXc8msVHLgLkkzJD3t6acrS9CbHAAnzx65lbOCO. Statuscode 200
Durchlauf 324 von 810, nutze Token k3dwG7F5SIogoP1Cn1vKLRKinKk1VHid7I6Ga94R. Statuscode 200
Durchlauf 325 von 810, nutze Token UTq1PazeGGPXfFwxlXvpBCliQhFgUkG8JZQpfRGt. Statuscode 200
Durchlauf 326 von 810, nutze Token m7Gp6Pwv1PmdypqXzp5cVWpPc8o5RgoKyYfYYdMx. Statuscode 200
Durchlauf 327 von 810, nutze Token 4jMAtM0x9HZJ250MigpE24DhagnYu8SdtnVi42p9. Statuscode 200
Durchlauf 328 von 810, nutze Token t1IiEjWISlYtGOU68mItAXVj3V9L91tVif6Dlpw9. Statuscode 200
Durchlauf 329 von 810, nutze Token aKeGF581JJjmq45pvhcAggmJ2YDUdJHzTnKcGQvx. Statuscode 200
Durchlauf 330 von 810, nutze Token jcMVmDK6Mnftbdd5WRO2BPBF6VWGQ0jNki0QaiLi. Statuscode 200
Durchlauf 331 von 810, nutze Token GlFYGdfdRUKjzDx4Y25b4zpwga4X0aeFykC4hweo. Statuscode 200
Durchlauf 332 von 810, nutze Token COBbPNKmRzn4osHcTh7GCg14nsr36Rj3N5LForPy. Statuscode 200
Durchlauf 333 von 810, nutze Token MatRibBGesP86Ue5VxODNj0LyLiOWeTwDLyMbmTC. Statuscode 200
Durchlauf 334 von 810, nutze Token 6VHDngsdyFlwpZzVJoteJK5ahTYhJtbdHYbQegdT. Statuscode 200
Durchlauf 335 von 810, nutze Token T5HXB2T5gf43jv3hJQeiLugszRTAZ0vgUnWzZBZ9. Statuscode 200
Durchlauf 336 von 810, nutze Token qlD3FAem1fMIzkNCR8h2jh6ZGpSJDysS388sufkC. Statuscode 200
Durchlauf 337 von 810, nutze Token doaCg3sFhVqL71bvyWaW8wB4ZoBWAF8ldiZBpdWo. Statuscode 200
Durchlauf 338 von 810, nutze Token 9CqfQ7EVcFLd6DjaH5fIvZTihAlpE2r9SFdTSIxl. Statuscode 200
Durchlauf 339 von 810, nutze Token Pg55uIJRYHuwWWNDYKM3LTRRNxRih5yBEqX5hTVz. Statuscode 200
Durchlauf 340 von 810, nutze Token WlqoSMC283DuY6FkgzEm77Bvra8qKNI0zHzQ5bJv. Statuscode 200
Durchlauf 341 von 810, nutze Token TKJE50Ay59I4jOm2CcinzGeA0pOrP12fq6G6fHau. Statuscode 200
Durchlauf 342 von 810, nutze Token EnfT5b5VcBvJVpgYfF2HbTQRVe8o9j8wpnaetKp0. Statuscode 200
Durchlauf 343 von 810, nutze Token ZQHYvlEnjoYPOkHApzO2IqJsvCoebpwHhHUxD17V. Statuscode 200
Durchlauf 344 von 810, nutze Token ktgPjXQ1j9tJ8gqeXiRsES9dBWtI1jMltL9cjgTk. Statuscode 200
Durchlauf 345 von 810, nutze Token M6k2bsqjYK75BSBUQvpJmaMlC22R22WJHnccGjFd. Statuscode 200
Durchlauf 346 von 810, nutze Token VH7YRjvNKkJF48pbm1aQjL40FdNFCoRhYwNdFnQu. Statuscode 200
Durchlauf 347 von 810, nutze Token Je2oKRqKybXcdm30qGoO9vdVYo4dc98b373uFoyP. Statuscode 200
Durchlauf 348 von 810, nutze Token yHKw3liNjLf0VjxGASbFGe5jru1KAyKaIuoIXlqU. Statuscode 200
Durchlauf 349 von 810, nutze Token 4ZDcACluUfgJwpRpXUbw9GaI6hhOvnzmiL5gOnKl. Statuscode 200
Durchlauf 350 von 810, nutze Token hIlsaNkXVW404Fc8AP9W66XLiM9WnCTKPkiAzF29. Statuscode 200
Durchlauf 351 von 810, nutze Token pEYHtLp0H82d6MzeGrUs2YD8CrtVAOHdJXWw6FTr. Statuscode 200
Durchlauf 352 von 810, nutze Token 9oal6T2lGVcoWtythZkR8npOzvOV31H1mAoPrtic. Statuscode 200
Durchlauf 353 von 810, nutze Token wcxD37GEXupusOiYtQCNqEC4s2xkw636snDxwn1G. Statuscode 200
Durchlauf 354 von 810, nutze Token AVY0A2t85zXe5otGFgBnh4DpJOXNnybCOMaKqEDp. Statuscode 200
Durchlauf 355 von 810, nutze Token a8pdWtghsB1v49gLYHftx9vVqemZ7KSuj9vsFNLP. Statuscode 200
Durchlauf 356 von 810, nutze Token cAklIKQvdAJKslm07pwxs1S8u4bYYRhpYEFjzY0s. Statuscode 200
Durchlauf 357 von 810, nutze Token pWrFvdDikgUTBVypE0f5Xhgj3Bz25RARHQtXmJfP. Statuscode 200
Durchlauf 358 von 810, nutze Token 4HL0f7gXRe6hTSqwtarWCTxgU3FooVlQwmtwaNlB. Statuscode 200
Durchlauf 359 von 810, nutze Token NRvFYn3yqbcxdP4fvdI3k6Nh5ACcjUibzUWDy6Hq. Statuscode 200
Durchlauf 360 von 810, nutze Token UJZRJsfaUYv1EQInyQjK5NoMbQ0CHy9WGhLjGYHz. Statuscode 200
Durchlauf 361 von 810, nutze Token uOuqItqVWsCdehDBE0MGPyvZErVzvpVd1FffAtEP. Statuscode 200
Durchlauf 362 von 810, nutze Token 1AdwNaDWqpMZtgDFyM0OQkSCeXmiiZ23n1bkQnC4. Statuscode 200
Durchlauf 363 von 810, nutze Token eJygd9dDxY1modoYCGnqpJiwDidmpnuRtyej0E0V. Statuscode 200
Durchlauf 364 von 810, nutze Token 92vVvX1YYFy5RHIWuNL7qpkdbfGji1KF1efVhDNs. Statuscode 200
Durchlauf 365 von 810, nutze Token IULtEfrnvMCggHGrTRR2qzYlLj1RhtuGtTCkmK7C. Statuscode 200
Durchlauf 366 von 810, nutze Token 9kJQepryJOXnTz73pPRd5qeIHOGZtbtds7FRu8Rq. Statuscode 200
Durchlauf 367 von 810, nutze Token jtsiuJ9FdMlXqAhSDp18B0i10H6P5Xm13eau5IlU. Statuscode 200
Durchlauf 368 von 810, nutze Token 7hNSXWrgxjLu4IK1FLGXSqfJJB5D6kUncdirFmSl. Statuscode 200
Durchlauf 369 von 810, nutze Token ss0lY3DQUVpUywFPz4m1jt6Xo3oOsA0OfRJ7RhVK. Statuscode 200
Durchlauf 370 von 810, nutze Token CauHhkBYJoP0vRY2p1Q7KTLbNWGHkSOdn6I3DpqP. Statuscode 200
Durchlauf 371 von 810, nutze Token eEG4ITrmYTAPXwcCToaXxESFDfDg2BzPtTNMXq7Q. Statuscode 200
Durchlauf 372 von 810, nutze Token oWnrS0MNz2cJD5vmKYauATpAdck0b0fCjDlFI83F. Statuscode 200
Durchlauf 373 von 810, nutze Token i1xznhViZD37TmnrteipRdoV8Ttty0u3Nu11VopY. Statuscode 200
Durchlauf 374 von 810, nutze Token 2IFgrNst8iPALlgS3m05W2gytpiYxWCQKazDA0v8. Statuscode 200
Durchlauf 375 von 810, nutze Token rGgMeH8ztQh1dpmFILvEEhsdziZ3cxrtALVBX1AS. Statuscode 200
Durchlauf 376 von 810, nutze Token cmS1caeWAH986ifJZOLbR7Yy7FnBo63UIVYpHYYY. Statuscode 200
Durchlauf 377 von 810, nutze Token XnFUG0lQOTv6S7iOHBoYCqhWWbdeI0EsHJymeeVa. Statuscode 200
Durchlauf 378 von 810, nutze Token hmzWHgpAXeMvE8kC4zTClmObcaS4QZpbo7D3HNSV. Statuscode 200
Durchlauf 379 von 810, nutze Token e8Ou1guNUQP2lVOkbGmQrvXQFan5XW2zQAZDTG8i. Statuscode 200
Durchlauf 380 von 810, nutze Token c16LyQdDEBZWCxSTxWAbi31Gd9ELGauVgrVRrfWG. Statuscode 200
Durchlauf 381 von 810, nutze Token lX8S4ZJz5MUe08f3AyDZvxvG9RRHLcsGdcRxOM0V. Statuscode 200
Durchlauf 382 von 810, nutze Token ZDsOaZFbczfMb29ysuRHFHcWIpNfwLBjLRnGucrJ. Statuscode 200
Durchlauf 383 von 810, nutze Token HQUob61hKr9ZNYN7teZJzhiGl8OSdxgsTQd8khRl. Statuscode 200
Durchlauf 384 von 810, nutze Token Vp92FI544ONqpY2ig6mZrKV7pWQ9BuSlOdyxTs5e. Statuscode 200
Durchlauf 385 von 810, nutze Token 6RClISLFKqeBeRYw2JWlBeSzZaYWlF4xqppSEAlP. Statuscode 200
Durchlauf 386 von 810, nutze Token RJycQ0mUFRSk56haiEF9q3wHfjgIiSTpBHTOgkN2. Statuscode 200
Durchlauf 387 von 810, nutze Token SPLuIkHngylpRwpTRzY7Wc1LA2Ku5IQVoSLcbONn. Statuscode 200
Durchlauf 388 von 810, nutze Token EtH67b7Y9nmCuBVGGyXvpzlGZE7A8NrKznlTdQT8. Statuscode 200
Durchlauf 389 von 810, nutze Token SThlqJFHWQ0jtgFmSNASBQ1i1Yhduxc1OxK8jqmV. Statuscode 200
Durchlauf 390 von 810, nutze Token P953roMtyb43doDb2WOzb5yafROYyf7WObrAY258. Statuscode 200
Durchlauf 391 von 810, nutze Token O0UqHLPjPXrVrEpqKn5DJL4bFdwsXc8EhrdxOdpB. Statuscode 200
Durchlauf 392 von 810, nutze Token zX93LyRADAySNVMKqRjAqGU0dyWosPj3hJuh9MDh. Statuscode 200
Durchlauf 393 von 810, nutze Token FyssYp6qGuvi5kdgTMZGXwVp3Tr9YrYgZPIcZsMb. Statuscode 200
Durchlauf 394 von 810, nutze Token JWtSEM99c6enfveQTEZkhAuOo7xkbC8QcugCOlmp. Statuscode 200
Durchlauf 395 von 810, nutze Token UFAcccOOj1UYIBMritIKO3FtNnfMTZbUUjFluMTn. Statuscode 200
Durchlauf 396 von 810, nutze Token ZN9wufcv52Gv0OjlPHmS3qigt7iLbAZcqqpxXs6N. Statuscode 200
Durchlauf 397 von 810, nutze Token AqhiO5ajWXD4TbfSqjnwO5THI78tBl7ggBTD3ME0. Statuscode 200
Durchlauf 398 von 810, nutze Token zuuHjbN2DzAYc3IWZrv7WGn9sGz6UFFvMxk8JvEl. Statuscode 200
Durchlauf 399 von 810, nutze Token hDlDfC8p1FKf08cvYUyZPoH8udgifBUUcAJidoSk. Statuscode 200
Durchlauf 400 von 810, nutze Token P4fYQvFOA1AnefmABVbmK0gm0YG4pZtrTNkODZdg. Statuscode 200
Durchlauf 401 von 810, nutze Token 06cwCT5hgzdOoTulYySo8gMV8pqlYrYsOZGebZbD. Statuscode 200
Durchlauf 402 von 810, nutze Token dNQOq8xDeqcUkCPUhsdAM857vQayZt4yLonHI7c1. Statuscode 200
Durchlauf 403 von 810, nutze Token 1HDxJfcmN3PqVePWhNsO1zJCR65JtyjTcqHitupn. Statuscode 200
Durchlauf 404 von 810, nutze Token yawE3ErB8WG5EFQ4d4CI5EswzicAqgxwA57IP0PV. Statuscode 200
Durchlauf 405 von 810, nutze Token vojZmztlQ96gsFZsiKJIx7bNCgA7ZtWPzjhJ5St8. Statuscode 200
Durchlauf 406 von 810, nutze Token 2vfFAAYOElY12vEpzmjZuSoYu5xvMfafIk3gfDNu. Statuscode 200
Durchlauf 407 von 810, nutze Token fklTeSe9GLGPUeQqVWEpzVRLkutP5ksbZVYt7mXf. Statuscode 200
Durchlauf 408 von 810, nutze Token U8RED4CHJsHxAMZS4KB4g0k7vlxFxPBsMVO8UrQ2. Statuscode 200
Durchlauf 409 von 810, nutze Token z08F2vWNPr561bytqq4BOlizhN6Zzx67kay7corp. Statuscode 200
Durchlauf 410 von 810, nutze Token siiy8CZX1hU0bCL8ACl9ynRIyvNVUZfCJvClfJ5k. Statuscode 200
Durchlauf 411 von 810, nutze Token XEasuzw0yVVrTZ6QPmLevb86iQuiunWcmsb6WfgC. Statuscode 200
Durchlauf 412 von 810, nutze Token rd9I2Ny456fFPUQSRl4L2i7pPUe4j3A6bXzuZ3Rk. Statuscode 200
Durchlauf 413 von 810, nutze Token lhuMQQWngwfDsmuzTl9QCeLRbT1o2gsmuRuA5Zjs. Statuscode 200
Durchlauf 414 von 810, nutze Token 9QMrX0TYzZxZFCs9L1R3h733IpO207dPf5HHhlAc. Statuscode 200
Durchlauf 415 von 810, nutze Token sH3EIEDROerm6OETWmKt0rZR5JQ2rYCMGHjMsz2r. Statuscode 200
Durchlauf 416 von 810, nutze Token tQBP9gtwfNEAIpNBh1kz4igLkUx0aWEZfrOlMueM. Statuscode 200
Durchlauf 417 von 810, nutze Token ijTXIspybBKRo5D0M9hjChTkq369urGKaRQCoTw2. Statuscode 200
Durchlauf 418 von 810, nutze Token AsTaH4m1mXWhhc4NBlH95DpMPPqqqzLKRH7zWQ6m. Statuscode 200
Durchlauf 419 von 810, nutze Token xK17YFL9iZAsigdaQVSikdsntN4sZyt3jkoOHpFO. Statuscode 200
Durchlauf 420 von 810, nutze Token y4aYgdmx2DL2g4cqogmyyxI4wh3luWWose6JHBSB. Statuscode 200
Durchlauf 421 von 810, nutze Token pmwMTlOA9hub5D4VFKgG5OpS2X9oeABJcc2kmxE8. Statuscode 200
Durchlauf 422 von 810, nutze Token yUGzM0ZC2txv8LbFOh2WkIX8XVYAXy6Llx9ZwX3p. Statuscode 200
Durchlauf 423 von 810, nutze Token dfz1JQocwNFZMGUk7M5hUCegpF8Gsfy5lW1QK210. Statuscode 200
Durchlauf 424 von 810, nutze Token x2DsQUR2MCx2UxHFmBqUjcgOfORGY9im0kyX9CSU. Statuscode 200
Durchlauf 425 von 810, nutze Token ZvAbNAUmnQR5b3mXCwHPjuhBCep51f3mhQ6H1V6B. Statuscode 200
Durchlauf 426 von 810, nutze Token aAR0I03PnKwZLkg6iQwHbpFvcAF0C9wR86tdhajB. Statuscode 200
Durchlauf 427 von 810, nutze Token LsglgqibXB3vVfCnfAsmk6mcUiq1LwmcYBrttkTR. Statuscode 200
Durchlauf 428 von 810, nutze Token FszyqyGvcHbGy5Qp25I7S5qjIrLMT6Ms2sbLV4Ah. Statuscode 200
Durchlauf 429 von 810, nutze Token VJutTn1mJyKq6KF4rdX6Z2t4y04L0MqTTNFFsDKh. Statuscode 200
Durchlauf 430 von 810, nutze Token hsTPycA7sSSmkZLs3VEJE88vKHtjo7T6C0z8Hwtw. Statuscode 200
Durchlauf 431 von 810, nutze Token 8admU2DbIkfS9VC6c3nk5wevGAjxLiMN1jP6A8nV. Statuscode 200
Durchlauf 432 von 810, nutze Token 4KWSPIuGETJd2RRT4PkKlbzARPHL7JOt2dyZPasf. Statuscode 200
Durchlauf 433 von 810, nutze Token J3gxES4e5NbwTZu2gkXklaPU1I7LOilTG37sC9N9. Statuscode 200
Durchlauf 434 von 810, nutze Token QHvcZGIia44WSBGpisazzN8nlsIhkI9WVzZRcwyi. Statuscode 200
Durchlauf 435 von 810, nutze Token vtj1tIBZzPvXozZLoLBD3MEiuVtYUdXrN8OKQOnA. Statuscode 200
Durchlauf 436 von 810, nutze Token eycMV0cSwxSeuKh95wVSWgdPOpJWLza9ibWWnE4E. Statuscode 200
Durchlauf 437 von 810, nutze Token Q8RlWf0R9lWvus3tozVkU2fjG297enP4zCmX4vHW. Statuscode 200
Durchlauf 438 von 810, nutze Token ny83qMJ7DXW5Bs59WcGeyupI3R3ivt6MympQov7P. Statuscode 200
Durchlauf 439 von 810, nutze Token gA5q7ppEYjJzVxL1gRkjJ2gXK62PuvDbnMfYx7Ts. Statuscode 200
Durchlauf 440 von 810, nutze Token AIxzklweP3j3IRASu2dloIyt2HhWoM6YUfR5Z1lR. Statuscode 200
Durchlauf 441 von 810, nutze Token zRo12twBoFb0PqlRYNK1sLI6mITH3b08ohiJmxZJ. Statuscode 200
Durchlauf 442 von 810, nutze Token gWBBAVmUUhBO5fIsBkDW3jjTxGuDeFMMkPLstAQD. Statuscode 200
Durchlauf 443 von 810, nutze Token SqkHacPCL5TmakwGmk9qoNw3A3Rm34E3iaJ0rBXA. Statuscode 200
Durchlauf 444 von 810, nutze Token s6PbMPE1MZ3ZkT8pHxTsAiIUXjynqGrdOrAdDpsb. Statuscode 200
Durchlauf 445 von 810, nutze Token r7z7sD4VFzkxsSPCNMdNM2ZaTSHoys3VzS4efrtB. Statuscode 200
Durchlauf 446 von 810, nutze Token 5qz9MbJVcs5DbNKpqK4czeB7KYKgtDMEYEZOD6nI. Statuscode 200
Durchlauf 447 von 810, nutze Token HmrE4tBtnZekUBuU6dH2AIPD04Q1UQOGd8LGasMj. Statuscode 200
Durchlauf 448 von 810, nutze Token 8xkrVIFCnTaeSTSTUva5eMOhXfY478BmHLOhQplz. Statuscode 200
Durchlauf 449 von 810, nutze Token xyRCG6sOn5dN9fsh632rrq8zVGQCBt0XlkLFdZ8W. Statuscode 200
Durchlauf 450 von 810, nutze Token dGMxjq4n6fkG7x3Kc0FMognf6GbaJz0xkxI9rFYW. Statuscode 200
Durchlauf 451 von 810, nutze Token 7X9uH6uJv8IaHDo5yTSnoXMmCYnNVIrqo8UTAEeD. Statuscode 200
Durchlauf 452 von 810, nutze Token GcaKQ7UzaYtZ0vol2wTMLAD4ooEOXNm6bvfcEjkW. Statuscode 200
Durchlauf 453 von 810, nutze Token SQnF2o3BAcVcG2zeLZjjAbdMgvk7dbK0uWSjZE8y. Statuscode 200
Durchlauf 454 von 810, nutze Token XLTduTOMHf8Q0fcsryQn8LIBuzsXHwiwc7H0Upxa. Statuscode 200
Durchlauf 455 von 810, nutze Token uKidvqvsKvxTIa1JOu8oe39UdKjoCtYBnWsBYP9t. Statuscode 200
Durchlauf 456 von 810, nutze Token pUD55sBBeuNa5CHC2IN9HcI2xxW7i7PVXtRm5wrM. Statuscode 200
Durchlauf 457 von 810, nutze Token nEQXsA9KdceZUse1cATx0AxChOvWw6wqNLmZKisc. Statuscode 200
Durchlauf 458 von 810, nutze Token 8ixAPG89hnLT920NNLtjbutTGXIxHuOXP9CJiFeD. Statuscode 200
Durchlauf 459 von 810, nutze Token cSGOjEtgEHnxmV3B5wuDPqec8MX3eKlpB6NeIR04. Statuscode 200
Durchlauf 460 von 810, nutze Token VTvmQK9APDQhnfIbN3Xj8cj9pwdRLHVXgX42WNh9. Statuscode 200
Durchlauf 461 von 810, nutze Token iiW8oJcddZNWLDocoLpMhR7FiF1IZsJijptk8kL6. Statuscode 200
Durchlauf 462 von 810, nutze Token D1Z1pElRK6KXYSWYz0VaEWFfyTaKH13ZZEMlhBye. Statuscode 200
Durchlauf 463 von 810, nutze Token vpVSuVj0lVvSBgVNr2wtW1JmTt8VcVEYBwHDdDpQ. Statuscode 200
Durchlauf 464 von 810, nutze Token lsHGDT0GKAXgr697mCG9zsSrSd0IgrHcRxanAK8t. Statuscode 200
Durchlauf 465 von 810, nutze Token vZWlH1DL7Mg1QiJyzZQ6cDFg8kpbyh7XKMA1wGPY. Statuscode 200
Durchlauf 466 von 810, nutze Token DMZwZY4uUR35xJztuD9o0Xd7oPoibXlTQop3y459. Statuscode 200
Durchlauf 467 von 810, nutze Token lm5zwH46m1P3YDqCZ12GgozS9wMzGRbI5tKEKrap. Statuscode 200
Durchlauf 468 von 810, nutze Token LnYGdUZMlEmBlsi490nbTJX5t4z9NLSBMJ4OwPeb. Statuscode 200
Durchlauf 469 von 810, nutze Token 5WKZILQC8wwrTRe7H534r9KH7orVL9OtLIGoScQ0. Statuscode 200
Durchlauf 470 von 810, nutze Token jlPSrqjbrMAS4IUPQUQHeMIUA4BnRmGmh84TIJcV. Statuscode 200
Durchlauf 471 von 810, nutze Token MuDWIqcT7DNkmv2Nf0T9ibsaFJc2MUeuKQjGiTiE. Statuscode 200
Durchlauf 472 von 810, nutze Token 5yTRcsH1Z0T2fm25EDMuAgUgdn8PJ0DzZsquEAId. Statuscode 200
Durchlauf 473 von 810, nutze Token 3uXe0IGVNJ07XjW1DgU5WTey1YbQ2W8S3yyo76gc. Statuscode 200
Durchlauf 474 von 810, nutze Token 4idSIKF2lPHyAZmOoTBie65r76qo9UEgBriFxrvz. Statuscode 200
Durchlauf 475 von 810, nutze Token GoRuwbAjz0gy3QxUaBcS4U6Tx56K26b9itVoMa3V. Statuscode 200
Durchlauf 476 von 810, nutze Token FvTtYKPQZBhsntlHSL89fInOV9LCn0P5OJkmppR3. Statuscode 200
Durchlauf 477 von 810, nutze Token DsjYp2auiEH221lamBVOPlf3UnqrYKc3DYEwNiv8. Statuscode 200
Durchlauf 478 von 810, nutze Token S7ec8yqUtNAHvKDtoPdCyCe8ztBTJG09rP566OPl. Statuscode 200
Durchlauf 479 von 810, nutze Token LdyDH3p4XPQRVQ4GVDihBCRjmVnR3scbBnl9DKb0. Statuscode 200
Durchlauf 480 von 810, nutze Token 8ZkLL1ZbglHgcaOGtP4Jc8UU80okhrkwsaJbCXt0. Statuscode 200
Durchlauf 481 von 810, nutze Token pd6cmwWHUVopkkyM35rwr9qOiI1J1ywPyR5P5DZW. Statuscode 200
Durchlauf 482 von 810, nutze Token hTbaRbrQSDLgsN4LCne9VtHif6Yz1ByuoSiGWOkg. Statuscode 200
Durchlauf 483 von 810, nutze Token gNtBzVSoN2Zuv1hHMZAVTIzODevheRugsq0Q6hqZ. Statuscode 200
Durchlauf 484 von 810, nutze Token SxGi5jVeomA38Td07obUj626CsazURDwQyst4xqk. Statuscode 200
Durchlauf 485 von 810, nutze Token w9OFKtT0Tdqtdw7IvEP2EIZf39wkQZXrBkbjACBD. Statuscode 200
Durchlauf 486 von 810, nutze Token SJX82FbpRpIBQOlLYYDwihx9AifY3o3mSQcbDN1o. Statuscode 200
Durchlauf 487 von 810, nutze Token goYUqaHrdrjZ3wHqzwE8zBLfwEZ49aVSjzDRD0au. Statuscode 200
Durchlauf 488 von 810, nutze Token f2rvWOBKq5KDKUPnRoCsnfJHjiWARC5I2maZ8IKU. Statuscode 200
Durchlauf 489 von 810, nutze Token PEenlQITJYPd16EhGFlxcWPMkHqor7clU2jMc9IT. Statuscode 200
Durchlauf 490 von 810, nutze Token KhMZcY2erEszfz3yYp0WLLLuL7K5G9GTr5DSoVBm. Statuscode 200
Durchlauf 491 von 810, nutze Token oNRAhAW72FDwwj1Isr1ThxW6ijWkW7mYdMtsZ89M. Statuscode 200
Durchlauf 492 von 810, nutze Token iCXVV6L5ul37wvqftNTz0bhiQ6SortgdgQkDc5fE. Statuscode 200
Durchlauf 493 von 810, nutze Token 7IT3juNjb5kchxD1qT6ByX2kGds5uoo5hVWgYyr2. Statuscode 200
Durchlauf 494 von 810, nutze Token Tq0Cg0vwMVAogVIew4jdUL5gL4ILOiTAqZY6v0M4. Statuscode 200
Durchlauf 495 von 810, nutze Token yTRY2nTUS4O19UBNtOEk3Q4gddyT41azOxv6uLGs. Statuscode 200
Durchlauf 496 von 810, nutze Token U4JBczLU3xejt2lSxtY3PjHSTluI6uzzqrZ5zkm7. Statuscode 200
Durchlauf 497 von 810, nutze Token TImApZ5Iucae882JllSaTNBd41jiVeuHmQLHcQza. Statuscode 200
Durchlauf 498 von 810, nutze Token wPI3ULuVnXGTi4f44wSkXLfp4Sp91uBa9yrUlxtF. Statuscode 200
Durchlauf 499 von 810, nutze Token FwqlbZPiXCBqKthMVaTCM6uywSCI4QjuG5Ajpzt1. Statuscode 200
Durchlauf 500 von 810, nutze Token R5ctMN1XPGCM7juXchz563tcn6UNYylpVBrEFC0E. Statuscode 200
Durchlauf 501 von 810, nutze Token EBWyyazG02F3m77kJ0AlP2dE1MZfInoxWPsswuBh. Statuscode 200
Durchlauf 502 von 810, nutze Token giZwmt5rXyVcyS7sDCPLhQwz6DbJO099fy0yIqsO. Statuscode 200
Durchlauf 503 von 810, nutze Token aMjtgvkOxpI0fysVdMJ1xXG74YLg5UWd300ovf4n. Statuscode 200
Durchlauf 504 von 810, nutze Token XFvWsmhAHJkZrXjWcbpkthM34IXGnmVMNaQ1k2r0. Statuscode 200
Durchlauf 505 von 810, nutze Token Rl4sK83Yt8mlDU62ingUb6BugO2CsJeH8WyEXhQW. Statuscode 200
Durchlauf 506 von 810, nutze Token XCBSEF3hX3k172AsrpJrLkTeU17XOi90t66Kyg4t. Statuscode 200
Durchlauf 507 von 810, nutze Token omOTn8UgdoW452Clu8ZHb7i6qLql3W95A6UHxPs6. Statuscode 200
Durchlauf 508 von 810, nutze Token dXSVg9SuItMw7OiOs9qrWmRA8dRlzvkzsvLQ2cTi. Statuscode 200
Durchlauf 509 von 810, nutze Token 1YIIRYhF7vx9ATGABDbKVIHDnoPmOI1bxwv6yuKt. Statuscode 200
Durchlauf 510 von 810, nutze Token krRImSKb1FEnHJroPU5NBHGpW1mWjcCKqvuWPN6O. Statuscode 200
Durchlauf 511 von 810, nutze Token QgCT8AMFyCVnrFpiBqAKJAGKBjKI7H3Ur1J8Epnd. Statuscode 200
Durchlauf 512 von 810, nutze Token HlEvQXxDeR6yaV4UQAMtdRZoqMYfLr852pbWx6Kt. Statuscode 200
Durchlauf 513 von 810, nutze Token 5WCHxsznvmDlT0tp9jANJCyBMf2UenD37FmKdJie. Statuscode 200
Durchlauf 514 von 810, nutze Token knAInKuLYkLcwtXDL6TEG7m0pkRiFBSMlGPoggpj. Statuscode 200
Durchlauf 515 von 810, nutze Token DqPvIp6o83VN5XdqRqGW3uGxnyjaVLcj6t4xHH7i. Statuscode 200
Durchlauf 516 von 810, nutze Token STiSLqtKHapLvKKEC2hrtSpSHM6w53DM1mXpi4Pr. Statuscode 200
Durchlauf 517 von 810, nutze Token BLukmUGdJpMgcS3zT8jI0PJRJozfvR3VOrM1WUo3. Statuscode 200
Durchlauf 518 von 810, nutze Token z2fPLvsz3WDkOwU0iOlVPuuccs7ctjGnJlGEwPqa. Statuscode 200
Durchlauf 519 von 810, nutze Token BlZ1YXRRYpl8L48oFGgdInFUJ5PmiMwnGK6h1u8R. Statuscode 200
Durchlauf 520 von 810, nutze Token 4X5f33JmpzuBDX3AuxyFGDTXcIB9mtXDJzgz9FLi. Statuscode 200
Durchlauf 521 von 810, nutze Token yYGTRmlCMCzpXuy9UdJW4OqmVIdBMUvCcMVQEzh3. Statuscode 200
Durchlauf 522 von 810, nutze Token x1p6Q1c9LWznIXguLL62bM08piPV7xU3vFuGMuOJ. Statuscode 200
Durchlauf 523 von 810, nutze Token Fec9PBER71Jd7LVwS94gTbtdn0SJfYN3FaNIhPVA. Statuscode 200
Durchlauf 524 von 810, nutze Token 3axx4lNOC7EMX7mt13VDNYYbIeFyalPUOAhCHWD2. Statuscode 200
Durchlauf 525 von 810, nutze Token pBi2Wc24BqLhzCtToeW6pmx3M0lUp3SYgvSvKPuK. Statuscode 200
Durchlauf 526 von 810, nutze Token GUgLtIiQAIKU0UoDxUx6pEVSkSaqelMyTqiDmKI8. Statuscode 200
Durchlauf 527 von 810, nutze Token XfgkVbVeZldyNAo9UhP6pWUyCpJztAvab2vWkC4R. Statuscode 200
Durchlauf 528 von 810, nutze Token qY4D2vkQ3YaWfSOm1Nb114RrfxPspMi1W4zFijBe. Statuscode 200
Durchlauf 529 von 810, nutze Token zaXo8kmEOAtKfA7CmJV1IgxfO3TJ4QTBqneqJ75m. Statuscode 200
Durchlauf 530 von 810, nutze Token qhJ95UOBMaj6Ml553b8FQgSTpp4Uir0gTxVz45rI. Statuscode 200
Durchlauf 531 von 810, nutze Token 8BXFXM5kCz1uNDV1RlwdFPiwed2Pt1QFxNheZl69. Statuscode 200
Durchlauf 532 von 810, nutze Token ncZ7Gdmk51j3G1ygk7jamHcVDc1eXjhbtWVtfwiT. Statuscode 200
Durchlauf 533 von 810, nutze Token QSOxz4CpptmpkjCFhzZbC5ig61bk9teIL90Uzc4f. Statuscode 200
Durchlauf 534 von 810, nutze Token tX4kM8cm3rtDNtz1AqKlfyleIhRPLlPMQ3b9yrB2. Statuscode 200
Durchlauf 535 von 810, nutze Token vMj10f8kEOzEB0cJg2bfgIPVYGSwYbrkRSm8ucF1. Statuscode 200
Durchlauf 536 von 810, nutze Token XGtAz0kAAUZBHUqV7trYuU3z1engYBsD2DzoQFGg. Statuscode 200
Durchlauf 537 von 810, nutze Token OsHKgQ1JkA6B0JcOPdio9WJFGa9qK4X51WZEd6uk. Statuscode 200
Durchlauf 538 von 810, nutze Token L7dB6ZhYEul13wTGL8biHHJn1uYfRzlpxy9a304U. Statuscode 200
Durchlauf 539 von 810, nutze Token 2Gp0ah9kQjrdECzR4oU9ejRdMZSdrcXa8X7NMCFk. Statuscode 200
Durchlauf 540 von 810, nutze Token 5LNhyvyuJIaJaTx6QvtlDevsB8WLxsr8L1wNmvsl. Statuscode 200
Durchlauf 541 von 810, nutze Token hN132qhsRpYpqeHn2B9R30PSF1FTZTNXwiJ6oFP6. Statuscode 200
Durchlauf 542 von 810, nutze Token sI5EKJsBSIeawHx51NFiIgsMLUun1cOqRlmkUEba. Statuscode 200
Durchlauf 543 von 810, nutze Token TgNeYhC0eG5aD4dAJsp8s9cg3rY7ApCPnn4LQayy. Statuscode 200
Durchlauf 544 von 810, nutze Token 9pMulMF1D7YSRX13TEut7JI6R81rpHBNdZQWyBeb. Statuscode 200
Durchlauf 545 von 810, nutze Token B2EYMNNeDDjdIUbGtQdt94sSy77DTBa1MgNlQnoX. Statuscode 200
Durchlauf 546 von 810, nutze Token R2rLJnl3vyrRUJ1que2CXDcyorGBgtpUnnXk0GoB. Statuscode 200
Durchlauf 547 von 810, nutze Token je2ST8ndI8NL7I7MJYwl1DApo60NpSRA6Qauy6TO. Statuscode 200
Durchlauf 548 von 810, nutze Token TdflScrwsBwhtplLCfuPy4WlYSz3jr2KgLoDZm01. Statuscode 200
Durchlauf 549 von 810, nutze Token 5N4fyQcWeNN83qCDW4MRgCjDbWopHlaOMo8g6eF6. Statuscode 200
Durchlauf 550 von 810, nutze Token x3MzLo2C1pFdk3lqy10VLb0NbWH6rR1fY6PwEcuw. Statuscode 200
Durchlauf 551 von 810, nutze Token QUeMBiW4Odpx4TWIUawR1Wnc19ei57MOAxiYHPmC. Statuscode 200
Durchlauf 552 von 810, nutze Token qHQg8vGT3ogZsZd9PELB3sdmt7l0zxUlEbfIOj1U. Statuscode 200
Durchlauf 553 von 810, nutze Token ke83BV51t7YcYaZONu3rZP36eIc5jKoxfJLUZBUf. Statuscode 200
Durchlauf 554 von 810, nutze Token FAHYrdIilp9UtC5rul1LW34inLQiilQ8U5tM38M3. Statuscode 200
Durchlauf 555 von 810, nutze Token 4mZpP5LY5cWLY1fvoviMkZTY1SIEGvEplzG57XCC. Statuscode 200
Durchlauf 556 von 810, nutze Token SkrbfDsTXm3J72h8M8DBlX9mCs6IAp93enSvKGDb. Statuscode 200
Durchlauf 557 von 810, nutze Token N1G2ubzHVpo5rd61YpR8k0BRikG0JLLx7qHre8ef. Statuscode 200
Durchlauf 558 von 810, nutze Token WB5Kon4DnFIfUYpZI7RFYpelvcT8UYTLt07DRfTI. Statuscode 200
Durchlauf 559 von 810, nutze Token 1nxqqtWpxccAVv9hLOLKuZMoszXdpcgWl6mo60rC. Statuscode 200
Durchlauf 560 von 810, nutze Token Tg0vY5dZFiPr8KmVu5MtA02kDYYIQmE4uLQIWZUY. Statuscode 200
Durchlauf 561 von 810, nutze Token pO5EjSGiFn2eIq10r2NmuAvmDsQehRdRB8tAqM9o. Statuscode 200
Durchlauf 562 von 810, nutze Token PUjKHaMvky2YWGH3iLNrDA3sQ9XL9UPBCrUDFFzg. Statuscode 200
Durchlauf 563 von 810, nutze Token qx0RR08xqZA3sLicFQxRkUmFD3BWd9nXjaMug9Rx. Statuscode 200
Durchlauf 564 von 810, nutze Token 85qlf4HDahbXXkazO2oSgqMDCwUL8Q5qa3a0yUFm. Statuscode 200
Durchlauf 565 von 810, nutze Token dhk3dSw3mBqYndxLrg9kFLdqZU7XJlYwN64qECPf. Statuscode 200
Durchlauf 566 von 810, nutze Token KVVN8nrjH7TVHYI3LdtLkPmKNMyL0MPfoSr5Wwma. Statuscode 200
Durchlauf 567 von 810, nutze Token meS2rpS0AM6BRKeFjMR3rOr3BcmG3blVYxK2Y9SP. Statuscode 200
Durchlauf 568 von 810, nutze Token kJVbqFfkNnYhprURRJhfBfCD4Micj68DPiPkvhXi. Statuscode 200
Durchlauf 569 von 810, nutze Token eVzTrfEfQWEimQmveMK67TdkmJIKrukbGjsU0ko3. Statuscode 200
Durchlauf 570 von 810, nutze Token atGEHA31iiKHt8H1yzuAMGBip8WN4QzJTnLGv7Jn. Statuscode 200
Durchlauf 571 von 810, nutze Token vo9oHcBRvNz6FbDCKgJGLlf5AZVUDWO7c4ls4Sot. Statuscode 200
Durchlauf 572 von 810, nutze Token iRyKbslPguIfKK5QAYPon1KEMiHvdp6grOdIrun3. Statuscode 200
Durchlauf 573 von 810, nutze Token 57zjuhqJvlScTFgJSv3tHoC4OmanUsgIbHFENjxr. Statuscode 200
Durchlauf 574 von 810, nutze Token SZhvoywRvyRRr8FxfI0a8kojoyWZWJbxeBvSLD6H. Statuscode 200
Durchlauf 575 von 810, nutze Token aui2dOSvoeCKd0eRwNl2gscny5CBdbDJ5iI2YlbX. Statuscode 200
Durchlauf 576 von 810, nutze Token vVyixBohvQOBZoAbAoqkS7uCQNwGb4hiD1eYAtyr. Statuscode 200
Durchlauf 577 von 810, nutze Token HKA0968vlagaeZRe3YeU9HdHyJFLRHY0JPo1LBS3. Statuscode 200
Durchlauf 578 von 810, nutze Token Glf8zv1varNVklLKXaoLkf2vPBdm2se6mwAA0A0W. Statuscode 200
Durchlauf 579 von 810, nutze Token mHWRl7iv6Q6FXfWGw1MCV4yIF40n5JMYB6LcEzvo. Statuscode 200
Durchlauf 580 von 810, nutze Token bwNJ0b9UYD56bvYUUiElGyZ7bSjhPzuBOf55Xdd6. Statuscode 200
Durchlauf 581 von 810, nutze Token BUnnGj6MBaxBy1VvyhMC3TNtrNSAi7XkFrehZBeQ. Statuscode 200
Durchlauf 582 von 810, nutze Token SQLQjd12R3dJkzptU6uj7CTz58TPmsJpUdxXREsr. Statuscode 200
Durchlauf 583 von 810, nutze Token bmJS0uI7AGX84eYnQlsJCSYNjh9FHztt4DeyYcJi. Statuscode 200
Durchlauf 584 von 810, nutze Token ecWCRz2cNDWqq4HCvDtwmwUH9yQSkpF3LEBEK7A9. Statuscode 200
Durchlauf 585 von 810, nutze Token BZiIN9bhMsIjEqm6pdm6ub1PxDXJeFKraFUMnORx. Statuscode 200
Durchlauf 586 von 810, nutze Token Do2ajsHnJqSX3OTbDUENAd3U0KwEiCodlomDCAJT. Statuscode 200
Durchlauf 587 von 810, nutze Token kkTBCyqkvdbPS1YHoesdnBBTdowRmZC3M4kvGRTX. Statuscode 200
Durchlauf 588 von 810, nutze Token AG6tHpWOEFFnedngNdNgHd6PhQQ6B8hyQcZEZnNz. Statuscode 200
Durchlauf 589 von 810, nutze Token hh9bYkZI0ZHnTcGriNYHYv6t2ba07tkUwhOi84N2. Statuscode 200
Durchlauf 590 von 810, nutze Token XLPpUCeQKZ2I3Zy1OBUNsKYXremq9FTgI1uSgy8A. Statuscode 200
Durchlauf 591 von 810, nutze Token GSrxMtr5USL1v4861oBbibpTpAdOSac2JXvr9Ii3. Statuscode 200
Durchlauf 592 von 810, nutze Token lT3ttw5kbTdNdIZ0OvOqwvgHpIBEpjUQxfipXLDT. Statuscode 200
Durchlauf 593 von 810, nutze Token JMcvXM04QjsxWQNw8NNePOcMm3G1KkjSzC1rVYQc. Statuscode 200
Durchlauf 594 von 810, nutze Token pBWkxpp5Q1PzGeLxWsFGuZ7psz9BaK1lM0FOUrx9. Statuscode 200
Durchlauf 595 von 810, nutze Token cKMwVv1SIcjTOKPaOEVFojuiKhpae30HEfiFgrMl. Statuscode 200
Durchlauf 596 von 810, nutze Token fNimIYzvuNRDRVecAP7IqvkHyVWv3FGxzYHFedYt. Statuscode 200
Durchlauf 597 von 810, nutze Token NX3pGZ24ZSBUl8GgG2jSYIflgfGeIFqHnl1fGjQa. Statuscode 200
Durchlauf 598 von 810, nutze Token i40cr5w2ghmUfQd4OmZv4PbEKvbDHnSWkcaoA0k2. Statuscode 200
Durchlauf 599 von 810, nutze Token 4CvEfSGmqht0YYThIgvk2034wRYzzduvmmk7UHuU. Statuscode 200
Durchlauf 600 von 810, nutze Token ky6AHLdDyLI3HDcue5F5vzaIq6exXpEwCJ6u0rOd. Statuscode 200
Durchlauf 601 von 810, nutze Token 0r1bE0b453pAP0DvEAIqePsah2JgWLXqTsGqqMiz. Statuscode 200
Durchlauf 602 von 810, nutze Token 4rF8cmaV4tYg5tp8b6fRjghk94O4qNUuyinxnFPX. Statuscode 200
Durchlauf 603 von 810, nutze Token BJH38u3FcKeqMz3NZPTb0kA6ayZL3C1NddsiDyQi. Statuscode 200
Durchlauf 604 von 810, nutze Token gpEiUYgstryIozoT5cU4RJXPaXghOiSrnkFqWx3o. Statuscode 200
Durchlauf 605 von 810, nutze Token 1NL77EykWaOWZJN4w85Z0GZJuKZdObe4ocV4RXkD. Statuscode 200
Durchlauf 606 von 810, nutze Token yoTR9QRrBoELhbPmIQcRc5VorzHYX4e7OHLPLr89. Statuscode 200
Durchlauf 607 von 810, nutze Token D6QkukovUfpGZeZLw113eQHUBs32wNioLSoZHjGf. Statuscode 200
Durchlauf 608 von 810, nutze Token haafaBWh7CcMOkMe4uZItqwW2rlafxBcu0Dpj1s0. Statuscode 200
Durchlauf 609 von 810, nutze Token AZxin4GVu9CA4IOxoAW4Yti2LjVE4uwnzmZrNhL1. Statuscode 200
Durchlauf 610 von 810, nutze Token buSkiXDa8W12soDUWgSWROYD6jlZY55Pb9dNyLqm. Statuscode 200
Durchlauf 611 von 810, nutze Token cxQFfm8wWc4eUzpl4GNsxODI01x1HR6IBYKHEFg2. Statuscode 200
Durchlauf 612 von 810, nutze Token PS1Wew3WhwUVrYNFxDM5geiFohR2WMn6yboJmAX8. Statuscode 200
Durchlauf 613 von 810, nutze Token acT1TtalpYW4gH9aaXkq8dSzZGArovU4jHB5rCsd. Statuscode 200
Durchlauf 614 von 810, nutze Token LWUIvgahVctMVuOlFhhfgtnUpXN9qzveeB1utduq. Statuscode 200
Durchlauf 615 von 810, nutze Token c1d1KGkMTsfoZ3mn2Liid3f7efCeW34xqucnHGRQ. Statuscode 200
Durchlauf 616 von 810, nutze Token YUnCCt161lGpIh2cMhPQtYJSrcDTuFoE2mnxA2a8. Statuscode 200
Durchlauf 617 von 810, nutze Token paT0ms1x5jsB2MVxP4niGHpOiRD8x8TjSoaDGBzV. Statuscode 200
Durchlauf 618 von 810, nutze Token OgbA6AdR3DERTo6fGZJz5CLQWTjAb43xxciUbXWU. Statuscode 200
Durchlauf 619 von 810, nutze Token 57Ubv1cnB5XXi28oknJQWIZf7AIXKMvuUKtNiO2c. Statuscode 200
Durchlauf 620 von 810, nutze Token SGWNLetpSxLtqpD5vLHXM0SjH4enfr6SHAwTWWEf. Statuscode 200
Durchlauf 621 von 810, nutze Token CUxCRysL3MKTIs5BgGEFnxBJeus6nSXqDrOtIeJW. Statuscode 200
Durchlauf 622 von 810, nutze Token KSqJFMGOg1u5UU9epuPLs6PKzZmUEauxyNCfl6gS. Statuscode 200
Durchlauf 623 von 810, nutze Token LGw5Z1wVVl4uAdNg0gThzeySoVdUZvpfHa0Z77Vz. Statuscode 200
Durchlauf 624 von 810, nutze Token z2atBLa2p6WJzsHcp91xy0vFcqiNfJAtXJIXCe41. Statuscode 200
Durchlauf 625 von 810, nutze Token PAHyi6AmWsB06swly6JBWGaiWtizeOg8g7rSefA8. Statuscode 200
Durchlauf 626 von 810, nutze Token 9tV1IYZkqUOcBWLnpbLU2sSdC1CnZa7KZzUPYAw3. Statuscode 200
Durchlauf 627 von 810, nutze Token FZHC458f5EDYdlfF5yyQ74KQHpy1bSwtungCD1sW. Statuscode 200
Durchlauf 628 von 810, nutze Token HeIUrKUUVuCdHX9x8xvkh2rkzI7eEtcN7l7THCPA. Statuscode 200
Durchlauf 629 von 810, nutze Token vV0Bmr1wbL9XTtLCDRr1sDHccEmhdASiL4P6Gs75. Statuscode 200
Durchlauf 630 von 810, nutze Token 4Oui3LDBlzpTWx7Q3Tqfy6aARnWtvTCuAPlXuFT6. Statuscode 200
Durchlauf 631 von 810, nutze Token HfajIuQa6Y1t0cX0Er47SKcsqiE5JDJFiLK3zFJN. Statuscode 200
Durchlauf 632 von 810, nutze Token jcfqXMKggpjcYDRqkRIxZpiyr1u0tQMHL6ILk4XH. Statuscode 200
Durchlauf 633 von 810, nutze Token Okv7nMVejRKP2kI8MrZ9h8kotnFGtbul0p17YHKs. Statuscode 200
Durchlauf 634 von 810, nutze Token 3suDbVAT16qcEGFkGxN49VbmFFx4xerHCJC0cKky. Statuscode 200
Durchlauf 635 von 810, nutze Token Yfg8YzeoUTgH4kLkgmcq1cJkYuUMWlHwWLnV4CI5. Statuscode 200
Durchlauf 636 von 810, nutze Token GPX9hlKMAaXDT995iKragufgMGQtJb9LRzRUNf1R. Statuscode 200
Durchlauf 637 von 810, nutze Token uhHfjo3ZOsyUs7ZOk3CYqUJvfjC97G6KvZys7dtp. Statuscode 200
Durchlauf 638 von 810, nutze Token S7hgCu8yfvpnnaxvwqFgOpQw9RniN2CfLmx9VGvy. Statuscode 200
Durchlauf 639 von 810, nutze Token QhSaNgzPNJR6ndVqFvGDeQtwEC7xevauHrNuzZb6. Statuscode 200
Durchlauf 640 von 810, nutze Token cRjExCrx3U8RRcIHYnm4Fdhbq9Q36GqUrUTK8wYI. Statuscode 200
Durchlauf 641 von 810, nutze Token fPf0FvMBra0mcInGId1ex9waNMyQ24BadmCTEpeU. Statuscode 200
Durchlauf 642 von 810, nutze Token 8zuxYDIcFJnTZKSHoblyxiO0TOdDSdapWIdsqtyw. Statuscode 200
Durchlauf 643 von 810, nutze Token Uacgl9XjE00moEEiubmCGftU9quVWnjmkk4R8CgW. Statuscode 200
Durchlauf 644 von 810, nutze Token 2Lr2Qy4eqsSYtQGNakC7PfALMQXEjFGjnpdVCBBI. Statuscode 200
Durchlauf 645 von 810, nutze Token oqk9Z5Jpe9CUljGnVsA4SeuIixtJWdswqv8z0Inl. Statuscode 200
Durchlauf 646 von 810, nutze Token IlpeJDOdryBXs3r1q8FwQ128FYa1iSJnLhwQa9Qo. Statuscode 200
Durchlauf 647 von 810, nutze Token fk2Z2ldChr5adXMG5Em38vyn9tGSwZe6lX8KCQlC. Statuscode 200
Durchlauf 648 von 810, nutze Token laHqffT5tEUgcrTS767NHbUwsnS76KAa5yFU2xZx. Statuscode 200
Durchlauf 649 von 810, nutze Token VT5j4vpj6abXPLCLxdQAeUvBhspQlhMZH2oEFJcs. Statuscode 200
Durchlauf 650 von 810, nutze Token JFycInK9PpFMcJFSqUdeUXKvW3LyB5UB3ho9xdNN. Statuscode 200
Durchlauf 651 von 810, nutze Token 1htHBd8TfKcKT2D5RSUSZ1Cm0WjUwPGtfGaD3yCj. Statuscode 200
Durchlauf 652 von 810, nutze Token 54eXIbs9gd8aiQeSnkPYKcYhqmAzqiOghamvSBK0. Statuscode 200
Durchlauf 653 von 810, nutze Token JLK6yQbi7HkQQssGnvnZ2z7dnLYstR0YpEaOyhoE. Statuscode 200
Durchlauf 654 von 810, nutze Token Yk7zFEvdvGUr46kFlrDb4CR5jwN7fhdHyKdQNZBy. Statuscode 200
Durchlauf 655 von 810, nutze Token yjqMHWZwC9xXsg7wGLK7UWD9e4OokrzFLjh8ZhQT. Statuscode 200
Durchlauf 656 von 810, nutze Token xggWlzVQwbUjRjBWElCdksxNN3Vbdzkey93TW1Ud. Statuscode 200
Durchlauf 657 von 810, nutze Token 25UA9UgM5OI7jDRpt3IvlWxL2TcjOMHxl3VTNMyt. Statuscode 200
Durchlauf 658 von 810, nutze Token 5WfAvZGamCy9ziFmFA7MnPIf0PZjKY6AURRHFivC. Statuscode 200
Durchlauf 659 von 810, nutze Token oSPrPoXP3kj7CDEv2McN7tPLCMltpv5anJYThI0X. Statuscode 200
Durchlauf 660 von 810, nutze Token k5cIdCzc3VeatJjA5fsSoSSdR6GJ6ao38wkoXIju. Statuscode 200
Durchlauf 661 von 810, nutze Token qdscpdi7A8BoQcGz2WBTOrrfZ9i64Qi8o9EF1i22. Statuscode 200
Durchlauf 662 von 810, nutze Token pzDyl2sJg1afS1LrNLFuNASu4Zk5L6c4cK3u5Kch. Statuscode 200
Durchlauf 663 von 810, nutze Token qXIktkOHcKq7elzT0sCjyBGma2j7AJZg6YBVbG5F. Statuscode 200
Durchlauf 664 von 810, nutze Token 66cswhkMkKe60GW2bQXmo6jbHm4ntDpxrfapILdM. Statuscode 200
Durchlauf 665 von 810, nutze Token UPtXgYZUOd9dFuFK7kb9YyCEMGiwHk2edm10IWwH. Statuscode 200
Durchlauf 666 von 810, nutze Token XYoq1US8HK71NiHG1NQ6iianXK5aXlzZy2yfjhzk. Statuscode 200
Durchlauf 667 von 810, nutze Token MruYGeDOsPbOQbZSPnLW2ZNpjustust9kHg4jSEr. Statuscode 200
Durchlauf 668 von 810, nutze Token BW2C3T6dLjEjypaqVohJ8ZQ6GyIS9T4DK3o9sxq1. Statuscode 200
Durchlauf 669 von 810, nutze Token Vts0PORE4a5hM4HxPTasaeap3HnpZSOSQGZd1J6S. Statuscode 200
Durchlauf 670 von 810, nutze Token fHSwAbFJJ7r2PXsiSXiHNnCn6o1NLo9493KNL5fp. Statuscode 200
Durchlauf 671 von 810, nutze Token mqWy5PEAd20tXdDjOJT25OSwW9KjGSlaBLS0KVpI. Statuscode 200
Durchlauf 672 von 810, nutze Token 1aBiXQatOvuD0ujJl32hVeJizJQlZxBJdvawGE9h. Statuscode 200
Durchlauf 673 von 810, nutze Token QSKN5PmX4rx7FP7uyTvsidARKb9Hw51AMvSLngqL. Statuscode 200
Durchlauf 674 von 810, nutze Token eJmP2iI93VIPH2yddFbP4zEZv34BawTMkyUSLhPa. Statuscode 200
Durchlauf 675 von 810, nutze Token QrDhw8vzb1Af6szyVQYDvue3oZSCeB1pNZiVPUEF. Statuscode 200
Durchlauf 676 von 810, nutze Token EmY7Lbev57CgfFyAy5CCizq1kzwRECg8LJME6hNc. Statuscode 200
Durchlauf 677 von 810, nutze Token zaWfcAeEc9vyhRikaISnIqBqRHOiyDIPQB1oAMD7. Statuscode 200
Durchlauf 678 von 810, nutze Token PU5n697qGyFVwrrRs0IKfjjoMcetrbT70iNMWNwg. Statuscode 200
Durchlauf 679 von 810, nutze Token cQamcUjZQpfuSnVfr01lO8xzbRS1eSAQiL5JXMmC. Statuscode 200
Durchlauf 680 von 810, nutze Token GCoNRoUHxrhY7NbFREFD9AtkJnkb8cLXPGzJJN5N. Statuscode 200
Durchlauf 681 von 810, nutze Token GRD4TPAUA3LCcALHFhjj4TM0MCMAYa28ZskIG3nT. Statuscode 200
Durchlauf 682 von 810, nutze Token bWBdpb2Y0evWWkigKhVOwITg3JFZVI8sfdfBNIEr. Statuscode 200
Durchlauf 683 von 810, nutze Token IO7Hw7KXQodDaRbG721VTDMbzNYnqpudkyQN47bQ. Statuscode 200
Durchlauf 684 von 810, nutze Token 0G99J9wif6uleeh3rwQd57YGXihNkiKM1EA95ADF. Statuscode 200
Durchlauf 685 von 810, nutze Token gtELmWINJnlnp1CmfR9l30w1TmfFdC72hRgAm6pb. Statuscode 200
Durchlauf 686 von 810, nutze Token MIjurMf0i57rRSEPvL3xQOhbRKUiMnGOSE4LMvXx. Statuscode 200
Durchlauf 687 von 810, nutze Token LFR0sewiGmkO2l2ztPpBSb6BMDMiHPqRDlDEeuSK. Statuscode 200
Durchlauf 688 von 810, nutze Token Tk8dAdQWjYljBGvVlzkoCmttm73YY1gKPrP5DDjU. Statuscode 200
Durchlauf 689 von 810, nutze Token er40E92aa1QVLevSJA5C2MrehZXsHnMS98LkUdxm. Statuscode 200
Durchlauf 690 von 810, nutze Token TWx3RGxNJopV09uaKHxmXn8Z15Smbely7VLO5Zu4. Statuscode 200
Durchlauf 691 von 810, nutze Token LuxiVwE0X4MEa4YvWAkc2VNxuUjhnnXNZ2zwbOCs. Statuscode 200
Durchlauf 692 von 810, nutze Token kPRncmot90ZpnvbAS8zN9SXP9gqE92l5F5V8Kqj6. Statuscode 200
Durchlauf 693 von 810, nutze Token dxZ4bf4S6chu8ZviPUaQJEzCFNnH5VQTKniu6EgY. Statuscode 200
Durchlauf 694 von 810, nutze Token yAPWed9dOlJynrWYn81hRUWWkZgkdl0cMQ5GFRn2. Statuscode 200
Durchlauf 695 von 810, nutze Token 2qDbuzYuaucofnUpp4UgmzVnsKQlw9OY2uxnNwYJ. Statuscode 200
Durchlauf 696 von 810, nutze Token nenZCluQPfpTPXWKxHtYAumDwsTw0sBMFjhLgzUs. Statuscode 200
Durchlauf 697 von 810, nutze Token yfpm9qTttGvRQuIcjD6Yvy4YxxX8zWIilEA3tuKG. Statuscode 200
Durchlauf 698 von 810, nutze Token joBBp2mcTLbHgIm3wLwtBOjF4FkZIrkUsW3Y9Ah0. Statuscode 200
Durchlauf 699 von 810, nutze Token Rys5daVmdPhS9OmSuInw7IRXNo5Pj0UCZPp6WiEX. Statuscode 200
Durchlauf 700 von 810, nutze Token XfnHdSVqCrkqfKYNbwDLJX3d2oHdIylKGL498LH8. Statuscode 200
Durchlauf 701 von 810, nutze Token CEFIyLhaSOXdp6WjfKKA0RFedfMR8eP3iIZWcgxj. Statuscode 200
Durchlauf 702 von 810, nutze Token xX3OywNnekuyuPzkpmUCCDkfL2dcC1IldHbftnoO. Statuscode 200
Durchlauf 703 von 810, nutze Token sgs2b1nM6Z7QxDhD9LlQYwggIQheZZrsVxOONyie. Statuscode 200
Durchlauf 704 von 810, nutze Token Xt2LSjCtD3miGZSBK9k1dQbu5rvo7tzSVpZ8cwst. Statuscode 200
Durchlauf 705 von 810, nutze Token FVwwz3FgsKGEHFIjjR0qyGY40AEYbkTk3DB8lpBt. Statuscode 200
Durchlauf 706 von 810, nutze Token r21cqX7UjQenOAvJlHlhxLY4RD3PlNyahzct9L55. Statuscode 200
Durchlauf 707 von 810, nutze Token 1xmzqyctAdt1BEKUeK8gpwUFG3j2YksHymZPdqVO. Statuscode 200
Durchlauf 708 von 810, nutze Token pkKZIwIzzTenrDeELrNPIWpNPT8Mbh9HqUcXfqyH. Statuscode 200
Durchlauf 709 von 810, nutze Token pdevsnVTQ7rArlKn9S6BWHuTyEmMj4OO16SMOnzJ. Statuscode 200
Durchlauf 710 von 810, nutze Token PsFO51RyWoea3xby1I3lrkDOzhJLdzgJOOxwwAE6. Statuscode 200
Durchlauf 711 von 810, nutze Token wq1uG1F57Hli4GvugcJDHpQDC3UOSbBaEpQo3bKM. Statuscode 200
Durchlauf 712 von 810, nutze Token Jy3LCz4noLqN3mUvhMWjhhQNPy97ypvXhwD9SfFa. Statuscode 200
Durchlauf 713 von 810, nutze Token Qp0UTe28QXFiJCw5EuEVjX6WnHxM4vyJjxhrLSvw. Statuscode 200
Durchlauf 714 von 810, nutze Token J3P7JT2EQPamwGLPq2CsYpaqNJ3co61oaTlugsWP. Statuscode 200
Durchlauf 715 von 810, nutze Token MibhUvvhMH3Odel5yxDSz0QXGJpblHehXWUHeOM4. Statuscode 200
Durchlauf 716 von 810, nutze Token UVEOc3V4Tjo56ysAq1TVe8Kwh6ppwCK95l9ZtD4o. Statuscode 200
Durchlauf 717 von 810, nutze Token JIXIUe9MLBlOAjZSjMSSoGz9JDLhhIZVhZAqNQat. Statuscode 200
Durchlauf 718 von 810, nutze Token 4Svlj5JMzNdxZuj2JuBnkFXOQ32Cm6gjGAIyzKFq. Statuscode 200
Durchlauf 719 von 810, nutze Token WpmZ3BUwWyjP5SUSC9xKCW7DKPZ1hG8fHxXDOXud. Statuscode 200
Durchlauf 720 von 810, nutze Token kBLXZyHOvxhqXeKLcG9lwFSGn39B3mtCcnDjmNGC. Statuscode 200
Durchlauf 721 von 810, nutze Token VwlXsc1bm6ziSLRCMg6AnkVMzSaDg6lWbjtQ8erI. Statuscode 200
Durchlauf 722 von 810, nutze Token GHNJ7EiBKvh7MWMQ6aiMoBImaUlTCzAAJRMHwWen. Statuscode 200
Durchlauf 723 von 810, nutze Token CG4exiDYJ38AQTMn2rIQ0AhhF9MvggT7PBL6MUJ6. Statuscode 200
Durchlauf 724 von 810, nutze Token jrlNRotk14RDvHFAmoPNGGeperqDHLZq1AwMOBGr. Statuscode 200
Durchlauf 725 von 810, nutze Token 8TsCdKb4K26WuUVA0HYGQLJPHQ7kbyX0GmyoNQBQ. Statuscode 200
Durchlauf 726 von 810, nutze Token s6RyJWh1xSFrz0viSKn1PpDlDQXPrilUl3p0OZni. Statuscode 200
Durchlauf 727 von 810, nutze Token iHOVEy6kABh0KjAqFcjVPMv5YdZxZFY7Io4MANwr. Statuscode 200
Durchlauf 728 von 810, nutze Token lBxjWciP1IFDxS6gumCkzeqdHh5ZeZxWiQ1VwTEy. Statuscode 200
Durchlauf 729 von 810, nutze Token 1NfmmLZjJHyHWxru3R8NaOlzqs6VK0OI5rqnCG4Y. Statuscode 200
Durchlauf 730 von 810, nutze Token yG2GE11EjgOWrPLMqp2YzkYffTWWBg1zXJhAc1ra. Statuscode 200
Durchlauf 731 von 810, nutze Token BoqVlRzuly23fNNW5CzrVgB5OIcxxzZRFrnV2YSj. Statuscode 200
Durchlauf 732 von 810, nutze Token PiobNfA1R3yhDEcKPfiXQUYkIVP88sy7V82ykHnW. Statuscode 200
Durchlauf 733 von 810, nutze Token pV0Pb64gcT7WUyNiUOrw4G6m501MozlXJ0AURFe5. Statuscode 200
Durchlauf 734 von 810, nutze Token sLqR3Spv3HXhq54LDY0kcwyMvPejhnkRghoCXMbW. Statuscode 200
Durchlauf 735 von 810, nutze Token QnluR5r7tO1jWRLlUUlEUJ55fSWdPA3tPQDe4ntw. Statuscode 200
Durchlauf 736 von 810, nutze Token lNXll7KfAC4ri0gRRNte85A74lkUcnjjBPyQBGG8. Statuscode 200
Durchlauf 737 von 810, nutze Token ozkcFDyzKsa9rZoBngmDG2uKH4oyttvNB6hER5Th. Statuscode 200
Durchlauf 738 von 810, nutze Token FXHHDBG4ESA1mNWh3jpGOucwzTgppNal29OYGBXF. Statuscode 200
Durchlauf 739 von 810, nutze Token Y8XqkSJjEgiNUKRkiX3NIxGe4zltuxv2Bbt5a9D8. Statuscode 200
Durchlauf 740 von 810, nutze Token 9jqogtlZIbbIwmnSbExuHeeIR459qhkzPuscMeDJ. Statuscode 200
Durchlauf 741 von 810, nutze Token TUAKbTx8KxBPQl0D1Cj271B8x9HBQEl34DkifH6w. Statuscode 200
Durchlauf 742 von 810, nutze Token zwBulUJqwuhNpz1BHdxVs25nmuaYwjsCAX1ejkk2. Statuscode 200
Durchlauf 743 von 810, nutze Token eHnS3EsSsw6dIJOcD0EtkGLfHS1O0VuNMucM37MQ. Statuscode 200
Durchlauf 744 von 810, nutze Token DFnbKYa2J43DQUk9rsPWqqen8Toeb8qWfCngvC7w. Statuscode 200
Durchlauf 745 von 810, nutze Token 0h2jEZhAi3rl4UdH5fTe8v2pOdbEuDt5YctijFku. Statuscode 200
Durchlauf 746 von 810, nutze Token pPuZFqRgOzYGQz5PfkHFLZRnoOA9qjr1cLKW5NEq. Statuscode 200
Durchlauf 747 von 810, nutze Token 4GpOmNCLkilym6CPDu9Yj9AYE7TFfLPe7hpIl7Bv. Statuscode 200
Durchlauf 748 von 810, nutze Token MNeHiIIn5A4GNo6fWSl2o6JjjjTsIDofL5uCEH1N. Statuscode 200
Durchlauf 749 von 810, nutze Token IjYsQY9x8nItK5LsAsXhPlynemsVP1r8oVaKrmOb. Statuscode 200
Durchlauf 750 von 810, nutze Token b5N4GfiyZ6l0iA47bbfGtmsy3i3N2dYpExoPH6Qg. Statuscode 200
Durchlauf 751 von 810, nutze Token PzJLuVqfYCam2qKjHX2k94yhQ9BAT6XRpeVu5RE2. Statuscode 200
Durchlauf 752 von 810, nutze Token vh0D7UeItv3bK2ul4aciTfyAbplNfUgxbHjGJU6C. Statuscode 200
Durchlauf 753 von 810, nutze Token rhvDyL909LN7zgz3m6PqQhBfHYavz2AoE3PplIea. Statuscode 200
Durchlauf 754 von 810, nutze Token LYowMahNFTaiU7C1kF7Aj4Tm7YXfYAh2lOojoZTS. Statuscode 200
Durchlauf 755 von 810, nutze Token Qcqkn3gJTyKK9n3cDb7T8vb11AU4MiPzi3oAwpSB. Statuscode 200
Durchlauf 756 von 810, nutze Token fxdpKB6gnvSg2xxzqB1bvykOMQSG0NZBLF5FYMT2. Statuscode 200
Durchlauf 757 von 810, nutze Token 1Lxtp2D1gBgeb0g2o1iZ8CTaBaM1AxgwhCPvorlb. Statuscode 200
Durchlauf 758 von 810, nutze Token BxNduAyJIsYeLBdTBrXncupVZoppF64UgpXQMvCD. Statuscode 200
Durchlauf 759 von 810, nutze Token eRhdn4ylOJenFNgvvQGUJTehMaiHZmIgcOsFmApr. Statuscode 200
Durchlauf 760 von 810, nutze Token y7neDxgdHztnVMBKy6IuYTgUFGliUY2P5j8loRN6. Statuscode 200
Durchlauf 761 von 810, nutze Token RPGTmqQnvpz4OLHWm8EjRcg5qV4WSOQ9HZbzaord. Statuscode 200
Durchlauf 762 von 810, nutze Token iI7nF9h31nvfU3NgFU7qCpd9lRVw2JfTXw63Pp4D. Statuscode 200
Durchlauf 763 von 810, nutze Token CIvR6x3d9EgEShQgB1rrOVQRchco2FH2OSAkvGLp. Statuscode 200
Durchlauf 764 von 810, nutze Token BydRB49ZGyermS792LvMkYvsrufJ2FCDfZLnLIQT. Statuscode 200
Durchlauf 765 von 810, nutze Token TcRBKiTNwE4S1bl6x8uQlCtZ5dXLqmgjpdIlOzXn. Statuscode 200
Durchlauf 766 von 810, nutze Token PDbhB8ZW8S5tAx3y20cH4ED9xWKL8Muyqt2uDv2g. Statuscode 200
Durchlauf 767 von 810, nutze Token tdnlshjXpsLnFHkXoxpLMDdei6aLVckEEQ34j64r. Statuscode 200
Durchlauf 768 von 810, nutze Token kt0mQS28heFFmJHCqsMTHHrH6gfcAUq8LWZBHAsb. Statuscode 200
Durchlauf 769 von 810, nutze Token X3R8E9OUFMp4nNXk8ZYVC4TmNNx4BJhHXgOHSRV3. Statuscode 200
Durchlauf 770 von 810, nutze Token BrOV2y2TSXRfGhHAL1R8qKfF9ZdxwhfRxbsCNXw7. Statuscode 200
Durchlauf 771 von 810, nutze Token 9nyHxPuQemNoyCmznlI0TRAHeJR0o7IkokEFtoeq. Statuscode 200
Durchlauf 772 von 810, nutze Token Nj1OuykfxHYR8QC9slI3s9yBt7VK3jjaxBs2bc4h. Statuscode 200
Durchlauf 773 von 810, nutze Token BSTdCcv7gzBpsLU9LY382OkB95Yd3GEe9ZBxy1yq. Statuscode 200
Durchlauf 774 von 810, nutze Token dCCb7zqMb1e1XvAlm0KwHvHafwXV7mhc2oNk5MGy. Statuscode 200
Durchlauf 775 von 810, nutze Token J3gOI6IeQ2o2ClepwLQTZTesfcL0R8aat4jtqHpe. Statuscode 200
Durchlauf 776 von 810, nutze Token WLmTqDrU24DokbBILa4LBJwnziElnYaaDAaGEEOX. Statuscode 200
Durchlauf 777 von 810, nutze Token LHSxmw1oZNaRh5CjEChFDsgD6t0W63XJxPkjE4Ul. Statuscode 200
Durchlauf 778 von 810, nutze Token cLFUXtvGdl4hUsoKOWlyuEN7U8VPp2sI791Eokel. Statuscode 200
Durchlauf 779 von 810, nutze Token 8ynGg1VjiS9FWIOjnWBaH1jSEuRGIOGJEYOmOUvh. Statuscode 200
Durchlauf 780 von 810, nutze Token 652bXMIofI3q2JlmdkpCwqOoG2DNBFBChT8zoc8p. Statuscode 200
Durchlauf 781 von 810, nutze Token cjOhFytxt3pckRUBeAmXTqD26Ckty2iZSpd0P8fB. Statuscode 200
Durchlauf 782 von 810, nutze Token boGHBuez3gobHvwb2XXdx2vjKFGWlEuA9ix8R9NC. Statuscode 200
Durchlauf 783 von 810, nutze Token amhhJWv4nGRz1kq5j7AdK0EeA7wFL5i9cSGXMxhI. Statuscode 200
Durchlauf 784 von 810, nutze Token Zfhmu41fOdm5OJNszUezDygz3luULnjd5LMIwKQx. Statuscode 200
Durchlauf 785 von 810, nutze Token s9xapbPi722a3GeNGfHToKuTPvSqwkEPgwd7fk8b. Statuscode 200
Durchlauf 786 von 810, nutze Token GMHKggKW7FqSBr8YhWxsnCSSfB93syaDuvQJwN9A. Statuscode 200
Durchlauf 787 von 810, nutze Token KPVMcdlZnbbFbAGBrDfNO3eojej6Uv0MtXFi7dyd. Statuscode 200
Durchlauf 788 von 810, nutze Token eKTlcrxKt9JgKmkoZ3cUIG5UUFhqA1k9IkUS3sNn. Statuscode 200
Durchlauf 789 von 810, nutze Token mBqzJMiCU5fKw0U3nwShBv2R1YqxHboPm5FD978Z. Statuscode 200
Durchlauf 790 von 810, nutze Token j3wZgHOPHSoYJRvPGXtz5KJP20rDRx33Iz6OaZHZ. Statuscode 200
Durchlauf 791 von 810, nutze Token LiT5KHI69jJxplwL5ZRTuTuL17VzWBPLMTC3EfBI. Statuscode 200
Durchlauf 792 von 810, nutze Token LV8PzVEHAAj00EbJzIZR5JDJA2VFWx37VAi9bZnX. Statuscode 200
Durchlauf 793 von 810, nutze Token bSmedjIC3rjOxna6Xk5ep5Zmssy5rElWPUf67IwN. Statuscode 200
Durchlauf 794 von 810, nutze Token XHppKSgIkn3NNRzDlUPxFd9ArGSdX6a9Y5cgJU0a. Statuscode 200
Durchlauf 795 von 810, nutze Token sMWxgYmgTG1rV2TSLCR4NriSFm8coHUPixzff0fv. Statuscode 200
Durchlauf 796 von 810, nutze Token xfxAA4eRVdAXHyTj79yTU2P82EMRSHYlA8jv4Z97. Statuscode 200
Durchlauf 797 von 810, nutze Token kB8bAl7dyahFkwTl1eJ19N1vF8Ab9ELEmIesvCYv. Statuscode 200
Durchlauf 798 von 810, nutze Token kDbnqhaQK0aUO4GP0hKWy9bpnYazEO9h33WAmwl3. Statuscode 200
Durchlauf 799 von 810, nutze Token copHJHTLfabMCw11vKtdCttnfvCyVYl0XYX3fxPS. Statuscode 200
Durchlauf 800 von 810, nutze Token 9ADABev2zPw2nRf3LDcUlDWs5OsiOlRhmHqwIRUy. Statuscode 200
Durchlauf 801 von 810, nutze Token uLYtBgAnXYOL3bJb7mDJVlGjJ5qZEiOzmrxbY79Y. Statuscode 200
Durchlauf 802 von 810, nutze Token lqUxxzwconMiuOJL2Qi2ARHbgcPQx9Co3Hx82ecY. Statuscode 200
Durchlauf 803 von 810, nutze Token Chn7ikr27uUHxo99jH50MJemA0YxyehvsVdULZzi. Statuscode 200
Durchlauf 804 von 810, nutze Token bTfN1PaRW6bHNdXVuOVrq9cAv9FlBS7rogsako9e. Statuscode 200
Durchlauf 805 von 810, nutze Token k9HoB7a9ROWIAyTutY8SQi8JLJe3sskOvyK1A8DK. Statuscode 200
Durchlauf 806 von 810, nutze Token i9QO9fyUOAt8R2EzFhIJT7sKEQMNOTw5leqRJy4o. Statuscode 200
Durchlauf 807 von 810, nutze Token VPcOYuI3K1SloaHhU2hxviNbqlXPxCWHCwggJpb2. Statuscode 200
Durchlauf 808 von 810, nutze Token xIg7bxo55RPq0rGgF511EBQciKlM8JQFh56LbNFv. Statuscode 200
Durchlauf 809 von 810, nutze Token nQZnCT5u8THeVvxIU5fKq9syOj1LpyPPo4eqTU3s. Statuscode 200
Durchlauf 810 von 810, nutze Token FaA3Ri5Hfn4Oo7YQr1ubL0M0S823hHiJJrfRUFqU. Statuscode 200
