Durchlauf 1 von 810, nutze Token Nv4amFrLuj5js1jVK9QWScoGznzcjMWlHnYYVwFI. Statuscode 200
Durchlauf 2 von 810, nutze Token kuMAecrWem4wGbDBcFzOYjHK50PfFdn4PLkWEOlc. Statuscode 200
Durchlauf 3 von 810, nutze Token ldvbSNG1iAUNxGdlqRGGjqjLucNssePs3ze4BU6y. Statuscode 200
Durchlauf 4 von 810, nutze Token 8w43XBryNBNlByY40GN7Bt1r9KIjDmZkKB3MwHPK. Statuscode 200
Durchlauf 5 von 810, nutze Token as3L1Nl2FOzAe48kfQuNmdpfAxlaGQQcLNFCzlrg. Statuscode 200
Durchlauf 6 von 810, nutze Token UUeEp5Wmco6YGGDSNEL3vq7QALBtFygyLytOKnkM. Statuscode 200
Durchlauf 7 von 810, nutze Token KBBE3tJujCjBFloLwNYJ5PKfWRXAkJ0hG9r099sN. Statuscode 200
Durchlauf 8 von 810, nutze Token jsPzUHe7LeQbjS8BpOIM1tJYWnOepdfqj2A5kXP0. Statuscode 200
Durchlauf 9 von 810, nutze Token 7hiIRjYbBhTDBJ3Vi7EFltYqep5Y1MFdLDcinDqD. Statuscode 200
Durchlauf 10 von 810, nutze Token 0jIOqVDCfgbxy3UG3rzhXHZYXmvQJ3i15uYVWCEN. Statuscode 200
Durchlauf 11 von 810, nutze Token WLikHQdHwlbyc6NAkixKMKVDnJN9ZSAa5DPyvWna. Statuscode 200
Durchlauf 12 von 810, nutze Token cGIr6xdZkmxTupKki1rwmMPvUHY8O90WjIJuIZrq. Statuscode 200
Durchlauf 13 von 810, nutze Token KsOD4T5KgwCGj8xALN43V1OPAeBRKDEtZLnkrB6j. Statuscode 200
Durchlauf 14 von 810, nutze Token gOu3GavEwqKANE9h1MNewsF7h1ljCDPH13hb0pjA. Statuscode 200
Durchlauf 15 von 810, nutze Token j6D2tkpgvoqJtEga7PLMqZ74ajn6OybEDpJhYAe5. Statuscode 200
Durchlauf 16 von 810, nutze Token IG90Yc8Ts365IwWBlJ7RQVaDAonLgy0ZTvkLzLnV. Statuscode 200
Durchlauf 17 von 810, nutze Token C3sCN5F3P3LQyn3odJohtWlGZSsAhLRu90fRfi3C. Statuscode 200
Durchlauf 18 von 810, nutze Token eK536UpCBAeUT1RZ9ppbMwZuuaIgQNcXJwde2VXv. Statuscode 200
Durchlauf 19 von 810, nutze Token LY3CkHHpG389hrQSixDaz0zGRNBaY8CF5gHXf93l. Statuscode 200
Durchlauf 20 von 810, nutze Token MYioIKsFjOWcPO3wS2aToJJpvcbdnJEe7UL3lE5J. Statuscode 200
Durchlauf 21 von 810, nutze Token br56oc9tIDveWRZGT0swWx4XaMCPEFcUUDArWKef. Statuscode 200
Durchlauf 22 von 810, nutze Token Jz7hG7IC74rFwSefAQh4gONjaYqDHmIya5w2BlS2. Statuscode 200
Durchlauf 23 von 810, nutze Token zIebaFWFZnVzktgcVqrGVYFxqCZ8csfOovUiAZh6. Statuscode 200
Durchlauf 24 von 810, nutze Token GC7k33zdwlHjsuZboBY3WxLsCvIUMi8T6eXhLkN6. Statuscode 200
Durchlauf 25 von 810, nutze Token rQLA6T71B9a0bv9LUjopU1agfIGHf4ob7H9tJ0n3. Statuscode 200
Durchlauf 26 von 810, nutze Token mcLwU480LAYxRSAKGhbDl6hFq9JafKJ4BGAQ1LPi. Statuscode 200
Durchlauf 27 von 810, nutze Token 69Lg1rGo8dghAD5Mi1UPuJTzi4iwgzJABgns7H1f. Statuscode 200
Durchlauf 28 von 810, nutze Token h3NpmxkZZ1dGYK9sXqsyzKkq5uSqibz0yvOxQgz7. Statuscode 200
Durchlauf 29 von 810, nutze Token soSUmz1vZ2byCul7RrtsTgiZsijykbeVtoXUEKxa. Statuscode 200
Durchlauf 30 von 810, nutze Token gaS2QLoqT6IUDPa2lTqGvWHOYPv8IALEbGUB5rnr. Statuscode 200
Durchlauf 31 von 810, nutze Token Kc8JHl87KcI5aOluxMqKLFcwXHTKfotIlSz5bKEY. Statuscode 200
Durchlauf 32 von 810, nutze Token 9g2Q8PiNPbRfQk4LLqhR2JGD4vrNLJUnI4BmWpog. Statuscode 200
Durchlauf 33 von 810, nutze Token dLgxm8wxuf42AJmdo5vY2jmOjy8VaoD5sawykf2V. Statuscode 200
Durchlauf 34 von 810, nutze Token roPwYYUFAJ386ss1dr4mFsmt5Kt6L5osVAHgEA4k. Statuscode 200
Durchlauf 35 von 810, nutze Token faJKoS2HqTJcmoEzDJUTOAZ67ychHlILOL4UAf2O. Statuscode 200
Durchlauf 36 von 810, nutze Token Tl6gy3rhv1mvvQKPb7l8Z7wNInvXzSwuxwd2WD7o. Statuscode 200
Durchlauf 37 von 810, nutze Token e8k6kJsUmJfqFlgKfpNEgDFVt6KIe11tAzPSwVGT. Statuscode 200
Durchlauf 38 von 810, nutze Token CxPz6s0heiXeUQt6ZXVHEzsUPaBaPvce5h2pNFM1. Statuscode 200
Durchlauf 39 von 810, nutze Token m0wzQuUC85RIiUpsTuC9IOsF7SC4voltA0DMS5rH. Statuscode 200
Durchlauf 40 von 810, nutze Token y2E1RcsgmQHAkC3PVhtxHtga6pSe2MIuTTIWpYMk. Statuscode 200
Durchlauf 41 von 810, nutze Token YU7JdB0B04JHjeENJPq3wy4GZyxCPKW4QgyIPryB. Statuscode 200
Durchlauf 42 von 810, nutze Token ellskA4iyI7h6av98q1FdVhPQmEy4TelEffLhq53. Statuscode 200
Durchlauf 43 von 810, nutze Token bRjkLikPKdvU4OZOnDOd2C69Jd8Lnl5RepO4woYV. Statuscode 200
Durchlauf 44 von 810, nutze Token nQDRwdhDtJClvpvoRejgMvasNDTO9xM8nmCWLqdL. Statuscode 200
Durchlauf 45 von 810, nutze Token E78Bd4drfW4Mn3JQpztfctWfXCHF8QZGviEFxPpY. Statuscode 200
Durchlauf 46 von 810, nutze Token nQUCnufcNjyy7Rx7rzt9994umZI5WHbUXsAGHM8R. Statuscode 200
Durchlauf 47 von 810, nutze Token xfuO4GxlCXYiMgYZ21sWHFSNDt5GqZNT2WVhrX4i. Statuscode 200
Durchlauf 48 von 810, nutze Token yDuKfc75uSl5Pl7DojPHjvfeo4rwgFIv2qn5Qvhi. Statuscode 200
Durchlauf 49 von 810, nutze Token C4oOKxDbuqqVthhVB2l4s9D6GSpgdYl2ED0Z6Bqa. Statuscode 200
Durchlauf 50 von 810, nutze Token CqD1ulCFhNXGbpCbOs5v1yLCN60fPd4N7ucKSK6G. Statuscode 200
Durchlauf 51 von 810, nutze Token szuvoYo4oIio6FfzmtDj1loI9dADjsBcT4OazvYm. Statuscode 200
Durchlauf 52 von 810, nutze Token bnKcYotHoeSNu0oiVNvoafqqZI4rcjDaQvSgeV48. Statuscode 200
Durchlauf 53 von 810, nutze Token us4T5KrEvcAu3OKK2CZq8PK3HfkVJfQVDlzYfkqs. Statuscode 200
Durchlauf 54 von 810, nutze Token ycr8lzh8CpiRvub0o4l0x9r7gymrgcO1sU9NGAMY. Statuscode 200
Durchlauf 55 von 810, nutze Token 4LrpxFd3XOCIsENKkC0oa3iygVPkQtCTjVszYGw4. Statuscode 200
Durchlauf 56 von 810, nutze Token AHCMgS6Ap5B87CiBO70WVa1Ng6vaSOt03fEiQC9J. Statuscode 200
Durchlauf 57 von 810, nutze Token vpBrk6ODxPYZnh51Jf5Ss33ke3nPVtpf5S62ZgmV. Statuscode 200
Durchlauf 58 von 810, nutze Token 11UBKCIc50MLOe3kvUT4qjIfQPIRDK4TTIM3sIJy. Statuscode 200
Durchlauf 59 von 810, nutze Token 846wyfyXEkMTSzEIZWuVs3UZEV7AcMzBfhvfOofC. Statuscode 200
Durchlauf 60 von 810, nutze Token u4rELAgfCgBOrBvaqzjW0A48SoGJZqHvc5Q4UBEp. Statuscode 200
Durchlauf 61 von 810, nutze Token qmierL7Iqp8tdWl3HUTVewSxybEaOcPa5gLpg6RN. Statuscode 200
Durchlauf 62 von 810, nutze Token TwW3ZDbWF8e7srbMGsUfMBhuVh5w1vrJ6AXzft1Y. Statuscode 200
Durchlauf 63 von 810, nutze Token Zi58U2Xj1xxX4Ml1F0xFoYgQzBZn6pZSWgTofEo5. Statuscode 200
Durchlauf 64 von 810, nutze Token qzg6qCNlinQ8nif2PNGkpoWWicJtt7LTX2Bv0XSp. Statuscode 200
Durchlauf 65 von 810, nutze Token sUGTd9IVbCpfFI50VHdafCqVrUynjX2UKAmUktOL. Statuscode 200
Durchlauf 66 von 810, nutze Token aS1AB3aWj1AJ8oEkguP9brGLNw60jwDzX7zNbl0N. Statuscode 200
Durchlauf 67 von 810, nutze Token 9h1vG3fapJKPIYNScTkAkkQ6E9xxD4ofubkgTqNz. Statuscode 200
Durchlauf 68 von 810, nutze Token dE03hNHEC6y2W6FZESNMPt2alOk0RBz0Ef4GyCum. Statuscode 200
Durchlauf 69 von 810, nutze Token awai1fgt48Os5wa2GHu8AYwLf94wrBOwFU3q8H4q. Statuscode 200
Durchlauf 70 von 810, nutze Token 22nWvfHRris78Pcf7NX1B83GFlNkBMHL2Y5E4FGG. Statuscode 200
Durchlauf 71 von 810, nutze Token bl1JDwGvQiGsXIDcqVfwkirVK85XO07scLmV5bhO. Statuscode 200
Durchlauf 72 von 810, nutze Token 99ve31fwSXLGpxliwqTPoO3831kDCzdcOqVv8gvW. Statuscode 200
Durchlauf 73 von 810, nutze Token XS2PkkTteaMD0038AkXRVIVyswRiRrDvTcbp4xNn. Statuscode 200
Durchlauf 74 von 810, nutze Token ZfoSRrgiSA9tJaJBANR9IMa0lSCo1BQ8p6E0fX2C. Statuscode 200
Durchlauf 75 von 810, nutze Token yRvDMG745MVLS75jDZWe0Rp2BnpVuTvVCGtUZ0dC. Statuscode 200
Durchlauf 76 von 810, nutze Token qld6bOhPx8DbfDfvbIIFL9Hd5urNfbpZA3wecKn8. Statuscode 200
Durchlauf 77 von 810, nutze Token sk7nwH6FHwHC4OZSg6SY7c9MgiOR27mTwyyqcHxU. Statuscode 200
Durchlauf 78 von 810, nutze Token HGbZBMu5uZN4AueSmShfYLkHLH3oLQwYvFXTK05v. Statuscode 200
Durchlauf 79 von 810, nutze Token 76BoueDvPG34XaqCY43ju4FB3fIlQR21A64rpG5G. Statuscode 200
Durchlauf 80 von 810, nutze Token tGg3qRWpQ8hYiDBwbqzAJtCk1fuNv3XugN9QkPLX. Statuscode 200
Durchlauf 81 von 810, nutze Token lfmzZuX1WWB5TmNY1pBcwm6I13gNeyV1g4Fy1nBM. Statuscode 200
Durchlauf 82 von 810, nutze Token K1t7RPbWhPtqcEoVxHNd4c6bKKGaXnUeDOe5Huby. Statuscode 200
Durchlauf 83 von 810, nutze Token wHV5RDvvM9WFhZQgKxZ827OAZZmg9oTqZ1zPSRvR. Statuscode 200
Durchlauf 84 von 810, nutze Token QxArJkfLybB2ntmWMXB1IaUfZniMg1i9qVUFR2lR. Statuscode 200
Durchlauf 85 von 810, nutze Token SGDZW5q28NVs5FN5FrUsCK1YFaQYiUvkRXbZmZW6. Statuscode 200
Durchlauf 86 von 810, nutze Token JevQplN1NbWwBXvEYuyfciToVZoYNvQ7UUNZlYZs. Statuscode 200
Durchlauf 87 von 810, nutze Token c1fdnwkEBsSRozrXlHok3Qbx5jdhP1mPDPOWPnrV. Statuscode 200
Durchlauf 88 von 810, nutze Token q6AKnZTcgPOJ67qnhHx7GAayTCtJJFyZfBW9NLTg. Statuscode 200
Durchlauf 89 von 810, nutze Token N8vemLk9N5CYDF1Op5du3xRhfT89zqlzf72AB2Fw. Statuscode 200
Durchlauf 90 von 810, nutze Token 78x9kopk8Qj2Xk0ye0bL0OzOMKn8A2y4cfxy1i1X. Statuscode 200
Durchlauf 91 von 810, nutze Token AJyBqAZ6Dohsuv2KvJtAd34daDcmLsVK9qmlnDb2. Statuscode 200
Durchlauf 92 von 810, nutze Token SeZT7MVrM6hZBE9qA9NO9KJ4GkLbqGHgUNUUciMQ. Statuscode 200
Durchlauf 93 von 810, nutze Token 1wmLaj2FUMsKEgjH5HWYL2eaye6m3m4CtYi1QwPT. Statuscode 200
Durchlauf 94 von 810, nutze Token QTpUblJ4BBRYuvUAeNVPiE9uu8qJqyTKSQ1hgjRr. Statuscode 200
Durchlauf 95 von 810, nutze Token r9IxX97cTLh4YeVUDxFIJKjdU0LIsedeMMkZBA90. Statuscode 200
Durchlauf 96 von 810, nutze Token M7PUVvIE4pNeafSp9g80vTeQp1yWD0ff18GbjAal. Statuscode 200
Durchlauf 97 von 810, nutze Token DnOUxjYkk0jr0Y1MeKsO55uAlTigYmiEWPSuBjkF. Statuscode 200
Durchlauf 98 von 810, nutze Token QfRYLJm65rKjmoJru9ejfpyTzWBiOkNdfn3gwKqj. Statuscode 200
Durchlauf 99 von 810, nutze Token 35Sa2JQNbQlwtfWhmsFCF7o8DAv9SIIgdAyV8uSS. Statuscode 200
Durchlauf 100 von 810, nutze Token AqnK4au7aihlRDvDlRsF2Ec23xXi3cTVi9ED5uXE. Statuscode 200
Durchlauf 101 von 810, nutze Token JGvaXwSFIW44JIgOW1tfqPcI1MWkmVFYzbVJFLOZ. Statuscode 200
Durchlauf 102 von 810, nutze Token NVx5bxoKorEP70Rm1GgjK3BQFDIw6KI01TiY0yqw. Statuscode 200
Durchlauf 103 von 810, nutze Token TOibEOLwgsrO3BEQgNgdbkJR4AKMivQ2Z2sNxeuy. Statuscode 200
Durchlauf 104 von 810, nutze Token 1mAlru5n4pnqC7Z5Dy3f5HrOyUg0OYp68Bkik234. Statuscode 200
Durchlauf 105 von 810, nutze Token RcB91EwztmiSLHSK5Jm11PFzc2VicQXTuVC7wU9v. Statuscode 200
Durchlauf 106 von 810, nutze Token Tyva8u1G32nZPRmFxAlGdYORfPnztIjSnjKXkmWK. Statuscode 200
Durchlauf 107 von 810, nutze Token caHRMsa45hFbfcpdSYpSdAN97EMV4MWuuvkK1h1D. Statuscode 200
Durchlauf 108 von 810, nutze Token aYLSXBCGU6McEKU2Lh0miZKh09DbkonPEJW2j7ic. Statuscode 200
Durchlauf 109 von 810, nutze Token wH2RiqSDMqgC1Urczo1UzQF5B0N1EeHj9ejEUDgm. Statuscode 200
Durchlauf 110 von 810, nutze Token JrGppyL3iPqpGZN6uNRAkWhMXkOUmv5Y2ai1crXS. Statuscode 200
Durchlauf 111 von 810, nutze Token 1DtJ6JDaJYlpQb0iXw2bw1SAZ1rkL0lddxsYY10b. Statuscode 200
Durchlauf 112 von 810, nutze Token NoS1k26NJma2b7Yqquupfo103Z7bOncwpYKayjXe. Statuscode 200
Durchlauf 113 von 810, nutze Token mMZtlXMHMCnHDhIn2LEybRTybXrtbLbFuYLrzlcI. Statuscode 200
Durchlauf 114 von 810, nutze Token JffESKZYJImQGoZUtZs0Ux61LaIzYgO6K9JlY5Qg. Statuscode 200
Durchlauf 115 von 810, nutze Token FOATF0dYI3isBQcbksYAtzIh714hGhp6A8CTjcZ5. Statuscode 200
Durchlauf 116 von 810, nutze Token lK3cgqdv3yGQvykMhaYAY3cvkZ7rxhXTQ1lO6FJ6. Statuscode 200
Durchlauf 117 von 810, nutze Token 9JrzkxPYAZhMflLgCm1tOQWzimkoJvZnacB8SxBz. Statuscode 200
Durchlauf 118 von 810, nutze Token mDrmYWVKvZlXWqy3T3ZrMS7orKrP8K9J6cbB0ujD. Statuscode 200
Durchlauf 119 von 810, nutze Token 2nK5zATtEBBueGk6OYmEnvvARTEGbZbuaXI81cLE. Statuscode 200
Durchlauf 120 von 810, nutze Token CMviNXYaNHxjm23RtaUwt3pB68NwAPlklBEnjpvA. Statuscode 200
Durchlauf 121 von 810, nutze Token MmeBHTqHPne85ivVefEtnXBYKweYZ07E00JcLEX1. Statuscode 200
Durchlauf 122 von 810, nutze Token 9ocbFp7MZfUTrbTyaHtaV6DxmZGiophRNu0IfCLZ. Statuscode 200
Durchlauf 123 von 810, nutze Token VUyc2ibdSCCSkVYOaQym2FInqcj6PpSLnb2MGuEy. Statuscode 200
Durchlauf 124 von 810, nutze Token exkAzpIru4GpX6GFtXtw8YjibPQgcpTmBsLpdQhX. Statuscode 200
Durchlauf 125 von 810, nutze Token Tc6eNivX87odGnqvJf2yj68J3DEH8kTxw8vAJUJk. Statuscode 200
Durchlauf 126 von 810, nutze Token iNUmZPnKiiG1oKM6uGLiliRGNIGYdaSyo04SA6qJ. Statuscode 200
Durchlauf 127 von 810, nutze Token G41vZeRMkbE5WxvYNhrDyD6RbmAL5U8uPQ2Odsk5. Statuscode 200
Durchlauf 128 von 810, nutze Token DqOQqnOnyqdFK9HG2ccaQS0UC0I9rFjCuX0PRePs. Statuscode 200
Durchlauf 129 von 810, nutze Token xCOICVrLCoOlyeTUhUWYo2P6tHKGHwEVmL9vIkLA. Statuscode 200
Durchlauf 130 von 810, nutze Token ItEJMQH3Sxr8gAOP5cxJodGUsD9hxqiTzDTBt5Vg. Statuscode 200
Durchlauf 131 von 810, nutze Token VQoD95mQTYfQLklCMiQGZR0CE1UHZ3cro17zd5ol. Statuscode 200
Durchlauf 132 von 810, nutze Token 4BQXwXW0kzy0BLzN3kyqtOlDUWouzMvafWX7bE53. Statuscode 200
Durchlauf 133 von 810, nutze Token KECy12VZ2oX8ZnVrJVOxPaMw23sQVxqfE2oMeCRD. Statuscode 200
Durchlauf 134 von 810, nutze Token WwwAGIfeJI0JHfsutKkP4UeyzVr7wHdhEaBjcDqk. Statuscode 200
Durchlauf 135 von 810, nutze Token gbKLD9eioVFvPUgr9mbyWMOKpPwHmAQ5aFpwOuWz. Statuscode 200
Durchlauf 136 von 810, nutze Token zxEwMwHALBsOeuP3hMoiXhhpGMjZED59jtM3lUcw. Statuscode 200
Durchlauf 137 von 810, nutze Token WXb3ZrJ3pi2UjSWPFURFZSKgFT8Wbkmgx6ZBfMyY. Statuscode 200
Durchlauf 138 von 810, nutze Token eBTPw9R4hufYYeW8w5AMjSNmID4eUqoqvtHCMa6c. Statuscode 200
Durchlauf 139 von 810, nutze Token bRj51AueeJsZSy2Ff5kw5P4BYtGUxEWmS5u0t7d8. Statuscode 200
Durchlauf 140 von 810, nutze Token XdnHFpFT3gWSAnvssWNUPyTw1LNuOK7n15hyNBVX. Statuscode 200
Durchlauf 141 von 810, nutze Token TQctisjzQ0ph83dpmQS775iVJfqrIxsx6ObwyVgg. Statuscode 200
Durchlauf 142 von 810, nutze Token xiysuCH5qdhnFIqYeQWIL6QtObVT2xWGK6zDT2ki. Statuscode 200
Durchlauf 143 von 810, nutze Token h4bRfIZOm8oSStgiZ9zT04dwqdHCua3utzLKnbcy. Statuscode 200
Durchlauf 144 von 810, nutze Token 3GFwnUBGoufK8c3i6d2I8ig6Il6ORWjtzBHOpF7d. Statuscode 200
Durchlauf 145 von 810, nutze Token DOvCvpaOAJxbOarSIf4h6dyysyuc6iUyLGkJeC8L. Statuscode 200
Durchlauf 146 von 810, nutze Token 0aIjyIp0iuRmGCSXPEmriGZ3IlVEyZn5yK7vNoEx. Statuscode 200
Durchlauf 147 von 810, nutze Token j6zeIItOxtgCvC9ACqvptLLQRZ7DvZxhG9yjyxty. Statuscode 200
Durchlauf 148 von 810, nutze Token 5kg0KXKvyov61mcJq5x7vHlfDyE1wXcNSymdcDUq. Statuscode 200
Durchlauf 149 von 810, nutze Token RmMNPfcp31yVbCbHpEMv9Hj0TFmWeRTupeAoLaci. Statuscode 200
Durchlauf 150 von 810, nutze Token I4YDB9xVNSlHJ3rLJcFgBDkMgVbuC2bFWX19a08v. Statuscode 200
Durchlauf 151 von 810, nutze Token WOJF8FZ8zqX42eXK6AjnuhN1mPhwe4DUpyA46TBg. Statuscode 200
Durchlauf 152 von 810, nutze Token XIEoBZxARo2DMO4QPy1Do3aPjcSokdff6bHXg9qV. Statuscode 200
Durchlauf 153 von 810, nutze Token RJpGhQnXREodDHuihWvQJYHnXynqRWbIaeCD5m8m. Statuscode 200
Durchlauf 154 von 810, nutze Token EyJ1ADGIxNcMmQu11cc0AMoYV0csPy06zx7UaJUJ. Statuscode 200
Durchlauf 155 von 810, nutze Token b1yRGhtz7tIWJs8LrGhPF9nhjuYRpVv1Otu5YjOF. Statuscode 200
Durchlauf 156 von 810, nutze Token GtXNnkShYY0SsRLVAAf7STklRAKWn6lle9tKv3eo. Statuscode 200
Durchlauf 157 von 810, nutze Token PCHy5LgL34IhjEG5mLFoIT6sYNyAgTYujnezgYb9. Statuscode 200
Durchlauf 158 von 810, nutze Token cr6MI8aPAUZU0hxHklYtbjgBYnn0NSkgYAgIus8H. Statuscode 200
Durchlauf 159 von 810, nutze Token X10cnQKHc3zRnWO2a97aBFPsrd3PAV3mhOYBvaE6. Statuscode 200
Durchlauf 160 von 810, nutze Token ywe7kdP2t4JyRriZx3i5SjRtAQf0SpmX8I2y3rGu. Statuscode 200
Durchlauf 161 von 810, nutze Token BazR6km2OaFm30gWElcuNonARwLjIjq6cm19tf6H. Statuscode 200
Durchlauf 162 von 810, nutze Token 5bMRZkklPsEXJtcgwDuFMiML2JxyWn9Ch0S4naBk. Statuscode 200
Durchlauf 163 von 810, nutze Token WHf3TglRHe4fNh931lFlv0NozMXQ4d43LN5z4WtP. Statuscode 200
Durchlauf 164 von 810, nutze Token zLW5mNyK0mCaFdjeXYs8XD2MQjtbi9USqhGRgdgZ. Statuscode 200
Durchlauf 165 von 810, nutze Token DwUrs1JW6x4fX1JjMrO6ZIgXqtEk5ivPfB1w7r9u. Statuscode 200
Durchlauf 166 von 810, nutze Token 9gT74NbxNFPAHxQeu1k4RpE3iEBf2eaiVH10WUqY. Statuscode 200
Durchlauf 167 von 810, nutze Token txzWNgRse3HLGFFaYCtzO47sFzS8N2cbOq1hCbxk. Statuscode 200
Durchlauf 168 von 810, nutze Token t8lZV01tAQrABhtLIJ53L9ckMP3cg3WKz7vHRCma. Statuscode 200
Durchlauf 169 von 810, nutze Token NUD9uqDsVFIQJhJ6ywtHERPiI5kZQSMcb6UIb0Bn. Statuscode 200
Durchlauf 170 von 810, nutze Token BggvBPJwJV6LbYMeUyYVzYBg6wn6qwipC4SimOAt. Statuscode 200
Durchlauf 171 von 810, nutze Token BvzXHsrs8bX9DESCDvpRTBFeGnZxSrmatGimadTc. Statuscode 200
Durchlauf 172 von 810, nutze Token tGf2VLA3QvHQHzm0RNae2z1EN62gpqeu7IxjfGA2. Statuscode 200
Durchlauf 173 von 810, nutze Token 7hxEvV7OdVOzS3IXAo42PK21DiOJ66KNrWEmcqAt. Statuscode 200
Durchlauf 174 von 810, nutze Token wYre1TvuMWrRlsPQTSWcBNsHArmYGcllp2tPSIK9. Statuscode 200
Durchlauf 175 von 810, nutze Token F4WA5SgOQpbKm6uvTeqWCU0T8zRXv2HqjLiOrDh2. Statuscode 200
Durchlauf 176 von 810, nutze Token KMOZdt6YvR8w1iJKApzPomCAUR98NYvs8hdCHrGI. Statuscode 200
Durchlauf 177 von 810, nutze Token 4lydQB1CWkXkyGzrEbMzpZsBpt9kAeOLbifzK1DS. Statuscode 200
Durchlauf 178 von 810, nutze Token oMSvsiJt346OKNWUdpNpnGqJ7cpRWz6Tov2Z2Tb4. Statuscode 200
Durchlauf 179 von 810, nutze Token 0SBCTl1G52hTcXNmVLKQelYzLyEyU2mlTGfjsU4d. Statuscode 200
Durchlauf 180 von 810, nutze Token CuQcWj4uIgLt5qtScciUbZtW43pal68C2K5wMWqZ. Statuscode 200
Durchlauf 181 von 810, nutze Token DUGHz5Ade8cUACyTUPdaVIe4xQcOWjRLUpMVkW9n. Statuscode 200
Durchlauf 182 von 810, nutze Token CieKnkZxYc5iqoeNDx3VoaB6aIQ8Q2x2gXS5fFXm. Statuscode 200
Durchlauf 183 von 810, nutze Token Onvw56Ax5HgBaI494zMnz5gujYlibBQ9WWZuSIs5. Statuscode 200
Durchlauf 184 von 810, nutze Token 7usvWIWfa54D6MQjKfNcmPnmnXDLaVK9AMAxorE8. Statuscode 200
Durchlauf 185 von 810, nutze Token yaqfU6imsTxEU1uTKRTZTteRkkjifmktM3kGIN7S. Statuscode 200
Durchlauf 186 von 810, nutze Token 1kMZAydgOAe7NiMpspVug9y3qchkfWtA1em6XByc. Statuscode 200
Durchlauf 187 von 810, nutze Token 0E7bKmmxZFuSRZAxyoP3y3Kr8lF1gh8UBA5RuYNv. Statuscode 200
Durchlauf 188 von 810, nutze Token bgNT6d9feDA6Hkotk8RP76siS4W5wsX8yjSDBGHu. Statuscode 200
Durchlauf 189 von 810, nutze Token NNuhKqggdNku8A4ZD4JvIHoGKtAeqrX9To8ElpnZ. Statuscode 200
Durchlauf 190 von 810, nutze Token UMpsROuBwt2mbP8pztNba5IROg84d2hrsIerMz8V. Statuscode 200
Durchlauf 191 von 810, nutze Token OnqbKoGGUDvwN5xAu4iKIX0Fpnv3ISkCaQWSgYsE. Statuscode 200
Durchlauf 192 von 810, nutze Token cBNoU0QPSyKZiJMd7JpbGPIuRpMc3AHiy5dmJvVT. Statuscode 200
Durchlauf 193 von 810, nutze Token cVB2d4DwrmtV5VdhBBB9gAtLAsPVUfHd0YDpP1mc. Statuscode 200
Durchlauf 194 von 810, nutze Token INc33w6JsTzdxq9B8ShXDCHbTRnwTKSBZdl0SVgL. Statuscode 200
Durchlauf 195 von 810, nutze Token m59iQ1siSF8GJ1M64ipQonOyHGcYiuBtx5TPYFNB. Statuscode 200
Durchlauf 196 von 810, nutze Token XrmqoReD9NPta0e4ISOWxNO0cwO6KzjplnZlm4RB. Statuscode 200
Durchlauf 197 von 810, nutze Token 2EneTbJkDT3J4fYdWkTOE6dKiur1jAGLdVE3WcK2. Statuscode 200
Durchlauf 198 von 810, nutze Token NzVbAZ2MjtMEhce4MWo9Pd5iR4qEwXOrpob5twaV. Statuscode 200
Durchlauf 199 von 810, nutze Token ye3CNUKZRxOpCJJKEbxsrp5oWlN46QnB8JnM0m1n. Statuscode 200
Durchlauf 200 von 810, nutze Token 5RPrVDianf8FgDEL5ZAaGkYmHHuspYknXuIGLaH0. Statuscode 200
Durchlauf 201 von 810, nutze Token SSaGF4w7jW3qeXn9wxnT8TdgdAJagn2xQNg9tCQN. Statuscode 200
Durchlauf 202 von 810, nutze Token Ifj7obTucgZlOXtbw4w8ee8XtD7KCwodHXzxbhVH. Statuscode 200
Durchlauf 203 von 810, nutze Token zu7tmFtOT2wmqJbvMqd2NWkx6gEwoqqK81y9nROX. Statuscode 200
Durchlauf 204 von 810, nutze Token 1faE8i3rhYbqLYmPi9owaSq58lDqS7GJBky952X9. Statuscode 200
Durchlauf 205 von 810, nutze Token vM0GjBCoIrfYFe5hAd6YysxomDWAZWlZ9UAnyY32. Statuscode 200
Durchlauf 206 von 810, nutze Token hRM6WYrrCkoTNWkVjR6xqDj3YVcS6D0ceONr0IXB. Statuscode 200
Durchlauf 207 von 810, nutze Token qD44EZu41i7pCXpVJHGLOcSlI3OAweow87DgUGDY. Statuscode 200
Durchlauf 208 von 810, nutze Token vhskgMVy8zjNrM8s3hi3TALGqjpkYiG7IWgiZBTh. Statuscode 200
Durchlauf 209 von 810, nutze Token YL9PNSgzcftFPjbijJO1eaF242aG8Fyn7XlEAQVA. Statuscode 200
Durchlauf 210 von 810, nutze Token dVKamXGrRssMxLAuepz08RkKH4puKDZmaDxnnU9i. Statuscode 200
Durchlauf 211 von 810, nutze Token N1ARTNkH3gBGAXL7K62VvbQ5qFkSkjleSbJeqqYU. Statuscode 200
Durchlauf 212 von 810, nutze Token Z0RxZl9btLpcxihK5ZFA5B5mwDyNZHhyHP6r14VN. Statuscode 200
Durchlauf 213 von 810, nutze Token wlUWr79nClyTpWtWjPClzy4SSuKURnkxyyFiaC5z. Statuscode 200
Durchlauf 214 von 810, nutze Token oFvkf9KvEV0lmjdr9hZxmtJg9To1Cm4W0RLlHtKf. Statuscode 200
Durchlauf 215 von 810, nutze Token OdCFJH9MrV2uRAeiCnLvFKHl4buysgO3vqANH3K5. Statuscode 200
Durchlauf 216 von 810, nutze Token p8CSEd6Glv0NN4CS5yv6CZMUtRsOJ6uE68DSiHI0. Statuscode 200
Durchlauf 217 von 810, nutze Token Z6i3zpYQ3ds90sOk3iNnJC5mE3NIkNhqkBbNDiHC. Statuscode 200
Durchlauf 218 von 810, nutze Token mrJJE4XQsrUNP33q23VNI6qVxQqGYHFtCMWwhjrx. Statuscode 200
Durchlauf 219 von 810, nutze Token 6xRelDXhJiEJxu9Q9PWIT6u9L8UKsebnhxRXRZ8Z. Statuscode 200
Durchlauf 220 von 810, nutze Token MPDaETY2cOxNpfzsboMqykpJ2R0d5bhXWfszeJOM. Statuscode 200
Durchlauf 221 von 810, nutze Token ocEv74CA3pmXDPCDZmJf1LLuo7P1sKuahiR465Z1. Statuscode 200
Durchlauf 222 von 810, nutze Token y1K4yCiVzinr47UX1ONvbcqDdeMrREI392BpMyLV. Statuscode 200
Durchlauf 223 von 810, nutze Token H9lgD0FgS6ReQclB444mrI0xtenedAofR8BcZR19. Statuscode 200
Durchlauf 224 von 810, nutze Token WOhPQ5JaAU44EEHjOtANa8IoLjWdGdQ7e3Cw6w7U. Statuscode 200
Durchlauf 225 von 810, nutze Token XAfJPZAy2bKXuC2i7sXF65awzxEfQ6ZH1cPvs8JZ. Statuscode 200
Durchlauf 226 von 810, nutze Token cTJrqUX4qAwhYZXNHMwWFOdedc0h7cxBhmWI6cXq. Statuscode 200
Durchlauf 227 von 810, nutze Token LqckiPJ1hfumN6BFmdANeKYNq7a4QZBbZJY9O9Jd. Statuscode 200
Durchlauf 228 von 810, nutze Token 50byAw4w90ZCkBr4CjmRx5131dgRRnU5nu8iCpec. Statuscode 200
Durchlauf 229 von 810, nutze Token SpV8KjJCepuMUaAnCEHwrcdFSt24tbhehcvwhUNZ. Statuscode 200
Durchlauf 230 von 810, nutze Token 6VzcAkYfjllbklP1Nhk7HwhYuqcwtOkkLpk6W49q. Statuscode 200
Durchlauf 231 von 810, nutze Token domr7xMS4juMreT9PBRYYslCtkEeVQGIa0ZRnSj2. Statuscode 200
Durchlauf 232 von 810, nutze Token LNxsVYyOIgsTTY4WZ2VGsMeuFlJvANG7PyX61dMk. Statuscode 200
Durchlauf 233 von 810, nutze Token 1VnD7xb2bBCdYo1eKvhquwODJCeY00cN6Ns1VdAQ. Statuscode 200
Durchlauf 234 von 810, nutze Token 6kZPY5EStRF1J8q12CaJY9DAEb0gNyAjCPYGEgSG. Statuscode 200
Durchlauf 235 von 810, nutze Token BjlZM5Ohnororgq8uNMyTbXkSrxl0T2QDg8ivFV5. Statuscode 200
Durchlauf 236 von 810, nutze Token pwbB9l9W22BhG77qqxdfp1vzxhdj75J2U9zztEaX. Statuscode 200
Durchlauf 237 von 810, nutze Token LS4CI1F0WdpeCFhFNmWzogMYr2FQjm2IUJxazdZ2. Statuscode 200
Durchlauf 238 von 810, nutze Token 0MFXsjTG4a2qg7QIZXl6hsQB7I5EcjCSZATfVd8P. Statuscode 200
Durchlauf 239 von 810, nutze Token 0CbhOkihcZ7h4s2ny21pBrTcegoJtA4k6bpzEjKy. Statuscode 200
Durchlauf 240 von 810, nutze Token TKJVucQvtmvDIxNzAJKQZqaiGQt52SoVrVaACNxW. Statuscode 200
Durchlauf 241 von 810, nutze Token KqaAraphE2g9utFT81CaGvMgzsAiK6Iwb2OibmtW. Statuscode 200
Durchlauf 242 von 810, nutze Token F9Nb9TkWDu8BgRemdn9QyMOCejzPVv6t0poCwzcG. Statuscode 200
Durchlauf 243 von 810, nutze Token Zrg4hy647antJMwWmIg2WdvKvDe2xjdXn06i7amk. Statuscode 200
Durchlauf 244 von 810, nutze Token MImUqmQQE3RVHohKI3NMueB1WSAheFKHV5wJE0Vx. Statuscode 200
Durchlauf 245 von 810, nutze Token hl7JyJcjXbMMJ2rkWGCt49ktg9UMuMUyIOfgaV93. Statuscode 200
Durchlauf 246 von 810, nutze Token 1jHZqJDhuB9OWOsUuNtRAxhfNyFoiutayqWYNLZx. Statuscode 200
Durchlauf 247 von 810, nutze Token w5DIUrhDariqX8yQJPqCE95Zhv2EaRBs2vklVPS4. Statuscode 200
Durchlauf 248 von 810, nutze Token NqhwpYvMUJI75Huk1wJF8FsKqfEO4Z3giOiN6F8k. Statuscode 200
Durchlauf 249 von 810, nutze Token A2znTxP2n05OmmXCBEDcE8DFk9mYNxBwSaGT887K. Statuscode 200
Durchlauf 250 von 810, nutze Token HTNbF2X3r8mLoJd1EGItuS8lKKNinoJzzTHy7Szc. Statuscode 200
Durchlauf 251 von 810, nutze Token 5wf66KECjtYrvG6dkxMCtiVPxVzXfwU7270Ubelx. Statuscode 200
Durchlauf 252 von 810, nutze Token igL0dm1CFRc5N665m04uoivWizJL7U1eudTsr58S. Statuscode 200
Durchlauf 253 von 810, nutze Token W5kSgdZFtBztO0jXZbXQArgFpLggaMtBjuFyJqmK. Statuscode 200
Durchlauf 254 von 810, nutze Token 7Bd0JRhrhynoT3dkogvDE9kDtKOcJxjW4asbY7p4. Statuscode 200
Durchlauf 255 von 810, nutze Token KmXU8U3e3ZuXdn2iCGTK2hFSw2PRtjbKsISnm9wt. Statuscode 200
Durchlauf 256 von 810, nutze Token OugpuJyLW5sJ21uoU3bnCLbF9o9jjlz2ff4phxhJ. Statuscode 200
Durchlauf 257 von 810, nutze Token YEX0vW9N1cykFNaTZlgIBs68YXfjRzobEMD2cWHl. Statuscode 200
Durchlauf 258 von 810, nutze Token A3AcCICUKdDY7dHW6UsXrqCwsvxiUsIYHzEhB7Sl. Statuscode 200
Durchlauf 259 von 810, nutze Token u0wroTUd2xCx2vVohz2n93HZauaoCKKmTIF8EbTM. Statuscode 200
Durchlauf 260 von 810, nutze Token iAsRcVWhhv9VwxT75I1fHX8kG19aofH9hMGE1PKl. Statuscode 200
Durchlauf 261 von 810, nutze Token NjJYs1VAKa3B45fZJ17bhULJNEGksPU1sGSzOuy6. Statuscode 200
Durchlauf 262 von 810, nutze Token LiV3rgsgqzoqqarQCv5UfLqYEcN38KKSEGtA41wy. Statuscode 200
Durchlauf 263 von 810, nutze Token 6qqhbCGejDEmWr7fCthfpmSP6RtYVBNjf3xwCfW4. Statuscode 200
Durchlauf 264 von 810, nutze Token moyFj4tYr8xqWS8QXyOPe1tA7z2zM3buTpLWMzQS. Statuscode 200
Durchlauf 265 von 810, nutze Token SYeNAY2w752gN6S6hosvLnKtEQoZVu1wlNbGINV2. Statuscode 200
Durchlauf 266 von 810, nutze Token vebavZCKL0oaypApdtTAm1zKelNlkDJDAeCdq2f2. Statuscode 200
Durchlauf 267 von 810, nutze Token ubkPZ9i3c3rLNkPySAEvI6cFs08Ab1BJFgEIMwKZ. Statuscode 200
Durchlauf 268 von 810, nutze Token udqOjVQUS8RJMl4EHAJeHfecGeEyaGCdAuYLb3N3. Statuscode 200
Durchlauf 269 von 810, nutze Token xfC29EUBNg7Lfq3EgneA5BXdzeoGMEhiQDor9GeJ. Statuscode 200
Durchlauf 270 von 810, nutze Token t8Eg57ZNSS9YeshS4egj6zkoJkDppnLs10XE8lUm. Statuscode 200
Durchlauf 271 von 810, nutze Token fnMTj94aYxGO49V5b5g6Ilyq9rvPoOOFSFzZEK1Z. Statuscode 200
Durchlauf 272 von 810, nutze Token 13coPug8av0q6ZJM1bCNHXhzof7PQ33RUqZQ548Y. Statuscode 200
Durchlauf 273 von 810, nutze Token lXKe1Rs98NBqwNHAVcv2beJ7HPhQYx7wKwGRku1N. Statuscode 200
Durchlauf 274 von 810, nutze Token J1rAXCHJvSGymDiB8hI5xldyC3tOG1AZsjrgtFOY. Statuscode 200
Durchlauf 275 von 810, nutze Token Y9rt1C1xObn53oaMPVIR5gRm8xSQVcKvUJkqZrlo. Statuscode 200
Durchlauf 276 von 810, nutze Token Imd5zcCNbAa3JdMRXUr49sFrsz1aH5I5jqMNQ3Hb. Statuscode 200
Durchlauf 277 von 810, nutze Token zIFryXLlFUghquo1CvUfcjR6UATlsXN3XM3Lv8ke. Statuscode 200
Durchlauf 278 von 810, nutze Token RbtLd9diMPaSjOzFPYdK19ioBbuDWM5vNlMLjkLQ. Statuscode 200
Durchlauf 279 von 810, nutze Token 1xoR7JeAWAvCHUHlSXxtLU33H3VleTIIBulJNWol. Statuscode 200
Durchlauf 280 von 810, nutze Token RQPEGxbAQBzkgrVVDJe3IF11MwcIiJRbM6NAggHR. Statuscode 200
Durchlauf 281 von 810, nutze Token 5TTG1m68kmx4znXqzvecoHWD8oqW2sdobrtSpyrR. Statuscode 200
Durchlauf 282 von 810, nutze Token VqiuDhQ0jmKHz0Kidp9R20g05vdLsdryj9qNGPs4. Statuscode 200
Durchlauf 283 von 810, nutze Token 6abJGVcb89JXxMytDnKYjb2LCUwJW6qWvWjC28mI. Statuscode 200
Durchlauf 284 von 810, nutze Token qo6tTIn9VVsVA6l5IxztbqNyFv4FPqrF2QifWplX. Statuscode 200
Durchlauf 285 von 810, nutze Token 1pTLAKrVWjjSMU7aBBMDrgZz0qcXpwnevUWyxs7m. Statuscode 200
Durchlauf 286 von 810, nutze Token OXw5wIsCXEloDIfpKWdE2zJqHSpeiHNtUTfFtehh. Statuscode 200
Durchlauf 287 von 810, nutze Token TOny8Gpqt4NJ6fV3BEOmDQ3jtBgBx8DvXSBg866u. Statuscode 200
Durchlauf 288 von 810, nutze Token L9X9b49PxMpE716lbUvdPypWfOkVYV3X0xLmb6TN. Statuscode 200
Durchlauf 289 von 810, nutze Token sVhfrOqtIrvxs1SGdxNQSKb7yrPtWtyeo4G5JQsp. Statuscode 200
Durchlauf 290 von 810, nutze Token fLvQaoEfERUK4UDi8ZQ63Kj4BIddpSJDHz3Q9ELX. Statuscode 200
Durchlauf 291 von 810, nutze Token ihle3x0lJFcRw1otfAjCgvQEX1r5lvWv1BZeLAyH. Statuscode 200
Durchlauf 292 von 810, nutze Token ZaGBMST2OUbzaRTMV9HvlxGqbeTMDCE2KVSurf9d. Statuscode 200
Durchlauf 293 von 810, nutze Token y4YebCyLS6IzQV4BYaGym9JF2aEfUpEaVo4RNWdK. Statuscode 200
Durchlauf 294 von 810, nutze Token iRcbPd4YZHDocRuRhaKNxZR08w9SSCz4NLHOEFSf. Statuscode 200
Durchlauf 295 von 810, nutze Token HLy6dZpxu9ZI1LlFnIE25XW5bLETIdKvsFvbcUna. Statuscode 200
Durchlauf 296 von 810, nutze Token EFMUgZRJ6aYWrg0ghuDWbv2FGAMNAZjyMjrPQRdK. Statuscode 200
Durchlauf 297 von 810, nutze Token D2rTTgxpG5XM56PY4yEWfaOJNYyLWDCGvvduw5ih. Statuscode 200
Durchlauf 298 von 810, nutze Token RClSKjzjwJvXE5AKTpaJL2watBgoiU28O0irFZCj. Statuscode 200
Durchlauf 299 von 810, nutze Token nS9Pzhz4kA2U5LvjkyRnY6mkTPPVs7nRIhyhQRZg. Statuscode 200
Durchlauf 300 von 810, nutze Token hoaq4aS1l9wFRGfA9JTwkrAURPn5Qpz9HuxLC4OO. Statuscode 200
Durchlauf 301 von 810, nutze Token fdDPFhFeABBkdnwJj0Fdfv2gbp2pXvpwcCO0DKCQ. Statuscode 200
Durchlauf 302 von 810, nutze Token zPdmR7FpP6CnCbxuCxTMRM9K8F35n3Gnhkovi3g4. Statuscode 200
Durchlauf 303 von 810, nutze Token dE7Nox73dfcMRZxDFZdJGyrvD7A6Hpo3uAoKG8Tg. Statuscode 200
Durchlauf 304 von 810, nutze Token N5DL9SGBGv5ZPYKOH2GAWN8l4V3sglHKwPOHZeML. Statuscode 200
Durchlauf 305 von 810, nutze Token ABqDWXGKhRtUiyJmFJKecoBdTztiWYvLY2u3VhDJ. Statuscode 200
Durchlauf 306 von 810, nutze Token 9b3CsvHWhiQ0EGSPTJggknpLidyO8zDWzyCcEOnZ. Statuscode 200
Durchlauf 307 von 810, nutze Token e6mArAIVHItF0BmPp12lrcP5OCIsBKSwAbPPPEuA. Statuscode 200
Durchlauf 308 von 810, nutze Token qc0CFozZizoCE3gOiZw795ApAQMS1NfsPWNGBjtC. Statuscode 200
Durchlauf 309 von 810, nutze Token MNzge04pz8toqts0wwd6rZr6Ob11IqbrHW5ohqSQ. Statuscode 200
Durchlauf 310 von 810, nutze Token rjkRfDGUPHN0HbuNpYJseFV8dwyS7pbFmVutaG8w. Statuscode 200
Durchlauf 311 von 810, nutze Token P1274uV4aKbzZOer5d3CPJ185OfKDekQyLlFTenK. Statuscode 200
Durchlauf 312 von 810, nutze Token OEQWhlD60g9edrOlE5TrdAqEsrvlEYAFajh3rmFS. Statuscode 200
Durchlauf 313 von 810, nutze Token ak5VWL3nGDQQ4jtpSvtI8JkSUDFW18yMP1pXqKSk. Statuscode 200
Durchlauf 314 von 810, nutze Token LwFigD6buSwKIVdvcaoNhiraUwVvinOIo75pON4A. Statuscode 200
Durchlauf 315 von 810, nutze Token Jj2r8TMkDI9lvSgONuzHzWadOkbC9srM8vIOOsc3. Statuscode 200
Durchlauf 316 von 810, nutze Token AKAR20JnzxMKzXMPIyCuRXfIzrUBlno5yAyqmWo0. Statuscode 200
Durchlauf 317 von 810, nutze Token Qg5DPpfngCguVaTiMhlvxpN25mOInDoBQ7PBeYGp. Statuscode 200
Durchlauf 318 von 810, nutze Token cHTzcpmxlEfdHhpOG1FR87seJ1NxuvHfDTtzQ7XB. Statuscode 200
Durchlauf 319 von 810, nutze Token Wegtp6bGu1gh1jDUuFrK4YytFrnc0aK030QZ1ks8. Statuscode 200
Durchlauf 320 von 810, nutze Token INNRCe5SF7FPkMUyE76LW2HV9xqmGZVrxr4B5O6a. Statuscode 200
Durchlauf 321 von 810, nutze Token sdfuvS0B4yTWiag2hj7XoNd1K7HeonM4IU1GDhhl. Statuscode 200
Durchlauf 322 von 810, nutze Token K12XVLsDErajw7oRoNTTzYfjTGdlFN2kFu97FQGz. Statuscode 200
Durchlauf 323 von 810, nutze Token qA8y9LsHwveFXzel6omSVQ3gfwk5bVLmJ1pkz9nI. Statuscode 200
Durchlauf 324 von 810, nutze Token Sfgqpsha6RyhT7SuzQIw59k6nBAJVzDIRRZFAslo. Statuscode 200
Durchlauf 325 von 810, nutze Token S4mlTOwJP4QWM7pa5fYEh7SCKbbdexUyynljw1BZ. Statuscode 200
Durchlauf 326 von 810, nutze Token 0s2tRYYvWoyAQBoyFFzVhyy147389kiwEu7xKcLj. Statuscode 200
Durchlauf 327 von 810, nutze Token z0LFonZ6G98lMAApNrNZGJrQQBVyx0DZhAnvYMD8. Statuscode 200
Durchlauf 328 von 810, nutze Token D4EACFzGfJ54ZnBUt2N59rsFowz4TE4fntFan5Ta. Statuscode 200
Durchlauf 329 von 810, nutze Token YWQIsr8tyfHrjRTKczVtW2podguWxqGFuDbByiXO. Statuscode 200
Durchlauf 330 von 810, nutze Token 8BWddl8QD4GkrhhJz4QXFUhszeSim99jw5BbBDhH. Statuscode 200
Durchlauf 331 von 810, nutze Token 2YLS3xiMWe6yvxQsh3snzQZwqqSIJDU63SZQPqt6. Statuscode 200
Durchlauf 332 von 810, nutze Token OICuhdj6CN2f8zc0yyOBy7ZXPdP53aOhHzR1qF5X. Statuscode 200
Durchlauf 333 von 810, nutze Token MWv5aSTmpn0epA8XIDunb4HrPvqMdzLBvLdzNOPx. Statuscode 200
Durchlauf 334 von 810, nutze Token B9DAOcaaza2XBX2Gn4vyYfDFFzpvCj7wDQ9SSy7p. Statuscode 200
Durchlauf 335 von 810, nutze Token jcytvvJmLcGVtlTm4KohBW2zCQNhkvQJkG79PurP. Statuscode 200
Durchlauf 336 von 810, nutze Token oM28aqixUK5eYmj5DeEMAJ5xjhF4PWyj41wkxG17. Statuscode 200
Durchlauf 337 von 810, nutze Token ldkyMWFULYykQhqudY6yFGNgrQuR0QNi8bo0Bkhk. Statuscode 200
Durchlauf 338 von 810, nutze Token 6zel7nLlOFY8CQgQwaOrvjfYjGS7Km01DcYzTIgd. Statuscode 200
Durchlauf 339 von 810, nutze Token QxyjGRVICF024XlZ4wk7IS4L6CshXpxdlljMwhE7. Statuscode 200
Durchlauf 340 von 810, nutze Token mleuEMgCLvLP1qDVIqFxVBLjXL4NGoRxdBDgkff1. Statuscode 200
Durchlauf 341 von 810, nutze Token 7iOzX512F6M9d6HYou9L6xuw9s7dhDsxlvyfI708. Statuscode 200
Durchlauf 342 von 810, nutze Token 7qMgK1n3P8IOCWSJkItfTlq69sfOsLcwZ0n0xoa4. Statuscode 200
Durchlauf 343 von 810, nutze Token MnSxf0IJ5SecOYpZgMdL444hXKMDR5DmmNBMncyK. Statuscode 200
Durchlauf 344 von 810, nutze Token 8XKYOFdXPKKbOtpB3jfPzhW6ln5fE023zG6VllKO. Statuscode 200
Durchlauf 345 von 810, nutze Token BAXmuPAfraCBMN2h05lGMTS0YDGYMwu1GVhH6kM0. Statuscode 200
Durchlauf 346 von 810, nutze Token tjViQmejDwAlNny5GIzf6YkRvjOiCw8QKcpaYbkr. Statuscode 200
Durchlauf 347 von 810, nutze Token viKNZVYJ7L2YOUHXCZrg0lIexueQJX5SBLMmvUtw. Statuscode 200
Durchlauf 348 von 810, nutze Token cZQWhuQ61YQ9omENda8id32277Bu8fPvOipu7isk. Statuscode 200
Durchlauf 349 von 810, nutze Token FY810JxEDjH6AtnixZBau9AejNB4t88lhoKI7TMM. Statuscode 200
Durchlauf 350 von 810, nutze Token y9h0A32DH1bKMaJgldSNSdqSktmXZ27akxFYkBVZ. Statuscode 200
Durchlauf 351 von 810, nutze Token uEtgW2NepSpbxFfd0St8Sgp84pDpxW7MvWbEMvG6. Statuscode 200
Durchlauf 352 von 810, nutze Token q5CSIUzHAyuSCUt8b1wQn3NpSrh7XeInZwexg1MA. Statuscode 200
Durchlauf 353 von 810, nutze Token gZgDY57nSdhScwDhlxPEC6MmANntLFQQ30VQ1j4Y. Statuscode 200
Durchlauf 354 von 810, nutze Token A8Oyi332SVvZUgBB0vehmOtXvPjYCSMxCl4zywOJ. Statuscode 200
Durchlauf 355 von 810, nutze Token 3ORvSzuzJNa3JOMloxhvsdb1lfrNa8BuRoPokYAP. Statuscode 200
Durchlauf 356 von 810, nutze Token xz5xXfmgQsBAN2BeyvMinRaSI3zhw8v0US1PVjGb. Statuscode 200
Durchlauf 357 von 810, nutze Token brpdqse0cCC8RvlPlhM7KFTpHkiR2rDUqtbrx53J. Statuscode 200
Durchlauf 358 von 810, nutze Token BVMhFxLaH28u6JNIpBE0ADoejOw4aZrwj9h2xYLl. Statuscode 200
Durchlauf 359 von 810, nutze Token g1Gs0YvTibUOXPPWTB6BeiLa2XEPiY8MhpWpdcFn. Statuscode 200
Durchlauf 360 von 810, nutze Token KL6YbgFV3mcCKZkzkvmKH0yvXxJtybyvHgMWXJrE. Statuscode 200
Durchlauf 361 von 810, nutze Token 45cZf4BIBMxvasu5ZpUv5DepMOT11sN2aHaUS3zc. Statuscode 200
Durchlauf 362 von 810, nutze Token pRjNmx3N3Tx7hW1HE4NYncUbQet3Hvywh5ttyv2L. Statuscode 200
Durchlauf 363 von 810, nutze Token l4wGzltaRJlCOaRR7c85k1A3UDh7ef8TYjTInis3. Statuscode 200
Durchlauf 364 von 810, nutze Token fo5xbXsNYxB0FPNnTTwiBgm7IOcdYFuc5DF8jcDU. Statuscode 200
Durchlauf 365 von 810, nutze Token NavLrAkfyy2arT8t2eCzWjCmpxKUFFG4vBuSabEZ. Statuscode 200
Durchlauf 366 von 810, nutze Token P37rMzRZUW0aDnEGOGSiEK6BlKhOqwuglw4c8OjX. Statuscode 200
Durchlauf 367 von 810, nutze Token TEYk3yuLusuoSPko9XBcYVDdUukqhyDVctTI0Ovu. Statuscode 200
Durchlauf 368 von 810, nutze Token ZyUSNIy50CcbMUeQzSFeZ8IbZPBBDrgzfYP7TbNo. Statuscode 200
Durchlauf 369 von 810, nutze Token 4L4mHikGQpcb3N6Ja6akXfVt7jNdKRGBLtBeM4T4. Statuscode 200
Durchlauf 370 von 810, nutze Token 2z1IaZsnQNNU00RTXkuLyxbWb6HUoZLv6LC69kkx. Statuscode 200
Durchlauf 371 von 810, nutze Token mUYj8yRh4KRY62gyRRaBJVTOMycZ6f372yU8AdMx. Statuscode 200
Durchlauf 372 von 810, nutze Token JUnWLenr8ZvuoyzxhWxGkzLFvZWOOYcQ57ff69pI. Statuscode 200
Durchlauf 373 von 810, nutze Token uKmChR23cjd11h4JTHAUhq5Fk3SL6CtMxuVxV82G. Statuscode 200
Durchlauf 374 von 810, nutze Token SWxuWbOKw0S2fhiu6WNN9i8wlehGn6wXa6G0FGnI. Statuscode 200
Durchlauf 375 von 810, nutze Token Hss5lOATX0DB0Kj2KIrQfUNxqaP6l5fEmQKDusuZ. Statuscode 200
Durchlauf 376 von 810, nutze Token wVZUOKR0AL7MIZNrXgyUWh9N8kZHTlrJvbdaBVLz. Statuscode 200
Durchlauf 377 von 810, nutze Token PLq0NM3hr4UtnFMlq9EIeLzYlg6Zzf8hFAlUwiYz. Statuscode 200
Durchlauf 378 von 810, nutze Token zHl8ayVKkXkQjh2ffCwTx2TQeJJUH9uZg4yrDnZG. Statuscode 200
Durchlauf 379 von 810, nutze Token TuzdCa8Citmb2FzgJ1VVmazIpuPDbXkB4ymrElS4. Statuscode 200
Durchlauf 380 von 810, nutze Token tUNeUSUjC4aQbCf8mjT4grcPvo9YzzTaREXYExDo. Statuscode 200
Durchlauf 381 von 810, nutze Token YYIpNJG4OEGrBB93aIXFAAHuHA7YKwSj0Ewj0QHd. Statuscode 200
Durchlauf 382 von 810, nutze Token LWKn1L93wHZ2ki0rYNcZmG1W1TWoHkas7W0qIKGM. Statuscode 200
Durchlauf 383 von 810, nutze Token 5i6myaGH3bRHAiYrJvPlUAiQClXXYA9zlMjUcBBy. Statuscode 200
Durchlauf 384 von 810, nutze Token WkzoaAOEUrr4vEE7W15MjyqXx2zYZgf1V9BcZp0d. Statuscode 200
Durchlauf 385 von 810, nutze Token 99JCMGhGDWJ3gIlz3XmDKNP7lyK0ojK6neWe3TuL. Statuscode 200
Durchlauf 386 von 810, nutze Token YkCOY42XjjcZwnip5QE7ZsGa4JGy1EmM7ODmG183. Statuscode 200
Durchlauf 387 von 810, nutze Token i5Gp3zpvG3B7LNmkLF3JrYct6uUemf040vYY1PnZ. Statuscode 200
Durchlauf 388 von 810, nutze Token hayaiv35jpp2TLa8lladvT8Y7JfeBpFVUUAzNZfa. Statuscode 200
Durchlauf 389 von 810, nutze Token YK9BXN4y6u6TGlT0PPeru7nduKmleTenyDZJloHc. Statuscode 200
Durchlauf 390 von 810, nutze Token RxN3GGXotAb8tlBpt9vfU3QwhqDazokGvln6Rodj. Statuscode 200
Durchlauf 391 von 810, nutze Token vodzXD0zIDDBLhakrPL8KKPTY7J5Ib4rFnISOnqE. Statuscode 200
Durchlauf 392 von 810, nutze Token Cf4Jy1IxlUNR0dMHIOkGas3tekZuYm5jRlftxues. Statuscode 200
Durchlauf 393 von 810, nutze Token Qw9zUgj5G1enAiUf8A8NohKWIj8A5TinCvv0rd10. Statuscode 200
Durchlauf 394 von 810, nutze Token u8ItUWknaxDTWgkBIXEin4EM3CXOzrpzmkDJd0cA. Statuscode 200
Durchlauf 395 von 810, nutze Token B8sHaU24Qq1sob4WtZyKH8gnNPjw5xUj04RcfcU1. Statuscode 200
Durchlauf 396 von 810, nutze Token ckKECBEyZL8vl1QMaQe2dnApJJzfhJzGspmwuhDt. Statuscode 200
Durchlauf 397 von 810, nutze Token KrnDRTKLk61g5kM0KcaG3486OoPkNPKI8YEerpSb. Statuscode 200
Durchlauf 398 von 810, nutze Token Z7gfWOyGEQ2qoYTX7aVP6W8HD8nGLDiXU6Uwrltm. Statuscode 200
Durchlauf 399 von 810, nutze Token V7qGkg8FIuXR29En6SD2pik4daN7ix92pRra7tTU. Statuscode 200
Durchlauf 400 von 810, nutze Token fBmSlA9596VO8FPeVsRNSN3QI8qLYE9V17Lzg72h. Statuscode 200
Durchlauf 401 von 810, nutze Token C6Tf5nvTUEyt6UOin2fLZkR5KwIaQFVkVG5JwVhJ. Statuscode 200
Durchlauf 402 von 810, nutze Token FgLPD0939gtDAtllbXXqoKkxcilP0emo7rdzzJeq. Statuscode 200
Durchlauf 403 von 810, nutze Token Lbya9ssxkurGPKD2F4neG3kEd5jZxfal5U0D2JEN. Statuscode 200
Durchlauf 404 von 810, nutze Token iQXaCVZAG4TVdLTFuwsgYe9v43hKoiNAZz5cB0Sa. Statuscode 200
Durchlauf 405 von 810, nutze Token MeSa9vRNCFlHN2gytFyNFOudK2KBZ8YDOCHJiWLf. Statuscode 200
Durchlauf 406 von 810, nutze Token KzIkOv286lv9TTyqKzRdzNDj1UbQXqLkdOlZ71MJ. Statuscode 200
Durchlauf 407 von 810, nutze Token 71K5aiY8DOIR5MJj90P222xfdpmvXjIRPfYfgunv. Statuscode 200
Durchlauf 408 von 810, nutze Token a0m2u32W5M0ZL7qey9EDwvjZl2bz98GCEYGglCn1. Statuscode 200
Durchlauf 409 von 810, nutze Token bHlYACzPorYgvdubuXis0hXT2xPQvfeLUZYOdw6n. Statuscode 200
Durchlauf 410 von 810, nutze Token TQUVMimWtaS5fJtat9IPoobi8jCN3S3CljiryrRV. Statuscode 200
Durchlauf 411 von 810, nutze Token Ste72vbntIBwqZGtY4tNgRHtghP5ddxIIlY7dkYI. Statuscode 200
Durchlauf 412 von 810, nutze Token 3Mj6LCtNpIAZtvJgnXQA26Mbsu2kSiZ9FOhJzXZk. Statuscode 200
Durchlauf 413 von 810, nutze Token If4lTPkLjCVvOUVGOxijY2qPJKSCNDxjkHjp9Ucl. Statuscode 200
Durchlauf 414 von 810, nutze Token IvVem2Jv72nObzdchLtC5Fj6WibdMCUerzy7cYKp. Statuscode 200
Durchlauf 415 von 810, nutze Token EfJE86Et31WuLGmI9YTbNsiDhhXdaNZxtjICpnn6. Statuscode 200
Durchlauf 416 von 810, nutze Token E62tbAILyBSosldFj0MLghtPUNPPf8IJEykJBeVi. Statuscode 200
Durchlauf 417 von 810, nutze Token m9HQrBf6Ba5ZNFFrfsEjRIj3nf5lhN3DslyJsYdE. Statuscode 200
Durchlauf 418 von 810, nutze Token ySLvwPGMWlFbv2vRIsCExsYRqYh1BGUiOReGg2yr. Statuscode 200
Durchlauf 419 von 810, nutze Token gV0UjrbQxCdELhOpUqQZ1xAnvB1RVrePcXsCJIlg. Statuscode 200
Durchlauf 420 von 810, nutze Token fDm040XxKetCBNa9QJoTjz9DbpAwjZKLsGyKJApp. Statuscode 200
Durchlauf 421 von 810, nutze Token uf94Bi4OUuUWkrl00tv9wKI9gQfVxa0lgUhzqvmy. Statuscode 200
Durchlauf 422 von 810, nutze Token 6Co2FGFCQgaaXB7mib8q6WlAJcfyAz15yA91o8pA. Statuscode 200
Durchlauf 423 von 810, nutze Token oaMLrK7Wz2zKMQ7bSMYNAOj7oEq4hwVUS0HdFds4. Statuscode 200
Durchlauf 424 von 810, nutze Token hjun4RsUbhqFKNUAt0Jm5pM8jNDlmPHpSIzcyXqc. Statuscode 200
Durchlauf 425 von 810, nutze Token IUn7LiRryDS66dhtrf9vE8Mw5Cx1Vj06jGdhRguP. Statuscode 200
Durchlauf 426 von 810, nutze Token sFekOtcexJaF1JUGcTCboAkKQ3A3JoSiW3oC3yI7. Statuscode 200
Durchlauf 427 von 810, nutze Token 7qdGxHN5cZtWwhTiyTOaQFUPXFarJJFJ86jxWWF5. Statuscode 200
Durchlauf 428 von 810, nutze Token 7rsZv2AHAjkZUVtL98L1xgvZwUAm6cHcAa0sWLi8. Statuscode 200
Durchlauf 429 von 810, nutze Token UeMKCRvlfMqPqMWrWVX4Nwhf3pLcRNkiJNPBf1lH. Statuscode 200
Durchlauf 430 von 810, nutze Token WONuTNCDOrXgvJ6sCRBrtVr18qViltQ1iJL71px0. Statuscode 200
Durchlauf 431 von 810, nutze Token 9WFCyKKMq7pUHRSks0Dm6DYqdKs30mJLl3rlI79y. Statuscode 200
Durchlauf 432 von 810, nutze Token xFgCdfM8pH0xD3xGmBDViR4nEkTRu77eQLzrtt6i. Statuscode 200
Durchlauf 433 von 810, nutze Token adnf4jtSZC9wMJxxasaQx0sIbMKLsbSRun7MGjbC. Statuscode 200
Durchlauf 434 von 810, nutze Token X7rkhMBStihymNhyCHs2BCglPqJDtTvS9wS5pss2. Statuscode 200
Durchlauf 435 von 810, nutze Token VxUZuGPXYQU8dVy2zLOSIqkstw1hyN82NcmL3Dyu. Statuscode 200
Durchlauf 436 von 810, nutze Token zCLUUhh3nGmec44LBSFE1RmUGpn0igMf2tWEBwfn. Statuscode 200
Durchlauf 437 von 810, nutze Token 3SmAdqy6IkHhOh0iSrvujbkSI4MlDwgpYehsqFwA. Statuscode 200
Durchlauf 438 von 810, nutze Token 4p9xjWz9fd1TfFwtcZCAN6TfTGh6qMWrlYAQv1xG. Statuscode 200
Durchlauf 439 von 810, nutze Token DQlt8XhJdkZycSI5mxv2V8yFvxhY2c0sFzIhvAO0. Statuscode 200
Durchlauf 440 von 810, nutze Token PThwjL26OIMIfCHmhX5bR7s0mUAjFJAq0jZdGAUQ. Statuscode 200
Durchlauf 441 von 810, nutze Token pvu50KUfr6vXBItuyPp3h2nJmJK4vIjUDShjMjS2. Statuscode 200
Durchlauf 442 von 810, nutze Token 8AD67tzUtCR4lNWdIMsZmRo3hFiWDzAOFndvcUlU. Statuscode 200
Durchlauf 443 von 810, nutze Token 0IQek5oc1UEHg7FiVeuJWm6zBmGmY4ckv1IWZzFS. Statuscode 200
Durchlauf 444 von 810, nutze Token ZeHQpr4MC31hEe0zY3xDC0d7toPV5UuGUshNKJRB. Statuscode 200
Durchlauf 445 von 810, nutze Token ojd6URTlRXTwaX1PFJIJJFoNpeehezEMw8RVAmkB. Statuscode 200
Durchlauf 446 von 810, nutze Token RG6i6a0ounCm7hhJbqL0Ziyl0Wvgl3lrPVfTuUuN. Statuscode 200
Durchlauf 447 von 810, nutze Token dKvGAMk5RPJojhIE8nQNkvTPl8XFa9Gp2vVpFUe3. Statuscode 200
Durchlauf 448 von 810, nutze Token 1Yz3tsKOZC79mC07gnmjpeQEcuq51ZJVaFFVdsW3. Statuscode 200
Durchlauf 449 von 810, nutze Token tQp6mpiWP7bggqCx3POdG5IUwSwCBxsFckLVA1JB. Statuscode 200
Durchlauf 450 von 810, nutze Token aFCEq4fr7y8zH7COuitfNG94Oc2BVpRaq6IrstL4. Statuscode 200
Durchlauf 451 von 810, nutze Token k4PkQfOdvqnS6csnvquJUlirRryC3JnRwhrGE39F. Statuscode 200
Durchlauf 452 von 810, nutze Token 6ZvQV7jOlCenylbjTzORCcqETpzPXoIe9ZtbvEqZ. Statuscode 200
Durchlauf 453 von 810, nutze Token iEx90Qc2Cqp204NoJvgCOPx45TqWmA1Wj7NUoN3a. Statuscode 200
Durchlauf 454 von 810, nutze Token lw3rJhyKkEfJQ5zPMrbtkzZDrQ8dilHZiuIuBvss. Statuscode 200
Durchlauf 455 von 810, nutze Token MPl67YWUf6jud8rW2tIqAevrvxU8oUSHEZKjJnV2. Statuscode 200
Durchlauf 456 von 810, nutze Token zMCVkFSipiJJ8GSFVK6nwUBms4oZtF1YiP8j9QVs. Statuscode 200
Durchlauf 457 von 810, nutze Token N2YfoE4KwTE6ciq3xfKMznoKJ1hMMzG7YkM23y0r. Statuscode 200
Durchlauf 458 von 810, nutze Token xNtOnIeaQS6f1jpiNnfrfCp4fu44C5zB55QytBKZ. Statuscode 200
Durchlauf 459 von 810, nutze Token pxJbnSsyfDn0sQzKtkpVjG0OSpTlB6wi4zBrQ1Uu. Statuscode 200
Durchlauf 460 von 810, nutze Token SUWT4L9hbCpAAocaJPIzDKmD9BbVrVtPAiW9UyCF. Statuscode 200
Durchlauf 461 von 810, nutze Token DMSo7nGHEru3hnCrAjJSzoMgYMwvcQrrOkMJWNuK. Statuscode 200
Durchlauf 462 von 810, nutze Token qEMrT2kCw8D8rxFlgpCp9ln85JoeUwh1SjbPAvsR. Statuscode 200
Durchlauf 463 von 810, nutze Token PMjL3dzDfME9ezfZwOFxIy1cX05l6SFCRmSIYrZ2. Statuscode 200
Durchlauf 464 von 810, nutze Token kF8pp1xMJLUAOMQpttKaF3ACUz2w3GqSlv8ygzMP. Statuscode 200
Durchlauf 465 von 810, nutze Token kc6wjwoUSHUkjjDVueonh2AARFrQnXKZANWVTweA. Statuscode 200
Durchlauf 466 von 810, nutze Token 7xXvgFHcK7BpFTtV4ctnStUZC8NLHEY2nDZf8q24. Statuscode 200
Durchlauf 467 von 810, nutze Token yTSJparPlckbtS8OaabfqkvV9qcwln8dwqaGkOtN. Statuscode 200
Durchlauf 468 von 810, nutze Token uTGuJReYUgE5mkqOH7GvCSA4KtUMqJZsEZeOFMoJ. Statuscode 200
Durchlauf 469 von 810, nutze Token mtUYHPu5JuQaydwFPVTCV8bIgtJa43qcfNfvehZY. Statuscode 200
Durchlauf 470 von 810, nutze Token lPhcVzb0PMmHIevcbrh7EcdUIU21y95IX18T2XWw. Statuscode 200
Durchlauf 471 von 810, nutze Token DI6A1sO5AiHZBSVyrw1oVw2X0aPxbySIpGIbRxIy. Statuscode 200
Durchlauf 472 von 810, nutze Token 7Ol3u3N0tPimK9KrjAno8X0N3q1perWbtVGZmhIH. Statuscode 200
Durchlauf 473 von 810, nutze Token Lyh0cMapBogXYWjT62TcCrXjWDqTQm4l749GTPXB. Statuscode 200
Durchlauf 474 von 810, nutze Token ausqsGpcoSJxOB87SNPrZco49wQNr4Gr1abgFTBH. Statuscode 200
Durchlauf 475 von 810, nutze Token QjU3s39nJLGrT6XeyEbfLmnI3flPGR6bkXk51pZ4. Statuscode 200
Durchlauf 476 von 810, nutze Token yMwLfnX4u1UxKgBWwRn9eHBfK5TM3JV0tSRpwoGK. Statuscode 200
Durchlauf 477 von 810, nutze Token tskW88kii5owzb9TdKzgEwScMKuJhMzhqBJ2VDVE. Statuscode 200
Durchlauf 478 von 810, nutze Token lLNxUT629RnQuxabNDzMIPVG4czW7HBiDQdRwCLX. Statuscode 200
Durchlauf 479 von 810, nutze Token O4x0eINAuKRLWx8MZNm4UIvPXrzKJF1r4cySsIcQ. Statuscode 200
Durchlauf 480 von 810, nutze Token U2kFYzlUku68zNXaRvnmxyP7N6LwNv1bKdWqHFmz. Statuscode 200
Durchlauf 481 von 810, nutze Token 6ZSkSgdZa5A3me93AvLwdV0bPwFM5rigsmwk9AbG. Statuscode 200
Durchlauf 482 von 810, nutze Token ctD6ahjgqN1QJqEu5NCXxDEkGzGJfCsi0iReemjj. Statuscode 200
Durchlauf 483 von 810, nutze Token iHBuKVkjMe5tQHOzNogOxoH07X3CvgEDvnrL7pDb. Statuscode 200
Durchlauf 484 von 810, nutze Token hozaWOEyIKoIektZcfZ9BNMpMd5MTPjhU0l7BHzr. Statuscode 200
Durchlauf 485 von 810, nutze Token RY5T1DCAxz3nRj8W8YGoC2FXoiblciRPPFL0dRUt. Statuscode 200
Durchlauf 486 von 810, nutze Token Bj3MAvKO0xVPZ9wGtc7d9Vdh0bRGFKnnweOxCcoD. Statuscode 200
Durchlauf 487 von 810, nutze Token O426vdpgtPQWzySX5uexHi4t0eBwiNN79QhY5wY9. Statuscode 200
Durchlauf 488 von 810, nutze Token kPeVnoxE51jnZeDYefh6ErTaYRhd5f1AlAw63uu2. Statuscode 200
Durchlauf 489 von 810, nutze Token NLC6RGlxrhD1eeIpleGYOKzLID3bpmpKa5McZVLR. Statuscode 200
Durchlauf 490 von 810, nutze Token si0mUreCX6d9SC4PlIvJI4zrhbnM0EuVvlGn8XIL. Statuscode 200
Durchlauf 491 von 810, nutze Token DMADZzH0dtWQ2uDsan3ftPE7PBKW2Xn3x4uUExZN. Statuscode 200
Durchlauf 492 von 810, nutze Token lx1CusVpc5nrlMotB4MWwyKqaKO8mtLbnFXVCGED. Statuscode 200
Durchlauf 493 von 810, nutze Token 8Sd74HLIEQuqpvw7yqzbms0wbpUISOXQOPkQwbNL. Statuscode 200
Durchlauf 494 von 810, nutze Token hG07jiaTVeEOzBaNyjt3sXHejzEDWPjf9lZVJccL. Statuscode 200
Durchlauf 495 von 810, nutze Token 90RnWepPqaCtxlr1ifIKGkD5eUtFzryAtcwq4Axn. Statuscode 200
Durchlauf 496 von 810, nutze Token Tsxea24Jbom6oSyebBKTxX5CsUk44ptttv4nmi0h. Statuscode 200
Durchlauf 497 von 810, nutze Token 10wFT50WFMPBVApMU80huk0DOHCy2I08CwSI9xL1. Statuscode 200
Durchlauf 498 von 810, nutze Token NouvpFpYmEoYNCUV86tOIhvQMbZrnljEM7bzuhx3. Statuscode 200
Durchlauf 499 von 810, nutze Token rTX96hEB49MF0I6QwgQvfZ0jCP2j20mcWVXnPrrC. Statuscode 200
Durchlauf 500 von 810, nutze Token HzaTVasp4AXC3SsX25DqaaIvz0hAmZi1jCuDoukb. Statuscode 200
Durchlauf 501 von 810, nutze Token voOOpguXuM3gwyNNpVQYNndLqVfrtr4K4sxnnonI. Statuscode 200
Durchlauf 502 von 810, nutze Token fokMnKZJjxxn4xwuNimmrajibI5vJngjxseey6rU. Statuscode 200
Durchlauf 503 von 810, nutze Token MtZL0kz4sxP4b7QHTqvghiI4S5IxMhBnFOR2M8wR. Statuscode 200
Durchlauf 504 von 810, nutze Token 7bnNedN41p7vkJXYfxZbrbB6n1eqDwJY93kmuRr1. Statuscode 200
Durchlauf 505 von 810, nutze Token SYSTnULBbJ9zEvlP2EkFgDQkTHbgmgQLdvsMgvux. Statuscode 200
Durchlauf 506 von 810, nutze Token zJ2vvvHzk28lKUiQfhp1NqA4lEH7ZiL9g4riaAB9. Statuscode 200
Durchlauf 507 von 810, nutze Token VfAuA7tstj63onNOqXdTitQZr8ESZ2KEP6UrfDJB. Statuscode 200
Durchlauf 508 von 810, nutze Token bnKzny24Oh7Hd7iKwvKBt3CsLBjtZ0v2waQs9EkK. Statuscode 200
Durchlauf 509 von 810, nutze Token qVp3UFlyetqx9N9PCwYUPOGYo9T2Hu2Gkq8hv8yf. Statuscode 200
Durchlauf 510 von 810, nutze Token 6djpBS81fdAL3VlQSEgFEcTvHfJUkRUS0FBRH7tu. Statuscode 200
Durchlauf 511 von 810, nutze Token 69r8EJRUOkSn1i7u0kj8aMoQ12tWCYaXdocSe9sb. Statuscode 200
Durchlauf 512 von 810, nutze Token NpzMKLghdk4aHgAP2Dae6q6Z0jX8iNgLgWJJxASJ. Statuscode 200
Durchlauf 513 von 810, nutze Token jXS87y9fnSOxByw2uPtNHFifzo7NxrLGMyejgG7v. Statuscode 200
Durchlauf 514 von 810, nutze Token mMMZ93RMEVkOzqYpSmFtONEZHOQtLXRJMOCBftrq. Statuscode 200
Durchlauf 515 von 810, nutze Token X2pR3FHkBeNm0MbL9nR4uLpSgox1SBhC4PE4mZyH. Statuscode 200
Durchlauf 516 von 810, nutze Token 4NuKfFUZb3xikwSUUaFd8dD1P9sS9eAlpiShoMJS. Statuscode 200
Durchlauf 517 von 810, nutze Token tl2bm8sJihPx1Kieo94OJ79alc0jDbfhRCRKr5Cc. Statuscode 200
Durchlauf 518 von 810, nutze Token ImXhMfebndJG6AMsg2obtBYPPLm0BxRG03R9Tz8B. Statuscode 200
Durchlauf 519 von 810, nutze Token 3BoKhrRGrmhWmcy4vWMecZl7EwtWnVmRCZdU9yeJ. Statuscode 200
Durchlauf 520 von 810, nutze Token vKnVwbWB8I18bIC7Kd4rM9DgzGUmL0P8ANcx2ViC. Statuscode 200
Durchlauf 521 von 810, nutze Token SAXurUUKRZQNYk4pCs8tZLNELIJWU8zmx0ruzKpy. Statuscode 200
Durchlauf 522 von 810, nutze Token u2zNAMW3LNScSgst8PdITZEbuSIeXwj9MtHuKugb. Statuscode 200
Durchlauf 523 von 810, nutze Token FN1fwOYjamVtMChlPkI8sicXzS9RduL7UtHmZ3KL. Statuscode 200
Durchlauf 524 von 810, nutze Token urqVoDbhJK7kapmISVO4hUJRqP6inNDEBcySoeZ8. Statuscode 200
Durchlauf 525 von 810, nutze Token 9JJLW8MxRwT5pEBONd9BWlE3yGlFdeK7SexUtYjW. Statuscode 200
Durchlauf 526 von 810, nutze Token rGtPYjsMtndxZWfrzoEciTO5397FKGTQtIOGlrvl. Statuscode 200
Durchlauf 527 von 810, nutze Token hEJBet2JFEhNH5A8HAwi6YcblvSXIUI6A1FzrgBD. Statuscode 200
Durchlauf 528 von 810, nutze Token 4pEdtsq87cf7IvDew8CibdyKvq7Km7eU8zAMPmMy. Statuscode 200
Durchlauf 529 von 810, nutze Token mvGETzISKGgI3FuNyrwf23njLniwrsF51ZCNyxzb. Statuscode 200
Durchlauf 530 von 810, nutze Token NoDbadLIqnuwxnWEmiNVqJpnxSvpq7DEMV6x9dBY. Statuscode 200
Durchlauf 531 von 810, nutze Token C2Wq5rGILL8W7bITXvT9aYW4eG432iGrVJ1k4NRi. Statuscode 200
Durchlauf 532 von 810, nutze Token qfHjUCd4CBkcvUsv69qP1JlIMhouFNVSEgZ9S99n. Statuscode 200
Durchlauf 533 von 810, nutze Token DiHbq2DJ8ZBVwczZJrm1KFa0u1l9JbOyaC8LNs9l. Statuscode 200
Durchlauf 534 von 810, nutze Token BhRncvaHzcM92x4P3344lF5ugAZK59dqg8BCuoOL. Statuscode 200
Durchlauf 535 von 810, nutze Token JpxxbwAhmdhdSILXMBPIbwkP3fH9SOeIY8cjqppm. Statuscode 200
Durchlauf 536 von 810, nutze Token WoSjfvrs7J8IkCA73Qr2xsvpZI4aHaIHoIVbR8CM. Statuscode 200
Durchlauf 537 von 810, nutze Token dATsSStejaExxzaK2MBWjkcATNgg38lblgSoLJgy. Statuscode 200
Durchlauf 538 von 810, nutze Token WFt60E73szMVNGtJtHEcf46oFCFtiIfB6mhfnyhK. Statuscode 200
Durchlauf 539 von 810, nutze Token cyIoFUygPnmTmWhXtX9mQyFs0UTcAWunVvdwd5dK. Statuscode 200
Durchlauf 540 von 810, nutze Token 5XgUJo5TMwwGPm57HqqXpfkhTDbzkQhh3bYr1Hzi. Statuscode 200
Durchlauf 541 von 810, nutze Token 84Em6JB5ltpKoH9tuRUiIYMr0xeffojAJG5uCZbC. Statuscode 200
Durchlauf 542 von 810, nutze Token Cifoy0JxrVqPaBroLCcoi9sy4AY1yqliZXQZRDMP. Statuscode 200
Durchlauf 543 von 810, nutze Token NCllojpL1uA37FkuA8sMWJI7RpGze3fm4dxNHNeV. Statuscode 200
Durchlauf 544 von 810, nutze Token I6xZU5O925ihilP2DR0A23CedS8stOaZMvI7VqyL. Statuscode 200
Durchlauf 545 von 810, nutze Token gK50HtIAerbXkT7iAk8UE29bfyF456bPc4hYEIqi. Statuscode 200
Durchlauf 546 von 810, nutze Token Mst6NlBrLY3GPaBA6zlq6EO8T2FyjGwMO5xAbOhE. Statuscode 200
Durchlauf 547 von 810, nutze Token jDTohZ5pWaJmlWbPtodZS3RThEXwPzRd4mVed24W. Statuscode 200
Durchlauf 548 von 810, nutze Token BpVj15KgVeewbgBj63mWCANwCjjR9Ppcmn2V7aVY. Statuscode 200
Durchlauf 549 von 810, nutze Token 9wNYGdEoRVLAAPDSxMNO5eg45UQmPD2YlNVayr4l. Statuscode 200
Durchlauf 550 von 810, nutze Token 7nt4sOWDeFm54CO1ARjKRatTIwQsufePIbmCosST. Statuscode 200
Durchlauf 551 von 810, nutze Token G9aAWCdOmlVpVQ4yjCmvjxVj8g44jWv5D1HVu7Ik. Statuscode 200
Durchlauf 552 von 810, nutze Token z1i31RUaaf2BplEt6tTZPa3ABNptFPWIrvTs9JEi. Statuscode 200
Durchlauf 553 von 810, nutze Token lzPedIytAoBX4lV4QoUen7lxVh8CXOQWRSMM4Akf. Statuscode 200
Durchlauf 554 von 810, nutze Token pcTsEy5nh4zz4euiVT8c6cPS5l8AzPVyIclZsZ96. Statuscode 200
Durchlauf 555 von 810, nutze Token 2RTbuX4rI84r8mmyG1nGiwnIEs5jjmlerEY3LTS8. Statuscode 200
Durchlauf 556 von 810, nutze Token HWmFzHZZWZMKHhBCHzwojmFKhWDEAFMYFk1XHks3. Statuscode 200
Durchlauf 557 von 810, nutze Token ZaG1zAaqLxDIvPCLgdIceATLVn7Iq8jQPoKAgV4a. Statuscode 200
Durchlauf 558 von 810, nutze Token Ctd9Q6HR4KsL2wGFrPBh4sJApVlxD14fUYjTkgbR. Statuscode 200
Durchlauf 559 von 810, nutze Token YJBQtCHv5SxqSw5FcNBve9VxLHySRnMaoufdz6qr. Statuscode 200
Durchlauf 560 von 810, nutze Token gdL5M2pXlM4yCK1lnSQ3sYUgRFFjxfqsZ4ClliyS. Statuscode 200
Durchlauf 561 von 810, nutze Token zuVhF27Zh4SOpHL2qCnHCSKqeyFYAAf1V4wkeFJ2. Statuscode 200
Durchlauf 562 von 810, nutze Token IwIlaDp9r60zd55JURMlQYJAmu4rokS3TOW16eHG. Statuscode 200
Durchlauf 563 von 810, nutze Token JezoZ0pqeVm88pJTRy4SmK27xlYTUH8oxVQCqMbB. Statuscode 200
Durchlauf 564 von 810, nutze Token j3VyV0W7eMWSkLMv0UK34lxsZyYnnMgO9Vqku3a9. Statuscode 200
Durchlauf 565 von 810, nutze Token 98UO4tTosWGpbZEnw01msl5nZOZ8tptNr35r5Y5c. Statuscode 200
Durchlauf 566 von 810, nutze Token h9KyrT8Dna8VAX5XukvHSMns7Gaobj8JBf0nRN0X. Statuscode 200
Durchlauf 567 von 810, nutze Token 4KDRaEa3Gc2jePbmO2abhRNeQn9Lp6HbZwQ4jg2S. Statuscode 200
Durchlauf 568 von 810, nutze Token OHJjuH6aflC9GI4bA1JcQe0IudcjyHEz9A5VPeqf. Statuscode 200
Durchlauf 569 von 810, nutze Token 5FPpjMLietStwDRSDlFCETE34R9vxdU3mh8Je0Xt. Statuscode 200
Durchlauf 570 von 810, nutze Token PYL4Abys1B3XcJXGRQAJAfciCsGTTdwNksY3n9xG. Statuscode 200
Durchlauf 571 von 810, nutze Token Uuc8hr1yKONmgUWnT6STq7EUC8XWw7M1UO3aQu8k. Statuscode 200
Durchlauf 572 von 810, nutze Token 4TKqmXjm25A1rq7629hTWhDz9JwSnrlXElHmNUcT. Statuscode 200
Durchlauf 573 von 810, nutze Token 3nDMkStj2p74RDrNoZXw5NVKtGQ8u0U1LtcvwAG9. Statuscode 200
Durchlauf 574 von 810, nutze Token 5O65PnKG7WVjxpK5oxM5PGDMagO4hby2aqrffgAL. Statuscode 200
Durchlauf 575 von 810, nutze Token OUkWstgGCsjXTwqdfiIfXpU8xU2zHtABYKykMRZH. Statuscode 200
Durchlauf 576 von 810, nutze Token DxTM1DRSdJZpV1kh5LTzZ5IZEtVYrV191iMVc95A. Statuscode 200
Durchlauf 577 von 810, nutze Token wPr5S69Md7tjDr1cxVK5YpugDPZt39XHcjlABg3L. Statuscode 200
Durchlauf 578 von 810, nutze Token 5Z98C5NWqI6YG8mTpyfHyQ2UTpxBSGgCBSpmd30A. Statuscode 200
Durchlauf 579 von 810, nutze Token Erc1SAP6rITAFZUHUi35dYX8mpVRnQIYvxvJAeRL. Statuscode 200
Durchlauf 580 von 810, nutze Token Bo1CYYXDiAGxPg2u9JyMSyTLczlR8sqSGZNqA2rL. Statuscode 200
Durchlauf 581 von 810, nutze Token NoUZvPb5Erma1P5Nf9cvx1zWG95Hr0gqp89AlxdB. Statuscode 200
Durchlauf 582 von 810, nutze Token pN57U6Z9oE6HS7YaHrsGdxZxXEi3H6OVmMVTwURI. Statuscode 200
Durchlauf 583 von 810, nutze Token yCVWFFDZkM9LFM9rGPeqaG9b6d3w6X2dwszs9zoS. Statuscode 200
Durchlauf 584 von 810, nutze Token mnpVl6ilEOTLXFKCLJO6BKPnWPMLM2ELiwSWHgp8. Statuscode 200
Durchlauf 585 von 810, nutze Token b0ZlCHPKDE4LuuXgKP5UxNLSBStFU96qdBUUYgpj. Statuscode 200
Durchlauf 586 von 810, nutze Token RC1PASGMy6NP28fFb1JxsLA1iEPaEV9EmhZJERjT. Statuscode 200
Durchlauf 587 von 810, nutze Token l4IQxDAgXs3IUuNuplyRUmjdwVZOuovEjGJJr6yW. Statuscode 200
Durchlauf 588 von 810, nutze Token jBdev0hZ0JNv9civTRXbGWIRNexWUCsiUOIzBsHI. Statuscode 200
Durchlauf 589 von 810, nutze Token AI66JNqJh86tdBhnh6yCygtYFaYcThbD33Do26mc. Statuscode 200
Durchlauf 590 von 810, nutze Token oh8DZW2P7GIBdFSBAdfaRB4bf90365SbZx6bny9e. Statuscode 200
Durchlauf 591 von 810, nutze Token 758UK39OAZWQPxEapQcf2yxTzlKy3P7TuLCMYEag. Statuscode 200
Durchlauf 592 von 810, nutze Token HWNOXHuU1z01t9Su7feOMLNQkZ400aFwDUf3TPRO. Statuscode 200
Durchlauf 593 von 810, nutze Token x1aIZnLtbDyQJmCsVImxDztxC7Lx5NjPhcS29LDY. Statuscode 200
Durchlauf 594 von 810, nutze Token EYggZQmnXcNYEXbIw4GVT5YSp1oyRnoBWwHkZ3Ew. Statuscode 200
Durchlauf 595 von 810, nutze Token Mjg1WivF1PLZBJnY3hjk2oKQrE2CyZhqcana9Xyo. Statuscode 200
Durchlauf 596 von 810, nutze Token hrFc39ofVuio2LAp6J28nUZs5VT14kcoHlJbEmjD. Statuscode 200
Durchlauf 597 von 810, nutze Token wfNd2Iex1tHzCpQMpnz7lVobbW1A8A45yTiQVqVm. Statuscode 200
Durchlauf 598 von 810, nutze Token kMqwRad1NfrcDrCceyOyg6YzVJTU6nw02sSKUU4a. Statuscode 200
Durchlauf 599 von 810, nutze Token 1nCryt4ow5eIWnpCTXJnb7OaAmDZS1d2Ka3dgwBU. Statuscode 200
Durchlauf 600 von 810, nutze Token 6mgI3wCecMlyXtOSOkLbsN8dNS6zGDWp9q4GeQKd. Statuscode 200
Durchlauf 601 von 810, nutze Token iFdhJoBGUlhCxhrV9PcoL6gDRTD9B6JE4UPlosiU. Statuscode 200
Durchlauf 602 von 810, nutze Token OAI3TgQkpI7jX6cTUKKpqWjIIfNnH4jGA8WeJY3v. Statuscode 200
Durchlauf 603 von 810, nutze Token CDwmQfrvfcjLpL4PZc0002KAgTwtX2bMm4f045CZ. Statuscode 200
Durchlauf 604 von 810, nutze Token tnUBCc2a2ZCfFqSSmcJdilKHxvtSj54Gx5uvM8vy. Statuscode 200
Durchlauf 605 von 810, nutze Token ugBvGwZjMJxNCVGGurjBVJ7L7FZLWiytms1lqlQh. Statuscode 200
Durchlauf 606 von 810, nutze Token 6ICu4V6nNNYftZTQTYcXxVvwZI4I6gaAWrCrjI2V. Statuscode 200
Durchlauf 607 von 810, nutze Token js0wP9hzOHhRc8oe6VwbVXI29mB588O3nYdUpoHT. Statuscode 200
Durchlauf 608 von 810, nutze Token y2sfm4Sx8bDkFtyo3VLD6DrUGV6gJxjQ3sy7Q0xV. Statuscode 200
Durchlauf 609 von 810, nutze Token weMTnI2obNkjn9zgzBE8wDh67PJL3j5f5MkrOXgJ. Statuscode 200
Durchlauf 610 von 810, nutze Token dpFrF10Su8akNpUDUZYLEThZ0Yuy6EeNOHlezlR8. Statuscode 200
Durchlauf 611 von 810, nutze Token 7cAuGMR1Lps9crFeNpqMeYKmBhQrHZhbaCDWPySM. Statuscode 200
Durchlauf 612 von 810, nutze Token lqzP1NDnByH3jCwTXQbaYS34sD1SlzOEf2GFfxOv. Statuscode 200
Durchlauf 613 von 810, nutze Token DVVO2zXFgBCJXuWuDzIUwiLJFjKQtCSlsutEElr2. Statuscode 200
Durchlauf 614 von 810, nutze Token D9s4lmqffDtoDMi5F6JEqBFf3WcKAMP8pStb8yIo. Statuscode 200
Durchlauf 615 von 810, nutze Token RxhSr4F3weJ9b3FUJfUQhB2IBvcEKrZ5rtr0Twyr. Statuscode 200
Durchlauf 616 von 810, nutze Token WoTj7hDdI5vmTiOEhnWJ191RvN8GX7sP35f3xppU. Statuscode 200
Durchlauf 617 von 810, nutze Token 2oynGW7NaUJ1dsKOZbmHCH0DkGDdK15AJOHF2KNN. Statuscode 200
Durchlauf 618 von 810, nutze Token u4xL85yftrvTuMTvRJ7BgTgwdnlM2bx2zJTBDwI4. Statuscode 200
Durchlauf 619 von 810, nutze Token UXBOykU9FFk9uzrmCPyP93xWCVXYrfz90yCvfou0. Statuscode 200
Durchlauf 620 von 810, nutze Token UFtabaoqxcJgEU0rHk26o0SAFwgPgJvkfNIJ0eXo. Statuscode 200
Durchlauf 621 von 810, nutze Token A0HieM1FD9o9vVn9kLmGjhxk6hKUatihQ2NgP3Fz. Statuscode 200
Durchlauf 622 von 810, nutze Token LDkjqpP7SkKoLECKMMNV2yFZLYhBU7WtrNg9Xeo5. Statuscode 200
Durchlauf 623 von 810, nutze Token GWqrRebDA1c5rkFPxNunQMJEKa9Jxj7nSN4Nwvw8. Statuscode 200
Durchlauf 624 von 810, nutze Token wNU3ttvgxS9mUTBhAOBC3cfv4Rg1O8YzHA94yzw6. Statuscode 200
Durchlauf 625 von 810, nutze Token WAACx6zV3qLTppz7jD31Eo2fu9B6X7rTf1FwstiA. Statuscode 200
Durchlauf 626 von 810, nutze Token Jdf0e3OGCMxdaNxaxbOqTSwFPJPKfPNB5PQVPjQA. Statuscode 200
Durchlauf 627 von 810, nutze Token jwICmfQUiaTmOxXdZpUJd1LzvYyuZLGyzBJJzcyn. Statuscode 200
Durchlauf 628 von 810, nutze Token mQeppKpGzSBA79UOPasKeO7Iz5Fo1wqn9gLOH5A2. Statuscode 200
Durchlauf 629 von 810, nutze Token vfIFMgyHC5WP8Bm2nGpQWo9LO4xWscnVlck4uYgi. Statuscode 200
Durchlauf 630 von 810, nutze Token RAIduCiJdJXBaIEIsfnxf1TNLOreX8egNcnka6Ox. Statuscode 200
Durchlauf 631 von 810, nutze Token co8q2kp6NyoolSY7csZMC6WnRRHA6xv9k5jYjMox. Statuscode 200
Durchlauf 632 von 810, nutze Token H6pCXf8Md6KmNLPrKpBWkHZVFWoNpMsdJvT0oQtx. Statuscode 200
Durchlauf 633 von 810, nutze Token KLasgzzAoej7UiKMAznVZf7SNczWsLU5bTYGe2mh. Statuscode 200
Durchlauf 634 von 810, nutze Token UaZOzgO8qtKjo98kCyYfV9Cp0k1TVpM9jwtAF1kK. Statuscode 200
Durchlauf 635 von 810, nutze Token JJ80ZGSeDutfNe2EWKCcNfJu0mjit6niPHDiP6UI. Statuscode 200
Durchlauf 636 von 810, nutze Token gkiy04jmU5MLBv35YQZgyb7RNhGjJox8CkcQK6Bt. Statuscode 200
Durchlauf 637 von 810, nutze Token 6GxRmI1eZXYiE4UbzMrKomt9KfEEcpfUCSY8r6WE. Statuscode 200
Durchlauf 638 von 810, nutze Token HxKzzTCxeeRGBsg62e2TVukth75KPKKwtn5wELs1. Statuscode 200
Durchlauf 639 von 810, nutze Token jNLFwEN6ipSKHGCv5rO6hHESAmJldobOnZX2FAhn. Statuscode 200
Durchlauf 640 von 810, nutze Token CpKv47LOUSYHxWDTJnkmJGRMjOK0cEoTpWK3qLuy. Statuscode 200
Durchlauf 641 von 810, nutze Token MPCE75UwJdaGfmKJZY8jvJrwSPEUyXi1YQzvT2cJ. Statuscode 200
Durchlauf 642 von 810, nutze Token PpH0mIY9qA8V7zRjgkhTxsNCbifYZH7D3tTyidI6. Statuscode 200
Durchlauf 643 von 810, nutze Token Dil35mmkhynFHj2MUwiUBdFxpVGIDTURi4tX4n0E. Statuscode 200
Durchlauf 644 von 810, nutze Token Ordz2LKkGKsbUHrEWPsQbTJ2wjpk41S9ah1Kg0ev. Statuscode 200
Durchlauf 645 von 810, nutze Token Wcve4tjnCs79ttIxb2K73CVgp0u8j6Mru9RkjEwq. Statuscode 200
Durchlauf 646 von 810, nutze Token 9PufIeonHNTxE3tpBSnRB9k3PcYFev166P74Xd32. Statuscode 200
Durchlauf 647 von 810, nutze Token LxyrsfFG8wxRIRcK8ncXVGZ3Lg0m1ZgUgEE2Q5go. Statuscode 200
Durchlauf 648 von 810, nutze Token mz7pmfK5FzX2AAnNO1ec4iDtscJEu4Rj9mHb9u9M. Statuscode 200
Durchlauf 649 von 810, nutze Token ijlJAddNlNF8KY6Jhk233CggKqNJp2SoFGwEvMQg. Statuscode 200
Durchlauf 650 von 810, nutze Token D09bCh7VD4dJhjs7DGrBLQIOZkKLOpiZlQVr56Qj. Statuscode 200
Durchlauf 651 von 810, nutze Token 2oVvO1aTvZzwWSboCb3DdprBOnbYrENjNgf8Cfae. Statuscode 200
Durchlauf 652 von 810, nutze Token kSKlnjXTOlSl3UL8zQhpKsndg49RRbqA4JcLUtDP. Statuscode 200
Durchlauf 653 von 810, nutze Token GLOckKGYQAfe1hZAWYun0qCTX3Wbitaoja8WR6zU. Statuscode 200
Durchlauf 654 von 810, nutze Token QSZGXJcprh5ipP3D9r7bnFSZ1Je3M3H0b54XeWHn. Statuscode 200
Durchlauf 655 von 810, nutze Token lHWJ7Uwd4PxNrPJXxk95csYTKIDj24O3GMK7PJ7i. Statuscode 200
Durchlauf 656 von 810, nutze Token gyYYyoDUrvs9kjGDtdEWPNyEa9DhZJyIq8WwZXgl. Statuscode 200
Durchlauf 657 von 810, nutze Token AaeMb1eDzwMNOYUk5M5wVev8knSrLDPLSds6mfjf. Statuscode 200
Durchlauf 658 von 810, nutze Token 6T3EyKQLd6fWiEwmTOmFF3qTXf1fkZLPcwdmkqn5. Statuscode 200
Durchlauf 659 von 810, nutze Token RI32SayeGw3ytbhcsbugVrYJHiTd49uVHi6ZC0lV. Statuscode 200
Durchlauf 660 von 810, nutze Token EJAOsikQjfOkYABREEB6XNhpKrphpG1Seugi00FL. Statuscode 200
Durchlauf 661 von 810, nutze Token d4JuPQtEKOkfzpjlDT41Lx6eqqew0mXuHXLMdDgI. Statuscode 200
Durchlauf 662 von 810, nutze Token YFoVQqkdb5vuEgVcKQE7bBp0WdvRYY8khOfNrWFr. Statuscode 200
Durchlauf 663 von 810, nutze Token ZhEPghaADMC2ejbzvrlJJVIZiIVlBxjfSfQvMiUM. Statuscode 200
Durchlauf 664 von 810, nutze Token xYvwTz4X6Ea5iExLhUKlGCNtkF4FkfyRCxhS3fhc. Statuscode 200
Durchlauf 665 von 810, nutze Token FdPcXKlcX0MUFeXxnIFNpRj8eb2YIYmS61mpkkzV. Statuscode 200
Durchlauf 666 von 810, nutze Token fZlrJ8EtVoY6poP7ZSyGUpfFmnHNVEWHWkq6hMTn. Statuscode 200
Durchlauf 667 von 810, nutze Token e7tIMDglYrHEwm1f15K7oLNN067uKNWQM5VE2NOn. Statuscode 200
Durchlauf 668 von 810, nutze Token Jsg8Tf0FRJio84KGXlNuNhg6ivT83WXofUv2cO61. Statuscode 200
Durchlauf 669 von 810, nutze Token puoaNaBui04v0NLsLDWf7dgWYGblP36pP7Ws9Sgb. Statuscode 200
Durchlauf 670 von 810, nutze Token djEaUa1c8X22F7xzY2JRrbJqr1sAogGSAmlhVgUw. Statuscode 200
Durchlauf 671 von 810, nutze Token jQnJGtUVMzzo0SWewAPgblNu0dX6AhgweiItGypT. Statuscode 200
Durchlauf 672 von 810, nutze Token ll1z6V36DIFpS3WP2dCvbcT7VRrrFZ64nUJWf2Le. Statuscode 200
Durchlauf 673 von 810, nutze Token D4XpXpbMmmIlc1bTcjpojA9UFHYUzy30plVNCmbR. Statuscode 200
Durchlauf 674 von 810, nutze Token rU9ZpywX59UEwLUjEclhAG3rRn15kimMCCpFRg7r. Statuscode 200
Durchlauf 675 von 810, nutze Token UkFTpQX0bTgmjW52004aJaxF9P8EhzDYRridnE0S. Statuscode 200
Durchlauf 676 von 810, nutze Token AGrlhFsTxRGx6ZJWogV7YwLfYi2YkaJhSzomaA8a. Statuscode 200
Durchlauf 677 von 810, nutze Token JdUjZISpPSRtLbyIPrM2HFQCrj2c01EmrVHAAvb2. Statuscode 200
Durchlauf 678 von 810, nutze Token gs8lpxmbfq5bwSW69xoPvAurFjCW6TCSSEjUp4Wm. Statuscode 200
Durchlauf 679 von 810, nutze Token 2gPFv1gr6WXhLBsKAAWdP8bBmP1liBe1DBZsLRUP. Statuscode 200
Durchlauf 680 von 810, nutze Token FGLLlitp3tUCkawkLf7xgBF5rsTsMpGgZE3Wtpmq. Statuscode 200
Durchlauf 681 von 810, nutze Token KE5eqHXVedogmBqi0nXWWEMALd8hqhGMDPDSsFUj. Statuscode 200
Durchlauf 682 von 810, nutze Token utax5VyzZmgmFbMYmjVeAGoIJU0pJFBpseGVUALx. Statuscode 200
Durchlauf 683 von 810, nutze Token zKimICZVBookUnKtuTYGuuEOPtA6UvTxJVA1tEOm. Statuscode 200
Durchlauf 684 von 810, nutze Token nFHOrgXQ6DxJJsvBPfH1mt8WTOwsoJsaM0V2fa6n. Statuscode 200
Durchlauf 685 von 810, nutze Token 1dCgOBhUWofCH4Ru52CnLRnMyEYdS3kEJ6QrifD3. Statuscode 200
Durchlauf 686 von 810, nutze Token WLSBalFRkxjgMAmemh6QqwvMkMAzTdVJ5HfL10jj. Statuscode 200
Durchlauf 687 von 810, nutze Token zlA6OtLylhdxctCWLilNzQjsnKZKXzoFQrCK3pTv. Statuscode 200
Durchlauf 688 von 810, nutze Token qcplO865tlcgaJI5TlNJxZm2PGDtMLCIpTHQNCTp. Statuscode 200
Durchlauf 689 von 810, nutze Token 1qSEC1KUc1C4VP4iOMovvHk6OCylauiqM7uToVUO. Statuscode 200
Durchlauf 690 von 810, nutze Token TQig3oNy1duSH7aU7ZoSygjzN675A35gK5pAknj5. Statuscode 200
Durchlauf 691 von 810, nutze Token jwUfT7Piy5DJvNDPe5bPLoaDpf3lLU2HWWTy4iVx. Statuscode 200
Durchlauf 692 von 810, nutze Token Eebpr7QTiE7GziQCihrYQ01cO75LAGHMKyeZFwi1. Statuscode 200
Durchlauf 693 von 810, nutze Token 9HI02tYo4p6JtEXnTHrwO8M1Ikx6jtpsZbENhYF2. Statuscode 200
Durchlauf 694 von 810, nutze Token zhBLjktzSVGy3vVkNe5dFt8hfoNvCxeCTFv8g9EO. Statuscode 200
Durchlauf 695 von 810, nutze Token MScETXZwoBBiQ7pcr9jqXFeMEuUNxOIFqlvBXsOT. Statuscode 200
Durchlauf 696 von 810, nutze Token m6YdqrZcn3PND5zyPy6Q2nRYFPBDJIsfWddAPRwt. Statuscode 200
Durchlauf 697 von 810, nutze Token SAGf7MeSTqz8wU9hhlof8PlocTvfVxkJwS4D0z8w. Statuscode 200
Durchlauf 698 von 810, nutze Token F0yDYIXI8Dlxw65nJwG0MMvre6YYAtKXT7gm7z3S. Statuscode 200
Durchlauf 699 von 810, nutze Token QilBu1dwWfVhjE6ib7eKXEy39UlO5cMVm8chCQVz. Statuscode 200
Durchlauf 700 von 810, nutze Token YPgvorukc6BolcTjTf1sDbsSWdy1ofciaKjFqO8g. Statuscode 200
Durchlauf 701 von 810, nutze Token J3umyEYi4jXlgZsnDvmNx3zBFFt2l6o7WRpRaYL9. Statuscode 200
Durchlauf 702 von 810, nutze Token SaV2OK0gHO2mHi9zuwwHMVK91Q0czcmFxXLorNGb. Statuscode 200
Durchlauf 703 von 810, nutze Token W3OMkKzvrn6gHxjueMPhuH7UMJQlO8egWxU7AHfb. Statuscode 200
Durchlauf 704 von 810, nutze Token dYBWJUuFlwgKLv2esrFwFpyoglmdw4gPzGqmswaq. Statuscode 200
Durchlauf 705 von 810, nutze Token GfEa31mTOoidZpU3ry1YocDQ4p0Mw17Rid8XDvYc. Statuscode 200
Durchlauf 706 von 810, nutze Token U4btGea2hoPcu9SSHyMzjq4iKDuVrWa6tHoah2WD. Statuscode 200
Durchlauf 707 von 810, nutze Token 3fhuCmqwLZFZMghPtsQdh3a5XYUbbYFNWTFHuuWX. Statuscode 200
Durchlauf 708 von 810, nutze Token WePlWTSMq01VJSKJ5Uwlg6eQNwK1uFXN2sQUPxRT. Statuscode 200
Durchlauf 709 von 810, nutze Token F4XmupxRamaiHN6pqRrue5dgRQoSLdMQr3mLDPjB. Statuscode 200
Durchlauf 710 von 810, nutze Token BWancyLDgm0eNX5XbJjh3luce3osZOZ1m05MefNy. Statuscode 200
Durchlauf 711 von 810, nutze Token SNumo76DgjdeIX5V1qcbjtqzahUfP9ZHk60EMI3o. Statuscode 200
Durchlauf 712 von 810, nutze Token yy5LWqLTnEHSn4dQwKA3i8OvA2rQlKcNBInQwPIX. Statuscode 200
Durchlauf 713 von 810, nutze Token 52nDZaeqJZt1ZTuvMy6fYK3k5OXidRKqLPAjat61. Statuscode 200
Durchlauf 714 von 810, nutze Token evbStSTaMxDrclC763Z4vePDUtld8ktJN3Q3Dr3L. Statuscode 200
Durchlauf 715 von 810, nutze Token 9emaaespttCwfwzuxfxJCGjO1ibwINBvr6ZoiOha. Statuscode 200
Durchlauf 716 von 810, nutze Token A4mAGi6cIQ3xfsrPp3SbdqZ80BsJVAB7oULGJo1B. Statuscode 200
Durchlauf 717 von 810, nutze Token hhGPN0U1oaQysVKjlH0WPKBbs55SL4BS96nkUmia. Statuscode 200
Durchlauf 718 von 810, nutze Token 3dDjWn4SBZDnD8JO10aezEljEtoauOQGlDtERUgV. Statuscode 200
Durchlauf 719 von 810, nutze Token iD9EuNmeXJtkypGnBdbNZiROIAEKTBm309ap32kp. Statuscode 200
Durchlauf 720 von 810, nutze Token iL8VHoIoVWKrcQ28aOYi7qGPaRBWAKHDsrTD6Rwz. Statuscode 200
Durchlauf 721 von 810, nutze Token ji0Rh8NbAOYmCQ1OaORQVAuHK5eBZC0gyWtG0wvQ. Statuscode 200
Durchlauf 722 von 810, nutze Token f8TIa4p05QjFUwZz1TfgwJ09LQGBVHBZSm3GzcbX. Statuscode 200
Durchlauf 723 von 810, nutze Token uhszEo9foJ2j5UlcDHMbHjjxd43cjEdP5MN4F7yu. Statuscode 200
Durchlauf 724 von 810, nutze Token aMFX8DMXXjuGlOnLKJxqqSnEvk7lSbVyUQ3Lm3Ak. Statuscode 200
Durchlauf 725 von 810, nutze Token 1ZJt0sDwuWSqPzAPkYmM2HL2OvO4WUgnDUfbF1t4. Statuscode 200
Durchlauf 726 von 810, nutze Token VlczwPANuRVHHcWeyda5p8ytTEtGuEHq0lvC6eVh. Statuscode 200
Durchlauf 727 von 810, nutze Token aCgTCB3lttQL0WdaeHE28KteQjc9ldEBuJDazABa. Statuscode 200
Durchlauf 728 von 810, nutze Token 1Kb70Kc9DCOQ7h9aSfSDW5ls9xMPPiyHLsqesCS2. Statuscode 200
Durchlauf 729 von 810, nutze Token eTEdOVtXjOo8JvrHQ0bJFqjgRmx5cKq3Lg8D94Ik. Statuscode 200
Durchlauf 730 von 810, nutze Token phnB6wymUlVtTja86c2Ivb17cpiRfHUp7UTTQbRw. Statuscode 200
Durchlauf 731 von 810, nutze Token tNnVorlnQknLEGidLmwMtmUTjEJM5nNWCKhYKNqy. Statuscode 200
Durchlauf 732 von 810, nutze Token QGmuPtMzW6cwnExAifGB4H5R4qL8Gm6HOMYpYtq4. Statuscode 200
Durchlauf 733 von 810, nutze Token LHypzucCe1mDvixBunz3cZ7ya07NkE87XgM8pLAc. Statuscode 200
Durchlauf 734 von 810, nutze Token vI48XsZrQMmfMIdBAmXKwzs7UnprK3Cd7KqLE0mD. Statuscode 200
Durchlauf 735 von 810, nutze Token D8Pj36mO5PR7DAExTEGYYl47rYziDpogbbDmlPwM. Statuscode 200
Durchlauf 736 von 810, nutze Token FspwiTaJflkaLXcfpzxN4DMogBiNu7bCNpLdyHkR. Statuscode 200
Durchlauf 737 von 810, nutze Token 1nktsVbdjqT3C5gfrWmPJSVNyI82Zbj04WePg3Mk. Statuscode 200
Durchlauf 738 von 810, nutze Token OWsscqEpByPd7KAuO6IAkUkLSJcyABhyARyjGzD3. Statuscode 200
Durchlauf 739 von 810, nutze Token DxNda7XRWqb7B4oJTxHuFSKZIgpFf0OS0Yiec4Si. Statuscode 200
Durchlauf 740 von 810, nutze Token By2Kc5qWyuCjpsNR0O2sA8gGfIFpu7mu5zbpryIC. Statuscode 200
Durchlauf 741 von 810, nutze Token wiW7ybLKjhPRNhB3DfHrS6dfXdnwPzhjLF5C0hAP. Statuscode 200
Durchlauf 742 von 810, nutze Token 7ouZFKjtvAEdYClsholO6Lp0JWvHAQaGDHCjnir2. Statuscode 200
Durchlauf 743 von 810, nutze Token zcTkH0PEUEIWlLUz4EMl7f7WeV8hU8eh2MRJLi2s. Statuscode 200
Durchlauf 744 von 810, nutze Token PArQfAJfCRzvkOMSh358sYX88StV8KvcY5ynMf9a. Statuscode 200
Durchlauf 745 von 810, nutze Token 2W34PPOGhQb1vpiRJbGWhTupgXPqXYdtaCfoYGj3. Statuscode 200
Durchlauf 746 von 810, nutze Token iVSnP2kHc3voHMO78ooNILEGWfCpSgp6r4XnN6v7. Statuscode 200
Durchlauf 747 von 810, nutze Token XMZp4BlEMdYXceTOkLHeGeNPE08iTr40MpOXb632. Statuscode 200
Durchlauf 748 von 810, nutze Token Y0Ny0Tk5tUVganMdqW4kRyxxuL5KZr0sSAf3Tx1o. Statuscode 200
Durchlauf 749 von 810, nutze Token 5PPSpe4h24dtPlESQzDDKqJs7sKWWbFmCMozJUXf. Statuscode 200
Durchlauf 750 von 810, nutze Token YvnC3SLb3gYHZbI1SEHkiQUtrbkQIoEzi9iH9Fe8. Statuscode 200
Durchlauf 751 von 810, nutze Token hXAulwwQ7nJPhDWgHm3iEr5fTHzBk60OIusZCAnD. Statuscode 200
Durchlauf 752 von 810, nutze Token FRlvuFmAc9Gz0EdzrV0BtTiEXzE4uaox0rmgrL5K. Statuscode 200
Durchlauf 753 von 810, nutze Token TYIQoDEzKMR91EF4oOn6YNHfqaKjCxs9vFF1EIiz. Statuscode 200
Durchlauf 754 von 810, nutze Token q8taoAwOiiRCvsTq0ivbwOa5qCpw2C0hdmho84fy. Statuscode 200
Durchlauf 755 von 810, nutze Token rkkz5K31ITvGr4pWqwcq2tSvyzbUVCOHWJbiGatx. Statuscode 200
Durchlauf 756 von 810, nutze Token LuwUbRF5j7LlZkp04eC9l2lBVbZ7QEHIZjm85lYd. Statuscode 200
Durchlauf 757 von 810, nutze Token 9v3AkRZ36VeHSwevwetbs0gOqeFr54SStPnAbK5E. Statuscode 200
Durchlauf 758 von 810, nutze Token MgUIVRZajqbq9uybnYoqhLlSJ7zTMbbdmLN2DaQq. Statuscode 200
Durchlauf 759 von 810, nutze Token oHGKvE4a4Myzme1BHcumsJgInBD3S5lTpc0fcvg6. Statuscode 200
Durchlauf 760 von 810, nutze Token 8D3xqO2MZR9Dy5rQ5kp5YH6H8wSOFTT4hOgymc5v. Statuscode 200
Durchlauf 761 von 810, nutze Token WzREf9R5xFTDcXBjd8ePxkVzRb11tt5eoeygyDKY. Statuscode 200
Durchlauf 762 von 810, nutze Token FBfn47P1o4oPyTWPK5DuOjibMTVmgzFaNEIxgYYA. Statuscode 200
Durchlauf 763 von 810, nutze Token ctwvWduCsJeOLK8ILEtpSB89G0cUYESCGITcXQH7. Statuscode 200
Durchlauf 764 von 810, nutze Token jfMpeJkuCWv9aJViJTrVzgsdEOJLjVeUJDVmIRDR. Statuscode 200
Durchlauf 765 von 810, nutze Token nrbEWCkbq4R52Fv5UgpyByGgMKzIFoxAQlJk6GWQ. Statuscode 200
Durchlauf 766 von 810, nutze Token Y7Do32UsVy1SU2EgF9C7j7ZucUwTizqNXiFOhAIA. Statuscode 200
Durchlauf 767 von 810, nutze Token IrTIryImwLInyKyd0rux7uWzabK772ekvIS1VrGm. Statuscode 200
Durchlauf 768 von 810, nutze Token DdFJ1lHrGt0J4Ko6Zi1Stcvj9OGc35aWLx85hVjf. Statuscode 200
Durchlauf 769 von 810, nutze Token ZqX70eqoPzMHDrjgGxrzCS349oxgxL9qqKCJOoqH. Statuscode 200
Durchlauf 770 von 810, nutze Token EuCDkEkz2NbToYvJG8xe44F39MTjepqNRTiVdR1r. Statuscode 200
Durchlauf 771 von 810, nutze Token vb9CXcJWWta9epSuKtqd6L9kRgBNF6w22An8id86. Statuscode 200
Durchlauf 772 von 810, nutze Token s1x4nWQncqGBqr9sTyU6DZhTygj3watlxhpG5KVl. Statuscode 200
Durchlauf 773 von 810, nutze Token Rx3jI07ZOIrgjqfViIZsYMHFw2UTHp1puQxXQvoA. Statuscode 200
Durchlauf 774 von 810, nutze Token 5GxFw3jnZ6U6WwhcTr0pwcugoqdXVAZmoglwekL2. Statuscode 200
Durchlauf 775 von 810, nutze Token fsd9K7czpCiW2btHVE141metISh71tfRutc5DBmC. Statuscode 200
Durchlauf 776 von 810, nutze Token nGwdzfwpGrvvPRx3D3i7F88PzLKEn2IW46lOPP6U. Statuscode 200
Durchlauf 777 von 810, nutze Token hOfRQt685TAzNAp4fvlE1kqjPFibXS4DPUsdbSEZ. Statuscode 200
Durchlauf 778 von 810, nutze Token j8hRQrYRwg1MZv8hHc3irXXXpUoxXSpWursZvHCW. Statuscode 200
Durchlauf 779 von 810, nutze Token Bxgxbty5hR1WrvSLAcdXF9FuBfRdibMaEYiKz4VH. Statuscode 200
Durchlauf 780 von 810, nutze Token 2R27zuJN49CVo4h1WmMhcPpQQHzDpivn3zJ1OPsu. Statuscode 200
Durchlauf 781 von 810, nutze Token eMtGcI3b29PT2EbR8XmDW3E0IzoWEOTDWJoP8cED. Statuscode 200
Durchlauf 782 von 810, nutze Token MWVHwwrDDGNHnOhCwoVI1lzrjj8FT569HUlkBHCx. Statuscode 200
Durchlauf 783 von 810, nutze Token AIh97QaDqwOD3OAIW5a8lNzbuKa0AL0j4P68N8OJ. Statuscode 200
Durchlauf 784 von 810, nutze Token fprbD4WPYK3NqW6h5wJNgsF1w6UbLHOsDiEKrAkV. Statuscode 200
Durchlauf 785 von 810, nutze Token MqrJqlbhQz8EK1JaQBsiAdunQHYzTtMIjJCjDCYi. Statuscode 200
Durchlauf 786 von 810, nutze Token aDjJa0kM0wJ2MnmBQoalnddJiqNRwfU1tN1PylOK. Statuscode 200
Durchlauf 787 von 810, nutze Token yXKeR285wSH2t9QZya66NL6fyKacIdevTSccd32b. Statuscode 200
Durchlauf 788 von 810, nutze Token 007JJ2Ehl44giYBmy8Y9E7Y1hYX3jbkcPSf9Lydj. Statuscode 200
Durchlauf 789 von 810, nutze Token BwiBZe0BkEtn9GNkcN0Ug8UVavIRk1bUTEvykI7s. Statuscode 200
Durchlauf 790 von 810, nutze Token UqYVx5SLkwbIkGPtLybvRFujsO43Hyv5VdikdF8Z. Statuscode 200
Durchlauf 791 von 810, nutze Token 6X4knxx56FO5pfYiHTvtmVJjYcx5Q3lzEiaSnkJo. Statuscode 200
Durchlauf 792 von 810, nutze Token 8LKsquv9ya8uxFHxndBkKDlERN9sHRJh4SU0VkJF. Statuscode 200
Durchlauf 793 von 810, nutze Token NY0xhEBKlrFgNP9X3Fu4ucGMuPFOTIXaraCQaLbs. Statuscode 200
Durchlauf 794 von 810, nutze Token KzgNsmaWynsgkIksGIurPBbBuqAnoMghXcd7ZMfi. Statuscode 200
Durchlauf 795 von 810, nutze Token ziXeo9GDMw918f0Q51VjTbk2T8cEoogLwfbjLflP. Statuscode 200
Durchlauf 796 von 810, nutze Token aSCrwLgLvNwSmtAUS4ohr4qoo924eNwVt0h6j7z7. Statuscode 200
Durchlauf 797 von 810, nutze Token zyZe5oLYPdzNs1P0jwhvUarXhbv8vX1diNPcfgjM. Statuscode 200
Durchlauf 798 von 810, nutze Token jdo940EK5HZI09nZCezJ0ABK0onSylT2fVx7uAiP. Statuscode 200
Durchlauf 799 von 810, nutze Token B5t9l5E24e9nVhmdAqZMfzaGx2K3GmJt1gZEcNuR. Statuscode 200
Durchlauf 800 von 810, nutze Token 40kdIFBhHkc2EEXzwxORqSphhURWc9zaDbfGP0sZ. Statuscode 200
Durchlauf 801 von 810, nutze Token lrDbEgI0x43KmMDpKG7iqKqnmVqE8xrkBvRzhhge. Statuscode 200
Durchlauf 802 von 810, nutze Token cG4qtHlbgdFiZh6tzxIf0z6eNywblbFk884wYD27. Statuscode 200
Durchlauf 803 von 810, nutze Token ZkdF2iK6yjwZFE9dJ8MpCPNM8K0Kp57RphdVzoia. Statuscode 200
Durchlauf 804 von 810, nutze Token jSzJQ2B4dK0bd2Dg9y9DDUsW4ic4T9v7AjeroNgo. Statuscode 200
Durchlauf 805 von 810, nutze Token RNUfL2BAbM7rgy6AC16T78do4B4CbLdqKAwFX0BS. Statuscode 200
Durchlauf 806 von 810, nutze Token ETcD3rrU9i7LfWDrXcfMoKeIgoMH9NAAWFoflwdz. Statuscode 200
Durchlauf 807 von 810, nutze Token Rfnc24dMhsHkNJMD4mEmFKfovQLefKLShe2HOnJf. Statuscode 200
Durchlauf 808 von 810, nutze Token Gd6QRJY4b09xH09gQzt0gKnr9F8zXfwtQhjyPm8E. Statuscode 200
Durchlauf 809 von 810, nutze Token uDFsKyRQdfoFC35AeqnmswfBnb3KCUZaLgD80xcv. Statuscode 200
Durchlauf 810 von 810, nutze Token HbeqXfpcEwPys7INQwWbTAoXRv0jqOyBsU5UwpYs. Statuscode 200
