Durchlauf 1 von 810, nutze Token O2FMIZAL2xmKIQtqxsn6wcIiHjzluALVe5MeBB54. Statuscode 200
Durchlauf 2 von 810, nutze Token PMBn6TDyYVQUedFP7kccm5EEuXwlyUN08xo2Nva8. Statuscode 200
Durchlauf 3 von 810, nutze Token XECMpSqmU1Gf85nCfhVqXnI2n0W3eKhsMe63T6Ka. Statuscode 200
Durchlauf 4 von 810, nutze Token 4jnnEayRPuDUELeVDj5naw7PNNsh8l5AyEpTs9dv. Statuscode 200
Durchlauf 5 von 810, nutze Token 2uI4MfLfRUaF9KqHPVLRtyNC2fvAlwozPzJ2Q6nv. Statuscode 200
Durchlauf 6 von 810, nutze Token yQAEMIi4oGFEZB6QKQptisoXn7M5rOsoLZyZi7Pj. Statuscode 200
Durchlauf 7 von 810, nutze Token DcN5KFiHNvRF3REDMknFhD3eKZfNJvfyIFKOtZDu. Statuscode 200
Durchlauf 8 von 810, nutze Token Q8hmTxN2H9Mx6JfD0mYUBfvxdvt1rSpSxx684n8k. Statuscode 200
Durchlauf 9 von 810, nutze Token X727QST3YldpmbLMTDzF8fbQzSOxIbNrUGPFmkuD. Statuscode 200
Durchlauf 10 von 810, nutze Token BoMH9bJDBjJgGwVUqzlJ1mHcWnAwnq5kTccilZ83. Statuscode 200
Durchlauf 11 von 810, nutze Token D2jA3x1yHWKoON3aBIEg6EWsKKpvewaOc817ZvzO. Statuscode 200
Durchlauf 12 von 810, nutze Token tTvSdJE6nmtHe9cfGqkVd8YNIDskBW55lTps1Jpk. Statuscode 200
Durchlauf 13 von 810, nutze Token PzEnLX815h4N2Df0K3dBqrCtxFjeJxMPwDY6McpI. Statuscode 200
Durchlauf 14 von 810, nutze Token CSBwia9DUfuV8LGIfmfxMiAWLu7yF8b4LBAZCEc7. Statuscode 200
Durchlauf 15 von 810, nutze Token LJRw5bEVKx5Q0SbQJBqYH1Ppy10t5AtMnSJMA2ZC. Statuscode 200
Durchlauf 16 von 810, nutze Token Z6nX5YE9kZlXSt8Uf4GGTfoMVoJRBGwnFVbRVb9F. Statuscode 200
Durchlauf 17 von 810, nutze Token 8fWVt0YFscSbyrmr3UWd8nb5dAcuIOG9RKoKG5tE. Statuscode 200
Durchlauf 18 von 810, nutze Token Rtc2EoApVTxI8GO0YNJ3Ey5vWbeyFB2fizFmNwz0. Statuscode 200
Durchlauf 19 von 810, nutze Token LdvWodCyDdAoYcSkMikdKAvG5Sfq92ZUSZbwHvk7. Statuscode 200
Durchlauf 20 von 810, nutze Token irXe0pNuv7nCOgJ7t0JdAuwEYOjEF5A8BgIqEJ1D. Statuscode 200
Durchlauf 21 von 810, nutze Token pRjgpczoAtQMmVqw97XlNpy5Yb1FYrPnjg1DZcaw. Statuscode 200
Durchlauf 22 von 810, nutze Token SxFsVimEU2yED020oSmvOC2e0siM3H5fNTuPWwOW. Statuscode 200
Durchlauf 23 von 810, nutze Token wnRDgr8wiSOIG3IKzAMmn65fFxf1n1OdSwqyw5ay. Statuscode 200
Durchlauf 24 von 810, nutze Token G0vMYIpiUaUKI5k1Tesob35qTL6T2Y6Ttlbz681K. Statuscode 200
Durchlauf 25 von 810, nutze Token 3nLhyvN7pl9mKOBcQJtw6oNtJaWvYAH5TzcuyvQm. Statuscode 200
Durchlauf 26 von 810, nutze Token Mgyo3Glky0rd1V59bZefLelmVungsVuWEn3MuzSH. Statuscode 200
Durchlauf 27 von 810, nutze Token V4JbAsa6UgPwe55pD6cLtUxoOgCiudyusLwXPAMb. Statuscode 200
Durchlauf 28 von 810, nutze Token fHfWOJHkQTrXPvwXugIy6D05zhIRAi7fkN0NLa6R. Statuscode 200
Durchlauf 29 von 810, nutze Token oBY9nPBSzEaKqhtqPYxTeQnG2vr3RX2tM4f7OicU. Statuscode 200
Durchlauf 30 von 810, nutze Token DxGUbgr2raIVXRIw4JRaElOxnUnFpmMtrvVtNfIq. Statuscode 200
Durchlauf 31 von 810, nutze Token WhshdFb9ivz5RjIeo8i5xuqc9ZTDObdZrf58hgLE. Statuscode 200
Durchlauf 32 von 810, nutze Token bfkX9up4K4FCsCTd8Q0YGX4EhpEV5RHlAr67zzX2. Statuscode 200
Durchlauf 33 von 810, nutze Token SjDk8h1lh3U26idNPcmYsksQzM3azav29ICgPf3I. Statuscode 200
Durchlauf 34 von 810, nutze Token d9CGRKVz86Mg68HmnndQjsW2jtY5Q9efILXfesRj. Statuscode 200
Durchlauf 35 von 810, nutze Token D91CeGvJPSwsxRch4qbzAyFKXcJSqXh4U713KnA4. Statuscode 200
Durchlauf 36 von 810, nutze Token QysIUjpvWUcs8xpCPasoHHodArPsXNdq3eVw3kyL. Statuscode 200
Durchlauf 37 von 810, nutze Token JqnyNyfRPThclBJiDIOpOqUGqM08PV4XDEcOh8p9. Statuscode 200
Durchlauf 38 von 810, nutze Token ApFiLkgaKS8vDgkSWlAxNptqAJxOySXW2n5SFfDO. Statuscode 200
Durchlauf 39 von 810, nutze Token gCfffwuznec9CDWZLFFTPqLHu2VCvFSJvBQu82rQ. Statuscode 200
Durchlauf 40 von 810, nutze Token TDslGzGKTLVur9BPPqAxlig3HqnnQOuKzocSVvlG. Statuscode 200
Durchlauf 41 von 810, nutze Token Fz8J4tEEbF5gtbfS1sdwT70gDAxpKCy0KRj8lLKl. Statuscode 200
Durchlauf 42 von 810, nutze Token pdWUowlt9dXmcaHKToofjza7IYRkJikrxUf3EBGm. Statuscode 200
Durchlauf 43 von 810, nutze Token LQPh6kZtfuQ2xWVhRdaBTN69dYkxER3qAYpb6voX. Statuscode 200
Durchlauf 44 von 810, nutze Token bOC7jmZ7cpUGgq83XReIkMGnKhICemsFntw1hoHU. Statuscode 200
Durchlauf 45 von 810, nutze Token KMleuozULGnUh2PbwZyBE99UfPJRDFuKTAYajwiF. Statuscode 200
Durchlauf 46 von 810, nutze Token wzgpipgMFrsrfj9DiNAEN97fGP7clM3XBf4b3sQ0. Statuscode 200
Durchlauf 47 von 810, nutze Token v92dKiCXSgCLUDsGcvXcRkfbSpB0zafTVHZ3DuH2. Statuscode 200
Durchlauf 48 von 810, nutze Token PGoO1Bhe16rHPXyLmWKX4efrmDtKod6LdYyK5Goc. Statuscode 200
Durchlauf 49 von 810, nutze Token 5W5lPe065N95BpjgYs8I7CHn4WFQcNQIVBZ0bzqu. Statuscode 200
Durchlauf 50 von 810, nutze Token 0x3hYRFVwtDRO8BPpKZjqWrOmf9Cd5ZAdzsO2wTW. Statuscode 200
Durchlauf 51 von 810, nutze Token TwoAFAOfwNPkW3Q65YntAlYnTUEErKeje6tx4lzl. Statuscode 200
Durchlauf 52 von 810, nutze Token YD82Zda4InHHGEGu8bwwrTgpoDNJVhureee0bcJd. Statuscode 200
Durchlauf 53 von 810, nutze Token 11KWZZywqsW2y9HtachVbMU1c6Bk798S7EImSMEe. Statuscode 200
Durchlauf 54 von 810, nutze Token HGpd315Y2l0zDVruH1mp7xUDFCMdgpi59bVEFTPE. Statuscode 200
Durchlauf 55 von 810, nutze Token b8wTtipCriXc38iXRCaqukKclpJdr929NFYRK4LW. Statuscode 200
Durchlauf 56 von 810, nutze Token IQCpAXvznxTe0psdFuvL2cY78mJK1oTWYvbftFr0. Statuscode 200
Durchlauf 57 von 810, nutze Token xY5N22jJbNI1GkClaUUWR01t9GfzZIIEv9fAfxn3. Statuscode 200
Durchlauf 58 von 810, nutze Token IIH7jP25h59uPU5iNgbBOVSE3xMd6GnJIU6frJCG. Statuscode 200
Durchlauf 59 von 810, nutze Token L4ZLeLmyxhcmb9BZ6CXpL1xuyIBCgYYOrKzJRi2J. Statuscode 200
Durchlauf 60 von 810, nutze Token yVc6PV4Ak7xLNrNfsp6q6VK3F2mbCjxZfbnZ2ijr. Statuscode 200
Durchlauf 61 von 810, nutze Token yvNO6NEeSYCRa6aorVqG49boRDB1fPCBTs3pGNGK. Statuscode 200
Durchlauf 62 von 810, nutze Token XdL7ifAiVLUUqHLszNrnduA4zpNbK8RvCzAz8RDI. Statuscode 200
Durchlauf 63 von 810, nutze Token 2r7kVMzgHddplgcFeALvQXRT0AZMD5TcpkNZgYCq. Statuscode 200
Durchlauf 64 von 810, nutze Token NBQAa7lEbDV53E5sxDQldRxdKJv7hXjUWcb5PFlu. Statuscode 200
Durchlauf 65 von 810, nutze Token B9k6d94uHQ0xIw1FCrYoTEqPNwt9O3Uw2rQiWPYi. Statuscode 200
Durchlauf 66 von 810, nutze Token 2fMu3DE9RCGgZzbGMfTlYwkhA7OToR7YuT4NmGNC. Statuscode 200
Durchlauf 67 von 810, nutze Token acqiM6EYOjzTFy3qZxiggCaKBmip9b22AnmPttj3. Statuscode 200
Durchlauf 68 von 810, nutze Token I9l49ejpMejDDmh4kJ9vngp7k0VDXgYobn6He4Rm. Statuscode 200
Durchlauf 69 von 810, nutze Token 4XBoaLtJc9ylrG4aNejgf9LDrTZcByXPoy81XQHk. Statuscode 200
Durchlauf 70 von 810, nutze Token 6mJn6fNJpdiO315tyt8pYPAqqgc6un5RTHWhIE6H. Statuscode 200
Durchlauf 71 von 810, nutze Token sjryWpoz2CbSay2hZKkoRaxM4trm3OT2M9ruil9U. Statuscode 200
Durchlauf 72 von 810, nutze Token EEhUxUZUXtep9GDCAfoaSa2nl7cN6t9Kxt7meyyG. Statuscode 200
Durchlauf 73 von 810, nutze Token Zn8fXfgjQr55G1sofh1uHCEgHz5nTrbirtAF5FwS. Statuscode 200
Durchlauf 74 von 810, nutze Token 8ruQBdObVZgTZJWpUnVNbNKboPFXW0MDE16mQynh. Statuscode 200
Durchlauf 75 von 810, nutze Token OxqFTsNQSqWWZzbuXJwhPM6ZMMgo2RIMdhXyjw8U. Statuscode 200
Durchlauf 76 von 810, nutze Token 1fk6aWBJTH3KhqMM37EtceHdopE40UCv8vHX13fy. Statuscode 200
Durchlauf 77 von 810, nutze Token 5b17eSCZZm81rRfjYnRIpXFJMms5XXb9ud47e647. Statuscode 200
Durchlauf 78 von 810, nutze Token y3vC3FQ7YyDNHkfKp4ztqn7RWxvIPV4FG69e9QjR. Statuscode 200
Durchlauf 79 von 810, nutze Token s1CeVPAe9CMmBvRN7viOv3DIvrr2grQ18mzZ0Jh8. Statuscode 200
Durchlauf 80 von 810, nutze Token IvkhcFGfOzlgDEFG2GjDfddufhZOcFYwLgntvcjD. Statuscode 200
Durchlauf 81 von 810, nutze Token jHLSK1toQo4d3mcedKLwHm1xrIUyYCFm80iMOmNI. Statuscode 200
Durchlauf 82 von 810, nutze Token fuvC47PG5ITJbeO8ZX72qVl2GSWbQ8Qq7IEk0env. Statuscode 200
Durchlauf 83 von 810, nutze Token zQYrklOMWvCBvsBHlkrbBGNnKVq4nUUFrd0WMkZd. Statuscode 200
Durchlauf 84 von 810, nutze Token gGkGxhcCtGY656AZ6xWVeT3GQky4DbPq7s59E9eh. Statuscode 200
Durchlauf 85 von 810, nutze Token nhwhZXz64YzwpTWEqOGO8N1L9AP9xzHroYpISY0x. Statuscode 200
Durchlauf 86 von 810, nutze Token U1SL6ncti4U2wuQlEpyEuykzM38Jw9iASffdWCBa. Statuscode 200
Durchlauf 87 von 810, nutze Token lNjYxIAnJ0G0GeJ4D9Hdiit6JszcKP6SBALp2A4p. Statuscode 200
Durchlauf 88 von 810, nutze Token p0fRvSsjZBpWndB9ZIBUMlqyQR8rywjGA7X6KMre. Statuscode 200
Durchlauf 89 von 810, nutze Token rdJiw8xHT6zOmR9ExqcxtSrFgcq9hLY3IZ9hbkin. Statuscode 200
Durchlauf 90 von 810, nutze Token kFnbUb4XRQVv3JyUXyyT4z3DVF4skyWCZMjCmm9F. Statuscode 200
Durchlauf 91 von 810, nutze Token MDoBFq0p1cbqEb0NpJ3NrYzytDmEx7cNjARu1oCq. Statuscode 200
Durchlauf 92 von 810, nutze Token wk86xf1U21s0zedjVLMkk7CYzt68FARySGYKuRQl. Statuscode 200
Durchlauf 93 von 810, nutze Token SzwePWEqpek7clbLx6OoiHx8BbCGwqrunBOEeYJZ. Statuscode 200
Durchlauf 94 von 810, nutze Token CfRPoO68v0wTzTj8x2YtZCKapDheOiOhYrckdZqV. Statuscode 200
Durchlauf 95 von 810, nutze Token 7oAhBeRQsBz1VJTsL13P6JMqA1Qai4q85dVFlKQF. Statuscode 200
Durchlauf 96 von 810, nutze Token zP6wFdgIRwjogTlVjogMqPr3AWvKQTT8FMrcvsyB. Statuscode 200
Durchlauf 97 von 810, nutze Token 1RcbsdyJzA3adtE66yfitvq2PSLZSt4kjOeSSNhJ. Statuscode 200
Durchlauf 98 von 810, nutze Token svcpqC8Ezpb2sW5pUEvoCEoqTUPuOs6iPfEAc3md. Statuscode 200
Durchlauf 99 von 810, nutze Token b3ezF03eAnKe8DJ2FhxVCAaO8uYF6Ttm6KO2eP7i. Statuscode 200
Durchlauf 100 von 810, nutze Token UP8WqOz6rmlskj2UIS7eOp3PeISmE2KvIbUHozMX. Statuscode 200
Durchlauf 101 von 810, nutze Token UYn0K3V8M5jNQlHds61Yd62j3o9uvd8bsHR0sOpX. Statuscode 200
Durchlauf 102 von 810, nutze Token SBnYzzJ22e2y3kVd2shxEhvndyClTUu836Jl6uHg. Statuscode 200
Durchlauf 103 von 810, nutze Token klfu3uUI8YkgdFnyLWHesfUBWnqw2j3qjZmU2qho. Statuscode 200
Durchlauf 104 von 810, nutze Token mvuNwFVtbwTCMk3M35YDT6HIf5ajdZOqceh3xbuJ. Statuscode 200
Durchlauf 105 von 810, nutze Token b6lNqJZsV3gpy12S9O6JVCecmWbFJUK4MTmq3aOU. Statuscode 200
Durchlauf 106 von 810, nutze Token alP7OnXBTsdq6FEranpkB4OTZDUN5RRCaG7shNUP. Statuscode 200
Durchlauf 107 von 810, nutze Token U8FUtqcwLcIMQERuHcqRTwDaZbgqnKtzYSz5MBAu. Statuscode 200
Durchlauf 108 von 810, nutze Token 6mCsujFjHzR8XWSkWTBc6lINwvYuOA5adWZ97fvO. Statuscode 200
Durchlauf 109 von 810, nutze Token ibE9E980i202saHiQJX6CVCbhs0AmkXA7CwJUh5y. Statuscode 200
Durchlauf 110 von 810, nutze Token fUPE7Tg53Vs9yK3Mtn5C1C7XJFJwOYrdij32xnxH. Statuscode 200
Durchlauf 111 von 810, nutze Token aXoppCrtU747BcMokmHipiAVsT2Q6lKiRqCrUCdy. Statuscode 200
Durchlauf 112 von 810, nutze Token JHC24KTrV65IHPVXWk7jAtsg81EiekqkA9PBaQOX. Statuscode 200
Durchlauf 113 von 810, nutze Token ZAiG7gaqKZb2oYxn4uX2Qyzrl9H8dCsXouNEjnUi. Statuscode 200
Durchlauf 114 von 810, nutze Token FC8I1dREHNgKaAyiIyE2WSjdXtPNNEqhlQjCyEHV. Statuscode 200
Durchlauf 115 von 810, nutze Token vhmJTMutupzk7ahHlDHZYvt2i9cZNhKc1FLG1LKx. Statuscode 200
Durchlauf 116 von 810, nutze Token NfxTbvE0CIGQ8Tht4oNqrKHXA12MytsURgUxTxR3. Statuscode 200
Durchlauf 117 von 810, nutze Token KoPjUMJmzDGvTfUlr7XBww6JOoU92cE8e6AfTH7j. Statuscode 200
Durchlauf 118 von 810, nutze Token VBiCeK38My4V36qwc7ORnubti7kgUJ6VwV5ior4X. Statuscode 200
Durchlauf 119 von 810, nutze Token pEdF7OXN1QNJbDESGOw1oDy1yrewSgiRPn4o6i01. Statuscode 200
Durchlauf 120 von 810, nutze Token 4NmbIChVgS8LAw2McDvqvdniDT1mlHfDj3NMPS7n. Statuscode 200
Durchlauf 121 von 810, nutze Token bueNDMp7pCpvWm84NjGT90fd9rrUEOY0AV8Sf4eM. Statuscode 200
Durchlauf 122 von 810, nutze Token 4hc7rErPzBKZmIjrIPso7UAqAxdZMDRX7RiGyTHU. Statuscode 200
Durchlauf 123 von 810, nutze Token p3808V9y7Ry3VLvhSnUqVLnvHCpsTqESRzY7ruVn. Statuscode 200
Durchlauf 124 von 810, nutze Token FHQmdOig6aAwdM8LFYau6qtisRZhkXWG8Ugw49tT. Statuscode 200
Durchlauf 125 von 810, nutze Token jCM8JJtz7dsFE5o3t7gxLpWDXvRJYiMZPBXOpAyF. Statuscode 200
Durchlauf 126 von 810, nutze Token O2d7sfIFSxvMDvqc49mF1nzVu0KX2eye9P8y6E8L. Statuscode 200
Durchlauf 127 von 810, nutze Token CfhfeNopZjBGRlvfGHZoRGfcLzc7sZ4Om7vRgKNB. Statuscode 200
Durchlauf 128 von 810, nutze Token PX6LGMuQMukskZAhQx1MfCChjCyLgDBxqfjI7e2A. Statuscode 200
Durchlauf 129 von 810, nutze Token ITuhq12jY73tmURWPcuD7cDC94kqcMcVi4aQBY1S. Statuscode 200
Durchlauf 130 von 810, nutze Token boK9ZjsWkKAjndMltl7z7YQcoAwoPxyQK5U8QEA1. Statuscode 200
Durchlauf 131 von 810, nutze Token 20bpW6f4MUsmscb6uih4sm4lQP2nUiMXAlGm7Pk5. Statuscode 200
Durchlauf 132 von 810, nutze Token lhesc6CQpj9JJtOjCnfYitpWUVC6ECJ5LHzESlV5. Statuscode 200
Durchlauf 133 von 810, nutze Token J53uN6b1hbPDcV10iFGtmwo6QvkLZosuJzbPwFPB. Statuscode 200
Durchlauf 134 von 810, nutze Token Skh6rtrA3BjVxocuzR8mbEhACsZjtPha2N3JMFxq. Statuscode 200
Durchlauf 135 von 810, nutze Token 6OqCg6YpZxA2h6advGUVaVEYGpgZmpW0OfSarw6P. Statuscode 200
Durchlauf 136 von 810, nutze Token 5fRzfe7iWAX6aUSbNKxO7cdpnm8ICzaMe9U5j5ts. Statuscode 200
Durchlauf 137 von 810, nutze Token ikv2QCNl544k3BTn4AuQ8D9tP8aWfFWuLOYSxGn8. Statuscode 200
Durchlauf 138 von 810, nutze Token UhqslypTHpmpXIzHAU1U6YxiEDXrDAjw5F5Pt3EP. Statuscode 200
Durchlauf 139 von 810, nutze Token q44bebsJiPggS83d943XJFWV8bI2wd2NbX8u4SA4. Statuscode 200
Durchlauf 140 von 810, nutze Token c0JjWBqxVzU5EOqOOqgOhLBPvEoonSDry6bwqNIL. Statuscode 200
Durchlauf 141 von 810, nutze Token OfngyBBPmmTOjm4kBQ2CuEplq7TvTUXUTQSWv0qN. Statuscode 200
Durchlauf 142 von 810, nutze Token 7UO1pCsNXDieGxa03AhgPwcsAOLvyVbm3cL6ULdq. Statuscode 200
Durchlauf 143 von 810, nutze Token LVfJoAzg8aXXZROuniVSJA7kQf2JmnTwnk8kD254. Statuscode 200
Durchlauf 144 von 810, nutze Token YJC6y7uNu7dySPF4vouBqVevnqZ5ysc8AJzxFMbS. Statuscode 200
Durchlauf 145 von 810, nutze Token JwgiB3DECuhtPlLzaLwvogjVWksoOe0OGf7VHed5. Statuscode 200
Durchlauf 146 von 810, nutze Token e9qKee0AUqaIKZTw6uMrQN0VWPaa8wyDORVYigVm. Statuscode 200
Durchlauf 147 von 810, nutze Token 9ahQF6HXVUScmdYPz32wMi0T3Y7HEscV3d93JGaf. Statuscode 200
Durchlauf 148 von 810, nutze Token 6vTyd9ScFyscX29ht3GAUCBc1nC40AwkCjP0Hw2G. Statuscode 200
Durchlauf 149 von 810, nutze Token XBGt1Ov6EpRxTnmJc8huVKjVgAnKCxtuUtKYSdD1. Statuscode 200
Durchlauf 150 von 810, nutze Token uKCqoGUrte0ootKwBxiHCrbOfbj7q6oz2tgaLSd6. Statuscode 200
Durchlauf 151 von 810, nutze Token 6z91i37qPSVmBHdr34FZbqWUTNkNxhXr3wKfbnEg. Statuscode 200
Durchlauf 152 von 810, nutze Token Amt72M2dUBFUVnGjyrdEsndc3TD3jiNVRiVEgG9e. Statuscode 200
Durchlauf 153 von 810, nutze Token HUEv45rWEhxGkexxBJwVJd9sN5jwsjuCxialF1Ad. Statuscode 200
Durchlauf 154 von 810, nutze Token 8oqpyFW2si5SnYkup3Jcp790bFk9NtIrD4kb7IXB. Statuscode 200
Durchlauf 155 von 810, nutze Token XjKUlnrdX1ZOgujV9GDlhUj1pvGXagkYyGAvZleE. Statuscode 200
Durchlauf 156 von 810, nutze Token 69patti7bx62D0Xmx5uz3x2wYnIje1zN5PLWVwxH. Statuscode 200
Durchlauf 157 von 810, nutze Token AsWssVKsljt6v1ZleV9dSpzuelsdPLao4CHtWilM. Statuscode 200
Durchlauf 158 von 810, nutze Token bV6G6wN67EslmglqUEw4QcFww2UxNphibvByVlSu. Statuscode 200
Durchlauf 159 von 810, nutze Token emecGhdSQYh6PY1bJI1SUuEaM6YKCRW4CWXBPE8l. Statuscode 200
Durchlauf 160 von 810, nutze Token QZjskOgziCO8VcdGdov5i6WcT2GKzov9GISOYmtC. Statuscode 200
Durchlauf 161 von 810, nutze Token ND6uTTkuRyMEjmpz1Z8QLr1Yt8HVkanA247NL9dN. Statuscode 200
Durchlauf 162 von 810, nutze Token w2BfYLUekCX48OZGjjHq20HfGkHaGazQnVZqnqsB. Statuscode 200
Durchlauf 163 von 810, nutze Token hMimii55rj81mJafsne5KUTXnrMQFnDvUiXwCpnY. Statuscode 200
Durchlauf 164 von 810, nutze Token cE9Kw0xJ8rAqyrJXl5vnDV6hrfrUAMBaOYR8iBFU. Statuscode 200
Durchlauf 165 von 810, nutze Token EnQG0o4CFzvBeILJHZoBIGSUIxvYMiS58olMpYZ4. Statuscode 200
Durchlauf 166 von 810, nutze Token glZLu2SYCIucBnaNPBXuBk8HmnSMQoCCbKZwEKxT. Statuscode 200
Durchlauf 167 von 810, nutze Token 8PJPz2f2uSjN7WcFNNKftsp6w5HRVjCHxt3FmYRW. Statuscode 200
Durchlauf 168 von 810, nutze Token y6NxVYISiRv46M60lDf6WTOzxLYZUKpQYYjdem0a. Statuscode 200
Durchlauf 169 von 810, nutze Token JoQ1XuoyMPS6da6X7LSVfhnRSJg8aQQrU1RLTF50. Statuscode 200
Durchlauf 170 von 810, nutze Token pgLM5IkVJ35YBw0lnAS5fJiC4AALRIggS7zpl1PH. Statuscode 200
Durchlauf 171 von 810, nutze Token 7b04yTiuxKSIpFYvm3Bry8VEsRsqOq3CkEj07Znv. Statuscode 200
Durchlauf 172 von 810, nutze Token RgbFvZKigGIEj6F7wIXqujijHhIFE2ofuGQfRMs7. Statuscode 200
Durchlauf 173 von 810, nutze Token E0acXyHiqkuVTgBcrM0bQEPHURsdDCcnPLSnXtwe. Statuscode 200
Durchlauf 174 von 810, nutze Token 7lPBLnCiyZC541nsp6chEeKSaum5wQr2PyQ6cRJu. Statuscode 200
Durchlauf 175 von 810, nutze Token PGAdtfAPgPz3w9zDBC4aFbIKTyK4hdN8Sl3EWTBq. Statuscode 200
Durchlauf 176 von 810, nutze Token rCIve9aNw6l1vqyzC9DIMGaXAyFgs8wCu7q5KLeh. Statuscode 200
Durchlauf 177 von 810, nutze Token oO7Ia70i2eNAxWsT3MOroxshdekLSrMMxdcOkDQJ. Statuscode 200
Durchlauf 178 von 810, nutze Token 83MwS6yjPaS5lANDSHjt081jeqq4sM25VvNHExau. Statuscode 200
Durchlauf 179 von 810, nutze Token oz4AgzHhxR0tDQjFnyqCi5eB5Es7wBCdDI7cNTAy. Statuscode 200
Durchlauf 180 von 810, nutze Token 2VPHmD60gdrQlC1kn70M07scMCeIVuXk3dK72bbB. Statuscode 200
Durchlauf 181 von 810, nutze Token CLyq8qqrE5GbSLfiLOCjYsrRsBCr76xy3H1BbYUU. Statuscode 200
Durchlauf 182 von 810, nutze Token H26AmSSM7CWyJP5rUTepZcFmOOPJTiCY22KpwGY3. Statuscode 200
Durchlauf 183 von 810, nutze Token FVTqDUrTNraFWjGX9EwH2TmZK14TH9Nh6Wb953eB. Statuscode 200
Durchlauf 184 von 810, nutze Token SwNC9xCGJn7WWQwN7CtBO7EulbIPXcXhGreoj5KO. Statuscode 200
Durchlauf 185 von 810, nutze Token 37n4Cg8ybHdxllU2i7rbklm2B3Xe7Tu7SiSkMcTz. Statuscode 200
Durchlauf 186 von 810, nutze Token iEAnFC6K6RDXFTX3jIkGV8PWhE5eOUz8TzTC8AkV. Statuscode 200
Durchlauf 187 von 810, nutze Token IHJrUztyrEixvbuo7bwkpI3ue9LtuXt08JM39DtY. Statuscode 200
Durchlauf 188 von 810, nutze Token XPuN6KJyUgLs6tHJb80AaMypD6kDkIIFjvyVnZMe. Statuscode 200
Durchlauf 189 von 810, nutze Token zlMhtYnN7f9NeYlE0xUVK7RtZmX1oBtsYAtFRkYH. Statuscode 200
Durchlauf 190 von 810, nutze Token 3wrrCRjZl9eL5l4m9HTwjBL9osSrGYm8n6W3YXQA. Statuscode 200
Durchlauf 191 von 810, nutze Token ZmRtGuIKRghIThb8Fw3CQjg3sk7LqrLx5UDRli7p. Statuscode 200
Durchlauf 192 von 810, nutze Token zPboswVhqLh4cvJII5ZA1gc1OiCVssSWrjxlgwQx. Statuscode 200
Durchlauf 193 von 810, nutze Token pzOKc5f9nmeCGth8n1B4tIMYoSMaFzWaB2uazGuR. Statuscode 200
Durchlauf 194 von 810, nutze Token lXXHZFQiKTSJnM4shX5o6nwhDaY2zr5RNBs7tXQM. Statuscode 200
Durchlauf 195 von 810, nutze Token BEFz1vWy8ivetc2HM2L4jZBtGW6JTMdXWYnDiAKf. Statuscode 200
Durchlauf 196 von 810, nutze Token 4XQQNnl6imTqglcugZXkb5EGrKgFYsCrqeYFXxPu. Statuscode 200
Durchlauf 197 von 810, nutze Token RDG3uNBIBGGgBtcbp4qs9y6cMbI1c87kNkF7v1XQ. Statuscode 200
Durchlauf 198 von 810, nutze Token 7Rn0boymI2Nl2ExTv72ZjOt0Ev7is7UcedcEdb5t. Statuscode 200
Durchlauf 199 von 810, nutze Token KdEl9yMppjXeUmLzyu3CFTVGPmrByJN8RQwaBt0k. Statuscode 200
Durchlauf 200 von 810, nutze Token pYYAv8Fs2asXYhDlkusQezosEPxw768Db3Fn6I1H. Statuscode 200
Durchlauf 201 von 810, nutze Token XoLRR0wFE0Y0j3GyqFyRzLwPNT2xuTYaoo1ktDMa. Statuscode 200
Durchlauf 202 von 810, nutze Token ivbrHEH372FmZPTobaCmFWA79o2Zcec7Isi0uqo4. Statuscode 200
Durchlauf 203 von 810, nutze Token VkFjIy55av6pmxKaMMfmruueIZYnNbmW3jZvy7Fy. Statuscode 200
Durchlauf 204 von 810, nutze Token zATZ8I8BiL154Q4V8j8fvehSgyNcbRDHFUwTkFLD. Statuscode 200
Durchlauf 205 von 810, nutze Token Q4r9G0jXuamsulDS4RwNZrN97CEcpAIxoo0x5vMQ. Statuscode 200
Durchlauf 206 von 810, nutze Token EIYUe8kzHtmVw1fMtWs9eMO0H8i3T2BuNiItCFPO. Statuscode 200
Durchlauf 207 von 810, nutze Token S2ld6yskCdrBB1KkhfnHSVr4IfhPHDs7KWCat2cK. Statuscode 200
Durchlauf 208 von 810, nutze Token 8Es0hBhjMr0nQi4MMGDMqHqMtF0uRBlXnUqnrD1D. Statuscode 200
Durchlauf 209 von 810, nutze Token KlPoAk99EtLytc49deTHWUe13QyQlJespMMRYzpt. Statuscode 200
Durchlauf 210 von 810, nutze Token ku5U2USQC6iGDirK2LTs9QT2rQkHy09kidLaWfni. Statuscode 200
Durchlauf 211 von 810, nutze Token enigIHIvFDO7FBhMXkTvnKKwDdiXzBa7JxcWtykS. Statuscode 200
Durchlauf 212 von 810, nutze Token qyzYjNqMV0shtX1GmSP5HvVbf2H4H36gwZLoBen4. Statuscode 200
Durchlauf 213 von 810, nutze Token pli7iNtOrmDyMIdomGZ5TeteR4ynzt59xgflZlmo. Statuscode 200
Durchlauf 214 von 810, nutze Token dxrFaEUfW6eb4Yi5iohIH33N7wX3dQCTFBgpYwan. Statuscode 200
Durchlauf 215 von 810, nutze Token IzzAPJtCvm3LkpY2HSiAFshLkd6fZQKcO6OqC3xv. Statuscode 200
Durchlauf 216 von 810, nutze Token tvJTC0wYkrm6Potwaj2CxJNII0TUPfurymmNgBjN. Statuscode 200
Durchlauf 217 von 810, nutze Token E3W574lgviO3fzEVHrcFTlQD7i49BEGcdfrA7KaA. Statuscode 200
Durchlauf 218 von 810, nutze Token IbysJNKBIWUeJH7EA7uZ1EiMYHMsgOHyi3SiAvQB. Statuscode 200
Durchlauf 219 von 810, nutze Token F4OhhSpJny7bXteU4Y57SnEbBxHyggcHxLM801r0. Statuscode 200
Durchlauf 220 von 810, nutze Token g9Rpcz8OMwsxw45tLUCRKfc46VPrh1IQ8pgXTckE. Statuscode 200
Durchlauf 221 von 810, nutze Token HC1wJxc1rVQ2yPBoOA5PY9vYQTRkIYRuAqnzTRnf. Statuscode 200
Durchlauf 222 von 810, nutze Token NJmuyrNArBN01r3lwypQboTRImcuMe1oZCgr4gnX. Statuscode 200
Durchlauf 223 von 810, nutze Token CyuuaqCTZCSbK8UBODlesb2vLtwC6WLPDPnbLlXE. Statuscode 200
Durchlauf 224 von 810, nutze Token D4Dt6rW66prMBxSO34Y27vBHPRs4EXuVURCrdkqI. Statuscode 200
Durchlauf 225 von 810, nutze Token Pu4T6ZCu14d50g2AVlDdkBrzvM4H4VIMYKU0VPFd. Statuscode 200
Durchlauf 226 von 810, nutze Token Ddl21v9kZX5FIeTepxSbpCdm7ujWoatgAehaD8DP. Statuscode 200
Durchlauf 227 von 810, nutze Token smKxvWSFeE24zXk0yauvWMBHnoHcmp7BCF0JOcI3. Statuscode 200
Durchlauf 228 von 810, nutze Token KihuIMbHKy9kyjCfxBHFVtExglFMH545td6UZG5u. Statuscode 200
Durchlauf 229 von 810, nutze Token qA4KGHkmZsSiCJIndxcQZetwJEkuRUQqqUJisIK3. Statuscode 200
Durchlauf 230 von 810, nutze Token PFO1urDBliEMhzuetc2UrLXvpLLH40l1RF9RjvPL. Statuscode 200
Durchlauf 231 von 810, nutze Token xDLetnK3GBDrzlufaydMSAmfVwda5mfu9UtxJDnN. Statuscode 200
Durchlauf 232 von 810, nutze Token zh9aobWymy6DZsATgNPcbhOJb1i1o9UcsrT2hYfN. Statuscode 200
Durchlauf 233 von 810, nutze Token BUaBxBA4FwlO7NDLyavS2lWyyDSHw61ID1GZeYLJ. Statuscode 200
Durchlauf 234 von 810, nutze Token wTa1heDKlCJCHtkgIWw9ceMekq2MYQF4M03BCcZ8. Statuscode 200
Durchlauf 235 von 810, nutze Token 5oGcOaYFIQfR2fKvxiLpY9MkwbDiGsdUKh7F3Sop. Statuscode 200
Durchlauf 236 von 810, nutze Token peIZzsuB6onPtGkrfKzvZjWpu0M7nY9xGdWShOZk. Statuscode 200
Durchlauf 237 von 810, nutze Token pQzkPDEkw34IkzmcQ2IkzsHKWZUzIJD79OsssT0t. Statuscode 200
Durchlauf 238 von 810, nutze Token 1HEIPj0DZRsPumTGD08OwwvI6t1dqUfCeOjFeEz5. Statuscode 200
Durchlauf 239 von 810, nutze Token eA7zCiQbzoiGbNkJrh7fGgVjiCXOnoXA10kyg7qK. Statuscode 200
Durchlauf 240 von 810, nutze Token maPPfnbKnpiFWBvYPG88Cdx5jGt0u4QUjGyYGBHi. Statuscode 200
Durchlauf 241 von 810, nutze Token YmlAH4QK2xaof1mujD7Ga0yUgy7Jdkm9lQ0n8q6P. Statuscode 200
Durchlauf 242 von 810, nutze Token evWQamDGts4VvYnmo4bq4O1nPnG9DDiQ2hymUnfr. Statuscode 200
Durchlauf 243 von 810, nutze Token nn8KJ5QDr3xAE4hJzmzboOBpL7TjfDfuRGrCiJb4. Statuscode 200
Durchlauf 244 von 810, nutze Token M1F1YGt4moHzMTShStqHUcYABuonOMtu2Xpy3AyJ. Statuscode 200
Durchlauf 245 von 810, nutze Token KFGS18TfUN6Li9x0vUZbu2te8U5rht2JQmsJxU4R. Statuscode 200
Durchlauf 246 von 810, nutze Token CORTzUJh0Hgcp3fHMZ7S4tfy7iB7x9ErLIh7YxSi. Statuscode 200
Durchlauf 247 von 810, nutze Token VnFMObFY3IzCdl2IobwpvCVIScxQoLsIIuv2lMnh. Statuscode 200
Durchlauf 248 von 810, nutze Token nGfY6kH63oDoN2g7y1ICkligoJ7h6YHjZ5fV0gVd. Statuscode 200
Durchlauf 249 von 810, nutze Token En5za5JjNcw0nJmyGOYrIhnwkiHOI8VlDXdl3qda. Statuscode 200
Durchlauf 250 von 810, nutze Token jkFdcuvBi4jWHMRXqThHsYihFdRLUeuJAnCd7jHc. Statuscode 200
Durchlauf 251 von 810, nutze Token bF6hyJqGdiyESfsj2WEMFclhqB6Mz8G3sYZGpzX3. Statuscode 200
Durchlauf 252 von 810, nutze Token nluzS4Xf1aXzpRmE26oMG6Bp9xnaOKNY93YfbrQn. Statuscode 200
Durchlauf 253 von 810, nutze Token fSYVBmQik4kAWsaXlrwjt9TN3MKKKoU7UaIypHbo. Statuscode 200
Durchlauf 254 von 810, nutze Token PSN4rxSi00yzA8pTA63y9vFxmyhgg2BJxbFqmwmo. Statuscode 200
Durchlauf 255 von 810, nutze Token ItHme9W0l1zf1GAjkiEWLd75mJh5IMz2vyClkt67. Statuscode 200
Durchlauf 256 von 810, nutze Token q2N73LAEmR1fSBh38N416ug3h0oGCqnJ0V2pJZPa. Statuscode 200
Durchlauf 257 von 810, nutze Token tmYZhEKLRDnmVvx6PfsmtBqfnywGP6dIxYgfvWO4. Statuscode 200
Durchlauf 258 von 810, nutze Token Whf6d9e629HsBodSL9TgnypLrDiXNffUdWKKEYty. Statuscode 200
Durchlauf 259 von 810, nutze Token NWvqXDIVnAAtpYEClzpLxtYfZJx5tR4f2QWQrFsd. Statuscode 200
Durchlauf 260 von 810, nutze Token xPjSiCTVtOb73BSz2UKvTKL7ed4MKwlW5KYurpp7. Statuscode 200
Durchlauf 261 von 810, nutze Token 9iqoV21CrR8Ng76r235sFCW7lg31E2m8PFVlSM8D. Statuscode 200
Durchlauf 262 von 810, nutze Token 2cjTZEaE8GSUAEIczQEqRnNOFvPhLvD3WH7u7ZVb. Statuscode 200
Durchlauf 263 von 810, nutze Token qDCIwQYcnQJp77DbAlDph80o3jVctLlFzbhAcUWa. Statuscode 200
Durchlauf 264 von 810, nutze Token 3NrIfzXKjhDy1NoBHiGc1fEapLT0DsGAVBDbFB74. Statuscode 200
Durchlauf 265 von 810, nutze Token 4tnmWaicUJCucaOgNEn0TT2oYxkhy7sZCi4S9eks. Statuscode 200
Durchlauf 266 von 810, nutze Token zaQJUPkeLir3aqPauk5jbmP6mzOtidNdzRTnqowT. Statuscode 200
Durchlauf 267 von 810, nutze Token THBRaQuPPWuj4wjHr6bF77xPV8Oh9P430ChBqYPr. Statuscode 200
Durchlauf 268 von 810, nutze Token 7RSNspXWSP2SGjyGWGBFhDwsyFvOjDaZS9x03oCI. Statuscode 200
Durchlauf 269 von 810, nutze Token YURR7n1SZisWkXCcgupDcfl57VymvaKN0zcZdRfc. Statuscode 200
Durchlauf 270 von 810, nutze Token liGECP7TBSGVNCMf3eZClClQnBuWbFfbZSPlAkBO. Statuscode 200
Durchlauf 271 von 810, nutze Token sKxI5BI5BUsHCXgJE0lrZHQModOysnUmqjgaB6BN. Statuscode 200
Durchlauf 272 von 810, nutze Token RUa0B52pdPtHzaxjhSK79pO2ghG22OgFRI2SjgKe. Statuscode 200
Durchlauf 273 von 810, nutze Token MhiESOAQxCA0bJ7CxAZAEcffSiLop4OSGqDRjJDy. Statuscode 200
Durchlauf 274 von 810, nutze Token tzSpWEFKWxDw6IZtVWib4bNvnSF4heUqcRWgzdWo. Statuscode 200
Durchlauf 275 von 810, nutze Token 1XSQ2i6km2XNNHIQ1wzXDckRfTlxD3CxX5JqnW7P. Statuscode 200
Durchlauf 276 von 810, nutze Token TaVMatxxpsNHSCe4OBrLJJqrNYLI5NVKr6mB9ylk. Statuscode 200
Durchlauf 277 von 810, nutze Token sPFijvK4SzoN3KgiiBphaMbxNpWnM2ormkrfFiMZ. Statuscode 200
Durchlauf 278 von 810, nutze Token CggmNyPt4CgOlRvYSQa0hSCFXdF38jDXCr0jsUWH. Statuscode 200
Durchlauf 279 von 810, nutze Token INIhpK3CUiKuADsx4FusHdXDpUcwUYpRqKPINNt0. Statuscode 200
Durchlauf 280 von 810, nutze Token YPB9lhhkzjXUCFGisZU3Qfqrcr6rTDTGhkOgvGIF. Statuscode 200
Durchlauf 281 von 810, nutze Token MjE6dQCCykgznubseO2NDxNUhEkyRYC6ImlTsiSb. Statuscode 200
Durchlauf 282 von 810, nutze Token K2w6RsBi5nVgGHyMs97GluDwgtZ8P49lck06nRlp. Statuscode 200
Durchlauf 283 von 810, nutze Token VTDY9yA88pkNEcigyHgin3QvG64PmIw2PSK9Zd4X. Statuscode 200
Durchlauf 284 von 810, nutze Token 3rM8RYJIc8FJG8qpgyswGCbsMNAtvoObnPz4ebRb. Statuscode 200
Durchlauf 285 von 810, nutze Token PbhhX1u4agVjJ0hFRH09yXbAhy0n4A7dKsT38KvZ. Statuscode 200
Durchlauf 286 von 810, nutze Token JBxE2feMo39RggnHtz0f9Kg3G7gBNVTfAyZzGmvL. Statuscode 200
Durchlauf 287 von 810, nutze Token oLXlNVuKly9tYjJ314ega5CYOBgY47VXJPAF2aLy. Statuscode 200
Durchlauf 288 von 810, nutze Token XOrpPlBjTHW6BDwKW90b5NalqRtLfZ6CMAvuLp7Q. Statuscode 200
Durchlauf 289 von 810, nutze Token sJKrpOyagDErxrbf0uK9miYBVr8OR85tWFyqufmG. Statuscode 200
Durchlauf 290 von 810, nutze Token 5ZluXNrWoUnqOznAKZdeNEacPyyAr5jMDJW3M0iW. Statuscode 200
Durchlauf 291 von 810, nutze Token UPJGfwDOUfLtc26MV6j386o1xQ1v9wgqwf3bLWeT. Statuscode 200
Durchlauf 292 von 810, nutze Token ehQpaDdwqRMvhpKVDAvj07qVfN74MLWA4zeyarAJ. Statuscode 200
Durchlauf 293 von 810, nutze Token Hpd76zBIleA80HiUWEKzRbfKdmVxZ9icRtAbedWA. Statuscode 200
Durchlauf 294 von 810, nutze Token 0Nx5WAVOmc6t3xi3FZM380rdslLOtvzEvdsJrHI3. Statuscode 200
Durchlauf 295 von 810, nutze Token 4aNl7TT98N9p4eLt6dp3rPvPl1cKbM4Mu2N8UWXV. Statuscode 200
Durchlauf 296 von 810, nutze Token VLm35kqULHSRt0f3qlAP4mrhr1YnB03yajqQ808S. Statuscode 200
Durchlauf 297 von 810, nutze Token E0DpPBQ6D5b5wBh77ftosb3H3nLxSfSgKWGjOshG. Statuscode 200
Durchlauf 298 von 810, nutze Token dlp2M0YHKyjZZDhznlObtKVE98SaiKtFsYNF73cj. Statuscode 200
Durchlauf 299 von 810, nutze Token 6DPn0rfSuhkUYQBZhsechRPEp39xHyzA65v4kLpb. Statuscode 200
Durchlauf 300 von 810, nutze Token 84k7wl7i6a8cmzMpB9JpGadmoOewegC8uG5wFj9u. Statuscode 200
Durchlauf 301 von 810, nutze Token sucyZ48XfoXezoOskBNB7wCugBLSNFoVA9BFERur. Statuscode 200
Durchlauf 302 von 810, nutze Token n8ghpIXVjGnNmqJfWvRbDBBu43e5zukw60jTO14M. Statuscode 200
Durchlauf 303 von 810, nutze Token f4MxmrBPmbaYvM29ThwpSaST0DViQPmtZHUGwM14. Statuscode 200
Durchlauf 304 von 810, nutze Token 6YWwru9CRN3ttgKlYrt89DpoMupv0lFnih4HsH2D. Statuscode 200
Durchlauf 305 von 810, nutze Token PSCxWCoGp5JJEEOBdWmkKC4XxFRCBQRiO7hOG8iz. Statuscode 200
Durchlauf 306 von 810, nutze Token GmTunOcToUHaxMt3r9PDXj3gnJ8JJT28q0aYP8gC. Statuscode 200
Durchlauf 307 von 810, nutze Token 04UvHLZ5P9IDcmz0RRK5XsdJD94zcnJul3YnbM6f. Statuscode 200
Durchlauf 308 von 810, nutze Token qxsMPdv9Cai0ccUTMKBPNMlZFU3p9WROj2osNYCV. Statuscode 200
Durchlauf 309 von 810, nutze Token O40rbuc1fZceWOkmDPcDQmWRA513cPA8GhrXs3i9. Statuscode 200
Durchlauf 310 von 810, nutze Token 5E7J5xlw2Q5VbR0JY2HKpPEnA9ECGx15dxxy6vjU. Statuscode 200
Durchlauf 311 von 810, nutze Token PrN6KrqmLEGmE2NngfRWMZXH6zHcydK5zUYDiqvF. Statuscode 200
Durchlauf 312 von 810, nutze Token Q1MKTlpNW1CR6LHEakeRULJYcMcoGL6NOdYyHeJx. Statuscode 200
Durchlauf 313 von 810, nutze Token 4FKG72m7l1iSiq2WXtSwyGpOxFQ6TbVloliUdIJL. Statuscode 200
Durchlauf 314 von 810, nutze Token uBsufrroPtw0XnFmdnuWOYgmacUf7r53IVU9MCQZ. Statuscode 200
Durchlauf 315 von 810, nutze Token ozsyAQ41Gyhl25xnjQGbW0pCRf34qW2nqEIdayyb. Statuscode 200
Durchlauf 316 von 810, nutze Token f1H5b3UahihM9GeB7ANUySnNwnsKOVgu6ZcianNj. Statuscode 200
Durchlauf 317 von 810, nutze Token A1PEQGmMGKojHtM36jxXbXqs43WeIaStijf2FvDV. Statuscode 200
Durchlauf 318 von 810, nutze Token L6SRI0jDBa2DfzeteNepPSqESuCYK6wKVh460pMl. Statuscode 200
Durchlauf 319 von 810, nutze Token ngQBqZIyTOaPTiPXLgFaMmkh6xzznsRJDyotU8w6. Statuscode 200
Durchlauf 320 von 810, nutze Token kXaA2TADdLnjZ3elYqpavPybydv6iIXClRwxxCh3. Statuscode 200
Durchlauf 321 von 810, nutze Token O4uLZ4qWwKizNC8nAWHnC4iGMdpmVp67binfIic1. Statuscode 200
Durchlauf 322 von 810, nutze Token 2FQ3wzHNzci1Wkug1XsTHgAaM5Fq6No886EuKbND. Statuscode 200
Durchlauf 323 von 810, nutze Token DATNhjtQJt3fptPYLpOpDD60cUN2rjzlGSBDASak. Statuscode 200
Durchlauf 324 von 810, nutze Token TRCIa80WpIatua14MpXbZES8Qm2yvgknuUgS9RV3. Statuscode 200
Durchlauf 325 von 810, nutze Token Wgv5WSco7YOTv5x6zwrQproKJcNsedLJTqgmavhf. Statuscode 200
Durchlauf 326 von 810, nutze Token PgH3nk1eznyQYFPpE7ux3i9X54rlYVGP981f0gGy. Statuscode 200
Durchlauf 327 von 810, nutze Token 4pKJHrvl2OMvN025EPeyoC0io2qwkkryKEkOV7OP. Statuscode 200
Durchlauf 328 von 810, nutze Token Iji8C5DOdx6NSyay23fXECdBvTSelQVxXgUkXyBj. Statuscode 200
Durchlauf 329 von 810, nutze Token ZHYwnExL4sZZr64ZcFHp3JVTPWMCw7Ou7FUvQi06. Statuscode 200
Durchlauf 330 von 810, nutze Token q1yD9KUCBxvSeVMsn0JSh1d9EcaA7Us2dhEqt959. Statuscode 200
Durchlauf 331 von 810, nutze Token 5acOCXYitbKnhJ9lrWDB78rwrt8cC7Un2G241CHx. Statuscode 200
Durchlauf 332 von 810, nutze Token HywTzBkvCj4oirweLZMbLTTJdS7B3oaVGSBz2UmS. Statuscode 200
Durchlauf 333 von 810, nutze Token jQgzq5TBUzwXWMMYj9IrcV3UtTW0K7lexmMr8jKY. Statuscode 200
Durchlauf 334 von 810, nutze Token oWvXEWvrBEMSp4pVUXN2DYpF91e4k9JzOHrqckoa. Statuscode 200
Durchlauf 335 von 810, nutze Token 26Qr1TEhbZK8FQFUR3xJxYs6W8a1XGqGCD9seSxW. Statuscode 200
Durchlauf 336 von 810, nutze Token 3aRCzbuRDjROrUkgs8H1CJEqLtLtZqsIGL5IbL3a. Statuscode 200
Durchlauf 337 von 810, nutze Token GRaOMZRuesoLWQDz622j4voo0HTVHrsJG5jSOiuJ. Statuscode 200
Durchlauf 338 von 810, nutze Token g7dyPQ0g4V5JlHbjnzgmsElZz2C1kblCW3osTeO3. Statuscode 200
Durchlauf 339 von 810, nutze Token Rm3oScOJpdpjvAlduwOdNdXxPxv18Td8a3N3JmgX. Statuscode 200
Durchlauf 340 von 810, nutze Token ScECImAqoiVbb0LTo6Zyevpj2llTSdk8xRN9hpV6. Statuscode 200
Durchlauf 341 von 810, nutze Token Jscpwr5yDpUhScOjoKMEvJgWY8prG1JpeTIZYLGR. Statuscode 200
Durchlauf 342 von 810, nutze Token HkmD5xHA8zc9HvyIot1ID3UilhrhCt3V5a4TBsgz. Statuscode 200
Durchlauf 343 von 810, nutze Token Iz6E5sxsf3nR9EBYG01xe86KBcxQWlqfacf31UFJ. Statuscode 200
Durchlauf 344 von 810, nutze Token 6A1EmJxn9M8g6LDvcAXBwBWs4MtKW2Xz3XbHOdMp. Statuscode 200
Durchlauf 345 von 810, nutze Token h8fSMWxf2VDvvlQrzqP9AZxmrxM3kw3QGn72aPo6. Statuscode 200
Durchlauf 346 von 810, nutze Token mRpj4QrHuKXtq2LPSlDcYY4jinStf6ShGw6vxNLm. Statuscode 200
Durchlauf 347 von 810, nutze Token 9UnCYYC1yyPoUqUBSwq8coAa0qOGwTgcSvOo1LuJ. Statuscode 200
Durchlauf 348 von 810, nutze Token g0y2lvTykwPFFSA1wdUO2zrD7SedZpJb6LxPpVlZ. Statuscode 200
Durchlauf 349 von 810, nutze Token C53HGif5f4TancGRlJJRQoFKpSeOJLrl2hSctcR5. Statuscode 200
Durchlauf 350 von 810, nutze Token iYUWWzscy801Q2rQNl8Tz1obeOlvoxPXz5pZnPLZ. Statuscode 200
Durchlauf 351 von 810, nutze Token 5MDBXwDKq6rZnGJ4vSv4A5TMlU5LhRU4SJEy5rvv. Statuscode 200
Durchlauf 352 von 810, nutze Token ppDDDYGtohYR0GwRHuuld9ERyrBHEMXiY1F08QUJ. Statuscode 200
Durchlauf 353 von 810, nutze Token 6fyRw7SGtfye6d9HkbJcSAML3cotvqHmHeL8aJZr. Statuscode 200
Durchlauf 354 von 810, nutze Token u5CYSzIkfkNqw1D3Q3kLwBHpbiukrg18N9h8N14m. Statuscode 200
Durchlauf 355 von 810, nutze Token zMgPs2kCzL6cI7OevqJnSvObak99THKDWLoNGDJc. Statuscode 200
Durchlauf 356 von 810, nutze Token LDulEX8px2pUpZqW78tq4IktVNoE4LFT2peK3ybG. Statuscode 200
Durchlauf 357 von 810, nutze Token oDq0B1psqbfuQRqLXLtyrZq9CWfOWc68gnHe1FaL. Statuscode 200
Durchlauf 358 von 810, nutze Token Zucwehe8nrpnzZEkncWDR6gDDp115GFcQ4jyUtud. Statuscode 200
Durchlauf 359 von 810, nutze Token bEtTNZuQE14XEeMHT5Cjk4CTGdonlnxXLQqgwoDs. Statuscode 200
Durchlauf 360 von 810, nutze Token 020GVoox950wIt9Q459C2lCn6kH0K06ASDN8WCfs. Statuscode 200
Durchlauf 361 von 810, nutze Token xhTlhHj0PPsN5T58mPVIxK6CsQrlf6ytP30g2tvq. Statuscode 200
Durchlauf 362 von 810, nutze Token LGCUoBhA2Yyf2sukSJo5FQxqGsX8w4jsPCbigG9e. Statuscode 200
Durchlauf 363 von 810, nutze Token usUhfotDREk4OnLl0IfLEYWcZv14Npp7HBl4wK5z. Statuscode 200
Durchlauf 364 von 810, nutze Token t0rFvSM7qFp2iZi0NLnenSzbeyuLrtjho6COqV1x. Statuscode 200
Durchlauf 365 von 810, nutze Token raHX1iwS8HutP2NxJhvCDwaNdQsEd7Cz1QmMjlBm. Statuscode 200
Durchlauf 366 von 810, nutze Token L8P5tyj13hfwLn5RyhWMns0pJct2a950bZRFaC1N. Statuscode 200
Durchlauf 367 von 810, nutze Token WNtyFrhDuupBpaR9eIw7IDMQ7ZH3AsHaNsFU9mpj. Statuscode 200
Durchlauf 368 von 810, nutze Token gZ5Ac4O7JtkpisfuivxmGwgDHu0iFNb4EhGUHj1g. Statuscode 200
Durchlauf 369 von 810, nutze Token 40N9mET7WYFZD8nYXfLuwCMxyaBrTTVMgD0ozTMB. Statuscode 200
Durchlauf 370 von 810, nutze Token d0QoqSMZvFChBzvGPslmZjTDWfvWBnY1En91dQMB. Statuscode 200
Durchlauf 371 von 810, nutze Token 17piS0pT2mPILTczwAm9z1Nqfzo01eXTUpBpHjjc. Statuscode 200
Durchlauf 372 von 810, nutze Token wyyGvbsp5byjEgTOJ9aFllne5J0neWQV8vBWr6lG. Statuscode 200
Durchlauf 373 von 810, nutze Token ttkZaEyvOvJI9SCb4X2qqOEuWrYp4LkQk5SurLJX. Statuscode 200
Durchlauf 374 von 810, nutze Token pE7VrB2vQbIhCnCWjEdGku6mTmCkkszGzUKP8F8c. Statuscode 200
Durchlauf 375 von 810, nutze Token w3NlpKxrEDNfZLwWl7qIJVct9tnSSet5UDTSjuWw. Statuscode 200
Durchlauf 376 von 810, nutze Token mZ2gS1KhLHULAr0B0sHCfDBJ5jp1aHU54XUAd3ob. Statuscode 200
Durchlauf 377 von 810, nutze Token 5XyRNh5WzAH830ZuRjtrzZEw6RQfXTxlbe6wDIaa. Statuscode 200
Durchlauf 378 von 810, nutze Token 0PpPG2D28UFmOcb9nvDlz50BC8M0mM93xJwwRBFH. Statuscode 200
Durchlauf 379 von 810, nutze Token kIeq7nc1HXMtE1d64NXwxMplAs13QyTlbjQIwBoT. Statuscode 200
Durchlauf 380 von 810, nutze Token 7IDpXaOp02LYji0kmHd3dg42tDucLeDb4newiOIq. Statuscode 200
Durchlauf 381 von 810, nutze Token j567JvWX6JfjzesPg8KrKqKUr4Q4WqWrfmMCZCLG. Statuscode 200
Durchlauf 382 von 810, nutze Token JreIfy0paW7hELj5BNUzoCf8K2WqfLfnebyo5o0H. Statuscode 200
Durchlauf 383 von 810, nutze Token KSOeTmweQJEYy3YzAAVXafIjyGv17u0m0sN2fszm. Statuscode 200
Durchlauf 384 von 810, nutze Token Nra2uo4nbfMyOEF172vmzI6difszeRQMEZtuwnop. Statuscode 200
Durchlauf 385 von 810, nutze Token d32WdES0bew5XAkBjYU6AoWc5M2W3MeYqd8EW7bz. Statuscode 200
Durchlauf 386 von 810, nutze Token PD2tatd30NylXnnQ8BIqrySMHMp1JSFEfxmsqDMU. Statuscode 200
Durchlauf 387 von 810, nutze Token 0tUVv9vsIXeqiI1uv0TTseB4isNznoIEaX9GJFBf. Statuscode 200
Durchlauf 388 von 810, nutze Token fBPhMJxHbENeimdyOFJ5q1rC6JISh4uFjnO005jk. Statuscode 200
Durchlauf 389 von 810, nutze Token xIdp489h9YUsY11XOhAZcSryi0iA8TA1Im82l80N. Statuscode 200
Durchlauf 390 von 810, nutze Token yigKDd6koeBKyYdBhNyn8rvvpYhqpjcMNNvSV1DI. Statuscode 200
Durchlauf 391 von 810, nutze Token T8bwM0XNCRAINigrWxz2QoUikmK2BxtYS6cV5CNG. Statuscode 200
Durchlauf 392 von 810, nutze Token nCydmvHcvMkWUrgeNHJREXnkxDgzXanRDIwNDOr3. Statuscode 200
Durchlauf 393 von 810, nutze Token jZffNwm1Y52yI4ooRY5CEyNGJW6VU1pU5AFlnjwV. Statuscode 200
Durchlauf 394 von 810, nutze Token HQu8qnk0WGB4VkxBfV7MK0qVEGbQDeGYpDGYckKi. Statuscode 200
Durchlauf 395 von 810, nutze Token SelW25qB4Aue2GijXi0xRZpVWn8xAnYGqiJidPOY. Statuscode 200
Durchlauf 396 von 810, nutze Token dFUsmxcgmZ66avPxoWKbGgaGFxekwzsuUMftIOxo. Statuscode 200
Durchlauf 397 von 810, nutze Token fWOAuSiW63WlLv9SaxmgmdDFJ9gUDKyAhac79mNP. Statuscode 200
Durchlauf 398 von 810, nutze Token 9oJmIZ2vlL64zy9X3rUIoFdlrqv2hoqWAePuskLN. Statuscode 200
Durchlauf 399 von 810, nutze Token 3sYUjZyuqsT2yCLuqglzmoxIuw9R0FrioG6yU5Bd. Statuscode 200
Durchlauf 400 von 810, nutze Token EoJLvaek7KJFeHTSEyGAna8PqjeSSwKixlgX9Pce. Statuscode 200
Durchlauf 401 von 810, nutze Token C943kavKItXFECT11iDT18XryqDVgMxTNijNQw9s. Statuscode 200
Durchlauf 402 von 810, nutze Token wfkomtDwxnjl0RLeXFRCwCaJD22DVLVWYCuJtO9q. Statuscode 200
Durchlauf 403 von 810, nutze Token 27ihOqoObtEBQwjQEvBqgYibXYZPMTIfxhDwViyD. Statuscode 200
Durchlauf 404 von 810, nutze Token dsvk9bnBhu47wwa5f8FWHDLnyQXl2MmbKBqn2nN1. Statuscode 200
Durchlauf 405 von 810, nutze Token nImKHgIw6YwepeVjdNy3MSeEOLcMyjFjMT8VTjU8. Statuscode 200
Durchlauf 406 von 810, nutze Token 3ruOECrQPaMYubW7dC26OUqkPOLYwJ5vdgCuWYlN. Statuscode 200
Durchlauf 407 von 810, nutze Token Vx2UR070Ps8u9Rrr5WgLwiZo9btIZsH3NdkJQhou. Statuscode 200
Durchlauf 408 von 810, nutze Token Yv1QJyczZ316NZyco2Xq8YI6gd3xh6h6mAUkSONE. Statuscode 200
Durchlauf 409 von 810, nutze Token IEzZMMLor9mjKDGgRzlcNRlpHTzLLRfzPsUleEQ6. Statuscode 200
Durchlauf 410 von 810, nutze Token m3M5lw8AFsJL56MfjQ8ma0bfbkzBEnTzLrDjcGjU. Statuscode 200
Durchlauf 411 von 810, nutze Token vtK7XeVRrzOcJevvC3zFN6Xu97sTVCPEUp41HUJh. Statuscode 200
Durchlauf 412 von 810, nutze Token POPW3e4Nv0XOJHv7I6bHb8zzfKkZ7CQbCxGor8sc. Statuscode 200
Durchlauf 413 von 810, nutze Token Eb33gLAmFZyv4lqGfqE6fN2KVEDdumRTpj6eD6zB. Statuscode 200
Durchlauf 414 von 810, nutze Token bckK773ZqLNXIxSgtRJ9oRbENwBYB06WUVxfVghK. Statuscode 200
Durchlauf 415 von 810, nutze Token dpWjoQmLJxbScNDUExXRaR2mqUCvxFC0Ndro2XH0. Statuscode 200
Durchlauf 416 von 810, nutze Token t3WkeOTSEqZaT8JbI1oyPiTPWG6QtEMf25zm9BIJ. Statuscode 200
Durchlauf 417 von 810, nutze Token MhdtZ3ynmpyM8BvWWyoXq6emXyjsnyAXpMv8neaW. Statuscode 200
Durchlauf 418 von 810, nutze Token GH7b2aSVgwo38gUjEnzfAYvMRN70SACcuRMb6yGy. Statuscode 200
Durchlauf 419 von 810, nutze Token p8xC269Y4ZsTEg0MlDh95DkkGQBpsogeg408byVb. Statuscode 200
Durchlauf 420 von 810, nutze Token WaPJo2BfTPLYDhPgBlNIwE1iQEYDkUjMuXSvs0Pi. Statuscode 200
Durchlauf 421 von 810, nutze Token roPstYcNIKQbRcXZsJGSNI3wbiQz56hBwuYAsO3t. Statuscode 200
Durchlauf 422 von 810, nutze Token OF5pxbkpUPNsko2c9qMIGUMdN1nUP1GXfw8FZDIE. Statuscode 200
Durchlauf 423 von 810, nutze Token pFkNdFinKU0jqiIzqjrd7hfljpFY0d84YqFWwFdG. Statuscode 200
Durchlauf 424 von 810, nutze Token FaADxN69JD3DWFPuM6tFncXWC0tgxXacS7q4sweJ. Statuscode 200
Durchlauf 425 von 810, nutze Token Og1saDywX9s7E97TiGwytxn5ZZggWmNrtH56DTiT. Statuscode 200
Durchlauf 426 von 810, nutze Token qUE2YKl8LN2CtLKfsUnJHjeaLbzwE70KFMQNhClA. Statuscode 200
Durchlauf 427 von 810, nutze Token JxkMi1w6Gj9r5D6aZ1fzUWQHATkXNNS3T6Rhwm8L. Statuscode 200
Durchlauf 428 von 810, nutze Token Y0uRSXmLGKOUqZBq5Er6SSX3uITTdHn7puuF5WSe. Statuscode 200
Durchlauf 429 von 810, nutze Token kLb9jXgNEO81uxIvaslO8DK79QsLISdWhNp2EyIX. Statuscode 200
Durchlauf 430 von 810, nutze Token siiqDU4p14zaOpLnpH01IfcPYcD4XBsD2ipkLJuu. Statuscode 200
Durchlauf 431 von 810, nutze Token C2vs98U2FNY38Sv7NehForCjHKyHZ0jzBqV0zWrG. Statuscode 200
Durchlauf 432 von 810, nutze Token VG3URHjMgvuNdUY4aZHvJz7MA1XSrBnwVytWY7RY. Statuscode 200
Durchlauf 433 von 810, nutze Token uijnMArAXyxVHexCPT2yicA7QOKzU1GYpAGwFxLJ. Statuscode 200
Durchlauf 434 von 810, nutze Token SKtEynLbR4xU9Ifx7OOsdzLO0wWitSVLRBQcqnsA. Statuscode 200
Durchlauf 435 von 810, nutze Token rFsyWqmCD2pjldJL3EiXkwQ4KoZG673wTRUh0ltJ. Statuscode 200
Durchlauf 436 von 810, nutze Token 8ISIMJW4M8zBlDmUNghZNbHl9lCNicxJjyOOz2aV. Statuscode 200
Durchlauf 437 von 810, nutze Token 6w7oGc6yBfnHqcDzFyaQNB2fVEYMk6qw00G1R52k. Statuscode 200
Durchlauf 438 von 810, nutze Token l7k2bgltCOUIZLh5ylPUXz02xH9TLL8sz2bEep1M. Statuscode 200
Durchlauf 439 von 810, nutze Token H7rksBwJawzmWh6yGD4Z7flPFy0ULkJR1sEkl45Z. Statuscode 200
Durchlauf 440 von 810, nutze Token vcWavXUlTd4mAIuEnr27GXxfZAGp3aX7onRSBp1G. Statuscode 200
Durchlauf 441 von 810, nutze Token FdQUOScFx4RuF3zYT8T2MeLYdytl20HbHS5ZiJQi. Statuscode 200
Durchlauf 442 von 810, nutze Token UNJ2lmrXorziHCGDlMVJWlXo8jRcuNsezWcUvutH. Statuscode 200
Durchlauf 443 von 810, nutze Token zWLaDEQs5IHmu2Kk2NjhebpMbaAnLu93r5CGRMJH. Statuscode 200
Durchlauf 444 von 810, nutze Token 0ajdzCSjDZUMyL1bHsxTexwV0EUi9edDV4Q0dG4g. Statuscode 200
Durchlauf 445 von 810, nutze Token cxRvBycHdrJVRgsjnoCnhI36foH57iKGMKfmK341. Statuscode 200
Durchlauf 446 von 810, nutze Token mi46ax32S8BbHXsGRSP2wqgUi56inTlCBdh5dnAK. Statuscode 200
Durchlauf 447 von 810, nutze Token NTxeVaMebKrTj0Ty4OLDeqOKUKHByMl6N6MeH5aD. Statuscode 200
Durchlauf 448 von 810, nutze Token HfDyvXcLH0X8OH87AnG1kMhg7axWHjapZaEIS5Vi. Statuscode 200
Durchlauf 449 von 810, nutze Token 0zA5w6lmIXNqoSdA5EWiRnrYV8DzjYkq1H1rpd3P. Statuscode 200
Durchlauf 450 von 810, nutze Token YJEse26BggDtGaOO3G0arMYD7jK42O0Wa3hvv3Ba. Statuscode 200
Durchlauf 451 von 810, nutze Token PBJt45kRaKOGovN2aa7Dx8Ua5DrUPvAq4odftqoT. Statuscode 200
Durchlauf 452 von 810, nutze Token uRseN0U1UF7U1TLmT481T27OyX7g3OyLOOZHzFyI. Statuscode 200
Durchlauf 453 von 810, nutze Token ir6DRnXYsUsRBBgcpeRwMH05eeZRuR45I0CCPh6Z. Statuscode 200
Durchlauf 454 von 810, nutze Token FIySz5s7449hpqGxbGzVzGwCX3LQWKdSbX0nSfcj. Statuscode 200
Durchlauf 455 von 810, nutze Token rV1fJgacpMMzCoJ74RdIH1QBITRQlarqXddVHDE2. Statuscode 200
Durchlauf 456 von 810, nutze Token XsPtwhcxizScSpgSxRO3ZrtUjcvUVye1okTSdW9A. Statuscode 200
Durchlauf 457 von 810, nutze Token ZjHUuUWCMSMMVKIaz23cv0D6NnRLP4xzIUNpbPAe. Statuscode 200
Durchlauf 458 von 810, nutze Token QkZkBpRhlmhyiElmhXE81W6VyPFNxP8CrAsznuwc. Statuscode 200
Durchlauf 459 von 810, nutze Token Y4ut36gDKnwuGRUh6rQ6O4IZmbuNcE7naMZ28c8P. Statuscode 200
Durchlauf 460 von 810, nutze Token Q9uJ1OBKert68a1pbLqDhLte4dIHhFlmJVfaVdSQ. Statuscode 200
Durchlauf 461 von 810, nutze Token 3wWl7Aqh9GG8ieTwZvQBosBE3tV4pTSoKfAExqF9. Statuscode 200
Durchlauf 462 von 810, nutze Token cnvHNgsCZlcjbc2x7tB4fpj701A4cjoBSSXHYhuC. Statuscode 200
Durchlauf 463 von 810, nutze Token xrNwLNKwFgPDp5Jvoh2xrG6NQ3JgH0Hr1R9wHEKj. Statuscode 200
Durchlauf 464 von 810, nutze Token RIbC7LfE7dtjmB60pPsRN2CMROJgbIxEwjEVEYjb. Statuscode 200
Durchlauf 465 von 810, nutze Token VtfajB9zkPeUwEscSsV6MJ5awbfcQdkeOhQCvdfR. Statuscode 200
Durchlauf 466 von 810, nutze Token 4ZHE3LfaO5EgkJeHKmghDscoiOQYqp3CtqGSQZUT. Statuscode 200
Durchlauf 467 von 810, nutze Token 9xIDfczOjCnWW0sAH1sRB9B75NexsVwX8no8bf2e. Statuscode 200
Durchlauf 468 von 810, nutze Token kZuyWZZ0awUB3bnzD3CVDzabyALkqbRwH461uNYI. Statuscode 200
Durchlauf 469 von 810, nutze Token Ph9GMFJrtD5B6ziTcnKosQYkmXwjWRs6cLyxeAIU. Statuscode 200
Durchlauf 470 von 810, nutze Token nVwScEkMy5X0sW5zoxDftqrFMeFuc8laTpeV5U2E. Statuscode 200
Durchlauf 471 von 810, nutze Token YZ6fDYbAosslPb0PDxFxrvOLvemwZxMdOuTxPaSo. Statuscode 200
Durchlauf 472 von 810, nutze Token 5cPUpCI5MZDNZQe5TlIlHemXPgNVUuaB2NObfoIo. Statuscode 200
Durchlauf 473 von 810, nutze Token FRGnpf5D4Dk42VMCP2DXyu8uCtLIogekVsMRoVgN. Statuscode 200
Durchlauf 474 von 810, nutze Token cFBdqtxRlKhbjCv80FVf0PNyHyvDcxGCRmkEDDPb. Statuscode 200
Durchlauf 475 von 810, nutze Token ZIRYMAeB4OnZCicMpxgHShXOjW5UL7uKddX26ZSV. Statuscode 200
Durchlauf 476 von 810, nutze Token kbeYNz96jBdDHN5bpnoS452CfKHhFoyDvPI6kp0n. Statuscode 200
Durchlauf 477 von 810, nutze Token GRTWeclwY4LC5LBJPTHeqZbcnbftzX73E2Rauq3E. Statuscode 200
Durchlauf 478 von 810, nutze Token FI7y9o1Yxa668mBJb8xKvq4t0O49MTduWrjl97JU. Statuscode 200
Durchlauf 479 von 810, nutze Token Dz5mTYvX1qD1kCdN4kwajJRq9yUANiwoFZMswOR5. Statuscode 200
Durchlauf 480 von 810, nutze Token OXyRwAJCQV6F15ezg87PTM8zuWy2tmN6XIhktdft. Statuscode 200
Durchlauf 481 von 810, nutze Token imm2N4rogyvcdKzZbao47OJVQLwVKj4SmBCE3noe. Statuscode 200
Durchlauf 482 von 810, nutze Token sC7GyLQS17hZHCntlW3UuWrQuI33QxOuzMS8krfR. Statuscode 200
Durchlauf 483 von 810, nutze Token I5WsImvWiKgwIOUjUf9LxVlz9bzcJP2Iogj0lHwL. Statuscode 200
Durchlauf 484 von 810, nutze Token nYYwaI1R6IupeKuKjBBw2gMNhWCsZhpsvtSGS8YZ. Statuscode 200
Durchlauf 485 von 810, nutze Token maktmXhHpqUtMJ7iUR762AKusdcWNkkoAYnhF5Oy. Statuscode 200
Durchlauf 486 von 810, nutze Token vcPgze9BOnp5PGHkMyTkutrvipZbEjheIgU2yCsC. Statuscode 200
Durchlauf 487 von 810, nutze Token nQkHbutAqP38OVm1N7BDYmWUKSmKtP1BTpTQjVPi. Statuscode 200
Durchlauf 488 von 810, nutze Token YYME7vHUJixV9YjvsO8Ebshh8lV8x9I5JnDVUnu4. Statuscode 200
Durchlauf 489 von 810, nutze Token 7CbA0dWvb1vS7CC7k7GSr5ssyjPdE4Hq1ZzxS9Aj. Statuscode 200
Durchlauf 490 von 810, nutze Token B9LIwldTwoMIYp2O1ANIo2nMOjGhoM1qojmmucXj. Statuscode 200
Durchlauf 491 von 810, nutze Token aPnvNPVnKE9NuHDNrALvrag0EV0cHHQgn88e6Q4F. Statuscode 200
Durchlauf 492 von 810, nutze Token T41p3qDaLD8he7PBZ8wsi5ybAAAtNyMQjQg0hMVG. Statuscode 200
Durchlauf 493 von 810, nutze Token OmocVNq5JAHML0R6nJoU9Aod8MUVxFx3ShAsxGBP. Statuscode 200
Durchlauf 494 von 810, nutze Token 86ejr50nfWix2J2Oiojz8h7YOAtcZYs1dLKzvFDS. Statuscode 200
Durchlauf 495 von 810, nutze Token vP0MaKajWJSma9tVvIkOyryqglI6n0MDx6JiiB2j. Statuscode 200
Durchlauf 496 von 810, nutze Token bLUeUBtd8vzse0uOK411YlBmXMlupfYtpIaTElI5. Statuscode 200
Durchlauf 497 von 810, nutze Token sdscCi8YnQ2BvYP2dm3IUgz5jeeFNFZxbxayaoot. Statuscode 200
Durchlauf 498 von 810, nutze Token 5NDjZcSj8hasSf09fT0QUpQScPK4vmCdQGwqMPXc. Statuscode 200
Durchlauf 499 von 810, nutze Token Bifkt2kgu0PkvZ1kBPRbJ0Mxeu5Bz9pTRG12cFDk. Statuscode 200
Durchlauf 500 von 810, nutze Token sXKTe2hDm7YtkQhT9R9T4gA50bAP5pCSUSPpA5GB. Statuscode 200
Durchlauf 501 von 810, nutze Token E0yWLSCyO4ZcsjfmwgBBUG3bYmHEvjrsPKMjQse4. Statuscode 200
Durchlauf 502 von 810, nutze Token upi9hK4IyeXSE1KiklxjUQuc947PRkvdhBytc9IO. Statuscode 200
Durchlauf 503 von 810, nutze Token mb60xNav5z7UYnhI3RP8MltHO9sNJ9u4Mn2BoxCJ. Statuscode 200
Durchlauf 504 von 810, nutze Token P0GCG9rGNX1XpstxY5bwH49wbLh2SCXecgHJnrZI. Statuscode 200
Durchlauf 505 von 810, nutze Token fxGct1JfLL4jrPimyyicvFWXHMVfYRUUnQHXRKAI. Statuscode 200
Durchlauf 506 von 810, nutze Token sCzAaqJtXxjvYd1B6Qeu8FQ4AS5Uo4HVjD0V9ydG. Statuscode 200
Durchlauf 507 von 810, nutze Token ltv7gMugL1dMs2P0hwyXfm3m5ggNIrgsOBD57TVo. Statuscode 200
Durchlauf 508 von 810, nutze Token qU9pm7beVcQSrg0lzqdqzVpNrxshsILqzSZ1aeUu. Statuscode 200
Durchlauf 509 von 810, nutze Token hBsAgr1oCpnDCRqXjyWzRC8YFuO21hi7H0nr4d8b. Statuscode 200
Durchlauf 510 von 810, nutze Token PnCdleW9PkUohUFDLfp9rQUQWUDrRVvf1afHGOOu. Statuscode 200
Durchlauf 511 von 810, nutze Token ylBzHKNe6wwkcY6sDFgmU6bNZ2I4taN9x2aRp4Rj. Statuscode 200
Durchlauf 512 von 810, nutze Token oMkhrtYZoKtOVAYpDIGHCGbLvpoQUtqoNXpxJoZi. Statuscode 200
Durchlauf 513 von 810, nutze Token 7YeVVTkUKqheHBjpOpzcnWvq6gcAnHfvpBs6SD4S. Statuscode 200
Durchlauf 514 von 810, nutze Token UrCg7emQzNqZBzG0YWwWbUePpGbKDte7DthCMJVJ. Statuscode 200
Durchlauf 515 von 810, nutze Token MHRS96cVcTzzMa7gbpcUcQDeJnxIn7J1SkO7bNvZ. Statuscode 200
Durchlauf 516 von 810, nutze Token BV1e3KurRd1Y8dV1XT8NcH4AlkbxhcWlSsqkV7BO. Statuscode 200
Durchlauf 517 von 810, nutze Token DtT3NXfCrL4t6XU1KwcqGQyVvzp4I6L4Jot3y5Yb. Statuscode 200
Durchlauf 518 von 810, nutze Token JpmtOH7xcJjkNyqcLNk1CQyRQpVtiaiNW2Qq3yDn. Statuscode 200
Durchlauf 519 von 810, nutze Token kj2Qs8TcQ7u0qfQZMG6Pj9UzMLASFd3KmvKPggep. Statuscode 200
Durchlauf 520 von 810, nutze Token M6B7Cr4Zi0dGvAg6frzMHCkwDDtAnu2a8unL794f. Statuscode 200
Durchlauf 521 von 810, nutze Token HtvT8VYEQ7SPIYydqBleSELGNJ8RPYJJhxzHNDcq. Statuscode 200
Durchlauf 522 von 810, nutze Token m6n2aIfdDTRE5vkkPPv53SewpEhqkMaF6eDk2qlN. Statuscode 200
Durchlauf 523 von 810, nutze Token usw9utZvfCuFJMpE9kE0x1qDUsHSfJBAX7ZSFoYy. Statuscode 200
Durchlauf 524 von 810, nutze Token 33TsJnm5QWcRQAb4Bz6EMNjoyekIHCArxzvR2haJ. Statuscode 200
Durchlauf 525 von 810, nutze Token ZDrjohqqcmGlQ4n5D4SP1dHxmnh2aZJa3pzaXmQj. Statuscode 200
Durchlauf 526 von 810, nutze Token I7HPM9eMeNzHFCAIcJdVXW2EZpaomqKzEDfVv9Wr. Statuscode 200
Durchlauf 527 von 810, nutze Token OYSdRjHmJkQ4k3IOtaoKJrzi9YtIAvk0NJaKGuIh. Statuscode 200
Durchlauf 528 von 810, nutze Token qBPxRCKOzUhFLJuIJnaf0zQNOIW2ZBtKZ1s7S5ks. Statuscode 200
Durchlauf 529 von 810, nutze Token CSztr2AA5V1dO00C3W9OGPXGzk6QhlPGA9SSpie2. Statuscode 200
Durchlauf 530 von 810, nutze Token sqaE9VdVxgWiZ65YStDHeshXNG32Ou3ApHimPKax. Statuscode 200
Durchlauf 531 von 810, nutze Token vW4hESIeCcDk41AwnsdgEeoUvZiR3dtTEMFVVJRI. Statuscode 200
Durchlauf 532 von 810, nutze Token CWOb6qS5E92HDB4CnNYrVqUx1G8JKMbkzssxU2dK. Statuscode 200
Durchlauf 533 von 810, nutze Token KgV0BBXHRyKninj4aVdIfKjr1E6FULTgP7SI3TE0. Statuscode 200
Durchlauf 534 von 810, nutze Token MKOxRw5HOx9Tis7tVwetWv1vjDtvYd8B4uFMqxuQ. Statuscode 200
Durchlauf 535 von 810, nutze Token PBqrpDn9FfldY18myiU83S0Vuwwvywtr2I4iHKEd. Statuscode 200
Durchlauf 536 von 810, nutze Token nEKgMY8664NhazUTQ6fCNc8s6u5UxNwOSr189esn. Statuscode 200
Durchlauf 537 von 810, nutze Token oW05w9NjmtOf1lnEFocQLu8cOHQg8WKfrl86HrPk. Statuscode 200
Durchlauf 538 von 810, nutze Token WGkRQVDVs805ycxmuguaM6G83PmtOcZxdl3MQ19c. Statuscode 200
Durchlauf 539 von 810, nutze Token 7OKcTFx9pedg6uVEGJ5uli7K6MPlG6URC0PhBSpp. Statuscode 200
Durchlauf 540 von 810, nutze Token YJGtj2Yjz6lJT9bUORj97EngvO8RIYLIj0s21Pfe. Statuscode 200
Durchlauf 541 von 810, nutze Token xjVxsdKMuh8ZSuypqBgdh0Q29DpdQePvOIgb34Si. Statuscode 200
Durchlauf 542 von 810, nutze Token tOgE2yu9rvfpujkvYyX1QFD1otl50Y4xDPL7EdRh. Statuscode 200
Durchlauf 543 von 810, nutze Token 1mZb68g47YDJoKxEO8mdV1Huh4EwmxoaO3ohc4z1. Statuscode 200
Durchlauf 544 von 810, nutze Token QlKdOaVEUqBppstxHUnlvOqkSYbIUDxYQCaLoHTs. Statuscode 200
Durchlauf 545 von 810, nutze Token XnabxPCgwOC9j9Ws4nhfKdvlxJswtWdrAbj3XaYK. Statuscode 200
Durchlauf 546 von 810, nutze Token 9eIZWM5jVNVeFdKGXZs5Obllpp6Lkms9enMl9U7N. Statuscode 200
Durchlauf 547 von 810, nutze Token Rd21xulOgG9dcMfGGd6PTcb8fhcDF2gCgyZxpIvU. Statuscode 200
Durchlauf 548 von 810, nutze Token STFUDaxWP6xF0ApswpqafC95LTfVeSCQWhNGwYrR. Statuscode 200
Durchlauf 549 von 810, nutze Token 2305xLBQ86X81asp8wjlHJ8Ce3FyAVZa6G7hAD7l. Statuscode 200
Durchlauf 550 von 810, nutze Token qgKlX2ijTrBrIu7wAQ1MMIp81OCRg3ousbMiv7OY. Statuscode 200
Durchlauf 551 von 810, nutze Token TjSMACzdi6Ig14jdtzTPuBdkrwkTmsvCPU7oMGgo. Statuscode 200
Durchlauf 552 von 810, nutze Token 2Q2WmrYoTZXFI4hwwxTdgIFhDt9OPPe4IpGP7AnW. Statuscode 200
Durchlauf 553 von 810, nutze Token s0jDNMGjKJVzREAC6GPhVNlNqaVTt7JtcHUd6Tcb. Statuscode 200
Durchlauf 554 von 810, nutze Token XlSa9XzswVTObDKUlg0iKKRSclQKeItY9pYEvuhL. Statuscode 200
Durchlauf 555 von 810, nutze Token JRANMM3r15BPYuVOra2jMSmnXKK4sDrnu2xJQ9cK. Statuscode 200
Durchlauf 556 von 810, nutze Token U5hPCVerPxSy6n7WL4O6SmjprUoicTiMTvLCjEqw. Statuscode 200
Durchlauf 557 von 810, nutze Token w2k3wQx3jpFK2d36o7mr8NWUBrfHMIodGLGudWuU. Statuscode 200
Durchlauf 558 von 810, nutze Token nBDJDYq7P7EabQvNA04B60fMagxNtSOjqdj6XWST. Statuscode 200
Durchlauf 559 von 810, nutze Token GV1BCrQLUXJaqLdyiHBvWXmJns7Pmlo5HWcKrOx5. Statuscode 200
Durchlauf 560 von 810, nutze Token T5vxEOdPgjbaxItwHAl5VkwVASVlDX6S7ktAd7de. Statuscode 200
Durchlauf 561 von 810, nutze Token JxCMNRUuEKVAwGg4nGGMg3ErFp1QZfbYQEX7OTOu. Statuscode 200
Durchlauf 562 von 810, nutze Token pyHtSYWFeZJcCpW8rFgxjuPlVgsnbZ5SuegxDSTi. Statuscode 200
Durchlauf 563 von 810, nutze Token 44lweHURtgxAvpBOjgfim4rviAaYwP3khX55CI5m. Statuscode 200
Durchlauf 564 von 810, nutze Token Y20qY9iPMHYp9BCSnsW9lqUoLL4xIHc9u66SiWDm. Statuscode 200
Durchlauf 565 von 810, nutze Token wtsRP6rzJve7fCk91LR1g1OyzP3VCmqVyzbHvcKq. Statuscode 200
Durchlauf 566 von 810, nutze Token E7Yv6hS1PcKmM3NfTF3SWSqT4Qxi9JCmIfN0BWFI. Statuscode 200
Durchlauf 567 von 810, nutze Token YektHjyUjFYqUQNs7tUA2vEbX8cewfud95Sn2Jb1. Statuscode 200
Durchlauf 568 von 810, nutze Token SpLSN3sKdM57yq6uxGs26y9vhlSvuqvZC5072ekd. Statuscode 200
Durchlauf 569 von 810, nutze Token 49Y0xGKP7GWpmddesHPhlN62cBb0lMh4ZQURRUX5. Statuscode 200
Durchlauf 570 von 810, nutze Token e3Tc5x8Kt7tf5yisKmRyMowiUfqvE0KyA2XgbrMj. Statuscode 200
Durchlauf 571 von 810, nutze Token SC4hycPvFhMn0ZmyV2LFEiEBz46IVfyZDQTszBsS. Statuscode 200
Durchlauf 572 von 810, nutze Token 6HbVqleRnnnBYpDY5s36w6YeIPGzpUjaVyun18LM. Statuscode 200
Durchlauf 573 von 810, nutze Token 0LFaIKl30os9mrN1PIcGoVI5uag5Nm1hKFnOD1u3. Statuscode 200
Durchlauf 574 von 810, nutze Token dC0Fjbs4d03iW7mz0tQ4S1LFeEcdX9vAxVKZVgEU. Statuscode 200
Durchlauf 575 von 810, nutze Token FjJITI4IbQKb8aiGoWsUIELYFmbzgyc4VgsAQlbd. Statuscode 200
Durchlauf 576 von 810, nutze Token 1MgtudYP30AR4oKqEF65EkmwJRxoIiklTPchmTsA. Statuscode 200
Durchlauf 577 von 810, nutze Token fV0o8ta83nbFR7oHFQClKnHc5n0lF0CYpRxmAwPw. Statuscode 200
Durchlauf 578 von 810, nutze Token xrys8XVzf7ykXid531gzdoqxvbbPxvdQyNteXo3x. Statuscode 200
Durchlauf 579 von 810, nutze Token eDreKniwoBwzCc0tsQ9P7L2aEfKYhx0suxzU51zn. Statuscode 200
Durchlauf 580 von 810, nutze Token GzR0LZcg54xkrDqL71T0zGF7ZReK3EvZwhKLTcQ8. Statuscode 200
Durchlauf 581 von 810, nutze Token iM9X65hrsanAmvWppiN3X20IEWwc98XrpvwpEmoI. Statuscode 200
Durchlauf 582 von 810, nutze Token Pw43Q17P8QGEmPo38oIENMzFUzofqsGLtFYqpOMf. Statuscode 200
Durchlauf 583 von 810, nutze Token y1CPgW5wA1WHngTIcs9t7VEtxiRKFVZZwX5sTrBm. Statuscode 200
Durchlauf 584 von 810, nutze Token XUePrPT6k1X6Oi4BhiXi6ARFFW558TYUFJNNRYzS. Statuscode 200
Durchlauf 585 von 810, nutze Token 9vMrVA96RNzWJxbogimzAFl7bqzojyHtuiNnCXpJ. Statuscode 200
Durchlauf 586 von 810, nutze Token WpQacRcOCi04oveT7BMutwEgPe8JcWboXQz3ELT3. Statuscode 200
Durchlauf 587 von 810, nutze Token sy7cXJ5pwgsVVGPfCnV6hr6webasGXqtloo6MLsi. Statuscode 200
Durchlauf 588 von 810, nutze Token y1cwE9eWAO3Sj2bgdFT5e20wzUgA2vXViFTbqM7v. Statuscode 200
Durchlauf 589 von 810, nutze Token RoVlRk79Q5e5thcKq0QOJ7PqoXPLN1yu8gt4ot1z. Statuscode 200
Durchlauf 590 von 810, nutze Token zxd0bMEK15PjplI3BiKxv9bcSzVNLIx9u0z3LWGq. Statuscode 200
Durchlauf 591 von 810, nutze Token IIvPXdXa4oAEW73Mkz4sTPlSkzEX3ZrcCUokJJQR. Statuscode 200
Durchlauf 592 von 810, nutze Token l50bwjjFdqzaKUSgTVqOeRSKiArnJr6LwQJFLG4h. Statuscode 200
Durchlauf 593 von 810, nutze Token L0ktHlReYZ39DXcb7BSPQK0hubEJKpySoksb5SCQ. Statuscode 200
Durchlauf 594 von 810, nutze Token JnTvVcHY2MQewdwSyXVwSkWOfmTAqdFCytOjFxxD. Statuscode 200
Durchlauf 595 von 810, nutze Token F7C6F7Fiori600yDpjYylqPltgZigf101bTpQkFR. Statuscode 200
Durchlauf 596 von 810, nutze Token 9ygjReCuy8IPhQ2VmKArOd1Xv1ZZGXfaWcndGsSw. Statuscode 200
Durchlauf 597 von 810, nutze Token wYkUqXDKgHsBtXk1ptJlmm6DYjUIXb9XqcCBENaw. Statuscode 200
Durchlauf 598 von 810, nutze Token oKY4whbsQrfP6ca9YaX1kTA8NqoOMakJAwckdtMo. Statuscode 200
Durchlauf 599 von 810, nutze Token U65ZLNUjiZUVfcWDtxAosVuYmobAMuSkUMCUbMT8. Statuscode 200
Durchlauf 600 von 810, nutze Token GteEjwDct8rgWvu1xksbSfyJ2LzuwAXvVFgyzCcY. Statuscode 200
Durchlauf 601 von 810, nutze Token hh7UYNegQVh2F9ibH8msgL6yAB1mpvTejsQQOjlg. Statuscode 200
Durchlauf 602 von 810, nutze Token 5AiF9D4otUYtJjXexAyWz73dy8O1SdS671ZDoiDm. Statuscode 200
Durchlauf 603 von 810, nutze Token KMXSqniaiPGOwmI7X3AzfVAcumwPHi9Rbuzg652h. Statuscode 200
Durchlauf 604 von 810, nutze Token wqq3LV8g30dALjrSxdnMWbR4ibstqRzGuq8tDa6R. Statuscode 200
Durchlauf 605 von 810, nutze Token CAipsS4snHbfxHKnA3yQWsWEf9YnoSARgVzfwDBo. Statuscode 200
Durchlauf 606 von 810, nutze Token 1IfvXjPIjvvdyW39sMAVMBSiN1KjAJlQaLvcG7fT. Statuscode 200
Durchlauf 607 von 810, nutze Token kbLrg90Wnp65CbD7XwwGN7SGa5EylPC4MqmOg8rx. Statuscode 200
Durchlauf 608 von 810, nutze Token Bd539qP5MyHBu49v9e3iHiO3BuuKMLflH9aW67Km. Statuscode 200
Durchlauf 609 von 810, nutze Token UukImGGvjYezk62XKxdrg2GQXJkBxevHDXTXNCnk. Statuscode 200
Durchlauf 610 von 810, nutze Token j2IdZ8Yiau0i6qFBPdjCPZSDz1YBN1kVUqhVDfV6. Statuscode 200
Durchlauf 611 von 810, nutze Token qggPLA8y4zE74LCbiMP1qTzXFAgXDR4nZeR1ka6f. Statuscode 200
Durchlauf 612 von 810, nutze Token q8xFzmPY57rPE74EWHscUDbrGEhBlMoNuRFs6zPH. Statuscode 200
Durchlauf 613 von 810, nutze Token 9CgUd4TDgsduooeKdxfCwRhQiyGSlWg1AaDBx0xV. Statuscode 200
Durchlauf 614 von 810, nutze Token r2pN9ONp7iTOtXhM5u0pn1kxZOLBSLkLo2axDdgO. Statuscode 200
Durchlauf 615 von 810, nutze Token wiNi09XjskdEgRlKeoI0nXNzZAd6vhCAN3QHBfxM. Statuscode 200
Durchlauf 616 von 810, nutze Token R8T0zpbLi4eGjChQc1wSTscPI27gFVzsrxlspTj8. Statuscode 200
Durchlauf 617 von 810, nutze Token RXVNl4g04zpDF0zbjhDYc9IpYo1hGAnm6dzrIW0i. Statuscode 200
Durchlauf 618 von 810, nutze Token gY0MZjOWsxcXgZ2umPzffLjxliUplMBS0kVhj2OV. Statuscode 200
Durchlauf 619 von 810, nutze Token JFl8JITLtFHKhiBz3APMIvDCQhHc9Gh2aAYIyhWD. Statuscode 200
Durchlauf 620 von 810, nutze Token 3kNNV1Va40mE1pPi3SoETIiqFNwNcvUZQnG40xqL. Statuscode 200
Durchlauf 621 von 810, nutze Token yN7EjugMx50tXqOuChGTLUZ5PssipAstc8NCp9O7. Statuscode 200
Durchlauf 622 von 810, nutze Token 6mZWrmRndLQb7QOhwAgR8UxzaW0Yw8G9bm6Gsrao. Statuscode 200
Durchlauf 623 von 810, nutze Token dMvCE58EFx6aY656pFUVJ1UQ0A78JRYgNHexlKWo. Statuscode 200
Durchlauf 624 von 810, nutze Token h7nRCZxRUgbMV3Dek12jossrofwvW3HoVuS0PK8l. Statuscode 200
Durchlauf 625 von 810, nutze Token pdc6XiJBtLvdyx07Wjw9IPWz14H2TrPd1abPzFWm. Statuscode 200
Durchlauf 626 von 810, nutze Token HpM7A578SWdYE7bPDEq6BM7NC8IuV4xIHwGx6OKf. Statuscode 200
Durchlauf 627 von 810, nutze Token BGXTWGUFAVsdAhaM1WT30si2Acna8qSuTYMAFqu6. Statuscode 200
Durchlauf 628 von 810, nutze Token dGxlnbgwZfd2NxHY8aRW5QGoQY825ahIYeqxIZPI. Statuscode 200
Durchlauf 629 von 810, nutze Token vqoA3EMFUtcTIFYWUz5LLbNhaWl0JdlbeMuonyQE. Statuscode 200
Durchlauf 630 von 810, nutze Token W1pYUlGM9WYSQU1d63tGMltJuyvt6uJ6aAtxvRtu. Statuscode 200
Durchlauf 631 von 810, nutze Token 86wgqgsUuJZzIzbGMPsq8CYO7EVtzvrHqU3SBTcZ. Statuscode 200
Durchlauf 632 von 810, nutze Token rAuf0xXOyx3Rsi6EvNXLVmo43GL7oaVcFvkLyFb4. Statuscode 200
Durchlauf 633 von 810, nutze Token YvEfm5rZBNmFvU03VSnSq3mTrjUV1tAjqPRssIOP. Statuscode 200
Durchlauf 634 von 810, nutze Token o6eX5TZTIavFl4EUw1SOVmVW1B4YYbMFBiZamm4W. Statuscode 200
Durchlauf 635 von 810, nutze Token p3djnrVeZK09gh0YuFg4aLqboGZduOR41pzzE2Sj. Statuscode 200
Durchlauf 636 von 810, nutze Token KE5MUU0ZHLo8SLWeGmnEfbqcXOKcM2yW32x7BOKV. Statuscode 200
Durchlauf 637 von 810, nutze Token pnABqoaHb58NGAzsEblR1szd2WgiGV97E4LwfjtI. Statuscode 200
Durchlauf 638 von 810, nutze Token 1ZOQJjZPglcovKwczRSFDStlyBb3xWHH5jEZ7vwA. Statuscode 200
Durchlauf 639 von 810, nutze Token jm6CVxpcFvmCrFn9sOFlGLJidQ3i6fZdUQuVddaJ. Statuscode 200
Durchlauf 640 von 810, nutze Token S4uyYeQ26lIBukZx3O6bw3KyuwtfXJ8TlNRRJthU. Statuscode 200
Durchlauf 641 von 810, nutze Token ZeE6iJMP6pwIDwq9shiv8J79q5s3b5PWFFNG4Ytm. Statuscode 200
Durchlauf 642 von 810, nutze Token djVWmxswR3XDqXYOguNhWmbm6mdSsHRwyq2Hu0LZ. Statuscode 200
Durchlauf 643 von 810, nutze Token pT10NjmaLtwauz4Pk1eaQbHWfGyK5oq42KaWB53d. Statuscode 200
Durchlauf 644 von 810, nutze Token T0mKtCdbXJVEpleAWVKAwl3lZjICTySYw3qlw18F. Statuscode 200
Durchlauf 645 von 810, nutze Token YrNCd4dKmeJ1DKSL7TlmcNvEfEJnj4YXdZU7FBMy. Statuscode 200
Durchlauf 646 von 810, nutze Token ax9gFzJltLRkOtfIqo10oLTj8UUE2OqIgd5BdfH8. Statuscode 200
Durchlauf 647 von 810, nutze Token ZOaRqf4oC6kMPGDNO8zcY4LZvV2YTU1edifuQX06. Statuscode 200
Durchlauf 648 von 810, nutze Token s8l83WafOYnOOoiYcZiH3XT4RLzT2RhNAnKuV3Qk. Statuscode 200
Durchlauf 649 von 810, nutze Token jsGGrmyQr7iiqCqC8QmxR3eoglKe0GMv836EqGQE. Statuscode 200
Durchlauf 650 von 810, nutze Token 5fafgrnMb98bSAnx24ObsdSeyGxUsCbeLEdlz0iR. Statuscode 200
Durchlauf 651 von 810, nutze Token ESZ486XDDUkphAYQ3GXZnXxnTZ3bQWHhusZXd1SH. Statuscode 200
Durchlauf 652 von 810, nutze Token uvA6JLug2GUbMj2WFk1ny23xDIVqCxcT8sHvUbZz. Statuscode 200
Durchlauf 653 von 810, nutze Token SuWMqyryldby2wS1zW4XcKvilLPAMG7tedjYSwDf. Statuscode 200
Durchlauf 654 von 810, nutze Token WYOKImm7A52yTLlPopvU80fobRfJyAqxVaSaGKyk. Statuscode 200
Durchlauf 655 von 810, nutze Token VeGiZl9soV1w5DXhGOt17IEw9ZLSFEtENkkKmZmt. Statuscode 200
Durchlauf 656 von 810, nutze Token xZU9h1PVqIqn0Mw0Nw9Tg6oqcZggGyZqOZPTTMzH. Statuscode 200
Durchlauf 657 von 810, nutze Token zXOKXSZtpRNS0ONzX2vTD2xUzZjDndfwQENlKxGz. Statuscode 200
Durchlauf 658 von 810, nutze Token cUF21kz6VYMyWm6NkZBOY2Dz1PxyC7O8lyC8I9CM. Statuscode 200
Durchlauf 659 von 810, nutze Token c4cl9DFtbQFh8otYnxUoswryf4tQWOyQZkp7q0Ms. Statuscode 200
Durchlauf 660 von 810, nutze Token z6tuxH9ckukuITC85nBwCmO8k9AERkVDzgbKshuK. Statuscode 200
Durchlauf 661 von 810, nutze Token X0Kr9DylL2xUpQKe7FtlqKefv7uTZkInkpFuD9uz. Statuscode 200
Durchlauf 662 von 810, nutze Token 9E6O22RoEFhufMJ9p9G9AWpxwI48IHZdAXQO3KV3. Statuscode 200
Durchlauf 663 von 810, nutze Token m0qz0V4qqNxVHOkzhF5H6XWuh0wu0aeFARH7uejS. Statuscode 200
Durchlauf 664 von 810, nutze Token MXeBIhdnCLCPmuESa27w2dEuKlbaTnmj9hfz14v8. Statuscode 200
Durchlauf 665 von 810, nutze Token JHZUVezeuDj9OjEColungj7YByr8JDEKKVCWi2dw. Statuscode 200
Durchlauf 666 von 810, nutze Token G1Fkz6sym6VmO55FzpOxdzObnvlCDoGGur3JqQGB. Statuscode 200
Durchlauf 667 von 810, nutze Token xXpeTMAkiGLAR6704TvqDt7AfekmJ30vyWlSlI3n. Statuscode 200
Durchlauf 668 von 810, nutze Token fB90tZQtIc1SXAKoBm7RfkBXbrFocULgTRbSFNfO. Statuscode 200
Durchlauf 669 von 810, nutze Token JhyHoRTM2TwU3D4kI9vDEewMmXdKTo87j0fQZc41. Statuscode 200
Durchlauf 670 von 810, nutze Token W4uymh4PKdcEm2LpCuDbBvlvMUUzEIILWVS22WCg. Statuscode 200
Durchlauf 671 von 810, nutze Token Tzwk8NUTk4BXsL5O3prirXZx5z91Wbk2yTK4m48m. Statuscode 200
Durchlauf 672 von 810, nutze Token znXk7ON35sxfsjQZQtkvfKGbqwDuLzy1MYGX0FNb. Statuscode 200
Durchlauf 673 von 810, nutze Token uC1FtuRbqEiiU9VojouqhaFT8cyvVhmXtyAMqRnf. Statuscode 200
Durchlauf 674 von 810, nutze Token P4LNvXaHrVWyaedi8Y7JOpz8uvCW2t2Safo5dbRP. Statuscode 200
Durchlauf 675 von 810, nutze Token kuNZF4NTFFiSYEfEnRWxPkjzh9Ilf6fpyK7ramYw. Statuscode 200
Durchlauf 676 von 810, nutze Token fyvxZwzx1pS70bPmcfkSfDKbO1WaAS2Aqn5XWHii. Statuscode 200
Durchlauf 677 von 810, nutze Token CyCQ4wLlkqyas5JU2pP57phriSGJJhdnNW3XRoDF. Statuscode 200
Durchlauf 678 von 810, nutze Token j9TGHz57Iq8WwnBB3FOmjb2mMCGM5CNbcmXjCWbt. Statuscode 200
Durchlauf 679 von 810, nutze Token nxDzPQ1Xzv1Q4vSVg3KoZMuMUZ4xBkZjBSKxfsRr. Statuscode 200
Durchlauf 680 von 810, nutze Token Ofs3Oc3oDEy3KbWUU6tGP1grMnrxSEBopD35Z24f. Statuscode 200
Durchlauf 681 von 810, nutze Token BG0G1YtOuI2O7kAKnXHQ64X2MfoXlzRU9bVfdgqq. Statuscode 200
Durchlauf 682 von 810, nutze Token if6jAjn3yulUjpIm0Jv6M756KDkmpdfFrzHZ0F3b. Statuscode 200
Durchlauf 683 von 810, nutze Token UIA79RSRzaeyjL4GPVeFITKRYsVt70YZjLoJtnY9. Statuscode 200
Durchlauf 684 von 810, nutze Token 3Cn0d5MlOshmqA0TNx1z0h2OQ3vXEAv1NoMLsnfn. Statuscode 200
Durchlauf 685 von 810, nutze Token o2Kls83RwjTKM1GmcilD4NcxT3ccTubucEmvS3jF. Statuscode 200
Durchlauf 686 von 810, nutze Token PeG4FxxM45VsWcY9XmaWtddm77YU57mjIv3j1cu0. Statuscode 200
Durchlauf 687 von 810, nutze Token uY3efOJqmILKMXN7pH0xJHMZbQIiYhgsuFWF1OXv. Statuscode 200
Durchlauf 688 von 810, nutze Token 4pwK3E9wu9w0cTQQJvB88MngDjsCRdTHElWzVE2A. Statuscode 200
Durchlauf 689 von 810, nutze Token UGFLPazodzZYYvjw3Ug2gk3tHHCAu2jaOYCqzkQa. Statuscode 200
Durchlauf 690 von 810, nutze Token 6WDbLBKFczrFQyul5b2iMkOteSqduPm6gAYhD6Jx. Statuscode 200
Durchlauf 691 von 810, nutze Token 5F2VVIEriDwIPHWB0eVj6bPQJue3JZuYklqnp2fh. Statuscode 200
Durchlauf 692 von 810, nutze Token w6AIMndmp4WoEPRquqsPbpnSWwJ4q0hz96QgFLFv. Statuscode 200
Durchlauf 693 von 810, nutze Token t6WeDUwh9PXY4LJSpGIZABboxGurHBIYH6GOMOSI. Statuscode 200
Durchlauf 694 von 810, nutze Token oH9lSNtfJOL8SZbouBZ5aWGkK0t6kxrr4BAjeoNZ. Statuscode 200
Durchlauf 695 von 810, nutze Token X4UhMoDMyFuG0Ois4xB7DJ7qVAT9eFpO3Da6HfyA. Statuscode 200
Durchlauf 696 von 810, nutze Token 2YOYfzoNwUeyArqICAGh241CtTlD27YLTOhNKiNO. Statuscode 200
Durchlauf 697 von 810, nutze Token Y1E9WjdZswzcY2pWqdqluvzyR20d5rqT94TgJmqt. Statuscode 200
Durchlauf 698 von 810, nutze Token lWcE641mOBVSssdrS83cHG5DbwSGKbJfAEn2ZzC8. Statuscode 200
Durchlauf 699 von 810, nutze Token 9XjC6Uz08smkYLI3j0zHpW0H56K1RC1jBNeNKJfW. Statuscode 200
Durchlauf 700 von 810, nutze Token dBOZna2k7d13axukqF9HOgHG18GgDtaEHXB8XRRE. Statuscode 200
Durchlauf 701 von 810, nutze Token IAUAjrdY7LZKHs1soXGJqVewI7v8TtM9LnXrKJLa. Statuscode 200
Durchlauf 702 von 810, nutze Token zsluLph1REUPQXhx1YqJqKUzeQtsuPmlnFR5iZf9. Statuscode 200
Durchlauf 703 von 810, nutze Token p7qSI2eUVg8nklDzcGTjxrTMFJqfnkvYWdVwRZOa. Statuscode 200
Durchlauf 704 von 810, nutze Token Y6jsYuNAJ2Hy2nKckuYgkh70PFBd91uTkbasseZN. Statuscode 200
Durchlauf 705 von 810, nutze Token yMYmIL3LbN3buFfuWL2T1BOfnQaq1uaT90hXDq8w. Statuscode 200
Durchlauf 706 von 810, nutze Token 9EJcJK84NJOMPLt37ovfdIQdHVUYCazqpMtze12R. Statuscode 200
Durchlauf 707 von 810, nutze Token M0IvQ9Q5pMf7kw3DendifuQHtm6SPmGr7MdjPQnb. Statuscode 200
Durchlauf 708 von 810, nutze Token vuOvWVKIour8UVLDMj5O7BjKmHPLmtNpfiahjwYE. Statuscode 200
Durchlauf 709 von 810, nutze Token nSLegdW3xRgJXJxLcH01YvvsbVAGi2qGT1WLCQvv. Statuscode 200
Durchlauf 710 von 810, nutze Token 4eT3fafNccd6NAShEiWn2xmMZNHzGjqEg7bbWGY4. Statuscode 200
Durchlauf 711 von 810, nutze Token V8UtLx99SOJqzb1J1FKvr4bmObb0zg3zCOgo9Bqa. Statuscode 200
Durchlauf 712 von 810, nutze Token bapiqLUJSIu7Zhdvij9A7gLQv5OMbBxI9Z1JM78C. Statuscode 200
Durchlauf 713 von 810, nutze Token 2uKo7jOwHvquaj1O1YOfLCBCmrRbeEfKB5wBZxUu. Statuscode 200
Durchlauf 714 von 810, nutze Token YvUViljnZe2xgPMQI8hGAUFSPem0pjolProXw9Pw. Statuscode 200
Durchlauf 715 von 810, nutze Token HEZc4mu6gNp9Ozl8YjX74BIZpPlCna2jfIbVZQ3p. Statuscode 200
Durchlauf 716 von 810, nutze Token tr34Do1M3p998gtx4FePza4nPXjVrHJd3WYgjSc3. Statuscode 200
Durchlauf 717 von 810, nutze Token RSjx5wlFQU8tcGj2ONsyW8SuxEjrLdjEGrrhEe2l. Statuscode 200
Durchlauf 718 von 810, nutze Token Dpg3MwN7xYZVOptRFBrkAVdGIdsmNu0n0mzuqCZx. Statuscode 200
Durchlauf 719 von 810, nutze Token w16uxWY1HC5g274sn2B4fLFsaFchsOooOjiZKYJd. Statuscode 200
Durchlauf 720 von 810, nutze Token 9Fx0jmk81HO4E1VqTZA2d2xHUfmH8BwLKaertYRz. Statuscode 200
Durchlauf 721 von 810, nutze Token 8qOE1ea7QOTyNQdsokynHnAAJJITh5UkJvojH9p0. Statuscode 200
Durchlauf 722 von 810, nutze Token QtuE2SWHZCYrHeUAXD2LdXNjTDABTcrSoLNad7rV. Statuscode 200
Durchlauf 723 von 810, nutze Token exdU70pAULg5ecIVetYNyO4W2aczGZPJ3h7muP6V. Statuscode 200
Durchlauf 724 von 810, nutze Token kU4Jt7pafDKLqCWZyRCbaMsiR6VUA3OqLomEr5wO. Statuscode 200
Durchlauf 725 von 810, nutze Token 6tMCjNQZ6tlDJ8jqJDch1jFPHKCOVTV7cdcTspW7. Statuscode 200
Durchlauf 726 von 810, nutze Token 0pgIQKhMeJ6vlLsaGIOhClAjhJCP8xX5YA1kcH9V. Statuscode 200
Durchlauf 727 von 810, nutze Token zxHMNiMo642sYZTF6MBH9HMgaulCbeFF7OdLBYu4. Statuscode 200
Durchlauf 728 von 810, nutze Token IfPDsCmGRtuyw9CjFkB4T8LWsXmBzfEPELEV4Xq1. Statuscode 200
Durchlauf 729 von 810, nutze Token JUg8ipZf2xIPUt8rveonuZhekEMUrWB7eEVS9lol. Statuscode 200
Durchlauf 730 von 810, nutze Token Bepr90Jy9PUMwaJPvnrTcOzymerJiuvGtctjVwrc. Statuscode 200
Durchlauf 731 von 810, nutze Token 25cBlFjBpC6MORtDfbauw9D7FKKLuemoisIqfM2p. Statuscode 200
Durchlauf 732 von 810, nutze Token m9sw3TQT7sVKyllgpEya46RkPyhjdkLgNiZOIen7. Statuscode 200
Durchlauf 733 von 810, nutze Token I91Yzlc6ggE8PB26bu8fXMdPO2jY8NotvMcjD9U3. Statuscode 200
Durchlauf 734 von 810, nutze Token VUi0ILzwAatFDpRv7Q94SVVjyedUjnxZOX6Wz5gD. Statuscode 200
Durchlauf 735 von 810, nutze Token pZ61L2Csa2u5uyFsjFnOe8ZMBhwBRC69CL0FDOlK. Statuscode 200
Durchlauf 736 von 810, nutze Token 0oKKcoEfjLzvcXbwhopCeBkPZM4fOHMuvRPZI8uK. Statuscode 200
Durchlauf 737 von 810, nutze Token ePJxqXUdPjmijssNOFCC6XuZcXB7BOpHpdN6dVTP. Statuscode 200
Durchlauf 738 von 810, nutze Token TLui9BbMP0zJD9fJudyEIP6IAtDFShzAbmE84ZZW. Statuscode 200
Durchlauf 739 von 810, nutze Token sJTxjVrgwrCehY6OAVEVyPRWzjvQYXl77JfJjOz5. Statuscode 200
Durchlauf 740 von 810, nutze Token EHfSjwZfvuY5RulNb09PCDqydTr3aL4yfNsW7pQM. Statuscode 200
Durchlauf 741 von 810, nutze Token 3ZkO438h2kEQwLpmyNJqoi8tiLObRv6euHijFFGV. Statuscode 200
Durchlauf 742 von 810, nutze Token VBNhIqzzKJOCpebRt0Sl1to34qqyl6sCN86udws2. Statuscode 200
Durchlauf 743 von 810, nutze Token NfJrES2kO5aw0I7yM7zvbDJa9hjM2RWbvN8J9xWu. Statuscode 200
Durchlauf 744 von 810, nutze Token vzA4GWCyg2D3B7ICgZ3qAOvBc6jyRwqSJh16xGf2. Statuscode 200
Durchlauf 745 von 810, nutze Token STEp8OTEO72BmFdw0vCTYvhtxST3yeX72G8zvLxG. Statuscode 200
Durchlauf 746 von 810, nutze Token BXh6uZfJmj0IxVEZdKT4EQJqGzF2LeauWIZ4tOKK. Statuscode 200
Durchlauf 747 von 810, nutze Token QVij6OSNJVY41fxhQJE4y9jTzdEakYFhHBIvtMZW. Statuscode 200
Durchlauf 748 von 810, nutze Token hdWnF7KjCDEKiYtYfBwlWxIgUe5bX3ZmUrM9t0lg. Statuscode 200
Durchlauf 749 von 810, nutze Token zNZd3zfFhjZr3JtansR75UvNOVUlSYmKkYmgXtve. Statuscode 200
Durchlauf 750 von 810, nutze Token 0Y6WzAsXIQXlUDqMTXf1bEKMo1zfFr9gVpLG59a0. Statuscode 200
Durchlauf 751 von 810, nutze Token sjTYAVBar0r8Tw9MXGUoYhUns2zBBsT96VomTJ9C. Statuscode 200
Durchlauf 752 von 810, nutze Token hkrQaB2hokAaOQmN482DhoZAXUAUq89ZzHX8EQmH. Statuscode 200
Durchlauf 753 von 810, nutze Token ANmG9mTEdO8fVkRCbJIi3bbDypHjt8fK4Ots4teG. Statuscode 200
Durchlauf 754 von 810, nutze Token DYXSKYNOjBJ513QDqBSTPc5yL4bH6lmzVel2ty0L. Statuscode 200
Durchlauf 755 von 810, nutze Token gIBtozJKUCBgiygjnKFhtUi0CBfYxpFJ7vIjRYKk. Statuscode 200
Durchlauf 756 von 810, nutze Token NkhzhKYrBiCYcMHzlvNoesaHvHOqIHzBa8ldQR5t. Statuscode 200
Durchlauf 757 von 810, nutze Token H1T8n6SAnDmEf0xvuAHl2YHwtJbgdG38PjIzaGbI. Statuscode 200
Durchlauf 758 von 810, nutze Token maVpPwPO7ePv4w48YhDZBRRgL1m3BwaDJ4saFz50. Statuscode 200
Durchlauf 759 von 810, nutze Token Xcvr9nBCsAhZ4l8LFOg3FCd02JVcWPdeNHArrL9X. Statuscode 200
Durchlauf 760 von 810, nutze Token AuvFl6bNM0rgvb7NQ7tTkZfNLNjFzbhGvYdBtlLV. Statuscode 200
Durchlauf 761 von 810, nutze Token 4hFmOv6hBfGr22GETy1RttzDaV2awicsHoRYm182. Statuscode 200
Durchlauf 762 von 810, nutze Token aTS00oAbHhOGRwYwOstUGyRV2Z7uY7VZCzvsDJLE. Statuscode 200
Durchlauf 763 von 810, nutze Token 9dgyMHp2rvGHuTKkduaxWB45fGR7Y1DOrzySaA7e. Statuscode 200
Durchlauf 764 von 810, nutze Token LEEqyQQuZmXEnSjFLFph3QQltJyU2nsHvmKbhNDl. Statuscode 200
Durchlauf 765 von 810, nutze Token w2M0UoKdtwnHgXPNd0jIboSqCAd0YPn5nQK4EJga. Statuscode 200
Durchlauf 766 von 810, nutze Token nlUSqVTObyzH2RyIIvYy9KlsCBmbJiLQjuQ3672d. Statuscode 200
Durchlauf 767 von 810, nutze Token 4vZeB09oTaOXtyhga73Wr6514E7YDQ1eZRWftQpp. Statuscode 200
Durchlauf 768 von 810, nutze Token rJ2anoHY9gloP1DWvC4QW8MNlPzd6TLO038ItC6F. Statuscode 200
Durchlauf 769 von 810, nutze Token KP3z1iyvR5RLMbKV2fhVj6VxRoTHFJcOmhVvKr8Y. Statuscode 200
Durchlauf 770 von 810, nutze Token 0pU4RAzYIQdmraxglnJQZIJE4RXf76UJ8aDPazgi. Statuscode 200
Durchlauf 771 von 810, nutze Token KlbfDzTy2Cc4BrYMAfrfrDyfQboXNPgUpRD1Hlu8. Statuscode 200
Durchlauf 772 von 810, nutze Token tN12IzooLBbhBqm3pKdDjSOoZpRdQjXT5F96YMN6. Statuscode 200
Durchlauf 773 von 810, nutze Token 9xFcvH3rlaSyL1HqHs8Zf3G6EJbcU26Tx80EwqDA. Statuscode 200
Durchlauf 774 von 810, nutze Token Dq6eDPhpujDH5duWMJMbsoKDa28Gd8lqY5lQldro. Statuscode 200
Durchlauf 775 von 810, nutze Token gece290eZBtzNW81BVU3yyhEvIipIQxHKQFKwRvO. Statuscode 200
Durchlauf 776 von 810, nutze Token xz4LLMeOWEwl5UjbFJuLrqp6sgx7SSQIYCrdy3yQ. Statuscode 200
Durchlauf 777 von 810, nutze Token EpXWTm99WhinwO6SNaqdriKDNYhgRVhWIu61Y8Fw. Statuscode 200
Durchlauf 778 von 810, nutze Token zTdFe234S5FAY0S1nUbu1xvvq58PRaZa57buqh5E. Statuscode 200
Durchlauf 779 von 810, nutze Token WbENPlqhhYt5RCJlOoRx0sCdk7WoArARQaR2dREw. Statuscode 200
Durchlauf 780 von 810, nutze Token uhtllRlfmXcgBiU4fk6e8L0iu3vIY82RLFbVHmZd. Statuscode 200
Durchlauf 781 von 810, nutze Token 9XpRXnVG6tpcChGCIowYjubH6V4eYueqXyGrpjBn. Statuscode 200
Durchlauf 782 von 810, nutze Token Lx5uLF0w3NirFdJWNDh8eR9bNBAtl5L3wgMhBAKN. Statuscode 200
Durchlauf 783 von 810, nutze Token k1a3m5YWhhzbAj6sE4qCoUlaK0JVHashzcYURO36. Statuscode 200
Durchlauf 784 von 810, nutze Token Fxov6inpCZyOOxn8ijGAFJ7RFQbaBkp8aAHmMevR. Statuscode 200
Durchlauf 785 von 810, nutze Token 3BDTEtIkzGlFVWG67ZPS7tOjBd5n5D3tUifnEQPZ. Statuscode 200
Durchlauf 786 von 810, nutze Token drJe69p6mmjtmYlpDe74ibba9jNB8L0hyPEHlCwS. Statuscode 200
Durchlauf 787 von 810, nutze Token 9gHi56lOAXKktT606YvZO5MvUmSvakCn6DbJWCew. Statuscode 200
Durchlauf 788 von 810, nutze Token pm6wyrVYVnmUDBhxKDP7dWxoQaPLPC8pZSU42sIe. Statuscode 200
Durchlauf 789 von 810, nutze Token VFVhBadIKvlYnwje8i3VlgyRB9dqsSJU1MIo1qoZ. Statuscode 200
Durchlauf 790 von 810, nutze Token hg4ruy7PogrnEtM2lyAJcBChlxlHztvy7XWpvXVA. Statuscode 200
Durchlauf 791 von 810, nutze Token 8lkuYsIl3rO0sTveq6uAwsB5G6TLbC1akE0f0uz6. Statuscode 200
Durchlauf 792 von 810, nutze Token K6xZBR6QEJTJ5dLj6E0DufeQ0MVuBiOSd2qFyNZy. Statuscode 200
Durchlauf 793 von 810, nutze Token jHg4FGOE6KnM9VVpY30ebObyeDmxifSJL7cSM7H4. Statuscode 200
Durchlauf 794 von 810, nutze Token 5n5nceY20TkXlX5urECXthvYxLGQ91dcAzzz69cH. Statuscode 200
Durchlauf 795 von 810, nutze Token tR30corChjqisfXYGui0Rv3BbQ1E7objeV0vlmq1. Statuscode 200
Durchlauf 796 von 810, nutze Token cybkfKpla1aOvRYDA6WvQlL8eYRhzEQxD73XP0xk. Statuscode 200
Durchlauf 797 von 810, nutze Token KBeDKlscDM8ZHzhocxlVa70ZLPgAwFbH8JDSDVGc. Statuscode 200
Durchlauf 798 von 810, nutze Token E94ewskXvMJiITCEftlGVPwlbDlBcEaOa0Cbn6zj. Statuscode 200
Durchlauf 799 von 810, nutze Token bmiG6NzycnSdJPFuO5bTqWVOOfYNbB9uUfYJ2ZxU. Statuscode 200
Durchlauf 800 von 810, nutze Token BVHShYPTqpCmHZgw4BIX5NDGF5iHphggCvitKKmN. Statuscode 200
Durchlauf 801 von 810, nutze Token QQWtx5LCNHwRvqVwKfFFXYE6U0oZCGS6DoEUp8Nt. Statuscode 200
Durchlauf 802 von 810, nutze Token 21c1nawGgYrQcg5MyCwx5m9vjWGxwvEwCb7w5YtQ. Statuscode 200
Durchlauf 803 von 810, nutze Token Bo1uf3ruXPk2AP4LXlbeUEmRtjyWBISoIWMZmrwT. Statuscode 200
Durchlauf 804 von 810, nutze Token GLGaAcvx2kCGUR84uGgKU6Gmgu1LKiwxE32TTkkj. Statuscode 200
Durchlauf 805 von 810, nutze Token d5IAQ4SqsN8SW5iTpXilovQpgoo54oLfD0wCxPYV. Statuscode 200
Durchlauf 806 von 810, nutze Token KI613tx4rVBWaYjX15HCZUBfd4VePPfBc2chhP4n. Statuscode 200
Durchlauf 807 von 810, nutze Token pMBSDyDTspPQnar4ygMku8WyLShtJOTHNzaYXurc. Statuscode 200
Durchlauf 808 von 810, nutze Token YLZ6uCI2kEj6p80vsWku9jityPZHURJdy4Na4TCn. Statuscode 200
Durchlauf 809 von 810, nutze Token 3ETmc2v2tA4kVjUC4wOLKgY97XYG6ckDwX4Jq83B. Statuscode 200
Durchlauf 810 von 810, nutze Token rAtjJ3ZGlExNfSdsXGZHXjgZmE1j78Ssfhcu3hFM. Statuscode 200
