Durchlauf 1 von 810, nutze Token T8GXFoUzSjERI2FgvcW9B0XDE4cA81hG65YPrf0I. Statuscode 200
Durchlauf 2 von 810, nutze Token TkQvpFcgZ8LfEu1ICEIgW5n1ylJ0KeiJfbitnB8p. Statuscode 200
Durchlauf 3 von 810, nutze Token e4ZtMth9jwWn54sCUHKInj4I5Sp96l8j6JapBbiA. Statuscode 200
Durchlauf 4 von 810, nutze Token 1nI9LFMy6CFHAErAWSDPC2VhSHJKYT1IylgwkyMF. Statuscode 200
Durchlauf 5 von 810, nutze Token difN57tE2Nnv39vi4e6gmZgl5Xs5ZiCIsim9sIhA. Statuscode 200
Durchlauf 6 von 810, nutze Token Ze6icYLZIT7KwXEWdwNCXSQA3WzaqSBlw9b7Prhz. Statuscode 200
Durchlauf 7 von 810, nutze Token YrgWnKGFzaXFK1bBejzKWPOcB1Fqry0fuAt8Cqf9. Statuscode 200
Durchlauf 8 von 810, nutze Token ws129Cj3M320qawMFMFPCZF9D2PLGdaIYa7dE5C1. Statuscode 200
Durchlauf 9 von 810, nutze Token f1jJenh3hejf4fFqb0jBHMXDoag9G8ywOBE7msNc. Statuscode 200
Durchlauf 10 von 810, nutze Token y8dPOHxQ4oDyUCCpQQuNhBMdiA4DbWEi67i9pCAp. Statuscode 200
Durchlauf 11 von 810, nutze Token urepNkCMziajM0FTJD2SMGVOhxghTtP8XcBaNtF0. Statuscode 200
Durchlauf 12 von 810, nutze Token gkIQ0UDjhScuwsUH7rHRI4LI0y5h2wmuT4kjSYqp. Statuscode 200
Durchlauf 13 von 810, nutze Token kkXEVbfuRIVI3TbvDmibpTAUHGvboPPQTy0NzwxC. Statuscode 200
Durchlauf 14 von 810, nutze Token AfBIFXjY3tEt6zULS4d2lIZv1IFCSSoqISvcLDcH. Statuscode 200
Durchlauf 15 von 810, nutze Token nAfQ8bQucflljzqx50FKJq5A5kZWexjiX8b2zaCP. Statuscode 200
Durchlauf 16 von 810, nutze Token eeAUlML5PTFGLRNsFrX0TnJWRYeD982w27yqCV8r. Statuscode 200
Durchlauf 17 von 810, nutze Token ENzIh2WWRzMrGasBDJLslpbb3mKyjRBzDuOOlB6C. Statuscode 200
Durchlauf 18 von 810, nutze Token xMnXjTAHb0oOLkwh6STzGjWl3LdaxoUnsHwJJ60L. Statuscode 200
Durchlauf 19 von 810, nutze Token dnWi0ByspPUVkLjGW4fiFHjng6sMfN79GM5mZeU2. Statuscode 200
Durchlauf 20 von 810, nutze Token 01PQ7i7xrFx7gqt9ysFZsHh34EwSIcYaYRxtesi7. Statuscode 200
Durchlauf 21 von 810, nutze Token socKzklN6OdXb1svJA0HXLqgnxxi3cbe9gHC9SzI. Statuscode 200
Durchlauf 22 von 810, nutze Token 87btzqWKLcZNEeZRxT6oEarXIqxDegUr2bfDuvLi. Statuscode 200
Durchlauf 23 von 810, nutze Token bY91vyk62Os5tRyY5q0MmkNBdOrm5TZvqH1h4DWf. Statuscode 200
Durchlauf 24 von 810, nutze Token t6HB4bRcUDGUl2X9S5UZy4ePlptCKsFOOlGjSIzF. Statuscode 200
Durchlauf 25 von 810, nutze Token jruKdLUU1QMnO7qu6r9TAJtssFDiOFaQIddOJmgl. Statuscode 200
Durchlauf 26 von 810, nutze Token UUl48pQkykGLWJiL7CpkBNqdH7RNN9KZmUsXi0UO. Statuscode 200
Durchlauf 27 von 810, nutze Token 4nLg41ROZrnMyY48hNzvSiJDIuC8xm9AV0GPguLF. Statuscode 200
Durchlauf 28 von 810, nutze Token bcbucgAdTdAwecf0iCUVPxu0WWxAMcckYvTLeaef. Statuscode 200
Durchlauf 29 von 810, nutze Token xe49R5LF9QSdPce6s9z7a3rEaLQKmpdQyNrGfLZ9. Statuscode 200
Durchlauf 30 von 810, nutze Token 0Nc639SGSWqS225DiIYT0FZVpnTQyg0ssmnoFU6q. Statuscode 200
Durchlauf 31 von 810, nutze Token GxQrRmQC0xcocjXPPHDKBPdlwFXzHGt3gEGtMk5e. Statuscode 200
Durchlauf 32 von 810, nutze Token J1DGU1p1JWfg9rLhUEc61S91QPIYwuk1NpP6jUnz. Statuscode 200
Durchlauf 33 von 810, nutze Token 6vGWM4ccUUzJl06GA3vG7u69VXcbkDyuzxDgyvva. Statuscode 200
Durchlauf 34 von 810, nutze Token TObBj8HmgmJsTlrnJo5M38HcfS0vKyN5eRvnAbe1. Statuscode 200
Durchlauf 35 von 810, nutze Token pMp0s0sf85kSVQCvIjaDQZToMBt6MrLzuhq9mbwV. Statuscode 200
Durchlauf 36 von 810, nutze Token dhspYS24vzs0XzAg8WoQpWrekuhykb87ZOGLKRWl. Statuscode 200
Durchlauf 37 von 810, nutze Token wHauvOmM50QmeQ17YwlttjIOF87r8hc9MHqSLRwz. Statuscode 200
Durchlauf 38 von 810, nutze Token J2Vt7xQPgo1vGSEXrU33nlTb2zcrGq7cYK8fQ5G4. Statuscode 200
Durchlauf 39 von 810, nutze Token ZbxWthzc2k0ejRpXZjKvEwe01pSCBPZyNNMId8po. Statuscode 200
Durchlauf 40 von 810, nutze Token 9XFpWR0Bp4gfiUcIZwRq1GWBZEbXTGZefYZHsf1J. Statuscode 200
Durchlauf 41 von 810, nutze Token 0gkCSw0WOlmowvUShNgA4XAcvLE44DmhAe30Nj2o. Statuscode 200
Durchlauf 42 von 810, nutze Token KsPbTxCVDxGsoDRtgEYZnfWe8coLblgiy2qitYR6. Statuscode 200
Durchlauf 43 von 810, nutze Token gJtmWsmTO0bMz1RcSOfjh4yK9wR1M6zVAtDlh5Ij. Statuscode 200
Durchlauf 44 von 810, nutze Token MlMMXTrqfu6nagyThZCpMU9KfKup8BYqDOvN3g8v. Statuscode 200
Durchlauf 45 von 810, nutze Token yfo5ktAdYlEZcttAaCC0D7DexlIAz7NePkY3TBI0. Statuscode 200
Durchlauf 46 von 810, nutze Token NKiNzHO5Gaj6aSnIbPlQ5hip1fpzHrDPN9Nf7Iuw. Statuscode 200
Durchlauf 47 von 810, nutze Token 4Th2oZEk6CYo27G8rpgkaoJ9NIIdW7DjDy5rPJAv. Statuscode 200
Durchlauf 48 von 810, nutze Token ytEkyAczoTUhgUR3g1LxR9TOIJZfHCVsWo6AgTyX. Statuscode 200
Durchlauf 49 von 810, nutze Token aAmN4F8r0HC60KA2EC5L4nxEmSWtcnoriUW9SuXV. Statuscode 200
Durchlauf 50 von 810, nutze Token nzwllZBkCAofdWF0NjxaPEx4lWuc7HGraoQKZt9V. Statuscode 200
Durchlauf 51 von 810, nutze Token YSbE34QtlvVW5OYhU59qm760VuuHqw0TuAKWIWCI. Statuscode 200
Durchlauf 52 von 810, nutze Token 2KidTraSeDkSAFzqj5GLix282tLIwWCoeDbQvMMj. Statuscode 200
Durchlauf 53 von 810, nutze Token OV0swNteUbYZqTAKGOgnVe4flaQ6ZwSvk5a6XlXD. Statuscode 200
Durchlauf 54 von 810, nutze Token gSQessxkMkKKxjXS9cOhYeu6zTBNXyglajafqWmb. Statuscode 200
Durchlauf 55 von 810, nutze Token KMVLV5VJalKu3mvAdInUk4ELoaQNLgrJhVep5qhU. Statuscode 200
Durchlauf 56 von 810, nutze Token IG53yoIzPq9ifeQrUvF9nYZHn8KpZ2UclWHFd0bF. Statuscode 200
Durchlauf 57 von 810, nutze Token kQV6PUbdUL1vVbdToouxonxaWdkNLEUTStd9foOR. Statuscode 200
Durchlauf 58 von 810, nutze Token RcopWBacS75VXSyvYvlnqznc78yHqm5hFUsMkYhC. Statuscode 200
Durchlauf 59 von 810, nutze Token yVHJhh99udayq48IFun7nIESb8DEpV0P6otTEpTb. Statuscode 200
Durchlauf 60 von 810, nutze Token bqcMZ4gmWh8gkVplGjUZU3BBXSe0HIVGEOu87D7T. Statuscode 200
Durchlauf 61 von 810, nutze Token g1ZzAnpVVNjm6RbLjl3ukpdFL0GTN1TbdfASKNYd. Statuscode 200
Durchlauf 62 von 810, nutze Token 6V32Cf88TZq1lf8IRqcTuSuWs82d0ygPt4ua4LWX. Statuscode 200
Durchlauf 63 von 810, nutze Token NTUaS9BSYWStbk6EQf4UHKfv4K2tAkI25G584wuP. Statuscode 200
Durchlauf 64 von 810, nutze Token r0eZdTtINqdr8DBytKvlJ10K8uqQYlz35yROOFCR. Statuscode 200
Durchlauf 65 von 810, nutze Token upFzAr1IZHVGWHL52MZ53E6YNH50IHsQwcSLJdMJ. Statuscode 200
Durchlauf 66 von 810, nutze Token MmJpP47NrqBwHMNbMoxwCCjSl9zM4SRyJ2lZA6r8. Statuscode 200
Durchlauf 67 von 810, nutze Token JlehKFBqlHSoZnOSqIgoFfl6hh4KfqjzZTh3qLGZ. Statuscode 200
Durchlauf 68 von 810, nutze Token o0KxSrxR0hGgWocuxKZJ7rVyl5ha9yNlZfa2af1i. Statuscode 200
Durchlauf 69 von 810, nutze Token 0urxIwj438s6QvmKn0QnG0AqK796jfDcQkCMWX2r. Statuscode 200
Durchlauf 70 von 810, nutze Token 3oH35dyfhtfT0CdrdU53jfgq7HjAPgR9m3Eqaz9m. Statuscode 200
Durchlauf 71 von 810, nutze Token dWHEWo4khSybORiqa24tKm1eVfHsr3vL0s6KMXj4. Statuscode 200
Durchlauf 72 von 810, nutze Token 8XE7MDUZniCzwW4Q2jHGpOSLMMjs6hYKigh69tWB. Statuscode 200
Durchlauf 73 von 810, nutze Token AiQk4CnGyH3tmWvXMxP9umqhLiF6SWeWv82mwxvJ. Statuscode 200
Durchlauf 74 von 810, nutze Token 469pEqCVQ04REgFjBhw4jVlseET95DDm8F4AqNf1. Statuscode 200
Durchlauf 75 von 810, nutze Token SbC1QOBon1g1tJpVj1gWJxFfpH83LQwRW9VBLmSh. Statuscode 200
Durchlauf 76 von 810, nutze Token Gz4pGaRQM2EdN8OzMYM9piHqpckFOO5PvDT4HVBD. Statuscode 200
Durchlauf 77 von 810, nutze Token 5uZpPlUo2lU8p47qbz1UsZGW7cI8Nu6rJHRfj9K6. Statuscode 200
Durchlauf 78 von 810, nutze Token EsZOSHPKRr9fhUN9NydwKBSZwtyGhpXIPsK3qgNX. Statuscode 200
Durchlauf 79 von 810, nutze Token t6XcbUbrpVbtJ7ufzeLrIKkgfPQcaoCQ7UIqJQEh. Statuscode 200
Durchlauf 80 von 810, nutze Token tOtnqS10kDp07neZYOn2wwDVqDQRpC2hfKZKB91G. Statuscode 200
Durchlauf 81 von 810, nutze Token az0vOIGkbmg6wFsXdlYJqqs2Et4ui401dxy4hCOL. Statuscode 200
Durchlauf 82 von 810, nutze Token cDHBXA9xCd5I6tdpi6fVmHyYEVLmRv1Dz5qkFFBC. Statuscode 200
Durchlauf 83 von 810, nutze Token NXFIGRo2Wb9sGNpew0iigoNAnYzGshXA1VRkAoAp. Statuscode 200
Durchlauf 84 von 810, nutze Token l1piinHhHSas7Isj0nQLp5H9OYPXQHI9uKuODueb. Statuscode 200
Durchlauf 85 von 810, nutze Token gHVMf3JWLOvu65ktGciwJ9GRFKAsMVLcq953XCeh. Statuscode 200
Durchlauf 86 von 810, nutze Token RlOS4LMO9HU8AYSP5tflU0ulPCrlEwGaugFI7nIb. Statuscode 200
Durchlauf 87 von 810, nutze Token 8EY3IuZUqXgGK8JBDDnyM8W2Rhc3fJFD0qMwhfTR. Statuscode 200
Durchlauf 88 von 810, nutze Token 6UkuVpBHZVAstEiFnDbrqo7sp7sUT2OT0eHOby24. Statuscode 200
Durchlauf 89 von 810, nutze Token N4eoAADc7VCjJThzTjhL6lWhYlTvt6pSFW3YC777. Statuscode 200
Durchlauf 90 von 810, nutze Token pG3lBzIcu6HNPPjPOBXQwh2a4daXOp38i4ROcnp9. Statuscode 200
Durchlauf 91 von 810, nutze Token uBIdBy9Le73h0KPgwAOImaNm9OLXMvCmHpzXRmsk. Statuscode 200
Durchlauf 92 von 810, nutze Token 2Yq29R7cfrKf5uvGg8gLcRaYSd1wl9RExV1CXY0S. Statuscode 200
Durchlauf 93 von 810, nutze Token xXcRGnUgTc7sh8ejQzXuUlx6dHcdreoVZZzui5zN. Statuscode 200
Durchlauf 94 von 810, nutze Token tCeT5PRg7goiThJIsGVqWoaG0u0pkdFoA6OTgbkz. Statuscode 200
Durchlauf 95 von 810, nutze Token tqlBDg30N8mvAUcOfkUqby01PjONUjpxdKV646uU. Statuscode 200
Durchlauf 96 von 810, nutze Token TaDoHVre2I20AnrFzaOrLJEIxqZ6HKkVbMPlq8Ue. Statuscode 200
Durchlauf 97 von 810, nutze Token fVzM8fBVT7OwNlw2T5xccFJvfaqRmYvSS2Ch22iB. Statuscode 200
Durchlauf 98 von 810, nutze Token RHsNkP1bfI3Y8870y7OCEYoVCeorXvemJ66CULjp. Statuscode 200
Durchlauf 99 von 810, nutze Token wVZDY7lnG3PxK5qXAFREaGNh9FJk9VVxqXPCydDi. Statuscode 200
Durchlauf 100 von 810, nutze Token umkqehtVRERbH6RxvHEqTXADvXK9MEDhA4yBobNy. Statuscode 200
Durchlauf 101 von 810, nutze Token YNt6XKslpr7NBGtSD0AoL1auSKz6wt9AnuLBWygv. Statuscode 200
Durchlauf 102 von 810, nutze Token aUzOVrpN9PR7E5RS0jcY3Pwbnzmhhp37abnkMNVN. Statuscode 200
Durchlauf 103 von 810, nutze Token FvrIGoZ4cJBPI9SEqyTMiWW80XeErVXuMyuTBbjD. Statuscode 200
Durchlauf 104 von 810, nutze Token jIvb9OjcaPjYoFXinSXCYLJeS2iEwgE70xGSSTFK. Statuscode 200
Durchlauf 105 von 810, nutze Token v30sw3zivDW7ZqebMZcThDgYEIehTjuBnNK7kbdi. Statuscode 200
Durchlauf 106 von 810, nutze Token wtAR9jo8S4jMnUymshdoTaASQTweopdOkccKdyEw. Statuscode 200
Durchlauf 107 von 810, nutze Token whKLDC6ipkYrTSokM6w62COsdfVH9QdAn2UOXaRV. Statuscode 200
Durchlauf 108 von 810, nutze Token wdnujn1wuUU1Bn26UGr46trksS6dyH1oQEtujzMh. Statuscode 200
Durchlauf 109 von 810, nutze Token hEyJ8Ov1yo7M2HNAV9uxY5FMgw96qNzBoMwbnPao. Statuscode 200
Durchlauf 110 von 810, nutze Token k2AzIlIY7Zs6sb5jDdYyu5aczJYPoxiOwLH2mZsv. Statuscode 200
Durchlauf 111 von 810, nutze Token yEuwALNyQdRnjpqOJAANyopP3RnWUyvefm1fjUvK. Statuscode 200
Durchlauf 112 von 810, nutze Token jqx3VjQ3J7w0fG9wE77kMy72l1UHVj4vLAt9PXOG. Statuscode 200
Durchlauf 113 von 810, nutze Token Ch8TbW9RGIdiXXuxfbp4u1soETlJCm27rQQwcQqA. Statuscode 200
Durchlauf 114 von 810, nutze Token YiiO2Kvh150HVWC1RTgYwPuTAcSId9HAs9lIJHrc. Statuscode 200
Durchlauf 115 von 810, nutze Token qPPKfOg5ai0ie5RQlpRTNzKCYUOYNj8udlckkF2b. Statuscode 200
Durchlauf 116 von 810, nutze Token 5YkKqWOjsEWBfHl3UdEHlbvlvm7vyFLx3AMdWvBj. Statuscode 200
Durchlauf 117 von 810, nutze Token blUIechROpjLamStUV0WGvp1w3XU9DZH9nZY0Jq9. Statuscode 200
Durchlauf 118 von 810, nutze Token YPmFP8E5iNqrkPiVMCAKZDkCx0cXd3yYAlbNrFM5. Statuscode 200
Durchlauf 119 von 810, nutze Token FykDqO99xGuFoTjkxRTlw7LeE1TkArpm6MqQVPuQ. Statuscode 200
Durchlauf 120 von 810, nutze Token sBWKPmP2R9yMwWXLZAGWa2X01hPgjsgSu8OqDuWW. Statuscode 200
Durchlauf 121 von 810, nutze Token gEFJ0wV3wo6X7e5veAO6QMFtBtZsTDO6SIHciXae. Statuscode 200
Durchlauf 122 von 810, nutze Token tE0Lx6T0abtCH99C97e9WvsVeYaPmLy2jVwAYQFg. Statuscode 200
Durchlauf 123 von 810, nutze Token vez9ffci0Rekmsu4WMq0928rxjojtgesfivEMGA9. Statuscode 200
Durchlauf 124 von 810, nutze Token heaOSvtSinSz4nJr5jHW9x3cPwwcEuBo9EpI69Du. Statuscode 200
Durchlauf 125 von 810, nutze Token jcarvCe8VL0jTfWEE9hcsOuHT7rIcTxPk0PGavoc. Statuscode 200
Durchlauf 126 von 810, nutze Token lAik3KH6c3Yr6KZnpB2TWmhRsbcsuJUfm9kkELy3. Statuscode 200
Durchlauf 127 von 810, nutze Token rbD57pQEuMM5kQEJqnKDzDcQBHkBCKcNWktTHRUy. Statuscode 200
Durchlauf 128 von 810, nutze Token Ax7TiihKIVkMznOR5oXQw7qt5P96HqMdLLG6x9Rk. Statuscode 200
Durchlauf 129 von 810, nutze Token kya5zt15y9TRZSOe671agvOAd1iIMZqmGOje4skj. Statuscode 200
Durchlauf 130 von 810, nutze Token XV9ZYCs5r3XkpE8bM42DmUUBZFXWQQxaI6VnhwGm. Statuscode 200
Durchlauf 131 von 810, nutze Token JAh1mNfz4iBTyp8fBxSGhP5i1AmJDLspgDSX2Hsi. Statuscode 200
Durchlauf 132 von 810, nutze Token 1OUk2bQsnmS18be5KM4W9RsLr83wJd2wHHmrRCPx. Statuscode 200
Durchlauf 133 von 810, nutze Token jSM9k5SMtyTj75TG9t79V78bV0xxjMuspyzYtv3A. Statuscode 200
Durchlauf 134 von 810, nutze Token v8TDjMY0PtWBBmqoeXaqJSakLPUdNRKi7ouL3MaX. Statuscode 200
Durchlauf 135 von 810, nutze Token 0gPqoqyIA3qYTtE9TKt0NbfZxPFH2Q0fAvl5NId3. Statuscode 200
Durchlauf 136 von 810, nutze Token 3J5LJBL6KhdoU9XkjF9gi5dHQLrE2u4f3ugP9Ov0. Statuscode 200
Durchlauf 137 von 810, nutze Token wHxmau4fSr8qDBTa2cA7dKcjeOE02Qjp2cqXMPyJ. Statuscode 200
Durchlauf 138 von 810, nutze Token Arf40Geet2wIvElvB9lFXfjthrWzjXyN4GsIkn3m. Statuscode 200
Durchlauf 139 von 810, nutze Token UZSqBSDKU35KfMmC6fcrbY1bqgDxI7oudssElm2C. Statuscode 200
Durchlauf 140 von 810, nutze Token GYcv7EvHUMvqIBbjfYlKtWDMwtiLOiZ4LakTcW1Z. Statuscode 200
Durchlauf 141 von 810, nutze Token 1Mrl7oqJyPxUP8ACs5F1CDk0LGQxzsXTcfMPuw7u. Statuscode 200
Durchlauf 142 von 810, nutze Token gnkU5VJZ07B9gTJs17aNRyUwpcaO77qOZkwdOwG8. Statuscode 200
Durchlauf 143 von 810, nutze Token ZO4YPfIqgPoAGdSjLiHk7SfsZ3500KixCf4y1p6S. Statuscode 200
Durchlauf 144 von 810, nutze Token fpHRiaHgrMC3SSaKMrNaSaNVKhcwJznayt8eTE60. Statuscode 200
Durchlauf 145 von 810, nutze Token Mi6ZMPqni87ETreKGWU3cyOHM6kteB4uiDc8GExk. Statuscode 200
Durchlauf 146 von 810, nutze Token DYjZ7jnxkra4lIsGjxf66sSjUXRcToZuLqmJN1cO. Statuscode 200
Durchlauf 147 von 810, nutze Token x8hpUhBbB3oVhW0BUDcGYVm0WSsgOUE1AK9En6y6. Statuscode 200
Durchlauf 148 von 810, nutze Token QsqCFw3qcUnc2pRQgAJKwuIDYgbIPpAW8YSqxukm. Statuscode 200
Durchlauf 149 von 810, nutze Token lz2sHApScaL2hthISmofwJLbzEqsEceNseH71L8x. Statuscode 200
Durchlauf 150 von 810, nutze Token ON2MoSKLs8O9vPw50O70N4ZsSOjlvoxtCgU8dCB8. Statuscode 200
Durchlauf 151 von 810, nutze Token JQY5lYwlhDSiFdzQLc9KUPM89iSam7GZ27o1pBHI. Statuscode 200
Durchlauf 152 von 810, nutze Token uRg8MsA65sFKngZk3MkvXY5qgqjLCITDjUCiEgXR. Statuscode 200
Durchlauf 153 von 810, nutze Token OePuBg3dHRtcN7IRuqQjiCAsc0SJLKaAJvfFQ6W1. Statuscode 200
Durchlauf 154 von 810, nutze Token vJU2eIoUFC9UkIAZfCfqXtxt6H5h600V6KtWCIte. Statuscode 200
Durchlauf 155 von 810, nutze Token CzMkympP3sJBR9Re9gbWKLptTa2nCXcpdsg68M1C. Statuscode 200
Durchlauf 156 von 810, nutze Token z7jaI9Qfo8XNNDhcA0kKFxWb2A0AnJ6KM4wY7AVu. Statuscode 200
Durchlauf 157 von 810, nutze Token ltotHLcvxDphtCCwhdjlA04dq7TU9QngB8RXyYd2. Statuscode 200
Durchlauf 158 von 810, nutze Token kEa2wqg9TMwwRVyikpnIOutIa4Bif6sJzaFrZePz. Statuscode 200
Durchlauf 159 von 810, nutze Token WsecG0URE4pkLa8ImyPFIzBLSeI3X0Hbn5s1ct1E. Statuscode 200
Durchlauf 160 von 810, nutze Token wA5mBFfXyp5rfMegcFWSsZcJg48mE06OQki0EIX6. Statuscode 200
Durchlauf 161 von 810, nutze Token OthDGnTiBlzCetBgdYzYpzZsKmJhe44DcXlVEOQX. Statuscode 200
Durchlauf 162 von 810, nutze Token phjz30t6erMAIQrkgbGzqYw88GKtQKmgxNx7JQra. Statuscode 200
Durchlauf 163 von 810, nutze Token PVZKlmT6rFYbFRsYn5PmEpY5awt7RMqJx7W9X8fC. Statuscode 200
Durchlauf 164 von 810, nutze Token OtfFJKp9zYUaS9eSIQYrovcWHLj59E7tAxYUyMOL. Statuscode 200
Durchlauf 165 von 810, nutze Token 1NLD4qbL2tqtvS2oxSOkNXAV39oSW2XLPMy6G32X. Statuscode 200
Durchlauf 166 von 810, nutze Token tRwwQdCWw9oz4A1QVy8HjNfpxNdftWUTe8Wj21o7. Statuscode 200
Durchlauf 167 von 810, nutze Token 03pToh3EE7TAdNx6Ef6ojbX7gcW6R0RNQ1d3Ivlh. Statuscode 200
Durchlauf 168 von 810, nutze Token Q2zmMhFagbOzYqnmRMn7zP8p280LrLNQIT6mzzRx. Statuscode 200
Durchlauf 169 von 810, nutze Token 9k4ymWocBLYVS9NY0andwFkKN5f1B3LDDu6Cd98f. Statuscode 200
Durchlauf 170 von 810, nutze Token fum1nWXSYK7hBB9ZZrNtm0UsIWkUVZ33XPeMApHa. Statuscode 200
Durchlauf 171 von 810, nutze Token SB3pS2JygtU3i7yKqaNdQ3ugFIOR0lgBlOxmcV1J. Statuscode 200
Durchlauf 172 von 810, nutze Token xmiQ9AMxRasCQcHEcs9fb95gcv5xDiXyCBzUmGJu. Statuscode 200
Durchlauf 173 von 810, nutze Token iYVyPoXS6ARNH15yZc8e2ey2g00Hjph7yW4Iy6Kv. Statuscode 200
Durchlauf 174 von 810, nutze Token fKBgIJ3ZwrhSIhNMyUCs11vLViGn86NUn32bxjwX. Statuscode 200
Durchlauf 175 von 810, nutze Token 9lIVHOVA9fxVjkpdmAtOki0kZkT8D1d3e57TeQZg. Statuscode 200
Durchlauf 176 von 810, nutze Token RDD5lDL8zdx5gF2MrGkLBayHVPp6HF1qvXXzB7sF. Statuscode 200
Durchlauf 177 von 810, nutze Token Q3qAXbIMIPLb6TXe3ZvuCjiiL9Yie2cFDOULTh7R. Statuscode 200
Durchlauf 178 von 810, nutze Token 17uRIMWGaR0MZ2gsJ3Yym9Yu9ehPEH8yw6W4c01m. Statuscode 200
Durchlauf 179 von 810, nutze Token jbSs6BizKEBrcqrSZu3qtqXj864SOKd2ryFrNSPz. Statuscode 200
Durchlauf 180 von 810, nutze Token JzyDSdLQEks4VQbUsO8MZwZwM1XQ2Tz65GShYoBM. Statuscode 200
Durchlauf 181 von 810, nutze Token q1mebalkZsilNg0w3B585xtEWrAfrstRIzrSOleL. Statuscode 200
Durchlauf 182 von 810, nutze Token AoVIao8WNUkpEt0kxlXLfZjW1GL7Nc5UCuCkrYQu. Statuscode 200
Durchlauf 183 von 810, nutze Token JZednzDJaYI2NxfD8NU8RdJ8BVFJU838uneiBHMg. Statuscode 200
Durchlauf 184 von 810, nutze Token Q20HNc6WB2Rnb2AWwQLcChpOjGIfdYKQzrp26obV. Statuscode 200
Durchlauf 185 von 810, nutze Token ir5qQ5af78TL15WRZSBPd7EzbswzfMOTCuYaXD5w. Statuscode 200
Durchlauf 186 von 810, nutze Token Al1LneV2fxITiZsdrw3XR7kcm8i2x1um9fOb6Bzk. Statuscode 200
Durchlauf 187 von 810, nutze Token NJbOkG2o7Et6lgr1joxbL9yfZ3lyaDC0oSl0wRKz. Statuscode 200
Durchlauf 188 von 810, nutze Token yqzDfn5BYw41REMIQbOLVeKjsz5ylbQuM6DJEgSk. Statuscode 200
Durchlauf 189 von 810, nutze Token e8rw5bET6jYrPVtJeLPsxjKoRFoiSRFHLFazxDW1. Statuscode 200
Durchlauf 190 von 810, nutze Token FwzeJZceBgz1lkO9m6DJK5lZ2jKICR3Ez9PNyTBH. Statuscode 200
Durchlauf 191 von 810, nutze Token cAMyClXjifjyuBSCkWy61FNeELJY486Vv3kMEexG. Statuscode 200
Durchlauf 192 von 810, nutze Token m4kesopgrHotzJ942tMqDb1Syf86lhamfbIc1Wpc. Statuscode 200
Durchlauf 193 von 810, nutze Token tuS3CPw0smQHGe75CkABAXzdJRnzYEH6yU9uqrIJ. Statuscode 200
Durchlauf 194 von 810, nutze Token q3gyHJFzMPaQCmIjDQUAF9tMNWU70WrOPEyaIRIR. Statuscode 200
Durchlauf 195 von 810, nutze Token aitJgx4LOQyfPbUT9iYY4KPTtriYnrgHyr7o281w. Statuscode 200
Durchlauf 196 von 810, nutze Token 4anBWjbwbZ43o3i1b9r34gAJhxEdARUmE18jZOVt. Statuscode 200
Durchlauf 197 von 810, nutze Token apRSIVCZtzYrDzlHqq2xzw1OIslm303lWBVdoQtJ. Statuscode 200
Durchlauf 198 von 810, nutze Token PIAnfM9lUsLA9aVwEVhPzz1TDf3FnirTgbWsJ1xC. Statuscode 200
Durchlauf 199 von 810, nutze Token OaG3w2nJDW9Q59LXZtEC656maL1X8Vx6s09ZsQMl. Statuscode 200
Durchlauf 200 von 810, nutze Token buvCIE7x4btNG7Vzqqu5Kn5B2HiMxL5zmPRvEb5r. Statuscode 200
Durchlauf 201 von 810, nutze Token 13s22TkbxSt5uWDzvRmXqbY3ceLkQVm4odmmhEYG. Statuscode 200
Durchlauf 202 von 810, nutze Token cDFZQwfWIf4TYrhwIGTFcBvJkJJ50uZk0Uw4Zfsi. Statuscode 200
Durchlauf 203 von 810, nutze Token FAYsYVV8AhZeHjCBT2kHaJOaNKjSfN1NwYeR2ti4. Statuscode 200
Durchlauf 204 von 810, nutze Token DgEpCrWkm67L6ZzNKCkxUVXHUG2FYtqRzfTtA7Z9. Statuscode 200
Durchlauf 205 von 810, nutze Token 5xRvKZtMRlBKSmjFcFcsKsTjTyzI2gKcoIDAmSqC. Statuscode 200
Durchlauf 206 von 810, nutze Token d14ww1SZ7woVa2kIsXuPuIcxdS5NQD3rr7P7lgdP. Statuscode 200
Durchlauf 207 von 810, nutze Token 1d8CTNwqtg8RmvARrAq6jI7r6aIG46hlDvxrPXMD. Statuscode 200
Durchlauf 208 von 810, nutze Token uFZJW1KLaefLPziWITb2xZbEoFRYIcrnCiQg0WHs. Statuscode 200
Durchlauf 209 von 810, nutze Token KiQNBmjZsbFiJjZ8drS2S8HiKiY8NeakxWgNQjxF. Statuscode 200
Durchlauf 210 von 810, nutze Token hZr6ETwZGs93sA6l2TjFasn6uuz7nHrSuGXzXO7L. Statuscode 200
Durchlauf 211 von 810, nutze Token Yv33PPDXPTFOhsGPpsKXxxuyXjCAa6rqnCBjD3i0. Statuscode 200
Durchlauf 212 von 810, nutze Token SOQe6piC4IhbjJJFCc2An3Ust6we4O54RXOf5LE3. Statuscode 200
Durchlauf 213 von 810, nutze Token 0LLaK1lE1CwwPqOo7dWsbCqfRlQ3a6TI0t6QLn38. Statuscode 200
Durchlauf 214 von 810, nutze Token vEi2Pi4jiU439uf13UrSpLEWR7iUT4tS4ZYNPBMw. Statuscode 200
Durchlauf 215 von 810, nutze Token WKGDPebafSnrLrpzRqnPEDxSzgUHIkIqP5d8eAnw. Statuscode 200
Durchlauf 216 von 810, nutze Token Hq5ctTLS1XqzKA1X5cOXfCNg2vp9YL08iW9eaSMi. Statuscode 200
Durchlauf 217 von 810, nutze Token LmreQK23zy6LGWbkLWpen51DtZ98pI5CjohkL1A4. Statuscode 200
Durchlauf 218 von 810, nutze Token 5peM0txZvBlVtKs6RUr7tEPssz8HvYZNETVWJmOI. Statuscode 200
Durchlauf 219 von 810, nutze Token mR9wYpxI57fY0oFyhTvUKlad6VYHPcWGfu2lH2gQ. Statuscode 200
Durchlauf 220 von 810, nutze Token k7QddCOmUmeyvPJTyPgVuFqwaboh3zTI0EPyfhar. Statuscode 200
Durchlauf 221 von 810, nutze Token vbuZBhzZjRGHNFPkPmxSYU0uIqk0Lu7Io83Uqf9j. Statuscode 200
Durchlauf 222 von 810, nutze Token GEOaGOCDL9wN7IQiGooza7rZRyJYaGgTfVoeQXxp. Statuscode 200
Durchlauf 223 von 810, nutze Token 1fVuZI3dqP0baa9o6SsWev2jzWCwHagK5CRFfu0o. Statuscode 200
Durchlauf 224 von 810, nutze Token P7rE77OSHwg6QCsgzzvTWWuO0saLVDda6by0WSPT. Statuscode 200
Durchlauf 225 von 810, nutze Token yADiJ1mhcUqHPRLR2RxL0vh6RD2NpWLVgX2tVm3U. Statuscode 200
Durchlauf 226 von 810, nutze Token xgvNNeoQlyI7cKeADdungaEjZO9SVuDEILoPTfdt. Statuscode 200
Durchlauf 227 von 810, nutze Token JrnrDNmLM53rRAsfw8g6eVjerw2CeUpTbuMKl1dI. Statuscode 200
Durchlauf 228 von 810, nutze Token f8ogxVi2TrrJ9ziSU1ULVFiw7MjAcjaD8oWhUK1S. Statuscode 200
Durchlauf 229 von 810, nutze Token FlrW6dmtbWH7OXIyxo71uqStz9TMoLgDgL9Asu2D. Statuscode 200
Durchlauf 230 von 810, nutze Token zQFqpnmjAD5abfU0Pa0aY8GOZNeqIXYPVnh3aBh9. Statuscode 200
Durchlauf 231 von 810, nutze Token geSS3iP4aDNo00RiB67isoPAaEuDrDuHu72X1BUi. Statuscode 200
Durchlauf 232 von 810, nutze Token WnC5IrAjYvrusNvvNfVO9UPtmIFM62p9XG9PqvRs. Statuscode 200
Durchlauf 233 von 810, nutze Token WvmUcii1eJ3kBDjkxjfXd5VRN209sVkJAjuPO4SU. Statuscode 200
Durchlauf 234 von 810, nutze Token zq1wNr8DYPscTMrI7Z1deABvEXaI2VdpjD2P4VbT. Statuscode 200
Durchlauf 235 von 810, nutze Token ljC1SeI4lNBM9YMT5kgz0yR1FoNtfqfDGVqDXnze. Statuscode 200
Durchlauf 236 von 810, nutze Token LSxY2DPZpL18DpGvVdOesZP7LJxO34FVXD5auvJy. Statuscode 200
Durchlauf 237 von 810, nutze Token SqF3EFQHyzWpE0JLCdueq18KgZ7ANXu482hkXyCo. Statuscode 200
Durchlauf 238 von 810, nutze Token KllEok7N96r6eroPJor25JB9UO4lxKnkblN1oBEB. Statuscode 200
Durchlauf 239 von 810, nutze Token PigtDHxGbbrZmiZyNMb2U6i7YukNXof0VPjKNqjd. Statuscode 200
Durchlauf 240 von 810, nutze Token fVUAadk7kKps5m1GO7IC1ZYKWd86cIdfHKKf5TSV. Statuscode 200
Durchlauf 241 von 810, nutze Token LOSzhFKgysVRQvdNyOZpuRG6NJlwytvadQVWz4fc. Statuscode 200
Durchlauf 242 von 810, nutze Token 3TL8ZwM2GnubJc68OfJQRn1mHtOXsKOQ01ZYmEYw. Statuscode 200
Durchlauf 243 von 810, nutze Token RBaSwPQWyeyr5ziMSPVxAmKX88gxuQJ5pTn0ho4I. Statuscode 200
Durchlauf 244 von 810, nutze Token 4KPpQ2qBNXcZgPRriOaNE5j1gW7oolnv15jChNSG. Statuscode 200
Durchlauf 245 von 810, nutze Token KIVOadIGXPOG4Al618WXytWYlUW8cyGBUcwWS8yb. Statuscode 200
Durchlauf 246 von 810, nutze Token WOLKJTfYrJo4Bc7jK62ERtnjqJp63rIY6x6CexEp. Statuscode 200
Durchlauf 247 von 810, nutze Token k6sHNV0Jv3vBkdGMIxJ5YrLR8BZfWf611RBUE5tS. Statuscode 200
Durchlauf 248 von 810, nutze Token Fgz5UtTWpgfOnhSQ4B8rR3r4g99HOgF4r4VUOBH7. Statuscode 200
Durchlauf 249 von 810, nutze Token ZiBft0B4eGf2qAtUFGUDwaUHWl8DFvcynTSANaBO. Statuscode 200
Durchlauf 250 von 810, nutze Token 8hOb8glHasRAc6HJ5iITn0cuqKwok933JdpCuu5Q. Statuscode 200
Durchlauf 251 von 810, nutze Token Ze8pf35VW8S6g5gz4DJsPx7ilnTG8qoHKr3uUw9z. Statuscode 200
Durchlauf 252 von 810, nutze Token cXVBHIjyUeoKjkT85YWdIVg3s94j7gobK7BZsWcg. Statuscode 200
Durchlauf 253 von 810, nutze Token xS1Uhy77qrtYaGHnMS7m7rgNtvuiRVkDjoFkNfVb. Statuscode 200
Durchlauf 254 von 810, nutze Token JfgKvHj6Q8W6VoermVeEi3XL3K1KxVEil2m4ViT0. Statuscode 200
Durchlauf 255 von 810, nutze Token pcEQAJj7XFaWIfRpKGoAESVWeZvH5IQ5SJZyNkkG. Statuscode 200
Durchlauf 256 von 810, nutze Token PQjJpw221leKHfR8tTqixL9eRf3afkT6uLOSma5M. Statuscode 200
Durchlauf 257 von 810, nutze Token The2ct9uPreKEyI12mPloRmPfVCQiChKXwKVShT2. Statuscode 200
Durchlauf 258 von 810, nutze Token 25XZAvyoyr0p2bFTfadNNygGwMQEA0LvrGnwlZQT. Statuscode 200
Durchlauf 259 von 810, nutze Token 7u5FktWSjYs6xEPx9H17dLoIG6B1G916S7lw0V39. Statuscode 200
Durchlauf 260 von 810, nutze Token vO2mpaFLRyNr8ZXCMIO1Pm3RBgMh2ep8Lvk559gt. Statuscode 200
Durchlauf 261 von 810, nutze Token zwVFpoPXy0y7agAEietEJzJhCgv7aX3GFxEqN5xO. Statuscode 200
Durchlauf 262 von 810, nutze Token 0JAGVkYYcuncaguuu6uhlbH5RURRuMlb6ZOkeaua. Statuscode 200
Durchlauf 263 von 810, nutze Token vPIdK16RhkF2YMP0NbljLlhDPMCnMK3vhbpP09sL. Statuscode 200
Durchlauf 264 von 810, nutze Token jeGjgsgLGffQ1BVfpDYMLJQfMOX2XiEAb3ttOjQK. Statuscode 200
Durchlauf 265 von 810, nutze Token oD0nL3PIaIFwntaTpvHoH7wMz2GVJzKAOhutZ2nd. Statuscode 200
Durchlauf 266 von 810, nutze Token 6dcOP1c7zbnpFBxUx3t0fZdGBoSxK9T0uiGrLbsy. Statuscode 200
Durchlauf 267 von 810, nutze Token eTeRG1AW4iTHLWpFIaaIypPOrFGkrrzRZjKDwNt8. Statuscode 200
Durchlauf 268 von 810, nutze Token pman3V3LiCKNuTqpyaRrOpo9OBtDobHOKpGjOKNs. Statuscode 200
Durchlauf 269 von 810, nutze Token 856tOiMtTNndau5BKoQ4QCZk49oaCTaiBukCOCWa. Statuscode 200
Durchlauf 270 von 810, nutze Token 2RnJt4iSwoysDF44qXiKsWLI5JAlCJelKpQdVYy7. Statuscode 200
Durchlauf 271 von 810, nutze Token z8LkD5mCKpbKrA66HQOvbnUd3CLlIPLwl11YOBLo. Statuscode 200
Durchlauf 272 von 810, nutze Token U52fiwuYRzsGjcjqangah9i8dwx0DAsmFzsoneLp. Statuscode 200
Durchlauf 273 von 810, nutze Token SM1AxExz5NfkZhuiruL886r4gYpgrkrzCyObDJuq. Statuscode 200
Durchlauf 274 von 810, nutze Token OpSnjnExSkifLc3KSdpbtiWEZp3muBzLhbcCd8Dl. Statuscode 200
Durchlauf 275 von 810, nutze Token qac3NhKBUw3p7XC6OXHKBXhw9JyXAV4SyXUnAaJV. Statuscode 200
Durchlauf 276 von 810, nutze Token 8P7WBxacFwK3ZnpJEtJ8TVyJd2r1qxMOJq5DFo6v. Statuscode 200
Durchlauf 277 von 810, nutze Token 41xXMEWf5LoS7JpNFsTW8nKwVRJO6ZMsN33lMp2H. Statuscode 200
Durchlauf 278 von 810, nutze Token 9nkGh1YazckyiRSfwryCXAYixAtiQlZqy24AYLTY. Statuscode 200
Durchlauf 279 von 810, nutze Token UgtdqMyNwQngIKWlil9dxb0E6g5pUZ0oJfBFHoxi. Statuscode 200
Durchlauf 280 von 810, nutze Token grFk3QdS7b3ehkuuyl4aJAERZQoS7cX2WoAFbz2W. Statuscode 200
Durchlauf 281 von 810, nutze Token eG5nhnPoX9MXpHbDnZ5sO1rGoXwE8rb4FNpi49Cz. Statuscode 200
Durchlauf 282 von 810, nutze Token zGEsiPP8PawFxNJz47yRgrm9f9aBsnQ4Xg9PBKCX. Statuscode 200
Durchlauf 283 von 810, nutze Token 59JEF622SFavhO1NmEPlS5ENVUbRgB7jxVJNwW26. Statuscode 200
Durchlauf 284 von 810, nutze Token Rmq1ydHw3rQEi1M6BGOPvbRGgJNoMRlH7Wo6wQl8. Statuscode 200
Durchlauf 285 von 810, nutze Token I4En8tpGbmBISUBD5EHUCgRnnTwEs7gxTxIB854E. Statuscode 200
Durchlauf 286 von 810, nutze Token Uc5QPHOLy5ewGbCPyWxtOoDjJ5YRSvotRbBcCTgX. Statuscode 200
Durchlauf 287 von 810, nutze Token rbM2qm5opLwK3lilK8GncbUmBg6lb2pPtm85zTmO. Statuscode 200
Durchlauf 288 von 810, nutze Token i8UeV4kJPgFA2ffNUFfNMj1Zt6nD6muDk05h2KaN. Statuscode 200
Durchlauf 289 von 810, nutze Token uO9ME1RXVgv2sSVDsH3TUR5pnHiEDn8lz43kJ8So. Statuscode 200
Durchlauf 290 von 810, nutze Token DvQldlMvjTQjfzQSIZVViALys4oIYtN51PipovRS. Statuscode 200
Durchlauf 291 von 810, nutze Token 95XDmOteyrEcQ5889DIJrPaD6mXcXdVkve3oDlY3. Statuscode 200
Durchlauf 292 von 810, nutze Token S1enRqVj4Pyh1OScr2FmtrN6lZuyz73WiHu8Hyhu. Statuscode 200
Durchlauf 293 von 810, nutze Token NyBRjfT01DJGhbkHqPxZF2Y4qXmzgxVxSXsauao6. Statuscode 200
Durchlauf 294 von 810, nutze Token LWcw93LaA9UQ7xeDy7br2zQ03sBjEoUWlpu6AvST. Statuscode 200
Durchlauf 295 von 810, nutze Token IuTubIYrQXOliU7HvgOzPIyG6hVH75TBkmwOEzlq. Statuscode 200
Durchlauf 296 von 810, nutze Token BYqgvbWgth8En9apA3sZSUVToJHq3FdzoGX1tsJP. Statuscode 200
Durchlauf 297 von 810, nutze Token TK4znCyPYpYPZ0o87t2lwLHtQFhUze19V1cc3w6d. Statuscode 200
Durchlauf 298 von 810, nutze Token diyDCKe5c3lWhg8J02b9MxEx4lKw95aL76vwBiAS. Statuscode 200
Durchlauf 299 von 810, nutze Token tJhsQGhChJVxQfzT4YoTrks1o9z0wzq4JePWKTur. Statuscode 200
Durchlauf 300 von 810, nutze Token flrXNOZJ37drNzyHsHXsOd8DYp6rWlNzNpnwXBGj. Statuscode 200
Durchlauf 301 von 810, nutze Token 0wltEjAAmFtVoTqsaQqnZcgCmOI3MiEkfdZBvILH. Statuscode 200
Durchlauf 302 von 810, nutze Token AgUyRaL2TMpIpmdKYnQZNKh1VETbvozn9FPsWu7R. Statuscode 200
Durchlauf 303 von 810, nutze Token Nz2i4wwRDxSDCJq3ooxNAoBG8ItfBlENkanywygh. Statuscode 200
Durchlauf 304 von 810, nutze Token fWDzURpBpWLoZkQSoxMtuCfFi2iHBxR1pWva0agF. Statuscode 200
Durchlauf 305 von 810, nutze Token Mae39tf0ATg82srrMom89QGUOJ4Q81W0nibQEBeD. Statuscode 200
Durchlauf 306 von 810, nutze Token e6FfGaojJRZ2sEPvtIvUE4W9JbFZLKXOl8Dh078k. Statuscode 200
Durchlauf 307 von 810, nutze Token d9SOolhy7zeuMjhX1B4zOpTEICYdUMTfbWhi37sl. Statuscode 200
Durchlauf 308 von 810, nutze Token EnfsOqxyTyJefbNd6BAdFyLa23tTbNZdZDWKWP79. Statuscode 200
Durchlauf 309 von 810, nutze Token apawzkqRCn6NvZIQMnGakkgYfw0Mksa3tvFTmruP. Statuscode 200
Durchlauf 310 von 810, nutze Token hqzARRudf6Fs95oAV6AjWZZgbD7gg0H8K8X5S1Cn. Statuscode 200
Durchlauf 311 von 810, nutze Token PDA02bt1LZtCuuDgBHfFn4T7pQoANVVwJNEgHHKB. Statuscode 200
Durchlauf 312 von 810, nutze Token 7HhkYTNNq4qjEkdDQtDzoCpIoV2MdSmNUAcB85IA. Statuscode 200
Durchlauf 313 von 810, nutze Token xjP4tUXXBVBYbVBulPRuRPrEJCswfj3vDFBIaGXu. Statuscode 200
Durchlauf 314 von 810, nutze Token A1otb0OofSZVjZC88cfHukpjez0ICpg3lgcoHNn9. Statuscode 200
Durchlauf 315 von 810, nutze Token 1cKHw7n753xTAu3DLNgbpXMqn5ri2O8iw2BNi3tm. Statuscode 200
Durchlauf 316 von 810, nutze Token AhbUKg2m0ALnMGUNDaUGxaHaqghiqF5zlRrJVoHQ. Statuscode 200
Durchlauf 317 von 810, nutze Token vOTYzm21AmZGyVpz0UEJhfGCMaviNuaZ3Hlu5h0C. Statuscode 200
Durchlauf 318 von 810, nutze Token Ob3xTYqexQh9YgsR2xeUmYpgBUrDTjIpqgDenWBB. Statuscode 200
Durchlauf 319 von 810, nutze Token MeHz6TuZr1ksqTNOXnb2N5mjjWDDnOhVFCoIXu86. Statuscode 200
Durchlauf 320 von 810, nutze Token qZurX2FH0ZeynyjUySXB3Y6e5uHjDJg9XxuMDP81. Statuscode 200
Durchlauf 321 von 810, nutze Token xI5VKKZVe2wCePslWgYO20U3KLpOTG0tBzU4n9Ch. Statuscode 200
Durchlauf 322 von 810, nutze Token gpYXYj1P1gSvOVGQEDd2wzrfiPLtCuhtDvCZ8Rhv. Statuscode 200
Durchlauf 323 von 810, nutze Token JAkuTyNbcJwzls5zd8edS8mmHcq1LKsdKALmwku2. Statuscode 200
Durchlauf 324 von 810, nutze Token tA4rIv9I04Hb2eqAWF0VWWYek2JeIIG45MtDVeH2. Statuscode 200
Durchlauf 325 von 810, nutze Token X37XJA51UuvIQ5f22doC4zbRFWb4J3P5UrsffM1P. Statuscode 200
Durchlauf 326 von 810, nutze Token pizLmmcOypCoCPmhNLxJ2diRUI5Qze8F0CJrDqLE. Statuscode 200
Durchlauf 327 von 810, nutze Token cC2kBzKzSG5K32Sh5EXXbYPclIrVdz5YADrEGN5M. Statuscode 200
Durchlauf 328 von 810, nutze Token yLus4Yp0gNgcda1K7eDVqRvF5EjFir3SGHhhfmrh. Statuscode 200
Durchlauf 329 von 810, nutze Token Zp5hQy4WMLs79X2bx7JIsLZUQNGhyA1gwyvg3Kir. Statuscode 200
Durchlauf 330 von 810, nutze Token mje16QvBBHbM6dToCZBO5UKqDjUsonR5QaQbDK2u. Statuscode 200
Durchlauf 331 von 810, nutze Token 46Br9ilezefNtNWiZUuJtnW4JWGsQBihNMtdzJUw. Statuscode 200
Durchlauf 332 von 810, nutze Token EblDw0u0T23cg6acsRBgrTZ00t2zKh6NRdPxBFgH. Statuscode 200
Durchlauf 333 von 810, nutze Token B4MOLYvgn5hpl0EL9KKlPgtB9IfbYIIqXz5SFJO1. Statuscode 200
Durchlauf 334 von 810, nutze Token 58O5fWJ1GymfVHpADx6tmPULq3abpC2o2bhTZfD3. Statuscode 200
Durchlauf 335 von 810, nutze Token tywoAZW5DqOQVbiOxbdx0ZJb08J9YoaYUfDBzdna. Statuscode 200
Durchlauf 336 von 810, nutze Token sx7J3hG61qH5kuINX3kSW97gXlRDMDiV5ee52NFr. Statuscode 200
Durchlauf 337 von 810, nutze Token krdh1zw6WSFvE7b1Pd55aqT1sReI3NIcEdBQfzaA. Statuscode 200
Durchlauf 338 von 810, nutze Token Efvr9aDz4Qu0syXFCXSHe7EoRtykFj3URD6NPFLA. Statuscode 200
Durchlauf 339 von 810, nutze Token oe3BBPXhf4BpKk0CZfKMbqhSlmWfVLVfCR26EhlD. Statuscode 200
Durchlauf 340 von 810, nutze Token ep7nSRapkB6a4Re7ik5m6hF6affqJTQ2ejc5vXqf. Statuscode 200
Durchlauf 341 von 810, nutze Token ZqnF4hlXw2sPCDKqllxnSCoyDeNA0kcOukb2mWE1. Statuscode 200
Durchlauf 342 von 810, nutze Token kWUvtuiUdr6OAP1Nk06kqmukqQvRTwnYXjQM2yE1. Statuscode 200
Durchlauf 343 von 810, nutze Token FQgZAllORfdTOGQK7LXR7V1RCqqiAM12PeHjdHl2. Statuscode 200
Durchlauf 344 von 810, nutze Token xsdfzYzYQwjmjjnfUl0u5vW5bC1Hz9WX0d0h0Ne5. Statuscode 200
Durchlauf 345 von 810, nutze Token PRfgcFafzO3aQFScKkIkhOCHDp8zaXVq8hk5lJXw. Statuscode 200
Durchlauf 346 von 810, nutze Token k6gVip3OdXf3fCpHSckDMQvK45sLWnD55UMNcrGC. Statuscode 200
Durchlauf 347 von 810, nutze Token KMIffP6vgJucvXkJxpi78LwqJOWw7RgkRBaZT6SH. Statuscode 200
Durchlauf 348 von 810, nutze Token 5Qq6pBbQd66wiaEz5Cyaz14ul0qly91bdkp84UmJ. Statuscode 200
Durchlauf 349 von 810, nutze Token RHp2W4vwiAShROLirGA7GYU8QMJux7ughtb7h8ue. Statuscode 200
Durchlauf 350 von 810, nutze Token KsUsWYaFf8H9krgt9UjenkQVIfcH1maQBfrU2qUb. Statuscode 200
Durchlauf 351 von 810, nutze Token NwGawlau9qkImi7ffrE1LIKUWSSEg8loNYq83d4Q. Statuscode 200
Durchlauf 352 von 810, nutze Token O8d9LeBuvRlGOdQWHMgsOXlA3EPtZrOJUM9zbcQe. Statuscode 200
Durchlauf 353 von 810, nutze Token y1osT8RJIc2Y1DUdkHNjXWDoJ2T21zQqB7YvKXIv. Statuscode 200
Durchlauf 354 von 810, nutze Token LgidwZ1xZGN8TzQjiUS2NcmkV0ZOa8bbPMl4GFZC. Statuscode 200
Durchlauf 355 von 810, nutze Token VAa7DdCasZt2lXEiquYsv25JrwYqvQUbH7fHweFK. Statuscode 200
Durchlauf 356 von 810, nutze Token C8NzEyeC3Dh8dOFIKChYmjgD7NUx32uqH0ifjXo5. Statuscode 200
Durchlauf 357 von 810, nutze Token 1Y9rYbcKWp9PaqJ2fmNbFiQzWfYs1kP6nTQUubLh. Statuscode 200
Durchlauf 358 von 810, nutze Token QwQ9I2GqujRTil0FTYU2SNMzrcaeOkOoN3r4lrUV. Statuscode 200
Durchlauf 359 von 810, nutze Token 37HgRJIiimIEQBmZhnDDVxREqqD5FE9UmSVgyseH. Statuscode 200
Durchlauf 360 von 810, nutze Token Pp97bcx5MFR96V3GcNaOVIxqMEhPsvCP3sul76vb. Statuscode 200
Durchlauf 361 von 810, nutze Token 9XL3iLSMZXq1BqtNN6rKoJh49m6YC635I5rDg2RR. Statuscode 200
Durchlauf 362 von 810, nutze Token YRqbrlpQqMHZ20dCkyuaTVBEQsQfUu9uUJUk2GnT. Statuscode 200
Durchlauf 363 von 810, nutze Token EXp0CkoluF2eNnuVfd2jioUEVhx6Fj2IhhQRKGTD. Statuscode 200
Durchlauf 364 von 810, nutze Token hNxVcR9El5C4spFMPECsWKytRDpPkqEZDDQESzC4. Statuscode 200
Durchlauf 365 von 810, nutze Token ujbEXGY9XR0kZrnkgOzcA0esvw9fG1OXiXihvMzr. Statuscode 200
Durchlauf 366 von 810, nutze Token ghSXmpU8FL0haJxD8VcjOehaR6YcH4kV1G615BQI. Statuscode 200
Durchlauf 367 von 810, nutze Token kPTZkzctA63Fwtty1Lb4UDvhHtuNbQZciM5itYhz. Statuscode 200
Durchlauf 368 von 810, nutze Token Khx5hAOk0T9ZzxjKzLs1k36gkuAcrzOH5YtuDpAk. Statuscode 200
Durchlauf 369 von 810, nutze Token X2ffiJW1fdbkLhgzY3BNZAUnsCazOOMZtMrr1X09. Statuscode 200
Durchlauf 370 von 810, nutze Token DWGDnSFwdCoSmmrtLtQW7s20O1Hpd1YIRGrNTxLJ. Statuscode 200
Durchlauf 371 von 810, nutze Token AAcvzGDzMBtOaUOZsZ83zP2DRakxfjkQTp7UkpK9. Statuscode 200
Durchlauf 372 von 810, nutze Token bu1GXWGQbiwbwA5VCdbXrSP8oRPihp8UkUIoALIb. Statuscode 200
Durchlauf 373 von 810, nutze Token ZBhUHO4vGMFixCLqTFuaH4pvWTa7Tz67ucgk0TSV. Statuscode 200
Durchlauf 374 von 810, nutze Token o7g6I3t5r65iBVyNDCdjuLqGTucZh9m87lv5LIJ8. Statuscode 200
Durchlauf 375 von 810, nutze Token nqPmMKrptQ6pWpbCXgm5JIxTYgB0hpQSlMlydndg. Statuscode 200
Durchlauf 376 von 810, nutze Token er64TaePtUEnKkcIqPGvRHxtf8b0XjoEFxlpX62o. Statuscode 200
Durchlauf 377 von 810, nutze Token AigjNMTU3autE6Aedgw1Xn56DAYsQiLZB5zQkqmz. Statuscode 200
Durchlauf 378 von 810, nutze Token d5dMm4tt1LKjIOw35TV9EvEqtCb8yN8qdL6pHB5Z. Statuscode 200
Durchlauf 379 von 810, nutze Token Ttgq8RpkaFhN0ReyezbFfEJwPLRtX7sjl9Vvykz0. Statuscode 200
Durchlauf 380 von 810, nutze Token ZAvnMjY8SFvwcOTsAOnTcAAHCNI1GCBcPPzI7gKY. Statuscode 200
Durchlauf 381 von 810, nutze Token mrLJ6pfrDuh9HVhqDvFiSiqwXR1DYCTnqW1s98Di. Statuscode 200
Durchlauf 382 von 810, nutze Token FVqBn7aMwC4TQX8muOleHcLQZK4bmIyBBHgnkoSj. Statuscode 200
Durchlauf 383 von 810, nutze Token WBX6dxUGwfcGZClsqDPPhSL6uvPDfuGRnox77DPJ. Statuscode 200
Durchlauf 384 von 810, nutze Token tETFaqFD576vV7uBuR0mOgIT5RUedFdS8jXBWifb. Statuscode 200
Durchlauf 385 von 810, nutze Token azQ6NaqIjH4WLVLbTuQxYk31LUkE1o1tJA0sxLDW. Statuscode 200
Durchlauf 386 von 810, nutze Token k3K4Y55IZwv30gbVbPmanqUMgYtWIpqWprcI2EKY. Statuscode 200
Durchlauf 387 von 810, nutze Token 4Cvw401lCb7gcHI4ZgHTyBVxEkuQkCL0lJf7VjP5. Statuscode 200
Durchlauf 388 von 810, nutze Token 5Pod4FDNk6pg1P7r382qC2OXRlIEAc3BX8BkJzGa. Statuscode 200
Durchlauf 389 von 810, nutze Token uglv2FTXES82hZ5SW15Ma299nUJd5qvI1BoarKtn. Statuscode 200
Durchlauf 390 von 810, nutze Token CRVYlFxNvSUPZmF6hyQjH6TXmMjndOPv51oGiELm. Statuscode 200
Durchlauf 391 von 810, nutze Token qfiuHmY4XKwEkicAmlNvlfkUi7Ww4UtTJ9lJwyet. Statuscode 200
Durchlauf 392 von 810, nutze Token ZselH8KEqcMwu1YCpOBCWzNPYlb5w5x8VNS8YD2c. Statuscode 200
Durchlauf 393 von 810, nutze Token DVP05q44vYTr58gn1YwVcWUPT1YVAmvwkxPgZ1RW. Statuscode 200
Durchlauf 394 von 810, nutze Token BlGaSGVxCtzKM7ILSBvCmuffJSS3ZfJDviMrwqIb. Statuscode 200
Durchlauf 395 von 810, nutze Token TeAYzsCkpOLa6YcFA98W1mrmwvKtIYm7Pg23qXur. Statuscode 200
Durchlauf 396 von 810, nutze Token 6aotU8OIXsQjigBHXrCHiSPlwtTTywfBXN0DexHd. Statuscode 200
Durchlauf 397 von 810, nutze Token pOdyjcGJGJL477RgsJ8P8O2XWgcltJbNsAe9mOVx. Statuscode 200
Durchlauf 398 von 810, nutze Token tkxzG0iukTE1vSgrGKX2AIQYXmNQQ6xtNCCK3GmK. Statuscode 200
Durchlauf 399 von 810, nutze Token v1pyedBtk7wt3zkGZDiXQOoItDCIJKncxbk4vPCT. Statuscode 200
Durchlauf 400 von 810, nutze Token DtKHSxdUIF9yDRvYevcN0k5GWYlt4TCM3TR8stGw. Statuscode 200
Durchlauf 401 von 810, nutze Token WTEftAA4s2WFXJVl7pEjynl42UP69ykfa0vWyPL2. Statuscode 200
Durchlauf 402 von 810, nutze Token Lsh1ZVJgXn9YaqyuTq0d9TOZoTnf6nYOrsKSUrpp. Statuscode 200
Durchlauf 403 von 810, nutze Token G0AEpkb7Ir0AkGqf7gtdkWbzpaFnnYbNepTEfbdN. Statuscode 200
Durchlauf 404 von 810, nutze Token Kc9grsaV2w7WElkbNMtbwgdhYi5K3lcZDRekyJvM. Statuscode 200
Durchlauf 405 von 810, nutze Token q1KrJklwwYZI462slb72tOM0gmQ9kCZ0ui34bNRq. Statuscode 200
Durchlauf 406 von 810, nutze Token y9fhqigVFtREW1iOc7YZ8rBt4j5yb5yQEjxf3ZAW. Statuscode 200
Durchlauf 407 von 810, nutze Token pgllURd7U6gmfRbcTABdK4FYHNYVgIkrAIRYEpRG. Statuscode 200
Durchlauf 408 von 810, nutze Token i4fmXJKqsU8Qn5foMihJNl2uMLZS21J2NGejbFK8. Statuscode 200
Durchlauf 409 von 810, nutze Token FiI5A45R6llhjIVNje3icpcmxWSZxNt1N8c3s9cL. Statuscode 200
Durchlauf 410 von 810, nutze Token yAZ2SxxasQEARqN3DyIYFtodMvHp4lIgIjXI0OZ4. Statuscode 200
Durchlauf 411 von 810, nutze Token tIoQAsijO5gQApBQLpOZiBCgGzq6pqQfCmxbuFRa. Statuscode 200
Durchlauf 412 von 810, nutze Token fhjvUGLfaFR4na6RNEyk2W5m7Mnb5P84X3Akzvoo. Statuscode 200
Durchlauf 413 von 810, nutze Token kiYGurMvfHoI1wi3YRfxiQ3RqKBK1B7sdHfdkVBV. Statuscode 200
Durchlauf 414 von 810, nutze Token 5fs1Q9HMOnI6Vku2z49iDYsXo1ggIqQB3ENv93Da. Statuscode 200
Durchlauf 415 von 810, nutze Token 07hts7FcxxkbCqgQjMkf4N7NR1k0jGHsH18tYjwd. Statuscode 200
Durchlauf 416 von 810, nutze Token yTWFkB99I3k8SEhNLCiP05ZhUHhnAd79FLRSyw3V. Statuscode 200
Durchlauf 417 von 810, nutze Token clebiZ1kdwifZhG9UCFfoBbjcC8UK0kwYqgfvOpT. Statuscode 200
Durchlauf 418 von 810, nutze Token 9tn7zOMjDOE98cuByCbD3wPzxvrkOx3Yr2FW7Rhd. Statuscode 200
Durchlauf 419 von 810, nutze Token LGHD6nPODeznMLjLegP0cD3Olo5VQvUiGkPCE1gH. Statuscode 200
Durchlauf 420 von 810, nutze Token dUZqH4ZDtKRXmYu1EYROku6GWjRwFS3s27O1PGHO. Statuscode 200
Durchlauf 421 von 810, nutze Token 0vnt18rYozGwjlo6z7dmTqffJ2V9CTpEMlnC7t6P. Statuscode 200
Durchlauf 422 von 810, nutze Token pEt9q2DiIv8NmkR0Q1RryMvzWqdCsv7FPz0GkXUZ. Statuscode 200
Durchlauf 423 von 810, nutze Token y8YeQSMZGo9QIU9UZtIP95K2x7u6aE4TBtbcdegJ. Statuscode 200
Durchlauf 424 von 810, nutze Token wuw9P3zpcAH6fay9HWdiVV4yNBmfPg6256d6h50n. Statuscode 200
Durchlauf 425 von 810, nutze Token XZnhycVhCtvQcyqIufbuvIhku5hjWcjHObbBFfdl. Statuscode 200
Durchlauf 426 von 810, nutze Token lLwAugTY4BlR6lJTkSMQy1fAKc4ZhhhAUemZ7wMh. Statuscode 200
Durchlauf 427 von 810, nutze Token 8c5UIaoGqz6dTp7TRsp0A7bck8hJkLecGYCulr2S. Statuscode 200
Durchlauf 428 von 810, nutze Token l1pCD1itVsZWlUjRc6fvvlZjIoqthi4N1hbMr3uq. Statuscode 200
Durchlauf 429 von 810, nutze Token r2bBD3XxDV6MRZ8jGuRICZFWZsIu6Z9sReVbIPNA. Statuscode 200
Durchlauf 430 von 810, nutze Token XY5XXzR9eR1enA5XJKWbAnkX2uQmNtu92Zm7ZaOf. Statuscode 200
Durchlauf 431 von 810, nutze Token TJ9i3aSO54GPfXv5O5SoRKECrUxlXYiEEiObvx52. Statuscode 200
Durchlauf 432 von 810, nutze Token PVzAXyssyn4e29Vl1CBN5YJoVJxHWLzDFvmaB54g. Statuscode 200
Durchlauf 433 von 810, nutze Token qgBmHUbyJIXhzCaPrHkPcfz38G9aXcjaAXE9c9rd. Statuscode 200
Durchlauf 434 von 810, nutze Token OM92W18MSh9r6yzwdsPmdyIRr0kyuHnFcSNUxRly. Statuscode 200
Durchlauf 435 von 810, nutze Token ojNeMw7nTsUnp42cMsIgtBRnbECb0RYJgPYqwQPs. Statuscode 200
Durchlauf 436 von 810, nutze Token 93VN3nLuuWNffo23NKSVMZUb20WrEmCFZtVSFaIu. Statuscode 200
Durchlauf 437 von 810, nutze Token EPt6X9wWNVSjlXhnXf6LP07ekbElMtuPPHBcx67I. Statuscode 200
Durchlauf 438 von 810, nutze Token dhookKqDgiLq1Tzx54GUro60zBbftLuhXyFJZfJj. Statuscode 200
Durchlauf 439 von 810, nutze Token al2Q1l4iTn9cCkzfm3TaG1hxhBdWVnxh6Z4kNMco. Statuscode 200
Durchlauf 440 von 810, nutze Token w0Yk4xIfJn4QFyhAhichGL0C9hcukkzkxNeIZnwj. Statuscode 200
Durchlauf 441 von 810, nutze Token 7iVmHTLF5Hd9MCS2YajYvxRKNS7awoa1avislGix. Statuscode 200
Durchlauf 442 von 810, nutze Token 7JnMZTcTBzMPnuTR7T6gnHjffkB4UdcmSvHmEUvf. Statuscode 200
Durchlauf 443 von 810, nutze Token ticbdeehZcGoeij51yWBPPIaExzzmkMYm7vyjL0T. Statuscode 200
Durchlauf 444 von 810, nutze Token X7MyvmlQfopFyIFis6hDaQt3uoB7xunEsRyypoCD. Statuscode 200
Durchlauf 445 von 810, nutze Token EahGGbOu2MMVgGBAnrxgGNVprQE03znaE6CN8iVO. Statuscode 200
Durchlauf 446 von 810, nutze Token aFdun5UOXrKecZfP7iU7Gh1wVIJafuyW8NKyaebK. Statuscode 200
Durchlauf 447 von 810, nutze Token WQ3HyLPH2CJgkkJZwxXDd6BmdPF6mZEcl48qHsmh. Statuscode 200
Durchlauf 448 von 810, nutze Token BtF13yrxuP2Opeda9tdAmQTVNfocV2nCkFTI203l. Statuscode 200
Durchlauf 449 von 810, nutze Token V6UzjrNAuNrzLXBC2SG9EwCOtodomptArJB5c4Bs. Statuscode 200
Durchlauf 450 von 810, nutze Token G3FBzZdYrq47ACwLy4ILMpU9AXoNFJAUvpJzjFEb. Statuscode 200
Durchlauf 451 von 810, nutze Token ShfKZVPZHtAvPkpFWf1SDEYSx1KjcBkB7VyLHCYr. Statuscode 200
Durchlauf 452 von 810, nutze Token PtUeig1k0vwcUzqVZHBt5lVUCqs8pflTRQXo7svU. Statuscode 200
Durchlauf 453 von 810, nutze Token 1eifrID3MAav2OkjJjdLh5d823SEuhn9Fv12v1gw. Statuscode 200
Durchlauf 454 von 810, nutze Token 9mg40aUjk7tvPcp7kmsJURwmmz3L9ODN70K0LjbP. Statuscode 200
Durchlauf 455 von 810, nutze Token 8uZNOiiYQZho1zO2qwRep6U55pjZkYaYUILpikRX. Statuscode 200
Durchlauf 456 von 810, nutze Token zEWuVKQXQzHutGsFaQAYPq4Vg3JYJRmRFyd6erVh. Statuscode 200
Durchlauf 457 von 810, nutze Token 6OpwGuX8BXOEu9kcl62DGrcBkZjCTnzx2ZrR8tjK. Statuscode 200
Durchlauf 458 von 810, nutze Token Gk9exm4CvuMJ7YymJjLQObNAMg3zOhrJANSbmDhl. Statuscode 200
Durchlauf 459 von 810, nutze Token vAHPPAu3EtbcTiWJcVzmmNmtCSzNW0a3fAjemdSl. Statuscode 200
Durchlauf 460 von 810, nutze Token 7jYCAvIJJbpkvXf7dtAnrDHjDw3yRxDAOXnU084V. Statuscode 200
Durchlauf 461 von 810, nutze Token 0308quA2ysucAF2lFpvoibdIf535MO84HkIy9jFF. Statuscode 200
Durchlauf 462 von 810, nutze Token z68rBxuY26dywHrEOdKONawlZUWxmQyRqFdYQdLI. Statuscode 200
Durchlauf 463 von 810, nutze Token NQzOqvUSFqeYBetnCQQBBWxUWb2MtIIetvo0t9Fd. Statuscode 200
Durchlauf 464 von 810, nutze Token 4w1C07fHILpHKu4uxCeqVVJQJOqzcN0xZJJKy383. Statuscode 200
Durchlauf 465 von 810, nutze Token UEc2iX9f91horx01q2vdKyf6ssdS1lV5qJAv5Baq. Statuscode 200
Durchlauf 466 von 810, nutze Token YAUarIAsxyzZJOgqi46adtpzxzNsoeiqcThQMxK1. Statuscode 200
Durchlauf 467 von 810, nutze Token koFL7m6dSdnMNscnYwVfTbw9TzWnpC4r9Ue1sBMT. Statuscode 200
Durchlauf 468 von 810, nutze Token xj6r2BMhNxzhNONtwEZGjZsDZ4AXzx3IRz1AGXzw. Statuscode 200
Durchlauf 469 von 810, nutze Token 1c3Uueehx0N2E1q6HUCtYRC9cJddTkhqwiXN8Q4I. Statuscode 200
Durchlauf 470 von 810, nutze Token 5xk2tmOldAIAZLQfsYG3skWm0sTTaqcmh7Pzpc3b. Statuscode 200
Durchlauf 471 von 810, nutze Token q5fyCg9m19AzcDHeJAXsdqCKOyERWTROKM5Cpiuf. Statuscode 200
Durchlauf 472 von 810, nutze Token 7tWNdVTM0ClTveBJTWapkUzRuxdwbzcvbuPHERiT. Statuscode 200
Durchlauf 473 von 810, nutze Token 0MiQXUGh980udpK0ZozoZbTXWvbXANE23iv4QKLP. Statuscode 200
Durchlauf 474 von 810, nutze Token TRAfmAJzDpfk53NmqtZhLKZZMklLXnPzSLLBW4ur. Statuscode 200
Durchlauf 475 von 810, nutze Token fiECpFh2t2ev4rsrhZL7RmcHrnm6mRqEUw1HDq9x. Statuscode 200
Durchlauf 476 von 810, nutze Token MGK6bJ2ArQEsV4EtlkVYRvuexVi6mDDUgiVSavWv. Statuscode 200
Durchlauf 477 von 810, nutze Token nVyj7Cw1nxfCvJWDYQ3A7UCvzhGk9mXPNpwb6CH0. Statuscode 200
Durchlauf 478 von 810, nutze Token mwGWeMy3PunNYYKDKnfA7sOuaY5k1zCv7MNZBSVZ. Statuscode 200
Durchlauf 479 von 810, nutze Token ZVTRNm4zlW9wlJnEYgfpJU7WHkvDFyJ69gvZcqba. Statuscode 200
Durchlauf 480 von 810, nutze Token 8EPGaASKTd2OooLzZvWGq93bOAE04qQi6jEALbxN. Statuscode 200
Durchlauf 481 von 810, nutze Token i4bdZ0lId79j2gx5Rjd9xyH9vH4pd5Df60D9xtSI. Statuscode 200
Durchlauf 482 von 810, nutze Token wcCkPkS6TgabvLLnvUwpuEjtYg5MliryKBkO40B6. Statuscode 200
Durchlauf 483 von 810, nutze Token 5IQN6LbZTEeNQO0LtrvSlE611i9Suzt5PYdX2oKZ. Statuscode 200
Durchlauf 484 von 810, nutze Token V62u9ZxRoL0ugJnNBFl2VzaZOZ5hYYvtQtxeL2vK. Statuscode 200
Durchlauf 485 von 810, nutze Token XBVuJr5mPzZltuL6OZsvIMPHxRaiW2tqrTfu7V3Y. Statuscode 200
Durchlauf 486 von 810, nutze Token e5X81a34qnqnt3fHPkiIa9zWseQ8ShsUqNJAvgNg. Statuscode 200
Durchlauf 487 von 810, nutze Token ljK3Y7xJwaIryq4FOCYUOVxSNcIBPDod9n0TbAx6. Statuscode 200
Durchlauf 488 von 810, nutze Token EIHBN8QuSTzOHuvKqxypeoa7tZaVIoWMIUSR5lyp. Statuscode 200
Durchlauf 489 von 810, nutze Token fkWvxbqaay6RY6nclXkOBUJwnz1gwtHJurxLZF8f. Statuscode 200
Durchlauf 490 von 810, nutze Token HrM39IYC4fXyIo0otMCPPQ04qXlSDyGJgGQYeD04. Statuscode 200
Durchlauf 491 von 810, nutze Token xAlEbWilaykH4HooHs9FnhAQ9xy83zx7Dz4b2S5I. Statuscode 200
Durchlauf 492 von 810, nutze Token vee3I5YhzmwsvpCqNzym4cpuO8pYoZevnd78BZ9P. Statuscode 200
Durchlauf 493 von 810, nutze Token HFDgi4bk8goCI0NVY9Hf0j5dqLmiSRRik59bXqVM. Statuscode 200
Durchlauf 494 von 810, nutze Token hyxre2xElCpqoIFUzTv0sUiqTxQHaLa5Fw3CEkzP. Statuscode 200
Durchlauf 495 von 810, nutze Token PIZDrqUexGaNUYH6UwUpV5Uwu4YS8Y2FDJIu7Stp. Statuscode 200
Durchlauf 496 von 810, nutze Token qwlN5ZoW1lkpJnEg4kdn4m3BOceGwaAXPrZZZP2u. Statuscode 200
Durchlauf 497 von 810, nutze Token MPRl4YODgmJrubaRYG3aIw3XQqjlDDT6n7gQMXFG. Statuscode 200
Durchlauf 498 von 810, nutze Token tIdxVnITyhddYYfrCFR8UrIm8akamIS3qgqf5IHK. Statuscode 200
Durchlauf 499 von 810, nutze Token mSy0TrN33x6tKNxrchFbm5dPOY4KfvuwclcCBv2Z. Statuscode 200
Durchlauf 500 von 810, nutze Token fCRRiajUzmvj9zTVMYV6d0MRHNLxjNLAeAcsb07o. Statuscode 200
Durchlauf 501 von 810, nutze Token vvIuzD6yxSuQAmeDSMcDang3jgzftK6Zyu2BupnR. Statuscode 200
Durchlauf 502 von 810, nutze Token 6R9FiYi7j9chC2h8VtilJWFlUID8LWt8YWhdIk3Q. Statuscode 200
Durchlauf 503 von 810, nutze Token gu7L03MFJJdysTI3SGvhAmN6X0DVxf0pqXMSDpAf. Statuscode 200
Durchlauf 504 von 810, nutze Token de7Edl0EZtV4AbuyLZ1Qj7eAyz2txr2wpNCvVIan. Statuscode 200
Durchlauf 505 von 810, nutze Token PqZPJxldyRBSLveYeTOWSMtRyo7mDhLLv5EznfRi. Statuscode 200
Durchlauf 506 von 810, nutze Token kFfotZii9GXAw82HLlDTPHJKlap5akDKX05YNFEp. Statuscode 200
Durchlauf 507 von 810, nutze Token 1nifDKVDrv3wGb2OCOMqILarB0mOrtnHHkraJIGX. Statuscode 200
Durchlauf 508 von 810, nutze Token 2J6IFZG0TQcD5l92CI6bDlCTHq3Fu4E4DchNN4aE. Statuscode 200
Durchlauf 509 von 810, nutze Token oXtB4EaYEeYcJZC7vcCZSofG8jkGBAqSGPbsN1Tr. Statuscode 200
Durchlauf 510 von 810, nutze Token TNDgoIU5AYJclLsbLzlPl6HyhitxrCTzGpgb2yws. Statuscode 200
Durchlauf 511 von 810, nutze Token XC6FB18SKCqAVxzFNvOGulx0FI8KkIG4cnau872V. Statuscode 200
Durchlauf 512 von 810, nutze Token 0A69j2PsdiO9J3yk2qatRC8gOwS6HobiXFylbjgx. Statuscode 200
Durchlauf 513 von 810, nutze Token sNrOTyZP9zyu4dvzWDpjLtT3Q4llq0awTyuz62ph. Statuscode 200
Durchlauf 514 von 810, nutze Token s4ooDJEnVKAvYgKSsAURvErgH03OPsf64QaFIgcO. Statuscode 200
Durchlauf 515 von 810, nutze Token yqnYVrQseclmyyy3RIJqMnqm0M7GcO5VyE2i8Knw. Statuscode 200
Durchlauf 516 von 810, nutze Token XOZcq0zoZTK1CXUZjXX18piZbAHsjI6dX1ivaPg8. Statuscode 200
Durchlauf 517 von 810, nutze Token OX7Q1c5x7LVtjBSW7biDM82KI6V6c7GCYu0o9NxP. Statuscode 200
Durchlauf 518 von 810, nutze Token Srf803Q5moPsu3l0eg6BGCzbwEQCfR1S1kL5Iktp. Statuscode 200
Durchlauf 519 von 810, nutze Token h1sKShPPOhCxJAz5XcaDkEVqWKJioF3AbinnpXM1. Statuscode 200
Durchlauf 520 von 810, nutze Token 1NIwlUwuXfwrTTbEEq0nE7gGClCGO6JFGgNomWlc. Statuscode 200
Durchlauf 521 von 810, nutze Token VCWDZ2lYhFK7WUiv42AGeCDG3fH4WFy4GrPIAJjl. Statuscode 200
Durchlauf 522 von 810, nutze Token elpOE8wwblbMOmOOGzk4KGMY5OcTu7ZjyTTFUvUx. Statuscode 200
Durchlauf 523 von 810, nutze Token nssQx0MnGCJNZ8bW9svHp7f0sUB40mVWX4V29tCu. Statuscode 200
Durchlauf 524 von 810, nutze Token G3mNdDWhbyCkNL4klLsuZkUEUug87bx4r8Om6Ral. Statuscode 200
Durchlauf 525 von 810, nutze Token IpegFpGyj5Qc5ClwRw6Mkukii5rwY5m1CvhtUfbC. Statuscode 200
Durchlauf 526 von 810, nutze Token XoyqOgEy1kOOn7E1YxoBGbFyq1engfERFipcQKt0. Statuscode 200
Durchlauf 527 von 810, nutze Token nRCM8GnbxChNmiWUOzal9byrHpbZbTlMjulI6M33. Statuscode 200
Durchlauf 528 von 810, nutze Token jL5vcq4pFdVeLqlvJJUUbVtp08WBaaZjJdB9LgfT. Statuscode 200
Durchlauf 529 von 810, nutze Token MAoL3YAOXV7jLoTezUQudTr2S3QrMfac1zp9hUtL. Statuscode 200
Durchlauf 530 von 810, nutze Token uWg8u3S0ntIIwAGyg5d4zMfzL9bTztt2VTdx9Fdl. Statuscode 200
Durchlauf 531 von 810, nutze Token 5IENufVFKMG6knHvUBcIeFWr94G3cql5YiBCtBga. Statuscode 200
Durchlauf 532 von 810, nutze Token lxfxi8sJ4fdfdG0y2x5qKVlS1Ukj9qoWyK5j5XHC. Statuscode 200
Durchlauf 533 von 810, nutze Token JEmL9VsPpdoTzEnaUkuCtPxN832KQoIKdpUTlxZE. Statuscode 200
Durchlauf 534 von 810, nutze Token fAJI5fJpTVBcWCIiPEijoolku7pb7QEmtCZ9JtC8. Statuscode 200
Durchlauf 535 von 810, nutze Token RHtcdyttmvlfku953T5UVE4RLSraEQE8GZ3NeTeJ. Statuscode 200
Durchlauf 536 von 810, nutze Token WnyOOmn0xLKyucn4LKBIePUY7R3SBvLwsTBLY2xB. Statuscode 200
Durchlauf 537 von 810, nutze Token fwMR8S0FiqdKdnTt6AO0iFJLorbPDVBBBn6PmyOY. Statuscode 200
Durchlauf 538 von 810, nutze Token RRYHpRpcwgjGfZN5lgCK912hINh8sv1UXvwrfyof. Statuscode 200
Durchlauf 539 von 810, nutze Token UXBv2Gi5mkFuyhEsBhuwFNQC2nw6mCGaE4lQss1i. Statuscode 200
Durchlauf 540 von 810, nutze Token DDppBOn2S1knRmEEodVGTRttKwcMEicFZYDxY1jT. Statuscode 200
Durchlauf 541 von 810, nutze Token W2KW9vDYOietZ0m1j0XVDAST0wvHOkNOS7WdiSTo. Statuscode 200
Durchlauf 542 von 810, nutze Token LnSR9BgK4gNgdRMXs42mB0VtimvtHCHBRNMfffjb. Statuscode 200
Durchlauf 543 von 810, nutze Token Bm54wGQ1k91szW1IfhCkWp4QBhjGpt15iqpmmOUy. Statuscode 200
Durchlauf 544 von 810, nutze Token NrFqmEu9SXDWAurlT7s5CyoXGEy2vheyX2odnsDn. Statuscode 200
Durchlauf 545 von 810, nutze Token Z7vQohiQNBtDg4IWF15tMMccHHeOwZZi7mKMmUo7. Statuscode 200
Durchlauf 546 von 810, nutze Token 5lJqxBoPdwCh1VySU1XJaPTxFCRkvB6MvZpNYpb7. Statuscode 200
Durchlauf 547 von 810, nutze Token RqUCRnXh8USfI0GstkLKUQqr9LDfIIYEkQMoq8ay. Statuscode 200
Durchlauf 548 von 810, nutze Token cli0XFFG2DYu109uaa7B55qlEeZBCNvwpq7aRxdI. Statuscode 200
Durchlauf 549 von 810, nutze Token VxVHHaex5RBeTJKXXukNg0MVvEaEXEPS860mdc9p. Statuscode 200
Durchlauf 550 von 810, nutze Token tES01qoXJVMmRQjoKdY4iltmMTMS1LXlUPWj2I3B. Statuscode 200
Durchlauf 551 von 810, nutze Token 2MWmWHg1u3T4gjmEpJHaJTM7R4DpYYdXMFFSvevY. Statuscode 200
Durchlauf 552 von 810, nutze Token TMhMsn78IPDWj9apiDXTGOfLz6H1eeXURJYkQ0lw. Statuscode 200
Durchlauf 553 von 810, nutze Token KJAwXjhkbaDXss9XP22hsXtg5G8QqrIMTKwuagTr. Statuscode 200
Durchlauf 554 von 810, nutze Token MrZnaJiQZro1VC5qft28ZLE0ngyEpdCDewhEFZW7. Statuscode 200
Durchlauf 555 von 810, nutze Token THq5T1IaPX0xdGky2MZ8VmbzPU2Lq62Cu91fgdwQ. Statuscode 200
Durchlauf 556 von 810, nutze Token tZxaO03EpK8o18nO0GswlNHCkMCbgtybcjbOnrPk. Statuscode 200
Durchlauf 557 von 810, nutze Token yMxnRgowse9wW3kJ0iuFB3YxpuNBs7ktnZTMaz6J. Statuscode 200
Durchlauf 558 von 810, nutze Token 1B99cENDG6y13a3u9GcLSG20WW0YgIiOlNDSjo1J. Statuscode 200
Durchlauf 559 von 810, nutze Token 64Li3IgiJhRB5u0nk9sr6q134JKg3eyP4Y0urD69. Statuscode 200
Durchlauf 560 von 810, nutze Token pQkRBlkSI7gdYILj6XzYPzzKGwP2GABf9eTR4XJY. Statuscode 200
Durchlauf 561 von 810, nutze Token h1xCshnnwno2hSk4McgcYMK6nWZeSnDnMrAmclO1. Statuscode 200
Durchlauf 562 von 810, nutze Token ImyfaqYqY6WC4e0ofQvxUFuEOPemycP4i4PWfnXH. Statuscode 200
Durchlauf 563 von 810, nutze Token oyEW9ULwFi5HfalqRJ71SmLmqMHV9kZAQ9HZnjvg. Statuscode 200
Durchlauf 564 von 810, nutze Token 5ftkgek2c1TuwBMvyTS1LSG2TjapizHjkcrgXOLQ. Statuscode 200
Durchlauf 565 von 810, nutze Token Dm2PmPcOD4AF6Q508NJFulfPvxnHfbbqIBhxGgBG. Statuscode 200
Durchlauf 566 von 810, nutze Token Zk5TurLGN4JjLzG7Q5zzSMaA4QdqscsqjoXdkPYt. Statuscode 200
Durchlauf 567 von 810, nutze Token Za9lODCvzl2R9tWHVFyXGUDsagXqXpZQg5FNyIOM. Statuscode 200
Durchlauf 568 von 810, nutze Token FV5GtwvbtBzx9XrfCmwrBLZR8lfW1ppr1lloKNDM. Statuscode 200
Durchlauf 569 von 810, nutze Token TcSMfr5vzIqBh4c2CUBYJRvVnEZyjyS6tgDJKRyi. Statuscode 200
Durchlauf 570 von 810, nutze Token DhoOsOjBQffdtbpti47q6WHLLFliLO4tVx4JUbRo. Statuscode 200
Durchlauf 571 von 810, nutze Token BEel6kJEmef4TGtGj8xBr7QtSdmB4GuDuuDphJLk. Statuscode 200
Durchlauf 572 von 810, nutze Token hQitHzRLLn4OCM50MO9mDB17bh6bAK8TIs1M1nYR. Statuscode 200
Durchlauf 573 von 810, nutze Token i2DihOEem5YhcCI7sMpf6gpKMsqLFaaI3PiHI5d4. Statuscode 200
Durchlauf 574 von 810, nutze Token AOkTQA6uHWlxRoeOkzPZNXRuvH7nJu0c8XuzhuAd. Statuscode 200
Durchlauf 575 von 810, nutze Token XSMJplUH8t68AXZg5uYSVbotuKJ5Nt3qLfHnpmwL. Statuscode 200
Durchlauf 576 von 810, nutze Token vT28dG8xEsGfO7NOfcDYjCkD3ytvz2Iu55D0BZhu. Statuscode 200
Durchlauf 577 von 810, nutze Token hnoJ2DefPZbV3rjdqLKnvaRyuOJZWT5wAJb1zl6J. Statuscode 200
Durchlauf 578 von 810, nutze Token NUUoUWMw1RCqwtmeJ2QzsGp66rZsSYSu5TjMH0P9. Statuscode 200
Durchlauf 579 von 810, nutze Token LDOXGPPpYa3B7Q2LiEEbS1SoNNTSHWX05l6MrIId. Statuscode 200
Durchlauf 580 von 810, nutze Token rq3pey0obg74dzVfiSLPYtY1v7sfVYptSsA4f0uM. Statuscode 200
Durchlauf 581 von 810, nutze Token 6wYHIN7gAPT74jxwcQVUrS5C6g0Kh2bWTuDP0Wss. Statuscode 200
Durchlauf 582 von 810, nutze Token qiNGdJ1NnU9WhRmjKmBJstgbTaVrKa7sjbm2YX93. Statuscode 200
Durchlauf 583 von 810, nutze Token J2QsgTSjq715bjmGqBcclqNvIuVuCpowNSKyHY9v. Statuscode 200
Durchlauf 584 von 810, nutze Token JyZEwTTEwFTee1IiYthaTYFgk6TYwIBiygkPttPF. Statuscode 200
Durchlauf 585 von 810, nutze Token kudDQVM6zdcVRK7yZXrC6t1UUyafouPvItfKRHJw. Statuscode 200
Durchlauf 586 von 810, nutze Token yIoNdLrgnFh1oEL7MnQRLWNrz6VhYVRo7CxrUq4q. Statuscode 200
Durchlauf 587 von 810, nutze Token On60wlOOlN2GIIznR9e3ljqY8OmFwP9vvJBjUgmf. Statuscode 200
Durchlauf 588 von 810, nutze Token 461FP95wt3Pii1ORlhOM0x8NqjD361yQ2TmZ13SC. Statuscode 200
Durchlauf 589 von 810, nutze Token xUhk9PO6urq5kle9f8IQt23YzujBlleBDOJZvzgg. Statuscode 200
Durchlauf 590 von 810, nutze Token JgtxJKH8Ik96pXhpSumxuQeI4grbUVYiW50NaHEQ. Statuscode 200
Durchlauf 591 von 810, nutze Token qQfRgEf93W8NLrOJaw99YYUi9KmCSvV1GJqtkfSi. Statuscode 200
Durchlauf 592 von 810, nutze Token M4p4mjrIt0puAMOwSqJPmdcsdb1MIiofJsCcoFFr. Statuscode 200
Durchlauf 593 von 810, nutze Token w9O2XOATf0WAjitfaGuR0JgaaNuEvBAQUFvMpalD. Statuscode 200
Durchlauf 594 von 810, nutze Token C3uYNxElLVfAxUUsyhyiTKHNg025tEdYmXbJcYyd. Statuscode 200
Durchlauf 595 von 810, nutze Token 5a17x23mZtGvStzarjuAwv8gybgwNq4NNkfv0g5F. Statuscode 200
Durchlauf 596 von 810, nutze Token xtiyRKdrrM8yU5fSfnTx50E4oF1LxAEwaF7CxnFy. Statuscode 200
Durchlauf 597 von 810, nutze Token 1Z1J18eXdzoBWPnGpH5d2TkGXUTeEUgipygLPcYN. Statuscode 200
Durchlauf 598 von 810, nutze Token MygZDOUIfBqrcnE4B6r1wsR3RY5b9ffY3ty3CyHk. Statuscode 200
Durchlauf 599 von 810, nutze Token por471ifBrVjQs9C5XkH87paemdL4e19xKyeeWtF. Statuscode 200
Durchlauf 600 von 810, nutze Token xqnNaN5R2u3aFxqAkVyW3wDXrIL3DNQUtSYpGfzF. Statuscode 200
Durchlauf 601 von 810, nutze Token LT02p3KIzeumXLXJuDoI2dQlmsMMWeQuorLO8D03. Statuscode 200
Durchlauf 602 von 810, nutze Token l1xx7Y6ynri5dkb43XsRlLpvnuRzwAIruGPh3ut9. Statuscode 200
Durchlauf 603 von 810, nutze Token XnQrxGjjtDagCPrHrT22Xvq54tPe4Fk0R17yk1ik. Statuscode 200
Durchlauf 604 von 810, nutze Token p1kQYCevbcNaDPyZzG42bX9IBjGV15hRFahICr1A. Statuscode 200
Durchlauf 605 von 810, nutze Token gR07Siu1yvbxmbJHLCmlNF6zfUM7Zqhimf07eTHX. Statuscode 200
Durchlauf 606 von 810, nutze Token mPVys9HkDNjundbehrsRPs8Emw80aj21UtMU3WiJ. Statuscode 200
Durchlauf 607 von 810, nutze Token F38okobPRSVC6Z30OlDs0GvFJNjabuAYhpwlHRyz. Statuscode 200
Durchlauf 608 von 810, nutze Token wf0K4mHEd2AWOzVhzLNYR0mmGbxrN3KSnCO3fdeG. Statuscode 200
Durchlauf 609 von 810, nutze Token uYiBejBvkK72nO6tDduXqeEwFEm7Lahgb1WkQLKz. Statuscode 200
Durchlauf 610 von 810, nutze Token fuWsUghA4Ks51iyFybLBs2sj9IpNvX83n9Ba5LdW. Statuscode 200
Durchlauf 611 von 810, nutze Token aP77l5zSbt7ZkGUUJicYsx1ncl2K4Zb5ddszsRpW. Statuscode 200
Durchlauf 612 von 810, nutze Token l8KbOZjkWpCpbXVF7NauZW44s9H4F9MkBsPErqpK. Statuscode 200
Durchlauf 613 von 810, nutze Token 2zUCzmQal4aVill6HcwYRYHzlChBtyzsgtLwaFSx. Statuscode 200
Durchlauf 614 von 810, nutze Token D0TxDfAZWa0ZGQ9f46pdoVzigk1V9svqtdAol7T2. Statuscode 200
Durchlauf 615 von 810, nutze Token 5cIVST5SQPPxPEpqFl6hYQI6WLGbyPvUJvu5QedP. Statuscode 200
Durchlauf 616 von 810, nutze Token uElUXQGbkn2zrsVvMdNj8Ya585FMAf4Ho1lPnqZR. Statuscode 200
Durchlauf 617 von 810, nutze Token 0sWvVEiTOBS0WcuwKF7bYbgJR9ImtfH7axuEOMgG. Statuscode 200
Durchlauf 618 von 810, nutze Token dCpFrNHysfrWjgYRFcuQrhxCFWss0F2DZvXcrDjJ. Statuscode 200
Durchlauf 619 von 810, nutze Token VmpzxBsNJEHNqf1RhUTGzZaK9Eto0705rjjjfhuB. Statuscode 200
Durchlauf 620 von 810, nutze Token STKo2aaUK7iOaZEJFrQHND39ZjBYJ8h2yrpIt488. Statuscode 200
Durchlauf 621 von 810, nutze Token zNn4lcIchdMDfSvfmzUq7IfSOdJAPzrjzw5vFcKB. Statuscode 200
Durchlauf 622 von 810, nutze Token DLFiNG97118yxvHhn1MqnkLhhVVhVxfJxRSgUuAk. Statuscode 200
Durchlauf 623 von 810, nutze Token iXMvXSV79BCTSP34wTJe0qgXX2f8plMKhtfQlV4A. Statuscode 200
Durchlauf 624 von 810, nutze Token YLazdWwEoWNvBJlMkOHRDzBnQhz8qnIIVb4L0ZEr. Statuscode 200
Durchlauf 625 von 810, nutze Token Xhow4XROZOpSpYQtzhuwLxCtWMf3d0REqlwP2OXU. Statuscode 200
Durchlauf 626 von 810, nutze Token xXLLqWoMV3uF9WGSQffytZcdYuIv4wb68DSYFv1z. Statuscode 200
Durchlauf 627 von 810, nutze Token fpyhHFTkgGRxJzqYnSjisTh2kXMNQzLdCT8cpkmI. Statuscode 200
Durchlauf 628 von 810, nutze Token IFs6fiE03AtR3x2plLCCVBjq3MwNQYqoS2aDKOQe. Statuscode 200
Durchlauf 629 von 810, nutze Token SEfsrpkFOCvsOYqYMpmiZuUd5qmjubfQ1GzRb7UB. Statuscode 200
Durchlauf 630 von 810, nutze Token jYAEIQV7OIJSceFpLQsbJfZeOXisXrIFTkv9srjq. Statuscode 200
Durchlauf 631 von 810, nutze Token t1rA1Hyc7U9EB0L9xvmfg8YTrjPnCKzyQEDPwWv8. Statuscode 200
Durchlauf 632 von 810, nutze Token i4uWxXcOOGHy4G8Oft7ygLedhzEqOL39bLWLmPtr. Statuscode 200
Durchlauf 633 von 810, nutze Token ikU6P8GFEyNV1DQ6sffJjJvCEoGrf5v3E7xPmtCh. Statuscode 200
Durchlauf 634 von 810, nutze Token npBp6msIiBSwCQ7n92uzcIcBm4ktjxA5WYoPh5Di. Statuscode 200
Durchlauf 635 von 810, nutze Token j8XLiBzpCry8p8WRDN2TiB5Cn1YfT6mZZMTB7JEK. Statuscode 200
Durchlauf 636 von 810, nutze Token oUsZ9oBCGYNkfEFZNS33HMihA8nN6wahKtFz2R4W. Statuscode 200
Durchlauf 637 von 810, nutze Token 3ruoeWxmHWC3Yv86klKL9jDxOaoIdfnyo8zRa6xg. Statuscode 200
Durchlauf 638 von 810, nutze Token KWeG7R0pnHzRgKS4ZEulQiTPqi7VfZ8pwKP86C4W. Statuscode 200
Durchlauf 639 von 810, nutze Token hvGvVFTABdRgtN1R4XvzCcaHTIGdRAnGcUTaD0aO. Statuscode 200
Durchlauf 640 von 810, nutze Token o2CVC6FQYq4uGvXdPj6FRM0p0sjK7J3idb0Q2jmI. Statuscode 200
Durchlauf 641 von 810, nutze Token nEUvT0QZhTUBf3T6H9TDZ0WLspO8fV2KCWauag7B. Statuscode 200
Durchlauf 642 von 810, nutze Token F3FSuHtNZezLkcPdetD12xGJRgQRLTFf3RlQ4uY5. Statuscode 200
Durchlauf 643 von 810, nutze Token y1oCanlCLZRhMtYnef97BXVariNOlqFdhX2zPu6H. Statuscode 200
Durchlauf 644 von 810, nutze Token PnRs42pCYTkzRSSAnXZI8CFnI1zreO3FA4bVhQXP. Statuscode 200
Durchlauf 645 von 810, nutze Token Y9A9vwUJg52eQyvRH3IKLqgem9Sn59920VW1lcTF. Statuscode 200
Durchlauf 646 von 810, nutze Token 24rpcLiWEGWyHcRESWyg1z1XWZN5QqoQz1hawXNq. Statuscode 200
Durchlauf 647 von 810, nutze Token SG9aUEYHC6iPFK9yJRfflGhBJLskdJYUFFoglAuM. Statuscode 200
Durchlauf 648 von 810, nutze Token 8GJlS8QfetuiCY18RytgpPvVCkWJx8ycclxNtKF4. Statuscode 200
Durchlauf 649 von 810, nutze Token D6cPuSRV91vXkNbJ3sbUMCxZuRMEKOAX1yhB4W3k. Statuscode 200
Durchlauf 650 von 810, nutze Token UU3MGozNg97T66eMWdJgLEaOE7r4EZLOaM7KCdtO. Statuscode 200
Durchlauf 651 von 810, nutze Token MoVs8LfLehlacghUROdQFoLeyqKg2SvewQ6Av7ZG. Statuscode 200
Durchlauf 652 von 810, nutze Token aGq75EaOozkMytaLbDpz87bWWgUipUmhSLHbwrOZ. Statuscode 200
Durchlauf 653 von 810, nutze Token OcK0asT3cWFvwKnMoTAE2SnY6a9IlKQkLLNK93wc. Statuscode 200
Durchlauf 654 von 810, nutze Token MsY0lMilA4BMwSytB9XhXLyCNBylanVBf95h3JKm. Statuscode 200
Durchlauf 655 von 810, nutze Token iO8spQfgkl46HrblcvTFqCNvmkrF4zEBUkwqQOZJ. Statuscode 200
Durchlauf 656 von 810, nutze Token lWUuFL8wanMQyQ5qAXnqUe1ECtbYgA4OgBIxlKGY. Statuscode 200
Durchlauf 657 von 810, nutze Token i3HcRfIufsfV5oElatftdzRddfNRieC0vuXWqJ8T. Statuscode 200
Durchlauf 658 von 810, nutze Token M23G1hMMTha6aR6GPRPXnMKWOdHNkFaz5iVEv9Mm. Statuscode 200
Durchlauf 659 von 810, nutze Token gAc82shpvOIsF8zwBwjXhO1crv0ttr0x0IcZpiPj. Statuscode 200
Durchlauf 660 von 810, nutze Token 37ltuQiJaDmbkXx9ot9lNAsvLFQ0T74r2192Zs41. Statuscode 200
Durchlauf 661 von 810, nutze Token 1Kc2dqrFxXMdBPzxM6ZsK2ugA1H9cEzQdQEqJ8na. Statuscode 200
Durchlauf 662 von 810, nutze Token 11f3sOjO26MUhRjYZ56vAlFWRToViCycfIAXIXXN. Statuscode 200
Durchlauf 663 von 810, nutze Token HlNFeLOlEYP2gGRs9z5GB3kPOI195EF9E8iOY75V. Statuscode 200
Durchlauf 664 von 810, nutze Token zjAFheFhkFs6R4YQRe8nYBAr5x0c8tpux3o9OHEp. Statuscode 200
Durchlauf 665 von 810, nutze Token 8M1rBZS4JCeIBOzTPcn5PlVMF6GQJ1wn1qWD42IW. Statuscode 200
Durchlauf 666 von 810, nutze Token xYlfaXzL6zPB8ygtqHO429lsZmTptePHHqoxNG9I. Statuscode 200
Durchlauf 667 von 810, nutze Token YJHocQm85dQ5eQaQ9eQgqi3HipUXprmp4wjafue1. Statuscode 200
Durchlauf 668 von 810, nutze Token KDt5Bdfvo9992M9zXb4RmYPOqtFWG6zQjZRG07Dj. Statuscode 200
Durchlauf 669 von 810, nutze Token JFnhkaNc4dcnkITYnTQe5ISjYedDquzCPHkdyWbZ. Statuscode 200
Durchlauf 670 von 810, nutze Token c1H6B3eS8D4Q6hARYNSadF45TWdBH9XxqWR4LSzK. Statuscode 200
Durchlauf 671 von 810, nutze Token 3tgUSDVRZ6EkU45jfldlwE29qa0yyvDqBcqY9BJi. Statuscode 200
Durchlauf 672 von 810, nutze Token pUwsi9DqQooGvNs3Fz4nnacbyveEW3gevSxYHS9v. Statuscode 200
Durchlauf 673 von 810, nutze Token EDBnuAdOn82kcmKLzgks04OaA8JZ5C5KkUpKEVlX. Statuscode 200
Durchlauf 674 von 810, nutze Token 4oXPeczyeTPYGtTITELpzEmCSA5RvVcKCZWV2Phf. Statuscode 200
Durchlauf 675 von 810, nutze Token 5NEO7KS5K09qDrGNoQkM2x8ojIZQt82c9IxJANsr. Statuscode 200
Durchlauf 676 von 810, nutze Token fT0bqJDGFiwdKKJi3tuGpEZUychFfYqqrOFhgkqx. Statuscode 200
Durchlauf 677 von 810, nutze Token C3i4oqM5xhwhkcmkHxFpIUVtF7asugnGsymHjBKW. Statuscode 200
Durchlauf 678 von 810, nutze Token tP5KWoW1LCxDpKjoGoiQKJnEYupR71gXt07WAayx. Statuscode 200
Durchlauf 679 von 810, nutze Token rKKdH294cLpx1mzDbFxL7IggVLNV8QvSuLeuvZsv. Statuscode 200
Durchlauf 680 von 810, nutze Token nQxbdAMDkJ0tmuJH18sw9AV40JsheVWaPjNlJLV0. Statuscode 200
Durchlauf 681 von 810, nutze Token uTRRZynDl7eoGbkB7VJgsM9bQhrOnyDb5DllmHtA. Statuscode 200
Durchlauf 682 von 810, nutze Token 2XzVn6PoZEZWw7SToMBkpljf2UsijcUD5lU8NC6M. Statuscode 200
Durchlauf 683 von 810, nutze Token hVYghRhAKnGb8t2Xk5Ae5YH0jNI7gK5tDYEJbnaW. Statuscode 200
Durchlauf 684 von 810, nutze Token 56JZeEwvfDzuxU491ZSD5cZbramVDaKMTSXTupyq. Statuscode 200
Durchlauf 685 von 810, nutze Token MmqJD9AIpQWe89RdDn752sQ6aTJg6X4b2LweTvdJ. Statuscode 200
Durchlauf 686 von 810, nutze Token QyCw0HBwFZPGq4KjuM2LsHCoXjK2Cx4sfSCPRHos. Statuscode 200
Durchlauf 687 von 810, nutze Token U182iz5izbhEzx1j7qqLUypFuERZhPdUfysxN1Nu. Statuscode 200
Durchlauf 688 von 810, nutze Token iV0TlfdriLIEpMTsPnJEJQGHuNFtTCiLdkJiNIBI. Statuscode 200
Durchlauf 689 von 810, nutze Token uCOHYxOziaKOok2TaGwHgzJrhvwwQzgP0dzYzAaP. Statuscode 200
Durchlauf 690 von 810, nutze Token CviNlsRZVeO3QYdCf4HAbvCUM2kdrYZ0ctXbHa7h. Statuscode 200
Durchlauf 691 von 810, nutze Token P7eV9e6AGti0K9IKVrqk0mbrxmvwGTd8WhKRrylH. Statuscode 200
Durchlauf 692 von 810, nutze Token bqZ76guxdmolamtdAZAL7GgAoHMTMrV80CHXS5V8. Statuscode 200
Durchlauf 693 von 810, nutze Token 9oE6oIFD7L2fgt7ejakVHbJpadcrlfW6Xrk0KSTh. Statuscode 200
Durchlauf 694 von 810, nutze Token bUU2I1gMkYwekGqac5wt5VsHP18K9j2v7aw4JBH4. Statuscode 200
Durchlauf 695 von 810, nutze Token ppiuhrGGFMyO1o5a5lJHjlYtgVhrTk3eGoc2Bgy6. Statuscode 200
Durchlauf 696 von 810, nutze Token suMJZ9Ccv7dpe6i5MD7pKETqtXDUekpgWyEp4UAq. Statuscode 200
Durchlauf 697 von 810, nutze Token 2pi1Meix1AxLrwdO5F0YAflvF8mFP9uFrZl9zkfA. Statuscode 200
Durchlauf 698 von 810, nutze Token KXUFpBtSgEJV8EvBufdk2KaL5L8cjCcWaMjW1PDx. Statuscode 200
Durchlauf 699 von 810, nutze Token jwIYqVHobjAatB9l3rCFhEwRpnkUfo5px3Z5twy7. Statuscode 200
Durchlauf 700 von 810, nutze Token 7GeMRiJFRcghSfTDxyIcucEZhwjEG8Q5njv0Lzp9. Statuscode 200
Durchlauf 701 von 810, nutze Token aKwSBuAqVR3KpzI7dVHIV5jHGcJ3b74cJui8zVOf. Statuscode 200
Durchlauf 702 von 810, nutze Token MAVTyjxKvzUzuQdMBGBrR5UrKoeR2XNMUWWO9z7M. Statuscode 200
Durchlauf 703 von 810, nutze Token 84zhL2ZxUp36PlICgSzaqoK480P0ugOv6p3NkIYT. Statuscode 200
Durchlauf 704 von 810, nutze Token eiCjeNQ0ogPPlRILvBNEYNcHH2iSSP3EPQ2d6bZD. Statuscode 200
Durchlauf 705 von 810, nutze Token ckEK0OZlMUVvtJLZ2HWVvJsFYS14AYJtgtwK1HA9. Statuscode 200
Durchlauf 706 von 810, nutze Token GNSILxluvOCNZM1nIff3kr9h576e7RHYQJ0R8pta. Statuscode 200
Durchlauf 707 von 810, nutze Token QcODyuhvReAGcHFk3LoAgD4Xww9a3fSpa9ETgPNA. Statuscode 200
Durchlauf 708 von 810, nutze Token QybWcMlSh4c11KxoixNdfvwu8axYDPUn5QQKXaqh. Statuscode 200
Durchlauf 709 von 810, nutze Token XxYlGVxBrQeJqMn3BFbc2JG2EF65hT5ebMH9FMgM. Statuscode 200
Durchlauf 710 von 810, nutze Token kBoyjdSWoIaFeyrq1bcaIESPYTn03MgBhavxAxHj. Statuscode 200
Durchlauf 711 von 810, nutze Token JCU3KxxPbL97DfqTH7xETjNfdVpPZUJx5jY2nlMA. Statuscode 200
Durchlauf 712 von 810, nutze Token q5BtIGvGVtFh2XwEJQuYam4ehEM2ZBcKEb8kab24. Statuscode 200
Durchlauf 713 von 810, nutze Token adfDZ0aXh72GZk6TY8MkJMzu2YWInQFrjMblLdmp. Statuscode 200
Durchlauf 714 von 810, nutze Token 9ugkSd53AvKr1mykDzv7tOZnMEp0T5KVxj1VqiUP. Statuscode 200
Durchlauf 715 von 810, nutze Token 5JgR9wygvB0kmCDNUZNylgRgur6ujS0UKhho7yfx. Statuscode 200
Durchlauf 716 von 810, nutze Token mfwl0C4KxXdyA08kfpk5WLF6l52TCTR71ecmvNZV. Statuscode 200
Durchlauf 717 von 810, nutze Token ygOEuQRn1ePPHJiErXAQXwQLrqbd4qQrmpEj34Rb. Statuscode 200
Durchlauf 718 von 810, nutze Token d3vpU4lNivVyWYq9qrNhVPdoop7yg7aGrWajzBa7. Statuscode 200
Durchlauf 719 von 810, nutze Token pHyFIJZi3NFkINKmb1czQJFrbiqcmAyu8RGLzqCx. Statuscode 200
Durchlauf 720 von 810, nutze Token pXd1us2QrZZY9YSB50OpALohS0mXvgVUFsgnfYhE. Statuscode 200
Durchlauf 721 von 810, nutze Token GU8no4qsbPPFjbVCH56VIPLEd0rTH8GeQcRBswvZ. Statuscode 200
Durchlauf 722 von 810, nutze Token XuvxdjOY7DituCWyCds97WcheNMBYinszT8L902L. Statuscode 200
Durchlauf 723 von 810, nutze Token uyUpfUBoUv3Oi7JoHkSwdDZMgpw7HZNmVqhD7pOe. Statuscode 200
Durchlauf 724 von 810, nutze Token wmPYFNz32MxXrdDxkW86jBet03jhVOlVEWrjAp77. Statuscode 200
Durchlauf 725 von 810, nutze Token zB4HZ20DC9UTIMfxF2XJQElEG6ddT0Z12ukynMl2. Statuscode 200
Durchlauf 726 von 810, nutze Token Q4ecCx0Is7sqwvp8Xpq6lAgH8kMRuKnXpuO0owls. Statuscode 200
Durchlauf 727 von 810, nutze Token srReWyPSGRQluLZ78fCqQXmsWM2alM52vtjtjTIK. Statuscode 200
Durchlauf 728 von 810, nutze Token VoK6InLMrWmpEK31HfVH932uzwSvEmZyd61IzM8e. Statuscode 200
Durchlauf 729 von 810, nutze Token prwAawVORPTGmjaXUcmIuqIh9Ew6l7hBJvhH7uzK. Statuscode 200
Durchlauf 730 von 810, nutze Token enOU8KwSJa160LiokGQBE8ddWnnJX8AUn2z1UHua. Statuscode 200
Durchlauf 731 von 810, nutze Token 4reeMZU2b5j6UqzvKsLKVqYYGEGof6d6UODrMwcZ. Statuscode 200
Durchlauf 732 von 810, nutze Token 7zt7o9yQ5OnWBQ2UWOIWUbVvHmyPVwJG5EZHfIIV. Statuscode 200
Durchlauf 733 von 810, nutze Token ES7nvcYzMJhfgXaikAwdnnUIoyuUK3WybEqxMVUF. Statuscode 200
Durchlauf 734 von 810, nutze Token fOOW5qD1B6P5Boa9rxekYGSCPTBerwEU4DqsnkwA. Statuscode 200
Durchlauf 735 von 810, nutze Token gs2FzuGN2OzP9PMhvk5DUKHiHCSyC8vPgdJpaCyZ. Statuscode 200
Durchlauf 736 von 810, nutze Token Zokjfyt7Si5UJV3mjGjv1sVtfEIjxGtgEuOsFY24. Statuscode 200
Durchlauf 737 von 810, nutze Token Z38bplDrIFHsQx42t772MeHHS4S0dY5MPBfH0uRD. Statuscode 200
Durchlauf 738 von 810, nutze Token g0hQ4tc0sUbuKmIum1XVvgGVuzdFljtchVqp26dF. Statuscode 200
Durchlauf 739 von 810, nutze Token 0ClIeJIsIh5hvgoDUUqmWECF6I0IkUwKKTM6XtgT. Statuscode 200
Durchlauf 740 von 810, nutze Token 0gG02KImR7Znl29yFYsWyrN2zATQlIxWXrc1eK46. Statuscode 200
Durchlauf 741 von 810, nutze Token SyPG2w8x256tWJLEpeaVA3JnQHgJRxzUHJ6LhRB6. Statuscode 200
Durchlauf 742 von 810, nutze Token qC9jWgcPWRq8aBJk9LUnLojtNF6islMfSR0893Cq. Statuscode 200
Durchlauf 743 von 810, nutze Token IEHUs34WhTYdYsiO0Y7zMufT3nUMBMrGwT90WDL8. Statuscode 200
Durchlauf 744 von 810, nutze Token MApLjwYG63TXq9QZ0nP8yEkb9WGY1SPvQkEZqe9P. Statuscode 200
Durchlauf 745 von 810, nutze Token dlF9mpjvkHptkr0MMdGtAqalcTqY7lVA8T3WeE8m. Statuscode 200
Durchlauf 746 von 810, nutze Token byFYJkKk8XoqUT8gK4Ez7coxSUm4ArXS79Xsueke. Statuscode 200
Durchlauf 747 von 810, nutze Token b9puoMbL3JPQWBGpfIWUgpVjnvnP8DEQ16yIPIQs. Statuscode 200
Durchlauf 748 von 810, nutze Token Mgk1UaNZFmNarpLtpFH66E8BnbqQgDzRiK65gzSA. Statuscode 200
Durchlauf 749 von 810, nutze Token 3J0A3DvQR8vsCk8vU4lQ49p8de2qTuXjVu5GCmip. Statuscode 200
Durchlauf 750 von 810, nutze Token G5Dq1cACFkJv226agNOTF9of7lgTEM2MC2ArGr8a. Statuscode 200
Durchlauf 751 von 810, nutze Token NUwRG8uvN4A0vy5UDgK3yzwM3nbRQ56NLoJH2hET. Statuscode 200
Durchlauf 752 von 810, nutze Token xNaJOoEtGFsegqTVxWsEkkDowSQHO1Bhah2Jr057. Statuscode 200
Durchlauf 753 von 810, nutze Token FIeYuN3D9ntJQuLlnn9jddx3qSD1NgJkBSM7Vd1v. Statuscode 200
Durchlauf 754 von 810, nutze Token bvGI0DUD2KMccPfHsIIOQ6rPKcHLE2X2QN6XqLRI. Statuscode 200
Durchlauf 755 von 810, nutze Token HBv9do6uO8b5YeaNfnI7w7KRsz1V6r3MjBfbscCI. Statuscode 200
Durchlauf 756 von 810, nutze Token B4MYZxjNltNECrWsvlzU185rgb68JNRorHVLL8We. Statuscode 200
Durchlauf 757 von 810, nutze Token RUdJb597iR9krV0SB4ISsalb8BzJmaQD8CJrHRAT. Statuscode 200
Durchlauf 758 von 810, nutze Token KsmZH21AvqxtF27tmptgApaPFUHqbpIwveJXemKc. Statuscode 200
Durchlauf 759 von 810, nutze Token 9gBwj7GCEck1BPPxKw2LesWITAZVKRbPxNKQWmLJ. Statuscode 200
Durchlauf 760 von 810, nutze Token 6uh1ZS8iS80g0UDuRGCmTeRVSDgxM6KQLigP541d. Statuscode 200
Durchlauf 761 von 810, nutze Token MMkRJDlyLK1qMQEOHN7i07Ezn34HvQjF4EBtNjvY. Statuscode 200
Durchlauf 762 von 810, nutze Token 5Vdwct9aAZRbwkgtUqy4RMsyTslXTTR4hv74qhSH. Statuscode 200
Durchlauf 763 von 810, nutze Token EkVH8pS8IX3pJ87njSAPUVGCafIAYGoTMwuaLda9. Statuscode 200
Durchlauf 764 von 810, nutze Token fJo5cnjxYalysmDb6Vm7olbrVRCo1NVLTin4FFos. Statuscode 200
Durchlauf 765 von 810, nutze Token 1XPudRpcFsmYVgTzuCkudjKyrcgXpoAAJtIiR6Cc. Statuscode 200
Durchlauf 766 von 810, nutze Token SOg1le4la4fPWrJTRY6H1oj4TEGd2mVHRkAZAfJz. Statuscode 200
Durchlauf 767 von 810, nutze Token pcMremjFUV9b0HXf8g14VX8v7CDuTRWnt2FSmUoW. Statuscode 200
Durchlauf 768 von 810, nutze Token dFQSQ4o1Bbi0GySnKC42bSU1DE7Hthq0riw4jPCw. Statuscode 200
Durchlauf 769 von 810, nutze Token Nm3vAGAejLPs6LRhWEMtt6sSyYzGtyP8SO5Z3VnW. Statuscode 200
Durchlauf 770 von 810, nutze Token eipZnytblPsShlmvkkFmbOdGhowGb3x8R3h2Ppkf. Statuscode 200
Durchlauf 771 von 810, nutze Token Kwz8TYmJTZUGI6JOMmSXoDy2HYRu2KKPNll3mq7d. Statuscode 200
Durchlauf 772 von 810, nutze Token by8g5IydiAXOkZPMykpivgp8lIGbaHvoNVTl7K0v. Statuscode 200
Durchlauf 773 von 810, nutze Token 9KHmEDmLtBnFGCO9P2lbKmg6IrP8gMX3sbqzihIf. Statuscode 200
Durchlauf 774 von 810, nutze Token 7Tx0Ad6ObME2pOllEL90wIHSIlOKwkKFNr5bx5bN. Statuscode 200
Durchlauf 775 von 810, nutze Token PaLq0TYNDJewFkP26CpkTXPpc8vDad79WuaPPvuf. Statuscode 200
Durchlauf 776 von 810, nutze Token Idq4ORB91loCLBfsbIHqpELwBtgw9pioWa2ZEmxd. Statuscode 200
Durchlauf 777 von 810, nutze Token jDAS7HO1r8h2omhtlvO0LDu9BQSK5JTcU5fx2Fj3. Statuscode 200
Durchlauf 778 von 810, nutze Token wWcvrEvkyiLP9zSIwAilQbPD1PA1dluPBEqGukfK. Statuscode 200
Durchlauf 779 von 810, nutze Token 5Uwo4GsNQBdi1QEh6CEMpsRiL6ve1QOqsLeLcjBZ. Statuscode 200
Durchlauf 780 von 810, nutze Token R9ZX9ZPq0WxuNST2FXe4FlFL7py7FpXQeqKnn2MO. Statuscode 200
Durchlauf 781 von 810, nutze Token tjSy3TAtTGUTahdpmX41RKyZa5anCrv5ASnksFae. Statuscode 200
Durchlauf 782 von 810, nutze Token EoP2NWx6RXSOPvlnq0sixjCQ3ERw7eFpJA7cePZO. Statuscode 200
Durchlauf 783 von 810, nutze Token ejOHPMjOvxr5DphWNRQWVhQl8qWxKUDVWaW9cPHN. Statuscode 200
Durchlauf 784 von 810, nutze Token OqxaO47WS01oIAD9PsK929wghjlmgFvVx1GaAiGY. Statuscode 200
Durchlauf 785 von 810, nutze Token aX9rhovhIG1qXvv5decl17mPugyIcUeeaHFLfgeX. Statuscode 200
Durchlauf 786 von 810, nutze Token 89WqTKw5LMhtNuEZha9nwKikpnZIZI3a5LR9VtEJ. Statuscode 200
Durchlauf 787 von 810, nutze Token 5FxGIejBDsS1vijz1NZfQbKUg72LWeslm1tHZ74I. Statuscode 200
Durchlauf 788 von 810, nutze Token A6zzOrzZXO0hwY3SIbPfCxYMdCIzheCsc4wUDMFd. Statuscode 200
Durchlauf 789 von 810, nutze Token jklsiYiEyUvkBkw97UXpFbCg37OHAjgQp7JOYhQH. Statuscode 200
Durchlauf 790 von 810, nutze Token Qzdpj7E16nZxes28PcjIQJgkBkEkC3Eq2xMe9Fnf. Statuscode 200
Durchlauf 791 von 810, nutze Token wiPoumIbs9V9UpcBAnZiXZr7KFQykSau7yVAFSBg. Statuscode 200
Durchlauf 792 von 810, nutze Token mbeDuldanbmr5Ynq8Dzve34LbEmP1UJIHt65gd1G. Statuscode 200
Durchlauf 793 von 810, nutze Token U2rjwjHEAdKUsZfNyDRKynXCwYZev97mFDUHBJbM. Statuscode 200
Durchlauf 794 von 810, nutze Token qtfMbtKSzd2014KNvdDORAWkjYVXiPf5YHb6MPPm. Statuscode 200
Durchlauf 795 von 810, nutze Token qEUVZiEdva80eCOcbpkHz4bU73YhqRzfSS2p5eEB. Statuscode 200
Durchlauf 796 von 810, nutze Token XFZXl4Cay23xfQH2gRIPahWaaCBqc1SoVKutQgnG. Statuscode 200
Durchlauf 797 von 810, nutze Token zacY86gJKVsrPxaKxUhMgDbQb2FdTGH13a0RBnU8. Statuscode 200
Durchlauf 798 von 810, nutze Token zC3nyG2wO032GmgCqJSE99VFTtwyhCBciFGS7ODU. Statuscode 200
Durchlauf 799 von 810, nutze Token K7OzSY01xWifTEWYVNn2ff0q0FYUw5P76IUeEX3S. Statuscode 200
Durchlauf 800 von 810, nutze Token V0UAk5fMcpNVw2XAahoAzFozSRW806iXA8Rio8c7. Statuscode 200
Durchlauf 801 von 810, nutze Token QhOoGMUPIZD3aXJZgOt5u6tUeUXkOMCnOp7zlk05. Statuscode 200
Durchlauf 802 von 810, nutze Token GjDzvSNe7oveBN1krHvgWdowaxed9HRcK5VCxXpG. Statuscode 200
Durchlauf 803 von 810, nutze Token G9TMEZxuX0EKJgZrk4yFs8h52sI83mCOqI6y3tHi. Statuscode 200
Durchlauf 804 von 810, nutze Token f7LxwjsU3z6ppm6EyPSsymw4QbGSWEzFacq9U1z7. Statuscode 200
Durchlauf 805 von 810, nutze Token ZOnuqjkSJFvebAsgDU0RTlwiOHecrux0ab5j4pSq. Statuscode 200
Durchlauf 806 von 810, nutze Token cG0P4NGvXO6t3nRtwOWO6nJSmEh2WkJh8aka1aQO. Statuscode 200
Durchlauf 807 von 810, nutze Token CxV1b99eBqDZkjeU0Y6hG0J5Ksy8uNUfTNJVqQJZ. Statuscode 200
Durchlauf 808 von 810, nutze Token C5fIRrrj6avaUlJRVPBHoHH30gQahfE65WfLLoS8. Statuscode 200
Durchlauf 809 von 810, nutze Token IDNlXb7fbJz35igdMGWyGCRI1DmTVXoqH5S8BLlC. Statuscode 200
Durchlauf 810 von 810, nutze Token omjgJ7DypCcTEUA7tyCRtQAObkLPUhoSyWZuCo09. Statuscode 200
