Durchlauf 1 von 810, nutze Token 0SQSWk0QlDF4h70A5UBRuYCSoGWmfliniSljloXk. Statuscode 200
Durchlauf 2 von 810, nutze Token gQDal2BNhbycoGKGkPZuqvcMdKouScYuXXexRWr8. Statuscode 200
Durchlauf 3 von 810, nutze Token lN4O3S97mqxPPCmRoetu88UADAahMBuwECL7VuEm. Statuscode 200
Durchlauf 4 von 810, nutze Token Wy9dJgBcUMjGBOkYzL0rblZchtS7xRjFnkVWfoVW. Statuscode 200
Durchlauf 5 von 810, nutze Token lvLgQkpjSRS46gFTedM4gI8VKGbBDSTD6yUUnmch. Statuscode 200
Durchlauf 6 von 810, nutze Token 0Y9RF1j29lv7Ebh3Cd1A4aVzHMBHTiSeLKOP4Zzv. Statuscode 200
Durchlauf 7 von 810, nutze Token zbVFSMilfgR7BKNU2TDZSDVa8qmI79i6qa45QinP. Statuscode 200
Durchlauf 8 von 810, nutze Token AzkrDzWY3tNwKkL5Nsus7TL9dBiYW7YDeuYQTDns. Statuscode 200
Durchlauf 9 von 810, nutze Token jjgIS4mhJG1DD4A2AELIl6y0ehKU6hTALDgWhJYb. Statuscode 200
Durchlauf 10 von 810, nutze Token nxZkOjRdwrPfKEM61cZg6eSnqkV8g4c4XzQrdMCc. Statuscode 200
Durchlauf 11 von 810, nutze Token JSPYuvNLltJ5LDYyb3EVk6caBjst1O8TAhsEFse8. Statuscode 200
Durchlauf 12 von 810, nutze Token 5rfodHAWvWX5kZbvNrqKOyZiz698q5fQ1pUdE2V9. Statuscode 200
Durchlauf 13 von 810, nutze Token l4kwhVPiXcheQdUvMhSsEe09eLSgUjy2Wa1wUboF. Statuscode 200
Durchlauf 14 von 810, nutze Token XimiqdFG7EXOKAhTP7bJTjXFM3imAXsBIveDdHor. Statuscode 200
Durchlauf 15 von 810, nutze Token UCbfPSzxuELUlOovblVaPHJ5smjRg03urk2qhd5a. Statuscode 200
Durchlauf 16 von 810, nutze Token c4zYjVhraOQ384XEFoqkJ67OlhqGjgjPMxnhWvCu. Statuscode 200
Durchlauf 17 von 810, nutze Token bVhjyJuTfPdZPZ61ZwJPiVl9vv6n8uSIL50GJWnw. Statuscode 200
Durchlauf 18 von 810, nutze Token 2jmLTAGzMR7KqheeK3DeMaLhEh6f9myGSpUstU19. Statuscode 200
Durchlauf 19 von 810, nutze Token pPexlGH65K4BVzW7sM0yFQrUUjvKDcP0sAoROU0G. Statuscode 200
Durchlauf 20 von 810, nutze Token pQkSH240u9qSGxHbbwH0r565GWKyR0PhZwZkggVi. Statuscode 200
Durchlauf 21 von 810, nutze Token FbHtO8C19LnNU0LeRjgcV7NrBL95h9WJAnBRHyH2. Statuscode 200
Durchlauf 22 von 810, nutze Token 8LPcsFAe8X1e1VdBktMMJreR6mx3wn9iqMm1BPqC. Statuscode 200
Durchlauf 23 von 810, nutze Token ArKif2wzgZ97CfaCEGH7tXIKTxPLeLckFpPY2pQj. Statuscode 200
Durchlauf 24 von 810, nutze Token KnJoj4hVY9fcSKduswR0mJpmrcotCCVgiq9jcQiM. Statuscode 200
Durchlauf 25 von 810, nutze Token yyfbfOfPQHLpCUuHjBfsZn8XcozZaGECvbSNljrf. Statuscode 200
Durchlauf 26 von 810, nutze Token BYA06XqvF0mtcfhY8ZIrcVLyMmymEDvE3QqMDvuB. Statuscode 200
Durchlauf 27 von 810, nutze Token FxMqGKJkVWGSnyR7qeSfDFpZkVntVEY5UTxaNdPd. Statuscode 200
Durchlauf 28 von 810, nutze Token RhDQrrOJa9eSeV4agjttmbpidggRU785hlG11LgV. Statuscode 200
Durchlauf 29 von 810, nutze Token kDLVP8uAiz6fhAncBUzE2v3sn4NqY7YzTDHAzPNX. Statuscode 200
Durchlauf 30 von 810, nutze Token 2k4jRfkZaHOYUyerYMBjLBTu4smvlywoOaNFYrLY. Statuscode 200
Durchlauf 31 von 810, nutze Token 2M41xr7REcUq6lj4t05DZGtZZyBo76wGTGUs7En5. Statuscode 200
Durchlauf 32 von 810, nutze Token iNdnXe1Nj49a16yrICJfA9SK3z2rMt8AWYaalmRw. Statuscode 200
Durchlauf 33 von 810, nutze Token q2afEHF4C8O9ByPH8yNtTX50NvvnOTE69WnfzB55. Statuscode 200
Durchlauf 34 von 810, nutze Token vxB6YPuX1V1AVdxXPCltKsbo8CCBdZFpPU4yCmSC. Statuscode 200
Durchlauf 35 von 810, nutze Token 67zLGBEm1NApEsjJ7PNqTdFuJoJa8zKKUK4Vy2iu. Statuscode 200
Durchlauf 36 von 810, nutze Token La80yZCOnfJ30erzgZ3Q5N7g0w4GekfoCF4Hn5uG. Statuscode 200
Durchlauf 37 von 810, nutze Token W45XkWkKQX5K4nb16yrVi3LVam1p0pHopWcp587G. Statuscode 200
Durchlauf 38 von 810, nutze Token MpK6fRNT58O6G7j1TvofwziuAy78nUQAUkpk4BtA. Statuscode 200
Durchlauf 39 von 810, nutze Token btKL2zQg0JbIHB2IbHdXXayreyfevT0vXQOC4dUj. Statuscode 200
Durchlauf 40 von 810, nutze Token tbjA1cTagSNbveNrWt4RjgUbdq8YBsI1OmSg1r3h. Statuscode 200
Durchlauf 41 von 810, nutze Token B5hfQhb33DmihBWHmO8gyx1GTezFI00au4EI0nWN. Statuscode 200
Durchlauf 42 von 810, nutze Token P4CrBqUjkLj6SsrYqlliJxC1IrLPwd4LZIyIjxQd. Statuscode 200
Durchlauf 43 von 810, nutze Token fu8okUGnijStBKUCYmPjtPnjkiBBHUOYgJ9NnXJY. Statuscode 200
Durchlauf 44 von 810, nutze Token wL7rVLbgstXyhkhcf75WQ7mx3Og34iDjQ27ZqUQy. Statuscode 200
Durchlauf 45 von 810, nutze Token ESdFDwjcxKulpvLMpVHg1eDolQJWkYEoRvT5XXQT. Statuscode 200
Durchlauf 46 von 810, nutze Token vlIRiBjmsEZxohcVCKWzi2mc46DDSZtwveR0PlOV. Statuscode 200
Durchlauf 47 von 810, nutze Token 638hIzkJiqa0PjzQs7SnGXoULvgXXhjVLvosnHQh. Statuscode 200
Durchlauf 48 von 810, nutze Token andA2cpoSgaw3qLGvSFYABXWUMVlpzxnMMx3WyGh. Statuscode 200
Durchlauf 49 von 810, nutze Token 1kNuGeHgW6D0Qolr4UWR3qblgWNbb7PhY9ev15vC. Statuscode 200
Durchlauf 50 von 810, nutze Token fiVzk1Ks238uy5pMNtTvX2e3jp6vvOqeFXYEIdIV. Statuscode 200
Durchlauf 51 von 810, nutze Token QhVA8mhb8KABjHVRbHAnSTj3DfUCuVFtpxSgLrY8. Statuscode 200
Durchlauf 52 von 810, nutze Token cbNK3xwHHuF4yULU2s3qiP0yYFJVdyq5aA7Z7uVr. Statuscode 200
Durchlauf 53 von 810, nutze Token xOxLKR8Dzl2xYsQkqsWf8tzbBPvsMIyuDUZZ8POv. Statuscode 200
Durchlauf 54 von 810, nutze Token 86OF0hLyGOcfxDs8Z7HZDGQuzIBjKSmk5Qf65ueQ. Statuscode 200
Durchlauf 55 von 810, nutze Token We6a6GNl2dWYztJ3kDTwVpjZ04FqUEi1HdY9JXpL. Statuscode 200
Durchlauf 56 von 810, nutze Token HMKUT0HvHdJSdQdABTHbVjs9zlzK28tlDnWfKERq. Statuscode 200
Durchlauf 57 von 810, nutze Token XzmMz3ndJHvyZndA0c2eXCxL0ET8BpuULIUO1ZW6. Statuscode 200
Durchlauf 58 von 810, nutze Token lHpkF1X4DXFl9OIgkFxAlUgQy2cw4pElBUzH4RUS. Statuscode 200
Durchlauf 59 von 810, nutze Token twvCSsowZZAM1g4sxmuojDnCoSwqFQAoVKEn9APr. Statuscode 200
Durchlauf 60 von 810, nutze Token ITkB0N1FRdt6pROdBYO7aR6asAqzuJ78vJtWKjV5. Statuscode 200
Durchlauf 61 von 810, nutze Token 8Z6yi3lMOkhlP4m95HJlOr2aMjk0NrJrpOJmEXjE. Statuscode 200
Durchlauf 62 von 810, nutze Token FbloH2rfIQNPzPDUy4WCmlNvdrasg4GnvQYPkNyX. Statuscode 200
Durchlauf 63 von 810, nutze Token GlEiU4P4Znru0sy4oDhpq7vnztBGmkafEavUWpTQ. Statuscode 200
Durchlauf 64 von 810, nutze Token pyVPwJe9GqbbMSspC97X0PE1LfuQ7lU0lZODhFFJ. Statuscode 200
Durchlauf 65 von 810, nutze Token SBKMjaCSUAGCKsYtD60dkZaAU2RVH565CA7JDGHx. Statuscode 200
Durchlauf 66 von 810, nutze Token e6Mk0T2MsT0aNLmHvEZbFO5LndEGvRBAIUdqFmN2. Statuscode 200
Durchlauf 67 von 810, nutze Token qs6N4Tndi7DrNxSJnMymXHgB8W3iJC4DpM20hXbY. Statuscode 200
Durchlauf 68 von 810, nutze Token OjHdt91RuZzuMhXvIutD1jv5nXOOj57a3W9GGQkL. Statuscode 200
Durchlauf 69 von 810, nutze Token jy3CTq2k2nXJ64j7kSBz9uXkuTSDjIOlhiGPqwvl. Statuscode 200
Durchlauf 70 von 810, nutze Token mVUPBr6l1j65wPfKOFg7ONLmI8TBy3fh0vYWhWub. Statuscode 200
Durchlauf 71 von 810, nutze Token gxiPQ38oW2Rzbhst06suUsxSERbVMFx44O4DOoxB. Statuscode 200
Durchlauf 72 von 810, nutze Token Q4wFQUkcfDey6L8dmpBcNW7q9USkpL6ICCbhqMQD. Statuscode 200
Durchlauf 73 von 810, nutze Token Vt5ZlvFg7CkudOE3Xy5uWzz5hnXN5iFjhLtcH1nk. Statuscode 200
Durchlauf 74 von 810, nutze Token 3NMpUIEUkeAiDwOS8D4me8ntcEVlQG4iaetl9VWL. Statuscode 200
Durchlauf 75 von 810, nutze Token T9gRSs9lVMWCuVLZPcgh48jQEPaqWnXTFEs8Aen0. Statuscode 200
Durchlauf 76 von 810, nutze Token lqgK00BMIMtcLTYZoHD5sZ6JDGHu800IVGv1TJ8e. Statuscode 200
Durchlauf 77 von 810, nutze Token BxxYtci5f9RJOB7Fh7sgEIIiFVb0DjjhjSEt0Edu. Statuscode 200
Durchlauf 78 von 810, nutze Token COp2CffLdcRezJAOztjS576jNyVUWXsF0MAuPUh4. Statuscode 200
Durchlauf 79 von 810, nutze Token K8vkmhP99rbsukAalVnuyBefCyMB7M83m8KC4pFZ. Statuscode 200
Durchlauf 80 von 810, nutze Token PKKSDaSbRwjcjDlfQzoM3V02CyjUDZL4yEFWkHaX. Statuscode 200
Durchlauf 81 von 810, nutze Token FNpFa3sgEKiXsDrDypvSN5M7jytenumDFL2ND5or. Statuscode 200
Durchlauf 82 von 810, nutze Token fnO7r53FNbvWadbNkF8zemW4kb7GITpE0gDGmpnA. Statuscode 200
Durchlauf 83 von 810, nutze Token PyZCfw4Vdf7lsswbnreWbhILtZ9nmzcwvgnDGtce. Statuscode 200
Durchlauf 84 von 810, nutze Token d63d8MiDiofdt6IkoWzlM0HO0l8pZtDDDlbSQKKb. Statuscode 200
Durchlauf 85 von 810, nutze Token E1F6o8xHPXsVLqPDJbuVQ5tkUQsuAf3zcjTlDBwn. Statuscode 200
Durchlauf 86 von 810, nutze Token L25B70iBPbETq6VOhWs1CGiube5aJ9VaHSVd6Iqk. Statuscode 200
Durchlauf 87 von 810, nutze Token isOtwpxOjbVcCxShuok3XbyGBwVQ5G2ZFYQLvprW. Statuscode 200
Durchlauf 88 von 810, nutze Token LIptm6vG1bxhfY3j0ubj2i8MBJvfhvbJK68b8hu6. Statuscode 200
Durchlauf 89 von 810, nutze Token nav8sPweknllUvLGy5DvWll4uQ7YWdJP7NxsOUzZ. Statuscode 200
Durchlauf 90 von 810, nutze Token snNG6W5oLHiBxcMM0MBbcMiZ6FALeKZRsHyxtSCT. Statuscode 200
Durchlauf 91 von 810, nutze Token 52j2EyMYLvpPWWORFZJAkwKOT29fKqDddTGgaH9Q. Statuscode 200
Durchlauf 92 von 810, nutze Token WQAkq7Exz8jay6g8VuXOpEp3Bm6SUkl3hBIx0JaS. Statuscode 200
Durchlauf 93 von 810, nutze Token xV7PeUcWSIQBY8HY2buDdr7ykvdqLkioQq8HPFUp. Statuscode 200
Durchlauf 94 von 810, nutze Token 99UUBVV6RsABwQpH77E7hEbPr1AAHpixIMQ618Kc. Statuscode 200
Durchlauf 95 von 810, nutze Token szmii0ztXsyEsJAC7Z7EcP7EFsycyGBUoyAjB7I5. Statuscode 200
Durchlauf 96 von 810, nutze Token mNeYar6ugJVVVFiF6IVL61wbLrZsJiqABqdNHiE4. Statuscode 200
Durchlauf 97 von 810, nutze Token RpJzi15dEeTpvusG1eLLKsQNktLr0TmpQ6CAxPE2. Statuscode 200
Durchlauf 98 von 810, nutze Token wOS5v3OwPoPv8jLHHoFWK93zVMSOZyKDqFtMnnDi. Statuscode 200
Durchlauf 99 von 810, nutze Token bepiX7dzh7YOLvJy6HfQ5Q4vujNwYZ9ESx5brqaU. Statuscode 200
Durchlauf 100 von 810, nutze Token FUTyU3B0DJKiLQmzCaiZ5eHekqli0IEJ8ZQOl6BC. Statuscode 200
Durchlauf 101 von 810, nutze Token KqEN9A4NFFcOZnpbtYQ0nk3px6apdni10N0G3FxN. Statuscode 200
Durchlauf 102 von 810, nutze Token i2ftQvxyWqK71CI5tZhoOl0B418cwxWuw0uLauHy. Statuscode 200
Durchlauf 103 von 810, nutze Token WFJxwXz22X85m44dt2CrQrv22bwvYPwAulcmMOCM. Statuscode 200
Durchlauf 104 von 810, nutze Token TrVO1DeCU2J2tVIsHXNL52UNvqy3CJxTdsaES1mt. Statuscode 200
Durchlauf 105 von 810, nutze Token vICwuEOSmLg1qlRoCUxuznvwNI8FDtmUgmR64DIt. Statuscode 200
Durchlauf 106 von 810, nutze Token VNrNJmzYLuuMDCW8Mx19wYx7Sk6eYrcHoXDAHozd. Statuscode 200
Durchlauf 107 von 810, nutze Token 2FLgY4FP5hWCHT0DND66xQylTNaeECTjgSSzXyl8. Statuscode 200
Durchlauf 108 von 810, nutze Token bt3vaZ55rH5Ecg6qM1eKMsVzmT46WBJvSwe1IPlT. Statuscode 200
Durchlauf 109 von 810, nutze Token rXTNfxFqRarDh3pZZEMY5Qjp7ycI5hDyMJvRYbOb. Statuscode 200
Durchlauf 110 von 810, nutze Token oSyYUR98Q1IGBLJOaMQpB1FwIItmxzqydOEwuZxs. Statuscode 200
Durchlauf 111 von 810, nutze Token gUFHiKraeRaiqWof8VisfQrtc5DAJds8nA16DmDB. Statuscode 200
Durchlauf 112 von 810, nutze Token LgA6ie47gYqoKWOdyoAa1F6uI5QltBaL5BDMGw4j. Statuscode 200
Durchlauf 113 von 810, nutze Token V60y9nGghWCz83AYNTo5ngW7TIJbFozbyb7hzdIB. Statuscode 200
Durchlauf 114 von 810, nutze Token PQwbfOX4aLsIkjgpvecIaUrIaU9mtR4Qhd2r9rz8. Statuscode 200
Durchlauf 115 von 810, nutze Token qJ0WWx0Dp4HW5UyzSykMiZI8qq73Zsq318u4B5yP. Statuscode 200
Durchlauf 116 von 810, nutze Token GScwV0mEPPdZ9KR00sxaf4Axk4HDJlkCdTwHSbAS. Statuscode 200
Durchlauf 117 von 810, nutze Token RBcki6bTpx9dqHMHRRmRHBPQDjSeys0nttoEnZx5. Statuscode 200
Durchlauf 118 von 810, nutze Token YB3Mid09YZgv6rXiaxxDcWbjoPsnVFxqW8GvRtss. Statuscode 200
Durchlauf 119 von 810, nutze Token 7K5Ec2bRMe6wjyM9U6yAtBVKKUB3pbI9orQMxGOv. Statuscode 200
Durchlauf 120 von 810, nutze Token TK2yfOrNwkoLiC1hIyZnMSGnrYJKCOGCqMVzKZkV. Statuscode 200
Durchlauf 121 von 810, nutze Token P8Ktz5nrZpppDNGRcbYgpNaIB90Mrddk2YOYnyed. Statuscode 200
Durchlauf 122 von 810, nutze Token 6Q78VLM8X6kORkcT6cHUNI31v6KBSSDR0FMUrs1V. Statuscode 200
Durchlauf 123 von 810, nutze Token SDHlUmp1cjdFvsaYTeaVzJmh8wA4ScGDMaRsXCzk. Statuscode 200
Durchlauf 124 von 810, nutze Token 2zp2kZPOS8Sw1AMNc9Nfop8T1YNAP5TqzDAi4tCC. Statuscode 200
Durchlauf 125 von 810, nutze Token zogoqLghDvjpEN3A0vdDVMSsdrPo32kqYge571vf. Statuscode 200
Durchlauf 126 von 810, nutze Token LBId5fAOgwwSJEIJwoS0NlvWlePoS53bIit1c7aB. Statuscode 200
Durchlauf 127 von 810, nutze Token jE7XddDoGdZRaJLlyXkyBf3Oqu7Pi6l1Ts0lXdDR. Statuscode 200
Durchlauf 128 von 810, nutze Token O09tU8bBBHlX0p2EMt63P3aZrrSWcAUxReV8mYwW. Statuscode 200
Durchlauf 129 von 810, nutze Token wFhCvbJ0vAYLBwCQC4IkdAsX2ia6EQJLiBs7eddb. Statuscode 200
Durchlauf 130 von 810, nutze Token LvqAGOw2oIxnCNQLKgzZdaMCGrmXdyWBgkvBMOA2. Statuscode 200
Durchlauf 131 von 810, nutze Token 4nUtJ8qTQJ0wBYnoeqHlDrwQmcxAHJdbzQ7kU9Al. Statuscode 200
Durchlauf 132 von 810, nutze Token qiDX65rA1RB7VHDrsZynsH5CQhRcm9ybTOFknDQD. Statuscode 200
Durchlauf 133 von 810, nutze Token btUtqBHnCg6uucMWK1KPZWgLNGT81Ka3cKvcZ59x. Statuscode 200
Durchlauf 134 von 810, nutze Token 897NJuSDiqOHk9jHmV7f1KeXyWSr9jZYC5kJcdiG. Statuscode 200
Durchlauf 135 von 810, nutze Token qcGGYkt0u38AgTcJSygKfjKH73JG6nL6BNDkmMfo. Statuscode 200
Durchlauf 136 von 810, nutze Token o35EonCM730pZs25uwdwwev826LxXn5BYeWJq1Ny. Statuscode 200
Durchlauf 137 von 810, nutze Token i5IKhfwTQhN7zZoUf7LZSX32yYHxjSvjdoDe9Tbz. Statuscode 200
Durchlauf 138 von 810, nutze Token gebuFVpuR1X9tukTqDZgwZfjZ2N4dmTzHiVuNfXa. Statuscode 200
Durchlauf 139 von 810, nutze Token UvqiWOQ34ykI5Czt3QcFVOrXll1yHl0VWiyxy2Xd. Statuscode 200
Durchlauf 140 von 810, nutze Token be8B8mpFnsAhAxU78bJAboNugAJcdpezcIEpMaXG. Statuscode 200
Durchlauf 141 von 810, nutze Token UWMBeG1k1PXL1eoHACFXbqxgMXiDQkJrdS8vImkt. Statuscode 200
Durchlauf 142 von 810, nutze Token sElzoxf4qufjA5EK0wRsDhxNlQYrFrfAyFAD87HA. Statuscode 200
Durchlauf 143 von 810, nutze Token ws5vRgKbGXNZrCecvR1UMDbtqLFlaEITRylK9BDi. Statuscode 200
Durchlauf 144 von 810, nutze Token asvSFsT8uzSxwNI40cjYya0aZNMOLFZH0XZsxDkh. Statuscode 200
Durchlauf 145 von 810, nutze Token 11FsiCViOUhj0O3CjqyV50RgHCnEdX5eznEhpefL. Statuscode 200
Durchlauf 146 von 810, nutze Token FgzhHbwg5B5sgog3rtjangsQ8q1J4HcxwogPcZmL. Statuscode 200
Durchlauf 147 von 810, nutze Token yytOZrDqqTZQvuA6yDfFTqvBcvhCToTF3HBK8OdX. Statuscode 200
Durchlauf 148 von 810, nutze Token sZusE7co24Q4XB97eOjBn8gBrg964RQf1maksqb5. Statuscode 200
Durchlauf 149 von 810, nutze Token o1CMUgmjkRP5vCWbOIdASgh0GivnLONWslTWikfq. Statuscode 200
Durchlauf 150 von 810, nutze Token 2VgD3m8KL26MrNzGBFTk95EbHqXNfTH8DBDK96kR. Statuscode 200
Durchlauf 151 von 810, nutze Token b1BPHyAEFU2b6Kvqdp6rEsMvG02i9LhAkvryr7Yk. Statuscode 200
Durchlauf 152 von 810, nutze Token HOGdmXFpjoO9rqddUoyI0E5JEPAFiHLcEHnz0glA. Statuscode 200
Durchlauf 153 von 810, nutze Token 4YPYFsoPUV0uUw7BN2Xz0iE7A1x3abiG0bK8PhNv. Statuscode 200
Durchlauf 154 von 810, nutze Token Dq3Ja9Y4v9JF6HJ2NDQJPRQAWcZ65eYaWCzjyKIN. Statuscode 200
Durchlauf 155 von 810, nutze Token MGBbleIFy6My9j61Nd22ZosyTV3vZ8NbSd31aS0y. Statuscode 200
Durchlauf 156 von 810, nutze Token kK9yQdNP9UGnMqs3w0VaCgwxgGyoD0bDI1DdLYhc. Statuscode 200
Durchlauf 157 von 810, nutze Token bFtHgabLXL7kUz0ZdiAVDaXqhIPMWr3OMjE4HjpR. Statuscode 200
Durchlauf 158 von 810, nutze Token 2kEZWcb8a3nmeKHr1UVIt5nrdyws0u3nSojXQ0Oz. Statuscode 200
Durchlauf 159 von 810, nutze Token cHuAvQGRVPYSyCABahi4Exlp2m72QloypdoAHefv. Statuscode 200
Durchlauf 160 von 810, nutze Token Fu4I1EluCfTbk7AfK0xeafcTOhGJOCxCWoyxNGpL. Statuscode 200
Durchlauf 161 von 810, nutze Token 7yRKyJ4J0YM5xk7ZyEeQRLoQcDJD10mNRqwurM2I. Statuscode 200
Durchlauf 162 von 810, nutze Token 0eBPSpU3IUWc0wCvCloHodSsEv0Xv9wqWYNGa3s0. Statuscode 200
Durchlauf 163 von 810, nutze Token H5IlV2rFi7ikbzLyhZ6SmVH2VOUF8YXiWcEwnvzW. Statuscode 200
Durchlauf 164 von 810, nutze Token QJy49MmgqMPj8rzWgEw7pGrebxEdnLOJH3FTRgrF. Statuscode 200
Durchlauf 165 von 810, nutze Token ycTGszSGkJjPf32nnFJI0PBiH1QK9yWrIFN7cOlU. Statuscode 200
Durchlauf 166 von 810, nutze Token jlOIzTmQJL6OLDxzwBfu0c2V6eTaLaQvlHu6UdRe. Statuscode 200
Durchlauf 167 von 810, nutze Token ElIjGpjymLBdM4KBJYTirBTuLayrXungp6F9zQyX. Statuscode 200
Durchlauf 168 von 810, nutze Token mer884T2QhZa4panZLzXkVzcz0BmZiAsxZroKRyv. Statuscode 200
Durchlauf 169 von 810, nutze Token eDogdZqG6C6a3kKEMgMOFl8hmpftLIE3m9Fl2b4X. Statuscode 200
Durchlauf 170 von 810, nutze Token oz6o6q0sfQiZGewEzZpH2FJEQzvLVSHMQ5bfWsBL. Statuscode 200
Durchlauf 171 von 810, nutze Token BCk7leBJxldrBT1cxMy63w17V0chzQpYtxgAkVJI. Statuscode 200
Durchlauf 172 von 810, nutze Token Gwczje2YchPyTsmikP9e66YYmtwg72u0hjuBHtpy. Statuscode 200
Durchlauf 173 von 810, nutze Token paGz82bCqxgNVyyQoGjcUcxHhTnl1Vp0BLByZHaA. Statuscode 200
Durchlauf 174 von 810, nutze Token Q5pkcIsZwwvx0IguQ0ckO35KZETP2mDfV0GkWxfg. Statuscode 200
Durchlauf 175 von 810, nutze Token UZ2bDSptoo41Vkj84XCt5icQCAVlE6fwjGOnVBu2. Statuscode 200
Durchlauf 176 von 810, nutze Token 4hXRl1OFSfhKUf4bqOfHPY6qHFvty0SLmyCiWa83. Statuscode 200
Durchlauf 177 von 810, nutze Token jJR2MNsR3WcS45xNCBsA57tO3gjamj1CLe5AuYsl. Statuscode 200
Durchlauf 178 von 810, nutze Token lISNqgrU6LGWOSQ2uoEABtu6OwbUfrt5qiFOwMrD. Statuscode 200
Durchlauf 179 von 810, nutze Token mUgj8fTZV0e3SxDFqeqAFCFpEgTiAJOQOtKzZHnU. Statuscode 200
Durchlauf 180 von 810, nutze Token pg2D5Zy16RtxHnJa3DQXQRGGraJiaMu6IMmPMtCe. Statuscode 200
Durchlauf 181 von 810, nutze Token XGWeFz6M1ctgiQYcaR21rVLekfCfKFfoKe7CnEOg. Statuscode 200
Durchlauf 182 von 810, nutze Token AkSaIj66wvQF2eaf539m4Hg0wApQf8aWE9mCUa74. Statuscode 200
Durchlauf 183 von 810, nutze Token P9JTzsJz4kIuvC3sxkwdji3jbxzSQUY2hUtEdxtT. Statuscode 200
Durchlauf 184 von 810, nutze Token QkuhZrlzeGQRyYSrslzvVJe9qc9RYYSz1FyABoec. Statuscode 200
Durchlauf 185 von 810, nutze Token 35WYJRnpgTAtoeSJDMjPReUHMq1EuilpnqI4qsAw. Statuscode 200
Durchlauf 186 von 810, nutze Token ufZa5vNtl6zVTiRm4gba3ck2e2l4gTGkwiUTaRY5. Statuscode 200
Durchlauf 187 von 810, nutze Token JDyawenXXKsmDnPeSY49yCknHGJm9XqgZBXPg2oX. Statuscode 200
Durchlauf 188 von 810, nutze Token pXz9xy5oZ4qScpa5yPCENsXKbBO3d2BNfSQUAHuz. Statuscode 200
Durchlauf 189 von 810, nutze Token O4eRnhDxADJN9V2dHB2m16HUdtvz6uRLNSa0UeTX. Statuscode 200
Durchlauf 190 von 810, nutze Token feAB4mKQ4bGq6YTExKa39wCnDZ7LXHvgGdeL9Gey. Statuscode 200
Durchlauf 191 von 810, nutze Token ogCGaNEUoAkMQfxnSRwP1OkwIYFnpU0L6FMVbgtu. Statuscode 200
Durchlauf 192 von 810, nutze Token kTHC4aI2PhbeXDczwB7k69RbQTbigsIo2uRp3Fy9. Statuscode 200
Durchlauf 193 von 810, nutze Token uUHnzO4R7wawaphaplWicKERkGa0TW067guQ5J0a. Statuscode 200
Durchlauf 194 von 810, nutze Token yZVtFvTzVv9erTf0wwDKCKnw24K0pM6fjVbKn3m7. Statuscode 200
Durchlauf 195 von 810, nutze Token vqU5V8iNfWGR6ItukPWwDraMwHSQ7PERl7QYt2c7. Statuscode 200
Durchlauf 196 von 810, nutze Token SHHySC4D85IK6ierW8rzGqck0IPkeyL73ELy2T7b. Statuscode 200
Durchlauf 197 von 810, nutze Token UdT86QPzWhqSTbRfDDdsT0eAvQUdObGUk6uzfLsm. Statuscode 200
Durchlauf 198 von 810, nutze Token 6T4g88eYgEl99EjnDDWidhJjTS6RejRONNGorDhE. Statuscode 200
Durchlauf 199 von 810, nutze Token wORZ65LROZpgG17eh5CpgK3COoTB6HO0ZishSQRl. Statuscode 200
Durchlauf 200 von 810, nutze Token d6yVs9S3MSJJwpqwNTRe03hSJgih9xQ2cK7NLnyl. Statuscode 200
Durchlauf 201 von 810, nutze Token 5hABt0eeAcMWUlI3n8dP2Elvx44tCSBTTfpBHj8z. Statuscode 200
Durchlauf 202 von 810, nutze Token l1XSCb00iKw2oixnN8uEHdZCZxLGiYu5ZBq9yWtw. Statuscode 200
Durchlauf 203 von 810, nutze Token OPkW0soHS3NUtiNgo1vAvSPwIKN7mpoBBobDf8CV. Statuscode 200
Durchlauf 204 von 810, nutze Token Ge7q0dWjF68ZeQ7kobbTF054nwb72T3QJF2Ysnki. Statuscode 200
Durchlauf 205 von 810, nutze Token d3RBkl21hu1hPQ3fyR8RudUfTR3u3OCh8A8azY77. Statuscode 200
Durchlauf 206 von 810, nutze Token EDg5QURMWkVobuv6QxuFKBjKfXzvOqlfOz6v30wu. Statuscode 200
Durchlauf 207 von 810, nutze Token vfG2gWqPhvLiU5I6E9rlAD9ZLdKGt3y6LR7e26N6. Statuscode 200
Durchlauf 208 von 810, nutze Token oMnigk622746Xv07R3vzPeh5KN76nsEmdB0ieTtE. Statuscode 200
Durchlauf 209 von 810, nutze Token T9coCfdpf1kr5pqvTfvK4Ul6laxNSdM7RohjMR0r. Statuscode 200
Durchlauf 210 von 810, nutze Token uP0WOB07MEpy9pagWiLA6xPITOEBnltolfmqdZGi. Statuscode 200
Durchlauf 211 von 810, nutze Token dWgkkIDQwO3GLBbJL7Gfh6tP4SFWR9vvDjfCdKMC. Statuscode 200
Durchlauf 212 von 810, nutze Token ezLvo27G49NegXB3EJmoFnLqDh5fp9tZdmN6hzTL. Statuscode 200
Durchlauf 213 von 810, nutze Token 4T9zaxMECGOiU00I0NXTpf6PwGuG89GzCIEkPCw5. Statuscode 200
Durchlauf 214 von 810, nutze Token HzJHKufUHHV4Xz6MsRWaQvXhPGK1ijVvDT8HL3eV. Statuscode 200
Durchlauf 215 von 810, nutze Token Qnyz9NL7GrzRrpx64LqfCoAUYYrCRwd2zCvvhcDC. Statuscode 200
Durchlauf 216 von 810, nutze Token AeH9QSYkY1Hoewer98kconmghKZhKY6xFQB1fntg. Statuscode 200
Durchlauf 217 von 810, nutze Token TotJoxxzRQQe7etwUtbz4phv6DfqR7BHXlPhzaUw. Statuscode 200
Durchlauf 218 von 810, nutze Token 9lRYwo7KY0rSriH2COrRArGSofjMzUwseQPg3DYp. Statuscode 200
Durchlauf 219 von 810, nutze Token ZFXmo0g9yPCqiS0AduxHQ3uzfeetXMTetK1lAhNh. Statuscode 200
Durchlauf 220 von 810, nutze Token 8Sy0NsbPnCL1M5GxLfAHbYq8ou6CgI6XTWLqLx3Y. Statuscode 200
Durchlauf 221 von 810, nutze Token Aoy1PY9QQ91GMhLwkZ9psWnhaqQUFzEvtN8Cgn1P. Statuscode 200
Durchlauf 222 von 810, nutze Token EcSNNOF9upIFch11KsbTKu3ilMkG1Wc31lparPtT. Statuscode 200
Durchlauf 223 von 810, nutze Token NOKRpwmxlGOz58KZ8xkVKrvObl1WDxNgTjoKFRA2. Statuscode 200
Durchlauf 224 von 810, nutze Token 8EcW4vehnzqxv4Mhq2MY1Hi5hSqmMMG0m36494xQ. Statuscode 200
Durchlauf 225 von 810, nutze Token JQaFLOy3DtAPl9c4wKIZpcEzFxNeeFkHQh7EnJOa. Statuscode 200
Durchlauf 226 von 810, nutze Token nO995JrFc4p0G2kQ39NKi6oxB8YMhwMvF2XEhhvM. Statuscode 200
Durchlauf 227 von 810, nutze Token f1dnW9GuMsScRQPenKsQZt9vnR43KmKWkrmFm4qm. Statuscode 200
Durchlauf 228 von 810, nutze Token 90jRxXdm2Gfo5aHoFBr0iJVcTot7T8wO8lBHRS8S. Statuscode 200
Durchlauf 229 von 810, nutze Token MhACaogSJ0zE8e2rZjq41WvaZHlWcCWp76Emb6Sg. Statuscode 200
Durchlauf 230 von 810, nutze Token UeoJuBvPKJ7RZG9dD8LZelRikhLtdlWxvWHISNVD. Statuscode 200
Durchlauf 231 von 810, nutze Token t4yHUldJtbb3fvVZbbN4za9cwgNnonuIlAATiUJP. Statuscode 200
Durchlauf 232 von 810, nutze Token nVyQGkVYmFu1XC4ViLU6uI6Wov5Xm8sdlt3DTlcD. Statuscode 200
Durchlauf 233 von 810, nutze Token h5j7mCPyl1weGF9YIX0rJPwCCowLIP3JNl8f4JQT. Statuscode 200
Durchlauf 234 von 810, nutze Token izkXsiWmfR6MPetDN0lXCgPhHVbjHtcPXqh8UZfo. Statuscode 200
Durchlauf 235 von 810, nutze Token YN64FZcV30nKGFODsIjaJrqR29iIarYRMmxuVLpm. Statuscode 200
Durchlauf 236 von 810, nutze Token TZiOWhUiBOUp8zbLqDqN7Q24WmVFgqeAAHk7Mdg6. Statuscode 200
Durchlauf 237 von 810, nutze Token LpEyFgsPAa7m13XmxBxbKzg2XXUI64xzQk20xFQx. Statuscode 200
Durchlauf 238 von 810, nutze Token dfQFEJvLBBDITlFZaaMruHlp1pOTgXsEv4hCKT1A. Statuscode 200
Durchlauf 239 von 810, nutze Token KrZXQgK4AX73thktHlEJys62OM9PaAL6hMwLyDVd. Statuscode 200
Durchlauf 240 von 810, nutze Token 0aOHCwVg6Odc4RiSGLyj3dlNzcLmDD2dFtIUarr0. Statuscode 200
Durchlauf 241 von 810, nutze Token 9TOo1keBwlO5lhcsip2Z39QgKDxkXaHb9RlkbmUp. Statuscode 200
Durchlauf 242 von 810, nutze Token DZypyHART4jtavvAFOoEkrhaBzzNF51menF1SIBi. Statuscode 200
Durchlauf 243 von 810, nutze Token ZQCCm39pNWOaMenm8xYyPEBmGXEhzXyuSGSNlfXK. Statuscode 200
Durchlauf 244 von 810, nutze Token s7c8XLEuZSsgtaNFP6zrHSBt69k5lXaW2gefbJdf. Statuscode 200
Durchlauf 245 von 810, nutze Token FIjgmknM31roSx3x52GEEghAycWWkS51QX0Ikku3. Statuscode 200
Durchlauf 246 von 810, nutze Token pEH7dGmAYjnybnqO2ZiODfvPBX8w4y1enmruCFMp. Statuscode 200
Durchlauf 247 von 810, nutze Token tWvmNUbkzWchiemoHKQscPQ2zY70yXeIKuNzP4DW. Statuscode 200
Durchlauf 248 von 810, nutze Token pBdzmCTfQG4elVOI1feLRkpROnX7cIhCZ1TeOMkQ. Statuscode 200
Durchlauf 249 von 810, nutze Token bfRF6yfdgsyv8mZxtxGlXfnXioiVytUrRxnfXPEF. Statuscode 200
Durchlauf 250 von 810, nutze Token e7DpV2fLoaB6yi3Vhgli2IJwJBfHtlVsw0RTkNnV. Statuscode 200
Durchlauf 251 von 810, nutze Token VVGkqUe7bnmYrwKmV71EwUHqc67hclsgixCm9GBv. Statuscode 200
Durchlauf 252 von 810, nutze Token 6962zmYCHfC2R0HKcLTqGH3AOfxpprm9FoT44LVW. Statuscode 200
Durchlauf 253 von 810, nutze Token 4jx2iZwTCXg6h7NBgEfe8Mcj1IOY2Jpzigxw5bqt. Statuscode 200
Durchlauf 254 von 810, nutze Token GsYYjP5So4HGdbAmxxueEax32dOq7eKM5I6dwCdi. Statuscode 200
Durchlauf 255 von 810, nutze Token pH2y1wJzQAOF3j6COMWobtGGdynKLLU5I56yCKry. Statuscode 200
Durchlauf 256 von 810, nutze Token s5Ou9eiAzyGsmiKDYhRFvjtBy6ktb3loX3jvcQvi. Statuscode 200
Durchlauf 257 von 810, nutze Token fxqqHm1Z4C6NYLSgrFQJxQ1D5an5RSaEqZxUdk6s. Statuscode 200
Durchlauf 258 von 810, nutze Token BbPJhEIaCqlGk1pUuDWZc8yYGYMMV7dO01bSIvi7. Statuscode 200
Durchlauf 259 von 810, nutze Token dqu4zyh5kF3iFNWohAYltb71Z47TbrXWH4WVG05J. Statuscode 200
Durchlauf 260 von 810, nutze Token 2Us5xZNkhm0mSyym3P0ajysKaqNFESvNjXDAcTPK. Statuscode 200
Durchlauf 261 von 810, nutze Token hdrrYR1Vg0lTYyRAHMWKbPegTeDtcBtJmjF58GKV. Statuscode 200
Durchlauf 262 von 810, nutze Token WyXY2r6gU806LDf9nd7fpMiJ38VKsetKdIsB92ld. Statuscode 200
Durchlauf 263 von 810, nutze Token ayGjsk7IGR3p6CEmL5PgHFLPH7SHaFvO9eFtxo54. Statuscode 200
Durchlauf 264 von 810, nutze Token j3Pmu5R6ekWDtqDG7L6AqxONUSqlIM5KTCYtYLBI. Statuscode 200
Durchlauf 265 von 810, nutze Token mdOVt1qBSop7pLJR5X1ER713dMtckMC6mwXDyHky. Statuscode 200
Durchlauf 266 von 810, nutze Token RYOZqHLU2LI2lEGgKx2AadlZD2K9QpoBvrR4Q6Xs. Statuscode 200
Durchlauf 267 von 810, nutze Token K9ouHVN903D5vyEAPJO9mhRWnBcov4yOmoTHx3nw. Statuscode 200
Durchlauf 268 von 810, nutze Token de7edAFA6E4B4eNOMEtLARFj5Ubp7UUxWGGPY6Ld. Statuscode 200
Durchlauf 269 von 810, nutze Token Xjyi1nfnYy0KpV0SavsRWN7jjwFO1HZDzmyUWVqc. Statuscode 200
Durchlauf 270 von 810, nutze Token nnqLxtw5GBG3fru6kbDQSq3naVNtGKq4TXjZJNxh. Statuscode 200
Durchlauf 271 von 810, nutze Token UnUSBEnzgoIRg843gkWlqJJZWK2X5ZKYPTburMR4. Statuscode 200
Durchlauf 272 von 810, nutze Token yISwP6aQXf7S1wNl4bNtyotFH1gEPi9VK6spKa37. Statuscode 200
Durchlauf 273 von 810, nutze Token k5CEHP8JblTEUNMLnfNdme9NugvBILd5gqVjfdGe. Statuscode 200
Durchlauf 274 von 810, nutze Token 6w9BQTJzewGm30AmzhhxUPrqLu4CIBAxejHgbpxi. Statuscode 200
Durchlauf 275 von 810, nutze Token 9QzXx34e0bluDrmKSONF9BhdbPibLopjPeSYrRgP. Statuscode 200
Durchlauf 276 von 810, nutze Token 8c5RfJbSyd9lNfr37260ocwjJIIRzgZyAXbAE3TC. Statuscode 200
Durchlauf 277 von 810, nutze Token E5ZsBdIsXoiXtz7ztkJ0DDF65mecJfXiupOyAgwP. Statuscode 200
Durchlauf 278 von 810, nutze Token hn6Cp7iTpXEuvLzqsWFFfHu7aSxmOv4UmCAzYbjp. Statuscode 200
Durchlauf 279 von 810, nutze Token weZgU8F1XSNfQfEwWzlAajCzrTXA8PbFtIrbqX3p. Statuscode 200
Durchlauf 280 von 810, nutze Token olvG02GI5lGez1nGrV4Vq4si0R3HfW23gQzaBwzP. Statuscode 200
Durchlauf 281 von 810, nutze Token KdIk1H0GAmJJJAHc6kEyuUPBshQeuvY6FTXTssh4. Statuscode 200
Durchlauf 282 von 810, nutze Token BFNjvlZWHxJDVHlOxLGcoIGYXAMH7FAd04JPFpU2. Statuscode 200
Durchlauf 283 von 810, nutze Token W3FYDW6Zoo4z49yweLb9rhRj7HGaeiXFw5gCckG2. Statuscode 200
Durchlauf 284 von 810, nutze Token 981uxixIVrPzRp8qBPzMaXISexnyEQ7Mgeu1ZuRX. Statuscode 200
Durchlauf 285 von 810, nutze Token 3N0upnfee37faHufF8KC5fLF52WozSHtLnU7DDal. Statuscode 200
Durchlauf 286 von 810, nutze Token eLD7B8tGcIqegaJth8f5aSP2ZMCA5vrH9RoJzTah. Statuscode 200
Durchlauf 287 von 810, nutze Token XYHr7tT9tlHwP4atwuQVh7Z7KO2Rp4b5xJelKTHK. Statuscode 200
Durchlauf 288 von 810, nutze Token UdXZ9Iyj1IBcRQqNDTzg2tC6m4xkEPvwohWqW661. Statuscode 200
Durchlauf 289 von 810, nutze Token m5SwOnPCETqopBntcc4ot3K9CFvYKBrzgizDuZnn. Statuscode 200
Durchlauf 290 von 810, nutze Token enLPfybtlPNo6RkpwBBQrJn2LhCvL46caFdQZNSl. Statuscode 200
Durchlauf 291 von 810, nutze Token Z0CLIhly0tOzdxFCVAoCZmCHtujXiy80HqoxiP7I. Statuscode 200
Durchlauf 292 von 810, nutze Token bPtwqiQCSbi6EzQoNok8d78AXbwWaWD94wMNBgnd. Statuscode 200
Durchlauf 293 von 810, nutze Token Q4LVSlr2m6cFVG0k3KZLp7Dzy1JDro2xcRMb3yJ5. Statuscode 200
Durchlauf 294 von 810, nutze Token SwzA5mE9tCvHbzDT0iqSw55mudFXtimd7a9N9kj8. Statuscode 200
Durchlauf 295 von 810, nutze Token grbGJ8I8z9lZPifU2CTK1wP0nCKITbjHtnPnmMVi. Statuscode 200
Durchlauf 296 von 810, nutze Token jsAaMMQmVbYAeD3gG5Rda0JXMHnS2QXZnuIZoEba. Statuscode 200
Durchlauf 297 von 810, nutze Token mqsmtk6wcw9ynI61Df5GzCpZEHxrwDzoD3lLTjgc. Statuscode 200
Durchlauf 298 von 810, nutze Token 18VksiPwf46acowov3eKWuOIB2T5HEPzzMnueRVV. Statuscode 200
Durchlauf 299 von 810, nutze Token lRlnJ1l0Qi7Kb5MUjpVTqMx2JlPiWf97Ys4Ufzp2. Statuscode 200
Durchlauf 300 von 810, nutze Token 914LcCsRE8cFX1g6yxYs9E3Tqm9uKvuCeaMAKCSg. Statuscode 200
Durchlauf 301 von 810, nutze Token yRzPfJ0bijFAbN8hERchajqbYeLlPHS2WfnJMp7s. Statuscode 200
Durchlauf 302 von 810, nutze Token 7dnNaDO20ppGZFgksYXWOlZZLhWdlTWoxii05CpO. Statuscode 200
Durchlauf 303 von 810, nutze Token aS3C3mbqpwDeGak37xDWsL4yJTmGNEOk3nURCfh1. Statuscode 200
Durchlauf 304 von 810, nutze Token yK3ee1dBnuUoAxkrZulHiYzzV4oxlfOPMTkwJDSQ. Statuscode 200
Durchlauf 305 von 810, nutze Token p69AdACRwfT0AB2FrYP9BmINNx1D76xUym3n7G0Q. Statuscode 200
Durchlauf 306 von 810, nutze Token W8hl5P0JLTSsc7LyoNkTS7XBqaBWdxoRwxYmw1ts. Statuscode 200
Durchlauf 307 von 810, nutze Token s5nPjUlzQmTuFAoaOfZBn7IUM1kHHVeyRZs6vqhS. Statuscode 200
Durchlauf 308 von 810, nutze Token NeF8trsO9K1Zzpo280UKdhFf8Dz9pJV5T1znekhx. Statuscode 200
Durchlauf 309 von 810, nutze Token bJILYYCOT5ZgolcqDfTEmpTA0pJRYi4AJggGA2kN. Statuscode 200
Durchlauf 310 von 810, nutze Token adO5H3XyjbkCtDU9If14OxXUcVymyyXbJGcujRYf. Statuscode 200
Durchlauf 311 von 810, nutze Token cjTNtvhdFTZHTQKHmpGHbc4NGBHGv1LzLBrXNUWe. Statuscode 200
Durchlauf 312 von 810, nutze Token HK2tIO2RAnHs06yLtRlc11CuPTGed0Ev9GjB4P0X. Statuscode 200
Durchlauf 313 von 810, nutze Token M6ac3fr4TwqR6ZWIijfoLtMYG6JUy9k2B18eIgFA. Statuscode 200
Durchlauf 314 von 810, nutze Token 5iG6NZ7aSJza6yJWvgNk2ZrkK46quz407yZ7LxpI. Statuscode 200
Durchlauf 315 von 810, nutze Token XkDN3IbLs3ttcQ2BpEX3qZcWeQXK4S7jDJaWO9IQ. Statuscode 200
Durchlauf 316 von 810, nutze Token AkRRaNMFz3ctXAc2xjdL23OV7xGbBdPGs3qUyF5P. Statuscode 200
Durchlauf 317 von 810, nutze Token QYKCMw0qUH4i6xRLPatowNbOXDqHATKURklDK2Vi. Statuscode 200
Durchlauf 318 von 810, nutze Token rxMKcpUi7sa2JTLfxOZpJWF8j6KoVdq8rPx7R7uC. Statuscode 200
Durchlauf 319 von 810, nutze Token h1ZaOIvkuPJNdOK1d6W7meV5KNVtAzp59V5N64q2. Statuscode 200
Durchlauf 320 von 810, nutze Token hMn1sw6KJFH9n3WnaUVnPj85Zzep1W9VEEHGVHm2. Statuscode 200
Durchlauf 321 von 810, nutze Token bb07oxqJT109lj6D3zhdpIMRhFi0jXGecDkDwmZt. Statuscode 200
Durchlauf 322 von 810, nutze Token j1g13VuKXvdeeWHALBxNtJg7HnnvBFMivMvHZRvI. Statuscode 200
Durchlauf 323 von 810, nutze Token k5rSXeh3IYKDK20akBZHV873ruplQpRZYjoT1l66. Statuscode 200
Durchlauf 324 von 810, nutze Token CccQ8jTwDuVNnIKjKPBLLIMtXIyyM8bdXp7WHe4i. Statuscode 200
Durchlauf 325 von 810, nutze Token NbLcZMitD1r8lLbT8oFp38S0V4c5suKxVNHYvhaL. Statuscode 200
Durchlauf 326 von 810, nutze Token jLdUqj5WYMUWJnSloSf8Cp3QqbPUhHUxF7mDfag1. Statuscode 200
Durchlauf 327 von 810, nutze Token T36ME1SwADRdr9R9osMPAFyDJhY7kWt7YAT7Ts1O. Statuscode 200
Durchlauf 328 von 810, nutze Token 2e9AsyIsMY1USVKZAvygFAT0yx5IZ1cr9rAu6RxP. Statuscode 200
Durchlauf 329 von 810, nutze Token DfRhts0B3nxbFB8fZDGkPARvuY0Pp3D5SPXJOx0z. Statuscode 200
Durchlauf 330 von 810, nutze Token MRXjZB7FPU5V2Lpm65uJJZHuoyqy2d0jSpOlMQYd. Statuscode 200
Durchlauf 331 von 810, nutze Token CvzilchUVFXbs5lqxzdsxobGoCMOKsTy5nv60rtA. Statuscode 200
Durchlauf 332 von 810, nutze Token NMpx0rEVXNhyGe5SYyPkS0fr3Vqcoa3fsazF3x6G. Statuscode 200
Durchlauf 333 von 810, nutze Token xe5iBQqOWEvA80UEtFw37Rh9PEvctDTVyxkzwlfd. Statuscode 200
Durchlauf 334 von 810, nutze Token fkej0or1Dl17BzQdJCp5Qmdmk7yyaStaUu170X4S. Statuscode 200
Durchlauf 335 von 810, nutze Token ZHXkLKRrDOXhhQsk2IlgWK9qri5NXxqxllUGCTrj. Statuscode 200
Durchlauf 336 von 810, nutze Token 9SZWc3bSEkb6Och5UTdpOMHZKyl6xuKU4iyWEIMY. Statuscode 200
Durchlauf 337 von 810, nutze Token BurH0YQ1otCuNHDJiQ1vbu8hCGwvSuCAOqcfzoFf. Statuscode 200
Durchlauf 338 von 810, nutze Token NWzyYhyzXUnGhNNVZDWKMHFA44Vayxi82BjaVKOH. Statuscode 200
Durchlauf 339 von 810, nutze Token 5ywtA7Z1sqHmmz3nwdJktXLypNkuEdXX3doiTihH. Statuscode 200
Durchlauf 340 von 810, nutze Token 33YpFityBaNMXfOBqQZqaaiX7F64KkIVawxWFdmI. Statuscode 200
Durchlauf 341 von 810, nutze Token 3iwPQjflhN2zJtXJcgSCRuQM9KhKQUt52WdsdNpB. Statuscode 200
Durchlauf 342 von 810, nutze Token 2EAIFR2BpSkqMKU87feIFRZthczJ2oqe6JvjPYaS. Statuscode 200
Durchlauf 343 von 810, nutze Token H7WgedbBIm0bzkCxwX4nnn1Abmsoqw1VtS1bqjOA. Statuscode 200
Durchlauf 344 von 810, nutze Token 2EnUOMRJFiz0r9ttNnuqhb5BLMYohcs8reCQBs94. Statuscode 200
Durchlauf 345 von 810, nutze Token WlIJO6lnLUx7esbX8eGEyOyHoLPlFYxN7bg59hYF. Statuscode 200
Durchlauf 346 von 810, nutze Token 8nDcSG4L0Ol1Mpj3jHTVxHeZYCQzcdUji8VPvBZo. Statuscode 200
Durchlauf 347 von 810, nutze Token GCWIu8NuYk53xGgePaD8dvQUqQ2AzFahYXym5DQF. Statuscode 200
Durchlauf 348 von 810, nutze Token aKev2dUesqfHN3kmAJSi9WC3MlqSR83hdFPLH6Cm. Statuscode 200
Durchlauf 349 von 810, nutze Token jZ4w7RtsqgF91hXXETCnQTaLWjBBojfv0i6GiRS3. Statuscode 200
Durchlauf 350 von 810, nutze Token Ss2XpEnxeXVpKTfzmSlHF8UaTLKJrauKtUIBhEev. Statuscode 200
Durchlauf 351 von 810, nutze Token dlDGLqyZPxL3ofMfFerdSeruvdlU2s7fNIZf7MtZ. Statuscode 200
Durchlauf 352 von 810, nutze Token QB1dB4kAMp59IxPyknHPPGan2HscXkOvZy7n0sv4. Statuscode 200
Durchlauf 353 von 810, nutze Token UDpeMm4AUONOrnNQoS5Beo60zwnHvG4JmnhkSC5V. Statuscode 200
Durchlauf 354 von 810, nutze Token VGr4UinELg6pHRja2EXxSO0dAkB0lzIKenRauxcx. Statuscode 200
Durchlauf 355 von 810, nutze Token B3y4qzltCCm4Kl49aLt06QfmmRuxGeOvUYM1LpLs. Statuscode 200
Durchlauf 356 von 810, nutze Token dBvE3zQRDL8u8BymQMdRHKUCbFiDOXkyglOVJlVb. Statuscode 200
Durchlauf 357 von 810, nutze Token bTQGTqRNKnOoM3JRPE1NjyeyV2vyAkpBZxSOLyw2. Statuscode 200
Durchlauf 358 von 810, nutze Token yrwMSxJTeDtzwr6YUxeAYGhxqUiVUOl1HWI62rZl. Statuscode 200
Durchlauf 359 von 810, nutze Token UduSSkxgnGACbgxf5DyFC7RDagp3o7K3atSUP9MO. Statuscode 200
Durchlauf 360 von 810, nutze Token G2pYBTtN7y1ZetkNQZjBx7FQZcniifqFKbnFi5hN. Statuscode 200
Durchlauf 361 von 810, nutze Token slNDnLRi4fzNUN6hTSPGBxBg4gFdSocsGV8OjWky. Statuscode 200
Durchlauf 362 von 810, nutze Token y8a4JUaO0gsqHR1CT6GOxgJJBCskcuSaDcyZWuFH. Statuscode 200
Durchlauf 363 von 810, nutze Token CRQKm1h1DT4AteQcotwMSkUxvWf3DbHoX4lTc071. Statuscode 200
Durchlauf 364 von 810, nutze Token o6v67fvGwTD8ExTWHRsnbBgs8UKlZpAgZJGzKuqy. Statuscode 200
Durchlauf 365 von 810, nutze Token DsxidwfXgwaFaog6FtIhhXAQlWXxRPrcZXR2eXsO. Statuscode 200
Durchlauf 366 von 810, nutze Token 6a8vKjO1f78JztETEnU8Qtn5fBvotRUWMhafntfZ. Statuscode 200
Durchlauf 367 von 810, nutze Token eUN6S2rrXPhkmBaNdlsAcUGbI9l1bEeg7ABa9UmI. Statuscode 200
Durchlauf 368 von 810, nutze Token 5nCnSJXayzWKdEcIWPQ7fiP2thD1kNiZ6OIcwMcG. Statuscode 200
Durchlauf 369 von 810, nutze Token W30BE8Mi26zTJJHcRB3kE2Bjg0gsKd0vCZY0WuHE. Statuscode 200
Durchlauf 370 von 810, nutze Token iYFRip4n9ofv0sEa0036fdM9l7Qpl30rBwNvRh9V. Statuscode 200
Durchlauf 371 von 810, nutze Token TojCtO0oUAfVbRDXEqAk0juJD4G9lpxqfn3E3lQP. Statuscode 200
Durchlauf 372 von 810, nutze Token GTxwCS9VgWi8XZl8aMPwwNLcaIUj5dPoGmCBF9M5. Statuscode 200
Durchlauf 373 von 810, nutze Token DC7zVzVjTh7SNyg7tJ2HpyRuwar2HiU5Wy1WQ720. Statuscode 200
Durchlauf 374 von 810, nutze Token kohMt0sYMLy7ECvAR1UlSXz1ya40h5wnMolavOry. Statuscode 200
Durchlauf 375 von 810, nutze Token ZWBkTPxsLudfV27iqKg0defVBJ4n2uQq7EyKFCCT. Statuscode 200
Durchlauf 376 von 810, nutze Token n27qURAKANzvPZMScWlnnShjF9WuJVcoHkDl4iwF. Statuscode 200
Durchlauf 377 von 810, nutze Token oQzjD7iMW1me6OykCn0Xyk7Wew89s8ZtkFObinKI. Statuscode 200
Durchlauf 378 von 810, nutze Token 5JxBFGdhFIWieJHrd2P1YfAXrdqgmVTSE7ITNy0m. Statuscode 200
Durchlauf 379 von 810, nutze Token ZF2Lnpm0kqyu4CUl8RFZ2nlboIhhCMVtsjyUdeTK. Statuscode 200
Durchlauf 380 von 810, nutze Token nKzklWblkk9ab8fpvyVszfgVuv1p1ss8ztjzC8mM. Statuscode 200
Durchlauf 381 von 810, nutze Token Qd7BeS37DS3cBrdtOXOEKaIkgwzWA53It8a9XZYa. Statuscode 200
Durchlauf 382 von 810, nutze Token B3p5IOQVDSAWkiriR6cjG1wl0tp3jNyXFhVBXNCR. Statuscode 200
Durchlauf 383 von 810, nutze Token Gr225vrEf0AF7ChIHzQMg9FF0l2hKyHfOLIGUvpl. Statuscode 200
Durchlauf 384 von 810, nutze Token pDfLpLSZjqdMJC6OtDExoykdQc5mGU0wrVSc9xlc. Statuscode 200
Durchlauf 385 von 810, nutze Token uyS6ZlXitlWDM6AdrC6wGaj3iIuGsl8MQEMoIzsD. Statuscode 200
Durchlauf 386 von 810, nutze Token VwfPNPc0qIVov3s3o4htUjtxVvBFoTI2jhl90box. Statuscode 200
Durchlauf 387 von 810, nutze Token Uzira5kD30MRlUgFGJhHMmS64FH58nCKCzVFW4fU. Statuscode 200
Durchlauf 388 von 810, nutze Token 6saqVjeRtegGY6O0jwYc9Q0F5SxYGezNiplAZaz8. Statuscode 200
Durchlauf 389 von 810, nutze Token 87hloSiKsPCVex8B3PeWiskgojVP2CObHcybD4KX. Statuscode 200
Durchlauf 390 von 810, nutze Token RlN2WnGfGH0jvcpUFZUsWxZ5sPkifmCjez1zzput. Statuscode 200
Durchlauf 391 von 810, nutze Token eZSrRjmemQVGkcgwWRuKfJ0opek5FBBemHGnlZjk. Statuscode 200
Durchlauf 392 von 810, nutze Token ZPqwOCIKUis3EFubSOVne2RFw0T7g0rsFZNMOgTy. Statuscode 200
Durchlauf 393 von 810, nutze Token F7zoE7gpu3Fek6d7b1pPnNAoQa3Cqno4tSzMm4tw. Statuscode 200
Durchlauf 394 von 810, nutze Token OU0L1pX8ElzFxjpwZaHJMQzTRjxby7B7cbpaCsL7. Statuscode 200
Durchlauf 395 von 810, nutze Token DSx29QqNbmAPod6Gbo9FNop5ca0XLRegiPQghJOn. Statuscode 200
Durchlauf 396 von 810, nutze Token TqROpbu1bIvj2XWgznu5MVNjhXjeucu6Q3V9nTpj. Statuscode 200
Durchlauf 397 von 810, nutze Token uvPNkKlfaT8d4AXhDXj7QIME2wPLZIRiVfAnUHTP. Statuscode 200
Durchlauf 398 von 810, nutze Token 0n97XtnDT7qtIVVpbM5z9mqIPaFx5iuNhE2SgjGL. Statuscode 200
Durchlauf 399 von 810, nutze Token 97ARleRJiFYGwp5BKBtzxitUq7rDW9oZdyGl3tJv. Statuscode 200
Durchlauf 400 von 810, nutze Token XTIsH4SkdgfSqxzs68pl0j3e0qqgiYGTtboO25el. Statuscode 200
Durchlauf 401 von 810, nutze Token bcHgXfhbm1kct6MRPOO4VZmW63c0ljr5LxXWU8zx. Statuscode 200
Durchlauf 402 von 810, nutze Token FjIWzBxlagU1xAjw4M1q530Scd98IyXJ2SdmyRh7. Statuscode 200
Durchlauf 403 von 810, nutze Token bQDKQSX2WWVQj4exoH7dDeXDwFhyP1SWxVPA2P2c. Statuscode 200
Durchlauf 404 von 810, nutze Token UtTVTZOKQoyOug6aVjgsCjFRKVdhPk5M0eQMQXJB. Statuscode 200
Durchlauf 405 von 810, nutze Token 8Nxho4sxuANETnpX7Bu1crfq6N6ZGxCyr00AWKj4. Statuscode 200
Durchlauf 406 von 810, nutze Token e84fyWQmZmrHGRff6DHHYSXqsnKnUYANiqWxshx4. Statuscode 200
Durchlauf 407 von 810, nutze Token 0tY0ogvMSH1hvNOdcMiT4EoaAaWiQlyXZiM7v77O. Statuscode 200
Durchlauf 408 von 810, nutze Token aQBuaiinzbv4opq50kx1GkMLkwcjhpG4hn0O6WGO. Statuscode 200
Durchlauf 409 von 810, nutze Token msEVuXAI31sPr2ed5ZHCD5xrCDqoW8C1GoAPvwRN. Statuscode 200
Durchlauf 410 von 810, nutze Token 5ktsXxMHQSZ3S87P20MulMK6Z0i7kSPzbN7nbWGh. Statuscode 200
Durchlauf 411 von 810, nutze Token MTDEqe92oKGZGOzlxrXtT7kyfWS0UbFLehDOeqRh. Statuscode 200
Durchlauf 412 von 810, nutze Token 8yvup9uwBwQuW12m4YNUmNn56vlw29q7Bc5xNZrX. Statuscode 200
Durchlauf 413 von 810, nutze Token 4Q260epAey5ahmvA1BlqyRsLVxdXInnuLiL070op. Statuscode 200
Durchlauf 414 von 810, nutze Token Einwp5YokoV2OtdZ3SDtUHTiqTYwwzJavQbUIgcw. Statuscode 200
Durchlauf 415 von 810, nutze Token M0XS6V6UENd1aKrSx1dHQIAcorI79BuwqCtS0xDp. Statuscode 200
Durchlauf 416 von 810, nutze Token ZDP5gjvaauBKwpog6iqIdcORbuisBw0ImLnk1eMo. Statuscode 200
Durchlauf 417 von 810, nutze Token tGmDuzPXCCkDHsxsAvF89cH3hBaXdw99RicOYyBx. Statuscode 200
Durchlauf 418 von 810, nutze Token wzolq60s74XW7TTJS11Z4uv4j95dnRMR2owR8EZo. Statuscode 200
Durchlauf 419 von 810, nutze Token Flu3g0dz1EJowXf1xThySX3GwseFqsVdpmFqaqtn. Statuscode 200
Durchlauf 420 von 810, nutze Token 70AayGic0OnywBcqXyfeforlzAZXFzfTRQmRphO2. Statuscode 200
Durchlauf 421 von 810, nutze Token m1VMbyUiwASrM6ZxpztEnuWHNo93jcKt8e8D8gHj. Statuscode 200
Durchlauf 422 von 810, nutze Token oK6NSh9AyMDjaHhik7X6RiQ5P4eSyH88fhFZc5ej. Statuscode 200
Durchlauf 423 von 810, nutze Token RAzrzMTWmhKIEhuU7VH0H0EZlTE5xVq2UjEvltT2. Statuscode 200
Durchlauf 424 von 810, nutze Token XjVuyEY1upqH5HAOLUAVJyrr0zlywNFEihgTyps2. Statuscode 200
Durchlauf 425 von 810, nutze Token 4ZjiKg0cmexyl7laRcXi2Bxc6mHc2kDNyTC9I91b. Statuscode 200
Durchlauf 426 von 810, nutze Token NVQDTnE2brbsH4PCr6Kw2RCtEwrDTK8iSpGuIrfQ. Statuscode 200
Durchlauf 427 von 810, nutze Token aB4BJDzg6R3Axb9GKDSF1LApG4rIz0KypjHz5oWA. Statuscode 200
Durchlauf 428 von 810, nutze Token RW6k893wLbA4JSsqk8qlaBNiBtIu3kuDo2dwr74s. Statuscode 200
Durchlauf 429 von 810, nutze Token mVqABWyX7wLsZucFqK2ZULAMZ3zw1K8ZDj95XA1u. Statuscode 200
Durchlauf 430 von 810, nutze Token 2sJOLNWeiUIfI9VnJNo0cWPsHWZIwDMg5HtbZjb5. Statuscode 200
Durchlauf 431 von 810, nutze Token TjSodA3y2tmvQ5VO0Af0s6MtHmt8sy4TI8ogW9eI. Statuscode 200
Durchlauf 432 von 810, nutze Token jg9DiMd58eotJSwf5l5kjROPLbCdTUf0PYIXoJxK. Statuscode 200
Durchlauf 433 von 810, nutze Token 5sKFfJajMqeL0jZMkiqXDlA4Hw6d5sKPyB1igcT1. Statuscode 200
Durchlauf 434 von 810, nutze Token ykBPYWrj7JSRq30kRdgCAtaXJiKntWePYXViTjMh. Statuscode 200
Durchlauf 435 von 810, nutze Token VtPzS8Zk6uKC4j4bStyEAD4dBhQlbLVBkLNKyKzO. Statuscode 200
Durchlauf 436 von 810, nutze Token oSB36dt4qEjYydtEaDoWTCzcpkt4ylMz62tLHd5q. Statuscode 200
Durchlauf 437 von 810, nutze Token IQjboKQ2ZioAoJEr7750ToXuyO7u0H434WGFj2SD. Statuscode 200
Durchlauf 438 von 810, nutze Token wcRqOqqXsnQwWPkrdUiDxkj2Hih6zesejW0s0m0p. Statuscode 200
Durchlauf 439 von 810, nutze Token XNDpgsNagQ6RUM6ra7ZtWJcYs8FHCaYz2Ms1M60S. Statuscode 200
Durchlauf 440 von 810, nutze Token VjX1h91WG6msO1iNqaUPz6IH1POf2CT9MJctbd5z. Statuscode 200
Durchlauf 441 von 810, nutze Token tQmixChxdJsWIQ4n8Jv8sdhTPHFEZ22RvpmAjTS1. Statuscode 200
Durchlauf 442 von 810, nutze Token r57YoiXwviFNkP977NpqPFWRLiZ8q5WGXKPCSQXh. Statuscode 200
Durchlauf 443 von 810, nutze Token Scof1IB1cljsfSu50c6H7ivFEkG8j7QjomqMVfoT. Statuscode 200
Durchlauf 444 von 810, nutze Token eQWGdw7qbPa1qoVuyaVUZAD0kiMYXFkZuZ9RvFSP. Statuscode 200
Durchlauf 445 von 810, nutze Token ezINXgvW0M1eVDpImr1XIcToYTETBrJln7z3U6fr. Statuscode 200
Durchlauf 446 von 810, nutze Token LeqceBTbcXwqROuAi7YVYxur4vJEsKaBnQioJfek. Statuscode 200
Durchlauf 447 von 810, nutze Token FRFAX6go6ZzOIulgLGUdONBuhVtqdeMCDZZwYEVE. Statuscode 200
Durchlauf 448 von 810, nutze Token YW7vtr5adaW1nohsclgjdTpHppAiISSp8VoAuLRX. Statuscode 200
Durchlauf 449 von 810, nutze Token KZuOpXAzG95Ikqv4dlTp7NgK4ogWLivN7QXczWmm. Statuscode 200
Durchlauf 450 von 810, nutze Token PYoeymoi31GAbMzvlNjKQRtsqLcQviu7BtkKAqWj. Statuscode 200
Durchlauf 451 von 810, nutze Token LzXSnAwnfTfz9pStngho7dDiqeIcWulZwuEYNAuU. Statuscode 200
Durchlauf 452 von 810, nutze Token jEauGrM4ScC0vvCuczOoFLZXPCs0SPfC7UqBul3t. Statuscode 200
Durchlauf 453 von 810, nutze Token vhgXJfTvYz37LXPQmOh1V1peityp6Wgr8qlL8ENv. Statuscode 200
Durchlauf 454 von 810, nutze Token xqd6WROIGa7c8Mt6VfzZMTcqqBrBmNMKwCl8PW15. Statuscode 200
Durchlauf 455 von 810, nutze Token 60GVJFB2tqamGa5qhQVlw2Sbf47FhWULNz0UmGC8. Statuscode 200
Durchlauf 456 von 810, nutze Token 1us5xYuYSKSb0UiAqIsK84GcrYERLsGLdTxZRBQT. Statuscode 200
Durchlauf 457 von 810, nutze Token cJkfbnWckT4stOXo1zHggUMlMv0f6dBdpeRTzV0q. Statuscode 200
Durchlauf 458 von 810, nutze Token bUWRAH27AJYgqWxEwz1pdtSzSkqHZYK5hLi3O8mw. Statuscode 200
Durchlauf 459 von 810, nutze Token KlO01lA90sMrIMA8lWxDZPQ4nqE47T9N2KzdSKVd. Statuscode 200
Durchlauf 460 von 810, nutze Token i3i8owZr2lmfQNjcT3fCQ1gXfWLrofNQXXitPqsp. Statuscode 200
Durchlauf 461 von 810, nutze Token phI5GVqMtYGzw1OkKsA3jvywHfXw92vNg3hDdgDo. Statuscode 200
Durchlauf 462 von 810, nutze Token W0Xft2p4ctLwVdltJfVjwrS8stuWoGuSb9aT3tA8. Statuscode 200
Durchlauf 463 von 810, nutze Token aAwdEdo3f6dZD51pVXrenMffOfXMW26BGE6PYKb1. Statuscode 200
Durchlauf 464 von 810, nutze Token Dh4aRrP2Hw5z833MpQl6RSTpSUjghitEeaxLLj7V. Statuscode 200
Durchlauf 465 von 810, nutze Token AWTeRnfrPWVU8IV9HMwySYVVKKDVblvk6lkVus00. Statuscode 200
Durchlauf 466 von 810, nutze Token UBwB5zhwvzaA9qpbqMMfYGOvZR6swZkBCnjOKj7B. Statuscode 200
Durchlauf 467 von 810, nutze Token 0WD7OKIim9uXaN67hvSdMwDk7dNJcV4bqn3iWcTf. Statuscode 200
Durchlauf 468 von 810, nutze Token WP5TGui2tlPc7559FYvxCmoMuPh0lNgMsLr3Ddq4. Statuscode 200
Durchlauf 469 von 810, nutze Token tXJPvvKkFRm3Jf4b1E9MIDMMMZfMoLWADbST26P6. Statuscode 200
Durchlauf 470 von 810, nutze Token g4tHanMOQCkrcKs2zVleSCpaetUg7h6Do3m6OHaN. Statuscode 200
Durchlauf 471 von 810, nutze Token tGC2xwIBduk0yyh7PNCJVddaSfUdjoCJNHTnREgu. Statuscode 200
Durchlauf 472 von 810, nutze Token iUgV1iJGmRVfXfjhx37kSbQfvHxo6slLymL1h1oD. Statuscode 200
Durchlauf 473 von 810, nutze Token vZLdbrVFKTS6GrMF9P6VvWPkcIBkktJCMYQQRY84. Statuscode 200
Durchlauf 474 von 810, nutze Token k9SmEpZkavqXmlcsBCLIbcXOqSRkm0uPmXckqPE7. Statuscode 200
Durchlauf 475 von 810, nutze Token CQhx9GlKhDxJn1C4maCsnSkGCV5wiqEMdcDJ1fnO. Statuscode 200
Durchlauf 476 von 810, nutze Token dln82uIkd1tGmy3wgqgVALc5s0shQ3kyCNtcExwp. Statuscode 200
Durchlauf 477 von 810, nutze Token tZFqhyZOcZ3jZsEIdLxqc1TpZXvjfvbIh9omGuSj. Statuscode 200
Durchlauf 478 von 810, nutze Token k7q5iheLKCEyLgKsYZK3OqrtbJZoE7fERWZA8GFJ. Statuscode 200
Durchlauf 479 von 810, nutze Token bDz6oILr3kBkpMzqgfjC5dy4H2aKzaIFajZA9tGE. Statuscode 200
Durchlauf 480 von 810, nutze Token GLPksPLXSWqSYN4xIvNyQ84OEjUschhkfsPT5zLB. Statuscode 200
Durchlauf 481 von 810, nutze Token ZCBc4xnGbjeJbt1q9tsElxxQg2t4t8oYjdTxhCYZ. Statuscode 200
Durchlauf 482 von 810, nutze Token LTuDjL7jCmNqNBzoVvKWrbDIZKXAD4W7izzBqJsF. Statuscode 200
Durchlauf 483 von 810, nutze Token iRDq0kecCZDZTQoD7c58ucIx8C26HV1j9NydGCwq. Statuscode 200
Durchlauf 484 von 810, nutze Token xl92qutVkOZmGBMubqklVOnmCZ9SEbjkNNVij3G9. Statuscode 200
Durchlauf 485 von 810, nutze Token Jp9c82XhFNth9W88UjmRvPzCCfSrI3umLD0INGuR. Statuscode 200
Durchlauf 486 von 810, nutze Token 0vg3h4bgSIPMsSKOAEFnb74wwOahPSHAVqyJJ7Vk. Statuscode 200
Durchlauf 487 von 810, nutze Token 1i5NJbeFcVG41ekHZqojn4cigKZZ3N7uDS1GKAnz. Statuscode 200
Durchlauf 488 von 810, nutze Token KZJEvcbsWI6YBgOFPCIqdJZYv5I9z6ALsH6geSas. Statuscode 200
Durchlauf 489 von 810, nutze Token p42Lho5XxawtZ0VPnY3LKKGy8JqoeaxuSySyn2SB. Statuscode 200
Durchlauf 490 von 810, nutze Token uDOknAvOLHHgfOqTNGVLtSACBXE5Qq15j5Q1og42. Statuscode 200
Durchlauf 491 von 810, nutze Token GxMQSGINuO5oW414nzQY6SmFUrvFbQ6i1o6BSpDO. Statuscode 200
Durchlauf 492 von 810, nutze Token peDmdvQdM8R92yen6hyf5TSf7MaY43tnWWKLsl88. Statuscode 200
Durchlauf 493 von 810, nutze Token ozUmmiynupKLZOL6JFaDghTDs6ZGBrLh5uP54afn. Statuscode 200
Durchlauf 494 von 810, nutze Token nRJET8toSQh1hwIO6Oex9uu8OKMGjJKPiWwT8KxS. Statuscode 200
Durchlauf 495 von 810, nutze Token A3AqBNQRa0WQ2FPJxDMhBtuKgKQeF3BqKiF2X2o5. Statuscode 200
Durchlauf 496 von 810, nutze Token WrAAZ5BZUIXiQD2wGq4EMn2a1uzK1OfdXe10ni7h. Statuscode 200
Durchlauf 497 von 810, nutze Token GH1GFT5V4KPbz88NKHNdmYHSuQMf6OqcHkPqX9dq. Statuscode 200
Durchlauf 498 von 810, nutze Token 6lFxQ1o4kXEX2dXmkH7DShPXMXmtodPuykdV92ln. Statuscode 200
Durchlauf 499 von 810, nutze Token XFeqnoqDIq9x3UlUL927Ejupam0kzMyFCI2HEM0B. Statuscode 200
Durchlauf 500 von 810, nutze Token ERR8JH4AHSjalRnh9ZLkb4F2WdsYwKb26zGppVud. Statuscode 200
Durchlauf 501 von 810, nutze Token PCgw0XykWgD4RExYecn0dFjxSoX05v51VG1Xq1RF. Statuscode 200
Durchlauf 502 von 810, nutze Token CsadI7xSr52SRCgQl9shnj3Mrn5iUzq4tmaEU3DN. Statuscode 200
Durchlauf 503 von 810, nutze Token 2XrNYMSo88d0c8hlm6cUefhF53TEYEmPwEX5EJsy. Statuscode 200
Durchlauf 504 von 810, nutze Token A4vikpODTbFfRZL7v4TQxLeqUsSH5OjUEVjFzDjO. Statuscode 200
Durchlauf 505 von 810, nutze Token Z2b7T6I6mA9CGsl3MA6uncgeIu31BE6dlPwdQ3Ib. Statuscode 200
Durchlauf 506 von 810, nutze Token INy3t9Rf9r6X7Uc9jAPmhQYfTaD9Z9qemiOKVYmi. Statuscode 200
Durchlauf 507 von 810, nutze Token 2FxdrnIxqqqmUnYQL0d8DtjKX9R053WbP1xnxA6d. Statuscode 200
Durchlauf 508 von 810, nutze Token zvho0oAFRD25aCkEF8AozB2UHaka5SKPuqQBWJME. Statuscode 200
Durchlauf 509 von 810, nutze Token 8Q8kfXyo7f9ETbHBDT5PYizTPdFfPebhH1dA2x2m. Statuscode 200
Durchlauf 510 von 810, nutze Token SDP8SmlETy99X2RoGrqZSC3ISuKAozriiDou7Ztv. Statuscode 200
Durchlauf 511 von 810, nutze Token c5F8AcofyibIZoDz1B8pNaGfrDAj8YXAI8IVU36U. Statuscode 200
Durchlauf 512 von 810, nutze Token WtISRuEZ7AGd495vG3jHo6Cc783VWzUe1sv3bZwQ. Statuscode 200
Durchlauf 513 von 810, nutze Token AwocRkiUUWJak6wVd4isCBxSHgGrqKUKmdIrqAap. Statuscode 200
Durchlauf 514 von 810, nutze Token ycOt8cLWbO4Gynu6Y9QNlfwRj9I5yi8zQvgA3jiO. Statuscode 200
Durchlauf 515 von 810, nutze Token Urv9nbmJa3b39iFCxrSFlO3scVyA5FwGaD5A1oSt. Statuscode 200
Durchlauf 516 von 810, nutze Token rLtpNPM1qFLxCf1K46beccaGJiOwb7PYCdkrCNYo. Statuscode 200
Durchlauf 517 von 810, nutze Token S4R12ajAbZRTP6iUqRLGlw4zshh2jDnr5VavYB9G. Statuscode 200
Durchlauf 518 von 810, nutze Token DwV6EgFQV42VklGLYdv92TgOuSVaj7Jb2M4RgOJM. Statuscode 200
Durchlauf 519 von 810, nutze Token VOdyLIxwmYZ8tGQP3C38Vf3iTXaQb6ooF7soAY08. Statuscode 200
Durchlauf 520 von 810, nutze Token uAVyKIaCHWxMGjdCimLaJRA8OTzcinTFMHh8eiXE. Statuscode 200
Durchlauf 521 von 810, nutze Token ZhJkVnZQosczDIKbqj5KOQQcjMCld0fZ635XxeSc. Statuscode 200
Durchlauf 522 von 810, nutze Token HWK1erVcjsyITAWeTqn15oI2A7soZUiQNGGQ3AeQ. Statuscode 200
Durchlauf 523 von 810, nutze Token yXhk9tFy9GTJAR2aQZqvDlvF3LUCCGJruxGqlkX7. Statuscode 200
Durchlauf 524 von 810, nutze Token HLp5GXcsH0rIlgd0yMXXcrPziBSsaz6QIRA0g6Wm. Statuscode 200
Durchlauf 525 von 810, nutze Token 29QuFi8wD7H0OQLAQSieQAvs2l9Nww0iA0uCIQEo. Statuscode 200
Durchlauf 526 von 810, nutze Token ilgqpmsNALn9I8sqLCddH7H20FveVXRRIzKCd1KF. Statuscode 200
Durchlauf 527 von 810, nutze Token ui7ijA8npO56hY6InEa0YcABsQM1FAH4nTAe3Q9Z. Statuscode 200
Durchlauf 528 von 810, nutze Token hkExogeW2hFM3bOWz2iV1yfSrhhO654JZbscR0CZ. Statuscode 200
Durchlauf 529 von 810, nutze Token 0jGJo3UHKv7z2BVoihT9YvkPZ5Vemh9eVBrsnykK. Statuscode 200
Durchlauf 530 von 810, nutze Token gZHeHf93g3AnayzHeU84dcioUy2KtKkwsUTIOQtB. Statuscode 200
Durchlauf 531 von 810, nutze Token pjpJXEJ49VjUWvxTG9zBd82A4eUwCYlCzlkpcEs5. Statuscode 200
Durchlauf 532 von 810, nutze Token CbseJdJAH8qP1oDJdxF6NNQBoC0tf3RgI5qo88IR. Statuscode 200
Durchlauf 533 von 810, nutze Token ysxki647H5hQrRHXJgypjpSz5FVbuVBOfMuhUhit. Statuscode 200
Durchlauf 534 von 810, nutze Token ZYLkr7xDIIPB5nj1CLI7849twulpYCSOhdcN9H1L. Statuscode 200
Durchlauf 535 von 810, nutze Token G9YSceWcr0co3TWTNgEsQ4ULhWMQGdZJDXbFIwKQ. Statuscode 200
Durchlauf 536 von 810, nutze Token pCfPQ9GEecgZ08K6A5IpBRenS5151YYvvNEOOixZ. Statuscode 200
Durchlauf 537 von 810, nutze Token N3nb4P3n8bHrymN6fkgBgoL0NxoPSiWwk5wh0xJB. Statuscode 200
Durchlauf 538 von 810, nutze Token 0zVjDx7YjWxukb98oFJMLG6iHlMWl1qgXBa5sEXd. Statuscode 200
Durchlauf 539 von 810, nutze Token GUm4CEtvmBfwWHmse69KglDVvo6up6m4XFVpqsYO. Statuscode 200
Durchlauf 540 von 810, nutze Token SM15RmZy3U8iH4AowLDYJRlqodXwNebSbNrJrcdZ. Statuscode 200
Durchlauf 541 von 810, nutze Token YzjG2fe5tdxZmp8PNkOteQ6gFvAkIHhgSXlte2Qa. Statuscode 200
Durchlauf 542 von 810, nutze Token PGhb4eQUEyKMNDvO67S0WTkY0VsL9du1dIGP78fn. Statuscode 200
Durchlauf 543 von 810, nutze Token oG34ENCCf8lLvF6L4VVyAbDejhd4c797H6GQfHhb. Statuscode 200
Durchlauf 544 von 810, nutze Token 5NeobOAuFZqnrMMBXqDlKgPqli5TkDGGHzjPNmXd. Statuscode 200
Durchlauf 545 von 810, nutze Token WKko8taPFPUNxHrf0P01ZqB64bFtw2417YRnNmDq. Statuscode 200
Durchlauf 546 von 810, nutze Token oUHXJGvWSmOdnBy3GgLewGuzufwLPxFGMGNOe9zf. Statuscode 200
Durchlauf 547 von 810, nutze Token I0zHz12K0rpEQC8jgkqwXOdsMzoabC1n61ElxQx4. Statuscode 200
Durchlauf 548 von 810, nutze Token pIuYQKXTdsIiDxaJULgFv2QZ0D6EFAADezrE82iX. Statuscode 200
Durchlauf 549 von 810, nutze Token 9GMgomfMQSik0BjvJPz2gxI0vsQ8zaDJuqVLR3S2. Statuscode 200
Durchlauf 550 von 810, nutze Token nb6fPeLzo3buKtZtL6y7j7LWpk6GwhA4HV5rzI9y. Statuscode 200
Durchlauf 551 von 810, nutze Token NorOocs5GEPVbe3nHFYwu9Cyeg3mUtUJTFBtNdLx. Statuscode 200
Durchlauf 552 von 810, nutze Token 3VMDnlGOLyBY8DPQNVjd1TsE7TGPbzRdXcp3xAp4. Statuscode 200
Durchlauf 553 von 810, nutze Token Ee5tx1oXOapiok0DV9DkEvuwaGaCIPjK8OlId62t. Statuscode 200
Durchlauf 554 von 810, nutze Token KxwvYYitUuI8blzpMOsTTzP3tmScxr84v6waZOnd. Statuscode 200
Durchlauf 555 von 810, nutze Token HRLlPZZx1DkXdvJ24q1wnHSSUv2DLw7AwI6jE6Pi. Statuscode 200
Durchlauf 556 von 810, nutze Token fQIWNnNsdwVvL96hssk2aImB49r6hQ8SAYjXgAXU. Statuscode 200
Durchlauf 557 von 810, nutze Token 4UEtMuN4rmeDE6TeMgbDQyk6clJUbAUI0rDnW4dZ. Statuscode 200
Durchlauf 558 von 810, nutze Token bmiXRlwiFtW7ZmP3mDt992kXInwtkeGeswo5uZBh. Statuscode 200
Durchlauf 559 von 810, nutze Token mpPDqE2YYJqkQ9yDLea3EiyOKo12DGkwjkfpDuZa. Statuscode 200
Durchlauf 560 von 810, nutze Token 8av1p15VS4eOrBDBEfsZk3FuFUVVLnHnUwDn2W95. Statuscode 200
Durchlauf 561 von 810, nutze Token KKz4tiGszLXoqxKxPS02KSEqmBk0oD9ncieKrtl9. Statuscode 200
Durchlauf 562 von 810, nutze Token Ltlt2XjkN8nT93io6SSHscF0HUSuCazyUpFk2pPc. Statuscode 200
Durchlauf 563 von 810, nutze Token PKddmyo73WRFtMZ7s2raGxCZnBPrtAQFX3kAx9Nj. Statuscode 200
Durchlauf 564 von 810, nutze Token r93BAJrrVpIsXL9Vi1tQc7woIWGNIgXmHpzfVB4f. Statuscode 200
Durchlauf 565 von 810, nutze Token uAvfefP64TRrA6TFJz59ROlympfImS42CoQJ9K1e. Statuscode 200
Durchlauf 566 von 810, nutze Token yYGfGTKYD7503Mz5Cqhk0ChLwKBXvYi1eJsU2CyK. Statuscode 200
Durchlauf 567 von 810, nutze Token RAHGKzQ8LYqjjRolnJIJhilfuHoejIpaT9LMBLGy. Statuscode 200
Durchlauf 568 von 810, nutze Token zo5tkx69diHghylSPWhy7qsDPJDrwQRAN0TYGLwp. Statuscode 200
Durchlauf 569 von 810, nutze Token KIJfSWwIWNMTNR6r3GC6iA87STHDZGVPA5siyfad. Statuscode 200
Durchlauf 570 von 810, nutze Token FY1NPLy4Wgv5z4bz8OskGyzJgKJGYmviBqDWtYzL. Statuscode 200
Durchlauf 571 von 810, nutze Token Sh4OmoWaCGLn3HsjfEzTcGUvkR9OS7wysmI9AAgf. Statuscode 200
Durchlauf 572 von 810, nutze Token 3f8RZLuv734PMAAgPUgdlIB4fC8pGsGn1cWiZzLG. Statuscode 200
Durchlauf 573 von 810, nutze Token Bl8PW9Whn04n03cJGrBfh6Jd888rAQdwTqXHamIg. Statuscode 200
Durchlauf 574 von 810, nutze Token QA0eyjsxLjOzO7lhG37xyUBcOQupTUZ4fShRNjmS. Statuscode 200
Durchlauf 575 von 810, nutze Token ZntG2Wvfj21yNaFhj9o2pA4kVE5bimalQnijILNA. Statuscode 200
Durchlauf 576 von 810, nutze Token g3rKR7goU2De6uA7lOOj5CvVjPC7PnroWhISc1as. Statuscode 200
Durchlauf 577 von 810, nutze Token PdJXYpCDUUzulZ0CZAZTJS3Ml2M7S9ctvf1OAUM5. Statuscode 200
Durchlauf 578 von 810, nutze Token 6KUsu4UvkqEhp1GqPV5kP7OvFKKEgp4UOXxLiNMX. Statuscode 200
Durchlauf 579 von 810, nutze Token rQTsbWlpuB8XhCW2rKVgXYpB6u00iCjySvumTgTL. Statuscode 200
Durchlauf 580 von 810, nutze Token 7IeWe6hNgoCt91hryW95bnQYvEp6IRKRCfdJZXSb. Statuscode 200
Durchlauf 581 von 810, nutze Token iLoh7JD9GfXg175H8EPc8b3CXANpF2ac8RXrmUB5. Statuscode 200
Durchlauf 582 von 810, nutze Token 5E7Q9oCBiOsf3VWnoiVmjfz1WruU4NNY5iAOfBQm. Statuscode 200
Durchlauf 583 von 810, nutze Token atphZBjwfYeCYKSoyemwi7gaa9gQ0dCNhimoNPHD. Statuscode 200
Durchlauf 584 von 810, nutze Token iuxHbkklj2R1knVtLzmVkdG6B3yyXsIsMfE6PY6I. Statuscode 200
Durchlauf 585 von 810, nutze Token KwFYhMRYT1DGl9OcliZa8IIfD9FPCop0TkxTfDDA. Statuscode 200
Durchlauf 586 von 810, nutze Token 97n72LN268O3KXVjywAASyaEuTweNapir5ieKXZg. Statuscode 200
Durchlauf 587 von 810, nutze Token 2bYxk0a1nmSrt9R8MHSApaWuLXNKVS7jBjA4dlcV. Statuscode 200
Durchlauf 588 von 810, nutze Token gjMpcQj7b4JcnX9OTrUkXYoKhMFiMY8TG54WqOtv. Statuscode 200
Durchlauf 589 von 810, nutze Token oBo2yHDNthDpfOY0XgNBdw43HQJ62en6oLfhNzN6. Statuscode 200
Durchlauf 590 von 810, nutze Token 0rPdaVIHo50bTpyUCw0MNNazgk6xXCA9rtVaaLn5. Statuscode 200
Durchlauf 591 von 810, nutze Token FUWnPuAbdaM5FCrjLtrPq0Xg73RxUvGve6zmFUIi. Statuscode 200
Durchlauf 592 von 810, nutze Token dg93flOLM7b0hRY76uto58YyVAiPaNNQ4haFMbQ6. Statuscode 200
Durchlauf 593 von 810, nutze Token ilHMnCkP0CSm7KGLpQxD5qzbhWDMW0xKtJEJK1iR. Statuscode 200
Durchlauf 594 von 810, nutze Token c0nkIBKPzRAeEpyiCIoM0zIJjuEBXMpewltfLczs. Statuscode 200
Durchlauf 595 von 810, nutze Token mi95F6vsDSUR9OlfpI9RxXx4kt1eFuFvj9C1OGcI. Statuscode 200
Durchlauf 596 von 810, nutze Token JPGPtR7NuossH7wJzfPPMABEoALD25xTUSPqb0pG. Statuscode 200
Durchlauf 597 von 810, nutze Token mu6bGWxJfdBZ3CWYOY1BKqaCBb64DbxmBmYUzsxS. Statuscode 200
Durchlauf 598 von 810, nutze Token zDMySrYosFmp1FIlgapuPfPvXU1UtOictlfdCwt9. Statuscode 200
Durchlauf 599 von 810, nutze Token llIeFPnfawLXcxLXKbhFfqDMdDmUu15fTOUJq0b0. Statuscode 200
Durchlauf 600 von 810, nutze Token n41jCwGuGNZKoCbCBIZxfXUZEEC70Eyomi8VvmqV. Statuscode 200
Durchlauf 601 von 810, nutze Token ilhGhiXQFjrUzzB7Yb8zB9sDc6AcYkzr8UFwYltX. Statuscode 200
Durchlauf 602 von 810, nutze Token wPku39AQIXVAOBfNR6bqD0iT1mdFB7Y3ONreixp3. Statuscode 200
Durchlauf 603 von 810, nutze Token jjfCgoc9OSTO2m1TQlmdyzK7wFy6YHQZBwlVXc1o. Statuscode 200
Durchlauf 604 von 810, nutze Token LgZM0FBwF92V6n8PPfNjh8jStxIGM91sufxIrVLR. Statuscode 200
Durchlauf 605 von 810, nutze Token GX5p7vWe0BY7oSROvpbLeCbKR2uQTbmHvO2ocGV8. Statuscode 200
Durchlauf 606 von 810, nutze Token kI23WHsZskZaitMrdWBhdqWMMvxqKtaLBqJfJuns. Statuscode 200
Durchlauf 607 von 810, nutze Token csKB2gdiKYD2todPweMzYrUDNCnzvBOU6BCFcXQ8. Statuscode 200
Durchlauf 608 von 810, nutze Token j13WIJi0lPJosvxCMNWhgZoGuib0qTouT5Q8sW2z. Statuscode 200
Durchlauf 609 von 810, nutze Token CYfbdHNqtSAPUbtT7ukFLG9clLFx9IlRZitje2MM. Statuscode 200
Durchlauf 610 von 810, nutze Token tBPJojjn4ptPXWhmDcDZBvr4dyTbvqcPRICG3g8a. Statuscode 200
Durchlauf 611 von 810, nutze Token xdW0iZyJYZVHSoTS9bdJIJUiStHFaH1GDuIuEvvr. Statuscode 200
Durchlauf 612 von 810, nutze Token xDsPz7KzTnESXAo9ohd7UZym1u4KbF0LTxyKGDQB. Statuscode 200
Durchlauf 613 von 810, nutze Token RZMzaJZBZ8o3QeDiWbwRUb7W46YIT2ycXFnvjrKy. Statuscode 200
Durchlauf 614 von 810, nutze Token ZEZ34QePaizq75ZadjKDLDOUWj3aHWfTmiQFuvlS. Statuscode 200
Durchlauf 615 von 810, nutze Token 4GaekYCGZ9pTtnFn3J9rDNgJdCTTVYID6zLn9HMp. Statuscode 200
Durchlauf 616 von 810, nutze Token 5bmv9gJ5NVBmxb80D2Hx4e9bftsO38RHCeSMup72. Statuscode 200
Durchlauf 617 von 810, nutze Token PL5NR9AYdGGi6hn1Ug95qiemaugIjTIWQ6BLfwnY. Statuscode 200
Durchlauf 618 von 810, nutze Token yGkpkvuY8y44363zCgKGMBvH8jeJrOoq5bDjVM4f. Statuscode 200
Durchlauf 619 von 810, nutze Token tW2uWJDQl4nCXfMroLPNxfizaqyzEDUnJkJ9ZF4n. Statuscode 200
Durchlauf 620 von 810, nutze Token G78B8fy1CTqoVbIOe4EaYZp6rboZPL3NJuubGWAb. Statuscode 200
Durchlauf 621 von 810, nutze Token lFPQCSPLdExnj8JI8Ye7zzPFR9VCT175tzx2u7bV. Statuscode 200
Durchlauf 622 von 810, nutze Token FmvzqPlrdyvtE8tkFgdfbxiN5cpYq6GeTvnK1LXG. Statuscode 200
Durchlauf 623 von 810, nutze Token LNtBSMU60QYeu8q07dvWGma0awli68F7QuSTWOIi. Statuscode 200
Durchlauf 624 von 810, nutze Token wtjiDher8wodMNWe2Vk3Sce5jn0Qk7BdCk8XNJ5F. Statuscode 200
Durchlauf 625 von 810, nutze Token BXiuwQWXXPop2vxPlx9kegzaXZIwzBzjT9XCRD0I. Statuscode 200
Durchlauf 626 von 810, nutze Token VAiAVGi6Mttc5eR64rAgJ9jFBeRHHfJCraY5slCX. Statuscode 200
Durchlauf 627 von 810, nutze Token AxEWjI94li8edIKrlBuREs8gQQGqyVnFXKKVHHuw. Statuscode 200
Durchlauf 628 von 810, nutze Token RvRMfbkHwM2PtzUtIMiikT4rdr74uls3nI9QFGuk. Statuscode 200
Durchlauf 629 von 810, nutze Token Z30cJHion4wx0sJMl37K7KRwMVt4DIruDpW53WK7. Statuscode 200
Durchlauf 630 von 810, nutze Token OmXUuU76LErIDWTiSnKkAz3bN1AO9PDXt0JYsG3S. Statuscode 200
Durchlauf 631 von 810, nutze Token sG6WPe6eLWzv5KIdM4FeoJTdp3QXnwvRjPdv1f5u. Statuscode 200
Durchlauf 632 von 810, nutze Token DRS6L2O5qoQfWHSHrfPcpwdzdi4gcFkjiEQlMluH. Statuscode 200
Durchlauf 633 von 810, nutze Token PArGrlPvATJ4p4T7xd1AWwnBoAHW0f06TKRWXw6A. Statuscode 200
Durchlauf 634 von 810, nutze Token pKRTH8LvIROZ414lENwT2zESHNaPyUBACy2XT2mT. Statuscode 200
Durchlauf 635 von 810, nutze Token UtzFlfYck4XqpOwMyt6suZZdTaLK1J3JnQCWWp1y. Statuscode 200
Durchlauf 636 von 810, nutze Token WinTqj8R9JVeqEkGkIDU8qkRVSvUmYhj69Zujzth. Statuscode 200
Durchlauf 637 von 810, nutze Token XWZ18KHC18Vos8AwNXhqxkzUCZwn1hxZzj9dzGVQ. Statuscode 200
Durchlauf 638 von 810, nutze Token AGiPIiFcAOtqtrv4eIAsJfePrJhwlSXv2D7WdCJ1. Statuscode 200
Durchlauf 639 von 810, nutze Token oFGw1HImTraa7hBFNFemajYBVd59WhUXZGur8gwK. Statuscode 200
Durchlauf 640 von 810, nutze Token qt4pabQ8FZUCEFhtyWDM1qznBkLQIbid1o4DUcuO. Statuscode 200
Durchlauf 641 von 810, nutze Token aUT09Y7DSAWPWeqiJ0RIhEuxaoGYI6BuxVT5eau4. Statuscode 200
Durchlauf 642 von 810, nutze Token G3SKvDUD8ovVIq2t3O4jYk7b4PY8J02Bybo1VYA3. Statuscode 200
Durchlauf 643 von 810, nutze Token TjSv2M886zdIdLI9obaol4rmR4EVuP7rCVpQFXk9. Statuscode 200
Durchlauf 644 von 810, nutze Token 2B3wIHUYMyXJW89XhgtkUpYcQhj9yl6k9I0BhABP. Statuscode 200
Durchlauf 645 von 810, nutze Token hdqjWnRDDzbIMo3FWGUBmjysDJ4DJiSbyj5JZ0ny. Statuscode 200
Durchlauf 646 von 810, nutze Token PkebW7JiFuz2n15M1qbmM64iIdPCfsLnsVCvDdmQ. Statuscode 200
Durchlauf 647 von 810, nutze Token V8s5FiHC4943bdmxZg1XtaUq1FvQcbEoI5FiTGv9. Statuscode 200
Durchlauf 648 von 810, nutze Token O5xsVOp1lRLxvVNzLbFTRZRiT0GmPqwkblfExTUi. Statuscode 200
Durchlauf 649 von 810, nutze Token 9PXbfWWlQHdR1iKY0KK8dc8A03YHKE9zecbnvcRO. Statuscode 200
Durchlauf 650 von 810, nutze Token jBp9UuGiiaMYAHPJB9OOECuveXF44wRehy2eAGK3. Statuscode 200
Durchlauf 651 von 810, nutze Token 2zVWBqOPbACjTDhVzDCXVolwVW4onSAoBgQdmJSn. Statuscode 200
Durchlauf 652 von 810, nutze Token 7WXOerG9idMhle1aslOesjYXynG3TCAlBsP0LoBX. Statuscode 200
Durchlauf 653 von 810, nutze Token nDvFD5MhEM6UxaWhbDbU9JZcNlnErcbd8vymFSJ5. Statuscode 200
Durchlauf 654 von 810, nutze Token ObgEmIGdCaxpkGywex3RMbC3PgkFz2LNiDlkjSLR. Statuscode 200
Durchlauf 655 von 810, nutze Token pIyCgEOVMY31v4h7BHbSwIcW4GjztoNnzNA6LD8W. Statuscode 200
Durchlauf 656 von 810, nutze Token kx7U8eJuHsbtdELSLwvYg5amR7XYpEBbPb6kVP4t. Statuscode 200
Durchlauf 657 von 810, nutze Token smdN15nwT7KT5H1oHiIPzLci6v4lXJQH3UThgs2O. Statuscode 200
Durchlauf 658 von 810, nutze Token ssrLfXLpbEHPAdlDHr9eHc1KETfOcs3gKKIQTYYf. Statuscode 200
Durchlauf 659 von 810, nutze Token eBCNjIfJay8xYCiDQmK2y3D9YDqpvWCtFdGOXuo1. Statuscode 200
Durchlauf 660 von 810, nutze Token uLxcp7KPYuGdQkrygNx6egbN1iAN4pilhRRASbDs. Statuscode 200
Durchlauf 661 von 810, nutze Token 6yG0PKH2JzEIq2Vie26JjvjNx1owUN2OKtlzgehI. Statuscode 200
Durchlauf 662 von 810, nutze Token BAmK8rjb9GnTYjJtYOyj6YHhIOscmpyqXDze3B3s. Statuscode 200
Durchlauf 663 von 810, nutze Token mpK8ISyJC3fPCt4ADOaqLJ5SuhyWprnajuatgc3b. Statuscode 200
Durchlauf 664 von 810, nutze Token hsi2PndkDiNDTvSShvaX1PyLnxZrd8rrOMKLslMq. Statuscode 200
Durchlauf 665 von 810, nutze Token WJhxqGz5HQUOYypbNvrYVJl35MQDKq2S2gFHgnPQ. Statuscode 200
Durchlauf 666 von 810, nutze Token NkFGQ4y1WqRv3ZLT2UdVEaEWzTkuzFLWNqQhA44m. Statuscode 200
Durchlauf 667 von 810, nutze Token biE0ibTPcJ9bXPCo7VfRJFr0ljS4KYccOMnC9hGy. Statuscode 200
Durchlauf 668 von 810, nutze Token w4GCELbjvhAecnUPdCO7kYXiVKZpj0zsLqahIfHD. Statuscode 200
Durchlauf 669 von 810, nutze Token FXh9YbtEg7muvCZHewt3QVEepMyHRSePYrpMsc4Z. Statuscode 200
Durchlauf 670 von 810, nutze Token ycCx8sr9LHGVJbXrb1EqTrlAksajnq8PyYgxzplr. Statuscode 200
Durchlauf 671 von 810, nutze Token aO03VltYEbTQuFwCimKfa2vklwIwTXmvdXIbwrFD. Statuscode 200
Durchlauf 672 von 810, nutze Token 56KD5lx9VITVnkG7708AbCSswXv3tXI81GeHtz1x. Statuscode 200
Durchlauf 673 von 810, nutze Token HAdWrsvp6yLbLIZOorHwBdoHyOguQLaGFk9voPoA. Statuscode 200
Durchlauf 674 von 810, nutze Token YsgTSSIR2dHRwXVvNiNm2Yw5LfhKSMEvncECtek6. Statuscode 200
Durchlauf 675 von 810, nutze Token Qpc5nWCR8yl2eV4Oe27VKn7oDJiFlicuymqVDS5g. Statuscode 200
Durchlauf 676 von 810, nutze Token VWVhyeOHzxSRyIJBU0zA4QDGicpVEyXxMolXIvJu. Statuscode 200
Durchlauf 677 von 810, nutze Token CTpxt4RRZB4WqUtPmt5zWCXtY6UUgKeGet9nL2LX. Statuscode 200
Durchlauf 678 von 810, nutze Token hhnyGHqwHZ3uOE1qrEmL1nItRTaaeEyVxjYXGuRL. Statuscode 200
Durchlauf 679 von 810, nutze Token 6iwIxwNnJObOiJjuE2aoe9mEfUnKB56SwarfXU3O. Statuscode 200
Durchlauf 680 von 810, nutze Token Tsqq6Bbs3yQMhMREHgUTTWqxnjVmZ8IZosuXkXZr. Statuscode 200
Durchlauf 681 von 810, nutze Token FmH7B1Ewkr5ElDGLVm2mdPAqsyk2DDMYW8v0LkQo. Statuscode 200
Durchlauf 682 von 810, nutze Token uySHcHIKroJM2qzDMSSGnq9LImT0J9dXAUMiBQGT. Statuscode 200
Durchlauf 683 von 810, nutze Token DXMKm059xm5WU7aXMkEiMVXaWLlHlzwufrkgCUwL. Statuscode 200
Durchlauf 684 von 810, nutze Token gAjlBgzeso4bGQEPYslCJeUzBq1C1H6ZiNru0tRY. Statuscode 200
Durchlauf 685 von 810, nutze Token VVeBZXDSGCoMZCw6zTaYvMYp7g8SHZs7MxPy16ij. Statuscode 200
Durchlauf 686 von 810, nutze Token V450Ksg0UmUr5g6gBhLlEKcFwCrJIDHlrlnMRTaJ. Statuscode 200
Durchlauf 687 von 810, nutze Token vdmXXWtYZeGiG1XndEQvmIN677JLpydY2UH2WOr9. Statuscode 200
Durchlauf 688 von 810, nutze Token W8QVypm4kmdWu63Qv5BvHhJOC9UR9SGRwCgMPEBD. Statuscode 200
Durchlauf 689 von 810, nutze Token WxMd38t5SFX45cQcyo0d41pMzt91TMscOJH0BPlG. Statuscode 200
Durchlauf 690 von 810, nutze Token s4jA7PFNih2ZzZcZ2KH9kjdtx53WSyTy9z0h9hlX. Statuscode 200
Durchlauf 691 von 810, nutze Token YHYhlweSTpgpTZN1N9LUuAoUui75kdZqesVWeXPL. Statuscode 200
Durchlauf 692 von 810, nutze Token MtMZX2KLtRJRN4VwXPKfjyPOQSkXc0h2FMegNju6. Statuscode 200
Durchlauf 693 von 810, nutze Token YaVqQFIq53va4YyIV5VRgfQcoLdhXEgwC3FLoRfD. Statuscode 200
Durchlauf 694 von 810, nutze Token hTAd1CHgvuDSHhG6kHcplHAznDPoljSm0E57rM01. Statuscode 200
Durchlauf 695 von 810, nutze Token kpPRu1BbcCOsPmr1SPm245w5z7NhSj42JJoVJOWj. Statuscode 200
Durchlauf 696 von 810, nutze Token WiRPRwqBkDq9awzuoUyTwxhi8UejXwFIJirQJSs8. Statuscode 200
Durchlauf 697 von 810, nutze Token PC5d6dKKh6h6klyJtDkzatwbe2nv24wQpodyBz0t. Statuscode 200
Durchlauf 698 von 810, nutze Token D7Enx8WkZfYxLm8DUo25Wa2BZfJDGh3ucnphj2pv. Statuscode 200
Durchlauf 699 von 810, nutze Token kPj9WAtXexO7k3TZBfPG9ce7ou2Szv5ddKyrzSmY. Statuscode 200
Durchlauf 700 von 810, nutze Token 18LLKsRcjYEGMK052B02J9QspMtXhsOtSsV7v2Nh. Statuscode 200
Durchlauf 701 von 810, nutze Token bKRSRpRonzJyjTwMWHA0IaovI8sZChDEXLa0ot2L. Statuscode 200
Durchlauf 702 von 810, nutze Token Wv6QXcXD88ZYV2XPhyRUqIjfHQ8NacUcUTvwsdcE. Statuscode 200
Durchlauf 703 von 810, nutze Token TKikNt7OvQjWdMIZQYLP3pEekI5wyQ9CBTSFzQTT. Statuscode 200
Durchlauf 704 von 810, nutze Token woDrpM4yUaXaOyebZfdTMrM999u9zO8HCZY91lY9. Statuscode 200
Durchlauf 705 von 810, nutze Token je7mw0kLZGNE3KnKm1BmQwf4XRLmq30p0HPZeCx2. Statuscode 200
Durchlauf 706 von 810, nutze Token zBUzDbrDj4AtUudNi0o9rVG3kDWNK5bExqTRZ7Xw. Statuscode 200
Durchlauf 707 von 810, nutze Token LDIuReTpGhRUVzWbPUkjy83euelVxBkmaVb6UNPO. Statuscode 200
Durchlauf 708 von 810, nutze Token Uuzu6KUGfwNUOlXtFQSsQxWpmJDNmzRDDl0zlF52. Statuscode 200
Durchlauf 709 von 810, nutze Token 2oImYyOPOLOEIvOHs1RBEdtRLQvOiOfMBveuWzIp. Statuscode 200
Durchlauf 710 von 810, nutze Token OiF6T1GkbpbadNLJFsYn56KeyPhoVGBMu4gFhAto. Statuscode 200
Durchlauf 711 von 810, nutze Token Ut0RknZHEYK385KQQ5ctIk9L0fpV6tvXuZgfEJss. Statuscode 200
Durchlauf 712 von 810, nutze Token Ru2BPkGAzFYXLg8qediIKtXr04wfjp5Eyqbua4PC. Statuscode 200
Durchlauf 713 von 810, nutze Token mAE83egLnaz9pN5Dd6vVzDub6OCHyFHh2LfCE8k6. Statuscode 200
Durchlauf 714 von 810, nutze Token 91Xs69JZ01882t62w4WRWbDLc0b1HYMtbcIzY69J. Statuscode 200
Durchlauf 715 von 810, nutze Token QCxO43Rh77ujcmBUKHEn7EZtekOraMMaXpTUOjHn. Statuscode 200
Durchlauf 716 von 810, nutze Token pp7CukrijvCLWm2mjvv81EOPSzLQjm4Gor3woAQH. Statuscode 200
Durchlauf 717 von 810, nutze Token qhlYmaRJ0uMAdeaLU00WS1Fui3wuSWYX2zuv4dpQ. Statuscode 200
Durchlauf 718 von 810, nutze Token guRjYeULUH4KhlOZgjWTZrfUSHZODWjtef6u7JD0. Statuscode 200
Durchlauf 719 von 810, nutze Token 6nYNSI9oRKdQyGp3DlBJCshkeG83zxj8iVniscrl. Statuscode 200
Durchlauf 720 von 810, nutze Token nMny6Z3M8uXJlS3QD8m6m14odta0RgdIlPrtoMqw. Statuscode 200
Durchlauf 721 von 810, nutze Token HmrHAB99gKUsuaGXYaSFBSvdQCFUmI32BNf3RLtr. Statuscode 200
Durchlauf 722 von 810, nutze Token 47RiTUOTPPZrRfTtD7IGnejDwSBEyZ7RZ6cWC494. Statuscode 200
Durchlauf 723 von 810, nutze Token Mnw3bb3pCynR95zHZhjk5zSfzxYMlSedMXbRA8jU. Statuscode 200
Durchlauf 724 von 810, nutze Token toXPY4j1gAOn9TqMN7xmZrdsLUMxgIIq4isNbvUi. Statuscode 200
Durchlauf 725 von 810, nutze Token VLi9Wl4Ctx4SrBMQQTdyYhVFYov2AILffpfPUZZO. Statuscode 200
Durchlauf 726 von 810, nutze Token JnGoISztR3k39e78aI9kiNLK5AXwjczrclNraRGn. Statuscode 200
Durchlauf 727 von 810, nutze Token lWYErOInbwkigp5dNEpi9cSa28jqj04nQ7hImLYh. Statuscode 200
Durchlauf 728 von 810, nutze Token jCvsUIAUu3iqt6LmLkHM7UWIThWRZAV8BjycRLKI. Statuscode 200
Durchlauf 729 von 810, nutze Token W84mYTRLuwnVYXzNd8BeFa2TTsGJekkCIqpSPw4Z. Statuscode 200
Durchlauf 730 von 810, nutze Token cXAxaSMy7MKGmFCZfxvGp12EQf9jkUX3bmSBvw4P. Statuscode 200
Durchlauf 731 von 810, nutze Token EOVxkDQwX48C0uiMqg0mRRWcujy59xJNs1LsAxay. Statuscode 200
Durchlauf 732 von 810, nutze Token L3xThjMtv6lNakr52OBxUpPhwKZQ334BqxXGk2FP. Statuscode 200
Durchlauf 733 von 810, nutze Token ArFAaxHLZvaLIDHXRlf3XGpM4STf0WpO1fF2HiGm. Statuscode 200
Durchlauf 734 von 810, nutze Token hCrJpWAqyKC6GcNiILINsg3gPRU97qx8tlymjhYQ. Statuscode 200
Durchlauf 735 von 810, nutze Token bYJ2mfPODgtjB80vo7APqzyXHt84gJh486skCTAT. Statuscode 200
Durchlauf 736 von 810, nutze Token oqKReqKdXQNueEjWKfHmccOtcWYSBRdmg7Ce10jA. Statuscode 200
Durchlauf 737 von 810, nutze Token MVmQnLRyqseWbQw9zOQlqkHZrn8D0LiFgyt44fUu. Statuscode 200
Durchlauf 738 von 810, nutze Token asV4ZrWgC0k7eH4mSQXzKHLIc1IuvrRnRaYpL9b7. Statuscode 200
Durchlauf 739 von 810, nutze Token hgwVzXjglmryHEwGRtUkQn0s8WmmtPbvGYfCN18B. Statuscode 200
Durchlauf 740 von 810, nutze Token 01a1ZNfk4KM3fP1Najqgi3ZLYJt63SdNj5ma953Y. Statuscode 200
Durchlauf 741 von 810, nutze Token YztthZTkbEaAPEmvR6OK8mNWTAXWvFJlEB6xpa12. Statuscode 200
Durchlauf 742 von 810, nutze Token s8Gn5SKTuqWKgyQOBJiafdifeAYBIbwnta9AfRGF. Statuscode 200
Durchlauf 743 von 810, nutze Token RnVB0ec6VAfXH9BJKAbYR6CWmuC1ILCCOZkQjY48. Statuscode 200
Durchlauf 744 von 810, nutze Token 2iDMobx6VFm7MOq24Z9IEmaRc1FmCs36kuILPafH. Statuscode 200
Durchlauf 745 von 810, nutze Token m2pta9uKFGz7bxz2dRoes29ugZOuQbePzXNVXRAr. Statuscode 200
Durchlauf 746 von 810, nutze Token Cg995PcKE4kVRqyIAZ9pfUPV60vXrJs5YOc91ADo. Statuscode 200
Durchlauf 747 von 810, nutze Token 1NgWY224vzJYkSGTwQUlANx5vkja2tlp4oqfWt8r. Statuscode 200
Durchlauf 748 von 810, nutze Token c6hNZiJjtmeWZPa1w6T2dGdjHG8KdNXu7CafwLZ8. Statuscode 200
Durchlauf 749 von 810, nutze Token iDpaUf3McWzIeHdsbUlK1dwgPHvR52fLDr1a9ECR. Statuscode 200
Durchlauf 750 von 810, nutze Token A60uaqh9csXsjIVaAog9xO9XQ0uO7RXY2l5PSSnB. Statuscode 200
Durchlauf 751 von 810, nutze Token Vq26jimtc83eYvxAhxUrpqlNq8XEX0OD2d7ifqR9. Statuscode 200
Durchlauf 752 von 810, nutze Token CV06ZcuqDXMOjWYiUVpQqMEkRSw6MxHNwerClbVo. Statuscode 200
Durchlauf 753 von 810, nutze Token 4uzPwpU8IiCSCWDra9OAE1Pku1vt79J5NlWcxAX4. Statuscode 200
Durchlauf 754 von 810, nutze Token 5g2n2UgAkAg5chF4QwzS59qKVSsQU8FFeJEAym02. Statuscode 200
Durchlauf 755 von 810, nutze Token mUIyCo2IFB6qDKcPPbO08q4DarNx9wKsWyo5Lqj5. Statuscode 200
Durchlauf 756 von 810, nutze Token 4LzPNJu0p8TfDIisdAjRC8csRGxbAVZB2gljiP8p. Statuscode 200
Durchlauf 757 von 810, nutze Token AnhHvDj35a3vMS40cjxEkOOgAFFJ6dZYazZsEdtb. Statuscode 200
Durchlauf 758 von 810, nutze Token 8vDFGKVy6PAWcfJVS0pw0SmvViBEHBKfNcBQye12. Statuscode 200
Durchlauf 759 von 810, nutze Token aJopQc52SkBEImbLyOzTX4N7xw2OoPKAZIiuoFGm. Statuscode 200
Durchlauf 760 von 810, nutze Token 6cPs47BLN4ZlZWRKmYpWm3jtkvWV9dqbfhOTdgfb. Statuscode 200
Durchlauf 761 von 810, nutze Token imGa3oQpS2IcBLGUtjeZn9wa2rWN2mI4ijIo3rJQ. Statuscode 200
Durchlauf 762 von 810, nutze Token mNR4mb6IBUSQX3DmbvjEKU1ZjJyu24LdM6eR6JGr. Statuscode 200
Durchlauf 763 von 810, nutze Token fNhcL57clmaXA1k9lqRwMbY3vWnxIHIWRTyfEymd. Statuscode 200
Durchlauf 764 von 810, nutze Token sLyuAuNpW6d6lrswOcvDHooOsfZjSIJ8jZMWlRD5. Statuscode 200
Durchlauf 765 von 810, nutze Token pOqBt1CptMFMXEjQ8GWVIpsNmfj5Gylk5Exn2kyt. Statuscode 200
Durchlauf 766 von 810, nutze Token aaxjPX7ot2PkbhHiAPgI6p8vgfjez7kSmVz7cXOl. Statuscode 200
Durchlauf 767 von 810, nutze Token weAw9Vp5MCQcvSWNMKkGzTlB0ZDiNaYEUE7GDw1J. Statuscode 200
Durchlauf 768 von 810, nutze Token KRcFS7gRcBJPpM3NqiiyHgWb8gxVy1sbXNFLHsXO. Statuscode 200
Durchlauf 769 von 810, nutze Token hnH7YkBPylWTIMvJ488CRq84Zl4bEiSpqqEkptUj. Statuscode 200
Durchlauf 770 von 810, nutze Token G4xWrys9gwFiecyhSh6paNe7tD76OkN4GpcfVRqY. Statuscode 200
Durchlauf 771 von 810, nutze Token yiQ3waCb7mj3OR2xx7YmAwvGhHwarXOs2pLcEiHl. Statuscode 200
Durchlauf 772 von 810, nutze Token RVaduLzRMcT3jxozszRC6yioaeZrtObEZkPbznmn. Statuscode 200
Durchlauf 773 von 810, nutze Token WEEKOOk257fwmcq4DKNYAKyJVQxweTPAdYcmCdVH. Statuscode 200
Durchlauf 774 von 810, nutze Token QBMkQ6BcTycDdVNtkf3MF7Gy4hcYVW7Wiz9fdC1B. Statuscode 200
Durchlauf 775 von 810, nutze Token htPVqTyFkV7Zdz8fDOsCKpPVrltrZmz4ACCEGiGf. Statuscode 200
Durchlauf 776 von 810, nutze Token jXKE8PSDTjlaNK1WCSPA7cr3FY9DD1vliwytRVJ2. Statuscode 200
Durchlauf 777 von 810, nutze Token 4fsadP83IbfA2iswTBSNcVM5UqNET8m3JQkqCvSh. Statuscode 200
Durchlauf 778 von 810, nutze Token BxwA9iLnvjTs6KV9OdFs6lYHP50aCRbnBNBmDk3m. Statuscode 200
Durchlauf 779 von 810, nutze Token ERwlGkdkU4illVRNjB7mZyGOWSoA2VAJ8o0NfDYH. Statuscode 200
Durchlauf 780 von 810, nutze Token wIX3F3wSkAfvYseAO9XhsqLot4h3OXshqu25Jdbp. Statuscode 200
Durchlauf 781 von 810, nutze Token 3G7jl5MLk6Lup80XRcEmbJMQD1io7Wb0zOH1uI7m. Statuscode 200
Durchlauf 782 von 810, nutze Token Chg8dzCg57yozl39GyZUa19OGoUjNhznNfpF5FRM. Statuscode 200
Durchlauf 783 von 810, nutze Token u8EiCC2jmiBNi5VY0NWU5pMjseVSy6VVVHsHpuZX. Statuscode 200
Durchlauf 784 von 810, nutze Token liRzyxzEJVE8jF5NccLKU60xTJXa1xcYFI79uZYK. Statuscode 200
Durchlauf 785 von 810, nutze Token OGoNqCZm9cyPb4HEi2iIpi6D4cvXZF42qgczJYTy. Statuscode 200
Durchlauf 786 von 810, nutze Token SPC10vpvec56WJWVVGXSZ5KTuDz5DGIZ38sdoc3t. Statuscode 200
Durchlauf 787 von 810, nutze Token J7X5Har5Mha1nSBHUpX7dFKBLKL5hx4qVY77brcn. Statuscode 200
Durchlauf 788 von 810, nutze Token riELi85jL7osPMget2BRMbO3qMNtFh1a8VTqkKfu. Statuscode 200
Durchlauf 789 von 810, nutze Token MaokcjBFoVm2DTenGzL5OWTSuAuao4KcSwErQXUj. Statuscode 200
Durchlauf 790 von 810, nutze Token qdc6VQrGkam0IslkT4qNny1YBtGEVd239HDmpK6G. Statuscode 200
Durchlauf 791 von 810, nutze Token iQYEE4E4NKz4hCyV4o3ZhJHgUZxhkjTTGFlznINj. Statuscode 200
Durchlauf 792 von 810, nutze Token pfHiVWikEXppAVZtrviLwNKkJDFVGtRb4MwteCNT. Statuscode 200
Durchlauf 793 von 810, nutze Token P4N0TGCeK96lGbxW5zMG07kKGXtGvRyBLO3Xn9gw. Statuscode 200
Durchlauf 794 von 810, nutze Token NjhjvzH3q7ge6AWpoOnHz3bMcDVZ02u7F0AVMHRQ. Statuscode 200
Durchlauf 795 von 810, nutze Token PYlBuElWaBWh1xZPdV4x6Vg4P3NTZvybnIb9lwqF. Statuscode 200
Durchlauf 796 von 810, nutze Token z7Z29bxIrDOkRl9oxw3Xd3XzQqcTrDatrM7kyUdE. Statuscode 200
Durchlauf 797 von 810, nutze Token nt3AmCLKNhxvZX8h4SFuCyADikMIs10Iw3jSXuLe. Statuscode 200
Durchlauf 798 von 810, nutze Token ysTmCHNL1JO2K84kegXZACarrPl0GQwtYmiYXOAf. Statuscode 200
Durchlauf 799 von 810, nutze Token IBNCIT2oTo5gf5cPpI3N0NuVikGBuVGQPASB7xkC. Statuscode 200
Durchlauf 800 von 810, nutze Token S6VvzSuL3BREyCk6P02d9c0D04F9pZdGj8LXtyQ0. Statuscode 200
Durchlauf 801 von 810, nutze Token fRvBt2YKT38H4qahTCZRLSJNXxzjh6WKL5y1EJFP. Statuscode 200
Durchlauf 802 von 810, nutze Token P0FDIActTclWxLbwmKC7SK7oJSZnxybrBilXWj7X. Statuscode 200
Durchlauf 803 von 810, nutze Token 9cR9Yjo9n8EZAF08zshzruMjH8iuSJn2rma3nTBp. Statuscode 200
Durchlauf 804 von 810, nutze Token hbYZiN7wHNJimyyRPsCJG9o2T4czqlpls9loherN. Statuscode 200
Durchlauf 805 von 810, nutze Token BX3goWTyAgaeceeZcYf3T66x5zeXO69lA7ybHrFl. Statuscode 200
Durchlauf 806 von 810, nutze Token AVZYdw3ae2iVON6q0SA2s8K4QLgzZgFqS7sD2Wt9. Statuscode 200
Durchlauf 807 von 810, nutze Token Z8oAQ1lEJ8PIhFGwS9ODHAUIViTbG15OUOLAf8zB. Statuscode 200
Durchlauf 808 von 810, nutze Token TKTFDV7Cg9WSKZigjzzW2YBUHRGef0k5InXBhZzk. Statuscode 200
Durchlauf 809 von 810, nutze Token FJCFHAVweBRnRSNcOI66s8kqH4zZLJ8XjVu06nYm. Statuscode 200
Durchlauf 810 von 810, nutze Token 4jsmpSGllSm5t8O3TYCU5zBgKamE8N3ioQhwCqar. Statuscode 200
