Durchlauf 1 von 810, nutze Token R5XWx7FBVdkrmw6IeRy2CvQnxZeluxDgIMhFRDeK. Statuscode 200
Durchlauf 2 von 810, nutze Token usBre2ARQPjjOcErN2BYGzEN4YcPoG87zxLisBHb. Statuscode 200
Durchlauf 3 von 810, nutze Token MX1MnSjyRKzNsTpEHivHy0dSs2q6HM6SxpzHII7R. Statuscode 200
Durchlauf 4 von 810, nutze Token IuYq89fPsW5rrPwm9T6FJjH6T2AJgwQpCxcs4Mmp. Statuscode 200
Durchlauf 5 von 810, nutze Token UDxERhSK7LCPjHJ09EFdeHYxyipELeiCCcZFzFGJ. Statuscode 200
Durchlauf 6 von 810, nutze Token cxumbk9yV0oRLDeGhDq82bBXHHgMNFeZsVjrcUL6. Statuscode 200
Durchlauf 7 von 810, nutze Token iV4lePdD2auQ4oeeBXKe4hlIkVS2Hr5lIm4HO0N2. Statuscode 200
Durchlauf 8 von 810, nutze Token a0Zyq5aqY9M1hSljWIZoHEyT6oTTX7SF6gd2jEuA. Statuscode 200
Durchlauf 9 von 810, nutze Token NEWEznKgfb5hZiE84m6Ru0JqqACIJnkuheNPpMs5. Statuscode 200
Durchlauf 10 von 810, nutze Token Uf44C0wx0l7HU7JJVD6hJYQejeBd15wqot7Gbva0. Statuscode 200
Durchlauf 11 von 810, nutze Token bXYx9R1C1TMpa3r2Lq3kr7J9erLuU0NNUlS0YsmQ. Statuscode 200
Durchlauf 12 von 810, nutze Token OKjxABhThPYatEwqd0A6TiPmj5E651CLdNn8L1zF. Statuscode 200
Durchlauf 13 von 810, nutze Token J7DWmTxqj9T2eWic488Csoxwylyu0gMWCINHXZmy. Statuscode 200
Durchlauf 14 von 810, nutze Token j0PStKY6wTHL2U3LheZNFjw800waRDJyIkrh7KKM. Statuscode 200
Durchlauf 15 von 810, nutze Token sbQdanzRquReoo9KDCgHwkiCWaNm2wQSTrnxo6mg. Statuscode 200
Durchlauf 16 von 810, nutze Token 0ePiSmZMgghzvotUF4XIFLjWPsFdV9o7mQhBGy0U. Statuscode 200
Durchlauf 17 von 810, nutze Token 8iuq4F5V2mphC4r0MNpyfvnqS7PcYc5SS53LyA9Y. Statuscode 200
Durchlauf 18 von 810, nutze Token Joyw1LavJJga2jbX5OJy1yLRFBPGQZPoeYQkUEdM. Statuscode 200
Durchlauf 19 von 810, nutze Token EKogHPfis5OeQDq6I3zN2rFgkOK5EkdeQVYOcq1q. Statuscode 200
Durchlauf 20 von 810, nutze Token ihLxgNuIUnf0ycSxGJXYJrju8jNmLVjX1JJbtPE9. Statuscode 200
Durchlauf 21 von 810, nutze Token oZ2y1rfkW5L9oDpFKeGLpugaNvQSAevU5OEJTnP5. Statuscode 200
Durchlauf 22 von 810, nutze Token ybjPYkUPoeRks7lCgFTJ18aYpJvfFEj2lIhSGPuj. Statuscode 200
Durchlauf 23 von 810, nutze Token DFhR50djvC2YnTTcez6iE9wT3WerJBdUjImccgZl. Statuscode 200
Durchlauf 24 von 810, nutze Token MMcrG64Z2Gt3V1Y5cPDKFjD0LRGdfFPngXH95twn. Statuscode 200
Durchlauf 25 von 810, nutze Token Dxn5tmS59Hd6GSsfk8jBrMw0DzVTN8LYbjZa3yWC. Statuscode 200
Durchlauf 26 von 810, nutze Token h0y1bcEQb2ECSzcGSPSVXaSOPpVmTe3Olu5Bekjx. Statuscode 200
Durchlauf 27 von 810, nutze Token aJJpe5PlJHfM4bBwMNeDIKdM1N3wh7zusMIDGGQf. Statuscode 200
Durchlauf 28 von 810, nutze Token pcWXFRcZFAeYxlst6wf855KUscM5J8trNAjF0ZNT. Statuscode 200
Durchlauf 29 von 810, nutze Token i7nxTlKvnf9llrWgk1bZLhJPE6aJWnFKJmiJNfUG. Statuscode 200
Durchlauf 30 von 810, nutze Token KRw5B3G5xFyOlbGdcQIzzIcYw9RxDYMLPYKmQKDf. Statuscode 200
Durchlauf 31 von 810, nutze Token aWQDWsCgP0fIzSMsiR2aA1WpwDaFxJW3Pzn8bH6l. Statuscode 200
Durchlauf 32 von 810, nutze Token hXhJzSA7K7IboamNl65K9UDTyRXu45mPqnJcuad8. Statuscode 200
Durchlauf 33 von 810, nutze Token eTcwq3mRWokyKmWPN4RnOnNgHUCy1GkYWhdLH1Wn. Statuscode 200
Durchlauf 34 von 810, nutze Token Xnw2Crwp7joymzwEgKM7MvAEBXL1L5Ap4ZmLVJHN. Statuscode 200
Durchlauf 35 von 810, nutze Token XH40WpEEUDi3IkBlewLQmFQJ2nezArFQxrUtXuZt. Statuscode 200
Durchlauf 36 von 810, nutze Token H9uGwBadbOWYrpAqDAkamx2Y7hP32JPzya8zWkYw. Statuscode 200
Durchlauf 37 von 810, nutze Token pyORRoYhTJLee3qjrNUPfH5xYtb8NV0VSMzFXJqs. Statuscode 200
Durchlauf 38 von 810, nutze Token hxOC5sDrRzFoIC1MKx7RRwkJNuL6Pyqn3RHy48p5. Statuscode 200
Durchlauf 39 von 810, nutze Token ifMhEAS3rXYc06KhWvoysgu4Ou62N0CDY0Q8LUME. Statuscode 200
Durchlauf 40 von 810, nutze Token t0PyIqSI3639ZCBcRg1BJRUfDtQS2HaDcnzGyURR. Statuscode 200
Durchlauf 41 von 810, nutze Token 9JV8NPuGaAbGoV36zOZdKcQ4w4eXQHzsYyvOMrDv. Statuscode 200
Durchlauf 42 von 810, nutze Token v0NU6VVI1ii1qExt0NKF2Ki2AyPZnebiKQXtCUw2. Statuscode 200
Durchlauf 43 von 810, nutze Token U1emftTOhPga2ZnydnfPJvxilfBHPPBPYlcmiCDS. Statuscode 200
Durchlauf 44 von 810, nutze Token 3NLd83e7De8F5cJuKTIvzHNGQvlC2c47Uq770d04. Statuscode 200
Durchlauf 45 von 810, nutze Token qjp5mXiaXqT6G3zJCePZW2al5eJZNGLZJcwiTUG7. Statuscode 200
Durchlauf 46 von 810, nutze Token gGsrHcTpbHdm0WsnOGSCc0W0IeG3pasXIPH5baNF. Statuscode 200
Durchlauf 47 von 810, nutze Token ORXMX80mtBALUeZCfHNGKbvecaKbGCCNSHLuuk0w. Statuscode 200
Durchlauf 48 von 810, nutze Token tku4qdOzmxoqbqwOYmnQGLEbRAQRykpG5rKErYqE. Statuscode 200
Durchlauf 49 von 810, nutze Token vuAxxkRd0NnLNH0WDywiEZ8WHh43ejbPSUYRfxSb. Statuscode 200
Durchlauf 50 von 810, nutze Token lltCyP0MGM8hSoZMqSL898u0I9SXGEgarqBOZmCE. Statuscode 200
Durchlauf 51 von 810, nutze Token 7INUbqsvmNYsJxsPYlUBKC4GsMN5ENiUX2mJ3ZT6. Statuscode 200
Durchlauf 52 von 810, nutze Token kVfzEzUZOyg8ijixlLqDC2YsAclgeMRUZnmBjWhQ. Statuscode 200
Durchlauf 53 von 810, nutze Token QDqocEpsxv7IE24mzKxlx31zwAhddjVPxY4Q54GE. Statuscode 200
Durchlauf 54 von 810, nutze Token Evf7XAzjgk8m1eBTHJPQFqAaLjVR3qp6YlF8A2z2. Statuscode 200
Durchlauf 55 von 810, nutze Token 3GZy5vgZxU1lZIZG8gsFTipKuYo4moPYopk1LDja. Statuscode 200
Durchlauf 56 von 810, nutze Token tft5CHYEyqQ132w7yJhcYZxk9tfPFF7lrxQmNgAS. Statuscode 200
Durchlauf 57 von 810, nutze Token z5q06yMF2LiAazLTR1hozFwAMhMfaIBaS25441qq. Statuscode 200
Durchlauf 58 von 810, nutze Token Uc5Rj1KDmqzxWIflmiU7ZNA2Ijb6EH5BrUHLB3rE. Statuscode 200
Durchlauf 59 von 810, nutze Token oiufvwiFjeETvFq4prvhnNiVyBCAkjRtOHzeCQen. Statuscode 200
Durchlauf 60 von 810, nutze Token abmefl51H87VEmn99jLxLsdXdKAZRvbvzL88wAWX. Statuscode 200
Durchlauf 61 von 810, nutze Token lda4GMHW4GHJB865x6ztZzejxb7qCGeCaPmHFoF6. Statuscode 200
Durchlauf 62 von 810, nutze Token vqsLxpkpY41mvPLtmMpaAf3GFgitQrLSEVqH8xsM. Statuscode 200
Durchlauf 63 von 810, nutze Token QOwI9HsylEnSJJJm7GwkrctSC4EC5njw7yb2cYlQ. Statuscode 200
Durchlauf 64 von 810, nutze Token xvmecdDLylvizeKZa5swbMrtM8H9GueVTtIegAg3. Statuscode 200
Durchlauf 65 von 810, nutze Token hKeIsp700s5OwW5OMGVs6iT7MT63DeGtBnnY9tAO. Statuscode 200
Durchlauf 66 von 810, nutze Token 0CnkUqnLNuzJV2o9vR8Hbgicdm5ipacYGBi0mPPc. Statuscode 200
Durchlauf 67 von 810, nutze Token U86LvgBiaQ0JuFlypHdj7s4M4yWzjXYDOLreXKom. Statuscode 200
Durchlauf 68 von 810, nutze Token kGCICE4EugjP8Z2fSg4ZObpPQTBTYDDryltXz0OH. Statuscode 200
Durchlauf 69 von 810, nutze Token dj32M9xKqcJxk8KRScHH7wi3wFqN80MQe0ZinLQM. Statuscode 200
Durchlauf 70 von 810, nutze Token c7GbFm2kxxdoDLA9Zl18zCrYG7Ldv4ogdMYChvYq. Statuscode 200
Durchlauf 71 von 810, nutze Token dk1knF8MNQJEvUM4oYF4ybK3XR8izCFZVFMc0RMu. Statuscode 200
Durchlauf 72 von 810, nutze Token gFA99NZnzLGK1CmjZBCrJUlQ2jLGVOJ8uPdrXEVI. Statuscode 200
Durchlauf 73 von 810, nutze Token Bv8FZz1e2cPuRqM8WwFEBWzbqrXndYfWFAy1L0VR. Statuscode 200
Durchlauf 74 von 810, nutze Token DkpwTEH5mJFebUyRbIyZkMSxSWS24WlJPbCHBJN0. Statuscode 200
Durchlauf 75 von 810, nutze Token dwdIaw9IyqlwHBTjE854Wj8XGcgzgRjcvaAMMMp0. Statuscode 200
Durchlauf 76 von 810, nutze Token 9LuCJ5X6oLHfFwQwpIKPyBC297YKEBy5xD4oJjGJ. Statuscode 200
Durchlauf 77 von 810, nutze Token tInj7w0H0do8FfUthrhG5f1QRHZzeRgjDvOQugsU. Statuscode 200
Durchlauf 78 von 810, nutze Token eIRd4TBMihEk2pRFNRpTH4mRP0hiSU4nnCPYGy9b. Statuscode 200
Durchlauf 79 von 810, nutze Token vP5TmH2lHlyvq7OUlgAHu4vNZoaK8Vm2WOEn888E. Statuscode 200
Durchlauf 80 von 810, nutze Token em0jaW1taLjmUAVTtGlGgiW156iySqQTxFtYKkST. Statuscode 200
Durchlauf 81 von 810, nutze Token D8hbOEbrKj98VT2rkAvsZaSM6hGoc9bC3KLhMicJ. Statuscode 200
Durchlauf 82 von 810, nutze Token ESQHV0ViiOk6gvUDyUdHFhhiUjtPzFXRApB1X5aE. Statuscode 200
Durchlauf 83 von 810, nutze Token NkZcrPGLqDV2Wa0d0wvUd5n8pOeUvSraNn4BWaML. Statuscode 200
Durchlauf 84 von 810, nutze Token 0TFWh4bEPt6nFlAIHMQOKuqLwsOSXZb1XJSLoDzs. Statuscode 200
Durchlauf 85 von 810, nutze Token d1VOVmoX60BCP2qL08SyFvAQ8nvO7ahT0drrVDB0. Statuscode 200
Durchlauf 86 von 810, nutze Token qmJJIWigmqYFNtbPup16avcyN4WpQuVL64p0csgb. Statuscode 200
Durchlauf 87 von 810, nutze Token zS0Q9mYtY8Cl6qTFNTCOvW95lhtnxY8xNNZajWV5. Statuscode 200
Durchlauf 88 von 810, nutze Token WXCBK39zoSOINpkikYUSxn49d1ZYORswzfpKmyYv. Statuscode 200
Durchlauf 89 von 810, nutze Token 5Igw6qWC41deKW4K2Xxs2bTWvYen8nFIMrm3rqiV. Statuscode 200
Durchlauf 90 von 810, nutze Token 8RvUPrD3VLZAEnr9wTFcaEkaiuJMFi31p21RaNm9. Statuscode 200
Durchlauf 91 von 810, nutze Token 0eoQqklt05vOk1xFMdK9tIDGKB5Dw0ymFijS1mg3. Statuscode 200
Durchlauf 92 von 810, nutze Token FCYxehoux5HpGl8rlQRTO7HClBKJe9tN9m6om1gR. Statuscode 200
Durchlauf 93 von 810, nutze Token ocCVFLj5gbKDq7JD3blrbr3q6b69NtSVxvKGOgno. Statuscode 200
Durchlauf 94 von 810, nutze Token Wq7HLJZABkxkmnsQ9JSRtu9jKpEh5CPwiMWHpTyF. Statuscode 200
Durchlauf 95 von 810, nutze Token qTQ0rdT28Phk7ENxBSdKkLu7vznX6kJdGe44uMdT. Statuscode 200
Durchlauf 96 von 810, nutze Token qiB4Sw11wrq1Bux53RCnfG95wpblvqK0FLPaZ6IQ. Statuscode 200
Durchlauf 97 von 810, nutze Token 0fASupC5aZ4mWICWJlSspm76dguytiflRxbSbLWF. Statuscode 200
Durchlauf 98 von 810, nutze Token 5pZKxY3eEXqrkFT1Qy7k9kgjZnSUPT5hBhWpQYcc. Statuscode 200
Durchlauf 99 von 810, nutze Token f4UvbU8I4QK420B6imFENnN9UsLmB0zC3m58hWDj. Statuscode 200
Durchlauf 100 von 810, nutze Token cSy3aYicn9a2IZAoEx5kyFjmld3X8Kb6kQFEHWKq. Statuscode 200
Durchlauf 101 von 810, nutze Token JNJvJcfYmRiiCLnoAijB9kkKf8QogSw9jVEtAYop. Statuscode 200
Durchlauf 102 von 810, nutze Token FQTMYIMHRm56bg07ApRUrcgmIhogxyOktsxTHR2d. Statuscode 200
Durchlauf 103 von 810, nutze Token JrteeT6Wpxkmvq25pRz3vuGZJlZdNOtTwQsroDgf. Statuscode 200
Durchlauf 104 von 810, nutze Token SSZZbCgqVqECJcox5eYT80m32Zde8n9VlW48XBS9. Statuscode 200
Durchlauf 105 von 810, nutze Token id5T9UX6E6ZEeGmeSDdQ8SmHOTB9YHTQsSFZjuwa. Statuscode 200
Durchlauf 106 von 810, nutze Token ISjlfmg697jnYBkW0qhaTGSBMvj1PeR9nt6zOR8k. Statuscode 200
Durchlauf 107 von 810, nutze Token LZpThV5rIQ2iOuCQbE44uRwG99CSGhviPCfONFns. Statuscode 200
Durchlauf 108 von 810, nutze Token 9lqK54URxL8MI6IfqOF6DAgKxDlmrZpZdLYlQ9al. Statuscode 200
Durchlauf 109 von 810, nutze Token Rl55vOT1hJiR2nsFOpDzx7aSYf6doeSjSLFn1Vuu. Statuscode 200
Durchlauf 110 von 810, nutze Token m7v9rWx8BV35GjHuZ0K5QesUKQKWq11Gjef60E1D. Statuscode 200
Durchlauf 111 von 810, nutze Token PS3Z1SL6wb3GcxF1XuldQLnxsfcT0mOvUL6AWG3c. Statuscode 200
Durchlauf 112 von 810, nutze Token KCNnhuuQcrXW761tC1TAhAM5Oxzafa6ePNUMn4gK. Statuscode 200
Durchlauf 113 von 810, nutze Token tGA9bXPIRupVhteDhFuKQWUEI0iMSGX007eCV9jA. Statuscode 200
Durchlauf 114 von 810, nutze Token BlBPHOXvyl8lJhO26aOQQ4xZP48q1IQf8FyyAJhv. Statuscode 200
Durchlauf 115 von 810, nutze Token qbJHnONIbsv80Fbqzz1KairOLmwudzG4QJdWU2nw. Statuscode 200
Durchlauf 116 von 810, nutze Token 7ZYC5i84J7p0XCNVqJ1mGMAlm4N5MSG8LqQc1Hux. Statuscode 200
Durchlauf 117 von 810, nutze Token dMw5F0OVOU4lsKCuD9NH9LfdKIXLOl3TJHF6MzyU. Statuscode 200
Durchlauf 118 von 810, nutze Token zPMeZtQcINWu3nkjysKZkjdlvpgvh1lEqJaPkE8R. Statuscode 200
Durchlauf 119 von 810, nutze Token NMcW8VbnECyMqXvpfI8zks3QQMCZTBxQFH3FjZ3X. Statuscode 200
Durchlauf 120 von 810, nutze Token R4bIYGOzyq2tlBlSUKonJ1HGCjVl4YRzu36nwB4k. Statuscode 200
Durchlauf 121 von 810, nutze Token 9NC2crcCfXGNZ7AqWVDtBdHm8oA0FnSqFW4Ysat2. Statuscode 200
Durchlauf 122 von 810, nutze Token KPbtRPaE9F1CR1126Q9Os8ZIuJE4J2E2PpEnjwmR. Statuscode 200
Durchlauf 123 von 810, nutze Token TPTucHOOEG2rxG9Tvq08gj1eMd8b4zokGjkMTVxz. Statuscode 200
Durchlauf 124 von 810, nutze Token W4huAhJSVqX3bVXn3gxJDVaWMlm9hhkMx07RdpIM. Statuscode 200
Durchlauf 125 von 810, nutze Token xQ7g58klWuth6NF7rQ70ZJl1souasYvtEMI1zcSK. Statuscode 200
Durchlauf 126 von 810, nutze Token YxXuKmkpcndmeUU5uTunHCIiXVFqxhdhYOX7ZyFy. Statuscode 200
Durchlauf 127 von 810, nutze Token pSFCeWN8VgGobZmn83WPP5YH7uzYqvdM9c4Jlgp3. Statuscode 200
Durchlauf 128 von 810, nutze Token tPXYIDn7CLi4yP7b8GX4fMxpv0ccov1zDWaQtIh9. Statuscode 200
Durchlauf 129 von 810, nutze Token YCQ5dbrMIIUnpd0Ff2N9B7sc53cum9yVn228DCAa. Statuscode 200
Durchlauf 130 von 810, nutze Token hj8CxCtRNXCI7F9LlNKVGPayl1yBxvLCxuK0qn34. Statuscode 200
Durchlauf 131 von 810, nutze Token 0DjEMA0Mw7R82WAPS8J4cyCRrsz4zEr2VVPz5ZsC. Statuscode 200
Durchlauf 132 von 810, nutze Token Z4TJbWUspTXRdxgtP2A13cdJTxABqJcFZUonctnl. Statuscode 200
Durchlauf 133 von 810, nutze Token 5f5A4EJ9DEN0BOvU9kVcKCQZKjarzmUlt02mdcXq. Statuscode 200
Durchlauf 134 von 810, nutze Token ZfqZr9mdi2DQz26yxjmvWOEfgeXAUj6cf9nUdfbg. Statuscode 200
Durchlauf 135 von 810, nutze Token 83GiTfrkKotl48fOj6jmYPzNSFFgecBzv1yU98Ih. Statuscode 200
Durchlauf 136 von 810, nutze Token bh54f9b8XpSjmqU9fDV36bKkajNV4MRa0850RYg1. Statuscode 200
Durchlauf 137 von 810, nutze Token 8kRDMJvTuaEuQfE5sEDSZOeUVaKCG13BRBeJJP74. Statuscode 200
Durchlauf 138 von 810, nutze Token bHfwUdNSqWHckVs51BTV5KWcQMT7BcAV6s77b1ls. Statuscode 200
Durchlauf 139 von 810, nutze Token OMLxwwZIM8rq0FwOnKV3gGkVpKLR2txdFB9r7yPQ. Statuscode 200
Durchlauf 140 von 810, nutze Token YMFqpG5Juii069rRmZMixqQN6q7w2gWpbPkientT. Statuscode 200
Durchlauf 141 von 810, nutze Token hCCdpqk1ziqgEvPtb5buKQ9JUCUpCxLPPT6daBnw. Statuscode 200
Durchlauf 142 von 810, nutze Token chMftWxr2V74g10mrDqd7hBlo9xSkq588SDdeocc. Statuscode 200
Durchlauf 143 von 810, nutze Token BbkiUTKkvErREAaWGl13xfHZtWpH7BHcL4QyyZDv. Statuscode 200
Durchlauf 144 von 810, nutze Token V03OUlpEK4mTC8zjUVDu7bR2IyvFPK2JfbPiZ7Mf. Statuscode 200
Durchlauf 145 von 810, nutze Token CYBRHnHSC9prs8U6HcvKmBuE2Od3icct7ciBex93. Statuscode 200
Durchlauf 146 von 810, nutze Token 6TgJBnd899XMc9owlQ2qvsaRvLHMA1YPOhCWeE5T. Statuscode 200
Durchlauf 147 von 810, nutze Token 40Y4CQXgnvAVTkLgC9tjaxS7Bxe8d1xl8LwJnRjs. Statuscode 200
Durchlauf 148 von 810, nutze Token G0Uedl1nG47GWz0c92F2GJRB25LWHy1zmNg2ENR1. Statuscode 200
Durchlauf 149 von 810, nutze Token 0LGwyv3aTdPQKuDltlO3F0zQyy6EN3LE4poWEwiq. Statuscode 200
Durchlauf 150 von 810, nutze Token Xk0tktZcOdpmcyXwn3gBGsegGavBUJgrnUxxld4n. Statuscode 200
Durchlauf 151 von 810, nutze Token WTjt6Kb4d1BRMR6FipG05dxdy7yxBwGmJiIgE1fG. Statuscode 200
Durchlauf 152 von 810, nutze Token JKnO4s1H0pdm0xRnG7i80o178SSCh8Xl7nLl0SHn. Statuscode 200
Durchlauf 153 von 810, nutze Token Of9x16RkSyCBIc8vHbsXpO9U6VuWDTm0wUEspn1h. Statuscode 200
Durchlauf 154 von 810, nutze Token cpckiMF8EZ0gyXFmRQhK5yzT49t1GSDTEveZQKF8. Statuscode 200
Durchlauf 155 von 810, nutze Token QN3mGilYyHO3BIlkeaZVfMGMjWEeoO1ykJnl1Fy6. Statuscode 200
Durchlauf 156 von 810, nutze Token BU7CDD95FJ398iiwwgWx9ZzATRVd1S8GkP24GMSb. Statuscode 200
Durchlauf 157 von 810, nutze Token 7MWt91BBpjjohLZgd6bpsnLo4kZH5lAoSZ6Eibtu. Statuscode 200
Durchlauf 158 von 810, nutze Token 5sRxbuY2rbCfHgjXdgXRutdmNvXY93F5Oe1Mrr5m. Statuscode 200
Durchlauf 159 von 810, nutze Token kiitivnMMwXr4Pz3dLDbBm9YHUm4vbd1fq1lVXZt. Statuscode 200
Durchlauf 160 von 810, nutze Token Qlabzxxz7TLlLz3cSstVhyO9gebbFjU3zvAP8SZo. Statuscode 200
Durchlauf 161 von 810, nutze Token 36W4JsInYygXbWg9Yid2dHAJV6Vx9ucK80He9rPo. Statuscode 200
Durchlauf 162 von 810, nutze Token rk9T2H6SJL64gRGcEoSt4ESapF567S31q2P2hL7P. Statuscode 200
Durchlauf 163 von 810, nutze Token y8QuLNj1XCtmXj2n65oYR6NEYH1IC1YsXB7OPc2i. Statuscode 200
Durchlauf 164 von 810, nutze Token P094eo9yR6bCortYG9SkLxC6yaJ4MLhK5KLHnORO. Statuscode 200
Durchlauf 165 von 810, nutze Token Z4JQqaib4ag02gv2e5N86Qb0XohiMVYw6lAiWxAC. Statuscode 200
Durchlauf 166 von 810, nutze Token NZqUkjkMcFMz67eWXGyC0Wnqo28hDWg8KvYgzSKj. Statuscode 200
Durchlauf 167 von 810, nutze Token 4wd2ugPUn5xDFMLjBF8LAbrznbcakYMAJoeBS60p. Statuscode 200
Durchlauf 168 von 810, nutze Token 9VrSNbMs5GfdaMqk051nRM3ni8Pb0JWytz0H3DLS. Statuscode 200
Durchlauf 169 von 810, nutze Token Oj2Ccip3ZN4FWBEPHNG20Rt2WsXY22TDHDEd0hk9. Statuscode 200
Durchlauf 170 von 810, nutze Token tm6wQr3AAbw82xUDJKZeA6csJqQQAhWcZmyMgIj3. Statuscode 200
Durchlauf 171 von 810, nutze Token 7UuDqdnvQKEZL1RUTDO1DV2A0hj0L3rlaO1dvhyc. Statuscode 200
Durchlauf 172 von 810, nutze Token p27lVzI14f5qWWG5hkrlJOZAouHra93sb0yhcMNM. Statuscode 200
Durchlauf 173 von 810, nutze Token RKOozrLbkQFsJtULNDPkC7I7EqwF1ZcdpZcqVb96. Statuscode 200
Durchlauf 174 von 810, nutze Token TlVW8sBJsFE8D1kWTKtCJDjyc0hsHaYF3obr4O5N. Statuscode 200
Durchlauf 175 von 810, nutze Token pOHPazefNakISFIalg5xR81ju8SfOGFmCQvWaL2u. Statuscode 200
Durchlauf 176 von 810, nutze Token YTbTQjko0HuedvM7I5smSAVWfneyHNFpVCB0eeak. Statuscode 200
Durchlauf 177 von 810, nutze Token L4iHLgimsGeaoZIjNMhZyntaCu1QzCLMTdHSrKpL. Statuscode 200
Durchlauf 178 von 810, nutze Token ePHbTa1F67hgcTQF3wnGed2nxp9MFkYrKfb0DIkN. Statuscode 200
Durchlauf 179 von 810, nutze Token MhPIzJv7YRLGyF2XbioOKcIdMzqCsbBpSdiIEcqt. Statuscode 200
Durchlauf 180 von 810, nutze Token 1LhvWZHu3Kta4dZkt6BLYSF9dF2toFuBknkc1gFU. Statuscode 200
Durchlauf 181 von 810, nutze Token HCQELu4IwA1EgrthbU5DBupUpMnKxTGKAFyBMbOI. Statuscode 200
Durchlauf 182 von 810, nutze Token dUMqsnZ57dfwcYMIBRH90WAydvXYIugI3amf1yvM. Statuscode 200
Durchlauf 183 von 810, nutze Token FOezmu7IaHWDSh6lWD7P1NfKPvuD1i64e4QqGLOm. Statuscode 200
Durchlauf 184 von 810, nutze Token sMKILZPjymh9gkk3s8K1TazjSReyf0mlCn8Z4334. Statuscode 200
Durchlauf 185 von 810, nutze Token sCH9h0MVeEFYf6KfXGBzHTs0vlOve1UfdAfJodtU. Statuscode 200
Durchlauf 186 von 810, nutze Token KgUMm6Ohv0HOdP65mGfFiR8GeT6dn2Rrsfaf22Ny. Statuscode 200
Durchlauf 187 von 810, nutze Token yAgAmUk3wjxUJWHPkaEJexWEczq3vCM8jWd8INof. Statuscode 200
Durchlauf 188 von 810, nutze Token zteqYwRX5xC2rN5mXKfloTbgt7kENvXyCkPyhYxc. Statuscode 200
Durchlauf 189 von 810, nutze Token B6F2tlBIV99e0u3wuXUpez47bhHmo8Uu8DIEpAyl. Statuscode 200
Durchlauf 190 von 810, nutze Token 0mUliscszsz1AmvnFPRDYtHPPpe2Hws0CgUtkmgq. Statuscode 200
Durchlauf 191 von 810, nutze Token HnhOkUf2lm0X14Esnrr17lotMnM9BXHxHxUQ2954. Statuscode 200
Durchlauf 192 von 810, nutze Token 23qDYtukHDOJWNPOdqdXfCH5s4FfjPItI7mD1426. Statuscode 200
Durchlauf 193 von 810, nutze Token J4MbxEGsHU02SWwh8I9UlTrBBvl6ZQOjy7hkFQMO. Statuscode 200
Durchlauf 194 von 810, nutze Token LP6NJX9D31VSdHr8GJwoUzooPodrEmcVLi7RHVFg. Statuscode 200
Durchlauf 195 von 810, nutze Token j4DqqdUt0ZekdfxwzcncXpXqsFXPApVj7SJnUreX. Statuscode 200
Durchlauf 196 von 810, nutze Token LdzRUA1dl1bgyMbjWauYPhLbBLw5QAzCqBECYrJi. Statuscode 200
Durchlauf 197 von 810, nutze Token 8p3auxAvTL9nXQFZcj6gtD1lmpQCGmzC5fwtvKEg. Statuscode 200
Durchlauf 198 von 810, nutze Token JfrRLbRnFAIpvCeCzwReU3BrPuOZKSF8aW72DYQL. Statuscode 200
Durchlauf 199 von 810, nutze Token PsdFNMZP6nBpJTPcJBa1lxPytQ5dDWFjeXnExDCC. Statuscode 200
Durchlauf 200 von 810, nutze Token d5vBSKQYzHXPfh8OCAEa5RhCvKkXzvbDhUy6X6Et. Statuscode 200
Durchlauf 201 von 810, nutze Token VlgEMXXKngedWoBVa5meAcI6bZ4RJEbfGKo5NPjA. Statuscode 200
Durchlauf 202 von 810, nutze Token 11jfjtW0i94ne7KNiAt9LZlT7U7a0gagbDCui1Nj. Statuscode 200
Durchlauf 203 von 810, nutze Token MZuUimtxNn63wXDa10u0KWZp6pfGu1BhUjioonbo. Statuscode 200
Durchlauf 204 von 810, nutze Token RQfunQTYxXf9StOsnpARREyopjqvdyRgOfEm9dQs. Statuscode 200
Durchlauf 205 von 810, nutze Token DLZqhtL01xjfzubAX8qoTD3q7JvjQFZb5w2ZgjZN. Statuscode 200
Durchlauf 206 von 810, nutze Token F0ssuNJsTpJKYBoBwp9oE4EcAk4Ej6UEYJ4Lo4ke. Statuscode 200
Durchlauf 207 von 810, nutze Token jUbqH7jnA3oGie7YiRaPuothqC3X7rwOVj0eJbGA. Statuscode 200
Durchlauf 208 von 810, nutze Token 6krLl1TjwvN6xaFHwn3v42nWPO0xAIb5UNlAlxG2. Statuscode 200
Durchlauf 209 von 810, nutze Token KJT8V5EojZ9XWUp3JQ85Mq8MCoaKjw9iUfpSELbR. Statuscode 200
Durchlauf 210 von 810, nutze Token xeMHnqY2cKcefw5y9n9cXyDI6iQDsFOho0PTEk2b. Statuscode 200
Durchlauf 211 von 810, nutze Token 8AinhEW9AZ4KGIDbDN9rQWgW58PEiInUrVzbUpkx. Statuscode 200
Durchlauf 212 von 810, nutze Token HStQda8elVCQKW3L1Pd5Rc2ruMcGQV1g2WDjDEGq. Statuscode 200
Durchlauf 213 von 810, nutze Token TWr0anqEk7LxT3KpqTIYSWlSVM5EW8LYCIn90qUK. Statuscode 200
Durchlauf 214 von 810, nutze Token QdhBU8AXhZx3TtR9ebrFyJtyPq9YIiplcLEyWAXc. Statuscode 200
Durchlauf 215 von 810, nutze Token UvhSUuS3bU2jRucp0HlxEoyMvsN0P1Jl4VY3AKed. Statuscode 200
Durchlauf 216 von 810, nutze Token Rf7hBIJCcl2chY6KhYuw8vtU9NdBlmDtNq2r1hrI. Statuscode 200
Durchlauf 217 von 810, nutze Token 9SaOFru6aLZAYar0MsUd38Mx4bsUIYlb7G1QkyKf. Statuscode 200
Durchlauf 218 von 810, nutze Token g41hOhBQBYfFRHMC34kjVanHt02z23RolyzzxgJP. Statuscode 200
Durchlauf 219 von 810, nutze Token lcviDtT6gV9Ht1qPR0YmZKYPfsTPp6OZo6adbTop. Statuscode 200
Durchlauf 220 von 810, nutze Token 3TCA0CR3by2UYS0rcaDNh0qqxVHMCCHSbDtBXTTP. Statuscode 200
Durchlauf 221 von 810, nutze Token vNBKEZ77VOIgvPkvVPtHMl0R2Va1R7tpZgrVrip2. Statuscode 200
Durchlauf 222 von 810, nutze Token FlP6tT29wbNTn5HOeXJzj1Yx0jskS3raIlGsEfCG. Statuscode 200
Durchlauf 223 von 810, nutze Token LsQPx2DAi2rfntfTyLET49VB29ZDUm8N3fdAMYNW. Statuscode 200
Durchlauf 224 von 810, nutze Token inKtypR3B55uJacasd1r3UOBN1tGoEHwf80tSKlc. Statuscode 200
Durchlauf 225 von 810, nutze Token syhVuyrtBXRgHSvifgep25AcpwyAFLu6YULvwjX4. Statuscode 200
Durchlauf 226 von 810, nutze Token CGjdy6RdVwtW69Kq6FdNL9aFPQ4DQjTw6WUlqyxw. Statuscode 200
Durchlauf 227 von 810, nutze Token 4EJZzSwsN55EhiDaJcwxTHGSQapntSkBG7qHdJm0. Statuscode 200
Durchlauf 228 von 810, nutze Token a6Q73PXRxvFPFFxrv9MItTEmz4AP0uMPwFjuoibm. Statuscode 200
Durchlauf 229 von 810, nutze Token gMpJq4sLLmybomu1sX94XkIV699MHElWRSpejQEt. Statuscode 200
Durchlauf 230 von 810, nutze Token Z7TdnKGwvCPLyUaosdyjOMFUHyr7mUXAXRjyU5UN. Statuscode 200
Durchlauf 231 von 810, nutze Token XZSe1Xm842mrfqI5utjgXXK9lQLIifKR8TDzKcEH. Statuscode 200
Durchlauf 232 von 810, nutze Token 6bMsQwzaQ8Eu3CLsk6iqw30KYSRbJkHXNkGlEv9V. Statuscode 200
Durchlauf 233 von 810, nutze Token 6xnTyPwMA3kqrKnW3TCeIlQNhkvUaGaoePTd06L1. Statuscode 200
Durchlauf 234 von 810, nutze Token 4mjVpi6RXFZl92CfC8z6gILjAXI1FUW9zU59SLDD. Statuscode 200
Durchlauf 235 von 810, nutze Token XTbj7UGrNJp9u0J5e8xztpRccd77aLu7iWvVjEDV. Statuscode 200
Durchlauf 236 von 810, nutze Token SoA6RqEy4jMRCEbmUPUaohuxYcDoGd4OuCyuPShc. Statuscode 200
Durchlauf 237 von 810, nutze Token D5f90RuOqlimT5fWXAGmF1PDPb1Ztg0P7mV6vHJi. Statuscode 200
Durchlauf 238 von 810, nutze Token vK9O7a6Bim0iusQBUobtSBeX6x5W6CbECJIcSbRB. Statuscode 200
Durchlauf 239 von 810, nutze Token 5EbyxtsGnF8YE2XtP4tX0NE5h7N69cdOo5T2UK05. Statuscode 200
Durchlauf 240 von 810, nutze Token LLlPwM3xhNYhFpaqOpqXmmOJbBOd5UuL4sWUigcp. Statuscode 200
Durchlauf 241 von 810, nutze Token 1JMvhlttBY31rekkNJAOtqAX25iymZkCAQwYKJzj. Statuscode 200
Durchlauf 242 von 810, nutze Token WDI2p6OlKYOfCthkWlszpDxNRupUovs4MQ4UPaA2. Statuscode 200
Durchlauf 243 von 810, nutze Token cblxODK8GKWI3eCc7QjgT21I5zfTRxFDydHwUi87. Statuscode 200
Durchlauf 244 von 810, nutze Token TbnLuAUTWsoZ6LhJlhPyp5OAbcxyhvNveuhgx3Js. Statuscode 200
Durchlauf 245 von 810, nutze Token 4fyQMabKqRJsUvyTercJ1CjnYQmeBAca4IN8JOdM. Statuscode 200
Durchlauf 246 von 810, nutze Token v9dEt2QFt7Vp0NiXyReZegDAHZQl8smFvEFIt0JX. Statuscode 200
Durchlauf 247 von 810, nutze Token OJHqeOrWasBGbX89kzCGtZvDfGtkZtnVCapiFJtE. Statuscode 200
Durchlauf 248 von 810, nutze Token EWu0opXzqfPvDfN2E0SiEZDGmunhsUK5ZeImSDeI. Statuscode 200
Durchlauf 249 von 810, nutze Token WLHYrgqS3e2N1e9BoOEW4xwYTU3NYmFr7qhJGuO1. Statuscode 200
Durchlauf 250 von 810, nutze Token l6xZm0LwWDI87tU9ydMjyE0ZtOCPbspvIZ6xJ3tx. Statuscode 200
Durchlauf 251 von 810, nutze Token amFui2uz6aFdaKlRmGbSVrzEg6tS9tQxPh6rIKHk. Statuscode 200
Durchlauf 252 von 810, nutze Token mjenHXdpqUg7D6moK4gs6GrGCA89vzstY9gQWWHX. Statuscode 200
Durchlauf 253 von 810, nutze Token vwxYZz4LZQ0sn7XDq70LKOWa1h5Lik0HVZUoxTV5. Statuscode 200
Durchlauf 254 von 810, nutze Token eL2LZvH0IhX79QF8J1bdV4hFqKesVz3ZCKqtfECf. Statuscode 200
Durchlauf 255 von 810, nutze Token ashPdNKDS0BO62ZYIkpi66FlUPjsv20Alh9ifDfW. Statuscode 200
Durchlauf 256 von 810, nutze Token gkjaIHZCq8TXLImKUjrEVI7dObvTwGaUIUacphB5. Statuscode 200
Durchlauf 257 von 810, nutze Token acChrWDxZh6qfe8KH5i0z1xWVfS9kpsbQYvEyonA. Statuscode 200
Durchlauf 258 von 810, nutze Token I2kYrRkqPiX9E0Gb0KxL2zsBm8yZnASfssOXWBqf. Statuscode 200
Durchlauf 259 von 810, nutze Token qURt10D0K6Wbn0dSLoBkyNvPbWnKXgCj23UyAMxk. Statuscode 200
Durchlauf 260 von 810, nutze Token Qin5K4vmR8mECzX4sW7suPFVn52Ro4QB1SFPU5Tx. Statuscode 200
Durchlauf 261 von 810, nutze Token Oi4SZ6yPpKjXtE3kx632mAJOrHz7AGe2XhJ15GOO. Statuscode 200
Durchlauf 262 von 810, nutze Token cCuR7PbXQIi5NhZSaKNYCQ3jDjrY4KVgjqulrM84. Statuscode 200
Durchlauf 263 von 810, nutze Token QStb7YxnqykiXHeHBKx0JPBh8A6Flat4ZMvZyvYj. Statuscode 200
Durchlauf 264 von 810, nutze Token 2cYsfiibRnGE4yImSxJuheubpR7uKm5c6sbydncb. Statuscode 200
Durchlauf 265 von 810, nutze Token YXfGWAR4h0Tf0xOVpnAiOpumnh8caOlMjFYzZbCo. Statuscode 200
Durchlauf 266 von 810, nutze Token ErNCtRmoabutmetkZuAizoA7x7CKJmsE3i0pzXdX. Statuscode 200
Durchlauf 267 von 810, nutze Token 6BGdjHNPeEoNSsqMiQWavtpO6YYxdvLN69DlsshQ. Statuscode 200
Durchlauf 268 von 810, nutze Token zxjQrCHtNHGfNzqUvjkXPycKL3PAbAWhf9w6ZEZo. Statuscode 200
Durchlauf 269 von 810, nutze Token by9qoPqJRVTcpTqMxYViZD2to1AaXczO5pchLeYk. Statuscode 200
Durchlauf 270 von 810, nutze Token qXR3Hmg0RQgYbaAptq8XlYDurVQhmX7YL8GjUTUB. Statuscode 200
Durchlauf 271 von 810, nutze Token ho8gGIab0vDbzrbDoWfyWzuMZ3dwgagQ5jdzkR3Y. Statuscode 200
Durchlauf 272 von 810, nutze Token EHjUxwC04KqE2CXhh9euMa2MrVV6hbogbO5dQfI8. Statuscode 200
Durchlauf 273 von 810, nutze Token qhTuMrwtVFnPMdZ7uVWDUDBkf34lLpKSy9x2nIRA. Statuscode 200
Durchlauf 274 von 810, nutze Token PbgIGORkRXPMo7Yksjy9FLWaQVXn0YicwoZvnz7t. Statuscode 200
Durchlauf 275 von 810, nutze Token AxYdxXGohGLYfdWyt0UloqXTz7imdaQ4uFKnJtjA. Statuscode 200
Durchlauf 276 von 810, nutze Token E6ZbltpGZl06eqPPZONQUjoDsYtAOLpr9Ht37NOB. Statuscode 200
Durchlauf 277 von 810, nutze Token 69ggVGW89MY2igOk3xKjSFErtWu5r7CO32DizqCm. Statuscode 200
Durchlauf 278 von 810, nutze Token 8HWoB6lIE9Se8LMnErWONIUzYX2vFe8KclnXnbLL. Statuscode 200
Durchlauf 279 von 810, nutze Token DPTtIsc9NIFl2sm0dYSRscIzFF5CmszgM0v6n0uv. Statuscode 200
Durchlauf 280 von 810, nutze Token KJE2DGOb4J476go1ds0Z2PXug1ezUlguoTqnUZRB. Statuscode 200
Durchlauf 281 von 810, nutze Token sHA12wQHuuT5aaOnkvMcx31DgkoRTs6ixQf0OXOv. Statuscode 200
Durchlauf 282 von 810, nutze Token Kwmlj0baJDAeiDBh0kk5diFKUqPA40TDcxilzswQ. Statuscode 200
Durchlauf 283 von 810, nutze Token wJdsi9KxhgyusDlKAN4yF6xRjvyRj6IqSIo2yJar. Statuscode 200
Durchlauf 284 von 810, nutze Token xuebDxIGWxE3rOyUck6ZHcPncR9EGnz5EgiA6GZC. Statuscode 200
Durchlauf 285 von 810, nutze Token ksvGg1OJMQdghLrlOxQEe8PVWuubdBXiVlJgk4iU. Statuscode 200
Durchlauf 286 von 810, nutze Token 47StGcQp7s8oPAZLVzKkAcvW8Ded8Hmja0S3rqIP. Statuscode 200
Durchlauf 287 von 810, nutze Token KM6GNAUlF4ZIf6dSJ8LclD6YcJTCQh0dDP9M7B6o. Statuscode 200
Durchlauf 288 von 810, nutze Token QuWoDodQaVFirYgYqddtL34S2NkBqsL3E3QQ2fvy. Statuscode 200
Durchlauf 289 von 810, nutze Token GHsPrYd9eLJCNp8nwrvrEABvps1ukdZX6O7lwkzq. Statuscode 200
Durchlauf 290 von 810, nutze Token ddXPlYoJtf6rw77qyUsq8c8SwA5LWZwzsku0TUuq. Statuscode 200
Durchlauf 291 von 810, nutze Token 6l5zhb70aqBzeZKch9weWUHvOKXSzlyuEqHQf5Qn. Statuscode 200
Durchlauf 292 von 810, nutze Token 86YfCIueJq21UByXYEsUjbbeNfN6JcMBTOZEgbXe. Statuscode 200
Durchlauf 293 von 810, nutze Token YyslfLTxD2f6DNUgszWkh8KtLB3BgOi4vKZ9I7Hv. Statuscode 200
Durchlauf 294 von 810, nutze Token 2LERF8MOlmaYV6ICi0sgGYhIOeGwhHgOGUgSG0C7. Statuscode 200
Durchlauf 295 von 810, nutze Token QWVLmYlMQkXdOvHOlI6WvBKcJuRz0aDfz8gMMDGt. Statuscode 200
Durchlauf 296 von 810, nutze Token E9slDQ7CwzfNrIlqQz4mo3WH2t4lqYSGa8v3MLop. Statuscode 200
Durchlauf 297 von 810, nutze Token CN3bgJTZ5Hb22nIfbWayhC4HzSRgdTAsnrrHxoqO. Statuscode 200
Durchlauf 298 von 810, nutze Token KUyvT9Pcnn6pxP0Pb2wJXuRpI4vSn6WFxF2ck1Js. Statuscode 200
Durchlauf 299 von 810, nutze Token J8iPQ6FH7rZE7h9bn4NAPfnzDSIePw3qTbJhSAjk. Statuscode 200
Durchlauf 300 von 810, nutze Token zqY1ey7yeYJynIL1vbRbkEDrx6FE8LaKY19958KJ. Statuscode 200
Durchlauf 301 von 810, nutze Token OmUgBjqzX52t2xeVIYtahWmSsIVgtt1T4bXeZRIr. Statuscode 200
Durchlauf 302 von 810, nutze Token 9IbBhyTaVLr1eWNJESEKQWS4TYSRfy9iCptacMZi. Statuscode 200
Durchlauf 303 von 810, nutze Token LziaEk753i6q9aUd8H57VgU2ktslFMNTp1QgelBH. Statuscode 200
Durchlauf 304 von 810, nutze Token QpEBR50PfyioOPnoWG1qggoJUkJYovUCDft9BrC5. Statuscode 200
Durchlauf 305 von 810, nutze Token fIqWGYtnwTeFYcC4iTstq4zCWga22CBXSU5hZs4K. Statuscode 200
Durchlauf 306 von 810, nutze Token DuHRw4G3SOS3IEaDYnZdfWQ89OxLTza3VS4FCUgg. Statuscode 200
Durchlauf 307 von 810, nutze Token PvTr4OgXm5rhvo3gXU4rYRFppPrxF9j8rB8UY9TE. Statuscode 200
Durchlauf 308 von 810, nutze Token FgdmtAz9eQLHxGrR8F7BZUZuojxur4U9h13OJfUR. Statuscode 200
Durchlauf 309 von 810, nutze Token rgn0Ei1YpK4iNZqp7dd7Qz3BQbW78ex8yJUXoEio. Statuscode 200
Durchlauf 310 von 810, nutze Token WQOOr5PizTdxFo9lf7W8P4K3w4Aune9yWVSSWVZl. Statuscode 200
Durchlauf 311 von 810, nutze Token LzqxO7flKa4L1ZesV84fr4uqmzVUitlEKzjuYlE8. Statuscode 200
Durchlauf 312 von 810, nutze Token MiZQeUHQIq1g6cyrM3H2RDrOCVBvkPAyJ7zCxKCg. Statuscode 200
Durchlauf 313 von 810, nutze Token KlbQRI3JVLN7QtDEwhHskVHk61TdJMo17vMNcGjY. Statuscode 200
Durchlauf 314 von 810, nutze Token D6W6CU9fO39nZq7rmxrC5yt37BZSlG6bVX5OsIdV. Statuscode 200
Durchlauf 315 von 810, nutze Token FRWTFAVyahFkbbga1tNPQ79GknJVOX5lfaSaf3Wx. Statuscode 200
Durchlauf 316 von 810, nutze Token R9asij0ZFHpkd38z63rca9IvF40xy7zW8YbfPrwU. Statuscode 200
Durchlauf 317 von 810, nutze Token tuPej0imXQ9sM3Yi0Wquys2Ao1Sah9CLnd4BYMtn. Statuscode 200
Durchlauf 318 von 810, nutze Token t80AM0txVVIFbInQe3z9KTOZznWIF6OATckBNcqf. Statuscode 200
Durchlauf 319 von 810, nutze Token wCjQpBrN1GUvBtiNkvXUHIS02uF2eiUxE7uOJTW3. Statuscode 200
Durchlauf 320 von 810, nutze Token q2MevQSJT0wmDDjxxLeV15J6b0A7haovEz5yAPJy. Statuscode 200
Durchlauf 321 von 810, nutze Token 6IXKFB8Oz0q1JFCBoHYSM9SSRUB3BHA0yjfgX6eu. Statuscode 200
Durchlauf 322 von 810, nutze Token y21H894bO0TsgDi8NJYajXCToJAdbSDNlsZdNNoM. Statuscode 200
Durchlauf 323 von 810, nutze Token PfIWmDir4iB6EY2YcDJ6VQseH0ogfjy2o7a769FL. Statuscode 200
Durchlauf 324 von 810, nutze Token eG5ll86KeoWFaRTaGLzjqZ3jex1iOXWR1MfY3YN9. Statuscode 200
Durchlauf 325 von 810, nutze Token hBaWl27WSlse44yfBCoGi2lF141Pi3r5h026uNs1. Statuscode 200
Durchlauf 326 von 810, nutze Token FXOPtwudsuh1lnlBhhMKuevbJrQzhdPeWTTFEqy6. Statuscode 200
Durchlauf 327 von 810, nutze Token whATPxLFDTKJXMmwdgYs7YX3X4RNQr4UBGk9BAEh. Statuscode 200
Durchlauf 328 von 810, nutze Token 7RlTJJ6Z7NEmnJjK1vlv2l5FumHtIB4G6ZJplKg7. Statuscode 200
Durchlauf 329 von 810, nutze Token te4QTscuNLNfof5z3uGiPrsv4f1hJ2pvufjMKa67. Statuscode 200
Durchlauf 330 von 810, nutze Token gUkmQ1d0mosoLpH8TXGCLGboKf8ms3rZI3DH1b3w. Statuscode 200
Durchlauf 331 von 810, nutze Token BcKIRp0tHrHVeUa6u1QKSe3UN25jUPz7d2lrdOY2. Statuscode 200
Durchlauf 332 von 810, nutze Token tbs0hnvstkyLG70L2umVShKRrLcdIpw2Kap1Jhv4. Statuscode 200
Durchlauf 333 von 810, nutze Token C7zph7I6VUqXr4kzLpKPnaLrhcp1R0m6ya3MGDJ8. Statuscode 200
Durchlauf 334 von 810, nutze Token 5RrMdMzhrGSCfWojLRQGIE6AQTgKjxPc6U8LeJaS. Statuscode 200
Durchlauf 335 von 810, nutze Token gFuOl27kmdpENf6X92XeD19R8OoyX5jTsMfjuZMl. Statuscode 200
Durchlauf 336 von 810, nutze Token BJo4vgEze4KUeo4LxozIfTTILwLpa1bQ1zADwBx5. Statuscode 200
Durchlauf 337 von 810, nutze Token MI8Zof2tiFiuQgbl9FBp4gf58mis5cKLoOhDaNPu. Statuscode 200
Durchlauf 338 von 810, nutze Token ST94Ggxhqbe9aU4JKL5STaxgS6rGHRbvfosQMc9H. Statuscode 200
Durchlauf 339 von 810, nutze Token UAIgDBFUCjux9KG5kafor43AGzOqehBvfe0aYSuP. Statuscode 200
Durchlauf 340 von 810, nutze Token zwJKWBNKyzBfrJq3rxSjhX5SH1iq0MDoLsfW4xmb. Statuscode 200
Durchlauf 341 von 810, nutze Token lmKYLL4HiuQqOQFaqTrvb7UUOF0g5ynfO0m3eZXt. Statuscode 200
Durchlauf 342 von 810, nutze Token SRAa4Yp6GH5bhe05GFbgxA7nPo6Zes9ORFrvJE0l. Statuscode 200
Durchlauf 343 von 810, nutze Token 02VjVYcGL4fDsAD0MGcz1u6BJjgwLe0zs9Bu2UIP. Statuscode 200
Durchlauf 344 von 810, nutze Token 2ReGy7Z70yiBdLB2iDXxCtdR3orFw15V8Y8I4vMO. Statuscode 200
Durchlauf 345 von 810, nutze Token fmcDzoRw83NyCgSGSGL3jKVCY5ufXamGM7WCOuv4. Statuscode 200
Durchlauf 346 von 810, nutze Token QUGz3V5Gs7gJql33VwE30Ptuz2BwVB1s0OK5T13e. Statuscode 200
Durchlauf 347 von 810, nutze Token PrWszqTuuKCBQBs46dozJjv6CzgwbGFlcubljyon. Statuscode 200
Durchlauf 348 von 810, nutze Token NmvsWfvxI4CzQqhJIX7QNY093rbOvKrRbUhATwrq. Statuscode 200
Durchlauf 349 von 810, nutze Token QGwIdfbN0p93qoeuxzec0zQM4kcUMHrfQNNKWWUP. Statuscode 200
Durchlauf 350 von 810, nutze Token JwFqd07fTOPnbzww13zloiHSTGhKCvZ9hLNPrfOQ. Statuscode 200
Durchlauf 351 von 810, nutze Token as7QtFmCX6aihQTZemyaKKnlquxgOiQTFNjejWtK. Statuscode 200
Durchlauf 352 von 810, nutze Token TzJcc2x5zDW7sOrQDLsVVPHARVihkAJNoOgGjdvU. Statuscode 200
Durchlauf 353 von 810, nutze Token lv4SceHtFYIvh83dVwFcgEmwsx7QZwWtBIEpbfvi. Statuscode 200
Durchlauf 354 von 810, nutze Token PdD63UI1V7THsposnmn8uETtroDVnZerZhqLG8da. Statuscode 200
Durchlauf 355 von 810, nutze Token ajxEexQpsgDeMe2GLV6obEgv5D4z33ttxn0C1pga. Statuscode 200
Durchlauf 356 von 810, nutze Token COKIW4fTmeBjhQETZ792hhteGCRHTDplFk8ApIME. Statuscode 200
Durchlauf 357 von 810, nutze Token J55r0EEujFlcKwt7fvY9siGb3510DpEkMW9e51jm. Statuscode 200
Durchlauf 358 von 810, nutze Token Nv4OHo72bV9SV0WysHXTV7fI9GPVtUTDD1K1WG0O. Statuscode 200
Durchlauf 359 von 810, nutze Token 0LjDmWw2ahNwt51TOIlRM5XuIa2GWW2H89NSogWb. Statuscode 200
Durchlauf 360 von 810, nutze Token f2X6bfWgams3YVK2oTXC6vYHwIyaeWTKsZDJimdd. Statuscode 200
Durchlauf 361 von 810, nutze Token pTPyPSpOIycZuUaXnCiXpAOAY1mRPibmIwJfArhQ. Statuscode 200
Durchlauf 362 von 810, nutze Token p51NaUjhmbXAcuvK35jHV5t9exEi86wCaIXSiKAh. Statuscode 200
Durchlauf 363 von 810, nutze Token BLFLvOoQbYQNKsojxYkdSoK54nEWe8DbrYmjJk9K. Statuscode 200
Durchlauf 364 von 810, nutze Token UeA5Tdfrn2J3eGwnyRThPJmx3qj3o1LqLbH8umVc. Statuscode 200
Durchlauf 365 von 810, nutze Token XE3hmNaeWTrK57J5ejw4OolvNlJMvvifvV62Seaw. Statuscode 200
Durchlauf 366 von 810, nutze Token 4eqfNFWJdCIFEBOMOjMZjum8J1jfVa8UxpIDBOYd. Statuscode 200
Durchlauf 367 von 810, nutze Token dgsiYcgJYMjC9yD3Chvt7demzlA8mcN9p3CoklgA. Statuscode 200
Durchlauf 368 von 810, nutze Token rUgl74lmEQ7Cw6nITMEkSuG0fBReRZP6t8z2BEbp. Statuscode 200
Durchlauf 369 von 810, nutze Token 4XfxMyVT92HqB0MenpStFKd88EbTkZ28tSaRzON9. Statuscode 200
Durchlauf 370 von 810, nutze Token zUGeQyepAG3CSN9e8lQLq3HbyP0qqhEokAhrwnXb. Statuscode 200
Durchlauf 371 von 810, nutze Token YMs6Q4fiWvbRBsvEIrBEajiyRou2w9maXLogylDy. Statuscode 200
Durchlauf 372 von 810, nutze Token Ei7COnvmqTZCcAx11lesDHvd6s7EnOV7Mi7EtB9a. Statuscode 200
Durchlauf 373 von 810, nutze Token X3CfM1w3p2avGFWIndiQL6JunsTQDE6SLBfzqShW. Statuscode 200
Durchlauf 374 von 810, nutze Token kthIFLgvsPglXe1jxi72DxrLg5wgtRpmW6lVWJVC. Statuscode 200
Durchlauf 375 von 810, nutze Token Q07Bddf7eptsPjNc5X1ur1x4pkuZPYxWBGFJ9anF. Statuscode 200
Durchlauf 376 von 810, nutze Token zXKjKVjoUWtCSeWY1hdErwAbiV27hafOhxCTQmu4. Statuscode 200
Durchlauf 377 von 810, nutze Token NerOD5lHVpvngeW1LF7GCGe8TVe9FnNy8MBLZlpW. Statuscode 200
Durchlauf 378 von 810, nutze Token rj1msVXEGdrmjieQ5ohBY1netD5BO3qaMHUGmTgm. Statuscode 200
Durchlauf 379 von 810, nutze Token Hi0ZxjSFUTenjHJU9ZV2Sn2gozsTeOKm7zOaGpwA. Statuscode 200
Durchlauf 380 von 810, nutze Token ifIVTKhHoXxrt3DeNh7HQWcEidiop6ZVQ9X2BKIz. Statuscode 200
Durchlauf 381 von 810, nutze Token bzFdtwVosg7DphQhFnyUBhBKkkQlQ31WsExcwrrr. Statuscode 200
Durchlauf 382 von 810, nutze Token 021GGIMgjuTkAlPxwQb2sB602gzOS11qJcaC1GYo. Statuscode 200
Durchlauf 383 von 810, nutze Token wmWqCW3ZT0Jr12oGMjD3gHyUIjK0AZN65JXeAuVq. Statuscode 200
Durchlauf 384 von 810, nutze Token jibSAhjieX8Q2WdXTCVwnA944GyMRqWyI8fe0IXa. Statuscode 200
Durchlauf 385 von 810, nutze Token JnWl2nyUbluWcY0QIP5mXasP1FEStbxQ90sCa6OK. Statuscode 200
Durchlauf 386 von 810, nutze Token qkArdDrL6paidwMQzrBnBqOXxCLhMpOQPxHQqwYs. Statuscode 200
Durchlauf 387 von 810, nutze Token cAGdgFtBpelkm03UMPI6Cf5a4LjpRP3aRRmFBglS. Statuscode 200
Durchlauf 388 von 810, nutze Token jvcEcTY30STWup3zd1u6gzjN6EsEC8Pt33qvCz9J. Statuscode 200
Durchlauf 389 von 810, nutze Token HIAmE6WxW41gK7J7Qmq8kijPHQBsRvyd9MAk3gwG. Statuscode 200
Durchlauf 390 von 810, nutze Token iBlOWkqmtmFGsFioC8u2dpxIZ95IPgIetQEXJQVb. Statuscode 200
Durchlauf 391 von 810, nutze Token 2f4GRzCfVgwTG9b8HySIAIBHjAVlUxEsZSb7m0TB. Statuscode 200
Durchlauf 392 von 810, nutze Token SNFGldHWdzjLMHVbuEX94NLRdRi6oSVZ4DrjIlek. Statuscode 200
Durchlauf 393 von 810, nutze Token kn3gnc9JuPZUpgoXYPhqlflrAuUhqSkJ4An31JnR. Statuscode 200
Durchlauf 394 von 810, nutze Token p6HesIeaHjKKkWyTbxcYo3yrimnxOZyCoCzaB7x3. Statuscode 200
Durchlauf 395 von 810, nutze Token cIcrcXrytt9HDCthkyY96OhyIZ9qZKAMmtRNVkdV. Statuscode 200
Durchlauf 396 von 810, nutze Token GQCsbFMBYK7756PNMWxf9X7YpGmorNUDRUUf0Fpy. Statuscode 200
Durchlauf 397 von 810, nutze Token ROIs8r89SRuR9cx41goSBuGpkb1Vb5wvcVoGAXyA. Statuscode 200
Durchlauf 398 von 810, nutze Token ZwJyVYce7wkfFJbCcRXdhD9y19XlnfyyRGMrl7B6. Statuscode 200
Durchlauf 399 von 810, nutze Token QvxW5QPU7cxDwpk4UDRVYcjzLnddDG7se2kktguQ. Statuscode 200
Durchlauf 400 von 810, nutze Token tRWmYyYRZ6gyT2d88mB60ytTSvRJAwxFBhvUI2lf. Statuscode 200
Durchlauf 401 von 810, nutze Token RQ8pbmR5YQW7JkbkSykJNxjw76ltbYUjxjEr7mT6. Statuscode 200
Durchlauf 402 von 810, nutze Token TXi0jiBLV2na1ktVXeWZtxbmR8teJ70MAvUZkDrc. Statuscode 200
Durchlauf 403 von 810, nutze Token RrjtUbgQjFZD0rtAz1E5FPP72MUyXw1roi092uPm. Statuscode 200
Durchlauf 404 von 810, nutze Token dCRjWPoAQlClEQgaBYwIG2o2aA1urT7KkqYy1DW4. Statuscode 200
Durchlauf 405 von 810, nutze Token 22aFThkAUP0dblD6fliamlmiFvppaq9C4tSR9f4g. Statuscode 200
Durchlauf 406 von 810, nutze Token MoKNdTsdqgPBpV7VHC7OHgHG0rHhpwTp8139xaDG. Statuscode 200
Durchlauf 407 von 810, nutze Token rmHUVUHEHdLc35Fjia7zGrE1nZFre0fb6ABUywtD. Statuscode 200
Durchlauf 408 von 810, nutze Token 9BXrCb89d9KmlsVATQ27lbTZx2GmqvIl9QPbCi9W. Statuscode 200
Durchlauf 409 von 810, nutze Token pv2pkr9kmdAvJWUDFWTJNU763P7bROfcEykFCj2R. Statuscode 200
Durchlauf 410 von 810, nutze Token EtBlii2iTHf4kT9vdwiWzP4ON1zA4aHI8Tl7sAC6. Statuscode 200
Durchlauf 411 von 810, nutze Token pKxzdjMFt3DPQvXUMsguSM0fTIONNketBmc7XL6P. Statuscode 200
Durchlauf 412 von 810, nutze Token qJJTVdpSt5LHJS03lxy6uS7ACEYEMYEDXRE0Btxz. Statuscode 200
Durchlauf 413 von 810, nutze Token ooPrsyK2Dtx8zuQgRKo8I774tlQSyRkWWANA4NxH. Statuscode 200
Durchlauf 414 von 810, nutze Token eGUgwEukNdVjl122BInV0dqpUAwDmImv808WGv1K. Statuscode 200
Durchlauf 415 von 810, nutze Token 6w23qcqwp0vd1EAqcrv67lZUN3pAMZDdJF4Gpxvj. Statuscode 200
Durchlauf 416 von 810, nutze Token YnsrGLyNzP86MHy989V2Jzn74yHKshdLVShpyJjs. Statuscode 200
Durchlauf 417 von 810, nutze Token ZpOaWUBgFAxtlqAxHBNigdyX33LDrJV9W7M894u6. Statuscode 200
Durchlauf 418 von 810, nutze Token cDBRR4FkuYjpG32aKiU0iVgjp95f2BxJGGgEiY7Y. Statuscode 200
Durchlauf 419 von 810, nutze Token GO8p1M8gPlZ4TJ1WXN0ZjBUcW52pJCUJUtOSESmO. Statuscode 200
Durchlauf 420 von 810, nutze Token BzlcuV2TVz7dNSZ53ngN5tOu1GhaDp7DvPsBMEzY. Statuscode 200
Durchlauf 421 von 810, nutze Token KpBYz6eThg59JZ5Yo54QiclJoGMPFBmoSdEKhF1R. Statuscode 200
Durchlauf 422 von 810, nutze Token bOC1ItIsAzTIHAePkwJwNA7ZucvM4CwEAuCCzOnr. Statuscode 200
Durchlauf 423 von 810, nutze Token LCLMJcI5LaGr7TJuAmpqYKrW5CqzNoR04PtZSbWI. Statuscode 200
Durchlauf 424 von 810, nutze Token ld8qe7sbZc4s6tN5mhLyZDJy7JGsgA50OsDlqvsO. Statuscode 200
Durchlauf 425 von 810, nutze Token 2RiqbVIF7GqQ5RRzmxSEKb3ZsMc2G6URfuKvxiXz. Statuscode 200
Durchlauf 426 von 810, nutze Token RUGztryXiwL6WHwQzZOyv8wmhG0YFCizNbsAH91h. Statuscode 200
Durchlauf 427 von 810, nutze Token 8Pb2nWH7TSIHPCcDRgYTWqEwLnvRwRoBzj6HIFUh. Statuscode 200
Durchlauf 428 von 810, nutze Token Xn71DsbvYoeYAjCZSxj83JTRC3mPSv3PoeQuGpvH. Statuscode 200
Durchlauf 429 von 810, nutze Token WUzjnO2p66d9oS6BeRb2dzN4gLArpmjngIeUN1h3. Statuscode 200
Durchlauf 430 von 810, nutze Token P6P9ihzrh66hRO8H41acM4F0rZ43UTLGd0vn4hMo. Statuscode 200
Durchlauf 431 von 810, nutze Token j7OWReovUDpoh58oRKPAmktK0EnLQn64sKMiQeKi. Statuscode 200
Durchlauf 432 von 810, nutze Token sX2X4HnayppGyDFHkdboBZB40jQV93Z8QQLCk9yx. Statuscode 200
Durchlauf 433 von 810, nutze Token bVrx983oOXOwGzSc10eFJ5rhFfbAW0P0jziEfmFs. Statuscode 200
Durchlauf 434 von 810, nutze Token 31LeHhiBWsi5x9ZHhkjNp0j6uc2d3bm6kFPYHPvo. Statuscode 200
Durchlauf 435 von 810, nutze Token B9or2ZwWIpF8Dh0X7NlsMgIgnUJB0lAbK8iH0suB. Statuscode 200
Durchlauf 436 von 810, nutze Token WxwZ8AcyPRPqx2Cw06IjQrTjMjOeW2pNwJRsfyxJ. Statuscode 200
Durchlauf 437 von 810, nutze Token rN3gXdbXEPPyLfaDrEDbBpJUWV4g91t26ylbBiiv. Statuscode 200
Durchlauf 438 von 810, nutze Token gea4HeVhINCNDZwsMhrDAyef23X5NIDQhue7ASYb. Statuscode 200
Durchlauf 439 von 810, nutze Token BtR8dNoC8Z3tgC7TaEtlmWJ7DcAS9lyV1mP1iG87. Statuscode 200
Durchlauf 440 von 810, nutze Token rROjzlVp2UpCTYrrQ9nlH1XmhscTuKfSsgEsUIb7. Statuscode 200
Durchlauf 441 von 810, nutze Token LpFCiCjcXaOZhz9T1Iz0mRfjXGqXOAliMYnKv5xU. Statuscode 200
Durchlauf 442 von 810, nutze Token BHgy8sU65FazXwl3xapNtfrem2z2bK35Y0uGagZ2. Statuscode 200
Durchlauf 443 von 810, nutze Token 9YzXJVP8Nckae89yvMsVJAOl26BeWe5cGniZ0gyw. Statuscode 200
Durchlauf 444 von 810, nutze Token gKRwwzWM49hG3dVuG4TN0FK5uhOn6iwcBZZdHbYn. Statuscode 200
Durchlauf 445 von 810, nutze Token I8B0QLnycNy6zfw8h8ZDdUPxrstDZgYy5JLMOU9G. Statuscode 200
Durchlauf 446 von 810, nutze Token gVMe2iPlVHib7uMEzHTkhjXXjVjySQe9IGgqIz8l. Statuscode 200
Durchlauf 447 von 810, nutze Token YqyLPdaVVqsmyVDf7m939YtN41ceFXJgJ25aZB8r. Statuscode 200
Durchlauf 448 von 810, nutze Token xj8nd36tc6jzoVjON94cm48IP6F6bnmTF488RAql. Statuscode 200
Durchlauf 449 von 810, nutze Token 1OTiIo4mI5qjFJHKiqpwSsvu1u69JTBuFhm16NV0. Statuscode 200
Durchlauf 450 von 810, nutze Token tMYqbiWh5jyYVaLKEN3QB36g72EDfowCTRztk6T7. Statuscode 200
Durchlauf 451 von 810, nutze Token CX5CypemfG8PYPtC71uTRNTENXAwMmbiW8wwjb1a. Statuscode 200
Durchlauf 452 von 810, nutze Token JEV9sr4PuZ5y4x0N81UoDMiW6lkldTZzpteoqUcN. Statuscode 200
Durchlauf 453 von 810, nutze Token u9uhMNOw5uLjfbwoQaqxk3Pro1DIOEKTTuOQa0SZ. Statuscode 200
Durchlauf 454 von 810, nutze Token eiePv7N8YzQKvh5YM30TC8DJ9RHxkwA9wJLQnlDd. Statuscode 200
Durchlauf 455 von 810, nutze Token 1sWJAjxPbERpgge9vsrGh3Rkc8thgLFj3OJRsQux. Statuscode 200
Durchlauf 456 von 810, nutze Token HSt4GDEQJORbGHHeVSu2vDlg3obDOJYwWHfMTFye. Statuscode 200
Durchlauf 457 von 810, nutze Token 3wEHyRl4TkPxvmxCRF96k2vvMTNRzT2eKSFOmywY. Statuscode 200
Durchlauf 458 von 810, nutze Token 1OdcmoZ0jhpDVByNZalwoqQu9G37PbinJAlrRCLu. Statuscode 200
Durchlauf 459 von 810, nutze Token ViiyuUWl8mivJ89YK4ZvRvo0ASoaKP4kQ1hQvIsd. Statuscode 200
Durchlauf 460 von 810, nutze Token JMfjiCldK349rP56j5QUglP3ISYzMk6i7GWUS3C8. Statuscode 200
Durchlauf 461 von 810, nutze Token zao1VbZF6wOVReY4wcCngaZLWKCK7jGIXOEGnaXp. Statuscode 200
Durchlauf 462 von 810, nutze Token sCPy1lzKRabGPqLYp1JKiWBHenJaXwTq74h4I1iz. Statuscode 200
Durchlauf 463 von 810, nutze Token RleKenBELCByYC9rBpXedrftjj5z6cD4aaCZs1EA. Statuscode 200
Durchlauf 464 von 810, nutze Token ZJZaEI9npmQr2zq5QaeTGXMjPyWujdTY6sift4V4. Statuscode 200
Durchlauf 465 von 810, nutze Token yFinwLF5JJiuIfHcCyqONbdYjMWpOCgBtn8EpZ8g. Statuscode 200
Durchlauf 466 von 810, nutze Token DEs5MlPcI940hrvYed4fb4mn4OzR59ALUyEBQolP. Statuscode 200
Durchlauf 467 von 810, nutze Token wSF6y0vkT9XtCP5SbteNXaJX9dZvf3UgUBwa9RRQ. Statuscode 200
Durchlauf 468 von 810, nutze Token 4rOcOMyIgUHJw3YhsyPjXniS03lRZa8HcVJOfAs7. Statuscode 200
Durchlauf 469 von 810, nutze Token Vnm1jwHdRkvN6IFRTrin4Y8JcfL1Rkh0cnqNDnL1. Statuscode 200
Durchlauf 470 von 810, nutze Token N8SaMyGnNDcilw48xix30fdntF1Km06RwhVphmGb. Statuscode 200
Durchlauf 471 von 810, nutze Token Bei239IyXvTfqLbGfVdYquFKMerWH6YRpt183OR0. Statuscode 200
Durchlauf 472 von 810, nutze Token MgH2PLAeXfB11mRA47bemcJ618t1Ri1ic2z1rltP. Statuscode 200
Durchlauf 473 von 810, nutze Token HBwPl5Ga0kJ2jLBpAwdf0g711OYFlL1x8LIbFBTI. Statuscode 200
Durchlauf 474 von 810, nutze Token m1hVkWwweaZoHaeymBx9N0kS7U8Mew5jhlgkwkJa. Statuscode 200
Durchlauf 475 von 810, nutze Token mpSuGFvyqoDbz3y0DUhjUc6qgW9CCJsMlbZUoEos. Statuscode 200
Durchlauf 476 von 810, nutze Token JAJURP7p0scoTM2MmeK3Ot1SimTIrJsNgMCo4Gne. Statuscode 200
Durchlauf 477 von 810, nutze Token 9jruXm3pFTc70MFhRhqbm3JbVZugV74kI6vNnQa8. Statuscode 200
Durchlauf 478 von 810, nutze Token Py8433iMpa9cVS61sHxHJHWPVpJOiX4loWXGoq8m. Statuscode 200
Durchlauf 479 von 810, nutze Token LY9jY2Q3h8WY9D0EIQQxN0urj5TJKp3AzELRTKFS. Statuscode 200
Durchlauf 480 von 810, nutze Token eaMET8kLaBemT73Cmmk7UJTONnN04ALt9Cf3Gp3N. Statuscode 200
Durchlauf 481 von 810, nutze Token oKxcWHYfNrYGBw1pwjvK5q2VFUN1XR2ZZJz1YG8z. Statuscode 200
Durchlauf 482 von 810, nutze Token WQvdtOjmz4gVVRsfvlIGdqVo0A2bKkcpUc5rrxhG. Statuscode 200
Durchlauf 483 von 810, nutze Token 6PWntbHt4kFPtghjrVs3V0oUYJa4Dn3nHeXDXq89. Statuscode 200
Durchlauf 484 von 810, nutze Token pr8s4XQVq1xfJa4rKgtGZheHUsoQuq1lRl5zBJ4B. Statuscode 200
Durchlauf 485 von 810, nutze Token R8r6CYraTQ2m0MNVcmvcv6IovIYEulenNyyA39kS. Statuscode 200
Durchlauf 486 von 810, nutze Token UKWFeoYHp0gJJ2hVa9FGSIP101ROtMsLMsE1EFv2. Statuscode 200
Durchlauf 487 von 810, nutze Token XTPCojZpIsiGnO4yniW57GaPFxlgcLB36nn3Ce3G. Statuscode 200
Durchlauf 488 von 810, nutze Token ZvRQAMMcTNjZTTnWLSFthEUFVeV9k0SWLaybng7p. Statuscode 200
Durchlauf 489 von 810, nutze Token a4oOhahsvHCHqcBhtIUt8I4szUUUQ5n7L6zB6Hcp. Statuscode 200
Durchlauf 490 von 810, nutze Token g0sBp8eb2RVHF5BCKkWajRAudY9djlDAdAIER1LA. Statuscode 200
Durchlauf 491 von 810, nutze Token cDLZdw1LArxbMawICWkFXvsWMTTiaO2kWbOocV9h. Statuscode 200
Durchlauf 492 von 810, nutze Token QkTFCBHypeCBhEv5MVFGiAOS9dP1uLmXYbT08UDY. Statuscode 200
Durchlauf 493 von 810, nutze Token he9Vl9YqyKtlAt7i9QGJilApQNw3LYHa1QbMYQ4d. Statuscode 200
Durchlauf 494 von 810, nutze Token K5haC3qmEcj4Z2mn07E6VnwVFy3PqT6iYsZLWWd5. Statuscode 200
Durchlauf 495 von 810, nutze Token kCdsgOjno8M9wM3PKe7jh8v95oao2FloQT2jZmGt. Statuscode 200
Durchlauf 496 von 810, nutze Token ibGA1vre1bQ6wQFJPcgyE4A7IMiF6Z8USOkGZKo9. Statuscode 200
Durchlauf 497 von 810, nutze Token gdJcyIo46C81hRZJfOSgOdeNry9Z9awtASsLUcIf. Statuscode 200
Durchlauf 498 von 810, nutze Token RAbKrRo2Egwt7WRUATsqi03FKWPR2I9Blizu5P9J. Statuscode 200
Durchlauf 499 von 810, nutze Token gSfHyGocqY8IvwFO88y6NmYfzSbUFJ4ssmXVAcnl. Statuscode 200
Durchlauf 500 von 810, nutze Token NrnPkX5HCn5u65Kjv4WuA2XsyrwqQwqarCDf2q6v. Statuscode 200
Durchlauf 501 von 810, nutze Token ZLHkMAyROdBO7DNhEtHqrXxaT0y5Lbf4DLFfVQsF. Statuscode 200
Durchlauf 502 von 810, nutze Token EpTUH5QxhDQtBF2CNfESVJgyBuRj9mZzVql5olSD. Statuscode 200
Durchlauf 503 von 810, nutze Token FxsdAUFv4xe0MkePkw2d7lv4mek4PEB1nsiCGtv0. Statuscode 200
Durchlauf 504 von 810, nutze Token hhfhPe99ChIfHG2zu1sh75ZEoyolTQYB6TsbhTnE. Statuscode 200
Durchlauf 505 von 810, nutze Token I7C5SsfPs57KNN2M5q2V5EiW7JA7Pg2DsBPfOXLg. Statuscode 200
Durchlauf 506 von 810, nutze Token qhqSZtgHwKUksVqde4iJFgljVvPEd0E7sHRu0Fib. Statuscode 200
Durchlauf 507 von 810, nutze Token La1Ho8j9LPrWGMEuM2YkTSaCJsnO5wdIsLDvF3wn. Statuscode 200
Durchlauf 508 von 810, nutze Token eF4oU43sBn4iQjMXWHZ2VYEAgFxJ9roNMe8ew6KS. Statuscode 200
Durchlauf 509 von 810, nutze Token hKD03HYfDBVUz7N9LFsTkior23Ka9m29OXBLU5pe. Statuscode 200
Durchlauf 510 von 810, nutze Token kIHouqm5KHTRrlRMMNCNFqnDmm0gvAeuAZ7bCKiI. Statuscode 200
Durchlauf 511 von 810, nutze Token JnMlDYoKLSoYrJ9nYa546QzW4YbqQbcrOm9rdJ3C. Statuscode 200
Durchlauf 512 von 810, nutze Token Mr9UjY19tAppNcHsYtRBrsJe2f5n28j0m1XjBROk. Statuscode 200
Durchlauf 513 von 810, nutze Token lX7ijYHGzxOe2eSKg1Sp2nO2EH6AAhcZO7r0QXZq. Statuscode 200
Durchlauf 514 von 810, nutze Token 5Z33362adtBFe99gDby1Gnia8Cg13pW13qV57Pqg. Statuscode 200
Durchlauf 515 von 810, nutze Token HazPN7Gl5eGAdswyMlXbDATe0NJ5f9gMmMZZcDVM. Statuscode 200
Durchlauf 516 von 810, nutze Token 2B6ZjOfB4ZhoiLEFePl29SkGIWbJ3vhZXomykU9K. Statuscode 200
Durchlauf 517 von 810, nutze Token GaoBk32WSi0E7wclGla5bNRu8a3bZJl8Xxt5lhyF. Statuscode 200
Durchlauf 518 von 810, nutze Token CHuTH0nuQAVr4garZeU0XdF00Q4cqHKx2PRzEQo4. Statuscode 200
Durchlauf 519 von 810, nutze Token 8tT4UU8lrHyoXsQFuwckEbDQIrOgZt8OfAZvPCCr. Statuscode 200
Durchlauf 520 von 810, nutze Token A2HnUOroGnZpJxPup0JFxTFhfjIfarc2lD571inE. Statuscode 200
Durchlauf 521 von 810, nutze Token 00uAz3st2g0BYlQ64w7qyt6QHq3c1FHeGgsWoOMw. Statuscode 200
Durchlauf 522 von 810, nutze Token GN4xJcicOPZ8NFtupVkCA3g18xtrg68WJsuqhA9B. Statuscode 200
Durchlauf 523 von 810, nutze Token Y2aeo8pBvndBqQuy3MzdVqgaW38AwOp1aN52zGxK. Statuscode 200
Durchlauf 524 von 810, nutze Token g9VCP4WvpbKtmW0febyGuYgEPtfErlW5hyXkIrhB. Statuscode 200
Durchlauf 525 von 810, nutze Token hBsOHWJoS0hlc0MQUtulkqALVW7Sw9SnzYEg4Whg. Statuscode 200
Durchlauf 526 von 810, nutze Token WUqdv0wdCGlOhEqIXEAb4VSaTHWb548RvOF5hNi2. Statuscode 200
Durchlauf 527 von 810, nutze Token KRHNrBb7wEuyOivwNsFB2ccx34XnEm8MEpRnerMr. Statuscode 200
Durchlauf 528 von 810, nutze Token KkzPN1UZOBUzPoNcGUj3G1kzZXuqQdeVms33fNT4. Statuscode 200
Durchlauf 529 von 810, nutze Token SUWXf1Ub2q4j7v8yMnMwMdyGA9MM4Gf2uuAIl4V8. Statuscode 200
Durchlauf 530 von 810, nutze Token YiFhcyPBZq7hnMR4wyIm6g17omwx3TOeS4UCwdLy. Statuscode 200
Durchlauf 531 von 810, nutze Token dQ1urzzSXE9FXgTyqf8pYIwPzsKEBQYBI6ANhlqN. Statuscode 200
Durchlauf 532 von 810, nutze Token DT8nB4ALAT8yeDiZ3ipRyUYmiWNH2u1OBqhugNzk. Statuscode 200
Durchlauf 533 von 810, nutze Token RfTarkJjhzKBV68uePwD6DRKmmVmTAfH81ktj5Ef. Statuscode 200
Durchlauf 534 von 810, nutze Token 70htXoFjkX98DPKsfNM8qneG3QvsvPS0Hy67gvs7. Statuscode 200
Durchlauf 535 von 810, nutze Token knUe278a0QRtrrgBTHei9K8AQTH20YU2Q4OwAaMs. Statuscode 200
Durchlauf 536 von 810, nutze Token mw9GP2isx6sr17BmfTxnVNEL6VQUHkTdyXeSUnBp. Statuscode 200
Durchlauf 537 von 810, nutze Token Xk55LVwbfFFK8gTCbloFYp1ajG8AKXuwo3ayswCv. Statuscode 200
Durchlauf 538 von 810, nutze Token aumGnSJkIpK4h3U1DkMi78M7CknbSBtOU2TFy4ba. Statuscode 200
Durchlauf 539 von 810, nutze Token 5DjhFCGjNoNAhGaAyDYfFw3M4azg41USs0GsKg8s. Statuscode 200
Durchlauf 540 von 810, nutze Token L2xVO0tZsXSxUVUpkosnLOHXIW4c8qx9n5hvdxBl. Statuscode 200
Durchlauf 541 von 810, nutze Token HxPR6BI2Icq2t595sQ4NR9EdVV1jFXE8rotoI4Ti. Statuscode 200
Durchlauf 542 von 810, nutze Token Nf0pa5LcHzbqskergAxwWil5YmCzNiisc71IiC5s. Statuscode 200
Durchlauf 543 von 810, nutze Token llzENprWMzCZnMBT4Wo79vC5Q5dNmSIiR9RWahHJ. Statuscode 200
Durchlauf 544 von 810, nutze Token hj1CihfbUe7CCL7gPOhKbEXud80fIHt4RkWC5a0N. Statuscode 200
Durchlauf 545 von 810, nutze Token 25nbmQVliJzffJC2u2xZXaepoD81zvkxmvU9ACTC. Statuscode 200
Durchlauf 546 von 810, nutze Token pKc0RzLQOXG5hNMBqmzfMq1Uwq7mmAkoPiQJg3PX. Statuscode 200
Durchlauf 547 von 810, nutze Token 25be4ibrSCYPh4LSOwtCbzX0PW3pz4kE2ugBxj5U. Statuscode 200
Durchlauf 548 von 810, nutze Token ElPkkbsEYvNq6nfWvMjY2q4XeS1f2nokueJnO8Yw. Statuscode 200
Durchlauf 549 von 810, nutze Token GXqSRZ5JK8aOaGxRIQveerj1PpABcZKKStNQyPEv. Statuscode 200
Durchlauf 550 von 810, nutze Token uDKXikpskyYfZAWHkuscT9wlG5GcadVTYuQdELd3. Statuscode 200
Durchlauf 551 von 810, nutze Token o2PvzfE9bhs5qg46sLrTIhgaxri0hCp39t6PoYfH. Statuscode 200
Durchlauf 552 von 810, nutze Token C2J9yzCVZAiiZXTAW4qzlnksCN4UxWEOoyWsafPh. Statuscode 200
Durchlauf 553 von 810, nutze Token 25JeO1k0qGb8osE0Aar6FA6W1h431BuASxbt1aWB. Statuscode 200
Durchlauf 554 von 810, nutze Token 9CCxWpde4IljWVDeoiptbNOFH6djqPIbi8BHGciF. Statuscode 200
Durchlauf 555 von 810, nutze Token wNfNey80UnLhXteE54QT0vOtJTwp492BMKLcfCgu. Statuscode 200
Durchlauf 556 von 810, nutze Token 9eqss3PnnGgELlSZimwvmc4kkzldquR51D6orR5O. Statuscode 200
Durchlauf 557 von 810, nutze Token muggElmEZsKcK5OzkL0S6mTe1iciPPNuOlfJe5wJ. Statuscode 200
Durchlauf 558 von 810, nutze Token QwPFyayT80cwlmffOwpMHXg7sjYayqhnrRv8uGOy. Statuscode 200
Durchlauf 559 von 810, nutze Token RZwxFRvbDXZXACV9rZ5JOxvNFffzzjWzWND0GgQq. Statuscode 200
Durchlauf 560 von 810, nutze Token Rwll1MdPQGU7QRYJxfWxi7Yp1yfuY2ZmTt6OCJwX. Statuscode 200
Durchlauf 561 von 810, nutze Token QJ0MsXuVtvs38QY4dYHgwe02dQPMWqK8BT0E1ZEU. Statuscode 200
Durchlauf 562 von 810, nutze Token iGMKCs80SB2N6QKpBw2QbgebRT5QFJEOQ0NITB4R. Statuscode 200
Durchlauf 563 von 810, nutze Token Yi2uS3WmolmE6N7htDoVIZpqvvx10c2tob5JnigC. Statuscode 200
Durchlauf 564 von 810, nutze Token mZMuIizG2sSuRiIck9R1I9cVdd1fOiT2uYhoxdzh. Statuscode 200
Durchlauf 565 von 810, nutze Token RwwsH9fqi5iHeDD7yj19sep1m43iMS5J51id3XMI. Statuscode 200
Durchlauf 566 von 810, nutze Token PrVf3XN9TfPNrfkYxWIQT3RRRCLzNHu6cKYNjRec. Statuscode 200
Durchlauf 567 von 810, nutze Token uWWhkE7I24BTXWr6JHeokUl34tuOzqKDJuM17SKW. Statuscode 200
Durchlauf 568 von 810, nutze Token pa7lfzBchYUAuEiKJz3LxR9y19xw11akm4MVZe9b. Statuscode 200
Durchlauf 569 von 810, nutze Token pUchby14Gy34Khs65hrWTyZpOY4TwM6YxMWgCRbh. Statuscode 200
Durchlauf 570 von 810, nutze Token AzGymXf1sYJsTRyLdeZ5M6oDGSC7Z77db92k84Wq. Statuscode 200
Durchlauf 571 von 810, nutze Token G0U1DOs3yiqt0oRxfddoPd1MIjueTvO5VeCfbDwl. Statuscode 200
Durchlauf 572 von 810, nutze Token vDtW4mH5NvthebWYTQbY2MXgQQfAavhlUjAniroK. Statuscode 200
Durchlauf 573 von 810, nutze Token mWzTb3TAc7MwGw8RHHFxpWLUF9Y9dE3lVUj9CFzp. Statuscode 200
Durchlauf 574 von 810, nutze Token vOEWg0vLCpQHad4zMCYZjbzdEORGkaIOWWihLukC. Statuscode 200
Durchlauf 575 von 810, nutze Token VLl1wpoHSCEab3l4xgv88Er295rKaqVOOheStk37. Statuscode 200
Durchlauf 576 von 810, nutze Token w74Hvh9xDYbnJHY4TOUZCxmawz5BjzVUM6CcwuxS. Statuscode 200
Durchlauf 577 von 810, nutze Token zrPCzoH5IQuHlFvWqqRpdLVMTqpZzPyVkJhJNkHi. Statuscode 200
Durchlauf 578 von 810, nutze Token Ebfr9NXKThlWTU5dmp3RPRzz7J8CUYhDCKlwNWz2. Statuscode 200
Durchlauf 579 von 810, nutze Token foInDOrAY7llRPHefjiRydO8Fue8x0ZKlixGO5Ce. Statuscode 200
Durchlauf 580 von 810, nutze Token AGXAM36XDCl5QfUW1iECVNBODfmmXHRKdBHHc2IX. Statuscode 200
Durchlauf 581 von 810, nutze Token ffl4ygWl4vsAiEyUQLBtcxuqc37KovpNFod7VQV5. Statuscode 200
Durchlauf 582 von 810, nutze Token S9DMFzJac1XjGhtLvd0bt4WmI6pFYdh3K4iiXZUG. Statuscode 200
Durchlauf 583 von 810, nutze Token g5lZCUIYmbN3So4koxZBxmqiTTtKhL4MQ0N4Y9N9. Statuscode 200
Durchlauf 584 von 810, nutze Token vPGGxfqWGFLmOiWXZDAfmGjnphwe7MgUUNp9rZWB. Statuscode 200
Durchlauf 585 von 810, nutze Token e6JWazJb5bIpA1RCk3EvgGPTjaDoHEU5FyYCnNiL. Statuscode 200
Durchlauf 586 von 810, nutze Token 0nwgi78qrtn2Cci2b6fpLin04lksh1PxhoHxdI4U. Statuscode 200
Durchlauf 587 von 810, nutze Token oDfErZjSuJV003SSzH7cotlon4Q1L4SHbAHt5YQz. Statuscode 200
Durchlauf 588 von 810, nutze Token NRHNUf8cGNfz9eGAAO8iBhFBLnFbS7uXB8tGaVfq. Statuscode 200
Durchlauf 589 von 810, nutze Token v1zw0GOuKUMut6WQi9PkxpN4hjv7uoR6qdrvmbGG. Statuscode 200
Durchlauf 590 von 810, nutze Token cKSjoEGDS9AZyL6m9KYpYe92aZZs8hsxhaEiSnO2. Statuscode 200
Durchlauf 591 von 810, nutze Token quUW8SCXM5C2V1iyHqpOgVDWyJ1yEinpOIqKy97u. Statuscode 200
Durchlauf 592 von 810, nutze Token uDWX6tZbGKf7aJzTtVGMY9u1qJF3ubRRcVs8v6OQ. Statuscode 200
Durchlauf 593 von 810, nutze Token yaaUolD713Gd5YiTzoW6Rs9fawE9J4ZREiCxB8AY. Statuscode 200
Durchlauf 594 von 810, nutze Token wt5m8pLRCIBxbwFXxxS7sGU6gVZQy637x50Vhj2h. Statuscode 200
Durchlauf 595 von 810, nutze Token ONZ9U7pmpMERsZuiVkGNP5zPpl8KLKiz8LnCSTKy. Statuscode 200
Durchlauf 596 von 810, nutze Token OkHjb140dCSrtEDnXtTn3SL6kyxcby5hA1wPJkLo. Statuscode 200
Durchlauf 597 von 810, nutze Token d5ccDOYcsQ7wDOufK2xzmcZHx7J6SXt7LTlycojH. Statuscode 200
Durchlauf 598 von 810, nutze Token MEkwD2hGSICDeppqHm1aEUF8P3it1xsmbl28HiZr. Statuscode 200
Durchlauf 599 von 810, nutze Token YnmcWHsUojdkZeoVCLekNCqobnmgDFYdzRjgqhi4. Statuscode 200
Durchlauf 600 von 810, nutze Token OfkLhiitIS04FWpz9qd7jmKSCfJsWJoXSWSTdgyb. Statuscode 200
Durchlauf 601 von 810, nutze Token Ddg1KXNm9SjQ3o1Iur1bW51lWnu7qDMbnFDZmzro. Statuscode 200
Durchlauf 602 von 810, nutze Token dX98XQUtdLn9O76uliALMqDQOpbaoyWYSPTO4wGB. Statuscode 200
Durchlauf 603 von 810, nutze Token bZaqPv24TmS88wd2oWbyCUKcye787gya6WzVhd9Z. Statuscode 200
Durchlauf 604 von 810, nutze Token vMXfRv0IywvLJgk5I9NsYbkgu4tIcrSguUAfeTjO. Statuscode 200
Durchlauf 605 von 810, nutze Token lnogUVqzAsvGbI6hvUVAbsaqKLlMHSp1lr4DkX1s. Statuscode 200
Durchlauf 606 von 810, nutze Token LM0aiwOulSSt0kTLS5a0efXXK4W7Dj4Z08eIHf78. Statuscode 200
Durchlauf 607 von 810, nutze Token XNqtH9ZjnX47VQ544ah3VECtzOMcIJ7Eqxdp3egS. Statuscode 200
Durchlauf 608 von 810, nutze Token zzGPHdBLjJ7xpOMOp0K40R2fg87UDujDxcjCFuRj. Statuscode 200
Durchlauf 609 von 810, nutze Token t8NgBluL3eYYpYaCfwJFrRzgiTJB6wxRSBsm8Puw. Statuscode 200
Durchlauf 610 von 810, nutze Token WM0xPVtqiL5ICmi4egSSPjzdY0Mp52rJmUeQeVd2. Statuscode 200
Durchlauf 611 von 810, nutze Token UbuRPJxTXjJ2KQSwqifdvzI8iO7FLPSbIkGojj4U. Statuscode 200
Durchlauf 612 von 810, nutze Token wNR4VNjLskr0ix1crmGCg0upPl9a57DjNHzmfGDO. Statuscode 200
Durchlauf 613 von 810, nutze Token QzfQsDVOYyyokt0dQOVTz4MtNP3VntIQgjkxWzqg. Statuscode 200
Durchlauf 614 von 810, nutze Token nHnbXHNtRc4sHlnuuZ7HW3eZR7wDlATNriqZIqyH. Statuscode 200
Durchlauf 615 von 810, nutze Token cdtEagQFhoR7nj9OMBFXBZrTEGYd7sIDKNLuTcMQ. Statuscode 200
Durchlauf 616 von 810, nutze Token cTTufn8o8vgoCKd52mRufV3ZLskSp28XMmmuHl1a. Statuscode 200
Durchlauf 617 von 810, nutze Token CGfjapwoSHuGCX9uMd4tixFo5lBTGIUO7Ek6iTuX. Statuscode 200
Durchlauf 618 von 810, nutze Token tVnIGa5Le977vnp5UpMteI0Le0XjzjLWhzPDgTty. Statuscode 200
Durchlauf 619 von 810, nutze Token Gd1tRgpVUyIVJMoWePktuVjPxQnlUIOOW6YdSo95. Statuscode 200
Durchlauf 620 von 810, nutze Token X1NtJlCaWnaH6ePp2KVfiBPNRgrx8DGO2mqi3Lh6. Statuscode 200
Durchlauf 621 von 810, nutze Token 1i1k6oUDUdPBWB7kEQ9FvAglx7gncwyONztOoQqC. Statuscode 200
Durchlauf 622 von 810, nutze Token jXfC4E7lX6KDVA8xSUkiocXS6s7PWuUKXGn5rQ8w. Statuscode 200
Durchlauf 623 von 810, nutze Token 6CD2Waxb3Vb31o67l8OSb8vTkz8CFCgvMKUDynU4. Statuscode 200
Durchlauf 624 von 810, nutze Token TDAQ2JFSueRjG1K6ybPI5h8KAJxpZPECwpP9wVIA. Statuscode 200
Durchlauf 625 von 810, nutze Token 5H6NmOw9SA5lha8BGQWz6ZtNjvwqpTZvrp4oYuwB. Statuscode 200
Durchlauf 626 von 810, nutze Token aHW2W7xkNKKR2ZG2qDLM0TGKge3dCMWhKSMigHr6. Statuscode 200
Durchlauf 627 von 810, nutze Token 3vwuQUjpYKJXlBOpTKoxvsUi9HqiDcdX2ea4FkMD. Statuscode 200
Durchlauf 628 von 810, nutze Token qfMpqEMBER40Xxb2jYOTZRAcBqF36Cx0ZFzkvYDt. Statuscode 200
Durchlauf 629 von 810, nutze Token nnGN6kHlIFQGmGfUY36vBD1jL7IteveYLhrAMqkz. Statuscode 200
Durchlauf 630 von 810, nutze Token f6m7kDgcotF6prTKWJiJNKcOly1HHOwPS62749Xp. Statuscode 200
Durchlauf 631 von 810, nutze Token qZSzQXY9bSOOosAJoLJqqIVSZmCIX0E4XPyIhYs9. Statuscode 200
Durchlauf 632 von 810, nutze Token SyZcPHr48lmKxD2zCi9EoaPfDjPsB5U3eYWHSM63. Statuscode 200
Durchlauf 633 von 810, nutze Token 6RFAxTtZoEMwUX1io4V4AQAxeEE24pjFqkIlcdKk. Statuscode 200
Durchlauf 634 von 810, nutze Token 7N5ccSVvPtDfmbaxe9kFGdTtsnZAk7tnO2D7DlR4. Statuscode 200
Durchlauf 635 von 810, nutze Token h2UX8wg5duWRP2OpLUGHMQqahRcGvZRCsTqpXC1X. Statuscode 200
Durchlauf 636 von 810, nutze Token JiBsAC2TTsbt2LzgJlJuDYw9HZhacAl2P6BJFEWh. Statuscode 200
Durchlauf 637 von 810, nutze Token XWdPbQTg50Q9wtl8u1oRtMAyNEAXfEbpvtL6ZZM5. Statuscode 200
Durchlauf 638 von 810, nutze Token JCI72ELDwgfJNUT3PUNTgRfKg4k2XbbP3rVvTvYZ. Statuscode 200
Durchlauf 639 von 810, nutze Token jYap7VbSIbGu5HcGUVSdpQ98iSvaz2MUX2MVI7ES. Statuscode 200
Durchlauf 640 von 810, nutze Token PoDYLjJ0p3zeCx4JTCgp139GpmLj7UaxScbhYRb7. Statuscode 200
Durchlauf 641 von 810, nutze Token K1fe0GkqKCyXfhBDvBrossxFwUs4GCnSPJURGRRG. Statuscode 200
Durchlauf 642 von 810, nutze Token UkKY20UTReVdXV1EqBIfazA2Yg7u7nXwdwmjtCWs. Statuscode 200
Durchlauf 643 von 810, nutze Token XtD96tUjgAbf5DEjTzTnMt2gXpRH5PBSMnb0nXth. Statuscode 200
Durchlauf 644 von 810, nutze Token NipNjxZCae4SPo0UtvVonsXhQurDx7OwlRbOr6L4. Statuscode 200
Durchlauf 645 von 810, nutze Token Iu08CitdvzNK0cSTbCY7uAIQvqjG1Q3I2aPMOQNM. Statuscode 200
Durchlauf 646 von 810, nutze Token xNzfJp1Zzuh68sjK5d5TPGH3eFh2LTRzynuhG2Ro. Statuscode 200
Durchlauf 647 von 810, nutze Token sfZ5DnBbXnepF9BxFnNBcnuV9peicZgBZ21ji9SZ. Statuscode 200
Durchlauf 648 von 810, nutze Token VnXZGfszXfpQXlXRBhJyGFh28GgoThBjhuQ4oHNG. Statuscode 200
Durchlauf 649 von 810, nutze Token UkA3otDRF1Qu5fufee9JPN46o1Ge6dfOprmwA3Lg. Statuscode 200
Durchlauf 650 von 810, nutze Token JdrwVxf3PiB07vnzMxze2whwVBt3SLkAEvMg6YHg. Statuscode 200
Durchlauf 651 von 810, nutze Token HIeYDfmUqgXAUAMoG5hjn0YPiCREGOA3qQ15u6Sx. Statuscode 200
Durchlauf 652 von 810, nutze Token bKoDOaI1Mz8XVpLNtqWHJT48aQaPA4lWFfZqMqAL. Statuscode 200
Durchlauf 653 von 810, nutze Token l3bbygu9SRW38IBFRqf6xHlNsZzyzwGt0dZznvZN. Statuscode 200
Durchlauf 654 von 810, nutze Token 6WRqO7pVgAkueeTkGdXvMKGGJwWzpldid9zUqCY4. Statuscode 200
Durchlauf 655 von 810, nutze Token O7v2RHZE6C3OxU51W3BuK31LnzdojrkeBcfBDupP. Statuscode 200
Durchlauf 656 von 810, nutze Token IoQffFz7Ge2dz9K96PEnlVL4sU5vmkrVLoXHRkSz. Statuscode 200
Durchlauf 657 von 810, nutze Token jhNSWSehUWDrY605pOJw9MyPqZ0l0uccY9Iofxck. Statuscode 200
Durchlauf 658 von 810, nutze Token UEdzX6JuxjVOpjwAAtRlWQPNfT4XqrvSGePRKx6i. Statuscode 200
Durchlauf 659 von 810, nutze Token bFhPC9RNWQZuE93I7RBBJUY63pLEf3EfVHKbxZi7. Statuscode 200
Durchlauf 660 von 810, nutze Token 6Eawagpn4scR1oZpnJ1jbSQjxyTxMknW55ZDIFdR. Statuscode 200
Durchlauf 661 von 810, nutze Token s7KWlI6AnQqb3mdkRUqw12awp8xTSiPL7oDvKpyU. Statuscode 200
Durchlauf 662 von 810, nutze Token FUSVAg3QDwCUqDDm5tskS4b5ESBvbTvuR9Uz3jOG. Statuscode 200
Durchlauf 663 von 810, nutze Token q2CbwqSNH6lSEeHNt1fmh3AdAIVhgOJmliWurabr. Statuscode 200
Durchlauf 664 von 810, nutze Token S7GCwk8NesmcoTQsAYdL6L2ML3Y5jpgqYMxXdy5E. Statuscode 200
Durchlauf 665 von 810, nutze Token kungUs8LaptcV0WOb05avlerM0TOMRXolTe9oBaJ. Statuscode 200
Durchlauf 666 von 810, nutze Token pRLKIugZx8FO7x7QG9T3DjlBCy8yx8IcjBSCtLS4. Statuscode 200
Durchlauf 667 von 810, nutze Token 2sERccnd8e0laC6GVimaWiEt4NfWhT29gxKDgLEN. Statuscode 200
Durchlauf 668 von 810, nutze Token 8tuSEvmNhHTXa1ywCuxjYnD6vLH05h7OE4yZljrF. Statuscode 200
Durchlauf 669 von 810, nutze Token GDXtj4gxmzLRdq3fnyXggqyFCj7vL86W0w3tUHGT. Statuscode 200
Durchlauf 670 von 810, nutze Token UnoInrx3f7o7luYWuthMiQCR0uko9WFcUspBbxlU. Statuscode 200
Durchlauf 671 von 810, nutze Token cI17Ys66EjMQHsLm1Zc0sonlUPl7SZ4JUqQ5zQCq. Statuscode 200
Durchlauf 672 von 810, nutze Token ADLFC0eJ0XTtbdKQzoI07Wt5LRjyuKgu5KnbFojs. Statuscode 200
Durchlauf 673 von 810, nutze Token LUqUpsworUmrBwG5SppCY3dqhQFsoIXeOavX7QAO. Statuscode 200
Durchlauf 674 von 810, nutze Token Aij4Sw8zfwONtNnpwBtG8pH2JC1elUwpgUIg1AL2. Statuscode 200
Durchlauf 675 von 810, nutze Token gq0MuP063lfOUwWMEXwXNVoLre7Dj1aYOnJjuSuY. Statuscode 200
Durchlauf 676 von 810, nutze Token 3JiVc3HFO7xK1kSEhQlAjOIljiynNkDnWMdI4EWb. Statuscode 200
Durchlauf 677 von 810, nutze Token pz4BVzLQAmzi51vI2fmxxwaLYwtvlduiayMLtWHq. Statuscode 200
Durchlauf 678 von 810, nutze Token PDaCaUG9q05OJ3BumHSMAMUT0MD5kpcfzSxqcb81. Statuscode 200
Durchlauf 679 von 810, nutze Token dtygi2ZpA2or7A20QhxOBqtDcq8wj7AxqbZFdgYc. Statuscode 200
Durchlauf 680 von 810, nutze Token HdtygJIehlK1nhqjoRDb6vIMOBMh6H8olLAjZp9y. Statuscode 200
Durchlauf 681 von 810, nutze Token Hgv8tf6Kq0DocrqlnAM3bFtb2B5AXamOa0xSuq3T. Statuscode 200
Durchlauf 682 von 810, nutze Token Rt2oD21F79pjysM8Z2YSzvWgL23fHWzQoGRoebQl. Statuscode 200
Durchlauf 683 von 810, nutze Token YU3HLYe1DKefVhVk6RfJ2jeJsagl1W3bvdNVmhT2. Statuscode 200
Durchlauf 684 von 810, nutze Token ruX862TbxKAUFMJLBbkSmoLiNm1FM2HgNc20gXnG. Statuscode 200
Durchlauf 685 von 810, nutze Token 72BWhGtbW1rFQRHW39d5IA3lTHATYJgpVCnbp6z5. Statuscode 200
Durchlauf 686 von 810, nutze Token ayxo9k8MMyZeOZ9QadlD7PD0He4x8dYDZECNleUC. Statuscode 200
Durchlauf 687 von 810, nutze Token FHTcoooXqdL7jAZtMBdHkds6r2cz8FWhAii2nCkF. Statuscode 200
Durchlauf 688 von 810, nutze Token womVfH6CVRlg4NyhSoHTgG4BKnfq51EhHQOConIX. Statuscode 200
Durchlauf 689 von 810, nutze Token ET73Y8wxwcnu6GzwBg7MGNKURuAd2lEMq4LH24HY. Statuscode 200
Durchlauf 690 von 810, nutze Token uqEq5ARw1v8FvfT9kujb10CQzIAoSJZCt5mfNVkr. Statuscode 200
Durchlauf 691 von 810, nutze Token UNk6vOyvn9e6ZcoWIFNOkzuLmb6Yi3LFQLHtARAi. Statuscode 200
Durchlauf 692 von 810, nutze Token j9IfdBuqdhxiKxJRE4SoJUH8y6mZAfOQ1q0IDjV5. Statuscode 200
Durchlauf 693 von 810, nutze Token 8G2ELvy67dQy30xP9hgclQ178kQ67edtp8A4fev8. Statuscode 200
Durchlauf 694 von 810, nutze Token jjFTvTAj4LrbvOLrdbTzCQxIkxVXHOiP2f48DpMc. Statuscode 200
Durchlauf 695 von 810, nutze Token 7eKqk9NSWcuXjZQd7mulbM4fwdCekMEGJHb2xZe6. Statuscode 200
Durchlauf 696 von 810, nutze Token yw7CWjUk1ZixNj35MbZDXNE7W00MI34aUNUYXv7K. Statuscode 200
Durchlauf 697 von 810, nutze Token WcPz66Z0ElWGEMw1hyFGwwxJsTziy2gih8yrOpBc. Statuscode 200
Durchlauf 698 von 810, nutze Token zZNDFpZa86qKUzv930Bxqq57s6vQn83yrZgRyxai. Statuscode 200
Durchlauf 699 von 810, nutze Token nRSqMk27B8J2Kga23VH4TPVbely1doTnjCEeYQHq. Statuscode 200
Durchlauf 700 von 810, nutze Token 2F1uMtRmpUzNhtRgVToeZAOPct9cs7lVIOogIOdC. Statuscode 200
Durchlauf 701 von 810, nutze Token 5rLCcZGwFmrkDZkISVE3ov6akRqDLZTeQTwXpGcE. Statuscode 200
Durchlauf 702 von 810, nutze Token wgUkqsyDYe0TPHDNx7SUw5TurDJApcxsBIi8JJvq. Statuscode 200
Durchlauf 703 von 810, nutze Token rXYCPRmMLorhedld89W53NIPBegpZx3NtpZ4uOYl. Statuscode 200
Durchlauf 704 von 810, nutze Token C79eO9BEeZulSX6G13HVGd0XsC0DnSBDrUav0CTt. Statuscode 200
Durchlauf 705 von 810, nutze Token YARdhqDDhyIvtd4ck6lQVeKXniJrs1AcPEQlXCti. Statuscode 200
Durchlauf 706 von 810, nutze Token Bgpijaf10VfVaBm0rKsiQ39LmnEqA8WGZPmSxR8z. Statuscode 200
Durchlauf 707 von 810, nutze Token fuksiuEgVdgptbmdMVr3uWQ7Mb24CEDTDHARNabb. Statuscode 200
Durchlauf 708 von 810, nutze Token 3KAsCjg8HMjc0k7t6q81CwaApP3rUo7LFvMlYBFe. Statuscode 200
Durchlauf 709 von 810, nutze Token xA9lDOzdtRm3YYG8yBXjzDexnLtU2l8wEP13Yfj6. Statuscode 200
Durchlauf 710 von 810, nutze Token WZUlZsRe8OlQ7W2e9dC83IBTMgqiuuwGIcIyU0Zt. Statuscode 200
Durchlauf 711 von 810, nutze Token jNocsKZEISc007J74s9o0LWywdbOZPAFI8Zpm3rt. Statuscode 200
Durchlauf 712 von 810, nutze Token UtZWz2zFSKl8MzaNIeKkAtSk0BUvcvp39wUMsEWB. Statuscode 200
Durchlauf 713 von 810, nutze Token TTwWGBxtfqfxfAvQhf0iyrZ4SdjufxXNHPxx7yoc. Statuscode 200
Durchlauf 714 von 810, nutze Token SOD6PpHLaECU7IrnKV10GIIkFPFza3DOTKE9fLS3. Statuscode 200
Durchlauf 715 von 810, nutze Token SviYSjynvR0yWtkH1bzR0dKfvgFZtkHIJILGTexU. Statuscode 200
Durchlauf 716 von 810, nutze Token LtMrSjycNZ9HGH6MirjzAlYEnBTnHe5xA8zoZv9w. Statuscode 200
Durchlauf 717 von 810, nutze Token BqROn5CnIuDijGCl24owSYa6RFj0XR7dxdAIgYcr. Statuscode 200
Durchlauf 718 von 810, nutze Token FDmihN0dQa1tUq6pv2EQ8FdaitBSTFsNvpfk8xkA. Statuscode 200
Durchlauf 719 von 810, nutze Token JXP3mexC5S5eR0ZHWKsoFLAK2MfCbaJIZUxQtK1t. Statuscode 200
Durchlauf 720 von 810, nutze Token suHMKaZUDO0UU7j5CLTiQQ9nHIvpdR6Hg7px6nIa. Statuscode 200
Durchlauf 721 von 810, nutze Token 12WMM4b6bJIkvlsqb4q98KlMt4Ie0BkiNu9cLXEm. Statuscode 200
Durchlauf 722 von 810, nutze Token aAg2oDNmnu5S23cflyoBRsWWq9cN6JrpxiqYvZdL. Statuscode 200
Durchlauf 723 von 810, nutze Token 5sFZ4pP5cSrdua40hsfMEuZ1Lmadd5W9p2eOo1Da. Statuscode 200
Durchlauf 724 von 810, nutze Token ihotJ0cMvlZhtG5pwwaUtZeuYaueL1VumIiP5on6. Statuscode 200
Durchlauf 725 von 810, nutze Token XlhRhS3HtTQEoAp2VrtlsVesFQnTVmwq268u1Pab. Statuscode 200
Durchlauf 726 von 810, nutze Token tjSiqmnxsVwIrXAeIqCfSsZQ4rL65AN0ARIXtBrR. Statuscode 200
Durchlauf 727 von 810, nutze Token GRqDKwUo5KAIn521JxI2NWw84wc52PQynrgMbMIM. Statuscode 200
Durchlauf 728 von 810, nutze Token Y14vNgB4jxeTUO6ycJJlaIMK6a9yALdTUuPshkt2. Statuscode 200
Durchlauf 729 von 810, nutze Token kQo32Kiw6SjQ94ILPCXdRRv8mRDVExSxFAaFUofX. Statuscode 200
Durchlauf 730 von 810, nutze Token ccy2RMWJU71y5PS6iutiLdu03K5vuzBh1g8MN4Ml. Statuscode 200
Durchlauf 731 von 810, nutze Token S3q740VARo9bFRW0xdjTcdEkpl6J8w4o6bkKlt6K. Statuscode 200
Durchlauf 732 von 810, nutze Token 4UuxfAn7XNCruqngeEcDFk4SPB9qXiJM1yvnHlAd. Statuscode 200
Durchlauf 733 von 810, nutze Token SVWjrNp5Y3kIE42DrhcYcuKTspYrZMN9dDjacb8O. Statuscode 200
Durchlauf 734 von 810, nutze Token hUB6NpkjIhUSH54YTH8MpHaEHuOIOuqTCUT2OkRo. Statuscode 200
Durchlauf 735 von 810, nutze Token 5uQstfpqVoza4eiZZo8xPL5BP8ZeLPQaDOKydxrO. Statuscode 200
Durchlauf 736 von 810, nutze Token Mpnj3IaIVaBaYFTVnx30TsZMcC46Qk2BBi6UO5KU. Statuscode 200
Durchlauf 737 von 810, nutze Token NoWDX6tqwBDNa4ZwETR2sfIHRb6D8WMirQpZSYud. Statuscode 200
Durchlauf 738 von 810, nutze Token lv1thw0Hz86qobCJMGVpe3NGdXmE1mjtZU0xqC6C. Statuscode 200
Durchlauf 739 von 810, nutze Token SrImy4ErSZ395Gm210K2OGjEafKEapjvlc6suOMt. Statuscode 200
Durchlauf 740 von 810, nutze Token 8GTSnRK6B4QZcqJNKBEYqPdh5uGje1X7LsfMioI2. Statuscode 200
Durchlauf 741 von 810, nutze Token rlujuSjnhSNFwOLbnqNnaruKrEX6et626tI3YtO5. Statuscode 200
Durchlauf 742 von 810, nutze Token KgWWgFgA3PbAYZEJT5Bb5hROizqo1cRfWP2ruZD1. Statuscode 200
Durchlauf 743 von 810, nutze Token 7QVuoVEZBeNIS9yA02hpYKhAj1OITXvy7GqriovD. Statuscode 200
Durchlauf 744 von 810, nutze Token BQ8maJP0iP0a3ulMtjdT6hnXyPt5cVkjDrmFOfIa. Statuscode 200
Durchlauf 745 von 810, nutze Token HuSXiDQSH6mB33atFPoWZB6zvSS0r5dRBgIb66dL. Statuscode 200
Durchlauf 746 von 810, nutze Token bcSTcwCDWsW5RHcuMUukrdzqnMF1LOXDEy4HtoOU. Statuscode 200
Durchlauf 747 von 810, nutze Token uFBZAaoRrFkEvqg4SrUIqiUILbK57Q8GqilzSRuO. Statuscode 200
Durchlauf 748 von 810, nutze Token zgcQnqWk3KNMIscxLuElBsvc67dfzX20IX2qDk3C. Statuscode 200
Durchlauf 749 von 810, nutze Token N7GghW9ni1JW13c7GDeUxdn7MfSGvgsc4sR5sqxD. Statuscode 200
Durchlauf 750 von 810, nutze Token VKpXfIA4ogI9NHqXIr3BWMpjqoe6WljPQhTMpRfa. Statuscode 200
Durchlauf 751 von 810, nutze Token w6jYFMQsTJuaAcCbb8aljmJRJ5Bbi0obapLTLdaE. Statuscode 200
Durchlauf 752 von 810, nutze Token LGFij2Ijn3DpIeJYeqDNM4imWmgpoHmBytTNDgf6. Statuscode 200
Durchlauf 753 von 810, nutze Token nLoEC6vVf2DGLp5Dl9kFObZeRESWa3q56CFjn3Cb. Statuscode 200
Durchlauf 754 von 810, nutze Token G7NJsHHQfXqmQFktr5ckap1CobPnixe7av3CN9tl. Statuscode 200
Durchlauf 755 von 810, nutze Token 9e8PZHeQaoRYhSHBnn1I2ujr9ei1b37hoDtyZSwU. Statuscode 200
Durchlauf 756 von 810, nutze Token YI1LLTHbeFxA74fzhvqgHbpZs94iMcU9Ce65VkxX. Statuscode 200
Durchlauf 757 von 810, nutze Token 79xbEBoPDpIoYh0iXMgR5pDsjmThtJSJk8kAiu8a. Statuscode 200
Durchlauf 758 von 810, nutze Token bZGacxIr5yaKl4kBM1HvNGtql8ZwhhgtRBciLRvd. Statuscode 200
Durchlauf 759 von 810, nutze Token IjdQIiqexWzMSwNp4NL0V1C65L3EPtH9sUtpmtVM. Statuscode 200
Durchlauf 760 von 810, nutze Token L8hBS2eB7HDs91XCb0fIJtNnbKfH5vRHmGEOHjxy. Statuscode 200
Durchlauf 761 von 810, nutze Token YnNwYqfUpO2kzX3UvD8zLIB1BH5KgCRiRwXcOmdZ. Statuscode 200
Durchlauf 762 von 810, nutze Token SWw5WhXTNpI9ocUoeSJBdPARyT61juH9geliao7T. Statuscode 200
Durchlauf 763 von 810, nutze Token 9RkidE0pszgVgPugjVCknzDzghaWY9WplZsqnjUG. Statuscode 200
Durchlauf 764 von 810, nutze Token zPGMBQHY7XA5aI0HFYqknRYap5e3GRHWkR40GwAC. Statuscode 200
Durchlauf 765 von 810, nutze Token 5tnxUr1BdxKBXxjJ9gjWa0o4mVfiHcs0k9amzvHa. Statuscode 200
Durchlauf 766 von 810, nutze Token 16sw6QvVQHKyrhgCQ94ML8lwQB1hY8HNPwareQCl. Statuscode 200
Durchlauf 767 von 810, nutze Token thxKRR7CNgYpmfejDze8M7Zq1N5CG1iTnrZhJWdk. Statuscode 200
Durchlauf 768 von 810, nutze Token V9aTSIyXezaKyCD1Por5PRbL6anNeES6pLwgLgCk. Statuscode 200
Durchlauf 769 von 810, nutze Token qzqlvEVluCdHPAvlMNpZFZcmQ1BbpE3UtALtV0FV. Statuscode 200
Durchlauf 770 von 810, nutze Token yD5U0xAFJjghQ6y6zzkQxGbHp07MLRjsSsfpu6Wk. Statuscode 200
Durchlauf 771 von 810, nutze Token rqrc8bwTm1BwFvrLbni7VLKOBmMW1C6KhW92np3X. Statuscode 200
Durchlauf 772 von 810, nutze Token pHNShCwmvuH55QXLs6YOoYm51ZE1YxRHCVT7SEeA. Statuscode 200
Durchlauf 773 von 810, nutze Token zCR6vYCHZmobZKjthEozCtgdANPoDJWJXl5feYaV. Statuscode 200
Durchlauf 774 von 810, nutze Token zzqu00tDnmhVPhk6UExxl26NwDzuopK6EQOglpPx. Statuscode 200
Durchlauf 775 von 810, nutze Token AX7fyj5M11R4GBAniPy0BjiqL7Z16HMgAUW72QY9. Statuscode 200
Durchlauf 776 von 810, nutze Token NJ9FlKcXQSpQazIkkWTEWxSoRv307B4IWJgbICQH. Statuscode 200
Durchlauf 777 von 810, nutze Token M33Q6s0xZ8JJMPk0EZb69fpyF0AKCDaHf8zAXddT. Statuscode 200
Durchlauf 778 von 810, nutze Token OWv456X56attxv35myOcRacjcvVFUDLy1Q9MZ4bD. Statuscode 200
Durchlauf 779 von 810, nutze Token MsK7mo9HZVLlYPnoVk3DK4UJ3sVzeFQ6E1WI949H. Statuscode 200
Durchlauf 780 von 810, nutze Token ypwR80eFuduoWkbrIzsnKXdt8iyR6UKAwYuFm4q2. Statuscode 200
Durchlauf 781 von 810, nutze Token c6wjHCeTjCEF0v9jCdreDgqJguWVxSAatkwxqedB. Statuscode 200
Durchlauf 782 von 810, nutze Token X5aAg5T4xnXDQLDm8Encbdgn0OVmX0rrsfaTbyrl. Statuscode 200
Durchlauf 783 von 810, nutze Token hxPZzTcSEhkfcUb5fJURZJhTY3hRbiSLEi8LFp2W. Statuscode 200
Durchlauf 784 von 810, nutze Token stedXJzv9QXQjF1CuzuhMescgvXz5t3an4J5ST6B. Statuscode 200
Durchlauf 785 von 810, nutze Token vpKR1Hlr87UQoWr8zcvxKcdu1OAsdoLBVUYr7TJs. Statuscode 200
Durchlauf 786 von 810, nutze Token 4ptak0ak2MRSCWQCh8UivXQvQetlEbtlLJngyYs2. Statuscode 200
Durchlauf 787 von 810, nutze Token 6v6RN9xDeCw5w4RZ03LGhJM0picxjtQwQF9yoFeO. Statuscode 200
Durchlauf 788 von 810, nutze Token QHb88gLkcktlhQr97h4rzFeCFAfRo9nwOb5owuRP. Statuscode 200
Durchlauf 789 von 810, nutze Token DwfrEqZuR1qpNJHDAhKVuGpG1hYNgFJzh4MBLl7S. Statuscode 200
Durchlauf 790 von 810, nutze Token oeopZzTcv8aWYHtXe4LbjzPYVhWu8p6OywuC3Tb2. Statuscode 200
Durchlauf 791 von 810, nutze Token 0HBrB1sonOokgFK476qsS598Fs1T5dJem8ufpGAh. Statuscode 200
Durchlauf 792 von 810, nutze Token TC4d8fnxGgOWHD0YHvLgoXR32Jb2OtgUcUH1blKd. Statuscode 200
Durchlauf 793 von 810, nutze Token SdP5EBWWDinRuOY9L2aO4JCYeuIqsRweScntMQjp. Statuscode 200
Durchlauf 794 von 810, nutze Token dRSSKGMxotpEIErD5n3EYOgOwHFTVsYFGWlmxYlg. Statuscode 200
Durchlauf 795 von 810, nutze Token kUIbpSoePX12AnvmwAkcEFg5xTGksPbFHWsn470W. Statuscode 200
Durchlauf 796 von 810, nutze Token 5wXs5rNe2klXb0Mf2vakmR3OKLLLkN4Drt3hqjFz. Statuscode 200
Durchlauf 797 von 810, nutze Token 54YMbe8LyVwzzlXptW9HtinN1Bz4OXHrEkQMnZ45. Statuscode 200
Durchlauf 798 von 810, nutze Token 7ZTJcKTxWHPQWlWGiBNHGzoUp14vBdXCpRMGqQ8a. Statuscode 200
Durchlauf 799 von 810, nutze Token HU0nx21dCDYZlLvDD9SoC9MBBT9CjEUZ70GYI5sY. Statuscode 200
Durchlauf 800 von 810, nutze Token LlYXOSh3noDQwS0SF5qBNx30mtSI4HLk8F1hER2l. Statuscode 200
Durchlauf 801 von 810, nutze Token Ikeg0QvU4J4F8765bfguOJfs9Y23I9UEShD0oZQ3. Statuscode 200
Durchlauf 802 von 810, nutze Token lSFmbyWyTyPWtytgYDy5GBsyf7LVeiOPxPAcrZcL. Statuscode 200
Durchlauf 803 von 810, nutze Token Jw8bGPobrH0ZC5Xdz01ASDztbNzZaK7TZbw3lToV. Statuscode 200
Durchlauf 804 von 810, nutze Token 0PGMoNtxhMY5BnWiphWH8x0WzEaoA8nWQkYELptS. Statuscode 200
Durchlauf 805 von 810, nutze Token 9edDhfwB2YPXcv0d95lXm1fNNK9bcYRyCtgNVxSj. Statuscode 200
Durchlauf 806 von 810, nutze Token aeVG7AfE3w64iMhmI4VyEM0lm9Wea3PelxrA4x7x. Statuscode 200
Durchlauf 807 von 810, nutze Token Q7lLPGKvbYeeoy4C4jyQoxwsdUChIqtbH9WZdLfW. Statuscode 200
Durchlauf 808 von 810, nutze Token nQ5JcWSDZoeDFYU0V99fD7T19ajA6L1TxQI6dWPM. Statuscode 200
Durchlauf 809 von 810, nutze Token baV0Bk6zyvYMQIv8ADRqGCOzTY0NsFNjzI8ebgZW. Statuscode 200
Durchlauf 810 von 810, nutze Token 3TNMCbyR5w5T68SIPwHn5a5RPCgAbXQpn34jwXKr. Statuscode 200
