Durchlauf 1 von 810, nutze Token d1BqBdcXPrtrLXrw7oHDZbQYnzNQo9ei6fin7LI4. Statuscode 200
Durchlauf 2 von 810, nutze Token ECF9DR2GdWkN7yh4VWD7p6fO2nqxo8oMGc5bLWFC. Statuscode 200
Durchlauf 3 von 810, nutze Token iRcsN0HRf0tJ55nlALGx7vZcz0e5MxNu4SKphrzd. Statuscode 200
Durchlauf 4 von 810, nutze Token C55X5JXJCfmnjdm0aTGXT3ghxzBgFaoT2vQ6WOmT. Statuscode 200
Durchlauf 5 von 810, nutze Token gaRnScLtLRnRi7XbNZMxCtf48BODNg6OwnuQzSxJ. Statuscode 200
Durchlauf 6 von 810, nutze Token 6mTxeHkiEcK2jd5YuEBv5awWgiKOZXhYb5RVxV9v. Statuscode 200
Durchlauf 7 von 810, nutze Token KNRUM5OOG5GmZrB0xdFFSVGs1kqQQ96rxppPc0tp. Statuscode 200
Durchlauf 8 von 810, nutze Token JRtHURatZQikgSFa4LBQXeEdxI10MvbkSFx3j2Iy. Statuscode 200
Durchlauf 9 von 810, nutze Token ikzjFnRZdybXG0g4Y4bAQbDLow8Ndxqg3zcOLuP3. Statuscode 200
Durchlauf 10 von 810, nutze Token FpCaCKO6vX9EEL1mUumaacpyGztVoUR6YyRh42Nk. Statuscode 200
Durchlauf 11 von 810, nutze Token tgM2W8uYrIvHwEFUQKlVVYb3Zmp1bbX9hhzfFEFU. Statuscode 200
Durchlauf 12 von 810, nutze Token NP4JPDTqPK71Sj9hDMFYWPf7l7AXM3sW4etiFoUu. Statuscode 200
Durchlauf 13 von 810, nutze Token MqVE4lPkVemzqB7BQAtWB1NSRPeoQreX4yl6BtEX. Statuscode 200
Durchlauf 14 von 810, nutze Token T2iSnSSi1vOAor3XkUH4ayI0w4BchEcelXBCiLcj. Statuscode 200
Durchlauf 15 von 810, nutze Token YXYnv2Y3AmA8TGG2Se3tTbviyvulyok0hn3gyWH8. Statuscode 200
Durchlauf 16 von 810, nutze Token G5cSskWgzOfOmyXH4pB9aPYn72WnqRkzZSl9dPTn. Statuscode 200
Durchlauf 17 von 810, nutze Token iAuucVWGOhjOYnKIbemLxloZfLvJHhrSno4aLJtu. Statuscode 200
Durchlauf 18 von 810, nutze Token hqwtMut1ojFlHhmiFhvOvNVkZeLszdRlAqgqK9ya. Statuscode 200
Durchlauf 19 von 810, nutze Token wJjB6elySbSvOZC7zxp7sw0bnovlbt2k7cAZTXuf. Statuscode 200
Durchlauf 20 von 810, nutze Token LIPRjHH4ZXSAMcHMdwpCuHUme5bBkAn6CNZqHFqC. Statuscode 200
Durchlauf 21 von 810, nutze Token 9HFqV6u7s16aL6VRIKJ7XoB8gAOdtRWrbtT11C8J. Statuscode 200
Durchlauf 22 von 810, nutze Token Aabl2fhhBlGSnMyTmLVn9fjwkt0b5Uv0VcrOBxI6. Statuscode 200
Durchlauf 23 von 810, nutze Token q3KZdYo78enIZbRDurXH0w9hsdM6h8C2HPAHA62t. Statuscode 200
Durchlauf 24 von 810, nutze Token 4Wuz9pn1jlWxqQJ3zeqKc6lltjYUcN7seiu5ilUR. Statuscode 200
Durchlauf 25 von 810, nutze Token hOIi7i6I0uwYuQ85TtRDn53PwfvWXXQsJLuLiHuM. Statuscode 200
Durchlauf 26 von 810, nutze Token WoN0Uhn1PjeYcI6EMiia7ftfDejnifMScbikXwQX. Statuscode 200
Durchlauf 27 von 810, nutze Token 9tsXbNOJFtjIyG7Iv9NlY5TVTgi5TKDC5aVCUnzB. Statuscode 200
Durchlauf 28 von 810, nutze Token I89lwgZS3RCRzd0NiNUSILXt1ff52zZgwFtCxvyi. Statuscode 200
Durchlauf 29 von 810, nutze Token 2HGWSAlV6v6IptsRrpFUZEXlM8L0G26Lr7jxq2xA. Statuscode 200
Durchlauf 30 von 810, nutze Token u2X98Z6OdrhsmGVuuHKQmJkYyWrIwusXYaEJwRaA. Statuscode 200
Durchlauf 31 von 810, nutze Token 2WYgVrS7qSvLJXxv9sMv4taMytIhjoBFFNMDA0IF. Statuscode 200
Durchlauf 32 von 810, nutze Token iO5nVhxem7pR5aPz6agQ5tkFyheDAZrvXvrup7jb. Statuscode 200
Durchlauf 33 von 810, nutze Token g3KbRH9YEj1Ugwc83hsL7FDvVPGaWTVw8tUk5yeI. Statuscode 200
Durchlauf 34 von 810, nutze Token E0664KfNUfXu6H274Ni4IyAEFXThWiil4ngTziPU. Statuscode 200
Durchlauf 35 von 810, nutze Token usWMkONyNziOa3HfOIxoJA4nVs3GLpswglYokoh2. Statuscode 200
Durchlauf 36 von 810, nutze Token fNfmHq9yEuGtnU51qP9OQ3SD3MTYjg9vu7aq6XZt. Statuscode 200
Durchlauf 37 von 810, nutze Token bncRDyrWbjkRpoV0ivbMWhAkMi7LurJ5FxuSKlyH. Statuscode 200
Durchlauf 38 von 810, nutze Token LSWdddMY9cdUfBJwbtW8JeY0ijUlvwQqe34zpDQq. Statuscode 200
Durchlauf 39 von 810, nutze Token 7ZuKCxG2eUHs9RDSEg88s6yV6OFUTAhxvg1lOnbh. Statuscode 200
Durchlauf 40 von 810, nutze Token GijdLqcJggAnivZ5PtTjJGJ1wlsex94Kcj9qOwyh. Statuscode 200
Durchlauf 41 von 810, nutze Token D2wxbKOdbLXwqTzv5BSzhOBfCwk9pwb7lf1NQcn9. Statuscode 200
Durchlauf 42 von 810, nutze Token znAgIp9uHWU3MjbFnDrH1zyWfbmSgS3s8FAJSHIE. Statuscode 200
Durchlauf 43 von 810, nutze Token JtMGvKqkCcugTYGhwl0WcwhrRtGsXi20ChR1fixn. Statuscode 200
Durchlauf 44 von 810, nutze Token C3d8PUpXm6Vsn5qaQEeThSMFSyt1cHbBo9vzVd51. Statuscode 200
Durchlauf 45 von 810, nutze Token Ph65HmnjWrrMOMuY2ugmLWqqRqF1Wc2b5SEZh3AW. Statuscode 200
Durchlauf 46 von 810, nutze Token QnJml3eLCgqqQeNQEcyG6PSFLQlrOfxHBshpOMeX. Statuscode 200
Durchlauf 47 von 810, nutze Token Z77fItVsK1gnRmh5Q6UNQ3FkQls5IWrf3pp2ByAQ. Statuscode 200
Durchlauf 48 von 810, nutze Token TNqFyXVHKr0tGM4jER3jQ5uYkz9dMaFZlAftlJps. Statuscode 200
Durchlauf 49 von 810, nutze Token xsFg2g9GQwgR6PoeyOtDRh9pan6QCWxVma7rS15h. Statuscode 200
Durchlauf 50 von 810, nutze Token qVb1vw4lHzDZuhpef02eL1STrcz51ydRGXJzqWOD. Statuscode 200
Durchlauf 51 von 810, nutze Token XJlVvdVQhPvqPnI9Zsw9yTar5FuRCy0SZBDWwCbB. Statuscode 200
Durchlauf 52 von 810, nutze Token xCNVbtJ7WS0mODTa108KllnNOfTioUz8LrdDcn3z. Statuscode 200
Durchlauf 53 von 810, nutze Token ExqCRwWglsgCFO1JN1EwBJtscLHufAQGOkp5DtB8. Statuscode 200
Durchlauf 54 von 810, nutze Token ao5ULAGFxQPw00SskMdN9IYSBBTGvP2RGgBHWycd. Statuscode 200
Durchlauf 55 von 810, nutze Token UtcV871VvRZDwZ8AOfuRKGv7S2v47YDWX8EvoKi6. Statuscode 200
Durchlauf 56 von 810, nutze Token FSqbFFdeRPV7rx1IE8SFrzglWiPws8msyZpUgqZ9. Statuscode 200
Durchlauf 57 von 810, nutze Token pmAeNnbMcYYGu2Jjv1PjfVTzZLcdbhohStDkZWg2. Statuscode 200
Durchlauf 58 von 810, nutze Token p6NttxEhzn1E7RKN8RdShaXQRd8rXfmo3bBgjNTl. Statuscode 200
Durchlauf 59 von 810, nutze Token ONntY73UYVD3I6v99tptDzUwublyxr64LOV69sdl. Statuscode 200
Durchlauf 60 von 810, nutze Token g1ay2DSxc2URkGxbtBxmy4pppQKzGKSw38VKAudw. Statuscode 200
Durchlauf 61 von 810, nutze Token 7lKS0yKScj9Cw3qXkBEXNKulYXOb88ZiDzUuBBw4. Statuscode 200
Durchlauf 62 von 810, nutze Token MFlCfw8YIAhyVTh8wChq52J1sPLh12xFmtCdc8vf. Statuscode 200
Durchlauf 63 von 810, nutze Token LeSvWay81Azq8xukVWUvRRkAFvRRLh5H5opPLfE6. Statuscode 200
Durchlauf 64 von 810, nutze Token 4EdsilLKfl8nnEiWBlNM8WwhhHSCYJovQwc1SOUp. Statuscode 200
Durchlauf 65 von 810, nutze Token ORmZRQwp488ac41R4R5DNDQVjMAcUPGDPHWetkcW. Statuscode 200
Durchlauf 66 von 810, nutze Token LjmqHEBkmgQbjH309N18U3KGEHj8q30tiO31AxpJ. Statuscode 200
Durchlauf 67 von 810, nutze Token V2pXNWxvAX0otv0EfL6bGH58jWbuaP2KLgEdHtDe. Statuscode 200
Durchlauf 68 von 810, nutze Token dV0fIRE3mRNlvT4wJnebnQxlum7dhiBgyEfgRFFR. Statuscode 200
Durchlauf 69 von 810, nutze Token zQZmNIeo5BmAc6rToUSOwOMN9QlBoDGiep6H9f0q. Statuscode 200
Durchlauf 70 von 810, nutze Token NUfM7wE98WmpC8p1rrBTcw1FrcDiW8l60OEcZOvX. Statuscode 200
Durchlauf 71 von 810, nutze Token unidlZ9gXefxwTQm7cnXUO4jrr4utAVDB9Kf5b1x. Statuscode 200
Durchlauf 72 von 810, nutze Token vmkKdKIpk2E4LXY1pCdNIzmnoZGdc5JyOq3mgLrF. Statuscode 200
Durchlauf 73 von 810, nutze Token 6xY1rzSnbroTDty2ET0XgdMtlwPCasruZcKdvpJH. Statuscode 200
Durchlauf 74 von 810, nutze Token msCDotVY6jR0D5c9TxDdrOo1gMpLx0ie2BDwRbof. Statuscode 200
Durchlauf 75 von 810, nutze Token oI0M4ax5ZqhAfxHpqHyhUBagPGxVujVJA1T7l31W. Statuscode 200
Durchlauf 76 von 810, nutze Token N5PXAL0N0WKDStRjEvqh7ueZyQGyNrudivvZKehW. Statuscode 200
Durchlauf 77 von 810, nutze Token 1baO5GMVQ0p7aclKg4OrSSaAOww2hcuARSbqHePt. Statuscode 200
Durchlauf 78 von 810, nutze Token X2OErg29VU6FfdgIRZMebs4p7grvAWItsBJvI851. Statuscode 200
Durchlauf 79 von 810, nutze Token IjAMUpJr4hugcaWOIC2IxPjQziA2fWw6DzkGu7dH. Statuscode 200
Durchlauf 80 von 810, nutze Token NcNs4JVfjH20F5s23swjcFlDbiwI9oCUUqL5GONT. Statuscode 200
Durchlauf 81 von 810, nutze Token IZn6eJIt9p69rIgxZPIeYfK1lTWYMI62b0UVSMOc. Statuscode 200
Durchlauf 82 von 810, nutze Token EV8PlPhPNQUWjjeffmaRZ5f5ERBHnpMh8wI7dcEY. Statuscode 200
Durchlauf 83 von 810, nutze Token dR8pojnFo7rQ13h70WHGNuG5xHv04wksaUkbnCvD. Statuscode 200
Durchlauf 84 von 810, nutze Token 4MdvgfrMiOQtsJmeGHEw61eiDBsOo5np7D0FvBdZ. Statuscode 200
Durchlauf 85 von 810, nutze Token 4fsqIfn3JLekQJ9d2Ypfoba1biHoBF8eVZkUxjVZ. Statuscode 200
Durchlauf 86 von 810, nutze Token bh9VLyD8DUeTuBrdiTwfM4EsuW4m2pH0pwpDGruX. Statuscode 200
Durchlauf 87 von 810, nutze Token OYOa1UVYeIazTBkGmMfhjDa5KhnrF88Wy02gzWLB. Statuscode 200
Durchlauf 88 von 810, nutze Token INpRHA1gyofg5p5oNCjSiPGcFMfAq9OUCHzL2mP1. Statuscode 200
Durchlauf 89 von 810, nutze Token nX7lnqRKFf6ok7TcpZk9C3qChIFGGunID2vtUQMM. Statuscode 200
Durchlauf 90 von 810, nutze Token tBRHxlVkkQX3OqrQNLwcFaVYbVrD57W9ZfaoFBhs. Statuscode 200
Durchlauf 91 von 810, nutze Token s4DsupeeeoK5AdEwIxfdWbac0XtC1ub6Ti2oz4tW. Statuscode 200
Durchlauf 92 von 810, nutze Token QGqtgRcSdsjnETSrhYYknMTmJTWTdyUq27H7EU8z. Statuscode 200
Durchlauf 93 von 810, nutze Token D7s7hY4gKgol0F2Y7OMgpWxdkjQXXD0qotN07y6d. Statuscode 200
Durchlauf 94 von 810, nutze Token psWLcB1lKydWUTqtc3p5fkncbPYTDl5vmpjivK2Z. Statuscode 200
Durchlauf 95 von 810, nutze Token LPwSQ1E8r3iyLlnRlm37UrHDyoOdNX3XaMehBMyH. Statuscode 200
Durchlauf 96 von 810, nutze Token NerTmdefG4JQDuHD8dBtgB1UGg1cnXLNMkfusus3. Statuscode 200
Durchlauf 97 von 810, nutze Token Noqt4X43NJ3T8VNrBmhUsg6U84T3mYUQZ1pBchqT. Statuscode 200
Durchlauf 98 von 810, nutze Token lilFinjbGAqKJyHEBdhs4ca3Zs0BjZPOtYCg7y9B. Statuscode 200
Durchlauf 99 von 810, nutze Token 32l84XItvriaQf84vXc4UKVePWYuj7O9B8234nrH. Statuscode 200
Durchlauf 100 von 810, nutze Token cki1z3cwAtJPvTFXQMJId0vRXiQu4YeGPRAoChtv. Statuscode 200
Durchlauf 101 von 810, nutze Token gnUOxftmP3rsvtLAGkvl9zfvYZ7630SRL5HJGv3M. Statuscode 200
Durchlauf 102 von 810, nutze Token 6QBZvXGMDzhCAOEBn3NIGR0Yy8SEWi3tbmXzvsls. Statuscode 200
Durchlauf 103 von 810, nutze Token 3ANfVHK0Hkote9ZCq2nZvv2YL3jWl9q7Yo4GFyHE. Statuscode 200
Durchlauf 104 von 810, nutze Token KEYtdzxb4ghOcXUt8ACqzSz4YzL5eiai0MAGJm9X. Statuscode 200
Durchlauf 105 von 810, nutze Token CV97Vo7zOM8hDKulMXQhZsXsb3oEdPpRpBoulnhw. Statuscode 200
Durchlauf 106 von 810, nutze Token wNj6dtX16QxOh3pY4SC1NQTHZxsX7oaOoNA81tkW. Statuscode 200
Durchlauf 107 von 810, nutze Token TOVXHI9CH1GwEiujad0qDnyYkyKbhTAPYS7a1uDl. Statuscode 200
Durchlauf 108 von 810, nutze Token FrNfmSPVAJUeLGhwCVhVCcO7vG6tvyjj5iC8KdyL. Statuscode 200
Durchlauf 109 von 810, nutze Token 4NelnExBHn60OJOyFZjSd0omka7f1vC5xXuyUuxS. Statuscode 200
Durchlauf 110 von 810, nutze Token zeOoH6aZ8UgtLmleh7s7uDUmu23Zf0op7I78TnIU. Statuscode 200
Durchlauf 111 von 810, nutze Token LBGmOWGjR0c7Z6P2vzDADgKBJGbFsC8uD9ByNsR8. Statuscode 200
Durchlauf 112 von 810, nutze Token JW3GGI52Me81VTqEC1LbA823GGsJG0MX0ycELpaA. Statuscode 200
Durchlauf 113 von 810, nutze Token w5zkXUbXdT7NvFJbjzMOqdQYhmaPIUDu4eP3ERa2. Statuscode 200
Durchlauf 114 von 810, nutze Token 28bdkeAdjSffpmWPS9CUAhNrN43WlaMJPutGS9xx. Statuscode 200
Durchlauf 115 von 810, nutze Token AZEGL57xsdl56MgdATBOz6jLPgy5vNgz5U9bn9B9. Statuscode 200
Durchlauf 116 von 810, nutze Token phqbzlocy7XVk7xhaWh6Vh0rxT5UrkLiu6b2yEuS. Statuscode 200
Durchlauf 117 von 810, nutze Token hWjdGwhK4VV1rKz6ERwBqwDkCxGAYPjKUrq7gMcu. Statuscode 200
Durchlauf 118 von 810, nutze Token lVCxoivQFal0XLOqxmb3mkpWLZGSPSldgE7RTCRi. Statuscode 200
Durchlauf 119 von 810, nutze Token yhe7h6gLu5tXI6LA22rHrrD4avorTUYtwiRj3oE1. Statuscode 200
Durchlauf 120 von 810, nutze Token DLm326Yn5zBAALQm5cCu8TKjgvCbZUd7OOk5Woz5. Statuscode 200
Durchlauf 121 von 810, nutze Token kbWzj3yH5eClNp8QToAkW10yfrITyvfDV91Xh20z. Statuscode 200
Durchlauf 122 von 810, nutze Token atzQx93eP1NsPZZdcZLQuyUwzwQ1csEdYhgECAAd. Statuscode 200
Durchlauf 123 von 810, nutze Token 4qewr5nPPyocTYHXsGx2bW84i6v9NGncxg90vtDO. Statuscode 200
Durchlauf 124 von 810, nutze Token STTkD7brB7fm1PGqGWeYc5CIlbRmhGAkGixV0RPl. Statuscode 200
Durchlauf 125 von 810, nutze Token HdMXM1DA4B3tyDlvyUjchlEaL3Q908ZYCh1ZU5cg. Statuscode 200
Durchlauf 126 von 810, nutze Token DoZn4ZENzUo1MootQi4oNPGQJhR3vilFVxiFubgz. Statuscode 200
Durchlauf 127 von 810, nutze Token vcNIfaGXVrkQjty2Xd9ri5l9yiXE5cIxYTaIW2GH. Statuscode 200
Durchlauf 128 von 810, nutze Token jfx8IakPB9WQWnGRqopSsWqjd7dmNkTf2Jp8G5oZ. Statuscode 200
Durchlauf 129 von 810, nutze Token JyffE7IY0OCCJavpqikRmqZM7M8rjpa75eyg0YWW. Statuscode 200
Durchlauf 130 von 810, nutze Token 0VF90oHIkovPzJu2ETsknSdmmd0AUCsnYrAwRuFE. Statuscode 200
Durchlauf 131 von 810, nutze Token AWrooWJYypl6Z0xfgif91j4cgHpOQTqFmTub1zeH. Statuscode 200
Durchlauf 132 von 810, nutze Token WBvstRt9qxPjShIZvW9LHwmi4FDW5QBuFqMWHXkd. Statuscode 200
Durchlauf 133 von 810, nutze Token qUfaWLqQW5YGRhrsE79tUxWRXbXYVagunv5eZUAQ. Statuscode 200
Durchlauf 134 von 810, nutze Token PJXu6yY3tzHAeHSBkGtaT3mWtfhrDDfcmd6KTHGY. Statuscode 200
Durchlauf 135 von 810, nutze Token cBKQRQc2yzkAT8vtVj0tpRYaWcg2LMWloULaoMKm. Statuscode 200
Durchlauf 136 von 810, nutze Token go9eH3zqzcyVf1E32XAJaICXYQhEKAWHZ2t2PA1c. Statuscode 200
Durchlauf 137 von 810, nutze Token L3Duw4ajvnBVUgOT0ZvUX7QkzNtmUiYQ81EZdBS0. Statuscode 200
Durchlauf 138 von 810, nutze Token F1qRivnmlZ1iP2gTh7OP9AOrHiiMmMmaFdFQXgtm. Statuscode 200
Durchlauf 139 von 810, nutze Token Zj0vWpMWxDSuyFWjq77TkQzfTBMx1is0jRlnEzo9. Statuscode 200
Durchlauf 140 von 810, nutze Token UzaYzDjrbbiseLnU9T4hdIy8c6XTHklp17HHsnMz. Statuscode 200
Durchlauf 141 von 810, nutze Token PDQYH3thQOZ4nLa3qUZ57BRMBEeVnO4ympsAPVB4. Statuscode 200
Durchlauf 142 von 810, nutze Token 7YpnFoigY46O7ZIubNG2EzDQXJfMSs9wOb4DE5i5. Statuscode 200
Durchlauf 143 von 810, nutze Token I9uOtMUwNc89GwR2A1lbYinbGatb99sK5O7PpyHv. Statuscode 200
Durchlauf 144 von 810, nutze Token jbDjYtkSwiNlNpYCsO4AqX3CA72B3DFgqW9Bx3NX. Statuscode 200
Durchlauf 145 von 810, nutze Token zkBiLFW6MPpxwQdlkH4phFcetpyeYzAdXD7R2MUQ. Statuscode 200
Durchlauf 146 von 810, nutze Token l4EtoMBoLetr7XcQAvG2qd3XcFUjsDwHNpOeKeAd. Statuscode 200
Durchlauf 147 von 810, nutze Token 6aQQi7G1RpGnqWLKsIZoX90a6uaemyvQev4WnSpl. Statuscode 200
Durchlauf 148 von 810, nutze Token BJPKAksTe2XqqRZUakKqbX0GPoin8DLJQTrdnSzS. Statuscode 200
Durchlauf 149 von 810, nutze Token gjkMGAlUSAvkuoCSjPOPVYdL9yo9sKmMfazLH2BG. Statuscode 200
Durchlauf 150 von 810, nutze Token Y7TbDlzdGGFOx7cYZJ7lUtXF05B1ulUiW8CQpGh9. Statuscode 200
Durchlauf 151 von 810, nutze Token 1Hk3VUQaL1TtYX2eYkUEMKeiDnbvGUZi5rquLkbK. Statuscode 200
Durchlauf 152 von 810, nutze Token np2YMVPgqQoRKMIoPRdeCJUKBVf2KO2Ys4u2uUkR. Statuscode 200
Durchlauf 153 von 810, nutze Token tG4BtzClUcBWwK9h8jjSDej9sDXrzFWtUfDN2kH8. Statuscode 200
Durchlauf 154 von 810, nutze Token sMEGepWyVqB8CYYLOALiwoaNuwsbVubORtyAfZrJ. Statuscode 200
Durchlauf 155 von 810, nutze Token q697PYTH8HGTx3Bldn4Z7hWoXtH48CADqw5KBMPW. Statuscode 200
Durchlauf 156 von 810, nutze Token uw6M5MYcBgWlc1mHmA1DSr9ubQddTs7e3EO0g3Mf. Statuscode 200
Durchlauf 157 von 810, nutze Token Y7CI1i5DjXf2Qo27WRxFSMh8Qw2nMTsVrVm2hiSN. Statuscode 200
Durchlauf 158 von 810, nutze Token SmBcOdiWmjyGK3pSg3JtIZK3NpO1E6MBTTUAfoVN. Statuscode 200
Durchlauf 159 von 810, nutze Token sMlttSddcgW21MohsQ1MOBCSxKecn4Im2Sqa57YU. Statuscode 200
Durchlauf 160 von 810, nutze Token sACsZprR8iS6CiRmW0jIs06PVVKqQZtuA3yHeHtv. Statuscode 200
Durchlauf 161 von 810, nutze Token VUuP6eOKaRUwcHN976xfnRGlDmSjKLHXe3Fne4qJ. Statuscode 200
Durchlauf 162 von 810, nutze Token 8hoxAmMqTcF9DWUH9wg0UcJjdZ9y6iEKYMIuRvy1. Statuscode 200
Durchlauf 163 von 810, nutze Token 19Ie0wpCLKcV74ZqFQwMB63AzdgwTOxtedM7scsZ. Statuscode 200
Durchlauf 164 von 810, nutze Token GZ8D80BGKlLDgLrKQv7OGpqn8VNwhGWBWZyyg1YI. Statuscode 200
Durchlauf 165 von 810, nutze Token xXNu73U4RAy22DCNEAerNUkaPj4HjzN5SqfC8UB2. Statuscode 200
Durchlauf 166 von 810, nutze Token PmRAcDV5L8EskMQUZwUAYc48DXjExH64wQjvL8jw. Statuscode 200
Durchlauf 167 von 810, nutze Token nipSkX35pjI71UE1YZMgD6pTBfa1PiY5C5Uv7NDX. Statuscode 200
Durchlauf 168 von 810, nutze Token ySpYZKmh9cagBPP442rzinsJ879H6ddLZeUf0Wsa. Statuscode 200
Durchlauf 169 von 810, nutze Token 47FY8y2cnFlM4SYHFNxvQiHxISQH5AkdkYU9BtDk. Statuscode 200
Durchlauf 170 von 810, nutze Token VD1CXO93a4fHutig6pmgiGr6PCpJNjneClIHoGMD. Statuscode 200
Durchlauf 171 von 810, nutze Token C437p5L8zdOrma4BGt3rKUbriBkNZaFJvgtlVH4G. Statuscode 200
Durchlauf 172 von 810, nutze Token MwYRlPjFyq1iYc3fMInJH7OnTA1fLaGutoQEtlTJ. Statuscode 200
Durchlauf 173 von 810, nutze Token YMVFGm3oEJCoCqmF2kfCS3riJ1BLiKvNFpL2OC9c. Statuscode 200
Durchlauf 174 von 810, nutze Token wWkk8wSkrlGe12n2sny96zkNcTkyqZzaL09hvW18. Statuscode 200
Durchlauf 175 von 810, nutze Token I6B1Kfm5dFDLL2S0Eu0Qq2dTxOVKrvblNk22Fa37. Statuscode 200
Durchlauf 176 von 810, nutze Token rW5E0NcZuWvOqkYm6Of2RfVlu6GLIgbkTBLBEVwh. Statuscode 200
Durchlauf 177 von 810, nutze Token MdDTnBNucyiWUNR0CLEhzlY2DKtbzuTMhm19lFM8. Statuscode 200
Durchlauf 178 von 810, nutze Token g3UNKxtwwOuOJ7XOIIFzTfbRVnXqhyo2BCz0eFVW. Statuscode 200
Durchlauf 179 von 810, nutze Token rVAHoUV7RYaWvY8ivFBm4gB4pP6Q7eQ2azaGKPQZ. Statuscode 200
Durchlauf 180 von 810, nutze Token OmU2mhK7wDPm1u3RFKCBOZhUKCSWWamiGdfjp7n3. Statuscode 200
Durchlauf 181 von 810, nutze Token 3WU1kdgif5vpCXLyqsl7ST2c4mIVfroe9EmKraAn. Statuscode 200
Durchlauf 182 von 810, nutze Token Qk9UrEq6nYb1P487YHxIagWdFLcR9ors6JewAQY0. Statuscode 200
Durchlauf 183 von 810, nutze Token QV9luUNaYgHn4fCd6ckBNrlfnaI3cYolgu4Wq7Q8. Statuscode 200
Durchlauf 184 von 810, nutze Token VY0yDEwTVnNBqdGioLwJA1h2Jb08ohpPsavhNwRa. Statuscode 200
Durchlauf 185 von 810, nutze Token SAk9oQ1KepvqOyz6wSOhyjQt3DV7hmivmz2bD22e. Statuscode 200
Durchlauf 186 von 810, nutze Token hUNxbQPXCoYv53LdrbwjzkbS5sihoQcGTuMP5jQq. Statuscode 200
Durchlauf 187 von 810, nutze Token YISlLP4U8WmEqEwsgVomj6jiuPGaqUe44dIQuuW7. Statuscode 200
Durchlauf 188 von 810, nutze Token jI8Y2iIORCC2p14uPRbPObunCL21rNRqpUukuHG3. Statuscode 200
Durchlauf 189 von 810, nutze Token pKNdJrCmPPv65RQ9a4R1YnBoycw7OoJz2fPkDUgb. Statuscode 200
Durchlauf 190 von 810, nutze Token 8nXpnEBugGhIMNEnwid9vl6JEfzfHiBPlI2LObFU. Statuscode 200
Durchlauf 191 von 810, nutze Token pfFD5eE2puFCHgoWU8v8W2FK3Grw909KUw4aQSIe. Statuscode 200
Durchlauf 192 von 810, nutze Token jKhU4TKduUhpyFzaRJcaCHEQSvB59F6WKBtBpyXM. Statuscode 200
Durchlauf 193 von 810, nutze Token Y1rZ8z33rIPLlUVHSNHcQ1iqYPjp8MQl2cznN0ZD. Statuscode 200
Durchlauf 194 von 810, nutze Token BBXf524HSEqrvPmLDreegt5Qiou0O7ZEISwftk3w. Statuscode 200
Durchlauf 195 von 810, nutze Token WvfywolPB03mXrkU9vxSKH4R6z57WnJYhkbGl42I. Statuscode 200
Durchlauf 196 von 810, nutze Token 3APO3VoV1FuYl666sjvYamSFdpFutzwKjca3i8A3. Statuscode 200
Durchlauf 197 von 810, nutze Token B9h6YKnWQeYRDBbX3MYZyzu6dSzKcbqQPoz3fvpP. Statuscode 200
Durchlauf 198 von 810, nutze Token jENUrKBpCmobwsC29iQTHbnxESfUHLxXAyQUvoq5. Statuscode 200
Durchlauf 199 von 810, nutze Token QslfvNO5KKbDrb3tKVKMASJeNtl07gBJOexdla2W. Statuscode 200
Durchlauf 200 von 810, nutze Token gZj1IRzrni4WzXSEKCfBgYbuQnUdjdb6FMfiTp14. Statuscode 200
Durchlauf 201 von 810, nutze Token 8tcXFCz4xNZerSDySgdcUhmSCkiZcEsBAEAuX310. Statuscode 200
Durchlauf 202 von 810, nutze Token kuG2Mbxge5dHy5TqT7TykolddO1gGBfmxIY6mPF1. Statuscode 200
Durchlauf 203 von 810, nutze Token BOMurRxSIH6vKRsZTCnBA32WWwX83AHvHzDkYADc. Statuscode 200
Durchlauf 204 von 810, nutze Token dYr3uALejs54iieVF3Z2HJaXABdVn1LwnWs9TUzz. Statuscode 200
Durchlauf 205 von 810, nutze Token Cl8t7Mon1WM5SHWKhBH6s3K0wpPYN7qrlDAUl8Ha. Statuscode 200
Durchlauf 206 von 810, nutze Token YnD9W5f69DJQ2z3MbIeITPSOOpHD39FF1wYMgVxE. Statuscode 200
Durchlauf 207 von 810, nutze Token NrHkGbeaOhDUMJr5mXLk5KMHPTiBXtaHtO5JYxTP. Statuscode 200
Durchlauf 208 von 810, nutze Token PEQZqS1SokXEAiJAeNAtcZwkqiHR4xcnjlxntStp. Statuscode 200
Durchlauf 209 von 810, nutze Token QT4qOOJw4Yqe6VO8KWBeN0MTp7xTfITu1AYoIRAV. Statuscode 200
Durchlauf 210 von 810, nutze Token 27HaC4nTwQbRV1CqUXPHOQPAt1uInbb7tI9Xoex5. Statuscode 200
Durchlauf 211 von 810, nutze Token sbF0MV4EEM9aIJyAc0yWoHIEoiCcNA0yJ9LQi5Sz. Statuscode 200
Durchlauf 212 von 810, nutze Token cn9QC6hrGvayjOWLgKNNiXYmbhycOpuf4We0GS8v. Statuscode 200
Durchlauf 213 von 810, nutze Token KBS7qc9mOTNj8L2mDvVYZYCOLYsvQsyAWC77ZWX5. Statuscode 200
Durchlauf 214 von 810, nutze Token GZVh8d2KbiALJO2einJvjR0aOLO0PSFwmlOhnS7f. Statuscode 200
Durchlauf 215 von 810, nutze Token ZEGSCLKOTUdf8GSgJpX7L0wFOAMsLnHgtREHitab. Statuscode 200
Durchlauf 216 von 810, nutze Token ZKZsG2hq0fu0p9VLhn2J5tyMyGgg8zTDswBSbLQZ. Statuscode 200
Durchlauf 217 von 810, nutze Token ZuFCxdwRAIUQJAj4Xocnhz6Kq7GZjRcDjuzdg2Jn. Statuscode 200
Durchlauf 218 von 810, nutze Token xbtTq5JOkZyEAzqytxCpXBUiMqTvPO4ndSJrZZyt. Statuscode 200
Durchlauf 219 von 810, nutze Token zvEyY92eb00KuxX9X0AvLIf8hsJNGCfFRwLUxxt2. Statuscode 200
Durchlauf 220 von 810, nutze Token rl8kfadMu14hKh5P6jrbq17ZayRi0NNuzAKU7n0G. Statuscode 200
Durchlauf 221 von 810, nutze Token k2JkjDOO3BEi9FctHiDHJxhboWzmgRxdqXPpmwu1. Statuscode 200
Durchlauf 222 von 810, nutze Token 14y05g3gQ2ffL4xXjILPPMNkSCwzMw4sfffA3wxm. Statuscode 200
Durchlauf 223 von 810, nutze Token u4HPmLYq3Q21fDRQNQYMl8d6mvgsEe5e3tP9YAiw. Statuscode 200
Durchlauf 224 von 810, nutze Token nKG2RryydjKFfoXW6Cfpi017UECjOqaYlVhfWEYE. Statuscode 200
Durchlauf 225 von 810, nutze Token QPiZMaUTXwaX935XPPEM4r8hFQ0PKTsXzuouoOhH. Statuscode 200
Durchlauf 226 von 810, nutze Token wpeDUlMtdTI6GaAleRxcNICGHrPXxmmDBH33iWIJ. Statuscode 200
Durchlauf 227 von 810, nutze Token fQIm7fBw3vslSdWWyLtkN186rlCE0PXU8nZ7eKpn. Statuscode 200
Durchlauf 228 von 810, nutze Token H8Ra9mbl90HVEjI6582joBPfiNZeiWY6cZMdV53y. Statuscode 200
Durchlauf 229 von 810, nutze Token ALImKZskJ3VI9kIk5ZiUv3y7aJf5QXzLZgszOCRx. Statuscode 200
Durchlauf 230 von 810, nutze Token zlYLZUTho9UwLwqij0CP2HUUVuASSFRqlb4KvBAr. Statuscode 200
Durchlauf 231 von 810, nutze Token ic60V1eJqz4HC5zDF3UvmktycQd7U7RQIQCTseeY. Statuscode 200
Durchlauf 232 von 810, nutze Token Gyllik3b3FnNIvT1Da8oFbUIcjy0SpFeEshRXbsk. Statuscode 200
Durchlauf 233 von 810, nutze Token S38E3eHzPX6KuEUtGFKyj98QdFe4KvcQRq3GCy6D. Statuscode 200
Durchlauf 234 von 810, nutze Token ccw5i7YH30qLdztHkYufrkHELaGX0wwUsvfMgtVp. Statuscode 200
Durchlauf 235 von 810, nutze Token 6SC9uiUPSVpAzGY4uDQ1KkHiAq0haNzdtMPPsDVr. Statuscode 200
Durchlauf 236 von 810, nutze Token X8aVOkF5qJBBkCXoXkD8d8dniASHJFHN4upjUQCb. Statuscode 200
Durchlauf 237 von 810, nutze Token OuAt9MDK4BxhIeVlGC2saFNbDfwCRpVfYi6OGgyF. Statuscode 200
Durchlauf 238 von 810, nutze Token JoaQzpXSo4ZWTQgnXryIVodEtDIB2vUTiqhBfheK. Statuscode 200
Durchlauf 239 von 810, nutze Token ON62c9IlfSgCUFmjaksgdlQItPPvWO8sRsdaCqrF. Statuscode 200
Durchlauf 240 von 810, nutze Token 9N0wqGYZmxIyGT7VrBLZQSiCohPMCfGb43b0LFaA. Statuscode 200
Durchlauf 241 von 810, nutze Token G9YNT4ybjmldgMX1CQld9YLWjryaTZbjjUedGpKF. Statuscode 200
Durchlauf 242 von 810, nutze Token T9VjNfjDYb5DB6Fy7ydnlWXyDxgliUK0jtgBgNl8. Statuscode 200
Durchlauf 243 von 810, nutze Token wlvXcNYdCDtuds8zLyjTWdeqYaQgCXnUL0c77pAv. Statuscode 200
Durchlauf 244 von 810, nutze Token W7Fcf34fvpGRJeg0QsY98kzepw77AQP8fWFMmmL2. Statuscode 200
Durchlauf 245 von 810, nutze Token 9RfkFgreMphL84VKjysFH5bxkbCzQYEYYVsqpsb6. Statuscode 200
Durchlauf 246 von 810, nutze Token ccHf4V6BiZn9J3RK1fqHsWaobMsKGeJ1ivIlfqmz. Statuscode 200
Durchlauf 247 von 810, nutze Token VVdthDxpcL96rRW1degUlfaMd5ahxCX6byGhILSQ. Statuscode 200
Durchlauf 248 von 810, nutze Token yKoTdkQSwhE0X4BRjGl2Slu0UcXJ2bD5RbKPbFtb. Statuscode 200
Durchlauf 249 von 810, nutze Token dbNusgDbiIB4iF6tueuE5XDu2w4yKp8OJjiIiUUK. Statuscode 200
Durchlauf 250 von 810, nutze Token MC8vdJsoSjVXEMaWDpgy04sUwr9rZNHMrPnjChP0. Statuscode 200
Durchlauf 251 von 810, nutze Token lNthAzNW4tlKVJXVpM6DlwT8B2DVsiXmVoBFhGGA. Statuscode 200
Durchlauf 252 von 810, nutze Token lvm7nhvwswso9yvNmgBuAzZEjvJoiLcctb6P6HkQ. Statuscode 200
Durchlauf 253 von 810, nutze Token xngtocTSlcqbi1t49Pu50nYphT1Ak4LpY5PyNbqt. Statuscode 200
Durchlauf 254 von 810, nutze Token 2Ad7KHUZesC5apPvxo4JZCMWJoo4L38XR6Zf0yow. Statuscode 200
Durchlauf 255 von 810, nutze Token wgb2w5g5aUenD3d3mjk4XIQ1h8WxjTus2oLNyY6h. Statuscode 200
Durchlauf 256 von 810, nutze Token 1po8InyBDxIGHcTThHj5No1TUvgpZTM2XMzDEWK1. Statuscode 200
Durchlauf 257 von 810, nutze Token OPnyjMFcmQEfuEs66o8yPRwQTGeFkplUpfUKVhAh. Statuscode 200
Durchlauf 258 von 810, nutze Token TlLqMAAULcTf96W95CDot37D86S7vkb8IoJvHl9N. Statuscode 200
Durchlauf 259 von 810, nutze Token bYBWfGEh8IHP03iDcOq8YIt4MLzd21UELwBN4ep8. Statuscode 200
Durchlauf 260 von 810, nutze Token rr2qxGwQnTJqMa4JiJe5ZQL5XbjRXGS8zgTkQB1g. Statuscode 200
Durchlauf 261 von 810, nutze Token yxU1eE9RTpo4C8sPFtPcsO4iSvMNjeHeaQ4AEyDN. Statuscode 200
Durchlauf 262 von 810, nutze Token 2OyXZYvwq6K3ZDIS7285aB3FJPC1NAtLcyngmf3E. Statuscode 200
Durchlauf 263 von 810, nutze Token aj8eAeuQ07guYcgGIuS6SqCM0CnwKJBXVemWhBZf. Statuscode 200
Durchlauf 264 von 810, nutze Token FlgEeX3Oq4R33EV4K6a0EQT5lSAgTkeuuP4Tfi5G. Statuscode 200
Durchlauf 265 von 810, nutze Token RWbm4ZWrFM4Fiym1ZmAAwGIErPuU9BlG9imY7QmJ. Statuscode 200
Durchlauf 266 von 810, nutze Token iXukxcftVIQAOPoMiVlzoBxDdavftpPVI2Lkp4nP. Statuscode 200
Durchlauf 267 von 810, nutze Token E4XcwW8K4D1NhZ3IWkx2O62Ly3Pg6fvQBPY0O7BK. Statuscode 200
Durchlauf 268 von 810, nutze Token g3tK6tCHSuVLSJNUQL39AqU9SDRCXRccv11BmEYz. Statuscode 200
Durchlauf 269 von 810, nutze Token nUBVvSdaURhwj05KHedXSoOl1GfucpICPD0rlp80. Statuscode 200
Durchlauf 270 von 810, nutze Token Bp2MlfgZ5bBVMS3T52YuoEJrlFCJKgwGTQnFN24E. Statuscode 200
Durchlauf 271 von 810, nutze Token msgtWKHB4f2dhQDYv36wfZheSx45ocJO20buANXA. Statuscode 200
Durchlauf 272 von 810, nutze Token eM1e2fhKXxBFb47otku9zY6kppEaDmtczlcjDSQN. Statuscode 200
Durchlauf 273 von 810, nutze Token 3y7djgAKGjRTauZPWQncR4eN8Psoxxma3L8bFaBz. Statuscode 200
Durchlauf 274 von 810, nutze Token wrGYrSGyNRJCKEPp2HrfulGrSjy5NZx3b2yV1YHM. Statuscode 200
Durchlauf 275 von 810, nutze Token b5Dz8WRrSmg9inOjJkX7ogTcUMZ31iTF82oQKGXl. Statuscode 200
Durchlauf 276 von 810, nutze Token JFDqWy3O42YQk6L1Vrl7chhh67vlyb6hHddft8mR. Statuscode 200
Durchlauf 277 von 810, nutze Token jsiI8F5kVs4rbCr8zOv2TxnlCEgj7eaf0DkZsfLb. Statuscode 200
Durchlauf 278 von 810, nutze Token clpxXX0LrtZ4AREEoTITagYzIdgnPA4a4UviHtrr. Statuscode 200
Durchlauf 279 von 810, nutze Token 1LO9FIsnLwD0RJbp0lwU7L8208OXNRylxXRewwFs. Statuscode 200
Durchlauf 280 von 810, nutze Token shDyVKa8cdlaOyEwlKCzhD50IiGnBMls5c9Y7uwv. Statuscode 200
Durchlauf 281 von 810, nutze Token PbYxFx1KQedG5TFodtegr5DWVH90JXJw2Q0b6bxq. Statuscode 200
Durchlauf 282 von 810, nutze Token r87ue2dONGpiGQPRavgwpU9XLV1Tonrv4AmGcwEh. Statuscode 200
Durchlauf 283 von 810, nutze Token Y9nJKVqR6CZeNg4cjBC7kiERAbkDjlksyWT8QJbt. Statuscode 200
Durchlauf 284 von 810, nutze Token UuS1Z93uwzvGf8pa7inQk0eUkQwpncwqVap7D9qs. Statuscode 200
Durchlauf 285 von 810, nutze Token jXHI1cyfkct7H9lOHBXUjwxx17pV4hzn3hrhhPEM. Statuscode 200
Durchlauf 286 von 810, nutze Token vEx8ENcvIvZOQnEkFnhKCLAiTGpnkBa7gnYkw6gU. Statuscode 200
Durchlauf 287 von 810, nutze Token kPXdz8uktT26BDBTcUZrJ532AiztzC8c5td6w5Uo. Statuscode 200
Durchlauf 288 von 810, nutze Token rFTg6Gv9GfPduDXTJBKpDI4qUJMWs7MUI2V9xt6T. Statuscode 200
Durchlauf 289 von 810, nutze Token x3VNdC25266KN2DXUkyov4okvcA65Ga33qYYCyNH. Statuscode 200
Durchlauf 290 von 810, nutze Token p0Ptq7laxzItH9apgywpWBserg6ssSe0wRbyzdqH. Statuscode 200
Durchlauf 291 von 810, nutze Token l8Dr3WUD8B9xqHO8qqIkPz5RtzyF0KEAOf1xyrLL. Statuscode 200
Durchlauf 292 von 810, nutze Token IORbZBpKmJkEhtucVtlQhelMfHt2kggvMn5oE71b. Statuscode 200
Durchlauf 293 von 810, nutze Token 1rjJyEcscfIRfe5acLn6FI7aKie58hBuzWM32m4L. Statuscode 200
Durchlauf 294 von 810, nutze Token e14ctO4HWb0IvSPIw1RAyFulBq2q6OT2573KzCHh. Statuscode 200
Durchlauf 295 von 810, nutze Token i7mvRTsDWzCPRkeVZqxv8jxL7Eb4tfykSCleRo4v. Statuscode 200
Durchlauf 296 von 810, nutze Token qGd1gp0XPU0urvFcWjY66fvGEZ49YnqUSnz9FIx0. Statuscode 200
Durchlauf 297 von 810, nutze Token o4dtb5bPencVSJHOiHnPJs9zubda8DC9h8evi5oj. Statuscode 200
Durchlauf 298 von 810, nutze Token JzuO6PM0QzR3QrVLVjfIspwr88TbNY1vQWOaIQiS. Statuscode 200
Durchlauf 299 von 810, nutze Token xPqe69YL6t84bjACUCfhDnHbWYucDEaB8ydAgx0d. Statuscode 200
Durchlauf 300 von 810, nutze Token 5bNomwDzuhqKb6IAVdqjWaD1buCsuhc47ajucAN5. Statuscode 200
Durchlauf 301 von 810, nutze Token o2pKzoy2e8vLfnI1TKSgBgrjI4aiG9qzHzkwhOGN. Statuscode 200
Durchlauf 302 von 810, nutze Token Fgztg7yDraHNfDNFCu5IznCtTI5oV4v8TPG227Jm. Statuscode 200
Durchlauf 303 von 810, nutze Token yB8NUygqOWfor4A2R0RbRqZUWkLsB8iNqtxXLLmm. Statuscode 200
Durchlauf 304 von 810, nutze Token 0nu7d04OObTcQeipwoMl7yk1FBR81VTQIpCuQACB. Statuscode 200
Durchlauf 305 von 810, nutze Token akHA9cxg8QLs530RhXc4GFKlFnDItx3GyYMA7Ga2. Statuscode 200
Durchlauf 306 von 810, nutze Token 6FZEhEWLEszq7LHkOSNnNOcvmV1dGGLopvNPEgP6. Statuscode 200
Durchlauf 307 von 810, nutze Token 7mfF84wqHFesrmHXYjAyiN8sbg0TtTJhWfUKFAag. Statuscode 200
Durchlauf 308 von 810, nutze Token WxsxfQ2aFhVJfDNGNcJHbyRkB7URTGJJUwymmEfx. Statuscode 200
Durchlauf 309 von 810, nutze Token tcK1DwtdgJQePKhNhdr0sa2YuI5E0f2vK9LlFUtb. Statuscode 200
Durchlauf 310 von 810, nutze Token OIKavsPNNdCC71LwArgyPtaWJ7J3AgU4deNPw4gA. Statuscode 200
Durchlauf 311 von 810, nutze Token ecBsMUf4Nrm9wvaeWiF3MFNzgjWe5ORO3bPp1k1c. Statuscode 200
Durchlauf 312 von 810, nutze Token BvvTmjKoybRbmH2Vdh3miPwu6eqYuT8y3XV4ZOiY. Statuscode 200
Durchlauf 313 von 810, nutze Token e8CqLWZ2OWHlCW7UsWSYyB2Aa42tNYmtEggvRnI0. Statuscode 200
Durchlauf 314 von 810, nutze Token 2RKXu9N8D8nbxkju0zafwTAZxX1UaxcO2NVhQArq. Statuscode 200
Durchlauf 315 von 810, nutze Token xXcPSGPl8Qq8zidyvFEWljVjECaqKdoeqyZcA6XB. Statuscode 200
Durchlauf 316 von 810, nutze Token EMwGodPRwRqB47bsr8LeRhcyTDMBm46jDWGAaWQf. Statuscode 200
Durchlauf 317 von 810, nutze Token vLFB7Ly6rNalOYCrZnq5ZaBKHKo1v9JpCAozOxm2. Statuscode 200
Durchlauf 318 von 810, nutze Token mKYrf4WPB91ckMsE6TO57Atc9k6a7vtkg536exX7. Statuscode 200
Durchlauf 319 von 810, nutze Token RgKrCeAxSihZhacffffovjN9gYEuGQ88wWpjk2L8. Statuscode 200
Durchlauf 320 von 810, nutze Token uL38F3TzaWKPcEkFmCizzYoZGRZvxTs9oVRcLnBP. Statuscode 200
Durchlauf 321 von 810, nutze Token ovW0RkPUVq4X5jC3pFu1VXsLvrKknxVuJ2ulgjXe. Statuscode 200
Durchlauf 322 von 810, nutze Token uDJwh643X7jsTaPAfJcPuJx8P1HBkzkf89ysxgKh. Statuscode 200
Durchlauf 323 von 810, nutze Token jXBAiUT1WVGsN1swZ9lFXrmtX1Nh3ZXWmza4XAhV. Statuscode 200
Durchlauf 324 von 810, nutze Token nJBrOFvC2IlanBgDqAi7DoFNtx2O28Dyu7PmBq0a. Statuscode 200
Durchlauf 325 von 810, nutze Token 5iKWv1GNp5QPrqNn08NrU3J4GWjKAZc5zqnwNq6h. Statuscode 200
Durchlauf 326 von 810, nutze Token 6GYxYGQzrFczlNkE1RHvHiPVjAPJz5YCGyrw98Vx. Statuscode 200
Durchlauf 327 von 810, nutze Token qjKo6QHzbEF8VohUd6sgXylykUyknw8duWcioVgo. Statuscode 200
Durchlauf 328 von 810, nutze Token mBn6Hckcc3EkCJfwImYMlM7xx8mT3SJexGYZATyo. Statuscode 200
Durchlauf 329 von 810, nutze Token x2mp7pqRySW7mmyJrbDClpbnQOcj2M5o5Iz7ooBw. Statuscode 200
Durchlauf 330 von 810, nutze Token ABEb5kLzcdOalhGvw42F11ifMax7ztvF5iZAAzTP. Statuscode 200
Durchlauf 331 von 810, nutze Token o1DIgpkjHJVpYmGWpRoaYGgN9FzIlOhh9skz6WaM. Statuscode 200
Durchlauf 332 von 810, nutze Token ESColjKXHsEWSm0Y6ttqj76LxSWjpjgf0HwZQmFt. Statuscode 200
Durchlauf 333 von 810, nutze Token Bl1n5b9mPHKOqIIgEkQ2uxus7Sg5FRLvgIsuYF6b. Statuscode 200
Durchlauf 334 von 810, nutze Token 0g9kuPYLhlekdrBztAJnl09Xe0IZNPlChtHScnit. Statuscode 200
Durchlauf 335 von 810, nutze Token FiummJatkNER7NxUlSG6T5kHuqtMxdgoQ1hAWuPV. Statuscode 200
Durchlauf 336 von 810, nutze Token 73TNOwsecX6z9bOrI8btkNfsuuiybe3QVwI1lZFD. Statuscode 200
Durchlauf 337 von 810, nutze Token FWCWHqKH8YdxrxzClYTqQGPQxVBRHzszS0xDXvDi. Statuscode 200
Durchlauf 338 von 810, nutze Token Evgd3AZVZL9Xj7TA5kMTRvsBy6Yq1QTgyfzFFwRt. Statuscode 200
Durchlauf 339 von 810, nutze Token nd296ACnrgdcD8pVFKPz889p00IVYqePdhNyEawC. Statuscode 200
Durchlauf 340 von 810, nutze Token ErczbsFUgRNt4iUC6WdsD20MiskNxtVob2OyQRqI. Statuscode 200
Durchlauf 341 von 810, nutze Token htWEBOwEqNt955ieFMKHCXiLKWWhvAYOMfNUI22h. Statuscode 200
Durchlauf 342 von 810, nutze Token Ri8kGf4hzAGsLqSZi0zndzsBQTD28GxrUJyCbqgT. Statuscode 200
Durchlauf 343 von 810, nutze Token Nbj5nBHDnj6tAPaFUeUVTAx6J4wu6lrL6wzfOrjH. Statuscode 200
Durchlauf 344 von 810, nutze Token xUgPE6J3PrIC5DSpjsIWVGrGMAynRwqD5RxU2hRU. Statuscode 200
Durchlauf 345 von 810, nutze Token 8coUYnyotw2Ty7BP7UjLYoy2pxITx2ufTx8ItoSY. Statuscode 200
Durchlauf 346 von 810, nutze Token 0stdc89tKkS3rqWNnBmmSJaZSTnuvBFGQZ36WcoK. Statuscode 200
Durchlauf 347 von 810, nutze Token 4VTEP8WV3LqjEt5zGNhdzbcdTVi5zAVn3c5VZH84. Statuscode 200
Durchlauf 348 von 810, nutze Token X3y2ekKcB9xkYFcZNzbMmZ7Zuclk7dwXrtvrNRML. Statuscode 200
Durchlauf 349 von 810, nutze Token LHz5gtQM5Ug7WWjX9vYwXMKvLKWyuqEdmHY3hVjX. Statuscode 200
Durchlauf 350 von 810, nutze Token ocGFMUuai5SvNiMGzSJJWKq2fo31v66gI9Wm5Cam. Statuscode 200
Durchlauf 351 von 810, nutze Token kmWfrpaEDx54S2DEB0fP7H2eH6dePkYD2ww2MOZZ. Statuscode 200
Durchlauf 352 von 810, nutze Token 7T6Jkqxyukusnt3TjyzTHuV8fO6N1UrK5acFryQ6. Statuscode 200
Durchlauf 353 von 810, nutze Token 0V90NZlFmGQYK7mVjgOSpHHK0yVzOc6Gz7xzqnZJ. Statuscode 200
Durchlauf 354 von 810, nutze Token HjTuCineNVoEmY0twDCQtpahylvaOK9mHklmZSuL. Statuscode 200
Durchlauf 355 von 810, nutze Token 4QLt5Lu85F2VxQ048uD214x66r7D6BoMcq8v7Gam. Statuscode 200
Durchlauf 356 von 810, nutze Token IiP93RihpDLTYkkoXqp1A6BOO3HSQJKzblVZrl44. Statuscode 200
Durchlauf 357 von 810, nutze Token nzTyru5KnWMsjTH1doIIvmORSDqwnYrn2HkbHdAo. Statuscode 200
Durchlauf 358 von 810, nutze Token NZDHNfj41q2dWShUcwyWjopTsrGi2nIO7kQmiPx2. Statuscode 200
Durchlauf 359 von 810, nutze Token YI0DgNi2Z2PX1SkT6HOd5YV6mPrc59O5ref7vQVz. Statuscode 200
Durchlauf 360 von 810, nutze Token UM9ZP1cF5W6xlEkNs1Fxq8k0nU4sSyPepmFQ2KiG. Statuscode 200
Durchlauf 361 von 810, nutze Token IkLNxctwXtvWjfPpNbzkvO2LArM2gWw9IRmr9kBl. Statuscode 200
Durchlauf 362 von 810, nutze Token KUTqjzX9i1hFxAUZ4nSvG0D33WXHyYQmg88waQ7F. Statuscode 200
Durchlauf 363 von 810, nutze Token YnIaUM8nEFMt376YnoPxdVp4i3lPprfslPBHjPaV. Statuscode 200
Durchlauf 364 von 810, nutze Token ysDJJdSE17fHcLCNe0UDGAZYaWcp8YmBkKqvsTIS. Statuscode 200
Durchlauf 365 von 810, nutze Token oakl206Cbddsx4C47P6Ui4XfRlO0DXjOEXAb8RZH. Statuscode 200
Durchlauf 366 von 810, nutze Token R48RAqJtADUNEE02ReD0mOhNAtGoNR5yBwJJHWDc. Statuscode 200
Durchlauf 367 von 810, nutze Token 5TXvbpH6qWSepRh24B8Y61ffTnXdbC47064GoSfL. Statuscode 200
Durchlauf 368 von 810, nutze Token imGp7VGJF6724xMJlRbhZFQkPiEr1om3uAz1ezdq. Statuscode 200
Durchlauf 369 von 810, nutze Token EwoKelC9fl1hDjGWdPbtAHBY5HkMJQ80Nmlgs2mv. Statuscode 200
Durchlauf 370 von 810, nutze Token J1yzl3Dyrt9jf23IjdhbxMuFdI0RkJ6KKMnbaOK7. Statuscode 200
Durchlauf 371 von 810, nutze Token 3lYC3tgFr9hgGRBRSMbMhMnjVXyQ1alg2peQS3FV. Statuscode 200
Durchlauf 372 von 810, nutze Token kueUM04Ds8dYm9IThaUhJyeohXF3dMqaB8foJHLa. Statuscode 200
Durchlauf 373 von 810, nutze Token uxfUwfgCFSg6MZYRWGHhNMbB5abA1GRxoKELmjcc. Statuscode 200
Durchlauf 374 von 810, nutze Token kkb1IKealHEBkndrd0zBFglvRAI9LmAYTCIE8cyP. Statuscode 200
Durchlauf 375 von 810, nutze Token 3LnuZTPTcx9tSZvIiMdO8z9jlnpvMBEGvmOrg1Ta. Statuscode 200
Durchlauf 376 von 810, nutze Token zWNxbAtkdOBGt2EYKAkas8kN4CBLBj961Tw8UVs5. Statuscode 200
Durchlauf 377 von 810, nutze Token wdyOQ7wySv5R4WQLv5IyFjCBCe99LbFX57KxFmWs. Statuscode 200
Durchlauf 378 von 810, nutze Token S6XcsGzNqXj9a14hgM7iHECqBv5sEUi0XMyGaeXU. Statuscode 200
Durchlauf 379 von 810, nutze Token sPqoEGplmeum0aqEXlF86qRpeeRSi320ZagXnr7Z. Statuscode 200
Durchlauf 380 von 810, nutze Token tAmKFRIhhxfBhMgC2cFH35t0lX1InEn8pZ30z1oA. Statuscode 200
Durchlauf 381 von 810, nutze Token Uzs1Ye4Wj7F18YCElXyNVXAoF7VRW3R58ZGAGzn8. Statuscode 200
Durchlauf 382 von 810, nutze Token INpJMLTE0eWeEb8zEsp46Pl55mag1D6FzQG8cTub. Statuscode 200
Durchlauf 383 von 810, nutze Token mgHWgaxSvURi3xJ9cATE3FdYYXnKp72pWr6Fr5Ql. Statuscode 200
Durchlauf 384 von 810, nutze Token 1VjWrAkutUnkgsQq3MS3DZBWFo7lHHN8DkocXIQH. Statuscode 200
Durchlauf 385 von 810, nutze Token oXgbOUD6AvqDVzC3GT9jFGunhv6mCumJdZqpAp3n. Statuscode 200
Durchlauf 386 von 810, nutze Token zrFBHkf1uH34VhFDG0A6VmBTDYMjqNGB8Fo4Q7kk. Statuscode 200
Durchlauf 387 von 810, nutze Token TY6Df5zi0OvNEsoNQ7k8ERR5UBIKZ3HltHn2hGbj. Statuscode 200
Durchlauf 388 von 810, nutze Token 2zAPg4OzEmIaYN9xsNyTOclPwI9r6q7ng8xorkKN. Statuscode 200
Durchlauf 389 von 810, nutze Token f4yV1EcQKcuHGo4QngowoVIt1qqPL24cayRzUGnv. Statuscode 200
Durchlauf 390 von 810, nutze Token S5QCbbz3djeIahROomV8o4C8JbM3X13nMndkwan8. Statuscode 200
Durchlauf 391 von 810, nutze Token YO4nVNCpli7zbvbkAtPGuUSkuYlNazUKEwzuRqjw. Statuscode 200
Durchlauf 392 von 810, nutze Token LU6dVk6IrF2mMzV4duVWe68FeTg4Y3BgZhFwABQ8. Statuscode 200
Durchlauf 393 von 810, nutze Token xA9nuy8bGJQAghMhc3CD3KE1ePIHqzXLY8vA8xrW. Statuscode 200
Durchlauf 394 von 810, nutze Token NLZLP0ghoLrr7lsdBxFSozorLbdTi2iUdh20KesS. Statuscode 200
Durchlauf 395 von 810, nutze Token mnUlSKl6Ix9LBMbArtFjhzWly9fBeQPRXXq8akJt. Statuscode 200
Durchlauf 396 von 810, nutze Token SVJemzeXXdlOebjmJGZx680ozwKGNlZiSmVueOx3. Statuscode 200
Durchlauf 397 von 810, nutze Token 5RqH3RoKfTqvwq69PxtGdU0kNjLq4IAcYBfBnYZe. Statuscode 200
Durchlauf 398 von 810, nutze Token hn7yNma4xXEhXvyzG3JMRdMadnp4ENBy1s25yT6J. Statuscode 200
Durchlauf 399 von 810, nutze Token JF8PWg6lMnMuu0Np4d9URBvIHYBnxUiMZtYLQWMG. Statuscode 200
Durchlauf 400 von 810, nutze Token hSXPDu4ySbVBxH5f4zjoe68gyOtsWeKfU9ZLLhp8. Statuscode 200
Durchlauf 401 von 810, nutze Token 57gMsJ5zm9wHKFD5TAo8z59zThpoLCCj7FmMdrGe. Statuscode 200
Durchlauf 402 von 810, nutze Token LLyJ57Z9ux1JZjvG5bIseUqV6XwdcdCnv5SHkkEr. Statuscode 200
Durchlauf 403 von 810, nutze Token Auho2QK9FjL7wukCPhKNWUzqiVaqK0oV7dKTYxqP. Statuscode 200
Durchlauf 404 von 810, nutze Token 1Bq0EU4A5dYQaJ3wLnzzspLLnRVDit98YpdjUW4u. Statuscode 200
Durchlauf 405 von 810, nutze Token JanEbSy2u8uVU4ca3uySyc1XIrFhYsz89Vel7cxs. Statuscode 200
Durchlauf 406 von 810, nutze Token raTagmUzRVCFFOZ81WEBegl6MgLelKQDHw8XZIc9. Statuscode 200
Durchlauf 407 von 810, nutze Token ysEd4ro7cv6IXiHxTsiaKmtru1iR13qOFlwYqK0q. Statuscode 200
Durchlauf 408 von 810, nutze Token ZMvdMVdrEnTPZbRi9YkvdnvBUethft309xZcNyYV. Statuscode 200
Durchlauf 409 von 810, nutze Token dqjsbWKA6Sarix32lSc0GkZPStX14vTZNAdVN3uZ. Statuscode 200
Durchlauf 410 von 810, nutze Token PcnrBPkBRdrdBZQ8Znuh2Lrbx5MfQX44SDoef2KW. Statuscode 200
Durchlauf 411 von 810, nutze Token ZdepUD5M5pHW5E5PzlOTSkRO17pLPQRk1W4mcsZc. Statuscode 200
Durchlauf 412 von 810, nutze Token TXviWgP74yHFY97nr7oRtp1VtvUrSoBgAOxiMNN8. Statuscode 200
Durchlauf 413 von 810, nutze Token kGA1pvInmXcVCQitCxXk421yWOfTzsAEpKjcK0eO. Statuscode 200
Durchlauf 414 von 810, nutze Token O3u9ByfI9orVg2mn52LwwSYEp8Qee07JGtRwLCyL. Statuscode 200
Durchlauf 415 von 810, nutze Token pmdh6rr18BG8cNTRhqxcpYDtribgtK4efZf2S1Ti. Statuscode 200
Durchlauf 416 von 810, nutze Token Uwsyqslc63W2t3IesocIRK0QWw4NxDONe1zjzFAb. Statuscode 200
Durchlauf 417 von 810, nutze Token FRKTUiW2sp3Jak95BzqMXgCTPRyyUEWcXJwLoMh2. Statuscode 200
Durchlauf 418 von 810, nutze Token S6jAJALK0LECqMvtmptoj2cpSfboORKcDlkuwz7E. Statuscode 200
Durchlauf 419 von 810, nutze Token AYFAkJMMDZpspG10OGTz9pJMpLPXm5utwanUOaNZ. Statuscode 200
Durchlauf 420 von 810, nutze Token xyXWN56y06JVPK72PQPPVF5dNXvCXM599cjJlJr5. Statuscode 200
Durchlauf 421 von 810, nutze Token sik5LWY1rK8b8kdvM8GZy8Fl7OVE7iwnrx4Ps79u. Statuscode 200
Durchlauf 422 von 810, nutze Token KMlqiWvdWMTuvEwNKJy8d3OQE4K8f7YQUrJPwEmP. Statuscode 200
Durchlauf 423 von 810, nutze Token iRHrdpaJUPqHIzE6R7hu8KAAILIKqiHt5ykBVMQl. Statuscode 200
Durchlauf 424 von 810, nutze Token VvhvqzFaTpRCGzQdZ3Kde7HVSiCu5AJ8hONRalfP. Statuscode 200
Durchlauf 425 von 810, nutze Token 1BSxO7rPx9malQinJufRl0LGctZZwquW5lcsvaxz. Statuscode 200
Durchlauf 426 von 810, nutze Token 7hVhDDP7QBs1CSCl9zwGZFWTmskkAMW5r3uQqQQj. Statuscode 200
Durchlauf 427 von 810, nutze Token tUOa32a2NjdQ6QFfSzDgvppkZ4DutVQ7gKL6Xuax. Statuscode 200
Durchlauf 428 von 810, nutze Token n0F1KCEzYQu7k000NrLFNuC4ztYmoQfeysC3bERw. Statuscode 200
Durchlauf 429 von 810, nutze Token FreNxIKERxp9UNqcJzeoa15lbjZI23LEAFMWSlMa. Statuscode 200
Durchlauf 430 von 810, nutze Token ZNTf6xbSrDwowuNtZ58GlbChdzfo7t3iPrhiK8tR. Statuscode 200
Durchlauf 431 von 810, nutze Token TrI0hhYor1ZmzlIwzfmvYeMBetxvI2oGBZWzGNlK. Statuscode 200
Durchlauf 432 von 810, nutze Token XDScoim5lMTQqOw1Xz82YzPw48xCaLt9HyvWPzfl. Statuscode 200
Durchlauf 433 von 810, nutze Token Yn8zDhXuiwV1H1HU6rCY4rqVjPTWXr7xcMMhTWv1. Statuscode 200
Durchlauf 434 von 810, nutze Token GLtIL2utBRqvbNq0izdpyoDbvh7A120qaLSm65lZ. Statuscode 200
Durchlauf 435 von 810, nutze Token LYiqORFBESQZCFi4ABMdEWonDB4vE7TUr0FEiNmB. Statuscode 200
Durchlauf 436 von 810, nutze Token 153SQF9ZDV0MlUWoCvwTy8RCbzyDGjhFEBHjD7mw. Statuscode 200
Durchlauf 437 von 810, nutze Token bQ0aIMqgzxGYD8SnqKvh7iOkCb0fD1IoB6bE1jbl. Statuscode 200
Durchlauf 438 von 810, nutze Token kZyNXX5xTfEtTKoAgso3DSDfrrVD2esPeP9eIBuV. Statuscode 200
Durchlauf 439 von 810, nutze Token Jv7Hkj3Lhr4UepxKrbmL4uKZI1k5ibewYosf6M8n. Statuscode 200
Durchlauf 440 von 810, nutze Token s4RsSNVrVc6chqQcvG5QDrrzfW8pNeYEKqAr3cd7. Statuscode 200
Durchlauf 441 von 810, nutze Token T1p33danCxdG0jcFEjRpAXTsKjaRIjdwPAW9nBaF. Statuscode 200
Durchlauf 442 von 810, nutze Token A9up8tLaOI0X7JjOfpNAGsH2h8HS1R38H4aQK7VC. Statuscode 200
Durchlauf 443 von 810, nutze Token BEaUGKOOIMiuvnbGUJchfZdMOB7iCtICMjV6OP9e. Statuscode 200
Durchlauf 444 von 810, nutze Token BNNXkv2jcaHq9YhGISLC2SGhvJ8dh4zAQwi1h4Ak. Statuscode 200
Durchlauf 445 von 810, nutze Token H29u0O0CGKBvlrY1uRi7l2wI29FcXpo6uSACGi1C. Statuscode 200
Durchlauf 446 von 810, nutze Token O9gwYTeE0eHSvGu5zQStYw9kj5TWsOY928MGFr7U. Statuscode 200
Durchlauf 447 von 810, nutze Token Fq2DjP4usn9rjnw4fNcQa11eOS3xoFV2pHVwhOHz. Statuscode 200
Durchlauf 448 von 810, nutze Token kuc5zjqtWRbARv9VvnnGNQEDXFuMK0fQg8gpf6oy. Statuscode 200
Durchlauf 449 von 810, nutze Token FlFFyxquooYluYzV6YSF6qTw5KVaJ3L3fHa5HLKA. Statuscode 200
Durchlauf 450 von 810, nutze Token WsEY6RgU628Te9MzuFnzLlvXtS3jG9ZcEH9cXWtX. Statuscode 200
Durchlauf 451 von 810, nutze Token 5l7OezbvQ1LM7nOqegQVC476c5wzl928qHK7l6JJ. Statuscode 200
Durchlauf 452 von 810, nutze Token 3F90LlTOwfECM4i3ryzJrKXT0f85utzRwTZfqMQ4. Statuscode 200
Durchlauf 453 von 810, nutze Token wiOXzAtv2s1ujlbfX2x19QHD0pKxhsH7zbh1kPzq. Statuscode 200
Durchlauf 454 von 810, nutze Token 8twCsKoOGLHmHxH2okmHa8Lnbkb6rw6yTuCsbegc. Statuscode 200
Durchlauf 455 von 810, nutze Token hfrIgcOOU0nCmcM5MSG2uwvoPv3NwIjDrY4hMUct. Statuscode 200
Durchlauf 456 von 810, nutze Token w38DDKhZ7WJ4lIcYKUeQve1qWxQHb6iBZOKjo58d. Statuscode 200
Durchlauf 457 von 810, nutze Token 3uaTRJrQ6zNDVinpAHmMpmvNZuFhhJ5KQ7MhjQ9Z. Statuscode 200
Durchlauf 458 von 810, nutze Token MvKFM1znYUfvw9jFoim9sh1KA6bORpGcYA98HZKm. Statuscode 200
Durchlauf 459 von 810, nutze Token p6gwEcszYg2oecR2rpz8d89zIpvzvreDONRFk5qH. Statuscode 200
Durchlauf 460 von 810, nutze Token DruQealxP6WGwqvvd98kxMG3HzuDtfvAkGLqygay. Statuscode 200
Durchlauf 461 von 810, nutze Token va4AUaJv8hzDBK8KXKEsaRpa9BduI4K9amiS8D1I. Statuscode 200
Durchlauf 462 von 810, nutze Token QRdQcmT8qm1dxHyLERpTBiaJIm1jc2G8pmIyjY3E. Statuscode 200
Durchlauf 463 von 810, nutze Token yU8CDQOyJGpL4WdM23mY9Ld9tSsdlC8jK6DisUBe. Statuscode 200
Durchlauf 464 von 810, nutze Token OTKH8QK3K8CudKjMaeYFopqx06tlgea0BjuLURZq. Statuscode 200
Durchlauf 465 von 810, nutze Token suJrc63Iys1cikMjYhXFrwKl8GCYyyKSFj35cAhr. Statuscode 200
Durchlauf 466 von 810, nutze Token 5U3IKuKHYWvfrsLvWSLo3JwT5zKbNMNhok0fV7Bb. Statuscode 200
Durchlauf 467 von 810, nutze Token uhowJ82i0fbywYMtM6NOhhGveEMssopAfPBsen15. Statuscode 200
Durchlauf 468 von 810, nutze Token wfpYNCmZi2cnKCnhF0bKFJ1CMYsNLahIJVfWHNWn. Statuscode 200
Durchlauf 469 von 810, nutze Token pUZ4nmc5g1GVywQ0m3L2WEWdSMUipwunvvCiznLz. Statuscode 200
Durchlauf 470 von 810, nutze Token dgk0NMH8fo3Bq2V9GDt7emW7TQ9p6NATOdmAC0nF. Statuscode 200
Durchlauf 471 von 810, nutze Token 2N4Ee9H50fYshG7xLpB7rtsjXDhwYCBQRAxIKw70. Statuscode 200
Durchlauf 472 von 810, nutze Token VH408xaIuXJiTSovqu7UvALBMRHcKQfcJYjnVti3. Statuscode 200
Durchlauf 473 von 810, nutze Token IPqYIqx6oIDK0k4cLw9VyPam0PU5ai4rmJeRrRdz. Statuscode 200
Durchlauf 474 von 810, nutze Token XeXkBvEUbjdBOE8IuQ5liC70RX57RQtQt0NxbjuU. Statuscode 200
Durchlauf 475 von 810, nutze Token My7BxXazb9UCpybkqPRIVnDtItOlznKK3qPqcdJy. Statuscode 200
Durchlauf 476 von 810, nutze Token 0dvKaW7uf8YwiUhJSjXDw1iZeiqDbjp19BQ8Db6g. Statuscode 200
Durchlauf 477 von 810, nutze Token IkW1UVQO1ZKOSpLUDAe1bgXk4jSsS9mQKLPB5j9x. Statuscode 200
Durchlauf 478 von 810, nutze Token c3K6pgEQAjikXeU9bGmZ82dVKI6g7ZeKTXzMeY4t. Statuscode 200
Durchlauf 479 von 810, nutze Token vqlvyclsw2o70at44hOnFHXGrESRKRYyCg9DLHWJ. Statuscode 200
Durchlauf 480 von 810, nutze Token ugmhBfMEm9Ssjgl6gKSPw2L3QaaXZuwG9qJfhu42. Statuscode 200
Durchlauf 481 von 810, nutze Token oeZmYK6AAkGWQMnsgQQPI9qJE7jyK46sQ7RbRRuh. Statuscode 200
Durchlauf 482 von 810, nutze Token kyiruMNqKYH1QttGVEqaYrRNCOKTqH2lW8R8jAOQ. Statuscode 200
Durchlauf 483 von 810, nutze Token bTvICj2D9AjBX4drexl1n3VLB2KZBmnSU0ldHhiZ. Statuscode 200
Durchlauf 484 von 810, nutze Token IPNLE45H7rplTn8b613uV4zWNtRgjwZldC5CdyZz. Statuscode 200
Durchlauf 485 von 810, nutze Token VRTM4UqE5dlIZI1qvv2OyQ5eG42Tg1yyaCptVACR. Statuscode 200
Durchlauf 486 von 810, nutze Token 669wjhH3NTpqOPo9geL3NuLV3eWwcsJH8I5OubFR. Statuscode 200
Durchlauf 487 von 810, nutze Token 2VJhMLcYZFdirMrAeLpiSBAbRnsUbL5uRrYF3Wuq. Statuscode 200
Durchlauf 488 von 810, nutze Token fb05ONQHwBbJA3eJnfqP8p15EBHnNlogULv1y5tr. Statuscode 200
Durchlauf 489 von 810, nutze Token cQtCrWl3J6o9k4vVZC4SQ4EQEgdRmD6A6P1dKuwo. Statuscode 200
Durchlauf 490 von 810, nutze Token BCutDn0gEZy1RZ9uh0Xb6KsRSbfq62mAH5jLW9ee. Statuscode 200
Durchlauf 491 von 810, nutze Token 72Sh6hwJbZbYoPAgOKh3HAIbHgFOObuSDLVh8l6D. Statuscode 200
Durchlauf 492 von 810, nutze Token rtPHkU9bzIDrI3rxCozv06Acv3er1NfJO4W9svY7. Statuscode 200
Durchlauf 493 von 810, nutze Token W6YWNvw71efTtLKhhy5PVJ6TmrL67MAZgVP0FTPq. Statuscode 200
Durchlauf 494 von 810, nutze Token XoUDHoLZ8X0gpfWyOA796RagbwDh5lDC4WyLxhEx. Statuscode 200
Durchlauf 495 von 810, nutze Token hFLiNsL5pzdnTPAHYsgYLmKiTOuTVKR0GLUbmj1W. Statuscode 200
Durchlauf 496 von 810, nutze Token J92AVoYLxXWTlg9slOoWCrKOrzB9YatE6ocTwHzn. Statuscode 200
Durchlauf 497 von 810, nutze Token 4LLaURvSq6RkS09C4Dw4R7RIasmhfYB1Rh9H1zrD. Statuscode 200
Durchlauf 498 von 810, nutze Token a4BfOrP9DXZwuKsVgOib5xlSiqAHHrfWuLs73aHJ. Statuscode 200
Durchlauf 499 von 810, nutze Token BCPI00N8INwqIyz4TB2a6WdWdNpcckNtNjUpEfKM. Statuscode 200
Durchlauf 500 von 810, nutze Token jQ81hyTkcJAzCszGsQtWYhJNNYZY2l4hljztP9Bn. Statuscode 200
Durchlauf 501 von 810, nutze Token VPCzuDZ9H9qYkmbJQfNKD9k6CtMGDOtCGVpsB2bG. Statuscode 200
Durchlauf 502 von 810, nutze Token FjrHygZ2cT0XA5OnhqYWJDLdbreDVGql43z2eAdw. Statuscode 200
Durchlauf 503 von 810, nutze Token 8JbqWdHunPCwIBOzEhe7cWkuP6eO2hNy74TFVY4l. Statuscode 200
Durchlauf 504 von 810, nutze Token aguUPg1EtLfjpdIS8osAs1OqBAqSPYAKyaqNHuSw. Statuscode 200
Durchlauf 505 von 810, nutze Token OEwuVleStHTXFhrrVWAoIoQsk9lwEnlEJYjr9Jb6. Statuscode 200
Durchlauf 506 von 810, nutze Token wDTaerqfNuyvBsS1onG3trE7rdLVoDl9OyQpWvRF. Statuscode 200
Durchlauf 507 von 810, nutze Token t4oahgr2TvArsyMfUS5t1NZkEqRM6PHZwr4jEzy1. Statuscode 200
Durchlauf 508 von 810, nutze Token zX8Yoc2dLW7Nxn4IuurDWbwUBdcQJlW9ajgM8mgl. Statuscode 200
Durchlauf 509 von 810, nutze Token UsJ19UJf7OeJUS2lZ3dTMQRcXFawcS5P1NKrhHpZ. Statuscode 200
Durchlauf 510 von 810, nutze Token ATfJjyQK53WZoimCsWO5wHJ6TTGRqs2AeokJLky7. Statuscode 200
Durchlauf 511 von 810, nutze Token UP2EbhWH2CkbfJ3eIkZOsBbg8xhB9PZGwoqx304l. Statuscode 200
Durchlauf 512 von 810, nutze Token RUOUFfJcz79FF8Uz5Vd3iSjUnUDXr9Z5Ie3V5D7b. Statuscode 200
Durchlauf 513 von 810, nutze Token fud2HfWAGjMkobvx0Hk8XSNbd8b2MoCAZnCRlyMp. Statuscode 200
Durchlauf 514 von 810, nutze Token IfmKCFlhdxgB1sRTycB5yC6Nw8WVBD5TcQbbY3NQ. Statuscode 200
Durchlauf 515 von 810, nutze Token Qm4zWY9H7FF2FfC6hHPq4ql1aNogeLAmY8o3pclC. Statuscode 200
Durchlauf 516 von 810, nutze Token bTYNVMlXARnZ2imaWLUjqRV8xalsMgLYjUq3rCR0. Statuscode 200
Durchlauf 517 von 810, nutze Token 8vpfg8stFkVoh8CEWjGso6wqBkJtznH9DhYhSjCa. Statuscode 200
Durchlauf 518 von 810, nutze Token RUStn0pJQxxP37eA8gh0Zo0vovGQf33Ny2VeEnIT. Statuscode 200
Durchlauf 519 von 810, nutze Token 8h8y611itWTecaPPk0ya45rm2O4LEHGcjQTocrXq. Statuscode 200
Durchlauf 520 von 810, nutze Token 7oFat6k59plfOx6JCNmtx5NRxnPusztzB6EsPijG. Statuscode 200
Durchlauf 521 von 810, nutze Token pPBcroKOxckOnN17GqGA07JONBIqAqPlodAOvbZt. Statuscode 200
Durchlauf 522 von 810, nutze Token q61jRAQ0aaMPDRHWgw3DGogvKEKjxHfLPyW77rsa. Statuscode 200
Durchlauf 523 von 810, nutze Token c0ztcZRggoByyGknOJuvTMsekniBGL2mrfypkO56. Statuscode 200
Durchlauf 524 von 810, nutze Token RkqeqLiRxgu0XVqIzsqzH5hZMDKq69mjU6aCOMED. Statuscode 200
Durchlauf 525 von 810, nutze Token fAr7wVxkI6RtIS0i2NSQ2TK8JkONUh5whLGAoHWe. Statuscode 200
Durchlauf 526 von 810, nutze Token 66DjrV2sPdxkUyxGHxHxejeCVwjLiUXxbEKILhG3. Statuscode 200
Durchlauf 527 von 810, nutze Token g2zX02hYELO8UJELDHIJ2ZEaY4E7TFmnFcBVNfTt. Statuscode 200
Durchlauf 528 von 810, nutze Token RyKjtuIOGGWWr80N2nOur6EI5Xt0pVi2tpeOuYYE. Statuscode 200
Durchlauf 529 von 810, nutze Token ljKx3vltV7APXdQrgY5YuP1xRlehH3ezfFdNGwcf. Statuscode 200
Durchlauf 530 von 810, nutze Token oPwBHxchFD6uqKoNeglgG9tZdIdhekGzd6wVD4EU. Statuscode 200
Durchlauf 531 von 810, nutze Token GVdUlSyUecCcHyjIDPiLYnhN35o0K4xdAK9xR2ff. Statuscode 200
Durchlauf 532 von 810, nutze Token va58Sml1iOI6QsVzkWOyMdCgSVXTDtglD3xdXPbr. Statuscode 200
Durchlauf 533 von 810, nutze Token sVBX36jSK6euE0cKYL5Y6wWkd9ugdSn1q7AClYBX. Statuscode 200
Durchlauf 534 von 810, nutze Token gSUzS6oOiZMYDzcGnq2bU7SF2bE9f3DoTwXRdZUR. Statuscode 200
Durchlauf 535 von 810, nutze Token ewCAa5ApxasY15uCOuU9wAYi6Lo8ITpLpaQJwlIv. Statuscode 200
Durchlauf 536 von 810, nutze Token J3vrEGtWvMxHiECfUVZxvljoAW7xaN00QAqIZDJX. Statuscode 200
Durchlauf 537 von 810, nutze Token y4skS0NnsE2Jh0l7n08HZAB4b1z8Qr8E83u7E1ST. Statuscode 200
Durchlauf 538 von 810, nutze Token o18PVZd49eGQ0y1CPn26Cj7kAyOC8ndwZN1ceVfS. Statuscode 200
Durchlauf 539 von 810, nutze Token sMrX8Eu4CtkmKVaVGUIt9nPfmmiA7N08XN4p0Td0. Statuscode 200
Durchlauf 540 von 810, nutze Token mR150NPpcCA5SAmgsW53qgMMohVebsZREB6LgnUO. Statuscode 200
Durchlauf 541 von 810, nutze Token M595LxCHf29Tove9NsyGP7i1YmcdSvYyTRKVrgLP. Statuscode 200
Durchlauf 542 von 810, nutze Token PbDjagFvYaVkyyvAv6XZ3W3GdC7bXis3t2aCvcL5. Statuscode 200
Durchlauf 543 von 810, nutze Token MoOiP7rdXwb2xUAHQscLGIw8EZP7DmAalCHUokQQ. Statuscode 200
Durchlauf 544 von 810, nutze Token k7pAizzCu4I47VEXKvdO9Kg3of3eGuroyoLa0CED. Statuscode 200
Durchlauf 545 von 810, nutze Token vr1bBJTEXnmtRsSKtODEohVjlQYDcBvq00byfTzw. Statuscode 200
Durchlauf 546 von 810, nutze Token NU5BgwVM2UPHEUMj2xBVV73GMS485ceLcTAuu11t. Statuscode 200
Durchlauf 547 von 810, nutze Token USMR9LT9LB1NLNuDA5mBx85yZkO1q9nk2AXgc4W4. Statuscode 200
Durchlauf 548 von 810, nutze Token 6102Xb7PgiDrwjkqMrvb4KzDEJSZx7iVSrYHP6EG. Statuscode 200
Durchlauf 549 von 810, nutze Token dMmLAHRxvpIUoHZQnclSOeOnlPU9AOM47vJePg2l. Statuscode 200
Durchlauf 550 von 810, nutze Token 7ELIlB7A5OGGF7vO5n5EUw4bdSvdee8OOmSqUX0g. Statuscode 200
Durchlauf 551 von 810, nutze Token yPbBNR73USzCigRRfNaGaKSOoYdbRwgt2ioWPk8v. Statuscode 200
Durchlauf 552 von 810, nutze Token 8XZCrOetZ8VGYDLUagxAOfTePcTaODE2YbKJkUQP. Statuscode 200
Durchlauf 553 von 810, nutze Token HLlBfo9G0sM7xJwedmoF8oIbLhzNTvWeIHO814DY. Statuscode 200
Durchlauf 554 von 810, nutze Token Bx124KSlNyspmdxj0sSWZdWociLgymgwrQZO71UN. Statuscode 200
Durchlauf 555 von 810, nutze Token 4A7V1InG5foQBAm5BhTdKL737zzRDOfbLl0Hocuz. Statuscode 200
Durchlauf 556 von 810, nutze Token 5qlA7ETkhwPgYKFIaX7uba0wYjWG3TBkWvs1CgLz. Statuscode 200
Durchlauf 557 von 810, nutze Token Yilnaz6VKHgUkvXii59sFphKkOMvPVpzhEREaswN. Statuscode 200
Durchlauf 558 von 810, nutze Token DjPAY0uHEH65vpQSB1gTQ9QSM1I9yHJINr463tVX. Statuscode 200
Durchlauf 559 von 810, nutze Token wE3dSuv2ohS2U49GwkAATR8zqMD6B8kLOjnqlOgv. Statuscode 200
Durchlauf 560 von 810, nutze Token msvBvC0bEMzj9qpgs0oSvRwgH0Pe1jfjC7yJWnml. Statuscode 200
Durchlauf 561 von 810, nutze Token iAptpir7t7DRjevGBCrFXEOhhAX0gImtX1NvNPF8. Statuscode 200
Durchlauf 562 von 810, nutze Token vWjwP71NOksJvkF0mmmPKlNBEBFviccQuiyvUzXs. Statuscode 200
Durchlauf 563 von 810, nutze Token 808bG61cxFGuu9ay0ZlkewRjf91mJ3lKYVeMKMzl. Statuscode 200
Durchlauf 564 von 810, nutze Token 5wwYMBZ39xekDb7BciGMo9IEFFNNqnYkZv83qZFg. Statuscode 200
Durchlauf 565 von 810, nutze Token V8SpZfYdcn8yHuIjgwv2CCdhAZdJaKHyAnnJYPvZ. Statuscode 200
Durchlauf 566 von 810, nutze Token J1FnUoo1VhpheImzqDLbD46AKaY5I5ljUerlelRP. Statuscode 200
Durchlauf 567 von 810, nutze Token d6AKusKw9yrqni6qakkeB4G7rh4CH5LnNngXi6RK. Statuscode 200
Durchlauf 568 von 810, nutze Token zXirNqnfCsWw7OARO7GGBnOYNVvYmjQnWIt3I52V. Statuscode 200
Durchlauf 569 von 810, nutze Token 2MLN8zOsVnnG2iZqJQqUhWd4QLCu2DBFg3l4mPRz. Statuscode 200
Durchlauf 570 von 810, nutze Token 0Blvg3G6zrx4XVAoxdU0yNWxz1GQwPQDz56VZ013. Statuscode 200
Durchlauf 571 von 810, nutze Token ZU1YuTf6ZrSB2LTT9UriiVYxu2v7wyxaMXVsqtRv. Statuscode 200
Durchlauf 572 von 810, nutze Token lkzOa7mYiBKT8jnWD3LuPqWTF0y8Zs3vtLfAk2zq. Statuscode 200
Durchlauf 573 von 810, nutze Token gd6pfOH77WzQjcHaUTIcYYN4WY3I9IJg0yizAidB. Statuscode 200
Durchlauf 574 von 810, nutze Token P9uS0UIQkK3tEafFugf2LjTYaN8ikQSzp78YSuPM. Statuscode 200
Durchlauf 575 von 810, nutze Token bQxCqCFFv4cohE4Qoe9Dcp8vyltqXXoqBR123k0z. Statuscode 200
Durchlauf 576 von 810, nutze Token hmVwKSqbwduQO7KTcwZ1f7uA93NAALBbzZwgJmkg. Statuscode 200
Durchlauf 577 von 810, nutze Token ncgTJiQPiBiU9gGZc9UsUhTrgbhhlKQyu1RDnDh3. Statuscode 200
Durchlauf 578 von 810, nutze Token t4JHScjS80q4FOSRoC7Hip8MwCQu9N4i2zYtH1gE. Statuscode 200
Durchlauf 579 von 810, nutze Token uQQbXSDfSjQVM9owwUWpBa4o9HxlLt2gEQ7QJwmR. Statuscode 200
Durchlauf 580 von 810, nutze Token hPaATy4ZfIk9fAdblhLSjr0fbjV0vgENZAj8QLB8. Statuscode 200
Durchlauf 581 von 810, nutze Token Bbisxq5Ybo92R7BUEoJSQCZ7S8m5B4UHeb2VYdKZ. Statuscode 200
Durchlauf 582 von 810, nutze Token n0Pv4EvKnstBvHNijWZD7wWQtSZvWbZmJmoddgU5. Statuscode 200
Durchlauf 583 von 810, nutze Token JArvQgDbIjyn4gKAQ4ShAnACFM8S97qR9ELxpDor. Statuscode 200
Durchlauf 584 von 810, nutze Token x4Eq09LvgDrcNSZsS6Gq5iKSJekB2tD4PKIRWkdP. Statuscode 200
Durchlauf 585 von 810, nutze Token 3KF5YJMrpUgIcaDRxWRtcpm00ifAJyyX8siUOksr. Statuscode 200
Durchlauf 586 von 810, nutze Token EGbUbFXV7o7N2Q7FkybMjyDiK0K1BHZkSE29IoJe. Statuscode 200
Durchlauf 587 von 810, nutze Token o3hV8Fop8dZMeJdAE4YefXL7k4YfUCIFFuuuXVnk. Statuscode 200
Durchlauf 588 von 810, nutze Token lflxnQWMVE12pT8u6DkMyu3prJ7APPDKlJ7pQmjO. Statuscode 200
Durchlauf 589 von 810, nutze Token 5lUw9upLubVIJzioCuxaP5QfCvz3I2e1YUVFRDhN. Statuscode 200
Durchlauf 590 von 810, nutze Token loy7quSQjRzdoghOxNpTHlj6DJvPWGRB6BfCZIx4. Statuscode 200
Durchlauf 591 von 810, nutze Token 0Y9MUbxmR7MCrrLJnRintMJxUYL3MtccfiFsZdro. Statuscode 200
Durchlauf 592 von 810, nutze Token YLDKfGXnAJAhOyXIhCjSwGfDndhiw9gMQcbk33g7. Statuscode 200
Durchlauf 593 von 810, nutze Token vKEQH3G4kNCj8M65oad3O0LHpUYu1k9mwbcpR17w. Statuscode 200
Durchlauf 594 von 810, nutze Token PtI1pe9jNhHa5LnPV5w3aH0sxwSuaVbiAHF5aKjR. Statuscode 200
Durchlauf 595 von 810, nutze Token Y8gGW92Bm65jyJw2qA99nSxcPpcJjW3C29kR7HHz. Statuscode 200
Durchlauf 596 von 810, nutze Token LR8eSFgXXbLH49vclpfqIHX8M4ev9afr8KCI5Z3C. Statuscode 200
Durchlauf 597 von 810, nutze Token UjpuWOHmt4ahknuN13jb8BLKMOLSWcUGatE7ybMQ. Statuscode 200
Durchlauf 598 von 810, nutze Token b2icoBnT5lfrPHhwqwUSApSm5v4VP4UgWe8Rv1Hr. Statuscode 200
Durchlauf 599 von 810, nutze Token GpVj4qHOHjcI9axvW5MAF6mDqhKaVtx1WrfySI3d. Statuscode 200
Durchlauf 600 von 810, nutze Token yBmsUYUxhMEiHcnsdSrVV1c7Ck1MMiskbSMKGkL2. Statuscode 200
Durchlauf 601 von 810, nutze Token qVzgyEGc1j1SBuBSLcRaLDE3jObrKQfTeY5iovrN. Statuscode 200
Durchlauf 602 von 810, nutze Token CA1t3ROwZxtlk7NzkLPOVRdAAQaSe5zcZOSqLjgy. Statuscode 200
Durchlauf 603 von 810, nutze Token PKLKxzLhvGwGqLbCCz71Ek4RrEt8xWRkQ9gRlSZ6. Statuscode 200
Durchlauf 604 von 810, nutze Token njUmZJqYROYI64c3ZlOZ2gFL11L4Cl7ZHUZHKjXb. Statuscode 200
Durchlauf 605 von 810, nutze Token VGnxFvwsLNQlWaJNlCHKvigi1Fn6jtqmRtRlRZKt. Statuscode 200
Durchlauf 606 von 810, nutze Token fvPlgHSJTtc0sdwIQcQ0tbl4noSVM5kQ5rVTqCBk. Statuscode 200
Durchlauf 607 von 810, nutze Token iG2fDBAn1FuBl9lIQ77lcBIqrf06od4QvRdkGdYA. Statuscode 200
Durchlauf 608 von 810, nutze Token 2bC5ETPi0pdxfKrofo8dsao2OplTD2nQK1eWVyQv. Statuscode 200
Durchlauf 609 von 810, nutze Token ABIVfjWOlzPjmeHYqwvxR6i9lZaeghRoNT7e8csX. Statuscode 200
Durchlauf 610 von 810, nutze Token 7x8dqsqAlGaCQJqflHK23VoYejK9O8jk1H1pwq8P. Statuscode 200
Durchlauf 611 von 810, nutze Token mnaAQoRpUnh5tnhA3HwOUHB3Zfpw2XV6X3kdEEOb. Statuscode 200
Durchlauf 612 von 810, nutze Token 9xkmiR20N9Pw5MAP9k9krkfUONT6yXlLFghyoEeF. Statuscode 200
Durchlauf 613 von 810, nutze Token B5SWd1eeNeZ9H0bS9fSOkqHSrQRGKzWiayQwJC6m. Statuscode 200
Durchlauf 614 von 810, nutze Token GDmUQOKu9qQJFQgRfqRD2IROwlfC7oY8oh5nT7po. Statuscode 200
Durchlauf 615 von 810, nutze Token ouXUXtFUYiOFD8Xg1MsRG0HNVwde3kEwD7VEsqOZ. Statuscode 200
Durchlauf 616 von 810, nutze Token rulTGnetcqlEiYbp622eoNvrinTktLMP2DKbddRu. Statuscode 200
Durchlauf 617 von 810, nutze Token uhxQChEjIQEwxNUyTQET8EwjSkZX0VFXrOJGVXf4. Statuscode 200
Durchlauf 618 von 810, nutze Token lDjdnrzAID6hIOr4UkUXEk22lw3jkWJ0jVXHPoZN. Statuscode 200
Durchlauf 619 von 810, nutze Token 4IfpcOG0Gnc7o2x9JiJ59ZlTPReNbBOnydKa7ZE9. Statuscode 200
Durchlauf 620 von 810, nutze Token nnbDftG3TQDKlVk6XPTOksCqenFw01s86BJxriUT. Statuscode 200
Durchlauf 621 von 810, nutze Token Ku5oqkf0ZwDSIhcHIvMEMtX1wozvHi4nsnCHnJRe. Statuscode 200
Durchlauf 622 von 810, nutze Token ZyC57t0t9o1Qu9decRJfJz9P2vGzpxMPWVkyqnm8. Statuscode 200
Durchlauf 623 von 810, nutze Token DhUiKD6J5O21qH8EBgdKSDBTd0LRx5vdBFLjCrQy. Statuscode 200
Durchlauf 624 von 810, nutze Token 2Ab2NpdF4hJeHcC38BK5EYO9GEC2oe02WCs1zms8. Statuscode 200
Durchlauf 625 von 810, nutze Token 85tvktnEIpsOzeS9cCn9R99wibNJQ1m5lMTIWoha. Statuscode 200
Durchlauf 626 von 810, nutze Token 1dXoWqqK7EdKeGKTz1cfhMqnAbsvL8MEOjoIrWp7. Statuscode 200
Durchlauf 627 von 810, nutze Token ZlbXRNyvjjDcZwffZxVYtburVupmZPCpM3iGxDbL. Statuscode 200
Durchlauf 628 von 810, nutze Token DgInUAv5QQPviBezLrn5JRoWiks4udikPNC2Ws0L. Statuscode 200
Durchlauf 629 von 810, nutze Token OwLSJNb4FHUw5giNDWOmEMc9lr656KHSibgTmjZW. Statuscode 200
Durchlauf 630 von 810, nutze Token vMLVs0lUGP0X31audTFfiM24rMPTB1jmaONgXcFL. Statuscode 200
Durchlauf 631 von 810, nutze Token G1Natl9KgzDPdPQlDJd0bdF4RUP5krDPPZ1Q1v9n. Statuscode 200
Durchlauf 632 von 810, nutze Token iOCH9e8qaHHnRWYcN1IoXKjRSny6aqlo66DVo9hY. Statuscode 200
Durchlauf 633 von 810, nutze Token jcniztll4A9Gv09B7KnfwUDoagCr8hUUpuWhjmN2. Statuscode 200
Durchlauf 634 von 810, nutze Token c6HdHUiAgSgynhBdwtWSFxqGDkEStjymudn3eCzZ. Statuscode 200
Durchlauf 635 von 810, nutze Token DBWvwZcEtdaWCcyouPucu7sY9in7PAGZIzffIbdn. Statuscode 200
Durchlauf 636 von 810, nutze Token 54YZkd7f7kM8d5xP7eiDh1ATz5oE6kg5bsz81MQZ. Statuscode 200
Durchlauf 637 von 810, nutze Token 8FYLnnF1hdCjJnz5k5G7Ac4kzuWTRTU4fjqAZSxj. Statuscode 200
Durchlauf 638 von 810, nutze Token EGfH1a4BF2WVWqSsmoqPrHxFeDb6LD2JpwoQkeUc. Statuscode 200
Durchlauf 639 von 810, nutze Token xULlRqsyRsGVJMpQjO2w493jHwmd6a2PnjmvSlfE. Statuscode 200
Durchlauf 640 von 810, nutze Token C4WuUortJncYnlA0dZ3s0Savr3WoIa77Ugpfccbs. Statuscode 200
Durchlauf 641 von 810, nutze Token LKfsjh1gBAnhkogCGD3UZULsyCOHPVxgEfcyjsZy. Statuscode 200
Durchlauf 642 von 810, nutze Token 1sI6FzRNYpkSNAvZ17EyjXAoj5Gb8JCFkQgf0Lge. Statuscode 200
Durchlauf 643 von 810, nutze Token oMu2foCZy91veBcVI5H2AYKn6dZGhAv3laYQhyQo. Statuscode 200
Durchlauf 644 von 810, nutze Token TkrGCQTDPddHXmrxLwtxsvBo7V1l7xQICRHHPrMB. Statuscode 200
Durchlauf 645 von 810, nutze Token UNq3n1QMmohwbZXzM0kro6GPAsu55iauEWIhwVVM. Statuscode 200
Durchlauf 646 von 810, nutze Token lrmwU9eL1EfMcnEehJ1couHvWZLrLW5H2j9wR91W. Statuscode 200
Durchlauf 647 von 810, nutze Token 7pSAE0iOOZpPODjiW3TFqfYhJUnlTejtpbd3dtdh. Statuscode 200
Durchlauf 648 von 810, nutze Token OoiaaRlIfO1G6YBbr7jlaz9HQe1giwrvCSVr464q. Statuscode 200
Durchlauf 649 von 810, nutze Token AogVn1iBzvpmWD3DOzy3RMtxwC0feFG14PyfO6ap. Statuscode 200
Durchlauf 650 von 810, nutze Token wTOrToP9K3KGxpJ3CtHvzU5zlmD7C6pC3ocdzjsJ. Statuscode 200
Durchlauf 651 von 810, nutze Token sSpJ4KSvjNGmxQ5iZbCKQGjpYXGeKeLmost8oTLA. Statuscode 200
Durchlauf 652 von 810, nutze Token nBb2UHlbdv2zehm9bQevhFqLUxE95BEaMLvD2Thj. Statuscode 200
Durchlauf 653 von 810, nutze Token GNsG0zGUmHjDtdzbIZ88truxYNkAetx5cZYX4yWW. Statuscode 200
Durchlauf 654 von 810, nutze Token YH2Ha83GA6QEQ2fcUxUuc4ZNUekqXOAiJ9EviZC7. Statuscode 200
Durchlauf 655 von 810, nutze Token iZaZn1qMUuDQfaywJuFOCBMiCIq6UjLfws25aSMA. Statuscode 200
Durchlauf 656 von 810, nutze Token IObk8w6YeWnKYYwJKwmUapJ7puPboxFa7RAYNWAM. Statuscode 200
Durchlauf 657 von 810, nutze Token hqASUKRDgQ0PklegXmHFRj1Sk522JtfVT3M6UbZG. Statuscode 200
Durchlauf 658 von 810, nutze Token 1YXNqbY84R50adxMtKDdxWlilqgdjesd4HHU1IkO. Statuscode 200
Durchlauf 659 von 810, nutze Token PnIQxurcJfm3EJpL0leFgbLJauloK19tFbMaG5mQ. Statuscode 200
Durchlauf 660 von 810, nutze Token nuM4aFMOAQqY9A2uA4z1k7HYOrwAxm9XGiDwlo5z. Statuscode 200
Durchlauf 661 von 810, nutze Token Y65R0gfIuFej985UMQqY8pG7O1oZsZbGqNa1i9JN. Statuscode 200
Durchlauf 662 von 810, nutze Token IIsfqWI8UIKn0nHYyZ5EG8sK5WzvSYm1GapRkElv. Statuscode 200
Durchlauf 663 von 810, nutze Token 474M5zUiuhLPh05T8O4yG2ogAJp5uH1W44KXGUOE. Statuscode 200
Durchlauf 664 von 810, nutze Token zMlt1O7iC2KdHXL1tjbfqgM30asMpUPOmbT9uvE0. Statuscode 200
Durchlauf 665 von 810, nutze Token HF8L4CjkRVkv6HD9wPf79S8VT9gTcgUTEvrAQ9X3. Statuscode 200
Durchlauf 666 von 810, nutze Token wKASuObMyRX8V6nd0iAo3cDiL8z0jQJYI8VDxfJe. Statuscode 200
Durchlauf 667 von 810, nutze Token tB19AHUJbE7EDyZCkG39SVhvrrFdS9ItOne2zBWv. Statuscode 200
Durchlauf 668 von 810, nutze Token tDtUE1KDXSQrMyFk4KmDrDI4gzxSAzRnAVbHyA2u. Statuscode 200
Durchlauf 669 von 810, nutze Token w9v3T0ue8UfQ2Ih51xqSwWUwylYINqv3PRbulj4k. Statuscode 200
Durchlauf 670 von 810, nutze Token lNnxteCcVvoVlnghzrCp9TUazQrTCmaZOCIdqkUL. Statuscode 200
Durchlauf 671 von 810, nutze Token TlKIagXnGPHVwUMoDrLxIoQO129H34P1Upl4O5fh. Statuscode 200
Durchlauf 672 von 810, nutze Token 7vYaXBw057nN5HRpr83TBGPdsx9a7Ll3ViRQsLte. Statuscode 200
Durchlauf 673 von 810, nutze Token nIeeGWNyygKCwxtZLF5f8w1gXpqTfejw8cnS0qXd. Statuscode 200
Durchlauf 674 von 810, nutze Token MxzgNZCJUQh99Bw2SZybKWXw6eZjTu7y6AL468I7. Statuscode 200
Durchlauf 675 von 810, nutze Token C8WDrTTToqeOr8lCj8JwbSW4CkYw96WSniitYYHe. Statuscode 200
Durchlauf 676 von 810, nutze Token Ujv5sSYwmQZmDcgvvorMWl7Pw7g1jSgAO6uBInHL. Statuscode 200
Durchlauf 677 von 810, nutze Token NUjxVcbiEBgys0WiOYXzuev6JRpZhP6UyJMIDiHL. Statuscode 200
Durchlauf 678 von 810, nutze Token iHHRdJg6rq8OmboKzLfyx1Uby3xXKvDMDhwFb4R3. Statuscode 200
Durchlauf 679 von 810, nutze Token ur0kxaLP1fjp3AjqSanfM3vpqty6bVaT1DndaxW0. Statuscode 200
Durchlauf 680 von 810, nutze Token AnG269Sp5Zu6yQziS67zy1XMgsULR6nX5hO14Zg6. Statuscode 200
Durchlauf 681 von 810, nutze Token dEAOJCTpGrVXXz3vDLgemh3H3exCDoLtI8F5qdYe. Statuscode 200
Durchlauf 682 von 810, nutze Token hikO8a8R7XpVNJ966Ez6re4RVpWJFeXi9CEXwxor. Statuscode 200
Durchlauf 683 von 810, nutze Token xtCx8bSLf5KNPIXxINt6QwCiBcgs9CiwTGcRwjVK. Statuscode 200
Durchlauf 684 von 810, nutze Token WPlFocgeLd1Idr4odWwKpEzq7A1FYPFHfLwtHcpa. Statuscode 200
Durchlauf 685 von 810, nutze Token vVNkAqv3xC6QdaxzYy3KGeFKJoOXKIiMg1RKHPzC. Statuscode 200
Durchlauf 686 von 810, nutze Token S3Gc1yLRRduEeVdOwcUdUAYH32R0SVZvBC7xnsrd. Statuscode 200
Durchlauf 687 von 810, nutze Token dbB1GbmCulKFt34FqcJ1OTepiKB8ai65HBVZNrIE. Statuscode 200
Durchlauf 688 von 810, nutze Token YXzfUHy2b2GVXyHLC1UWnc46fcDETNU1tj2936da. Statuscode 200
Durchlauf 689 von 810, nutze Token lt6qf9N7o03x0mX4I4EejrYX8jDU7YOgI6cPxrOf. Statuscode 200
Durchlauf 690 von 810, nutze Token GTEFoynJHA2R5W7dI5Zqdd5cLU1rUI8SFZh57aOZ. Statuscode 200
Durchlauf 691 von 810, nutze Token jFmZt7XQZTdYxIhsvx66g9ztgz54LMlw8zJqbFjW. Statuscode 200
Durchlauf 692 von 810, nutze Token rKuWnht1xEbe0gwsFj4gjADwDlaLXhnAgvWb7UAs. Statuscode 200
Durchlauf 693 von 810, nutze Token myyPXxSGGkSZ30k1oDxYx79EimrNGSaAHHiqtyPR. Statuscode 200
Durchlauf 694 von 810, nutze Token Xe3K9qagEOuZdEzbJc5H4JT7zsA1LOmbWsPAatv2. Statuscode 200
Durchlauf 695 von 810, nutze Token jnpMfTMIuRG8FLyK0zWfCvW3DF1fE0hA2yTWGLUj. Statuscode 200
Durchlauf 696 von 810, nutze Token H9Zp3eMjzbGlmCIOVdC2p5gohJOiP32OMQoB5Pg1. Statuscode 200
Durchlauf 697 von 810, nutze Token oQqKikIru7Uw9VbCeDDhHiYFC45XA3syYjFvVlMC. Statuscode 200
Durchlauf 698 von 810, nutze Token A1HM4sPWPch2OezJieC8ZYWlhbd8jLTaw6y3twXd. Statuscode 200
Durchlauf 699 von 810, nutze Token kc8BMLMEhAOvs907v0xLpjZC7ntUxhNdMuqyAviQ. Statuscode 200
Durchlauf 700 von 810, nutze Token pEhhHEtbDDcvr6Ppn9nKguzzaO38nCQHJUDqdrCf. Statuscode 200
Durchlauf 701 von 810, nutze Token Z1Y678b4oC8z79ZaMu5b1eU8WyBgTt98H6avSRYb. Statuscode 200
Durchlauf 702 von 810, nutze Token wToe3Y6imdAmfa7GxUskmpLCmb7rMABfEy16TUAX. Statuscode 200
Durchlauf 703 von 810, nutze Token Qzhjck3RjNmcU8BU3EItDqv3YEDeGjJw2SfDkwKS. Statuscode 200
Durchlauf 704 von 810, nutze Token 4ztX1XjjEMvfLFMoNmoWxF07ps6tfG6nem6MeiBE. Statuscode 200
Durchlauf 705 von 810, nutze Token ph67LlVQaXaIvP2gIbceHMsmETKHI2Lcnvm7VDAb. Statuscode 200
Durchlauf 706 von 810, nutze Token yoGofrla0ukYYDU9w3BmbBrjVd9S6Gr2OSi50Efy. Statuscode 200
Durchlauf 707 von 810, nutze Token SHaSNpnQ8nrcPvkrfi7g09TDw1gJn6fDIyQ7OAIa. Statuscode 200
Durchlauf 708 von 810, nutze Token THRNLkwKGsmqLrZsTDQs5N310qV4IsfkUBuBvyoP. Statuscode 200
Durchlauf 709 von 810, nutze Token phMXgTDhYcEffOrY5aQWsDvOnsHEHumrG8shS2cj. Statuscode 200
Durchlauf 710 von 810, nutze Token jXcwj8wOtI0yojw0z4lAQKZUQFPM0R7lVpWOCDPy. Statuscode 200
Durchlauf 711 von 810, nutze Token smMEGbCUxiAzFwDT2WgJsiDsERNbVoFWwkB4tQFx. Statuscode 200
Durchlauf 712 von 810, nutze Token wtifPIrUeg2KD3nzXyzLNLl1nO2xUoqDtKT3HufP. Statuscode 200
Durchlauf 713 von 810, nutze Token h95DBCIdSjyIKWgKwTaOeUR74J9NEii5lNQt9xg1. Statuscode 200
Durchlauf 714 von 810, nutze Token WpKT9aefyOjxCKuOzAw8yrtEUiygbsJedNcgEA7c. Statuscode 200
Durchlauf 715 von 810, nutze Token zZcwpo4W9MDLNU7paTBDV2NpIKikjnHQOpU85gfv. Statuscode 200
Durchlauf 716 von 810, nutze Token 2EQ1GCQnlL5MT2KewiEWwr9UBgwALoFf7H0mitP6. Statuscode 200
Durchlauf 717 von 810, nutze Token 0eCLnmTXhSOA5utGIbKhnrJEoSWziRdc4aYRxMdD. Statuscode 200
Durchlauf 718 von 810, nutze Token VXS7XWM5bHWUQnTTGEaQ7NxTob0gkIMOaxIg7UrX. Statuscode 200
Durchlauf 719 von 810, nutze Token vNNIiNxVRWOlKsTsZhuCYtYompsknSsOD3Of4XE6. Statuscode 200
Durchlauf 720 von 810, nutze Token Z2SfD0N9Ii27WE8lZwPcpqLnydyZYANAAnGriEGT. Statuscode 200
Durchlauf 721 von 810, nutze Token pXbAtEJOc1wVkNJ2zkPQjjWvBfjJNqmCnkyms5AU. Statuscode 200
Durchlauf 722 von 810, nutze Token 0bEfU4NJ6xL7Vu8TBPV1FdSoqZRIZukCMsHlyb1p. Statuscode 200
Durchlauf 723 von 810, nutze Token tCddNMFvTDkGz4TJuHYOjs8yIkhX3HHLTW6vCft2. Statuscode 200
Durchlauf 724 von 810, nutze Token TaQpxpZLbgj0uhmVfHM7RssDMcsSuXgkHNt4qK5S. Statuscode 200
Durchlauf 725 von 810, nutze Token S1ylXSBK5Tz96BQAMFbnyVjtstyvEdtzMAbJe8X6. Statuscode 200
Durchlauf 726 von 810, nutze Token L4qVqwJtuP2sEcM17tiBdeOdBaqfaEpbJzLU8cYA. Statuscode 200
Durchlauf 727 von 810, nutze Token m2EmyqAWJuB8qFrH6EYPUvx1rtmMeHluN3HfrvJr. Statuscode 200
Durchlauf 728 von 810, nutze Token nJXirbz7NqmeHwfIHhrjLr7BMZLKmhtyX2Jdx19g. Statuscode 200
Durchlauf 729 von 810, nutze Token dXlswiEszIKJ3eeIJYouv38TpkPZV3Q1cAMwZqiq. Statuscode 200
Durchlauf 730 von 810, nutze Token XScBdeMGREEKEmHyJeSndvVfzJLx6iDNes9Z0wxI. Statuscode 200
Durchlauf 731 von 810, nutze Token wCkFaqGumMhTZ52jRFmdV8gWJz721sOTaghmA0Aw. Statuscode 200
Durchlauf 732 von 810, nutze Token ySAky12TdX7I6JIp5cHTuIQuVCnhpPvL4FXzjPcG. Statuscode 200
Durchlauf 733 von 810, nutze Token zPmMLD4bKQnWfKViO4tk2LNr0K09U7UZh8DIYLNX. Statuscode 200
Durchlauf 734 von 810, nutze Token PA8PHWfCXbotUQ43Cr23eBgVyBiSl6oUoxki9BjI. Statuscode 200
Durchlauf 735 von 810, nutze Token 37OQqR8FGigUhV53jWaHdVd9AuhY7J4eTdhDoLoQ. Statuscode 200
Durchlauf 736 von 810, nutze Token YSWW0dkDe2nmiAur1c28q56tCad8Dp0NBE0llp3D. Statuscode 200
Durchlauf 737 von 810, nutze Token QPkdAS0o3WWua6ykjtJ4CSQPO89CVXSOvBVDZUPJ. Statuscode 200
Durchlauf 738 von 810, nutze Token QLlGQ9PEc2cg0jAFWxbJ9Oqao5bK9VNoWOyAlxVH. Statuscode 200
Durchlauf 739 von 810, nutze Token rj6KRAnaOcttHc2vuPT1k4U7C14XGhB802OUxjpB. Statuscode 200
Durchlauf 740 von 810, nutze Token Wa664hi97Yyn6WleXzzTsvV3F8nTjIzajZdi4KWX. Statuscode 200
Durchlauf 741 von 810, nutze Token 1iWVI2D0CyDvDt8F4bifpMkESMw0zesXE2JZ93pN. Statuscode 200
Durchlauf 742 von 810, nutze Token BJfJxvpfcg2wllQxQ9iPwXS5tAVrtJMeuoqbNTlL. Statuscode 200
Durchlauf 743 von 810, nutze Token mmGbBamMEZGI68f5FeM91L3V8LsDEfGovYbKgopB. Statuscode 200
Durchlauf 744 von 810, nutze Token IoYFB9WvqaYXRKXs9ML4HQxZGB75QMw4RVI8scEs. Statuscode 200
Durchlauf 745 von 810, nutze Token 7HkE3bwkE2hLS62XmLsSgdz7yL4UbZQ9T0kwdYlC. Statuscode 200
Durchlauf 746 von 810, nutze Token BcsYk9scSLB7IFLR6YaBjwGE5an83AikmMv6mQKI. Statuscode 200
Durchlauf 747 von 810, nutze Token oRfBFFvUUrgp6U0QMcWtJbKlLXvEdEsLSwfbXPah. Statuscode 200
Durchlauf 748 von 810, nutze Token emc0Xe25QWY6cp39y8Gc8A0Nf7RCiDazsCYtPHgP. Statuscode 200
Durchlauf 749 von 810, nutze Token HsAPk9twSsKwOrsYO2yFvMR5SrIFix1l1SZgostx. Statuscode 200
Durchlauf 750 von 810, nutze Token R9lQ70S67tMLHygmazCph8WOxnWwaWF0XBosPnpr. Statuscode 200
Durchlauf 751 von 810, nutze Token KG0LT7KMY7pwcuQ00wpBjKJEcL54PMCBcGmfYKcM. Statuscode 200
Durchlauf 752 von 810, nutze Token TWBOvVKN0pk3mPJ8MqFjW3GfGjd6DWANTrGYyawe. Statuscode 200
Durchlauf 753 von 810, nutze Token t5U6y6XaDFwea4XDaZLqdmwTY7RRwYwqX0CPPTKz. Statuscode 200
Durchlauf 754 von 810, nutze Token ZqAaNsZidWL1PYzOaEcFI5jdIDGCGZmdA7v3UfSM. Statuscode 200
Durchlauf 755 von 810, nutze Token ynOAdAo39sVqAo6wD6elomAtRSWm7YxV9dc5JcXi. Statuscode 200
Durchlauf 756 von 810, nutze Token tXjKhYLdfyIk0yRreEKSDTwNFI3ILrE10BOK8cRv. Statuscode 200
Durchlauf 757 von 810, nutze Token W6R3LJIOMvheN81B5iP3DKiXCVVSJK2aGt1dtd3K. Statuscode 200
Durchlauf 758 von 810, nutze Token LndWqPHkhBHAXBYObwsorWXlrXRGA2F836XIjee8. Statuscode 200
Durchlauf 759 von 810, nutze Token uIz2pVsw4GUuURWf6KyE7s5NKQ9hv7rgcDzgROy9. Statuscode 200
Durchlauf 760 von 810, nutze Token eTmw9XP5XWWA2FfHrdjxUAU27dhoKgagCxCy7T3e. Statuscode 200
Durchlauf 761 von 810, nutze Token RYQR9KLt31rOIO3EOG8yOoAssdkuuyUGNqCmoziD. Statuscode 200
Durchlauf 762 von 810, nutze Token 3QQfl0jH4KkNThwC6h15megm8vJilM13VshnyNrX. Statuscode 200
Durchlauf 763 von 810, nutze Token JC18hJgvnszn2oqVY1J7iZGjtpRz7OSEYRShkz5D. Statuscode 200
Durchlauf 764 von 810, nutze Token dDpOwIsB33IdTfkEpn7OgFPbEOjHHNaZvsXzsO5j. Statuscode 200
Durchlauf 765 von 810, nutze Token 8dFf5oYEUwIASFOFbXh1RayXxQUXVsfaDkVDKQgU. Statuscode 200
Durchlauf 766 von 810, nutze Token UwRro3hLVPv3UOFD8XF3jOvNzfsFU2g9BEMg5gnD. Statuscode 200
Durchlauf 767 von 810, nutze Token q1I42mOEc5MtsvkPvpUrghQrgOa4s3QFvLZpvkNA. Statuscode 200
Durchlauf 768 von 810, nutze Token COE8ul44zptNJ7RHssKbOELqmKygYr8LtQIl5dJv. Statuscode 200
Durchlauf 769 von 810, nutze Token gAh9bkGgc4c46Ve5iY251w561bWOTJOCpN8wEJn9. Statuscode 200
Durchlauf 770 von 810, nutze Token ugzlCCaSLLZdX8mxzL5OfJ8urDcKFND7fBkncRr2. Statuscode 200
Durchlauf 771 von 810, nutze Token 64Jr4ZqEhUu94tp93w7yeFOB1JMKyeuI1r8v4nzC. Statuscode 200
Durchlauf 772 von 810, nutze Token 5f8HQ6mclPNTp1eL2Q3L7Dlkz4MT9YrSZ5R5VZ3M. Statuscode 200
Durchlauf 773 von 810, nutze Token 4RhCcNBbAAItg7p1ix2F480HRV1kVuaqSWmdPOwv. Statuscode 200
Durchlauf 774 von 810, nutze Token nc6xh1tDCJ6XRvZOBGzR8sB19P2EtbdQHYdJa6e9. Statuscode 200
Durchlauf 775 von 810, nutze Token AKmQBBjLL1UpjAOGIAR8ZkuAGECOPWuccBVWV3aM. Statuscode 200
Durchlauf 776 von 810, nutze Token n2VHkYmcMasR13Tm0Jz0u8bSVkv0zRKhV2HRhR6G. Statuscode 200
Durchlauf 777 von 810, nutze Token se2sVxj07tctpuBeYZGwSXd1l1UdHnv9nE3Bz36r. Statuscode 200
Durchlauf 778 von 810, nutze Token uzS1licEyckOzqfLDx8z7tFJwwt9UN3tVJYwrNGu. Statuscode 200
Durchlauf 779 von 810, nutze Token spmcnaT02N0EHRJZ9gD60xea6Hyq6A2Mh5vszA1g. Statuscode 200
Durchlauf 780 von 810, nutze Token TZqfeMH4Yp91EwrB3S8ORcxr9heQXDC193LaTgD5. Statuscode 200
Durchlauf 781 von 810, nutze Token y0742v7wAo4xR0ZEKYsXLLQUpTXK1VjzVozJHOX6. Statuscode 200
Durchlauf 782 von 810, nutze Token yU4scaRdYnZbSW9bjbCbUJ6bz5aUuBcgCmhK79Hy. Statuscode 200
Durchlauf 783 von 810, nutze Token fFbFhYKnnRqUh72bp3gJsQpDss0tEGZ4VyoPyv87. Statuscode 200
Durchlauf 784 von 810, nutze Token yRjzQbvXHkFdAQMCp3B6VejuqaS58TPVrU29XRFA. Statuscode 200
Durchlauf 785 von 810, nutze Token MqbvlLHEzVd31mwB5o5R46vJmr4CckXzjrVWMzlu. Statuscode 200
Durchlauf 786 von 810, nutze Token 2yZyAOjGoC76xCGkJYTuGjMYOie8K3mSyPMMW2yZ. Statuscode 200
Durchlauf 787 von 810, nutze Token 8WmJsCgP75fRHThV00pvGqbc5TRtiANzx7WJGv6F. Statuscode 200
Durchlauf 788 von 810, nutze Token eM3OjDRNiMOZxPOPLb82cRd2rDoNq1bDwVuln4vW. Statuscode 200
Durchlauf 789 von 810, nutze Token br2XdWhsaU0IqQM3PGR5hRFEQYPgmhYO92b71UYL. Statuscode 200
Durchlauf 790 von 810, nutze Token MUdVYdymBovUCJ3TPkUtGRufnznNe7eUZB2PYQOA. Statuscode 200
Durchlauf 791 von 810, nutze Token X3Z8M8kC3FSOL9zywdcENf6pnBIbNy60RpGjCzmF. Statuscode 200
Durchlauf 792 von 810, nutze Token S0MDbZEb6HwgbeMdDQO7q1qQrUBiTaATH3Ksv2Ao. Statuscode 200
Durchlauf 793 von 810, nutze Token ViCq7LTWrZL5wUTH7p18Ay6GNpNyp0nfKSLAJhP6. Statuscode 200
Durchlauf 794 von 810, nutze Token FCecUMwDuCtyPPBetaU2You5P0uNWK3zScxHGW95. Statuscode 200
Durchlauf 795 von 810, nutze Token 3IfuhrGbswgeYQg71TOMCh7OtHNQODwoJsozxRIp. Statuscode 200
Durchlauf 796 von 810, nutze Token m2F9wUsSiw9k25I7fivNdLGfZKGdgKaS5XbXC5bI. Statuscode 200
Durchlauf 797 von 810, nutze Token P76sOPoBUvQk3DlzPLkPp9g2w1wlg28EhEkbbkku. Statuscode 200
Durchlauf 798 von 810, nutze Token IuiuA3rmnRbRdIhYwHfipd0D7cpeI8s7ZkusFUGV. Statuscode 200
Durchlauf 799 von 810, nutze Token 5bK4HkQaijsHgLnYZB84nbMz9JwbP9yaiZGMt2gb. Statuscode 200
Durchlauf 800 von 810, nutze Token TqTBjU5Fp1KEoM1xyvZUrYjRZfU9if0O33pABCu5. Statuscode 200
Durchlauf 801 von 810, nutze Token yM8mthnbkq19YJlX7fmr3uF7Htife3k2qIBfC6oL. Statuscode 200
Durchlauf 802 von 810, nutze Token T43UV4djuWPQyBnVfn5W3bjvTP2a9HED8ND3C9bp. Statuscode 200
Durchlauf 803 von 810, nutze Token c26o5D7If0f0IZ0WFrBm25wAVdr3A17Rc8uerB8k. Statuscode 200
Durchlauf 804 von 810, nutze Token 4p6Lr4e3R6TUEuQLlPzG51dXaseKCreCgXoMUPwx. Statuscode 200
Durchlauf 805 von 810, nutze Token 8SxCCb2D2w6wolVkmotDk7yBAxwjJtl4BB7QROMh. Statuscode 200
Durchlauf 806 von 810, nutze Token dZLi1T1bkZ9MGDQMD1UOuoyPr06c9CNAVzSSFo3x. Statuscode 200
Durchlauf 807 von 810, nutze Token 7Dt7BJEdhNXTYRCzWvgsodjNlPzezPfURb9RsLtk. Statuscode 200
Durchlauf 808 von 810, nutze Token 4iO1Tfaon0brMeo3KY8vVMy4ZnMCPPF70omP41TX. Statuscode 200
Durchlauf 809 von 810, nutze Token fzAlipQcs0hwmti3QbNWEofQxlQxIvYe1Qmd4KAE. Statuscode 200
Durchlauf 810 von 810, nutze Token ZTrYAR0T2kb7DfhvT9szFLyAt21I1sZ7Cn0ITSBR. Statuscode 200
