Durchlauf 1 von 810, nutze Token 0txJ8FGU5c5eqv7aDtA8IlNFMbRLlbe1J0eeyHGm. Statuscode 200
Durchlauf 2 von 810, nutze Token 1L6CR3QSG2HX06yQKcTSmJZMmHvgxdebSC75nIuq. Statuscode 200
Durchlauf 3 von 810, nutze Token q5HZsI5DtQRb1vAvT9zAUVikRgwhdhY8eQkp2w72. Statuscode 200
Durchlauf 4 von 810, nutze Token zIrS1Q8wHUytTccTDSVGo8FvHiRbohoiERIXTdEm. Statuscode 200
Durchlauf 5 von 810, nutze Token 1TMHeAVJIOizkrreIoDfViTFw5OrIUilxWKA7V80. Statuscode 200
Durchlauf 6 von 810, nutze Token 7CCPZlb6ONqJbFrmdb5rMWRGtgHAKwSuFLymZC23. Statuscode 200
Durchlauf 7 von 810, nutze Token nPn6DTvZohAEpfiznZ0Mf7Zkmxk09pC0XyDoCmpM. Statuscode 200
Durchlauf 8 von 810, nutze Token eZ4KZtlDa9sq1uYvVxdudJ0tHA0mjxBqlAlY3yBW. Statuscode 200
Durchlauf 9 von 810, nutze Token MEb6pw8UK074rFjECLl6Voi9VUYhy7I05dyiOUU9. Statuscode 200
Durchlauf 10 von 810, nutze Token BPUx5g753eH5ewY50oz4Ud8uaZRkmacxTD1UtmUY. Statuscode 200
Durchlauf 11 von 810, nutze Token xbcAbucfgdKZobTggm3t5THsI7JcqCOvRhjTcMGR. Statuscode 200
Durchlauf 12 von 810, nutze Token gRGUBonA72ZyEAPYy7yKLRVF9xz3VDNvFdSs8kcM. Statuscode 200
Durchlauf 13 von 810, nutze Token k95Q8srGfized1VklXICeiPOR1CJ1u9sHSnLCubv. Statuscode 200
Durchlauf 14 von 810, nutze Token TSkDhKjnaMvJGQHADZu9xsoYN8nqweWlhDCFJwPs. Statuscode 200
Durchlauf 15 von 810, nutze Token qqwUtNP3KkiX3L0qrItZWaaNbbyb5vTtAL6MZG78. Statuscode 200
Durchlauf 16 von 810, nutze Token BPOdHncQiTsd6HorxWspUwaCzDJsXYnXV0skNgJq. Statuscode 200
Durchlauf 17 von 810, nutze Token HubydlT5HiUXu8z4izGceheNNn1DdAuWEsznxSdC. Statuscode 200
Durchlauf 18 von 810, nutze Token EvdQgxAPDpvtMUoKopE6B1m4i6AyTiEqaKnjGyo7. Statuscode 200
Durchlauf 19 von 810, nutze Token SaSKUf3Ihn3eUR4EEFQg21HjSg4Owv8GlDD1tyrH. Statuscode 200
Durchlauf 20 von 810, nutze Token 4zmhivjEcEfhHnzraDHFeQi01t9cYmO3C08hDNYO. Statuscode 200
Durchlauf 21 von 810, nutze Token Gx3jggMaexIyKJrovMpAxXEW33KWUWZG8yQQyOKC. Statuscode 200
Durchlauf 22 von 810, nutze Token JBcMo2C0RDJfp8VIAviccaVcUtmoAdSdiN40L4is. Statuscode 200
Durchlauf 23 von 810, nutze Token 3Pe8DV7mwoGQX6Q5m1Oqc2GSjKp5XyAfNCOUUrpM. Statuscode 200
Durchlauf 24 von 810, nutze Token LDLpLBLS5Dydz28tu3DAQUgm7OFcKlN40jzXd5rw. Statuscode 200
Durchlauf 25 von 810, nutze Token emorvqN0mNhVYxjy3L8vws9sYkFudFPixvHw86WH. Statuscode 200
Durchlauf 26 von 810, nutze Token efmWIspCXqqQkaMNqNx9HMeWpclCUBbDn6jc4Dlw. Statuscode 200
Durchlauf 27 von 810, nutze Token 4KIZqRrXQPPVaGVHf6wakEAK1HvqnCT44b4wb69b. Statuscode 200
Durchlauf 28 von 810, nutze Token tDZ0iQvT5A2bCfY3O6fDCoit54JrzXhPvJSTahR4. Statuscode 200
Durchlauf 29 von 810, nutze Token 3rB2mPA8sxyM6qbnNHutnJ3X992dZ7CAqb267Zse. Statuscode 200
Durchlauf 30 von 810, nutze Token ZHwfyKVppeItNwyL8GP3Uh30nYYeJDXrXrEPfUWV. Statuscode 200
Durchlauf 31 von 810, nutze Token KVvmZw37VXlcmyUA4h347IIbKjApTC6Cs0isSKkL. Statuscode 200
Durchlauf 32 von 810, nutze Token 3IkFihRazZN0Dtlqo9MiswVfgIEcGJklDYf3VpOw. Statuscode 200
Durchlauf 33 von 810, nutze Token zn1Ql11aeqoX6QELGqmMYgCacoQDALXJSH3UXaZK. Statuscode 200
Durchlauf 34 von 810, nutze Token tc41GonDUG87df27IVn5oFgvttXkPOu7nulvG7xQ. Statuscode 200
Durchlauf 35 von 810, nutze Token 1RiCI0aeghdD2dHL94g3O8C4OdtFvkz6PdpXg6BX. Statuscode 200
Durchlauf 36 von 810, nutze Token Xa1iTPJYgwLCTVCxEQsGLZVPL5fB3UD7DFQNgGlP. Statuscode 200
Durchlauf 37 von 810, nutze Token VPSfos7Wm1F1n0BY3Uyqm0ZzD49jokc6ed4DJUwm. Statuscode 200
Durchlauf 38 von 810, nutze Token YPFBkRFtWvwBCh3BIo3yoLjhrvjTRPOJFsvtEoFJ. Statuscode 200
Durchlauf 39 von 810, nutze Token lhQm55OTT0dtbKV5h1Za8jVxGjRLCD7mVFgEvB9w. Statuscode 200
Durchlauf 40 von 810, nutze Token 6KUNRnokdUZeFiihJz2ThxmG3SBmSKnwSjlAzjqJ. Statuscode 200
Durchlauf 41 von 810, nutze Token 9YRLMgK4o3fpDXZyqA0HEpb3PbQomdOGIfZ9wXZF. Statuscode 200
Durchlauf 42 von 810, nutze Token x7lVVRzi13eTxe7dsoMCzpri9NJURUpMNjPylyt8. Statuscode 200
Durchlauf 43 von 810, nutze Token UleHymQgMxd84k8YAkZCsXv703414JlfTmyJJOCr. Statuscode 200
Durchlauf 44 von 810, nutze Token pzaAtCjmWyWoxR00nNzlARmYl4PjlOmBWREjdMfE. Statuscode 200
Durchlauf 45 von 810, nutze Token hTeiHtunHOpoB6y2kFbwhF2IyfyMsxX0FAhXb04q. Statuscode 200
Durchlauf 46 von 810, nutze Token VU2H86VhVvoG6FBVLer3oki2Mljt3s1FcsxQM8tr. Statuscode 200
Durchlauf 47 von 810, nutze Token MWI3lgtT7fEeiWLiERozv3FhjaDhOP98pYRYnNcy. Statuscode 200
Durchlauf 48 von 810, nutze Token BKMxlFTHZ0Q9C2bjr4TrBO6mInyoafkjVnueXubc. Statuscode 200
Durchlauf 49 von 810, nutze Token K2lQ5pl7cVwiBQ4GLzzgFNiIYZqYyojjneLIye58. Statuscode 200
Durchlauf 50 von 810, nutze Token 7lzBTNgoHi214a1nXsJgg7evkNJhXrrTK7ZZhfxR. Statuscode 200
Durchlauf 51 von 810, nutze Token sJ1SHVWu9CWCqkilRW25C2FIv37Rc4ZOB9ZuuIJY. Statuscode 200
Durchlauf 52 von 810, nutze Token FleHsioja2vAQXfBBd7nryKxA8wpcqfy4XWwMsJE. Statuscode 200
Durchlauf 53 von 810, nutze Token UKRNhZuoTvqXEO4ydatyTaLWL6dJSfyMFKqPL4AH. Statuscode 200
Durchlauf 54 von 810, nutze Token fm7oFY93XP9eVzFRNHG6QDx87xGHyjznV891PFEv. Statuscode 200
Durchlauf 55 von 810, nutze Token 7Y8w38gxhYfmeMpi6Pf80fHx4Vy4GG5c9XTtZ5gr. Statuscode 200
Durchlauf 56 von 810, nutze Token R7AyoBySTA4kDyRGjOzeuYpQpMI3ezBNBIDVOcx2. Statuscode 200
Durchlauf 57 von 810, nutze Token POpO8Y3d8JiBFMCJ7M9AKa7rNpf1Mdh68UKAeDnO. Statuscode 200
Durchlauf 58 von 810, nutze Token zU9Vb2VTflUi2QmzcwXNMOMWcvwKY3HU9tqWHAq3. Statuscode 200
Durchlauf 59 von 810, nutze Token UzuU4FL360MxKeVNaUn6fmSsylR0mTKUWWwFwa3D. Statuscode 200
Durchlauf 60 von 810, nutze Token GEeYs4vl6WXCl8wTTC9k3Q29nfTLhGWET8iFQV8k. Statuscode 200
Durchlauf 61 von 810, nutze Token QQAZGYeD2NYs8gwxGCuQtIr6jqCXPcU7ZFT5Q2wc. Statuscode 200
Durchlauf 62 von 810, nutze Token DFQ2WRyfntOvuyqks9EiHcP01QbHuAVFGywWRT0N. Statuscode 200
Durchlauf 63 von 810, nutze Token iETe0ML6pzsaJByxqvkSXRiA471GmVcJGqZhEIIn. Statuscode 200
Durchlauf 64 von 810, nutze Token YIU2IkCzZqOpSpMdZphs8uJHnxOyIESH8b5PQwDm. Statuscode 200
Durchlauf 65 von 810, nutze Token 1yqNSLSxgJh9IFiaybOTS7INj9vRYHMIRT0254oX. Statuscode 200
Durchlauf 66 von 810, nutze Token pKFKBhS4Kc2T0diUKxUV6iqxpbmYWHhyuPuTtFFq. Statuscode 200
Durchlauf 67 von 810, nutze Token kGxjgVEjAuRBKNuyHiUw70KmkunpmXkkBQNqIv6p. Statuscode 200
Durchlauf 68 von 810, nutze Token dBxeEunxpe31Va95N0iIT0xpE9Ih3Kc1WWenyV0M. Statuscode 200
Durchlauf 69 von 810, nutze Token wsUTaHDFZ4KsXJOE1qxPCeKL6pSw3urgcOtqBBlL. Statuscode 200
Durchlauf 70 von 810, nutze Token MB7LWVO3EpH5UX0L4lFXjQTFS7bX6AeCatNUqP3p. Statuscode 200
Durchlauf 71 von 810, nutze Token XEAuXjUEaE6m7RbKBMySLGtvzwpFKq3awWmun6mo. Statuscode 200
Durchlauf 72 von 810, nutze Token E7WzTZa52P6wwE8l4HvrtZDSZD9U01k2ooFY6PIU. Statuscode 200
Durchlauf 73 von 810, nutze Token UO5rlVg2P4vfIgluWyS5ql8NtyuAIAQH4eTx4MDH. Statuscode 200
Durchlauf 74 von 810, nutze Token awBwSBHdtiskSwRjZMC1bxybHKdN1szyigb4QBnN. Statuscode 200
Durchlauf 75 von 810, nutze Token witzxuTavsJhIt3uxUlo6pw0FhwUHBpPAPzYLZJm. Statuscode 200
Durchlauf 76 von 810, nutze Token ASvANpTBFCLThGt1CvJDnfUSViFfjtlgf5xBrcvI. Statuscode 200
Durchlauf 77 von 810, nutze Token B8HG1KYHLJNZ11A0BCDlpDPETePYzId4NVkhxUac. Statuscode 200
Durchlauf 78 von 810, nutze Token gwnIBxtwONvBex2rWM7ZbRhZlKJYyZZDwr0biVB9. Statuscode 200
Durchlauf 79 von 810, nutze Token k4WcW9jUDA3UpM2LrgqWiODpmq0hvY5piOGWzPuY. Statuscode 200
Durchlauf 80 von 810, nutze Token 7W4VIEZ2YFskrBqrRzKi7oTncsyTbfgxQqWJcpAs. Statuscode 200
Durchlauf 81 von 810, nutze Token EEZGyfl6en3VRE2LKvSo9o9MKJtmJmaKC7NetOYo. Statuscode 200
Durchlauf 82 von 810, nutze Token Rmu65hbhLG6h8EQ1mv0MHcVEH20VAw5eK1V5xb6m. Statuscode 200
Durchlauf 83 von 810, nutze Token NknIOwHSoL9QxuirwWPya2tBBFvNJbQzSMAzqL7x. Statuscode 200
Durchlauf 84 von 810, nutze Token ZT1orhQBpR7SYbOJuhCrQi8G0kmg3sL2S6ujCQZd. Statuscode 200
Durchlauf 85 von 810, nutze Token sFa3UHrW3O3KmJN2yAp0W6EnMGC6JAkfVZaBh8BU. Statuscode 200
Durchlauf 86 von 810, nutze Token fJcObJ6o8cofBajoITTn4tY0PQo9y1AyTd6w9x0y. Statuscode 200
Durchlauf 87 von 810, nutze Token KKimy6gHl6NEoqcNjK51LFQ0ysV4amY4WgiTk8p0. Statuscode 200
Durchlauf 88 von 810, nutze Token 0CmnQ9lEqI1mRLElz3i7cR4zzVMEwCNaECfvpwAX. Statuscode 200
Durchlauf 89 von 810, nutze Token 4tDnas8PRabFPMLmplhgANiYVKLNWD58gyw7ZVta. Statuscode 200
Durchlauf 90 von 810, nutze Token RxAMqaf4Kz0gAASTkuZWSx4fHIfiV78Ui5oAsPzR. Statuscode 200
Durchlauf 91 von 810, nutze Token FMhz3nHJSEEY7LCyTbCOiuf7nl83ANNlp5utAFOQ. Statuscode 200
Durchlauf 92 von 810, nutze Token KvchhmTNiftdx9tlVW9h7ujVOdH8BsuEEbEsCesT. Statuscode 200
Durchlauf 93 von 810, nutze Token hEo49OB9Sef5XeCpKWPvHrr6veBeQMQLBrpZb7LH. Statuscode 200
Durchlauf 94 von 810, nutze Token pi1LGR2zP7bNJILds7jLAIwo3ivztX838a9WV2ub. Statuscode 200
Durchlauf 95 von 810, nutze Token nFro4a89l4XpM6dL1zVHP3DraDued6SpQ3AFf4kW. Statuscode 200
Durchlauf 96 von 810, nutze Token IY1qFNAXK4NKYe5qa4BjqLMj0t523rxt4ns2S7Wy. Statuscode 200
Durchlauf 97 von 810, nutze Token WPKnw1gXKNz9EtakANS9TI34FqsaMXCqk9Hg9wei. Statuscode 200
Durchlauf 98 von 810, nutze Token BBvjotziyuAeGnLyQLKnz1UuX0bOo6oyAyueCJG7. Statuscode 200
Durchlauf 99 von 810, nutze Token QGreOzASVcnei9SovqSOc5bIrm7KwlrxYxtaIzzJ. Statuscode 200
Durchlauf 100 von 810, nutze Token 1IEtJ5ZDFA8kHFNO1blHz7mz4UVosQ9HzFXsvei3. Statuscode 200
Durchlauf 101 von 810, nutze Token KhbN0bQOSytZ3Fg2DRP91IsVS7ChySkRsnQaxbr2. Statuscode 200
Durchlauf 102 von 810, nutze Token Q5DAk8CVALRcz8qMKqI7rnzZvTQyVaE2P5BJOCWF. Statuscode 200
Durchlauf 103 von 810, nutze Token rRYL5ahLn9qhQVNytLXkMpc4VrVn6JtMgsAVe0rN. Statuscode 200
Durchlauf 104 von 810, nutze Token Rvc3EjsEnvFRFZ4lSvJhQfiRFLYBQ5qh42bWCqLB. Statuscode 200
Durchlauf 105 von 810, nutze Token tBdqc2f0WDMUg05g3Y0QdT8koMKFTvtAdPStFWih. Statuscode 200
Durchlauf 106 von 810, nutze Token Smyp8ScTjZLT11gy4SWKWvcjaQQlnt5AFDHQKoCX. Statuscode 200
Durchlauf 107 von 810, nutze Token 3EfxZCRShhrUJZv4GOQghfEwFAMxuyjIbXcwralV. Statuscode 200
Durchlauf 108 von 810, nutze Token JoJWeMljgKAOTLTKgN9zZNo7XHr7urSnXc0PyXbB. Statuscode 200
Durchlauf 109 von 810, nutze Token t3uKo8JFgUBrflge1Gh2rywMQRtuYzlnO76DoJ59. Statuscode 200
Durchlauf 110 von 810, nutze Token RfriBLvKV2Tfy3m93gsH0a3LkF0yh1J7jhVkpQ6y. Statuscode 200
Durchlauf 111 von 810, nutze Token ZJ4rrVkqp6ijxEHoW9Q20K62iEb1KGcv4Tc7D7zC. Statuscode 200
Durchlauf 112 von 810, nutze Token IRcvZXpVyZeviogt7fVSKxVLNHiHSnpcPqAhnVPp. Statuscode 200
Durchlauf 113 von 810, nutze Token J81k5fPKJHwNZkeaIEMSZdtD9fIS81nOMpHYXPQh. Statuscode 200
Durchlauf 114 von 810, nutze Token kLOoRhN6Z91OFtgHY3iba5JlS30xlgLqyF5NDADy. Statuscode 200
Durchlauf 115 von 810, nutze Token bofaiLJO33IftJHaaysuAbPWdwR1QD1mgGFaUVRh. Statuscode 200
Durchlauf 116 von 810, nutze Token 6XuAaLlZ24SC6cOj2IpvudOHfdzaHKZ7EjR264r6. Statuscode 200
Durchlauf 117 von 810, nutze Token MwYgHrH7GqM3zrH4ujIwd8oa2o3xrnttgmTaMlWW. Statuscode 200
Durchlauf 118 von 810, nutze Token Iae5wi5CNyLAXGWUAolwzQE73hZxhhTaYiRCWL2k. Statuscode 200
Durchlauf 119 von 810, nutze Token qmi32sqYC3sy6p9R8DgHy9iReUhkGvEN0rLTJrAb. Statuscode 200
Durchlauf 120 von 810, nutze Token 4of1SzRFXAsfqeXWsmMRP3Vw1kixEyHYSyNa01jo. Statuscode 200
Durchlauf 121 von 810, nutze Token BCOwygfjLHftu23h8gKPcZhDCwPMhWzkWfd2G8dC. Statuscode 200
Durchlauf 122 von 810, nutze Token Gh99z5uOA25MY2RDpbrOBJB0JdXpu6CJqT3GxrPe. Statuscode 200
Durchlauf 123 von 810, nutze Token GzhNO2oy2pjdgsqjSd4VqyD0yiCorHa1NYjWtsve. Statuscode 200
Durchlauf 124 von 810, nutze Token RZxN5aMcsWsadk9iXYfXWsepg7SMc8wOvej7kGT0. Statuscode 200
Durchlauf 125 von 810, nutze Token M2BPjSUcvbNC8bcczklHa5piTE9x9QxlBraYwM9I. Statuscode 200
Durchlauf 126 von 810, nutze Token utGSmrsYCE5FvkfqFHfXNmfX8Vx9T5N7fBoRfUsd. Statuscode 200
Durchlauf 127 von 810, nutze Token 6wi6wouOZCOM3zOGUyXZHPBOhW2EGA1K7cSaPMQm. Statuscode 200
Durchlauf 128 von 810, nutze Token F0ln5QxLPy96udBwkPgHafpcLnBV2w5E0wjiPpcv. Statuscode 200
Durchlauf 129 von 810, nutze Token cYKm2B5C0xnfZyuzBVVs0rqyU3nMmwxGXB7x8ICL. Statuscode 200
Durchlauf 130 von 810, nutze Token yO1HjqG8DPLmIgBLu1onAKRVMIj87woOf1zuLNxJ. Statuscode 200
Durchlauf 131 von 810, nutze Token K9jvfGZXmWaHerbalafRVRJS2B3Oj9r14YxCEdaD. Statuscode 200
Durchlauf 132 von 810, nutze Token Omn2raWrZZgavSYsVMsXVGiFrlw26Plu8DVFTV0Q. Statuscode 200
Durchlauf 133 von 810, nutze Token z6ZQ3GFY7fhu5LOy3ojiRjwpBJbix2POWtRsVWwx. Statuscode 200
Durchlauf 134 von 810, nutze Token 8rspCG59ED6PnAZtZ5mEAtwPTgOC7WcEEVaKEVZV. Statuscode 200
Durchlauf 135 von 810, nutze Token lNHlWTDrNJApdAGzJcaLoQ9Kye9FKejkJ1PcnONa. Statuscode 200
Durchlauf 136 von 810, nutze Token kBfmuPu4dNQrk5S2oCLSCCsw6S7yty7HFvzZZxuR. Statuscode 200
Durchlauf 137 von 810, nutze Token NsjUX4EG3yVw4Op1zgCNEaW74xngRBc3rGMinnFe. Statuscode 200
Durchlauf 138 von 810, nutze Token WKKuAhiC2mCMRtgH3m0k0bHnGGEaUN8bTitrk96t. Statuscode 200
Durchlauf 139 von 810, nutze Token vq2pjcrB20KYzJ60wcZV2kS05UH4xdTyI9Ub1Hin. Statuscode 200
Durchlauf 140 von 810, nutze Token KaeYs0uxo0czcoY3IZQjBqZornvvpdJIRGSb6Ggi. Statuscode 200
Durchlauf 141 von 810, nutze Token v4r0pEuYQJnXN0zjBgweZ4OpA79b13ocpNDuGoZX. Statuscode 200
Durchlauf 142 von 810, nutze Token IJl32WrrZp1StBwMzrNqYJfTQuBDW0eGjOEizbK5. Statuscode 200
Durchlauf 143 von 810, nutze Token 6AvHnaHiCwlJ28mMBpn6vEncdcZHqP5zYIGWPIFR. Statuscode 200
Durchlauf 144 von 810, nutze Token SR67knYOCGerb1KMlGKUZuM2sGWGOmtRVBEXn8LV. Statuscode 200
Durchlauf 145 von 810, nutze Token hudkwCYtjmMj9N6TtymgHc71iIBoCxfZcrGgJcZn. Statuscode 200
Durchlauf 146 von 810, nutze Token r6D5GKJJnkxn0K3KeLcc55qEbemPc5wSd00rZFeu. Statuscode 200
Durchlauf 147 von 810, nutze Token kbDh30ZbG1nPKRlg7QXITw2evjc2dmvMYuMOK9Bx. Statuscode 200
Durchlauf 148 von 810, nutze Token 5kBMLMfPUUXmzbMCu8kTSRtAVJevekytbvE5xuPq. Statuscode 200
Durchlauf 149 von 810, nutze Token Yx9Q6t9h8lzbAcGPIXFUfagAcnL7joCdu7WVdqrO. Statuscode 200
Durchlauf 150 von 810, nutze Token NDBLwMNvnNrxefkEQTTPZnIoam6JyfleAzD2afC1. Statuscode 200
Durchlauf 151 von 810, nutze Token rskximAXMeEsSAcp0DufjztjjUPkmzNnLM1GBuik. Statuscode 200
Durchlauf 152 von 810, nutze Token vmZqKRCcX91AVj1Ofvf2cLwx060SSO9jI3OBqt3l. Statuscode 200
Durchlauf 153 von 810, nutze Token 44rxJGcmTXeq171jXZhqyByU99dTFOGIf98l0EVR. Statuscode 200
Durchlauf 154 von 810, nutze Token QgL6U39db5e6vAJWXXpXVms7M2MoXgItIRtfMSVm. Statuscode 200
Durchlauf 155 von 810, nutze Token pe5lSlqTXLH5kJE2AIVnL4H3PH3L0RNKbnO0AKwB. Statuscode 200
Durchlauf 156 von 810, nutze Token qfnMjtvc7Q5xbJmP8vKWWb1KuEppqWio3XtYF9qT. Statuscode 200
Durchlauf 157 von 810, nutze Token 7mWTvN5sgJL9b1MKlT5zYsSMkJIu6Ij76FWcG126. Statuscode 200
Durchlauf 158 von 810, nutze Token 3BRcgJnZllWRzDVozF3S1qcZd4jA1Vl8faN58TqJ. Statuscode 200
Durchlauf 159 von 810, nutze Token eYqcajNTrVbJkiuzdXK15NXkUmK1YKuCgdGTCPHX. Statuscode 200
Durchlauf 160 von 810, nutze Token 5b8Y6HZ0tUZN2fQM06m2fEjp5LTbKzwCUirz9vmw. Statuscode 200
Durchlauf 161 von 810, nutze Token ffImd0I2O2EzR86yJr4jDkHAuoBsQ45KIo3d6TFk. Statuscode 200
Durchlauf 162 von 810, nutze Token RzP1ZSItwc9bjUxt2r94HwJRZ0NEzL1McA1MujEn. Statuscode 200
Durchlauf 163 von 810, nutze Token FeerY8QQ8UrR7qYi5WM0gsmx3NziT6q6d38ezVzS. Statuscode 200
Durchlauf 164 von 810, nutze Token WWHtGG1NpTHckUAHttDd6cKNkq4EqBZhd6SJvWOy. Statuscode 200
Durchlauf 165 von 810, nutze Token fAt3JaONftRvuQhUi2na3sdz3CatulLjdkuzhQW0. Statuscode 200
Durchlauf 166 von 810, nutze Token UV14maubncwjsQZdtXbf8AMOx4uZdk1ynStoRHeK. Statuscode 200
Durchlauf 167 von 810, nutze Token bCqmd3wuZmKH54aKYbzTqSglfz1m3BiaQzhqe2Zi. Statuscode 200
Durchlauf 168 von 810, nutze Token aCtKcMOIqTNHnJkDT3UCC1wVnwj05jl5SxzpsjLz. Statuscode 200
Durchlauf 169 von 810, nutze Token qe9PNV5lCWi9ALrW8oXbMFi0VnsKAXhndFpizkhu. Statuscode 200
Durchlauf 170 von 810, nutze Token VCmj3irQlSTShC233qDJkmTvOPXSHSNGMUO3MFiM. Statuscode 200
Durchlauf 171 von 810, nutze Token ZlFgNMhV15mwKMd6eQRrmmcoLDbTQbmGi9xefmC3. Statuscode 200
Durchlauf 172 von 810, nutze Token Oq6VSOdVNofPBm7OBoFA8KYDDodhLwPtaUUr60fJ. Statuscode 200
Durchlauf 173 von 810, nutze Token hSr8IIBkxGqx9WFA9ytiPUVtTqM3E0nRWY0MyKfw. Statuscode 200
Durchlauf 174 von 810, nutze Token yckr6k8nqiK8YJrVM8GLyNU2CDlwra6ZV8dWCZSr. Statuscode 200
Durchlauf 175 von 810, nutze Token 3FIbIqqKQf4j6kukNrYFQRih1awCWpinjQfmCBph. Statuscode 200
Durchlauf 176 von 810, nutze Token QyU8VLieRmy9lBvdtZpLlGfbhGyX4gor6E3hqMcL. Statuscode 200
Durchlauf 177 von 810, nutze Token BXB6HkWmaIMKTS8wezo68ucACpWBehEekYEFWfRE. Statuscode 200
Durchlauf 178 von 810, nutze Token KqQBx4Gat35VMM6TgsXCyZxZojouIxv8l5Uq9Hxt. Statuscode 200
Durchlauf 179 von 810, nutze Token 5uBinv78zS0h2UvWzTU7ThSTJfNHGEKVDdbZI3XP. Statuscode 200
Durchlauf 180 von 810, nutze Token ZiaDBqo8GurirYb99r5KnQl1ZoPE40i9xxMYh5a1. Statuscode 200
Durchlauf 181 von 810, nutze Token 95ZSExHJRop5KNOgEWDrYwb92R1Dl857xo8hsn74. Statuscode 200
Durchlauf 182 von 810, nutze Token sJ4iQoXT1KFVpmVMoxhK74Vh1jex1z7xVeXcFeeh. Statuscode 200
Durchlauf 183 von 810, nutze Token v3dKLcDWmwutugtvL2rIIuvtZDygxOZLosLSxrjm. Statuscode 200
Durchlauf 184 von 810, nutze Token BS1wR3fTBMdatkOniyEH6eMntN8wHKPsfKrJqNgm. Statuscode 200
Durchlauf 185 von 810, nutze Token UcbbGboQ4tfU6jo9bp9hoCcSr7HWFoHARSIbfSzn. Statuscode 200
Durchlauf 186 von 810, nutze Token ylPrdHH3SC57dROa1pL1ua3e4Om1nKs96rrptUkj. Statuscode 200
Durchlauf 187 von 810, nutze Token i5k4yZpwFJg6Zy8RFjlqVynJV3bU8iZU7hyZCwrl. Statuscode 200
Durchlauf 188 von 810, nutze Token 6GtCgSojS3E4AmlDh8EeJYSJWzFNYYfYhhBdSECs. Statuscode 200
Durchlauf 189 von 810, nutze Token RosuGXYfXE4qP9AY6sxFj8dTLNqn8gvFmfHwlKLz. Statuscode 200
Durchlauf 190 von 810, nutze Token fDJPA0jXnnnxMLAoqRxb3N9HBTyeuHsz0tQP6qDr. Statuscode 200
Durchlauf 191 von 810, nutze Token 8dUxX54jGODaMAF5dUIQNIwHZXCO22krlvD8cBF2. Statuscode 200
Durchlauf 192 von 810, nutze Token ZsQOeoE850xvzcPQ4Uy12i5ELoVOKaETGVVKBsYy. Statuscode 200
Durchlauf 193 von 810, nutze Token xWU6Jj1gBmssEiQoh5VudQCmb2hBbGtyjonxeWqT. Statuscode 200
Durchlauf 194 von 810, nutze Token 1cB4eItzfxd3ItPpp0xakDDYOjcRBK8fRwmJjfAK. Statuscode 200
Durchlauf 195 von 810, nutze Token wPi67e2FKdhmUP4t5KiIZp6kT7DiIFO6Ki5DuUSy. Statuscode 200
Durchlauf 196 von 810, nutze Token U6ncJtmEayC4nazEnJHrzX1ev8qwKm6bveLcfykZ. Statuscode 200
Durchlauf 197 von 810, nutze Token fU9mF5CYkl87x7EL3LJMJeYBdY3Ox5i4fKi3vxMt. Statuscode 200
Durchlauf 198 von 810, nutze Token g4nHDJmbdDTYXIhFDsiJFu2QBgV4xDaGPpZXKyMF. Statuscode 200
Durchlauf 199 von 810, nutze Token qGMSmp8THVmQr0Q5Q3CfSzT01Vf7IO0gTJGiPN0c. Statuscode 200
Durchlauf 200 von 810, nutze Token cmQ8hywrUa9HGb4XzFbAkWs8aPesZ5mc5xV0JGJK. Statuscode 200
Durchlauf 201 von 810, nutze Token 9AC2izh8xiEf2x0EQQ32Qk6MCeDvg1LyTWYY0rmU. Statuscode 200
Durchlauf 202 von 810, nutze Token oPHeRMygkXy5xtuShVPfrHeTF45izaFYCe3dxTR2. Statuscode 200
Durchlauf 203 von 810, nutze Token KtQP93rLi12zdEwO6AqgD47pE4nC0AzOSmJC065w. Statuscode 200
Durchlauf 204 von 810, nutze Token nR7HgdwqZEr8YEbLar6zpLWzJGVoTmO8xO36PbzW. Statuscode 200
Durchlauf 205 von 810, nutze Token AWX1Uup85tBTmqxeYUg2VZ4cTHrJ9fOdiGKJ5ZpK. Statuscode 200
Durchlauf 206 von 810, nutze Token 3tkb2eimLmJ27K1Ilh4TUINvzWZOrXwKHyfaNhxE. Statuscode 200
Durchlauf 207 von 810, nutze Token YQsYgBpJGuM1zXi1EP0nfiVPF2ZtEvofM66Cj9na. Statuscode 200
Durchlauf 208 von 810, nutze Token AGDzPk7iNEmfCFqTKeQMOIqnzTFNXDX3pAGFSMxU. Statuscode 200
Durchlauf 209 von 810, nutze Token tBuAfGuJo6dJwvQ9aXjCY04u6MTrFScID4ugyJ0N. Statuscode 200
Durchlauf 210 von 810, nutze Token szKYkew77Sr9QE9JGrjqB3I1OwHRPUHet54P8k7m. Statuscode 200
Durchlauf 211 von 810, nutze Token 02XclkwdFZmjLxZw7HB3q6sUrtdWyyxYudHZn6xi. Statuscode 200
Durchlauf 212 von 810, nutze Token YqVSxSxuhWSawRBVkeqDthp6ugzUzPjGYNn79CE0. Statuscode 200
Durchlauf 213 von 810, nutze Token 54dtBmdRo8lcqxoGACXEGGGDNP75rdHRJej4jlHz. Statuscode 200
Durchlauf 214 von 810, nutze Token uPvYlqKPybBppks3ginrOMxcik6843Vp3Dp0zdia. Statuscode 200
Durchlauf 215 von 810, nutze Token 2WNCZmAk0gKMMqkcIA0XfS7FFLEWhZWMOJDthUGi. Statuscode 200
Durchlauf 216 von 810, nutze Token QY9BPgBLMHus86gaGGgLWtQfRLe81ZTkI0QzK4Mi. Statuscode 200
Durchlauf 217 von 810, nutze Token MzWlV8UAzzGcmpTMcje7RLM83NlJfyiBDo8miHir. Statuscode 200
Durchlauf 218 von 810, nutze Token GrS1HJ6Vz3bC0q9wy83hzKTckwaNxzMR8dkyml3a. Statuscode 200
Durchlauf 219 von 810, nutze Token ZbEQhO6IkGlDxKk7ydVVHCBBD3jKBvxPDreV52ht. Statuscode 200
Durchlauf 220 von 810, nutze Token ZvQqjDvQgZNtHZev8zV0yhcPZiJCJ6YntOOFMPjS. Statuscode 200
Durchlauf 221 von 810, nutze Token YqfPvEHXv8UV0EklFnVwWjtYPLE8Q6Ux9nhNTcWx. Statuscode 200
Durchlauf 222 von 810, nutze Token drrSuPXxDoH588Fr6XLmhghtUL5QaXxfW3eCHVKi. Statuscode 200
Durchlauf 223 von 810, nutze Token Wg8LmEuvaHw3orowq1ECdooYc9Wu16NldLM8lRr1. Statuscode 200
Durchlauf 224 von 810, nutze Token rOcbXM2iXHJjrkjEbKtHOTa1vC0QRtLYGVZkDcfd. Statuscode 200
Durchlauf 225 von 810, nutze Token BLQsFVVYWrZYS79N7ld9XrSyg27ApU6cU1fcK4a5. Statuscode 200
Durchlauf 226 von 810, nutze Token DD5kzZtbpQviSX6ckutoTa00DMEW8WilAJT8ZrQ3. Statuscode 200
Durchlauf 227 von 810, nutze Token X7QltHlpiAKp3hheTzU8oB0co82NKwbMDEjT58Em. Statuscode 200
Durchlauf 228 von 810, nutze Token 4RVKCdjdnRFGmNxBNTKj81x1UM9TJ7wbCO7xuYPQ. Statuscode 200
Durchlauf 229 von 810, nutze Token OjySjPJwLv4hmhPaXuQ8DD2eZ0Xc4FPa048KxqHO. Statuscode 200
Durchlauf 230 von 810, nutze Token rrFMNLYIpzPw87cSpf8PFuzyJTE8Og99mayOTQbu. Statuscode 200
Durchlauf 231 von 810, nutze Token B39uqjBx1ExtieRKu0XKNKaRH6k0V2YfeTGpaS88. Statuscode 200
Durchlauf 232 von 810, nutze Token ke7pr5iqXnoOesaXbHiULQFlgrasfB2zSopnUN1e. Statuscode 200
Durchlauf 233 von 810, nutze Token yRvnYZr1NCBkSZR4EiYvqpayHMiCwhMKaDdanbDJ. Statuscode 200
Durchlauf 234 von 810, nutze Token RhJFmpDGU2ZdBWZ6WM6SweQFrYaYL2aMc9JdajXp. Statuscode 200
Durchlauf 235 von 810, nutze Token oUP6G5Jcf6IBn9aHSaeqBCvvoOvGpV0htqTmtIlw. Statuscode 200
Durchlauf 236 von 810, nutze Token oGORwJWSlSWDRQopIJ2XIwTzZTwuSl1ZO8Ct9611. Statuscode 200
Durchlauf 237 von 810, nutze Token x0HPn941E54vbs4Iah4jziwuHw98YwKlXXqIp68W. Statuscode 200
Durchlauf 238 von 810, nutze Token 1IaJZkyjSMzkG4kfQlfpVcE8yjegvuJo5S44roas. Statuscode 200
Durchlauf 239 von 810, nutze Token zalX42czDLtecMlFHbNeLkCPwa7QcFh84M3Z2O0P. Statuscode 200
Durchlauf 240 von 810, nutze Token rIxJAOZyq7M3IxPPLcjWl0PcEw8rqh9MSBWl96Q0. Statuscode 200
Durchlauf 241 von 810, nutze Token Tysb4I1Ba1yA0IVvVHsSQ1iliLA3v6tbgS2CDS0K. Statuscode 200
Durchlauf 242 von 810, nutze Token EP5yCrJicAPnVUDc0X5ieDGvvOhquzWAby2yQMhS. Statuscode 200
Durchlauf 243 von 810, nutze Token B4FDyqhJyzr8ImExmaI4doF5KBSSRyTyoOMl6oSZ. Statuscode 200
Durchlauf 244 von 810, nutze Token 8ML5W5uKMmRWEyTGKUzUhBEYdVFsRWj0VviZeVl8. Statuscode 200
Durchlauf 245 von 810, nutze Token LfL8mh9aIuUoxSox4f34zpQuZln0IVb60UZ6HMJi. Statuscode 200
Durchlauf 246 von 810, nutze Token pZlqzSkkkKXMX73ruD5G6tYbpiD245ZLnSskPMQ5. Statuscode 200
Durchlauf 247 von 810, nutze Token RU2ZsOYN6pan2VXGYXs6AQpwcOkSk1o1WhApc7mI. Statuscode 200
Durchlauf 248 von 810, nutze Token 5J4IxXO6SAoygxSkm5ZW1o9ZyYuFTrpXep3yGNFA. Statuscode 200
Durchlauf 249 von 810, nutze Token XTGlehGrf5VkoJORrq86athnUwc4XtQgfiLkVOgq. Statuscode 200
Durchlauf 250 von 810, nutze Token 82ScwBwu6FFkuYGzTMWjUNoehdY4TUIaaMWcJLQE. Statuscode 200
Durchlauf 251 von 810, nutze Token HFzZ6vl6aobNXsLebj1ImcBRsE2KENlidCGucMgj. Statuscode 200
Durchlauf 252 von 810, nutze Token BeuEiGcG3bNNL1tesQ6BNyXKDKErIp2BcHOC0FTA. Statuscode 200
Durchlauf 253 von 810, nutze Token cESVpkhdikFysfSRm92Yef1maNvvfqVFWiGvjOR4. Statuscode 200
Durchlauf 254 von 810, nutze Token SE0l4oIbFUCuL04QrcjPrGeVm7yMDjzhjl3XBkpf. Statuscode 200
Durchlauf 255 von 810, nutze Token FLZVYHHtcOXpRD99nl79dDgS1xpBi4GFcu3ac0Xl. Statuscode 200
Durchlauf 256 von 810, nutze Token aiu3tMg7ep5IJI22EuyRaHk1kKNmx87Xk3kxZFp3. Statuscode 200
Durchlauf 257 von 810, nutze Token YwquhmSnqFwPjoeeEtQrBAbTptHdyGtWbHC9tXZK. Statuscode 200
Durchlauf 258 von 810, nutze Token wU1AKAxMk7q2eR9fa3LLY9sIX1WuSHH9V6gOqsAZ. Statuscode 200
Durchlauf 259 von 810, nutze Token 1WcXRhMEIM3uwNS42lSDt1nAj7ffGehr9yJTG6d0. Statuscode 200
Durchlauf 260 von 810, nutze Token EVRRqtzoACr1zEl42rZxUnU12vuMVLwX5jl3CeTS. Statuscode 200
Durchlauf 261 von 810, nutze Token PayUyvOwiD3g0V5dy8LhA27d0uGq7SO4c5OZm8hs. Statuscode 200
Durchlauf 262 von 810, nutze Token 7QNFtnZv5jDdApxudaGqm4AhmXFbzc5swgwIVq8l. Statuscode 200
Durchlauf 263 von 810, nutze Token CSRtj7WKFs1tAssnZt84POlFAGVaW8tSHHcaCCgs. Statuscode 200
Durchlauf 264 von 810, nutze Token mJ4L8S2ZTVFszd9HvBER2MIkH9A044bIgOiTb9s3. Statuscode 200
Durchlauf 265 von 810, nutze Token yeinVECuN6j7MVdx1oXkqnQQayr7YYMVPeB9qEZv. Statuscode 200
Durchlauf 266 von 810, nutze Token fuN4RdPF0dbTpA2XNcCcYOXqKvKM0A9cQIAhCczu. Statuscode 200
Durchlauf 267 von 810, nutze Token 3v6zvSRLTMLR7nG3GVw4v3PP03QqWuDzwDPejmOK. Statuscode 200
Durchlauf 268 von 810, nutze Token AClQqiOWoZb3j5Q0rQMux9TRQmGUYzR6LbBbC151. Statuscode 200
Durchlauf 269 von 810, nutze Token hE6Qm12e5cVVQpUsUJV0INZnERGEm8ND9tXg9oET. Statuscode 200
Durchlauf 270 von 810, nutze Token EffjQtjyaKZOkv4GbwA7YNalumMFMvp2toyJj8VZ. Statuscode 200
Durchlauf 271 von 810, nutze Token AhP6JBddfaG5e43Z5sNsmFM3KlnaCYle69lS6GKD. Statuscode 200
Durchlauf 272 von 810, nutze Token fInlQd4fNQphsefOhQv5m4JhI9i2tF4dTFGpXcrh. Statuscode 200
Durchlauf 273 von 810, nutze Token H0v3mZhB1tnRphRC70Bdq42Z8gsbewBSpqNhvbPQ. Statuscode 200
Durchlauf 274 von 810, nutze Token t4BBl5Xc5HPoLmfEejPGIDyhWwgMy9ZSiFfrq9eQ. Statuscode 200
Durchlauf 275 von 810, nutze Token rtIzWu14ESexQRTtinoTFuyn2xbckjhJcQBZMWqd. Statuscode 200
Durchlauf 276 von 810, nutze Token v8IZ8p505LoaPhDPXgaBQfyGLP3L2RSZejfCb9UM. Statuscode 200
Durchlauf 277 von 810, nutze Token iWF3iiK6e6dzqlMGLTxUgW34tDFPaicBLym3hWe0. Statuscode 200
Durchlauf 278 von 810, nutze Token STKHW5qZ1YV3D9nDbApUdGGu7Tpjz9Agpat2PcpU. Statuscode 200
Durchlauf 279 von 810, nutze Token TVBvGwMqVIXkQA5COCxuftTCsIQY9n29vVxvRCeM. Statuscode 200
Durchlauf 280 von 810, nutze Token RkoW3A766M0l5GcMKUUXXTaLutTcpQ4XEeXtsjXK. Statuscode 200
Durchlauf 281 von 810, nutze Token rI2dXmu6rwicdQksmjbcjKPEWS1Nfonmoj8ZjUT7. Statuscode 200
Durchlauf 282 von 810, nutze Token 0Aajhh1uFt2LkCuEp8oh1MkU4Oo1Y9qJKYsZSrCU. Statuscode 200
Durchlauf 283 von 810, nutze Token EUMs9O6BsZLdV0FPfpSz2mlRx6nL79R0gNBlRPTX. Statuscode 200
Durchlauf 284 von 810, nutze Token eMxdzxkDjX7tdQnNiOoxZMHC80oJNTksGayHFIUa. Statuscode 200
Durchlauf 285 von 810, nutze Token X12azZv78Af8EU1W8rVeX76jwhDUCVYkGpwnMo9L. Statuscode 200
Durchlauf 286 von 810, nutze Token CoRXB0gm5XCNOq7yxsAXihiTtAI3Ysoy0RKkkHrL. Statuscode 200
Durchlauf 287 von 810, nutze Token RsxV9yzWmK9nbc812worYzlNcgqTef7ZT05l37Vu. Statuscode 200
Durchlauf 288 von 810, nutze Token 3jfrfppQYOoiWXyLH1bJAoWntl0tC0R8V9C2farG. Statuscode 200
Durchlauf 289 von 810, nutze Token 9J3qf0thwwrbDEOPnao17o8tUr9sStw1GZ5RJvo8. Statuscode 200
Durchlauf 290 von 810, nutze Token zrwT9xNsVDA0qXe19KjsQi17Dozml1sSeAiSX1sB. Statuscode 200
Durchlauf 291 von 810, nutze Token F8Psl7IwZ2uqtWwXW7J1cBUI74pEQdiwRbvexw9M. Statuscode 200
Durchlauf 292 von 810, nutze Token 2F8aHQBYV2VJeauF1f2kA7e36qxzI92PTvpeWTwt. Statuscode 200
Durchlauf 293 von 810, nutze Token ALkwYWkpxZdHfBzw8gTxOhVFlMJJmvEdOUbWAXDs. Statuscode 200
Durchlauf 294 von 810, nutze Token ZLrbGilvZqL7C15rzXOJsBhpWkaPkXcvCfoqh2Mj. Statuscode 200
Durchlauf 295 von 810, nutze Token 14zvGEZsUj8oZktED9Bag3uLKCqMQXV9zMwav5lq. Statuscode 200
Durchlauf 296 von 810, nutze Token Sp91C8mk0HxD5krHu8cVEdjsiM10WtlH48uwTKno. Statuscode 200
Durchlauf 297 von 810, nutze Token UfnQXvMoHTqtWPaXVKo7OQFFE8TggXrZh9QyXlpO. Statuscode 200
Durchlauf 298 von 810, nutze Token 2fzlIUD558c8AedfrNrpHRncS9MUv0e0fqj61Roz. Statuscode 200
Durchlauf 299 von 810, nutze Token 2MsCgQEF9LGQ6b2SI5lbgrA7EDR3WeKxbkap3ITX. Statuscode 200
Durchlauf 300 von 810, nutze Token 60TEtBXSaqTzR20AshSo8zXEuQ1C5TwDDVZcI2gA. Statuscode 200
Durchlauf 301 von 810, nutze Token OmsaSD7tkuitWhuXZpKEaM1T392yJk37i5qgd8E4. Statuscode 200
Durchlauf 302 von 810, nutze Token NqnwivcuGeH5A8X7cFcUo2WQYfQE5nOb8wlwY1oJ. Statuscode 200
Durchlauf 303 von 810, nutze Token pfSpnQNVkuLaSSToZl6bHG5qFbDj3yVGTC7N2vWH. Statuscode 200
Durchlauf 304 von 810, nutze Token Fw4LgqId92BhZB9VRaP21qXJX5tp3TmMY5WoH4k5. Statuscode 200
Durchlauf 305 von 810, nutze Token Jpb4Not9AaJXCRTNgWjemcpg8EDUoNtjj36Fgh4y. Statuscode 200
Durchlauf 306 von 810, nutze Token CesM1DdFhL2MT1TuxPXhQwArGCCKyRNsaJXclyS6. Statuscode 200
Durchlauf 307 von 810, nutze Token xZ5DUuNIFmGU4Nl6NXyxbDg0Cfr7FFxj25oqy9CB. Statuscode 200
Durchlauf 308 von 810, nutze Token rfHRGO7gptIYJSs24zid2y7ULZIvKDWT2p2K32lY. Statuscode 200
Durchlauf 309 von 810, nutze Token D87NfM0zp6ZCXOpvPiMWK2T7ulIOpGQ1S9bSVd2B. Statuscode 200
Durchlauf 310 von 810, nutze Token l9zCishXvci5NrBtuLoImj9hWtwkVr7aPpazRhDQ. Statuscode 200
Durchlauf 311 von 810, nutze Token DZ2PrqV19AH4UDVzGN1HJ6BJtlHfMxD7HM09goT0. Statuscode 200
Durchlauf 312 von 810, nutze Token WD57dM1dsvdXAemugu1Ywv5bPjVmst1Pra8SIHil. Statuscode 200
Durchlauf 313 von 810, nutze Token usrrZcljq1uIWnZXrJwk6FOCqdNsZYWY0gCzWPHU. Statuscode 200
Durchlauf 314 von 810, nutze Token QNZRZTp4EsOeChHMkoYg4azhhUaYjloHyiGjjcQ8. Statuscode 200
Durchlauf 315 von 810, nutze Token 4opKrluDFEFYpTiAPR7dK7DJPxh74WujmOqlLd4D. Statuscode 200
Durchlauf 316 von 810, nutze Token 1nYreMbyLbjsXdJE2ddDUyr8TAXZFN8HgywGTXS8. Statuscode 200
Durchlauf 317 von 810, nutze Token cP7FX3YIqmIZDybz9dLJAcULfWbQGtWRCgJ26m7K. Statuscode 200
Durchlauf 318 von 810, nutze Token YqQfiWmMHFB85vwliv1C9F2ElplKkmys6Sk68Rxn. Statuscode 200
Durchlauf 319 von 810, nutze Token 8aYvx9qp9cIwkQ8pHlDrhIFbU29vPuIzdVg0x7fp. Statuscode 200
Durchlauf 320 von 810, nutze Token lqjA7qOpeKaW6oQwhIJRwbCSHdFwzH67tWSGmaBA. Statuscode 200
Durchlauf 321 von 810, nutze Token byGygdOQTulQLsXdb0qWazBi4k6UoAjuJorN5Pc4. Statuscode 200
Durchlauf 322 von 810, nutze Token BauKV2Xis982kv3LJ8P0Az1LmEXGaN3dMUI6YMAR. Statuscode 200
Durchlauf 323 von 810, nutze Token Z7JKRoU3ZU0TGdbT7zYNb4gb04kmv0Ew4VwSiLNV. Statuscode 200
Durchlauf 324 von 810, nutze Token IQoKL6yL4ClrACYBftDtSreKRmIVdsPfPQYuMGbF. Statuscode 200
Durchlauf 325 von 810, nutze Token dswRrzWDta5DbtzLrkKiDH0jUEBTwQUOpzsix6Ap. Statuscode 200
Durchlauf 326 von 810, nutze Token D3k9eVzwtWYKQwyZWUGKRhXvVApjaHtPa0V190Iz. Statuscode 200
Durchlauf 327 von 810, nutze Token uvPrMELoFsM4SoeV8b1EGe6Tqp99z2IuTnxjCxvZ. Statuscode 200
Durchlauf 328 von 810, nutze Token dunxHxiyB1Hb0IEE6iAWSd1P5SfGHyiWLon23NPL. Statuscode 200
Durchlauf 329 von 810, nutze Token eg88WJeeqGNadvcvUFOKQFbBM1D4xyzbeN46lXZx. Statuscode 200
Durchlauf 330 von 810, nutze Token GSQFmbGTd5MAIVK3YQeGvsLpe9K1dj3pJXrYzHPG. Statuscode 200
Durchlauf 331 von 810, nutze Token T2rr5ZSvf4vSEMt2hCbKW0dsLlxbyCiZ47Jvw7zu. Statuscode 200
Durchlauf 332 von 810, nutze Token KPuu87kNEOnfHtP0WVJahoyVqbJmkV4m42xzrrAJ. Statuscode 200
Durchlauf 333 von 810, nutze Token vNz6WlYfroXKSrSrkTt7mqLKpup4iKkMgEiSrxuM. Statuscode 200
Durchlauf 334 von 810, nutze Token SUgmYnyHDOG5zqyxvJKDRSJM6mPjU5bKQJU2jylE. Statuscode 200
Durchlauf 335 von 810, nutze Token SJHbtmP7HRAgYxjTD33GMkZ7mM8rstkYfhCDH2oK. Statuscode 200
Durchlauf 336 von 810, nutze Token hnXO8wBEsOmevizvEbVFJaemuZCQJpMTVCwpgsH9. Statuscode 200
Durchlauf 337 von 810, nutze Token D0qfKu7foHyzOF2HpYgULy7G8DHk3DaIelvIhH2H. Statuscode 200
Durchlauf 338 von 810, nutze Token B7v08dmB8dKuLaImSPeICNh0LqxQQP7mnqzQFvyL. Statuscode 200
Durchlauf 339 von 810, nutze Token 2hQ14K6y4FOsPeZnO8zw6ptdW30uzfFqz2KpOhxW. Statuscode 200
Durchlauf 340 von 810, nutze Token EONPv0XIhnHxzEy60PiXvZZ3abG0t9WUXuVQiJ4g. Statuscode 200
Durchlauf 341 von 810, nutze Token UDWGvsBNXDRQoxLt3raLuu0kJCniGOilU2lPCLa5. Statuscode 200
Durchlauf 342 von 810, nutze Token WnjawpEY55oNuXMMQullOB4nnyE98uG2uonNOHht. Statuscode 200
Durchlauf 343 von 810, nutze Token ElwtwVr5u7m5h3vF0rhRnLNpwwedRihPVCB8GYsw. Statuscode 200
Durchlauf 344 von 810, nutze Token OI2kzEP1euK5mQWOWuOdj4sTNgLxCCy1e503puTx. Statuscode 200
Durchlauf 345 von 810, nutze Token WjWOvuvrkwj5XAHqTZGwTBYFzT9dvNhvwOCXRZgq. Statuscode 200
Durchlauf 346 von 810, nutze Token e7tMeUgTrt8fuJbDBOOIsJMB1RLZtgIfFxy2NBWO. Statuscode 200
Durchlauf 347 von 810, nutze Token y65GXMp6eIHQBHq1e93WZIyxqRa2myxNHBjlsBZD. Statuscode 200
Durchlauf 348 von 810, nutze Token 4c6Ws0niZHMet4zNENEir5cZJbPDVt7qVQDLuIr0. Statuscode 200
Durchlauf 349 von 810, nutze Token cAMqoqtd2F8M0qMt5POTAd9wJuX6cYY7uv6tyo3r. Statuscode 200
Durchlauf 350 von 810, nutze Token 5tKdouREeH5YYKqlOvRyYJmYjZvB9TVxQzbnImCi. Statuscode 200
Durchlauf 351 von 810, nutze Token qO1PPR3URTd2bRY0JKl9lLER3waYJ5f3Z2P6JGb9. Statuscode 200
Durchlauf 352 von 810, nutze Token iIebipeFANbCZhrQHReQDvDd3rW6hPX4vpbLwcHH. Statuscode 200
Durchlauf 353 von 810, nutze Token QMHGKINtHmziijY8pBV2aLcyLz6Ws20Qa4PqjBJC. Statuscode 200
Durchlauf 354 von 810, nutze Token G3CMoAg71lUh2jSEouLjnaqTHAeW7n5uoF4brhN1. Statuscode 200
Durchlauf 355 von 810, nutze Token BSEo7UuqlAipZxsZSjYmpBuMKdFen9CCoi7iWnRm. Statuscode 200
Durchlauf 356 von 810, nutze Token wwwZnhJIGDM2yILtAn1hZ4X8d7Eh3dQtvOLrdrVX. Statuscode 200
Durchlauf 357 von 810, nutze Token 4bzz74h60OFzVkdfuW4ZNG1GOrBIenvuUvp8B2iN. Statuscode 200
Durchlauf 358 von 810, nutze Token vCF0IWvnlrboU12GcgmBfOYIWfyGMhWIsMxIWyrH. Statuscode 200
Durchlauf 359 von 810, nutze Token tjJcl96jBDKgWGvXEUS3ywUNeN4QQjXliWZV4cQM. Statuscode 200
Durchlauf 360 von 810, nutze Token HbNsBs26dFlnkqidIdBRrAxuKd6qrMQE2BHpmz47. Statuscode 200
Durchlauf 361 von 810, nutze Token fTbJna1gBo4nsUoTRNyjAWi6QCtW3hDFS51eQvEN. Statuscode 200
Durchlauf 362 von 810, nutze Token g5KOQhHGACTpXLZfsb1tLpg58oAPkYESpcmFuKt0. Statuscode 200
Durchlauf 363 von 810, nutze Token KifRywvehvaI6cdEgnaDYil0VcNUSJU75Ez9OVoS. Statuscode 200
Durchlauf 364 von 810, nutze Token twsvZ5jIzLsCu5nLsb7l4PhWeFxHwANCVerGSoA7. Statuscode 200
Durchlauf 365 von 810, nutze Token PJaBavpux50s8yUXCWwkrHaVdVqytlPlEHzgicgZ. Statuscode 200
Durchlauf 366 von 810, nutze Token KmWOBYQpUn1d5vcZQfpFq9Kbzey1VoJ4HtcgZmcY. Statuscode 200
Durchlauf 367 von 810, nutze Token sy1vONCNFz8zwqJtdP2cgWSVgiDTc2ZxOTxvTNfj. Statuscode 200
Durchlauf 368 von 810, nutze Token IwQJEt1tPLqpoi1n1l60w01KUY6FVUOsbaPcKZjv. Statuscode 200
Durchlauf 369 von 810, nutze Token 8ZmiWsZWSVrdYvTeNsjGljin2sgYZdcSFAZWomaL. Statuscode 200
Durchlauf 370 von 810, nutze Token FwWEkI35qSLTVurwYZ9qABmNmJ7hCuEPsBlJn58g. Statuscode 200
Durchlauf 371 von 810, nutze Token HsnFq0xuQy8uGTHU7pmJiZjRgMeU921zdVrEar2i. Statuscode 200
Durchlauf 372 von 810, nutze Token B3K5YXl8sqWa2YnVpM1rq4Twns9a5ql3Nbk3bX5Q. Statuscode 200
Durchlauf 373 von 810, nutze Token Tq30ap5G7M6BgPSX9xaJWDiTjr9KFZqzekZdfNdI. Statuscode 200
Durchlauf 374 von 810, nutze Token ajO4Gn1s11Nr9p0QOXSWJCKsB6pTjLPGGqxT1ikp. Statuscode 200
Durchlauf 375 von 810, nutze Token JyrKBBLCqsmdjToujZni0tmBxZfrgldX8yVJTWM1. Statuscode 200
Durchlauf 376 von 810, nutze Token FxiTuyNKaJ8YK3KWThnPmMs1lZ22uYgsrzGtdWHh. Statuscode 200
Durchlauf 377 von 810, nutze Token u2mlMjDynAjkRkzS4hmgeXzj6f5h1MZCm2QfvR4i. Statuscode 200
Durchlauf 378 von 810, nutze Token sR3sD9TntJdkSMX5lsMDhPyRsxf4CyryzVzqrabz. Statuscode 200
Durchlauf 379 von 810, nutze Token 5oiTpL9u2s5OZDTlAcOCs14u1pgwx4VEyJ3fVtfA. Statuscode 200
Durchlauf 380 von 810, nutze Token ulbn7vP9kd5g1HDoTMNQyNjF8dpb692W8MRPh5tE. Statuscode 200
Durchlauf 381 von 810, nutze Token BUq1dxD1iQxKsHrEIrePnxo9lPh2hIFC86NBL8E2. Statuscode 200
Durchlauf 382 von 810, nutze Token BmP0geLyyl7pSwxb2AoIHeovm8pROuetfvqg3lD8. Statuscode 200
Durchlauf 383 von 810, nutze Token jLi5NqRZKUhKHU7CgJagecXTBwgYEKV2mZhyilyr. Statuscode 200
Durchlauf 384 von 810, nutze Token DMQH6ocbiBgcEnqmQDzEC9GM4gEptBkLtJ08HW0W. Statuscode 200
Durchlauf 385 von 810, nutze Token wQ83cFbMasDr4RHu6osJh0sVhWrsToAEe0LGGBeb. Statuscode 200
Durchlauf 386 von 810, nutze Token of5nvP0bXTLLDij2MiXDrwKBjngqc4iAs5yNsBR0. Statuscode 200
Durchlauf 387 von 810, nutze Token y6yNhjuU8qG3gInF5FLg9qyjciBfqADtnED1EYMQ. Statuscode 200
Durchlauf 388 von 810, nutze Token xRB8conhVO8nHASRuE6hBZZxKmmOjIJ69mzlPDHr. Statuscode 200
Durchlauf 389 von 810, nutze Token cfuVlVGy13RW86QW6l1qkX7nYukZjzBvMffrG2sZ. Statuscode 200
Durchlauf 390 von 810, nutze Token wUNx7xsUvjErQS2F7lZUgofpyd9IYmSR09ZEIRJi. Statuscode 200
Durchlauf 391 von 810, nutze Token u6OoBt0KjvVc3ok3iYaNQkiztF87wOtznZFNPxfv. Statuscode 200
Durchlauf 392 von 810, nutze Token Vga6CxmvQqrq9A0mvhmtjrbOsE2X8DOdbDFUJRFM. Statuscode 200
Durchlauf 393 von 810, nutze Token IBFkNZ0vhzOgFKX6Hm094CaLRkD8ITleWpgzcTaX. Statuscode 200
Durchlauf 394 von 810, nutze Token V9sU4HZlPcLXUMdlAtBuoMuz2bSlhxeIxEEe1Gg3. Statuscode 200
Durchlauf 395 von 810, nutze Token rH7V3zdqUjG4L0zTJjxpLsLB9MheSWufVb8lQpZ5. Statuscode 200
Durchlauf 396 von 810, nutze Token gPj4QBUsmAzMrGKFpAwSJFZ9cFcJDq0kxY84AtOO. Statuscode 200
Durchlauf 397 von 810, nutze Token T9UwrLpt9DSyGBYVO44xok4je7OmM1aYpXYumgJ2. Statuscode 200
Durchlauf 398 von 810, nutze Token CCj6Fq3zbgqgiEmX5bScvLrc8G4zTDZG1NanBh9C. Statuscode 200
Durchlauf 399 von 810, nutze Token 1ZOg37fF7VJMlhhymzE5JKIuHmBcXG1ROAq0SXjj. Statuscode 200
Durchlauf 400 von 810, nutze Token qF6ZBko4ThCifOWANhFXSmcmtZczZZI7Ajlzmxnl. Statuscode 200
Durchlauf 401 von 810, nutze Token gbvDEEBMWPDE6oPJpDEfy3EqbnuuintqAVUxPoc4. Statuscode 200
Durchlauf 402 von 810, nutze Token 7199e9AGnMa09adCvgFu53PWrrkWbRtqwKoOmKLD. Statuscode 200
Durchlauf 403 von 810, nutze Token 3yczMD84DZurMxj2sUdNcnW8CMLlhz9MNd5lGIT1. Statuscode 200
Durchlauf 404 von 810, nutze Token uAgEuIl3ZA5wI9Ls2Qz9NmFi6ypPDPgvysPx50vh. Statuscode 200
Durchlauf 405 von 810, nutze Token F1uRDh9GFE0ZmcFV0pZg0QggslatGrYjnBkAMvW8. Statuscode 200
Durchlauf 406 von 810, nutze Token bb0EsfXT5ng3qS15ZRN7tCCRD2T62YAVhbFoO4K8. Statuscode 200
Durchlauf 407 von 810, nutze Token Z7b6wHsT3KFkmA1401wunlwF6JWAfcNHtenafA9y. Statuscode 200
Durchlauf 408 von 810, nutze Token dQvoep3jbhpIFHORoBSGlFlQwC1dpbLCzX0YPbUr. Statuscode 200
Durchlauf 409 von 810, nutze Token e6pIm6VwHfIIklKnx1oXUxgYbxOtLg3BEyQYaG6c. Statuscode 200
Durchlauf 410 von 810, nutze Token TDQFtZ29QQUNHgJeFUF5oFukMwjQBfnKP4hpEoQz. Statuscode 200
Durchlauf 411 von 810, nutze Token 5Yrzqp064ShCbvjcr4lXPGGjmKrKZw4SBZDVWbSu. Statuscode 200
Durchlauf 412 von 810, nutze Token BLr45ZZMl3AAEZEQL1JYauyQbCl1avixcphV8hkh. Statuscode 200
Durchlauf 413 von 810, nutze Token JHJupDpcP3jM4KQDbHfLaYZYN8tgzPt07vi5NM9r. Statuscode 200
Durchlauf 414 von 810, nutze Token 37wz35dItvsQIHM6SYS6A5NBVZREtnmfYcDYXl88. Statuscode 200
Durchlauf 415 von 810, nutze Token axWeBI5GvH8rFloM7c9W1vd0GY5B5URX8XdBCytV. Statuscode 200
Durchlauf 416 von 810, nutze Token FmIXADjE8de42uW7i0YLR7FGjVlb1IAkgjObKfqi. Statuscode 200
Durchlauf 417 von 810, nutze Token Weh8XSMDbs21VqhlEyobrvsl1j7xWsO793tdAqPF. Statuscode 200
Durchlauf 418 von 810, nutze Token qVBxzmQdslz2ifaBhz8htwOjBNT0UKDq2vJvoT4X. Statuscode 200
Durchlauf 419 von 810, nutze Token FAMorwfUs3XudbbB8T4hpRzWlXsA9Scc0DevGW5x. Statuscode 200
Durchlauf 420 von 810, nutze Token XJ6J66PCDe7kyBcbmaSQIIzdEg93nHjIm1I7rbdL. Statuscode 200
Durchlauf 421 von 810, nutze Token ODY55auBgEZMydZLSWFcWkOPc4QMTk8armkbEFiU. Statuscode 200
Durchlauf 422 von 810, nutze Token 06fDJ2gzWCZEHC0rF3DkbmW5vx6K5T59hXInBDph. Statuscode 200
Durchlauf 423 von 810, nutze Token YbupbcV0xDafiL3BetuB4UqE29ZtBViPPsfLtKAt. Statuscode 200
Durchlauf 424 von 810, nutze Token HdhEWDGLHGrEqI0tVRXqzHMj1NoWlQtHbJDdrENG. Statuscode 200
Durchlauf 425 von 810, nutze Token yvFUc03FSENj25dr0fzoNgFXIkpZjGsGWZWanDb9. Statuscode 200
Durchlauf 426 von 810, nutze Token imnSZnSA1iVXXqbKbsLljdKFEvvBTV1eUZtFqRoc. Statuscode 200
Durchlauf 427 von 810, nutze Token jFBR1yvbETvDMze8Jhwl6NMzgeswIuqqEmMrbxCX. Statuscode 200
Durchlauf 428 von 810, nutze Token C9gmMximCdjOmquNqnP65JAyP8M6RHVesiZ3LGPF. Statuscode 200
Durchlauf 429 von 810, nutze Token tq9SwkBlbH6fJdtKCRo1QcO0fZxuC6pQVG1MQudp. Statuscode 200
Durchlauf 430 von 810, nutze Token DnwbNQJS0cYAHc2hB2YNKS3GVoQm1KOyv3x7U4uG. Statuscode 200
Durchlauf 431 von 810, nutze Token t5DT1zCol2VeNxtgbDmzMCRGs7Vqp5wcMpdskP72. Statuscode 200
Durchlauf 432 von 810, nutze Token QdZq9p2S1uKI5AvlbEa0E5BnYlR3mfgkjU28mzEx. Statuscode 200
Durchlauf 433 von 810, nutze Token nTRC2aibnRpthVIiVWIym1mmInmgUq5PxoJlSvAa. Statuscode 200
Durchlauf 434 von 810, nutze Token soPwhhg7aaurKqytY272ws6QQLz9E9HamHlaspSN. Statuscode 200
Durchlauf 435 von 810, nutze Token 6MXfbmDEPnCAtmaRjGUUjm1tGf6Ae9rjpbu8gVIk. Statuscode 200
Durchlauf 436 von 810, nutze Token xekoyQuemRPz0GgHjY22aILUI8Fmi7joxDNDbPgS. Statuscode 200
Durchlauf 437 von 810, nutze Token nw4aYnCChDE3YlhW48nnDHKTlnh6u2gCJDNhnuNG. Statuscode 200
Durchlauf 438 von 810, nutze Token KoJP8rQbNJ7i2c1bQgKfKUdeazFdBRDvsLUiV7V9. Statuscode 200
Durchlauf 439 von 810, nutze Token y5oo0daqewyrHk31Sf9LFKSzwog6WI8x8B0c4nJX. Statuscode 200
Durchlauf 440 von 810, nutze Token 3EufjTT1ftI8Ieq0sWVY9KWmGvtqQKAEsgescZlh. Statuscode 200
Durchlauf 441 von 810, nutze Token kAosPyMe2pQl8epg14CpOUpTwmYu3rctawvFFPcU. Statuscode 200
Durchlauf 442 von 810, nutze Token bQ9bwAYWtkhtFPQRz2Ku7wpHuzY3AUaHx8vRHw9v. Statuscode 200
Durchlauf 443 von 810, nutze Token gXsPHOckihlmfjBKJD5AN6EzkrVdlcKnUc0Xf76s. Statuscode 200
Durchlauf 444 von 810, nutze Token 5nWqYwbYPIbBGLE0SM0XuYoCwixNAAvLCUedNyFS. Statuscode 200
Durchlauf 445 von 810, nutze Token FJY9cpXVNVarOma9clqK23cN7wYdGCp08W2feRhI. Statuscode 200
Durchlauf 446 von 810, nutze Token lGv1UPsiEiHYd0P8x2JQuoVKFJAYzjx5CHMOaTPg. Statuscode 200
Durchlauf 447 von 810, nutze Token 8Ru9iAWP5ubsbbWfWiXmGD5MUX0CFRYcbpWsgjEd. Statuscode 200
Durchlauf 448 von 810, nutze Token wUibyVkQ9YqaqeoeJIZtuxfYQxdCjinh7S4f6CSE. Statuscode 200
Durchlauf 449 von 810, nutze Token M3AqNWk30MSKwid6qzw2GW9XYgtWbWxjpzfufKyW. Statuscode 200
Durchlauf 450 von 810, nutze Token kfPCANqMP7j2PSNsd3GaEk7uX3aQZknQntY81kjz. Statuscode 200
Durchlauf 451 von 810, nutze Token zpZ2HsuvN2x8u870BRfdQguVyNt9Msl8Wvj7BVhd. Statuscode 200
Durchlauf 452 von 810, nutze Token e6jaLCZWqVUUy0R868dz9TrF0qvnIar5zr3xtcsO. Statuscode 200
Durchlauf 453 von 810, nutze Token DxEUVbu9gdke8avQmrAynQYR8CBaN8oamdL2VknO. Statuscode 200
Durchlauf 454 von 810, nutze Token MXRwRQvGBbv8LTOn6cumHXO9FpquPSwDoAQd8jVF. Statuscode 200
Durchlauf 455 von 810, nutze Token aPuaW7MDM1A2nisVIVYPg4KknnRxpC9BzXSnPafW. Statuscode 200
Durchlauf 456 von 810, nutze Token esRxiBK8WloGIi3ZltyWq1PFv17hfUQWXKluNSvE. Statuscode 200
Durchlauf 457 von 810, nutze Token ZdwypXPSwNAfQGyviQp3d77sZqJqizxJS67IXgjV. Statuscode 200
Durchlauf 458 von 810, nutze Token jwMrzpfAeV0pFOMvhN3HIyLNHoqHBFUU8Z2sXDXa. Statuscode 200
Durchlauf 459 von 810, nutze Token 1a9HVefpC674PXZJjNofSJX2y2rjr0xiTuPPSEm3. Statuscode 200
Durchlauf 460 von 810, nutze Token 9MlMLAefta5DZxF7yFLX19VxxnCwT4sysq9bJkTY. Statuscode 200
Durchlauf 461 von 810, nutze Token KwttJE2QvMP46jNBpKkPnO4RUGww22gHGBQdHvLm. Statuscode 200
Durchlauf 462 von 810, nutze Token weBKVsCpa0UWBPpRqgNXdUaMqe6ZRVZHgmFgF8NH. Statuscode 200
Durchlauf 463 von 810, nutze Token HBlmblGe23a3f6dTJUWOUQVQYDxX9NIlE1mbtlbT. Statuscode 200
Durchlauf 464 von 810, nutze Token JEdYiKgKsrIa6dvxS3jnlbO2ofJto1UgAjJSckfK. Statuscode 200
Durchlauf 465 von 810, nutze Token XdaXkUOd85zDZG1KYix3tVRGwICWeXIQuzoLtRDu. Statuscode 200
Durchlauf 466 von 810, nutze Token mBBtncOP6K07vcQcNCz6MFGCDSnc585fU3QU8Y0S. Statuscode 200
Durchlauf 467 von 810, nutze Token 0yizockd1tuov2ay7PBJ5MMV7ARKGyxKlPwqzRkH. Statuscode 200
Durchlauf 468 von 810, nutze Token Ye1LDBguvsgeJ58Ily05C5uQ7KOuC2b9pl81pBtS. Statuscode 200
Durchlauf 469 von 810, nutze Token DlHv48ICp5jmQfDOtvXDmmcrmw7HKlbDYqz1AAow. Statuscode 200
Durchlauf 470 von 810, nutze Token afuHSxrJf5dyMFcbtZ0ard2bZVYZ1OCqglbfxsl0. Statuscode 200
Durchlauf 471 von 810, nutze Token LJV1WCHFNXSBWH0ypy7TDeIMv5gw2uStpNxNOz5U. Statuscode 200
Durchlauf 472 von 810, nutze Token HJIxzQv4eobpESb5uPZHRY8zTLHwBbbOJKcuWDrA. Statuscode 200
Durchlauf 473 von 810, nutze Token I4K7LNj78r88VRT3S5wwh7cQKA0J7xBFlMgq06zP. Statuscode 200
Durchlauf 474 von 810, nutze Token 6I5HS5UiZeo4v7GBdqYsVVA8akRGADMGJGW6mznH. Statuscode 200
Durchlauf 475 von 810, nutze Token rJMk4cZVNep26xSyaTuq0tMJ08ZEyCbKjX2ln1bt. Statuscode 200
Durchlauf 476 von 810, nutze Token w6fQo7lpsr15dE49iaPM290SL0JrcacQSa8Vhygu. Statuscode 200
Durchlauf 477 von 810, nutze Token I7l0BTt94DFxP1928KcPk6LUZ3UAWaL0oHVP89pZ. Statuscode 200
Durchlauf 478 von 810, nutze Token p7cv33ef00gznHFiOvQz4LmV5SMhlRQBaOSkgbld. Statuscode 200
Durchlauf 479 von 810, nutze Token Vala0noElmpJamncfAWhNq6iZd7NYvQgWxBmcNgu. Statuscode 200
Durchlauf 480 von 810, nutze Token mMtrBq1ScgjYivp6WvhKMFigFx9El8ysSzmpyQS1. Statuscode 200
Durchlauf 481 von 810, nutze Token 6UU3a9acpcnjoNflu8wkTIcoNvVL7DxbJnTbdX7p. Statuscode 200
Durchlauf 482 von 810, nutze Token b7767WGOfBa6zLuwrJElN3PIEAmV3TMdoPXUe1zc. Statuscode 200
Durchlauf 483 von 810, nutze Token CKQaDjJEFpYtfBt8D5KRLdYNzttBa26A1e9xsDt9. Statuscode 200
Durchlauf 484 von 810, nutze Token OVFnXbzmPOpLyTmHko3O3sZTcjO8xyoxyBUHhiCM. Statuscode 200
Durchlauf 485 von 810, nutze Token Vmyo1fI6XbgmmV2vsWU3XCid8xFJHM7LtbZO2mXC. Statuscode 200
Durchlauf 486 von 810, nutze Token tWiQ59IJ8od0LqJMBOAHlyFG32GWRTZzOQTme8ZE. Statuscode 200
Durchlauf 487 von 810, nutze Token pAnJgkiUvsrHV42SlH52E6WjCjZezpkIZZzImMn9. Statuscode 200
Durchlauf 488 von 810, nutze Token WET9HhMM4Y52P9CukzjCHoUOSyjftDsaANgYN5rE. Statuscode 200
Durchlauf 489 von 810, nutze Token RQpmWOUwWf17dOIcl2eb6SaxSn3TylswFRxDXCI5. Statuscode 200
Durchlauf 490 von 810, nutze Token YS90voOspEkNljOX8bpmfJpNLlQQmFgbQbBUdGIo. Statuscode 200
Durchlauf 491 von 810, nutze Token YyrzxFVbMq22ZcVxGnGjalu1UKwkKa82Q871iYsU. Statuscode 200
Durchlauf 492 von 810, nutze Token aonVurKpXhNouN5Jx71NNvwlNHNMF040CI0R0Rkp. Statuscode 200
Durchlauf 493 von 810, nutze Token kxqFFuEtklThuQtiNmWIXfHmijh3oZq2DuSYhTHV. Statuscode 200
Durchlauf 494 von 810, nutze Token iY7Av0VethQU4PQLkeht90x4AdCxB7ZaBdmZLjGx. Statuscode 200
Durchlauf 495 von 810, nutze Token nMyjTJCShWvH8d7DcIsefa30CxsSoe1PazCUeIY7. Statuscode 200
Durchlauf 496 von 810, nutze Token NrHjXVbBo6oDvhQmSoYXahLQMybhJKhQuZme7420. Statuscode 200
Durchlauf 497 von 810, nutze Token qgWBHSC7zi9N2K3yncywStRgYhws9rAbvv6AGuvL. Statuscode 200
Durchlauf 498 von 810, nutze Token aAj40cYITu6TV8a31h4xZIYXLlxCvNKAvHAmL8Op. Statuscode 200
Durchlauf 499 von 810, nutze Token 6OS3C0vcEaEO3t3K1tGOoAKsTjkr1KHhjSFOm9qS. Statuscode 200
Durchlauf 500 von 810, nutze Token ku4NesQrHtY1jFsSnyzLfE53YAcD13s6xyhbxh0T. Statuscode 200
Durchlauf 501 von 810, nutze Token IcCmdOh3Eveu7JmtwRPpwHiZuYCN4Tgnl6MKvlla. Statuscode 200
Durchlauf 502 von 810, nutze Token 259APjPJfTMk9WIFhaMUJ1Ulc1w88vE9wNdRMHHX. Statuscode 200
Durchlauf 503 von 810, nutze Token EWcFQpvAbGqiqLCWF8SVuIH4utWt2WfakpKpj5i3. Statuscode 200
Durchlauf 504 von 810, nutze Token 19oUhvtQ8eQTQ8WOzQgJpliUIn4owiCGlMmem9XH. Statuscode 200
Durchlauf 505 von 810, nutze Token HLiXCPoepv0Dny6RYKzn9iheOb6Qxk6L5QUDmcRp. Statuscode 200
Durchlauf 506 von 810, nutze Token kiOPLDDKHWSNymBAtKzkJgzU8xelPWLz6HzjN4pI. Statuscode 200
Durchlauf 507 von 810, nutze Token auH1vrdVWhNgCsJqnKulEX5ejPBuuQNvkNK3jrzJ. Statuscode 200
Durchlauf 508 von 810, nutze Token ArH2FWKCAmmiqSTjrdzrDWBYV56EM9g7StwJtJNn. Statuscode 200
Durchlauf 509 von 810, nutze Token OfpFlQCTSrzZFSnPMdSoMfJxSuSuBzNN09XrbmqA. Statuscode 200
Durchlauf 510 von 810, nutze Token YaGVPHrONvR405hWIka9pyzSlpASMTCeaHqbRwdn. Statuscode 200
Durchlauf 511 von 810, nutze Token nQtI7dRzN90KPgPA4GteRMAkC6KYpUHAD0O4eKLe. Statuscode 200
Durchlauf 512 von 810, nutze Token 0uiGbVogaoROA77FTgoIKOoQHsADjj6QMBEs0fZi. Statuscode 200
Durchlauf 513 von 810, nutze Token 2kexnDwo0YangygHCzNzYokVssY2HttKZPIczFRx. Statuscode 200
Durchlauf 514 von 810, nutze Token 53qR6NLu1i5qb6jeaQV0WDS2o7G8oQpIJDDxVff5. Statuscode 200
Durchlauf 515 von 810, nutze Token tzEJzLcPoGwKfy0ekWYBYRSlFGDmEsPor3nhsIoZ. Statuscode 200
Durchlauf 516 von 810, nutze Token IB01gn5rmXnZZIyN7g9UYCNh9lPfkQGwR6Vag6NI. Statuscode 200
Durchlauf 517 von 810, nutze Token ClfAC9KfNUOQYPAPHvgXKvnxvbpvA8D3czrNXvC4. Statuscode 200
Durchlauf 518 von 810, nutze Token FUziFlL0oymwQds7hsc3zSDaHXnrxaDJxLZhdt4o. Statuscode 200
Durchlauf 519 von 810, nutze Token KM2dxBpiJXASlPM2QVbOZxHW3ToOKrURv1bdiGA3. Statuscode 200
Durchlauf 520 von 810, nutze Token C2CkPcVanTiKVhrC0mTfJz7opKnwwiUcUDYcgdgV. Statuscode 200
Durchlauf 521 von 810, nutze Token PJo2LMiuAOPgIkGuBnWndHQNpRzSGmirj8VgBUwY. Statuscode 200
Durchlauf 522 von 810, nutze Token S3fAx51lmPblCQe73MyWZkD2XWgD1Y3y68d13cUD. Statuscode 200
Durchlauf 523 von 810, nutze Token lVTlq6bq5msgpksTxrrl5m2B2FmGVvEuYJyRen5f. Statuscode 200
Durchlauf 524 von 810, nutze Token GoMqQ7lMbAT5eNVSv6VQEtPYVoLPCCDo9iPc89fP. Statuscode 200
Durchlauf 525 von 810, nutze Token olKZyssAc0b0643CEqZiaQfC8GmjSzADkAtMfXs7. Statuscode 200
Durchlauf 526 von 810, nutze Token MZPCacvNeVKoNC6LssvEOrh5kJycFSe3mghUi5A0. Statuscode 200
Durchlauf 527 von 810, nutze Token 9sY2VZW0ThP6vyb0GjF2RpzZv1dBnGAxA0ARJ4cZ. Statuscode 200
Durchlauf 528 von 810, nutze Token RvI3GYyRf8dSmMfsfNLuDvVIA6vzpMub03r8nvLF. Statuscode 200
Durchlauf 529 von 810, nutze Token lAfMFPEWPPQlpiAW977ZLjUXGfdHV0LXdnrx78kr. Statuscode 200
Durchlauf 530 von 810, nutze Token tWtwuf67DQqGW0EkPMU9cbazMqyfyRUgs6OklF8L. Statuscode 200
Durchlauf 531 von 810, nutze Token Ee9swanleiutq6NBjen5vsS6HlWFmUMqY6P4MLB8. Statuscode 200
Durchlauf 532 von 810, nutze Token jrmHgyOV82nOSp9liGxRU59MltemjtVjvDw4zuA6. Statuscode 200
Durchlauf 533 von 810, nutze Token 04rZlQXPlisgaNtu9DmPPbBlxdFlDmHf2npTib2c. Statuscode 200
Durchlauf 534 von 810, nutze Token c5fkRmNKMaxr36NV0x5O6CawdBZ5ukW0AUCD1ShX. Statuscode 200
Durchlauf 535 von 810, nutze Token WwVth90SzNU2GYnQKv0xnaL6dRIxZ8EvTInQdyeQ. Statuscode 200
Durchlauf 536 von 810, nutze Token scUFM0gPJmiWsVec2RmjiaPZ5s0KLqkJeDU6bLy4. Statuscode 200
Durchlauf 537 von 810, nutze Token QkD1rIECPxJ2TKXW8seOOZ954W9EUqO7QNjq9MUe. Statuscode 200
Durchlauf 538 von 810, nutze Token VXOQiS4eK7teLGmqGl3fVBlp2Q9U48Tx4EP1kcCV. Statuscode 200
Durchlauf 539 von 810, nutze Token 07MihIwZodNKOJLKSFiS53dGIHCNG6FZh2DDgDp9. Statuscode 200
Durchlauf 540 von 810, nutze Token KrWH1m50Zk8YwFnIZ9HFWEeeD3wIZKjVPRnOTE61. Statuscode 200
Durchlauf 541 von 810, nutze Token qPmNfQTInIoYDFl3E67GakMMNrmMDRzvOCS7A6NW. Statuscode 200
Durchlauf 542 von 810, nutze Token M55CwJE7ZQBBvF775GWsnZ8bzuSKzBtg7igkURNo. Statuscode 200
Durchlauf 543 von 810, nutze Token WEk1HltIadDXwa7BRxYYACfqvRwXlEST3HPSWHZx. Statuscode 200
Durchlauf 544 von 810, nutze Token Ex7PhLw1Gz0dJeW2HDg5uHbaj21Az5YTMIQBsqnW. Statuscode 200
Durchlauf 545 von 810, nutze Token 6myZGNE2MfbJTco5FiG6Ha8sqaYVNSwMl08FE71s. Statuscode 200
Durchlauf 546 von 810, nutze Token TjUyRopgimslH7dX95aLVqZdZ1n2je7qvTCDyvam. Statuscode 200
Durchlauf 547 von 810, nutze Token yX8MM5SYkBYjIPalFnK0KbrEKyGGBhmNgguneal8. Statuscode 200
Durchlauf 548 von 810, nutze Token 09fpSakBNGTuUVTZWutYSf4WOrFIShwC32Z5q6tW. Statuscode 200
Durchlauf 549 von 810, nutze Token y4pR80Tq08agWkZX7CR5JKKJUYqdIeecpOSsJFrw. Statuscode 200
Durchlauf 550 von 810, nutze Token dTpUo7XutMDR86JHC5ucObfQdvd0NKh9svVAnaCZ. Statuscode 200
Durchlauf 551 von 810, nutze Token 3phTjt9zeYXRGZoQ2rR6dKajXMBX6PLl1ztVKgzu. Statuscode 200
Durchlauf 552 von 810, nutze Token xgSPDmQ3mAsUAzUpLj2JTtfenmfU9uENqXYqaORc. Statuscode 200
Durchlauf 553 von 810, nutze Token nT3SFBqri86oUwq77GJMxqZw7pBbyitS6vAn8rz6. Statuscode 200
Durchlauf 554 von 810, nutze Token wXdHxCD75Ipn6TV58XvrEWwHqnnSgUqKtyYyPDdx. Statuscode 200
Durchlauf 555 von 810, nutze Token BzdlMAX0xP7D39vZO9cxulD2XbeH3Z2BjtpyJecO. Statuscode 200
Durchlauf 556 von 810, nutze Token 5Zu1hrYSX2lukxvRoYf88o3qMabVu5yRW1cfoZnO. Statuscode 200
Durchlauf 557 von 810, nutze Token 5vNgaZSzl1xq3RzHEmEpCMTJRaFQSZVzk1Hc5NvR. Statuscode 200
Durchlauf 558 von 810, nutze Token K55xDnRJKyRLRjqYvzTUorsXMSei19UxO9EeHAAT. Statuscode 200
Durchlauf 559 von 810, nutze Token GckhcYMDsNDS7WCGC0AhlhefQEjQrZ0pApdL69Ff. Statuscode 200
Durchlauf 560 von 810, nutze Token hoRjF0J39CHKTqlZgcef5yXE4nwEWBvza4OCPAUU. Statuscode 200
Durchlauf 561 von 810, nutze Token qnwApZ019qKVX5ysSkWrr2ycxGAM9KWsnQdNF2Ng. Statuscode 200
Durchlauf 562 von 810, nutze Token Y2e086ED4jdBjyOshsiOAbplD6NzN599wHdhsuSH. Statuscode 200
Durchlauf 563 von 810, nutze Token 98rnqp7lFpdLvkmWwWjuUMTlte3KWDqCtWQ46xtk. Statuscode 200
Durchlauf 564 von 810, nutze Token ZRU9w0d2OjsBQFDGhkxPaEfsfC1MXGpoA4L8r5pU. Statuscode 200
Durchlauf 565 von 810, nutze Token RhnLLVncwsUMQ5xPA6XF1Vt3bjsZoFjD0RwrRfAS. Statuscode 200
Durchlauf 566 von 810, nutze Token 9vx3T7SqvWDBfnLP4HXS8Csq1x1epKxuWFBg7glt. Statuscode 200
Durchlauf 567 von 810, nutze Token 2y7bLl101uLNM9BebmfPPASEVs6lGJ7ksA2p9RKf. Statuscode 200
Durchlauf 568 von 810, nutze Token pprKvWWeddZ3ntoDuJ1wZlyc21DNb3aKj23pAIV4. Statuscode 200
Durchlauf 569 von 810, nutze Token r4nu5Tg9hKiALwMZJfqOYCZxth6VHZVIYpclmHF5. Statuscode 200
Durchlauf 570 von 810, nutze Token n9AQFZiraqMk509FqxyuFkWw6aAuDoGIpPJx8XSK. Statuscode 200
Durchlauf 571 von 810, nutze Token AwTqPASeEcgwS6BvdeOytt8wf8Gqhpwzd1b1RKRg. Statuscode 200
Durchlauf 572 von 810, nutze Token WIgBrTe32BXp4dBBhJ2Remr60Uo4mvrc1ypijC81. Statuscode 200
Durchlauf 573 von 810, nutze Token lz7xUZt2Wkj8CphQG34XVCnyEvU1YyDMHy79VF9c. Statuscode 200
Durchlauf 574 von 810, nutze Token 1KpgvaNxXPKcUciL1UCJGpBtG5N5H8eH5gM2uQUp. Statuscode 200
Durchlauf 575 von 810, nutze Token MzmqLmzGyMgZfQSd4Wg4oz0mfUfejl9YxZCUx19T. Statuscode 200
Durchlauf 576 von 810, nutze Token zxiw1k0cmmxNlXkj1S777WIY50TxXuRdRc9UoOrd. Statuscode 200
Durchlauf 577 von 810, nutze Token eTkRPYquiWSXX3f6KkifmmuH70bPozyc7ORBUDE8. Statuscode 200
Durchlauf 578 von 810, nutze Token 1l3LooxCaUc6iLH0Kw8OHYLDXRpYKhMGjcrJcpuo. Statuscode 200
Durchlauf 579 von 810, nutze Token qFDfYZp3ABfht9XE9S5ADgWGLioJwEyLd1AHfIXr. Statuscode 200
Durchlauf 580 von 810, nutze Token xkaovZ2V4ynZERWfYmI29OJ6mm73Fyo7Nwo9dgnL. Statuscode 200
Durchlauf 581 von 810, nutze Token Tk43uqA0gzdY1SpMFc5OBX9fvQFrW8UQhk78fraS. Statuscode 200
Durchlauf 582 von 810, nutze Token lBf2aVDaZWNCe4XoFLKCO9WLaIpPUAIAsYRml2GZ. Statuscode 200
Durchlauf 583 von 810, nutze Token QVSWKfedxtncqjzng2Uk0DisKtheRMI1yEtjZpok. Statuscode 200
Durchlauf 584 von 810, nutze Token 81VYqWbWGta7nIWKKWqEGKKtXOTqBcAW6GFhW9Ba. Statuscode 200
Durchlauf 585 von 810, nutze Token xIN6M3ErnQIfpatJlagvyUGTKfaoaABGUxI3RSlI. Statuscode 200
Durchlauf 586 von 810, nutze Token 4zE3O27n3Bzj2l8gLMEs3b175lV4yjbdK8fryPwm. Statuscode 200
Durchlauf 587 von 810, nutze Token fkqLNeG899yU2hQi967psrg5PSug5VZPiJJYZWyS. Statuscode 200
Durchlauf 588 von 810, nutze Token vOfaUmYaAnCQqtwN9GzqBk6ipazIJcvocmi1OU20. Statuscode 200
Durchlauf 589 von 810, nutze Token dIJRTgRQ3mJKkSStcx0jjrte8WUH6yDE1hkve8MO. Statuscode 200
Durchlauf 590 von 810, nutze Token IFtLTfgOyNyj6P5UggK6laahm9yN7keXHdhfha83. Statuscode 200
Durchlauf 591 von 810, nutze Token f3DTPJI7DasgTAsqLnH21fazAkANjp9Lg5u95mps. Statuscode 200
Durchlauf 592 von 810, nutze Token cs8OC5CwPCQ3ErvIh713NKqChDtnNHPbzqwy8FpQ. Statuscode 200
Durchlauf 593 von 810, nutze Token 7iAUt6CgwKEwOuFxlLdHv7aYQGmtMrtfLiruVZWB. Statuscode 200
Durchlauf 594 von 810, nutze Token SwyoIfChjVnob5iJeidoq7pKXCJelkH9Zyw3Ki78. Statuscode 200
Durchlauf 595 von 810, nutze Token qfh8rrVcwvvVPeIlUBvU62FHQNZYiEvZgd93JbBP. Statuscode 200
Durchlauf 596 von 810, nutze Token LHKtS0guSeMSdEoog6jdxaUOcYX2tdbjg7m2A4MB. Statuscode 200
Durchlauf 597 von 810, nutze Token dho6NlCyZkLbR4BkcayYi6amy3H1xNFSz8IwZd2u. Statuscode 200
Durchlauf 598 von 810, nutze Token ZU9uos5c1wBGoD4fVdGgTrRFFtnazMarh8WCmWiv. Statuscode 200
Durchlauf 599 von 810, nutze Token gSkJF4o0i1HhZ06WB1L6HDg5gtkpTRITBOHkQBCS. Statuscode 200
Durchlauf 600 von 810, nutze Token NzyPoCj6xuqPSJ0UpynDiU6mtA4UgOEnx05fmxrA. Statuscode 200
Durchlauf 601 von 810, nutze Token u7VDkN9NSn5uX5hQD5UuKSqC5Y9HjjxhkXE7l48O. Statuscode 200
Durchlauf 602 von 810, nutze Token LzQLO9u6uauxohkhWXgB6byAkiJ4Ueuc2T6rAfVt. Statuscode 200
Durchlauf 603 von 810, nutze Token oVi0yS4sNLd6TSalKZCbipSJ231qEGo8SCEO2Lna. Statuscode 200
Durchlauf 604 von 810, nutze Token z6yD1eZ8MVA4jErDcV1Xt3sq90wPWHRJQuQhueAt. Statuscode 200
Durchlauf 605 von 810, nutze Token NOxsp9445u3Zf2GW8XWHTePBqrJcP0vgDKnIPdPS. Statuscode 200
Durchlauf 606 von 810, nutze Token gU6MLN9tW1UlgmLrIvb0MS402bgO0KkOCcKdLErB. Statuscode 200
Durchlauf 607 von 810, nutze Token 31yndzlwPfMkt3LFfB0TjOt1JC8njDZJ013Ju8ar. Statuscode 200
Durchlauf 608 von 810, nutze Token zIzeDrAj1VGjbFzMoq5Z4nUYhDA1aVtD44U0AY5Q. Statuscode 200
Durchlauf 609 von 810, nutze Token V5aOstCYMzhVm7h6JFfQii2yy1GUwBTxOf83SvlZ. Statuscode 200
Durchlauf 610 von 810, nutze Token jHSZGEtfbUPt8lrBhB4tHLtMTE9c3tpPvyySEF0i. Statuscode 200
Durchlauf 611 von 810, nutze Token M3JzD8ToXHrIxJfdEbmfEAoT4I7MKzyoBFelv6cX. Statuscode 200
Durchlauf 612 von 810, nutze Token yUZA94M9LdSJ3qpcOeSvf08l2A2RrBVDZvh7rIo1. Statuscode 200
Durchlauf 613 von 810, nutze Token dbH8SlWsP0LsBbhNWLZpCJayNXIuKM4T6PVHkgq5. Statuscode 200
Durchlauf 614 von 810, nutze Token tL9WMnn8kDiBlubOxQz3CQc6c5ln4R5darih4Nh6. Statuscode 200
Durchlauf 615 von 810, nutze Token y4KwUuopscjVqgseN2K3d29EDzfR6WG0Ccl6wpdz. Statuscode 200
Durchlauf 616 von 810, nutze Token 8wFyp7aUNWxdkkChtHmossF90F0K6EeNTbD3GPlo. Statuscode 200
Durchlauf 617 von 810, nutze Token tdLDmXM0YqAW89lKtyESJczpF3XADoUa0TERxaRu. Statuscode 200
Durchlauf 618 von 810, nutze Token sQBwCOGF7GJMv1QdcFwDBaAzZfbqbAdMGZ465tZB. Statuscode 200
Durchlauf 619 von 810, nutze Token 0f44D8dPzQWqAc33fcMPNSxkLxfYl5ttiPEUUWke. Statuscode 200
Durchlauf 620 von 810, nutze Token H7IbYJGeK05P2TAGwAGnCi5CcGJeuqDfOutsBDf9. Statuscode 200
Durchlauf 621 von 810, nutze Token CyWNZZccj9iKTxLR8NY3bCi7I3iRkrmukibq7ZFE. Statuscode 200
Durchlauf 622 von 810, nutze Token bgauUotc0MOuri7a3QWrgBsEY780jHFmn0efKStH. Statuscode 200
Durchlauf 623 von 810, nutze Token 41biUBDEqxvrHBCkHfBrZbskDGeChqdG5ANGfjCh. Statuscode 200
Durchlauf 624 von 810, nutze Token Zn8vaXaLcxKV65edZeY7jYMOrkPm9mBFx7GeEydx. Statuscode 200
Durchlauf 625 von 810, nutze Token omLiPnRnZqKol8B5HaNQIDKeYtaSjWn9VIbC0JXq. Statuscode 200
Durchlauf 626 von 810, nutze Token hf1Kwri6mX7ubwO5lkWQ0RYao85tr3PyNWyaJN1h. Statuscode 200
Durchlauf 627 von 810, nutze Token zMa19T1Wl1zDnO4XcHH9aboAXFrNI5s1HhRrL8RX. Statuscode 200
Durchlauf 628 von 810, nutze Token Sl1EiUDQ7j2dQFPTk36P6sjZarvWcXtaWtTt4jm6. Statuscode 200
Durchlauf 629 von 810, nutze Token 1Np5fbCnPUW6318fSv3Nsymeik7BLFO1GqWK2NyG. Statuscode 200
Durchlauf 630 von 810, nutze Token hgtXcYkLkjrzEEo03ULHWkHkKtr6VUrSuk9W3gc7. Statuscode 200
Durchlauf 631 von 810, nutze Token rNwaYUtnpzhRkR8cCeUWER4afbFiw67wMnZ72mZn. Statuscode 200
Durchlauf 632 von 810, nutze Token oEIEWqCAmcqgAe7ZAXPrZVy9yKCgICx5HLgd9aVH. Statuscode 200
Durchlauf 633 von 810, nutze Token ZImoiLWSUr86t6dVAJKckAwqkwUsEVpfR8l8POq9. Statuscode 200
Durchlauf 634 von 810, nutze Token ofMQJTirwbUc6GlNNyM8KRDvmj4r7wo32rAXIKyY. Statuscode 200
Durchlauf 635 von 810, nutze Token 0iczMcVpl7xR5I7hYprbzqKqk5MsE7bnrD2xlYxg. Statuscode 200
Durchlauf 636 von 810, nutze Token uUZvtIBq0Sb6CwpRiKBjeSKYm2yGh9Z9rth3WHwu. Statuscode 200
Durchlauf 637 von 810, nutze Token Zy5lwQiRUCdm4MzYjr9M9ClnUtRHTgDqrUFRFayk. Statuscode 200
Durchlauf 638 von 810, nutze Token nBGOSFKubap0lkWftJm4FUdqvKM7bWD6fIKHHibi. Statuscode 200
Durchlauf 639 von 810, nutze Token LIFhOeMoGpQ6c1U91mi9OKZQxwUQp6kttrhhvdXc. Statuscode 200
Durchlauf 640 von 810, nutze Token cr0vvEHkFI5O5IG0DxcsrGe1Dx71yGjzO7ilahHN. Statuscode 200
Durchlauf 641 von 810, nutze Token DKPUMFXTxbgadH7NQutjTBTWRdd0JSbCHMXh76zC. Statuscode 200
Durchlauf 642 von 810, nutze Token 8dEFjZi6ZKcrLKxCH32QASABBBVhcktymA3tzekv. Statuscode 200
Durchlauf 643 von 810, nutze Token YCFPUHJaJTTd6iujiR4UynmR2o0SoFP0ny1g31IC. Statuscode 200
Durchlauf 644 von 810, nutze Token rqzsMCeE8J7PZxxXCa07ff21ypcFFwm39h5plNDW. Statuscode 200
Durchlauf 645 von 810, nutze Token lIipicQm5Omkr0uStIUbhU4LmnlW3HxNkiP8gZo7. Statuscode 200
Durchlauf 646 von 810, nutze Token 8jqtQJKgnjmioIug25r7zYrPhITtvpGhrQhRg4yD. Statuscode 200
Durchlauf 647 von 810, nutze Token Xxtb9SBKPxAeaEMifiAUEl30LYXykEwbvThB7eNk. Statuscode 200
Durchlauf 648 von 810, nutze Token dcVXdCfJi6PQrvGX2GwQPu02Ft7dJ1x9uj4JnxJc. Statuscode 200
Durchlauf 649 von 810, nutze Token qjzAPAJISljeNcX6StLAcsqju5FhHFI7Js0GJWji. Statuscode 200
Durchlauf 650 von 810, nutze Token MHTFk2u3T3ctK3ikZuRrChQHz9vI7fZh9TSBXHgw. Statuscode 200
Durchlauf 651 von 810, nutze Token S3H47620dnmbZPmamiwURAxKtf5MDxpElXQD6wd7. Statuscode 200
Durchlauf 652 von 810, nutze Token kURVx7znh7GtbRJydKXYEQBND0qsXKerVvOdmKlT. Statuscode 200
Durchlauf 653 von 810, nutze Token TM7FETOXMGsC0EAr5wIzcJkGRN2nLsbFoAZJl14C. Statuscode 200
Durchlauf 654 von 810, nutze Token DtumFivpXCvAMp7Qh3yqql1B3YA0KrORasfIYdAG. Statuscode 200
Durchlauf 655 von 810, nutze Token GkxOOtYCqGBUzlF7pXnXBGgty7BxKyTjBs89b8FR. Statuscode 200
Durchlauf 656 von 810, nutze Token jdppZHrOrhm58zfdiFAAEGs7mpF1HjE0zLxwSWP7. Statuscode 200
Durchlauf 657 von 810, nutze Token IBOR3PWZ4DjKNGNzMJUKx9GViVHMCOmdOxHGGAbc. Statuscode 200
Durchlauf 658 von 810, nutze Token LO6skSz1hS0o766WkPubN2k3l8EdNhboD3UhNBfx. Statuscode 200
Durchlauf 659 von 810, nutze Token maCn5Ihh36U7kZOpj1WFI5RgWEAu8JYNXhWtFVF4. Statuscode 200
Durchlauf 660 von 810, nutze Token MdlWoEYc2hatVtEzgIABFociH4D680pOrwNXXZrQ. Statuscode 200
Durchlauf 661 von 810, nutze Token KtbscgbT3YXVnBR78IHDTwamaOZ3dF72WM8wQ0Hz. Statuscode 200
Durchlauf 662 von 810, nutze Token gRrN92TgXkufSwRkmjwKQNyy7oOpsizbleSAmkH4. Statuscode 200
Durchlauf 663 von 810, nutze Token 3e21sTA6nXzFRRqmMcB1MciLcUhFdQut7sI9kxGf. Statuscode 200
Durchlauf 664 von 810, nutze Token 6jGok44TADpdqHBw7DPUJXc605vkZDQOFQmB5qJs. Statuscode 200
Durchlauf 665 von 810, nutze Token OT6unoderpmoo3xl3htLkGgLD7ZOHmbqyffRj4S2. Statuscode 200
Durchlauf 666 von 810, nutze Token AlJrkoeH48e5WjBurCaZHumnhT0LQ8aEsonenTEb. Statuscode 200
Durchlauf 667 von 810, nutze Token oxpMCROWZHqXYN4z6VtzuJe6pfHJmh1za8jEaym0. Statuscode 200
Durchlauf 668 von 810, nutze Token tSFQ7mIPXc0Izw9xZQmmBOPBPg3jenx7HoUhU0IU. Statuscode 200
Durchlauf 669 von 810, nutze Token b7Ba6wvOvSNixqXbkBkHh9H3G8nM7lt0rBAqWt0k. Statuscode 200
Durchlauf 670 von 810, nutze Token uRrnPSbohWFNrtlrlrZsJpj6TY7Ml8b46UuZZFXO. Statuscode 200
Durchlauf 671 von 810, nutze Token YgOJNHum1MALQwRpbhSBowo8AEw4SdJYC00CE514. Statuscode 200
Durchlauf 672 von 810, nutze Token 4PxIyPGcPiZzD687fFVH9qy4wq6OR0ACfRJEZ5TG. Statuscode 200
Durchlauf 673 von 810, nutze Token INkAj75Q1kvwlsxJmY1TSo4yIijE1XB4NG0QCUpa. Statuscode 200
Durchlauf 674 von 810, nutze Token bl9Jch1x2tZ4XNdZ259mpEozXG3kmAaFolBcnIEv. Statuscode 200
Durchlauf 675 von 810, nutze Token XKzwEY3PKjzDWXsLTKj4SsyyYNfSwjj2Vq1VF8vg. Statuscode 200
Durchlauf 676 von 810, nutze Token R3KFekoHU3tc9u4yJEGZFRV0uD2opeyEL5GDwJJ5. Statuscode 200
Durchlauf 677 von 810, nutze Token C3L7rWc3S6mQNZEc109HJo5EayzDqU9YaCZAgZ0B. Statuscode 200
Durchlauf 678 von 810, nutze Token JwmIW6NfiKDyy3HX1WDcE7ER7aJX1c2HHU4bPOEY. Statuscode 200
Durchlauf 679 von 810, nutze Token IMchjijCzJWsD7q2tfoBBxjl4Cq6U1MPipuTDZwa. Statuscode 200
Durchlauf 680 von 810, nutze Token lA1WVgX5Plx6ZuKLt8xoHoSXtEns3JyMPPxCXGzI. Statuscode 200
Durchlauf 681 von 810, nutze Token 7TI4qIKpk6duQxPtIKnwbl0bzvyvSGov1xgIwUjx. Statuscode 200
Durchlauf 682 von 810, nutze Token WkqDK6KKMwFHV9wWezmduDuP1LMRYYyNx7cLeEPw. Statuscode 200
Durchlauf 683 von 810, nutze Token wpN37c4TSxyp0sPvNZjVpMkSLynk7BYlAzrOq54r. Statuscode 200
Durchlauf 684 von 810, nutze Token Ng2AcrQKwbKGY0pzhYYDRabuBcOMmSGM7Ug1JffU. Statuscode 200
Durchlauf 685 von 810, nutze Token weA6TuZbVEHNDaTLY50zByEl3dTp7IpONob2l8On. Statuscode 200
Durchlauf 686 von 810, nutze Token f7fY3fK6I1Uoyf1ZkNqzFY6rqst87Dz8YTMD13bp. Statuscode 200
Durchlauf 687 von 810, nutze Token 8IEk5AgZYUJtLcEP0MWdydWivI2eJxF6cNDMF8by. Statuscode 200
Durchlauf 688 von 810, nutze Token DX8Twn77oqlVatwFsSp6qu8cbtWnjh70IwjDWV68. Statuscode 200
Durchlauf 689 von 810, nutze Token KFqlVfJCY18J05CGqVLZZphejgHgYtHXTn8g5C4U. Statuscode 200
Durchlauf 690 von 810, nutze Token J1wE9sgKxrfUx6gwGyfTQDZV4B0LmeUo49lE6Zuv. Statuscode 200
Durchlauf 691 von 810, nutze Token FfO3ZnVuBkT8UEMU7zDIEWBLrHvKswIdwktgLPtV. Statuscode 200
Durchlauf 692 von 810, nutze Token afRdEGMQQSh94UjeKCYZZ8eFi6crtnaubkQ1NGtp. Statuscode 200
Durchlauf 693 von 810, nutze Token ApI5c970JOsJNOtuDFAspzUSpXnwznd72KFS9ciJ. Statuscode 200
Durchlauf 694 von 810, nutze Token zngl71ej7MO6hX4XZRutf1S1DSN6hecuIdFC1Q04. Statuscode 200
Durchlauf 695 von 810, nutze Token hElNQXSl3RYknm4Skanq99dVnRzoYNy6wD1QDSgS. Statuscode 200
Durchlauf 696 von 810, nutze Token ukQFm6BYQRW6fRA5UBfPz26Q06HvyrJrdgOMA9LX. Statuscode 200
Durchlauf 697 von 810, nutze Token qV3xQ9gATEiWRy8HmwJpOgiUgHCm7Q788CiNK0yG. Statuscode 200
Durchlauf 698 von 810, nutze Token SeXAorSuEWB0DnBa0QaWfG6R9NfM9zcmPGZL6a4W. Statuscode 200
Durchlauf 699 von 810, nutze Token RICNuaXdMqBLdWUuuacpT8hWmscxLJbECm4Bl1YH. Statuscode 200
Durchlauf 700 von 810, nutze Token Nr3tdtYwoPN4od1CDSn1Dq3euFOMoK0mh430mhqM. Statuscode 200
Durchlauf 701 von 810, nutze Token 9ffu5cWb8ekn20di0qNsUteWEwwhPB8csmc2ldCT. Statuscode 200
Durchlauf 702 von 810, nutze Token mTBvyBp6nIVGV74YfSXUL1gCFfgSuybw22N5s9m7. Statuscode 200
Durchlauf 703 von 810, nutze Token GtvM1q3qN03tI47Df37cN8CY7iPDZiRCWccNFxqE. Statuscode 200
Durchlauf 704 von 810, nutze Token 06jh15Ep6Wn1IdZ2l09qQ7cpkfQUAGXdtpqVVls3. Statuscode 200
Durchlauf 705 von 810, nutze Token SuxVPbmJwwgfq1n6oWueE0C25s6hUiyEdqJCDdaK. Statuscode 200
Durchlauf 706 von 810, nutze Token eaAUg7ZxDbY41GDNt3ISa2b6hRsv0xGPWi58l4vY. Statuscode 200
Durchlauf 707 von 810, nutze Token wMTFBAiUHI7ht2VKeMpQG6C4PD2ihnHwlImicTaG. Statuscode 200
Durchlauf 708 von 810, nutze Token 2TbhpumAn5F0uSpHAByseESas83a33goZjUvtWZS. Statuscode 200
Durchlauf 709 von 810, nutze Token FZKs0dSu0T2MFZ0jSsXQiV0uvIfvAukCvYAwuQpN. Statuscode 200
Durchlauf 710 von 810, nutze Token 57djmFa4Z72tyguxBrldWlKVBHWbROeFIORCFgxh. Statuscode 200
Durchlauf 711 von 810, nutze Token EI2Pvqosi9QozqtN8E7N5BWpK9lG2MeC4qFR9CcB. Statuscode 200
Durchlauf 712 von 810, nutze Token ehY65L55gZuHjxJrArhZ7lMOYUnt6R5hnq8fn9mw. Statuscode 200
Durchlauf 713 von 810, nutze Token F5IX1fXZn9LEkJpFGObOoOesfNV5RklqMalMvlO5. Statuscode 200
Durchlauf 714 von 810, nutze Token 6YMZwq5yU9TIpIm2F6d5Q3q73KYDBQixW9boRB5q. Statuscode 200
Durchlauf 715 von 810, nutze Token 67QFdFOC0sYXuzH9cORDMULaBxc6UnCOsfLxrCoA. Statuscode 200
Durchlauf 716 von 810, nutze Token S0cB44BkR0hXehhKHAEvfltqs7T8ZowTQ6eRAuZD. Statuscode 200
Durchlauf 717 von 810, nutze Token ChtKUmaho4gCMP1raadC5BsuHOIKNtJ9hvz2iznh. Statuscode 200
Durchlauf 718 von 810, nutze Token zH85QuABjRPzmWOv70uQCRHHjqRjvGRx1otI69Ve. Statuscode 200
Durchlauf 719 von 810, nutze Token rpTa4Uk79ciBPtAIJQ7xvW6c2DBwQHWfECa901mg. Statuscode 200
Durchlauf 720 von 810, nutze Token kbGsNJHCMTj3Ji7pD7Vm2ivPtAaTrn5izB4l6hhu. Statuscode 200
Durchlauf 721 von 810, nutze Token 7f3lqdx3Oi8rnjZp2ywhWxV2v6eb8DTTpBLtdvlF. Statuscode 200
Durchlauf 722 von 810, nutze Token 0rTeMfyyWii1Ci4NLgPh6aDQNSG7vjxKI7IKVrWF. Statuscode 200
Durchlauf 723 von 810, nutze Token 9H1zEXn5TqSyZX1Z5k8RjipvX07qFjXTtRUucsbb. Statuscode 200
Durchlauf 724 von 810, nutze Token 6grUQYlHwN4W3uU1bSCmsL7LtBTMBFyLyA2Su8tW. Statuscode 200
Durchlauf 725 von 810, nutze Token KwjUBsytxLBBWwuLAPsve6khRSTigdvZqiZL4WRV. Statuscode 200
Durchlauf 726 von 810, nutze Token C2RPg5sGdwDvCa124dIDhp0SbuZpLK46oqreQv4t. Statuscode 200
Durchlauf 727 von 810, nutze Token gBRwZySWX5wL9oAXocXkiiMv8YqpCMuwa6LX322l. Statuscode 200
Durchlauf 728 von 810, nutze Token xeWfGoXfZZ7velspvTET0AtHl6JoAffPSoY637IY. Statuscode 200
Durchlauf 729 von 810, nutze Token kaJVoMcywNSmPKTc7BbwjzNNXc6L2bX1I31TlAmx. Statuscode 200
Durchlauf 730 von 810, nutze Token 6BHrGw0TqUnHfsdD5I6u7Z8zFH9ZKQ9GNZfXwWdA. Statuscode 200
Durchlauf 731 von 810, nutze Token oYKhmqX1ZeCmV9OKl2b7zeXRRs85DRUkNsrHba3S. Statuscode 200
Durchlauf 732 von 810, nutze Token z9tBmQoqg3akvjj3zHjTk9syFNc025RGg21Gg6eK. Statuscode 200
Durchlauf 733 von 810, nutze Token 8lO3SlB7KedD1rxsUg2tAwVnOC425DDmH5rQwbMV. Statuscode 200
Durchlauf 734 von 810, nutze Token jOeAkQ0TZBDFXtHE7nBRFo4B1PSOnr6uyLhmNRt6. Statuscode 200
Durchlauf 735 von 810, nutze Token FCDCDCym7RJixnqtwrntjJr3X4cGV6hUw4mzjWtv. Statuscode 200
Durchlauf 736 von 810, nutze Token 3h5dDb67eAhlxrxLgnX3EC0uewpUgydhqUFaPmPK. Statuscode 200
Durchlauf 737 von 810, nutze Token 1FyU2kuSkO2VZjhPoZOlcKOeON3VdS9Iottce1Lc. Statuscode 200
Durchlauf 738 von 810, nutze Token jsePYfn4sMqORvOA3RfsnNmCLhGUmm7dcsHKu6ii. Statuscode 200
Durchlauf 739 von 810, nutze Token fwpsp1jG0njcfnAIavqvu1eBJ3mKuEnToOCcxnVu. Statuscode 200
Durchlauf 740 von 810, nutze Token 41fI3nHOiK0IkGeLuu5Mi8BgYtfWEDwWxILVxUao. Statuscode 200
Durchlauf 741 von 810, nutze Token 7IvLnlOlMpoGbCF4PqCvAMZqV8DrWEZlbD9xAvMK. Statuscode 200
Durchlauf 742 von 810, nutze Token Y94QusPS49gt9hVc89NpTCByFyMpVkPQaelozgnW. Statuscode 200
Durchlauf 743 von 810, nutze Token 4L3KFrm0MDORGQoxw1ccyTz3iJ0cDNKWhOuIXW9q. Statuscode 200
Durchlauf 744 von 810, nutze Token G2h34hosIyK0FZmxmc3D2JIjfVWBusdE7uspvPZU. Statuscode 200
Durchlauf 745 von 810, nutze Token NcSg1nCKiVC8cjrI3mX6b6EYrPx4pb99pJDCRZxv. Statuscode 200
Durchlauf 746 von 810, nutze Token 250iBVqj84d3TCthP6dmxvyOncJP5ZfEA3HblS7A. Statuscode 200
Durchlauf 747 von 810, nutze Token x11SbXp0asN4NTzXE1UYgrnJNZwgDiDExr2mArX5. Statuscode 200
Durchlauf 748 von 810, nutze Token E85eJLZ5SSEHIbwigUhDoyXI3pkCOLsnBd4A3G0e. Statuscode 200
Durchlauf 749 von 810, nutze Token PMIQXjesPHZtCe80UKlkO3qlvTf3xWFD2NHgx1gH. Statuscode 200
Durchlauf 750 von 810, nutze Token l63E1SbqzX5bjN1Kq2rsfj8xUiWam6M2A8kiG58A. Statuscode 200
Durchlauf 751 von 810, nutze Token 6nJY7ta82q3NF0tojneK7R4XgJQeic5465zfctTn. Statuscode 200
Durchlauf 752 von 810, nutze Token hhGwjdkOjFtGetLu1EBVTOV20ps85nfkmeJJAZZI. Statuscode 200
Durchlauf 753 von 810, nutze Token xQqI3KL2QrwKbdgHiKJEzQbJe7AY85xeAwLbL73r. Statuscode 200
Durchlauf 754 von 810, nutze Token 2uCZmVX0T33lCCf95fJT5oOKYxe54E01rkk1A02l. Statuscode 200
Durchlauf 755 von 810, nutze Token Jwwr6fkeNN9pXiVZ6cY61A0r7qG0VDSK2XMQPtyg. Statuscode 200
Durchlauf 756 von 810, nutze Token SekuPHUyNTzW75ax4mNVknPTbFMCAg0M9aErDBnZ. Statuscode 200
Durchlauf 757 von 810, nutze Token 6T0aEM9PVp0g78hjFEbOxdRd4SmmnbxVYGrCK7vu. Statuscode 200
Durchlauf 758 von 810, nutze Token U56RMU5r033BTDQwSKMakqM8cdRH311xqik1NmHQ. Statuscode 200
Durchlauf 759 von 810, nutze Token 5mNV4TDO4MDv8pSLwRwCKMONUZNRMl1QEo9d3xEh. Statuscode 200
Durchlauf 760 von 810, nutze Token 6MlddcpPonKASX52pbUKVXVWOyNZq8KOcIPTu9So. Statuscode 200
Durchlauf 761 von 810, nutze Token BTAdrWomrxeuj1dJWqKHnOd4swKtKHaW8PWtebCT. Statuscode 200
Durchlauf 762 von 810, nutze Token X0RhUMr91xs7Nu0LrJKm5i9v2FVW8BIUXLWuQgMK. Statuscode 200
Durchlauf 763 von 810, nutze Token eKmFIckop7TGKEBXDfNNWZn45eX0tfx15WzXiPZX. Statuscode 200
Durchlauf 764 von 810, nutze Token uas1C7p5mvECXE8WIN1sJsONH6cJ3aEezNl9SlkT. Statuscode 200
Durchlauf 765 von 810, nutze Token 55qi3yjG7jplUrtupfxkQUqeXXjCTs0YVrt5kBeE. Statuscode 200
Durchlauf 766 von 810, nutze Token PCbduBozHSC3uLhKb5JiYwRUY3C1sj8xcKzBH9z8. Statuscode 200
Durchlauf 767 von 810, nutze Token W7zz0XkE5AmRBTQ7y4hI8xklpITKiYK5b2ljSeWz. Statuscode 200
Durchlauf 768 von 810, nutze Token ikvfCkiTv19Z9wKA5qRftoliQCGIKiwRb10Y4lbi. Statuscode 200
Durchlauf 769 von 810, nutze Token CCfJpIkEypU5UsL9oStyA2t45Ij9KjyshcHC3M80. Statuscode 200
Durchlauf 770 von 810, nutze Token u2LcyOO1A3DlGxelWZ5HFTr70icoPeIZ9TUdVb8F. Statuscode 200
Durchlauf 771 von 810, nutze Token vE4PkUJ63fauM804zTZt84udFtD2k3n0hwEL2kgZ. Statuscode 200
Durchlauf 772 von 810, nutze Token 8p6epXK7Q2oaMlUV9pvWmgCPX2DRGrOM6uCb3sxc. Statuscode 200
Durchlauf 773 von 810, nutze Token WeFIPeC5wQ5RH6psWVLXlIjoErxtWfcTdPWXRa7Y. Statuscode 200
Durchlauf 774 von 810, nutze Token GAz0APuycy3IeGxjh6HJYVjlR6QaeAAIgNoAAFSs. Statuscode 200
Durchlauf 775 von 810, nutze Token HdMtVnzgssLuW9TwnbP6hECmeOaBJKyqo9s1Rnlf. Statuscode 200
Durchlauf 776 von 810, nutze Token sSoKyvrtUZFumcJdE29owmNABRcDSPDLFQIJRC4s. Statuscode 200
Durchlauf 777 von 810, nutze Token gwOgO9yiul1QOkEfypfXi2JAlE7ijvMfLpqvExpC. Statuscode 200
Durchlauf 778 von 810, nutze Token 774zURvtgF9yzDmdcCyXcJ0J27QOCagtaNyobput. Statuscode 200
Durchlauf 779 von 810, nutze Token UN3gEx3aHUvgoHaZJQZcDmy5L2QexYSoxrVQWxAT. Statuscode 200
Durchlauf 780 von 810, nutze Token 2uH1rFZ5LDZjBpoK6W3FlVeDNvHFWYwC1MpUgInT. Statuscode 200
Durchlauf 781 von 810, nutze Token 79PYhfMi4AywxtEAeaokExoGIBviU3ZVhYsRH4wK. Statuscode 200
Durchlauf 782 von 810, nutze Token BoPjMHJVaAWNbSeNqGr2G4LRgl9wMRJc4FxeOpEb. Statuscode 200
Durchlauf 783 von 810, nutze Token Tnumw2yxyVL9WtRHh0iEGzkDfLMG3U48FvYtiwnP. Statuscode 200
Durchlauf 784 von 810, nutze Token zXjYJXFAHd1l8aaBi3cecKjmIEvMEKeL8aXuEcXu. Statuscode 200
Durchlauf 785 von 810, nutze Token x9qC4n6poAYKZpfGUkvITAJCJATLc3VzggvO828X. Statuscode 200
Durchlauf 786 von 810, nutze Token 6Bld4eN43JRXe4xzwcvRIB5VnXgkEcEXg3T0ghMk. Statuscode 200
Durchlauf 787 von 810, nutze Token LfNWOn3dZBoLIbnpgenQuq0WMrl5SKfJIeqS85ci. Statuscode 200
Durchlauf 788 von 810, nutze Token HdjdGpVXVRpQQSIDd1JgDI8UkU0DUkrNy2EeSjrr. Statuscode 200
Durchlauf 789 von 810, nutze Token rSOgUFdOB0RREDYBUzOFwLN4bLKdPdNh0gqTx3qL. Statuscode 200
Durchlauf 790 von 810, nutze Token 2SbcgOIP3vmLpzariI13TBTml2E7t55BwoMgjfJF. Statuscode 200
Durchlauf 791 von 810, nutze Token 3nMkChVhDFpu3w4S1tI9ieQsf88M8kwi0ygF7Dws. Statuscode 200
Durchlauf 792 von 810, nutze Token xoU2NfJAdQX8AIcrnCsFodnIo9ITeXyJmI576byh. Statuscode 200
Durchlauf 793 von 810, nutze Token mYGWc7X6IyeVJ4g3Z3WDZEtpRpqgiTOZgoQtr93p. Statuscode 200
Durchlauf 794 von 810, nutze Token kBps4qBH6J1aTFEACMN42eBclBeZ5fLn0oeGVeDM. Statuscode 200
Durchlauf 795 von 810, nutze Token c3uVLxGdAGFfytd8sRxEinhMRI2jJy8IifHaBdrg. Statuscode 200
Durchlauf 796 von 810, nutze Token aLRGNHQGThRtxs0dAd7e6JSEH2ZOCMcQHm8looXa. Statuscode 200
Durchlauf 797 von 810, nutze Token ziw6bWaB0IcvTgjSd0VJJsgSE7IFbANtdXzfNhH5. Statuscode 200
Durchlauf 798 von 810, nutze Token 66CZXW7hrAERn1SmplLICU2P2UlfNoLO1nxHdIwo. Statuscode 200
Durchlauf 799 von 810, nutze Token Y3AgSFwYmtIHgJtcdFmN4TAUknY7OgwqzLQ9xcjz. Statuscode 200
Durchlauf 800 von 810, nutze Token uHTYkC6VXiuhVXnByNssIPgom87SJp74w2dg9pLu. Statuscode 200
Durchlauf 801 von 810, nutze Token rX8rfnX14v9cXoT8wmY1M0BBX2k3Nh1i1FKpGcBB. Statuscode 200
Durchlauf 802 von 810, nutze Token 8G2xr3n8pDJVckSH2Wjd3p8pByYosxwWBblMUrp6. Statuscode 200
Durchlauf 803 von 810, nutze Token zImGb2EZXnZa9GJ5Kf4GnE7hl3w3DCwuEJeyOxO3. Statuscode 200
Durchlauf 804 von 810, nutze Token Yl1llpKSyvYRSc960JQQ00YEXwKs5HTvgNjSgkYs. Statuscode 200
Durchlauf 805 von 810, nutze Token vaCGkbqK24hZZhmoR6epokIkjLVti5rWmJKYdmck. Statuscode 200
Durchlauf 806 von 810, nutze Token V5S30AFGo5ywTnVZ8Qxkz9xYf3xhBQUBIBjhNrTF. Statuscode 200
Durchlauf 807 von 810, nutze Token a7Wy7yBwUKVBoOBb5ly4hTafscd7h0BPO8foqmSQ. Statuscode 200
Durchlauf 808 von 810, nutze Token 9AwCWgxuQgWWbnYARlz41kqANxEH7Ryf0nWwtF4d. Statuscode 200
Durchlauf 809 von 810, nutze Token 550Vux9a9kjS7fK9oJppWmpoyPRHE4eom1c828Zu. Statuscode 200
Durchlauf 810 von 810, nutze Token HYhgTKdSnlGbqBQG2d3F7ulhvGrrIZwLVhrAc5U2. Statuscode 200
